[2.399s] Invoking command in '/home/simon/Documents/ARO/ros2_ws/build/examples_rclpy_minimal_client': PYTHONPATH=/home/simon/Documents/ARO/ros2_ws/build/examples_rclpy_minimal_client/prefix_override:/home/simon/Documents/ARO/ros2_ws/install/examples_rclpy_minimal_client/lib/python3.10/site-packages:${PYTHONPATH} /usr/bin/python3 setup.py develop --editable --build-directory /home/simon/Documents/ARO/ros2_ws/build/examples_rclpy_minimal_client/build --no-deps install_data
[2.733s] running develop
[2.934s] running egg_info
[2.934s] creating examples_rclpy_minimal_client.egg-info
[2.935s] writing examples_rclpy_minimal_client.egg-info/PKG-INFO
[2.935s] writing dependency_links to examples_rclpy_minimal_client.egg-info/dependency_links.txt
[2.935s] writing entry points to examples_rclpy_minimal_client.egg-info/entry_points.txt
[2.935s] writing requirements to examples_rclpy_minimal_client.egg-info/requires.txt
[2.935s] writing top-level names to examples_rclpy_minimal_client.egg-info/top_level.txt
[2.936s] writing manifest file 'examples_rclpy_minimal_client.egg-info/SOURCES.txt'
[2.938s] reading manifest file 'examples_rclpy_minimal_client.egg-info/SOURCES.txt'
[2.939s] writing manifest file 'examples_rclpy_minimal_client.egg-info/SOURCES.txt'
[2.940s] running build_ext
[2.941s] Creating /home/simon/Documents/ARO/ros2_ws/install/examples_rclpy_minimal_client/lib/python3.10/site-packages/examples-rclpy-minimal-client.egg-link (link to .)
[2.942s] Installing client script to /home/simon/Documents/ARO/ros2_ws/install/examples_rclpy_minimal_client/lib/examples_rclpy_minimal_client
[2.943s] Installing client_async script to /home/simon/Documents/ARO/ros2_ws/install/examples_rclpy_minimal_client/lib/examples_rclpy_minimal_client
[2.943s] Installing client_async_callback script to /home/simon/Documents/ARO/ros2_ws/install/examples_rclpy_minimal_client/lib/examples_rclpy_minimal_client
[2.943s] Installing client_async_member_function script to /home/simon/Documents/ARO/ros2_ws/install/examples_rclpy_minimal_client/lib/examples_rclpy_minimal_client
[2.944s] 
[2.944s] Installed /home/simon/Documents/ARO/ros2_ws/build/examples_rclpy_minimal_client
[2.944s] running install_data
[2.944s] creating /home/simon/Documents/ARO/ros2_ws/install/examples_rclpy_minimal_client/share/ament_index
[2.945s] creating /home/simon/Documents/ARO/ros2_ws/install/examples_rclpy_minimal_client/share/ament_index/resource_index
[2.945s] creating /home/simon/Documents/ARO/ros2_ws/install/examples_rclpy_minimal_client/share/ament_index/resource_index/packages
[2.945s] copying resource/examples_rclpy_minimal_client -> /home/simon/Documents/ARO/ros2_ws/install/examples_rclpy_minimal_client/share/ament_index/resource_index/packages
[2.945s] copying package.xml -> /home/simon/Documents/ARO/ros2_ws/install/examples_rclpy_minimal_client/share/examples_rclpy_minimal_client
[3.058s] Invoked command in '/home/simon/Documents/ARO/ros2_ws/build/examples_rclpy_minimal_client' returned '0': PYTHONPATH=/home/simon/Documents/ARO/ros2_ws/build/examples_rclpy_minimal_client/prefix_override:/home/simon/Documents/ARO/ros2_ws/install/examples_rclpy_minimal_client/lib/python3.10/site-packages:${PYTHONPATH} /usr/bin/python3 setup.py develop --editable --build-directory /home/simon/Documents/ARO/ros2_ws/build/examples_rclpy_minimal_client/build --no-deps install_data
