[2.246s] Invoking command in '/home/simon/Documents/ARO/ros2_ws/src/build/examples_rclpy_minimal_action_server': PYTHONPATH=/home/simon/Documents/ARO/ros2_ws/src/build/examples_rclpy_minimal_action_server/prefix_override:/home/simon/Documents/ARO/ros2_ws/src/install/examples_rclpy_minimal_action_server/lib/python3.10/site-packages:${PYTHONPATH} /usr/bin/python3 setup.py develop --editable --build-directory /home/simon/Documents/ARO/ros2_ws/src/build/examples_rclpy_minimal_action_server/build --no-deps install_data
[2.594s] running develop
[2.781s] running egg_info
[2.781s] creating examples_rclpy_minimal_action_server.egg-info
[2.782s] writing examples_rclpy_minimal_action_server.egg-info/PKG-INFO
[2.783s] writing dependency_links to examples_rclpy_minimal_action_server.egg-info/dependency_links.txt
[2.783s] writing entry points to examples_rclpy_minimal_action_server.egg-info/entry_points.txt
[2.783s] writing requirements to examples_rclpy_minimal_action_server.egg-info/requires.txt
[2.784s] writing top-level names to examples_rclpy_minimal_action_server.egg-info/top_level.txt
[2.784s] writing manifest file 'examples_rclpy_minimal_action_server.egg-info/SOURCES.txt'
[2.785s] reading manifest file 'examples_rclpy_minimal_action_server.egg-info/SOURCES.txt'
[2.786s] writing manifest file 'examples_rclpy_minimal_action_server.egg-info/SOURCES.txt'
[2.788s] running build_ext
[2.788s] Creating /home/simon/Documents/ARO/ros2_ws/src/install/examples_rclpy_minimal_action_server/lib/python3.10/site-packages/examples-rclpy-minimal-action-server.egg-link (link to .)
[2.790s] Installing server script to /home/simon/Documents/ARO/ros2_ws/src/install/examples_rclpy_minimal_action_server/lib/examples_rclpy_minimal_action_server
[2.791s] Installing server_defer script to /home/simon/Documents/ARO/ros2_ws/src/install/examples_rclpy_minimal_action_server/lib/examples_rclpy_minimal_action_server
[2.791s] Installing server_not_composable script to /home/simon/Documents/ARO/ros2_ws/src/install/examples_rclpy_minimal_action_server/lib/examples_rclpy_minimal_action_server
[2.791s] Installing server_queue_goals script to /home/simon/Documents/ARO/ros2_ws/src/install/examples_rclpy_minimal_action_server/lib/examples_rclpy_minimal_action_server
[2.791s] Installing server_single_goal script to /home/simon/Documents/ARO/ros2_ws/src/install/examples_rclpy_minimal_action_server/lib/examples_rclpy_minimal_action_server
[2.791s] 
[2.792s] Installed /home/simon/Documents/ARO/ros2_ws/src/build/examples_rclpy_minimal_action_server
[2.792s] running install_data
[2.792s] creating /home/simon/Documents/ARO/ros2_ws/src/install/examples_rclpy_minimal_action_server/share/ament_index
[2.792s] creating /home/simon/Documents/ARO/ros2_ws/src/install/examples_rclpy_minimal_action_server/share/ament_index/resource_index
[2.792s] creating /home/simon/Documents/ARO/ros2_ws/src/install/examples_rclpy_minimal_action_server/share/ament_index/resource_index/packages
[2.792s] copying resource/examples_rclpy_minimal_action_server -> /home/simon/Documents/ARO/ros2_ws/src/install/examples_rclpy_minimal_action_server/share/ament_index/resource_index/packages
[2.792s] copying package.xml -> /home/simon/Documents/ARO/ros2_ws/src/install/examples_rclpy_minimal_action_server/share/examples_rclpy_minimal_action_server
[2.891s] Invoked command in '/home/simon/Documents/ARO/ros2_ws/src/build/examples_rclpy_minimal_action_server' returned '0': PYTHONPATH=/home/simon/Documents/ARO/ros2_ws/src/build/examples_rclpy_minimal_action_server/prefix_override:/home/simon/Documents/ARO/ros2_ws/src/install/examples_rclpy_minimal_action_server/lib/python3.10/site-packages:${PYTHONPATH} /usr/bin/python3 setup.py develop --editable --build-directory /home/simon/Documents/ARO/ros2_ws/src/build/examples_rclpy_minimal_action_server/build --no-deps install_data
