[0.393s] DEBUG:colcon:Command line arguments: ['/usr/bin/colcon', 'list', '-p', '--base-paths', '/home/simon/Documents/ARO/ros2_ws']
[0.393s] DEBUG:colcon:Parsed command line arguments: Namespace(log_base=None, log_level=None, verb_name='list', build_base='build', ignore_user_meta=False, metas=['./colcon.meta'], base_paths=['/home/simon/Documents/ARO/ros2_ws'], packages_ignore=None, packages_ignore_regex=None, paths=None, packages_up_to=None, packages_up_to_regex=None, packages_above=None, packages_above_and_dependencies=None, packages_above_depth=None, packages_select_by_dep=None, packages_skip_by_dep=None, packages_skip_up_to=None, packages_select_build_failed=False, packages_skip_build_finished=False, packages_select_test_failures=False, packages_skip_test_passed=False, packages_select=None, packages_skip=None, packages_select_regex=None, packages_skip_regex=None, packages_start=None, packages_end=None, allow_overriding=[], topological_order=False, names_only=False, paths_only=True, topological_graph=False, topological_graph_dot=False, topological_graph_density=False, topological_graph_legend=False, topological_graph_dot_cluster=False, topological_graph_dot_include_skipped=False, verb_parser=<colcon_defaults.argument_parser.defaults.DefaultArgumentsDecorator object at 0x7f319fbbf580>, verb_extension=<colcon_package_information.verb.list.ListVerb object at 0x7f319faf5930>, main=<bound method ListVerb.main of <colcon_package_information.verb.list.ListVerb object at 0x7f319faf5930>>)
[0.453s] Level 1:colcon.colcon_core.package_discovery:discover_packages(colcon_meta) check parameters
[0.454s] Level 1:colcon.colcon_core.package_discovery:discover_packages(recursive) check parameters
[0.454s] Level 1:colcon.colcon_core.package_discovery:discover_packages(ignore) check parameters
[0.454s] Level 1:colcon.colcon_core.package_discovery:discover_packages(path) check parameters
[0.454s] Level 1:colcon.colcon_core.package_discovery:discover_packages(recursive) discover
[0.454s] INFO:colcon.colcon_core.package_discovery:Crawling recursively for packages in '/home/simon/Documents/ARO/ros2_ws'
[0.454s] Level 1:colcon.colcon_core.package_identification:_identify(/home/simon/Documents/ARO/ros2_ws) by extensions ['ignore', 'ignore_ament_install']
[0.454s] Level 1:colcon.colcon_core.package_identification:_identify(/home/simon/Documents/ARO/ros2_ws) by extension 'ignore'
[0.454s] Level 1:colcon.colcon_core.package_identification:_identify(/home/simon/Documents/ARO/ros2_ws) by extension 'ignore_ament_install'
[0.454s] Level 1:colcon.colcon_core.package_identification:_identify(/home/simon/Documents/ARO/ros2_ws) by extensions ['colcon_pkg']
[0.454s] Level 1:colcon.colcon_core.package_identification:_identify(/home/simon/Documents/ARO/ros2_ws) by extension 'colcon_pkg'
[0.454s] Level 1:colcon.colcon_core.package_identification:_identify(/home/simon/Documents/ARO/ros2_ws) by extensions ['colcon_meta']
[0.454s] Level 1:colcon.colcon_core.package_identification:_identify(/home/simon/Documents/ARO/ros2_ws) by extension 'colcon_meta'
[0.454s] Level 1:colcon.colcon_core.package_identification:_identify(/home/simon/Documents/ARO/ros2_ws) by extensions ['ros']
[0.454s] Level 1:colcon.colcon_core.package_identification:_identify(/home/simon/Documents/ARO/ros2_ws) by extension 'ros'
[0.470s] Level 1:colcon.colcon_core.package_identification:_identify(/home/simon/Documents/ARO/ros2_ws) by extensions ['cmake', 'python']
[0.470s] Level 1:colcon.colcon_core.package_identification:_identify(/home/simon/Documents/ARO/ros2_ws) by extension 'cmake'
[0.470s] Level 1:colcon.colcon_core.package_identification:_identify(/home/simon/Documents/ARO/ros2_ws) by extension 'python'
[0.470s] Level 1:colcon.colcon_core.package_identification:_identify(/home/simon/Documents/ARO/ros2_ws) by extensions ['python_setup_py']
[0.470s] Level 1:colcon.colcon_core.package_identification:_identify(/home/simon/Documents/ARO/ros2_ws) by extension 'python_setup_py'
[0.470s] Level 1:colcon.colcon_core.package_identification:_identify(/home/simon/Documents/ARO/ros2_ws/build) by extensions ['ignore', 'ignore_ament_install']
[0.471s] Level 1:colcon.colcon_core.package_identification:_identify(/home/simon/Documents/ARO/ros2_ws/build) by extension 'ignore'
[0.471s] Level 1:colcon.colcon_core.package_identification:_identify(/home/simon/Documents/ARO/ros2_ws/build) ignored
[0.471s] Level 1:colcon.colcon_core.package_identification:_identify(/home/simon/Documents/ARO/ros2_ws/install) by extensions ['ignore', 'ignore_ament_install']
[0.471s] Level 1:colcon.colcon_core.package_identification:_identify(/home/simon/Documents/ARO/ros2_ws/install) by extension 'ignore'
[0.471s] Level 1:colcon.colcon_core.package_identification:_identify(/home/simon/Documents/ARO/ros2_ws/install) ignored
[0.471s] Level 1:colcon.colcon_core.package_identification:_identify(/home/simon/Documents/ARO/ros2_ws/log) by extensions ['ignore', 'ignore_ament_install']
[0.471s] Level 1:colcon.colcon_core.package_identification:_identify(/home/simon/Documents/ARO/ros2_ws/log) by extension 'ignore'
[0.471s] Level 1:colcon.colcon_core.package_identification:_identify(/home/simon/Documents/ARO/ros2_ws/log) ignored
[0.471s] Level 1:colcon.colcon_core.package_identification:_identify(/home/simon/Documents/ARO/ros2_ws/src) by extensions ['ignore', 'ignore_ament_install']
[0.471s] Level 1:colcon.colcon_core.package_identification:_identify(/home/simon/Documents/ARO/ros2_ws/src) by extension 'ignore'
[0.472s] Level 1:colcon.colcon_core.package_identification:_identify(/home/simon/Documents/ARO/ros2_ws/src) by extension 'ignore_ament_install'
[0.472s] Level 1:colcon.colcon_core.package_identification:_identify(/home/simon/Documents/ARO/ros2_ws/src) by extensions ['colcon_pkg']
[0.472s] Level 1:colcon.colcon_core.package_identification:_identify(/home/simon/Documents/ARO/ros2_ws/src) by extension 'colcon_pkg'
[0.472s] Level 1:colcon.colcon_core.package_identification:_identify(/home/simon/Documents/ARO/ros2_ws/src) by extensions ['colcon_meta']
[0.472s] Level 1:colcon.colcon_core.package_identification:_identify(/home/simon/Documents/ARO/ros2_ws/src) by extension 'colcon_meta'
[0.472s] Level 1:colcon.colcon_core.package_identification:_identify(/home/simon/Documents/ARO/ros2_ws/src) by extensions ['ros']
[0.472s] Level 1:colcon.colcon_core.package_identification:_identify(/home/simon/Documents/ARO/ros2_ws/src) by extension 'ros'
[0.472s] Level 1:colcon.colcon_core.package_identification:_identify(/home/simon/Documents/ARO/ros2_ws/src) by extensions ['cmake', 'python']
[0.472s] Level 1:colcon.colcon_core.package_identification:_identify(/home/simon/Documents/ARO/ros2_ws/src) by extension 'cmake'
[0.472s] Level 1:colcon.colcon_core.package_identification:_identify(/home/simon/Documents/ARO/ros2_ws/src) by extension 'python'
[0.472s] Level 1:colcon.colcon_core.package_identification:_identify(/home/simon/Documents/ARO/ros2_ws/src) by extensions ['python_setup_py']
[0.472s] Level 1:colcon.colcon_core.package_identification:_identify(/home/simon/Documents/ARO/ros2_ws/src) by extension 'python_setup_py'
[0.472s] Level 1:colcon.colcon_core.package_identification:_identify(/home/simon/Documents/ARO/ros2_ws/src/ROS2_examples) by extensions ['ignore', 'ignore_ament_install']
[0.472s] Level 1:colcon.colcon_core.package_identification:_identify(/home/simon/Documents/ARO/ros2_ws/src/ROS2_examples) by extension 'ignore'
[0.472s] Level 1:colcon.colcon_core.package_identification:_identify(/home/simon/Documents/ARO/ros2_ws/src/ROS2_examples) by extension 'ignore_ament_install'
[0.472s] Level 1:colcon.colcon_core.package_identification:_identify(/home/simon/Documents/ARO/ros2_ws/src/ROS2_examples) by extensions ['colcon_pkg']
[0.473s] Level 1:colcon.colcon_core.package_identification:_identify(/home/simon/Documents/ARO/ros2_ws/src/ROS2_examples) by extension 'colcon_pkg'
[0.473s] Level 1:colcon.colcon_core.package_identification:_identify(/home/simon/Documents/ARO/ros2_ws/src/ROS2_examples) by extensions ['colcon_meta']
[0.473s] Level 1:colcon.colcon_core.package_identification:_identify(/home/simon/Documents/ARO/ros2_ws/src/ROS2_examples) by extension 'colcon_meta'
[0.473s] Level 1:colcon.colcon_core.package_identification:_identify(/home/simon/Documents/ARO/ros2_ws/src/ROS2_examples) by extensions ['ros']
[0.473s] Level 1:colcon.colcon_core.package_identification:_identify(/home/simon/Documents/ARO/ros2_ws/src/ROS2_examples) by extension 'ros'
[0.473s] Level 1:colcon.colcon_core.package_identification:_identify(/home/simon/Documents/ARO/ros2_ws/src/ROS2_examples) by extensions ['cmake', 'python']
[0.473s] Level 1:colcon.colcon_core.package_identification:_identify(/home/simon/Documents/ARO/ros2_ws/src/ROS2_examples) by extension 'cmake'
[0.473s] Level 1:colcon.colcon_core.package_identification:_identify(/home/simon/Documents/ARO/ros2_ws/src/ROS2_examples) by extension 'python'
[0.473s] Level 1:colcon.colcon_core.package_identification:_identify(/home/simon/Documents/ARO/ros2_ws/src/ROS2_examples) by extensions ['python_setup_py']
[0.473s] Level 1:colcon.colcon_core.package_identification:_identify(/home/simon/Documents/ARO/ros2_ws/src/ROS2_examples) by extension 'python_setup_py'
[0.473s] Level 1:colcon.colcon_core.package_identification:_identify(/home/simon/Documents/ARO/ros2_ws/src/ROS2_examples/launch_testing) by extensions ['ignore', 'ignore_ament_install']
[0.473s] Level 1:colcon.colcon_core.package_identification:_identify(/home/simon/Documents/ARO/ros2_ws/src/ROS2_examples/launch_testing) by extension 'ignore'
[0.473s] Level 1:colcon.colcon_core.package_identification:_identify(/home/simon/Documents/ARO/ros2_ws/src/ROS2_examples/launch_testing) by extension 'ignore_ament_install'
[0.473s] Level 1:colcon.colcon_core.package_identification:_identify(/home/simon/Documents/ARO/ros2_ws/src/ROS2_examples/launch_testing) by extensions ['colcon_pkg']
[0.473s] Level 1:colcon.colcon_core.package_identification:_identify(/home/simon/Documents/ARO/ros2_ws/src/ROS2_examples/launch_testing) by extension 'colcon_pkg'
[0.474s] Level 1:colcon.colcon_core.package_identification:_identify(/home/simon/Documents/ARO/ros2_ws/src/ROS2_examples/launch_testing) by extensions ['colcon_meta']
[0.474s] Level 1:colcon.colcon_core.package_identification:_identify(/home/simon/Documents/ARO/ros2_ws/src/ROS2_examples/launch_testing) by extension 'colcon_meta'
[0.474s] Level 1:colcon.colcon_core.package_identification:_identify(/home/simon/Documents/ARO/ros2_ws/src/ROS2_examples/launch_testing) by extensions ['ros']
[0.474s] Level 1:colcon.colcon_core.package_identification:_identify(/home/simon/Documents/ARO/ros2_ws/src/ROS2_examples/launch_testing) by extension 'ros'
[0.474s] Level 1:colcon.colcon_core.package_identification:_identify(/home/simon/Documents/ARO/ros2_ws/src/ROS2_examples/launch_testing) by extensions ['cmake', 'python']
[0.474s] Level 1:colcon.colcon_core.package_identification:_identify(/home/simon/Documents/ARO/ros2_ws/src/ROS2_examples/launch_testing) by extension 'cmake'
[0.474s] Level 1:colcon.colcon_core.package_identification:_identify(/home/simon/Documents/ARO/ros2_ws/src/ROS2_examples/launch_testing) by extension 'python'
[0.474s] Level 1:colcon.colcon_core.package_identification:_identify(/home/simon/Documents/ARO/ros2_ws/src/ROS2_examples/launch_testing) by extensions ['python_setup_py']
[0.474s] Level 1:colcon.colcon_core.package_identification:_identify(/home/simon/Documents/ARO/ros2_ws/src/ROS2_examples/launch_testing) by extension 'python_setup_py'
[0.474s] Level 1:colcon.colcon_core.package_identification:_identify(/home/simon/Documents/ARO/ros2_ws/src/ROS2_examples/launch_testing/launch_testing_examples) by extensions ['ignore', 'ignore_ament_install']
[0.474s] Level 1:colcon.colcon_core.package_identification:_identify(/home/simon/Documents/ARO/ros2_ws/src/ROS2_examples/launch_testing/launch_testing_examples) by extension 'ignore'
[0.474s] Level 1:colcon.colcon_core.package_identification:_identify(/home/simon/Documents/ARO/ros2_ws/src/ROS2_examples/launch_testing/launch_testing_examples) by extension 'ignore_ament_install'
[0.474s] Level 1:colcon.colcon_core.package_identification:_identify(/home/simon/Documents/ARO/ros2_ws/src/ROS2_examples/launch_testing/launch_testing_examples) by extensions ['colcon_pkg']
[0.475s] Level 1:colcon.colcon_core.package_identification:_identify(/home/simon/Documents/ARO/ros2_ws/src/ROS2_examples/launch_testing/launch_testing_examples) by extension 'colcon_pkg'
[0.475s] Level 1:colcon.colcon_core.package_identification:_identify(/home/simon/Documents/ARO/ros2_ws/src/ROS2_examples/launch_testing/launch_testing_examples) by extensions ['colcon_meta']
[0.475s] Level 1:colcon.colcon_core.package_identification:_identify(/home/simon/Documents/ARO/ros2_ws/src/ROS2_examples/launch_testing/launch_testing_examples) by extension 'colcon_meta'
[0.475s] Level 1:colcon.colcon_core.package_identification:_identify(/home/simon/Documents/ARO/ros2_ws/src/ROS2_examples/launch_testing/launch_testing_examples) by extensions ['ros']
[0.475s] Level 1:colcon.colcon_core.package_identification:_identify(/home/simon/Documents/ARO/ros2_ws/src/ROS2_examples/launch_testing/launch_testing_examples) by extension 'ros'
[0.479s] DEBUG:colcon.colcon_core.package_identification:Package '/home/simon/Documents/ARO/ros2_ws/src/ROS2_examples/launch_testing/launch_testing_examples' with type 'ros.ament_python' and name 'launch_testing_examples'
[0.479s] Level 1:colcon.colcon_core.package_identification:_identify(/home/simon/Documents/ARO/ros2_ws/src/ROS2_examples/rclpy) by extensions ['ignore', 'ignore_ament_install']
[0.479s] Level 1:colcon.colcon_core.package_identification:_identify(/home/simon/Documents/ARO/ros2_ws/src/ROS2_examples/rclpy) by extension 'ignore'
[0.479s] Level 1:colcon.colcon_core.package_identification:_identify(/home/simon/Documents/ARO/ros2_ws/src/ROS2_examples/rclpy) by extension 'ignore_ament_install'
[0.480s] Level 1:colcon.colcon_core.package_identification:_identify(/home/simon/Documents/ARO/ros2_ws/src/ROS2_examples/rclpy) by extensions ['colcon_pkg']
[0.480s] Level 1:colcon.colcon_core.package_identification:_identify(/home/simon/Documents/ARO/ros2_ws/src/ROS2_examples/rclpy) by extension 'colcon_pkg'
[0.480s] Level 1:colcon.colcon_core.package_identification:_identify(/home/simon/Documents/ARO/ros2_ws/src/ROS2_examples/rclpy) by extensions ['colcon_meta']
[0.480s] Level 1:colcon.colcon_core.package_identification:_identify(/home/simon/Documents/ARO/ros2_ws/src/ROS2_examples/rclpy) by extension 'colcon_meta'
[0.480s] Level 1:colcon.colcon_core.package_identification:_identify(/home/simon/Documents/ARO/ros2_ws/src/ROS2_examples/rclpy) by extensions ['ros']
[0.480s] Level 1:colcon.colcon_core.package_identification:_identify(/home/simon/Documents/ARO/ros2_ws/src/ROS2_examples/rclpy) by extension 'ros'
[0.480s] Level 1:colcon.colcon_core.package_identification:_identify(/home/simon/Documents/ARO/ros2_ws/src/ROS2_examples/rclpy) by extensions ['cmake', 'python']
[0.480s] Level 1:colcon.colcon_core.package_identification:_identify(/home/simon/Documents/ARO/ros2_ws/src/ROS2_examples/rclpy) by extension 'cmake'
[0.480s] Level 1:colcon.colcon_core.package_identification:_identify(/home/simon/Documents/ARO/ros2_ws/src/ROS2_examples/rclpy) by extension 'python'
[0.480s] Level 1:colcon.colcon_core.package_identification:_identify(/home/simon/Documents/ARO/ros2_ws/src/ROS2_examples/rclpy) by extensions ['python_setup_py']
[0.480s] Level 1:colcon.colcon_core.package_identification:_identify(/home/simon/Documents/ARO/ros2_ws/src/ROS2_examples/rclpy) by extension 'python_setup_py'
[0.480s] Level 1:colcon.colcon_core.package_identification:_identify(/home/simon/Documents/ARO/ros2_ws/src/ROS2_examples/rclpy/actions) by extensions ['ignore', 'ignore_ament_install']
[0.480s] Level 1:colcon.colcon_core.package_identification:_identify(/home/simon/Documents/ARO/ros2_ws/src/ROS2_examples/rclpy/actions) by extension 'ignore'
[0.480s] Level 1:colcon.colcon_core.package_identification:_identify(/home/simon/Documents/ARO/ros2_ws/src/ROS2_examples/rclpy/actions) by extension 'ignore_ament_install'
[0.481s] Level 1:colcon.colcon_core.package_identification:_identify(/home/simon/Documents/ARO/ros2_ws/src/ROS2_examples/rclpy/actions) by extensions ['colcon_pkg']
[0.481s] Level 1:colcon.colcon_core.package_identification:_identify(/home/simon/Documents/ARO/ros2_ws/src/ROS2_examples/rclpy/actions) by extension 'colcon_pkg'
[0.481s] Level 1:colcon.colcon_core.package_identification:_identify(/home/simon/Documents/ARO/ros2_ws/src/ROS2_examples/rclpy/actions) by extensions ['colcon_meta']
[0.481s] Level 1:colcon.colcon_core.package_identification:_identify(/home/simon/Documents/ARO/ros2_ws/src/ROS2_examples/rclpy/actions) by extension 'colcon_meta'
[0.481s] Level 1:colcon.colcon_core.package_identification:_identify(/home/simon/Documents/ARO/ros2_ws/src/ROS2_examples/rclpy/actions) by extensions ['ros']
[0.481s] Level 1:colcon.colcon_core.package_identification:_identify(/home/simon/Documents/ARO/ros2_ws/src/ROS2_examples/rclpy/actions) by extension 'ros'
[0.481s] Level 1:colcon.colcon_core.package_identification:_identify(/home/simon/Documents/ARO/ros2_ws/src/ROS2_examples/rclpy/actions) by extensions ['cmake', 'python']
[0.481s] Level 1:colcon.colcon_core.package_identification:_identify(/home/simon/Documents/ARO/ros2_ws/src/ROS2_examples/rclpy/actions) by extension 'cmake'
[0.481s] Level 1:colcon.colcon_core.package_identification:_identify(/home/simon/Documents/ARO/ros2_ws/src/ROS2_examples/rclpy/actions) by extension 'python'
[0.481s] Level 1:colcon.colcon_core.package_identification:_identify(/home/simon/Documents/ARO/ros2_ws/src/ROS2_examples/rclpy/actions) by extensions ['python_setup_py']
[0.481s] Level 1:colcon.colcon_core.package_identification:_identify(/home/simon/Documents/ARO/ros2_ws/src/ROS2_examples/rclpy/actions) by extension 'python_setup_py'
[0.481s] Level 1:colcon.colcon_core.package_identification:_identify(/home/simon/Documents/ARO/ros2_ws/src/ROS2_examples/rclpy/actions/minimal_action_client) by extensions ['ignore', 'ignore_ament_install']
[0.482s] Level 1:colcon.colcon_core.package_identification:_identify(/home/simon/Documents/ARO/ros2_ws/src/ROS2_examples/rclpy/actions/minimal_action_client) by extension 'ignore'
[0.482s] Level 1:colcon.colcon_core.package_identification:_identify(/home/simon/Documents/ARO/ros2_ws/src/ROS2_examples/rclpy/actions/minimal_action_client) by extension 'ignore_ament_install'
[0.482s] Level 1:colcon.colcon_core.package_identification:_identify(/home/simon/Documents/ARO/ros2_ws/src/ROS2_examples/rclpy/actions/minimal_action_client) by extensions ['colcon_pkg']
[0.482s] Level 1:colcon.colcon_core.package_identification:_identify(/home/simon/Documents/ARO/ros2_ws/src/ROS2_examples/rclpy/actions/minimal_action_client) by extension 'colcon_pkg'
[0.482s] Level 1:colcon.colcon_core.package_identification:_identify(/home/simon/Documents/ARO/ros2_ws/src/ROS2_examples/rclpy/actions/minimal_action_client) by extensions ['colcon_meta']
[0.482s] Level 1:colcon.colcon_core.package_identification:_identify(/home/simon/Documents/ARO/ros2_ws/src/ROS2_examples/rclpy/actions/minimal_action_client) by extension 'colcon_meta'
[0.482s] Level 1:colcon.colcon_core.package_identification:_identify(/home/simon/Documents/ARO/ros2_ws/src/ROS2_examples/rclpy/actions/minimal_action_client) by extensions ['ros']
[0.482s] Level 1:colcon.colcon_core.package_identification:_identify(/home/simon/Documents/ARO/ros2_ws/src/ROS2_examples/rclpy/actions/minimal_action_client) by extension 'ros'
[0.483s] DEBUG:colcon.colcon_core.package_identification:Package '/home/simon/Documents/ARO/ros2_ws/src/ROS2_examples/rclpy/actions/minimal_action_client' with type 'ros.ament_python' and name 'examples_rclpy_minimal_action_client'
[0.483s] Level 1:colcon.colcon_core.package_identification:_identify(/home/simon/Documents/ARO/ros2_ws/src/ROS2_examples/rclpy/actions/minimal_action_server) by extensions ['ignore', 'ignore_ament_install']
[0.483s] Level 1:colcon.colcon_core.package_identification:_identify(/home/simon/Documents/ARO/ros2_ws/src/ROS2_examples/rclpy/actions/minimal_action_server) by extension 'ignore'
[0.483s] Level 1:colcon.colcon_core.package_identification:_identify(/home/simon/Documents/ARO/ros2_ws/src/ROS2_examples/rclpy/actions/minimal_action_server) by extension 'ignore_ament_install'
[0.483s] Level 1:colcon.colcon_core.package_identification:_identify(/home/simon/Documents/ARO/ros2_ws/src/ROS2_examples/rclpy/actions/minimal_action_server) by extensions ['colcon_pkg']
[0.483s] Level 1:colcon.colcon_core.package_identification:_identify(/home/simon/Documents/ARO/ros2_ws/src/ROS2_examples/rclpy/actions/minimal_action_server) by extension 'colcon_pkg'
[0.484s] Level 1:colcon.colcon_core.package_identification:_identify(/home/simon/Documents/ARO/ros2_ws/src/ROS2_examples/rclpy/actions/minimal_action_server) by extensions ['colcon_meta']
[0.484s] Level 1:colcon.colcon_core.package_identification:_identify(/home/simon/Documents/ARO/ros2_ws/src/ROS2_examples/rclpy/actions/minimal_action_server) by extension 'colcon_meta'
[0.484s] Level 1:colcon.colcon_core.package_identification:_identify(/home/simon/Documents/ARO/ros2_ws/src/ROS2_examples/rclpy/actions/minimal_action_server) by extensions ['ros']
[0.484s] Level 1:colcon.colcon_core.package_identification:_identify(/home/simon/Documents/ARO/ros2_ws/src/ROS2_examples/rclpy/actions/minimal_action_server) by extension 'ros'
[0.485s] DEBUG:colcon.colcon_core.package_identification:Package '/home/simon/Documents/ARO/ros2_ws/src/ROS2_examples/rclpy/actions/minimal_action_server' with type 'ros.ament_python' and name 'examples_rclpy_minimal_action_server'
[0.485s] Level 1:colcon.colcon_core.package_identification:_identify(/home/simon/Documents/ARO/ros2_ws/src/ROS2_examples/rclpy/services) by extensions ['ignore', 'ignore_ament_install']
[0.485s] Level 1:colcon.colcon_core.package_identification:_identify(/home/simon/Documents/ARO/ros2_ws/src/ROS2_examples/rclpy/services) by extension 'ignore'
[0.485s] Level 1:colcon.colcon_core.package_identification:_identify(/home/simon/Documents/ARO/ros2_ws/src/ROS2_examples/rclpy/services) by extension 'ignore_ament_install'
[0.485s] Level 1:colcon.colcon_core.package_identification:_identify(/home/simon/Documents/ARO/ros2_ws/src/ROS2_examples/rclpy/services) by extensions ['colcon_pkg']
[0.485s] Level 1:colcon.colcon_core.package_identification:_identify(/home/simon/Documents/ARO/ros2_ws/src/ROS2_examples/rclpy/services) by extension 'colcon_pkg'
[0.485s] Level 1:colcon.colcon_core.package_identification:_identify(/home/simon/Documents/ARO/ros2_ws/src/ROS2_examples/rclpy/services) by extensions ['colcon_meta']
[0.485s] Level 1:colcon.colcon_core.package_identification:_identify(/home/simon/Documents/ARO/ros2_ws/src/ROS2_examples/rclpy/services) by extension 'colcon_meta'
[0.485s] Level 1:colcon.colcon_core.package_identification:_identify(/home/simon/Documents/ARO/ros2_ws/src/ROS2_examples/rclpy/services) by extensions ['ros']
[0.485s] Level 1:colcon.colcon_core.package_identification:_identify(/home/simon/Documents/ARO/ros2_ws/src/ROS2_examples/rclpy/services) by extension 'ros'
[0.485s] Level 1:colcon.colcon_core.package_identification:_identify(/home/simon/Documents/ARO/ros2_ws/src/ROS2_examples/rclpy/services) by extensions ['cmake', 'python']
[0.485s] Level 1:colcon.colcon_core.package_identification:_identify(/home/simon/Documents/ARO/ros2_ws/src/ROS2_examples/rclpy/services) by extension 'cmake'
[0.485s] Level 1:colcon.colcon_core.package_identification:_identify(/home/simon/Documents/ARO/ros2_ws/src/ROS2_examples/rclpy/services) by extension 'python'
[0.486s] Level 1:colcon.colcon_core.package_identification:_identify(/home/simon/Documents/ARO/ros2_ws/src/ROS2_examples/rclpy/services) by extensions ['python_setup_py']
[0.486s] Level 1:colcon.colcon_core.package_identification:_identify(/home/simon/Documents/ARO/ros2_ws/src/ROS2_examples/rclpy/services) by extension 'python_setup_py'
[0.486s] Level 1:colcon.colcon_core.package_identification:_identify(/home/simon/Documents/ARO/ros2_ws/src/ROS2_examples/rclpy/services/minimal_client) by extensions ['ignore', 'ignore_ament_install']
[0.486s] Level 1:colcon.colcon_core.package_identification:_identify(/home/simon/Documents/ARO/ros2_ws/src/ROS2_examples/rclpy/services/minimal_client) by extension 'ignore'
[0.486s] Level 1:colcon.colcon_core.package_identification:_identify(/home/simon/Documents/ARO/ros2_ws/src/ROS2_examples/rclpy/services/minimal_client) by extension 'ignore_ament_install'
[0.486s] Level 1:colcon.colcon_core.package_identification:_identify(/home/simon/Documents/ARO/ros2_ws/src/ROS2_examples/rclpy/services/minimal_client) by extensions ['colcon_pkg']
[0.486s] Level 1:colcon.colcon_core.package_identification:_identify(/home/simon/Documents/ARO/ros2_ws/src/ROS2_examples/rclpy/services/minimal_client) by extension 'colcon_pkg'
[0.486s] Level 1:colcon.colcon_core.package_identification:_identify(/home/simon/Documents/ARO/ros2_ws/src/ROS2_examples/rclpy/services/minimal_client) by extensions ['colcon_meta']
[0.486s] Level 1:colcon.colcon_core.package_identification:_identify(/home/simon/Documents/ARO/ros2_ws/src/ROS2_examples/rclpy/services/minimal_client) by extension 'colcon_meta'
[0.486s] Level 1:colcon.colcon_core.package_identification:_identify(/home/simon/Documents/ARO/ros2_ws/src/ROS2_examples/rclpy/services/minimal_client) by extensions ['ros']
[0.486s] Level 1:colcon.colcon_core.package_identification:_identify(/home/simon/Documents/ARO/ros2_ws/src/ROS2_examples/rclpy/services/minimal_client) by extension 'ros'
[0.487s] DEBUG:colcon.colcon_core.package_identification:Package '/home/simon/Documents/ARO/ros2_ws/src/ROS2_examples/rclpy/services/minimal_client' with type 'ros.ament_python' and name 'examples_rclpy_minimal_client'
[0.487s] Level 1:colcon.colcon_core.package_identification:_identify(/home/simon/Documents/ARO/ros2_ws/src/ROS2_examples/rclpy/services/minimal_service) by extensions ['ignore', 'ignore_ament_install']
[0.488s] Level 1:colcon.colcon_core.package_identification:_identify(/home/simon/Documents/ARO/ros2_ws/src/ROS2_examples/rclpy/services/minimal_service) by extension 'ignore'
[0.488s] Level 1:colcon.colcon_core.package_identification:_identify(/home/simon/Documents/ARO/ros2_ws/src/ROS2_examples/rclpy/services/minimal_service) by extension 'ignore_ament_install'
[0.488s] Level 1:colcon.colcon_core.package_identification:_identify(/home/simon/Documents/ARO/ros2_ws/src/ROS2_examples/rclpy/services/minimal_service) by extensions ['colcon_pkg']
[0.488s] Level 1:colcon.colcon_core.package_identification:_identify(/home/simon/Documents/ARO/ros2_ws/src/ROS2_examples/rclpy/services/minimal_service) by extension 'colcon_pkg'
[0.488s] Level 1:colcon.colcon_core.package_identification:_identify(/home/simon/Documents/ARO/ros2_ws/src/ROS2_examples/rclpy/services/minimal_service) by extensions ['colcon_meta']
[0.488s] Level 1:colcon.colcon_core.package_identification:_identify(/home/simon/Documents/ARO/ros2_ws/src/ROS2_examples/rclpy/services/minimal_service) by extension 'colcon_meta'
[0.488s] Level 1:colcon.colcon_core.package_identification:_identify(/home/simon/Documents/ARO/ros2_ws/src/ROS2_examples/rclpy/services/minimal_service) by extensions ['ros']
[0.488s] Level 1:colcon.colcon_core.package_identification:_identify(/home/simon/Documents/ARO/ros2_ws/src/ROS2_examples/rclpy/services/minimal_service) by extension 'ros'
[0.489s] DEBUG:colcon.colcon_core.package_identification:Package '/home/simon/Documents/ARO/ros2_ws/src/ROS2_examples/rclpy/services/minimal_service' with type 'ros.ament_python' and name 'examples_rclpy_minimal_service'
[0.490s] Level 1:colcon.colcon_core.package_identification:_identify(/home/simon/Documents/ARO/ros2_ws/src/ROS2_examples/rclpy/topics) by extensions ['ignore', 'ignore_ament_install']
[0.490s] Level 1:colcon.colcon_core.package_identification:_identify(/home/simon/Documents/ARO/ros2_ws/src/ROS2_examples/rclpy/topics) by extension 'ignore'
[0.490s] Level 1:colcon.colcon_core.package_identification:_identify(/home/simon/Documents/ARO/ros2_ws/src/ROS2_examples/rclpy/topics) by extension 'ignore_ament_install'
[0.490s] Level 1:colcon.colcon_core.package_identification:_identify(/home/simon/Documents/ARO/ros2_ws/src/ROS2_examples/rclpy/topics) by extensions ['colcon_pkg']
[0.490s] Level 1:colcon.colcon_core.package_identification:_identify(/home/simon/Documents/ARO/ros2_ws/src/ROS2_examples/rclpy/topics) by extension 'colcon_pkg'
[0.490s] Level 1:colcon.colcon_core.package_identification:_identify(/home/simon/Documents/ARO/ros2_ws/src/ROS2_examples/rclpy/topics) by extensions ['colcon_meta']
[0.490s] Level 1:colcon.colcon_core.package_identification:_identify(/home/simon/Documents/ARO/ros2_ws/src/ROS2_examples/rclpy/topics) by extension 'colcon_meta'
[0.490s] Level 1:colcon.colcon_core.package_identification:_identify(/home/simon/Documents/ARO/ros2_ws/src/ROS2_examples/rclpy/topics) by extensions ['ros']
[0.490s] Level 1:colcon.colcon_core.package_identification:_identify(/home/simon/Documents/ARO/ros2_ws/src/ROS2_examples/rclpy/topics) by extension 'ros'
[0.490s] Level 1:colcon.colcon_core.package_identification:_identify(/home/simon/Documents/ARO/ros2_ws/src/ROS2_examples/rclpy/topics) by extensions ['cmake', 'python']
[0.491s] Level 1:colcon.colcon_core.package_identification:_identify(/home/simon/Documents/ARO/ros2_ws/src/ROS2_examples/rclpy/topics) by extension 'cmake'
[0.491s] Level 1:colcon.colcon_core.package_identification:_identify(/home/simon/Documents/ARO/ros2_ws/src/ROS2_examples/rclpy/topics) by extension 'python'
[0.491s] Level 1:colcon.colcon_core.package_identification:_identify(/home/simon/Documents/ARO/ros2_ws/src/ROS2_examples/rclpy/topics) by extensions ['python_setup_py']
[0.491s] Level 1:colcon.colcon_core.package_identification:_identify(/home/simon/Documents/ARO/ros2_ws/src/ROS2_examples/rclpy/topics) by extension 'python_setup_py'
[0.491s] Level 1:colcon.colcon_core.package_identification:_identify(/home/simon/Documents/ARO/ros2_ws/src/ROS2_examples/rclpy/topics/minimal_publisher) by extensions ['ignore', 'ignore_ament_install']
[0.491s] Level 1:colcon.colcon_core.package_identification:_identify(/home/simon/Documents/ARO/ros2_ws/src/ROS2_examples/rclpy/topics/minimal_publisher) by extension 'ignore'
[0.491s] Level 1:colcon.colcon_core.package_identification:_identify(/home/simon/Documents/ARO/ros2_ws/src/ROS2_examples/rclpy/topics/minimal_publisher) by extension 'ignore_ament_install'
[0.491s] Level 1:colcon.colcon_core.package_identification:_identify(/home/simon/Documents/ARO/ros2_ws/src/ROS2_examples/rclpy/topics/minimal_publisher) by extensions ['colcon_pkg']
[0.492s] Level 1:colcon.colcon_core.package_identification:_identify(/home/simon/Documents/ARO/ros2_ws/src/ROS2_examples/rclpy/topics/minimal_publisher) by extension 'colcon_pkg'
[0.492s] Level 1:colcon.colcon_core.package_identification:_identify(/home/simon/Documents/ARO/ros2_ws/src/ROS2_examples/rclpy/topics/minimal_publisher) by extensions ['colcon_meta']
[0.492s] Level 1:colcon.colcon_core.package_identification:_identify(/home/simon/Documents/ARO/ros2_ws/src/ROS2_examples/rclpy/topics/minimal_publisher) by extension 'colcon_meta'
[0.492s] Level 1:colcon.colcon_core.package_identification:_identify(/home/simon/Documents/ARO/ros2_ws/src/ROS2_examples/rclpy/topics/minimal_publisher) by extensions ['ros']
[0.492s] Level 1:colcon.colcon_core.package_identification:_identify(/home/simon/Documents/ARO/ros2_ws/src/ROS2_examples/rclpy/topics/minimal_publisher) by extension 'ros'
[0.493s] DEBUG:colcon.colcon_core.package_identification:Package '/home/simon/Documents/ARO/ros2_ws/src/ROS2_examples/rclpy/topics/minimal_publisher' with type 'ros.ament_python' and name 'examples_rclpy_minimal_publisher'
[0.493s] Level 1:colcon.colcon_core.package_identification:_identify(/home/simon/Documents/ARO/ros2_ws/src/ROS2_examples/rclpy/topics/minimal_subscriber) by extensions ['ignore', 'ignore_ament_install']
[0.493s] Level 1:colcon.colcon_core.package_identification:_identify(/home/simon/Documents/ARO/ros2_ws/src/ROS2_examples/rclpy/topics/minimal_subscriber) by extension 'ignore'
[0.493s] Level 1:colcon.colcon_core.package_identification:_identify(/home/simon/Documents/ARO/ros2_ws/src/ROS2_examples/rclpy/topics/minimal_subscriber) by extension 'ignore_ament_install'
[0.494s] Level 1:colcon.colcon_core.package_identification:_identify(/home/simon/Documents/ARO/ros2_ws/src/ROS2_examples/rclpy/topics/minimal_subscriber) by extensions ['colcon_pkg']
[0.494s] Level 1:colcon.colcon_core.package_identification:_identify(/home/simon/Documents/ARO/ros2_ws/src/ROS2_examples/rclpy/topics/minimal_subscriber) by extension 'colcon_pkg'
[0.494s] Level 1:colcon.colcon_core.package_identification:_identify(/home/simon/Documents/ARO/ros2_ws/src/ROS2_examples/rclpy/topics/minimal_subscriber) by extensions ['colcon_meta']
[0.494s] Level 1:colcon.colcon_core.package_identification:_identify(/home/simon/Documents/ARO/ros2_ws/src/ROS2_examples/rclpy/topics/minimal_subscriber) by extension 'colcon_meta'
[0.494s] Level 1:colcon.colcon_core.package_identification:_identify(/home/simon/Documents/ARO/ros2_ws/src/ROS2_examples/rclpy/topics/minimal_subscriber) by extensions ['ros']
[0.494s] Level 1:colcon.colcon_core.package_identification:_identify(/home/simon/Documents/ARO/ros2_ws/src/ROS2_examples/rclpy/topics/minimal_subscriber) by extension 'ros'
[0.495s] DEBUG:colcon.colcon_core.package_identification:Package '/home/simon/Documents/ARO/ros2_ws/src/ROS2_examples/rclpy/topics/minimal_subscriber' with type 'ros.ament_python' and name 'examples_rclpy_minimal_subscriber'
[0.495s] Level 1:colcon.colcon_core.package_identification:_identify(/home/simon/Documents/ARO/ros2_ws/src/build) by extensions ['ignore', 'ignore_ament_install']
[0.495s] Level 1:colcon.colcon_core.package_identification:_identify(/home/simon/Documents/ARO/ros2_ws/src/build) by extension 'ignore'
[0.495s] Level 1:colcon.colcon_core.package_identification:_identify(/home/simon/Documents/ARO/ros2_ws/src/build) ignored
[0.496s] Level 1:colcon.colcon_core.package_identification:_identify(/home/simon/Documents/ARO/ros2_ws/src/install) by extensions ['ignore', 'ignore_ament_install']
[0.496s] Level 1:colcon.colcon_core.package_identification:_identify(/home/simon/Documents/ARO/ros2_ws/src/install) by extension 'ignore'
[0.496s] Level 1:colcon.colcon_core.package_identification:_identify(/home/simon/Documents/ARO/ros2_ws/src/install) ignored
[0.496s] Level 1:colcon.colcon_core.package_identification:_identify(/home/simon/Documents/ARO/ros2_ws/src/log) by extensions ['ignore', 'ignore_ament_install']
[0.496s] Level 1:colcon.colcon_core.package_identification:_identify(/home/simon/Documents/ARO/ros2_ws/src/log) by extension 'ignore'
[0.496s] Level 1:colcon.colcon_core.package_identification:_identify(/home/simon/Documents/ARO/ros2_ws/src/log) ignored
[0.497s] Level 1:colcon.colcon_core.package_identification:_identify(/home/simon/Documents/ARO/ros2_ws/src/mi_paquete_python) by extensions ['ignore', 'ignore_ament_install']
[0.497s] Level 1:colcon.colcon_core.package_identification:_identify(/home/simon/Documents/ARO/ros2_ws/src/mi_paquete_python) by extension 'ignore'
[0.497s] Level 1:colcon.colcon_core.package_identification:_identify(/home/simon/Documents/ARO/ros2_ws/src/mi_paquete_python) by extension 'ignore_ament_install'
[0.497s] Level 1:colcon.colcon_core.package_identification:_identify(/home/simon/Documents/ARO/ros2_ws/src/mi_paquete_python) by extensions ['colcon_pkg']
[0.497s] Level 1:colcon.colcon_core.package_identification:_identify(/home/simon/Documents/ARO/ros2_ws/src/mi_paquete_python) by extension 'colcon_pkg'
[0.497s] Level 1:colcon.colcon_core.package_identification:_identify(/home/simon/Documents/ARO/ros2_ws/src/mi_paquete_python) by extensions ['colcon_meta']
[0.497s] Level 1:colcon.colcon_core.package_identification:_identify(/home/simon/Documents/ARO/ros2_ws/src/mi_paquete_python) by extension 'colcon_meta'
[0.497s] Level 1:colcon.colcon_core.package_identification:_identify(/home/simon/Documents/ARO/ros2_ws/src/mi_paquete_python) by extensions ['ros']
[0.497s] Level 1:colcon.colcon_core.package_identification:_identify(/home/simon/Documents/ARO/ros2_ws/src/mi_paquete_python) by extension 'ros'
[0.499s] DEBUG:colcon.colcon_core.package_identification:Package '/home/simon/Documents/ARO/ros2_ws/src/mi_paquete_python' with type 'ros.ament_python' and name 'mi_paquete_python'
[0.499s] Level 1:colcon.colcon_core.package_discovery:discover_packages(recursive) using defaults
