[0.042s] Invoking command in '/home/simon/Documents/ARO/turtlebot3_ws/build/turtlebot3_navigation2': CMAKE_PREFIX_PATH=/opt/ros/humble /usr/bin/cmake /home/simon/Documents/ARO/turtlebot3_ws/src/turtlebot3/turtlebot3/turtlebot3_navigation2 -DAMENT_CMAKE_SYMLINK_INSTALL=1 -DCMAKE_INSTALL_PREFIX=/home/simon/Documents/ARO/turtlebot3_ws/install/turtlebot3_navigation2
[0.059s] -- Found ament_cmake: 1.3.5 (/opt/ros/humble/share/ament_cmake/cmake)
[0.330s] -- Found Python3: /usr/bin/python3.10 (found version "3.10.12") found components: Interpreter 
[0.432s] -- Override CMake install command with custom implementation using symlinks instead of copying resources
[0.599s] -- Configuring done
[0.602s] -- Generating done
[0.603s] -- Build files have been written to: /home/simon/Documents/ARO/turtlebot3_ws/build/turtlebot3_navigation2
[0.607s] Invoked command in '/home/simon/Documents/ARO/turtlebot3_ws/build/turtlebot3_navigation2' returned '0': CMAKE_PREFIX_PATH=/opt/ros/humble /usr/bin/cmake /home/simon/Documents/ARO/turtlebot3_ws/src/turtlebot3/turtlebot3/turtlebot3_navigation2 -DAMENT_CMAKE_SYMLINK_INSTALL=1 -DCMAKE_INSTALL_PREFIX=/home/simon/Documents/ARO/turtlebot3_ws/install/turtlebot3_navigation2
[0.611s] Invoking command in '/home/simon/Documents/ARO/turtlebot3_ws/build/turtlebot3_navigation2': CMAKE_PREFIX_PATH=/opt/ros/humble /usr/bin/cmake --build /home/simon/Documents/ARO/turtlebot3_ws/build/turtlebot3_navigation2 -- -j16 -l16
[0.662s] Invoked command in '/home/simon/Documents/ARO/turtlebot3_ws/build/turtlebot3_navigation2' returned '0': CMAKE_PREFIX_PATH=/opt/ros/humble /usr/bin/cmake --build /home/simon/Documents/ARO/turtlebot3_ws/build/turtlebot3_navigation2 -- -j16 -l16
[0.714s] Invoking command in '/home/simon/Documents/ARO/turtlebot3_ws/build/turtlebot3_navigation2': CMAKE_PREFIX_PATH=/opt/ros/humble /usr/bin/cmake --install /home/simon/Documents/ARO/turtlebot3_ws/build/turtlebot3_navigation2
[0.733s] -- Install configuration: ""
[0.734s] -- Execute custom install script
[0.735s] -- Symlinking: /home/simon/Documents/ARO/turtlebot3_ws/install/turtlebot3_navigation2/share/turtlebot3_navigation2/launch/navigation2.launch.py
[0.755s] -- Symlinking: /home/simon/Documents/ARO/turtlebot3_ws/install/turtlebot3_navigation2/share/turtlebot3_navigation2/map/map.pgm
[0.775s] -- Symlinking: /home/simon/Documents/ARO/turtlebot3_ws/install/turtlebot3_navigation2/share/turtlebot3_navigation2/map/map.yaml
[0.798s] -- Symlinking: /home/simon/Documents/ARO/turtlebot3_ws/install/turtlebot3_navigation2/share/turtlebot3_navigation2/param/burger.yaml
[0.816s] -- Symlinking: /home/simon/Documents/ARO/turtlebot3_ws/install/turtlebot3_navigation2/share/turtlebot3_navigation2/param/waffle.yaml
[0.836s] -- Symlinking: /home/simon/Documents/ARO/turtlebot3_ws/install/turtlebot3_navigation2/share/turtlebot3_navigation2/param/waffle_pi.yaml
[0.871s] -- Symlinking: /home/simon/Documents/ARO/turtlebot3_ws/install/turtlebot3_navigation2/share/turtlebot3_navigation2/rviz/tb3_navigation2.rviz
[0.885s] -- Symlinking: /home/simon/Documents/ARO/turtlebot3_ws/install/turtlebot3_navigation2/share/ament_index/resource_index/package_run_dependencies/turtlebot3_navigation2
[0.907s] -- Symlinking: /home/simon/Documents/ARO/turtlebot3_ws/install/turtlebot3_navigation2/share/ament_index/resource_index/parent_prefix_path/turtlebot3_navigation2
[0.927s] -- Symlinking: /home/simon/Documents/ARO/turtlebot3_ws/install/turtlebot3_navigation2/share/turtlebot3_navigation2/environment/ament_prefix_path.sh
[0.947s] -- Symlinking: /home/simon/Documents/ARO/turtlebot3_ws/install/turtlebot3_navigation2/share/turtlebot3_navigation2/environment/ament_prefix_path.dsv
[0.966s] -- Symlinking: /home/simon/Documents/ARO/turtlebot3_ws/install/turtlebot3_navigation2/share/turtlebot3_navigation2/environment/path.sh
[0.984s] -- Symlinking: /home/simon/Documents/ARO/turtlebot3_ws/install/turtlebot3_navigation2/share/turtlebot3_navigation2/environment/path.dsv
[1.005s] -- Symlinking: /home/simon/Documents/ARO/turtlebot3_ws/install/turtlebot3_navigation2/share/turtlebot3_navigation2/local_setup.bash
[1.024s] -- Symlinking: /home/simon/Documents/ARO/turtlebot3_ws/install/turtlebot3_navigation2/share/turtlebot3_navigation2/local_setup.sh
[1.045s] -- Symlinking: /home/simon/Documents/ARO/turtlebot3_ws/install/turtlebot3_navigation2/share/turtlebot3_navigation2/local_setup.zsh
[1.063s] -- Symlinking: /home/simon/Documents/ARO/turtlebot3_ws/install/turtlebot3_navigation2/share/turtlebot3_navigation2/local_setup.dsv
[1.081s] -- Symlinking: /home/simon/Documents/ARO/turtlebot3_ws/install/turtlebot3_navigation2/share/turtlebot3_navigation2/package.dsv
[1.099s] -- Symlinking: /home/simon/Documents/ARO/turtlebot3_ws/install/turtlebot3_navigation2/share/ament_index/resource_index/packages/turtlebot3_navigation2
[1.120s] -- Symlinking: /home/simon/Documents/ARO/turtlebot3_ws/install/turtlebot3_navigation2/share/turtlebot3_navigation2/cmake/turtlebot3_navigation2Config.cmake
[1.131s] -- Symlinking: /home/simon/Documents/ARO/turtlebot3_ws/install/turtlebot3_navigation2/share/turtlebot3_navigation2/cmake/turtlebot3_navigation2Config-version.cmake
[1.145s] -- Symlinking: /home/simon/Documents/ARO/turtlebot3_ws/install/turtlebot3_navigation2/share/turtlebot3_navigation2/package.xml
[1.168s] Invoked command in '/home/simon/Documents/ARO/turtlebot3_ws/build/turtlebot3_navigation2' returned '0': CMAKE_PREFIX_PATH=/opt/ros/humble /usr/bin/cmake --install /home/simon/Documents/ARO/turtlebot3_ws/build/turtlebot3_navigation2
