[0.820s] Invoking command in '/home/simon/Documents/ARO/ros2_ws/build/mi_paquete_python': PYTHONPATH=/home/simon/Documents/ARO/ros2_ws/build/mi_paquete_python/prefix_override:/home/simon/Documents/ARO/ros2_ws/install/mi_paquete_python/lib/python3.10/site-packages:${PYTHONPATH} /usr/bin/python3 setup.py develop --uninstall --editable --build-directory /home/simon/Documents/ARO/ros2_ws/build/mi_paquete_python/build
[1.048s] running develop
[1.195s] Removing /home/simon/Documents/ARO/ros2_ws/install/mi_paquete_python/lib/python3.10/site-packages/mi-paquete-python.egg-link (link to .)
[1.231s] Invoked command in '/home/simon/Documents/ARO/ros2_ws/build/mi_paquete_python' returned '0': PYTHONPATH=/home/simon/Documents/ARO/ros2_ws/build/mi_paquete_python/prefix_override:/home/simon/Documents/ARO/ros2_ws/install/mi_paquete_python/lib/python3.10/site-packages:${PYTHONPATH} /usr/bin/python3 setup.py develop --uninstall --editable --build-directory /home/simon/Documents/ARO/ros2_ws/build/mi_paquete_python/build
[1.234s] Invoking command in '/home/simon/Documents/ARO/ros2_ws/src/mi_paquete_python': PYTHONPATH=/home/simon/Documents/ARO/ros2_ws/build/mi_paquete_python/prefix_override:/home/simon/Documents/ARO/ros2_ws/install/mi_paquete_python/lib/python3.10/site-packages:${PYTHONPATH} /usr/bin/python3 setup.py egg_info --egg-base ../../build/mi_paquete_python build --build-base /home/simon/Documents/ARO/ros2_ws/build/mi_paquete_python/build install --record /home/simon/Documents/ARO/ros2_ws/build/mi_paquete_python/install.log --single-version-externally-managed
[1.450s] running egg_info
[1.451s] writing ../../build/mi_paquete_python/mi_paquete_python.egg-info/PKG-INFO
[1.451s] writing dependency_links to ../../build/mi_paquete_python/mi_paquete_python.egg-info/dependency_links.txt
[1.451s] writing entry points to ../../build/mi_paquete_python/mi_paquete_python.egg-info/entry_points.txt
[1.451s] writing requirements to ../../build/mi_paquete_python/mi_paquete_python.egg-info/requires.txt
[1.452s] writing top-level names to ../../build/mi_paquete_python/mi_paquete_python.egg-info/top_level.txt
[1.453s] reading manifest file '../../build/mi_paquete_python/mi_paquete_python.egg-info/SOURCES.txt'
[1.461s] writing manifest file '../../build/mi_paquete_python/mi_paquete_python.egg-info/SOURCES.txt'
[1.461s] running build
[1.461s] running build_py
[1.461s] copying mi_paquete_python/move_turtle.py -> /home/simon/Documents/ARO/ros2_ws/build/mi_paquete_python/build/lib/mi_paquete_python
[1.461s] running install
[1.462s] running install_lib
[1.462s] creating /home/simon/Documents/ARO/ros2_ws/install/mi_paquete_python/lib/python3.10/site-packages/mi_paquete_python
[1.462s] copying /home/simon/Documents/ARO/ros2_ws/build/mi_paquete_python/build/lib/mi_paquete_python/move_leonardo.py -> /home/simon/Documents/ARO/ros2_ws/install/mi_paquete_python/lib/python3.10/site-packages/mi_paquete_python
[1.463s] copying /home/simon/Documents/ARO/ros2_ws/build/mi_paquete_python/build/lib/mi_paquete_python/__init__.py -> /home/simon/Documents/ARO/ros2_ws/install/mi_paquete_python/lib/python3.10/site-packages/mi_paquete_python
[1.463s] copying /home/simon/Documents/ARO/ros2_ws/build/mi_paquete_python/build/lib/mi_paquete_python/robot_news_station.py -> /home/simon/Documents/ARO/ros2_ws/install/mi_paquete_python/lib/python3.10/site-packages/mi_paquete_python
[1.463s] copying /home/simon/Documents/ARO/ros2_ws/build/mi_paquete_python/build/lib/mi_paquete_python/smartphone.py -> /home/simon/Documents/ARO/ros2_ws/install/mi_paquete_python/lib/python3.10/site-packages/mi_paquete_python
[1.463s] copying /home/simon/Documents/ARO/ros2_ws/build/mi_paquete_python/build/lib/mi_paquete_python/move_turtle.py -> /home/simon/Documents/ARO/ros2_ws/install/mi_paquete_python/lib/python3.10/site-packages/mi_paquete_python
[1.463s] copying /home/simon/Documents/ARO/ros2_ws/build/mi_paquete_python/build/lib/mi_paquete_python/turtle_controller.py -> /home/simon/Documents/ARO/ros2_ws/install/mi_paquete_python/lib/python3.10/site-packages/mi_paquete_python
[1.463s] copying /home/simon/Documents/ARO/ros2_ws/build/mi_paquete_python/build/lib/mi_paquete_python/position_logger.py -> /home/simon/Documents/ARO/ros2_ws/install/mi_paquete_python/lib/python3.10/site-packages/mi_paquete_python
[1.463s] copying /home/simon/Documents/ARO/ros2_ws/build/mi_paquete_python/build/lib/mi_paquete_python/move_raphael.py -> /home/simon/Documents/ARO/ros2_ws/install/mi_paquete_python/lib/python3.10/site-packages/mi_paquete_python
[1.464s] copying /home/simon/Documents/ARO/ros2_ws/build/mi_paquete_python/build/lib/mi_paquete_python/move_donatello.py -> /home/simon/Documents/ARO/ros2_ws/install/mi_paquete_python/lib/python3.10/site-packages/mi_paquete_python
[1.464s] copying /home/simon/Documents/ARO/ros2_ws/build/mi_paquete_python/build/lib/mi_paquete_python/move_michelangelo.py -> /home/simon/Documents/ARO/ros2_ws/install/mi_paquete_python/lib/python3.10/site-packages/mi_paquete_python
[1.464s] byte-compiling /home/simon/Documents/ARO/ros2_ws/install/mi_paquete_python/lib/python3.10/site-packages/mi_paquete_python/move_leonardo.py to move_leonardo.cpython-310.pyc
[1.464s] byte-compiling /home/simon/Documents/ARO/ros2_ws/install/mi_paquete_python/lib/python3.10/site-packages/mi_paquete_python/__init__.py to __init__.cpython-310.pyc
[1.464s] byte-compiling /home/simon/Documents/ARO/ros2_ws/install/mi_paquete_python/lib/python3.10/site-packages/mi_paquete_python/robot_news_station.py to robot_news_station.cpython-310.pyc
[1.464s] byte-compiling /home/simon/Documents/ARO/ros2_ws/install/mi_paquete_python/lib/python3.10/site-packages/mi_paquete_python/smartphone.py to smartphone.cpython-310.pyc
[1.465s] byte-compiling /home/simon/Documents/ARO/ros2_ws/install/mi_paquete_python/lib/python3.10/site-packages/mi_paquete_python/move_turtle.py to move_turtle.cpython-310.pyc
[1.465s]   File "/home/simon/Documents/ARO/ros2_ws/install/mi_paquete_python/lib/python3.10/site-packages/mi_paquete_python/move_turtle.py", line 12
[1.465s]     self.srv = self.create_service(StringService, 'string_service', self.move_turtle_callback)รง
[1.465s]                                                                                               ^^
[1.465s] SyntaxError: invalid syntax
[1.466s] 
[1.466s] byte-compiling /home/simon/Documents/ARO/ros2_ws/install/mi_paquete_python/lib/python3.10/site-packages/mi_paquete_python/turtle_controller.py to turtle_controller.cpython-310.pyc
[1.466s] byte-compiling /home/simon/Documents/ARO/ros2_ws/install/mi_paquete_python/lib/python3.10/site-packages/mi_paquete_python/position_logger.py to position_logger.cpython-310.pyc
[1.466s] byte-compiling /home/simon/Documents/ARO/ros2_ws/install/mi_paquete_python/lib/python3.10/site-packages/mi_paquete_python/move_raphael.py to move_raphael.cpython-310.pyc
[1.466s] byte-compiling /home/simon/Documents/ARO/ros2_ws/install/mi_paquete_python/lib/python3.10/site-packages/mi_paquete_python/move_donatello.py to move_donatello.cpython-310.pyc
[1.466s] byte-compiling /home/simon/Documents/ARO/ros2_ws/install/mi_paquete_python/lib/python3.10/site-packages/mi_paquete_python/move_michelangelo.py to move_michelangelo.cpython-310.pyc
[1.466s] running install_data
[1.467s] running install_egg_info
[1.468s] Copying ../../build/mi_paquete_python/mi_paquete_python.egg-info to /home/simon/Documents/ARO/ros2_ws/install/mi_paquete_python/lib/python3.10/site-packages/mi_paquete_python-0.0.0-py3.10.egg-info
[1.470s] running install_scripts
[1.486s] Installing move_donatello script to /home/simon/Documents/ARO/ros2_ws/install/mi_paquete_python/lib/mi_paquete_python
[1.487s] Installing move_leonardo script to /home/simon/Documents/ARO/ros2_ws/install/mi_paquete_python/lib/mi_paquete_python
[1.487s] Installing move_michelangelo script to /home/simon/Documents/ARO/ros2_ws/install/mi_paquete_python/lib/mi_paquete_python
[1.487s] Installing move_turtle script to /home/simon/Documents/ARO/ros2_ws/install/mi_paquete_python/lib/mi_paquete_python
[1.487s] Installing position_logger script to /home/simon/Documents/ARO/ros2_ws/install/mi_paquete_python/lib/mi_paquete_python
[1.487s] Installing robot_news_station script to /home/simon/Documents/ARO/ros2_ws/install/mi_paquete_python/lib/mi_paquete_python
[1.487s] Installing smartphone script to /home/simon/Documents/ARO/ros2_ws/install/mi_paquete_python/lib/mi_paquete_python
[1.488s] Installing turtle_controller script to /home/simon/Documents/ARO/ros2_ws/install/mi_paquete_python/lib/mi_paquete_python
[1.488s] writing list of installed files to '/home/simon/Documents/ARO/ros2_ws/build/mi_paquete_python/install.log'
[1.518s] Invoked command in '/home/simon/Documents/ARO/ros2_ws/src/mi_paquete_python' returned '0': PYTHONPATH=/home/simon/Documents/ARO/ros2_ws/build/mi_paquete_python/prefix_override:/home/simon/Documents/ARO/ros2_ws/install/mi_paquete_python/lib/python3.10/site-packages:${PYTHONPATH} /usr/bin/python3 setup.py egg_info --egg-base ../../build/mi_paquete_python build --build-base /home/simon/Documents/ARO/ros2_ws/build/mi_paquete_python/build install --record /home/simon/Documents/ARO/ros2_ws/build/mi_paquete_python/install.log --single-version-externally-managed
