[0.749s] Invoking command in '/home/simon/Documents/ARO/ros2_ws/src/mi_paquete_python': PYTHONPATH=/home/simon/Documents/ARO/ros2_ws/src/mi_paquete_python/build/mi_paquete_python/prefix_override:/home/simon/Documents/ARO/ros2_ws/src/mi_paquete_python/install/mi_paquete_python/lib/python3.10/site-packages:${PYTHONPATH} /usr/bin/python3 setup.py egg_info --egg-base build/mi_paquete_python build --build-base /home/simon/Documents/ARO/ros2_ws/src/mi_paquete_python/build/mi_paquete_python/build install --record /home/simon/Documents/ARO/ros2_ws/src/mi_paquete_python/build/mi_paquete_python/install.log --single-version-externally-managed
[0.958s] running egg_info
[0.958s] creating build/mi_paquete_python/mi_paquete_python.egg-info
[0.958s] writing build/mi_paquete_python/mi_paquete_python.egg-info/PKG-INFO
[0.958s] writing dependency_links to build/mi_paquete_python/mi_paquete_python.egg-info/dependency_links.txt
[0.958s] writing entry points to build/mi_paquete_python/mi_paquete_python.egg-info/entry_points.txt
[0.959s] writing requirements to build/mi_paquete_python/mi_paquete_python.egg-info/requires.txt
[0.959s] writing top-level names to build/mi_paquete_python/mi_paquete_python.egg-info/top_level.txt
[0.959s] writing manifest file 'build/mi_paquete_python/mi_paquete_python.egg-info/SOURCES.txt'
[0.960s] reading manifest file 'build/mi_paquete_python/mi_paquete_python.egg-info/SOURCES.txt'
[0.961s] writing manifest file 'build/mi_paquete_python/mi_paquete_python.egg-info/SOURCES.txt'
[0.961s] running build
[0.961s] running build_py
[0.961s] creating /home/simon/Documents/ARO/ros2_ws/src/mi_paquete_python/build/mi_paquete_python/build
[0.961s] creating /home/simon/Documents/ARO/ros2_ws/src/mi_paquete_python/build/mi_paquete_python/build/lib
[0.961s] creating /home/simon/Documents/ARO/ros2_ws/src/mi_paquete_python/build/mi_paquete_python/build/lib/mi_paquete_python
[0.961s] copying mi_paquete_python/__init__.py -> /home/simon/Documents/ARO/ros2_ws/src/mi_paquete_python/build/mi_paquete_python/build/lib/mi_paquete_python
[0.962s] running install
[0.962s] running install_lib
[0.962s] creating /home/simon/Documents/ARO/ros2_ws/src/mi_paquete_python/install/mi_paquete_python/lib/python3.10/site-packages/mi_paquete_python
[0.962s] copying /home/simon/Documents/ARO/ros2_ws/src/mi_paquete_python/build/mi_paquete_python/build/lib/mi_paquete_python/__init__.py -> /home/simon/Documents/ARO/ros2_ws/src/mi_paquete_python/install/mi_paquete_python/lib/python3.10/site-packages/mi_paquete_python
[0.963s] byte-compiling /home/simon/Documents/ARO/ros2_ws/src/mi_paquete_python/install/mi_paquete_python/lib/python3.10/site-packages/mi_paquete_python/__init__.py to __init__.cpython-310.pyc
[0.963s] running install_data
[0.963s] creating /home/simon/Documents/ARO/ros2_ws/src/mi_paquete_python/install/mi_paquete_python/share/ament_index
[0.963s] creating /home/simon/Documents/ARO/ros2_ws/src/mi_paquete_python/install/mi_paquete_python/share/ament_index/resource_index
[0.964s] creating /home/simon/Documents/ARO/ros2_ws/src/mi_paquete_python/install/mi_paquete_python/share/ament_index/resource_index/packages
[0.964s] copying resource/mi_paquete_python -> /home/simon/Documents/ARO/ros2_ws/src/mi_paquete_python/install/mi_paquete_python/share/ament_index/resource_index/packages
[0.964s] copying package.xml -> /home/simon/Documents/ARO/ros2_ws/src/mi_paquete_python/install/mi_paquete_python/share/mi_paquete_python
[0.964s] running install_egg_info
[0.965s] Copying build/mi_paquete_python/mi_paquete_python.egg-info to /home/simon/Documents/ARO/ros2_ws/src/mi_paquete_python/install/mi_paquete_python/lib/python3.10/site-packages/mi_paquete_python-0.0.0-py3.10.egg-info
[0.966s] running install_scripts
[0.985s] writing list of installed files to '/home/simon/Documents/ARO/ros2_ws/src/mi_paquete_python/build/mi_paquete_python/install.log'
[1.046s] Invoked command in '/home/simon/Documents/ARO/ros2_ws/src/mi_paquete_python' returned '0': PYTHONPATH=/home/simon/Documents/ARO/ros2_ws/src/mi_paquete_python/build/mi_paquete_python/prefix_override:/home/simon/Documents/ARO/ros2_ws/src/mi_paquete_python/install/mi_paquete_python/lib/python3.10/site-packages:${PYTHONPATH} /usr/bin/python3 setup.py egg_info --egg-base build/mi_paquete_python build --build-base /home/simon/Documents/ARO/ros2_ws/src/mi_paquete_python/build/mi_paquete_python/build install --record /home/simon/Documents/ARO/ros2_ws/src/mi_paquete_python/build/mi_paquete_python/install.log --single-version-externally-managed
