[0.787s] Invoking command in '/home/simon/Documents/ARO/ros2_ws/build/tutorial_interfaces': CMAKE_PREFIX_PATH=${CMAKE_PREFIX_PATH}:/home/simon/Documents/ARO/ros2_ws/src/install/mi_paquete_python:/home/simon/Documents/ARO/ros2_ws/src/install/launch_testing_examples:/home/simon/Documents/ARO/ros2_ws/src/install/examples_rclpy_minimal_subscriber:/home/simon/Documents/ARO/ros2_ws/src/install/examples_rclpy_minimal_service:/home/simon/Documents/ARO/ros2_ws/src/install/examples_rclpy_minimal_publisher:/home/simon/Documents/ARO/ros2_ws/src/install/examples_rclpy_minimal_client:/home/simon/Documents/ARO/ros2_ws/src/install/examples_rclpy_minimal_action_server:/home/simon/Documents/ARO/ros2_ws/src/install/examples_rclpy_minimal_action_client:/home/simon/Documents/ARO/turtlebot3_ws/install/turtlebot3_teleop:/home/simon/Documents/ARO/turtlebot3_ws/install/turtlebot3_example:/opt/ros/humble /usr/bin/cmake /home/simon/Documents/ARO/ros2_ws/src/tutorial_interfaces -DCMAKE_INSTALL_PREFIX=/home/simon/Documents/ARO/ros2_ws/install/tutorial_interfaces
[2.950s] -- The C compiler identification is GNU 11.4.0
[2.950s] -- The CXX compiler identification is GNU 11.4.0
[2.950s] -- Detecting C compiler ABI info
[2.950s] -- Detecting C compiler ABI info - done
[2.950s] -- Check for working C compiler: /usr/bin/cc - skipped
[2.950s] -- Detecting C compile features
[2.950s] -- Detecting C compile features - done
[2.950s] -- Detecting CXX compiler ABI info
[2.950s] -- Detecting CXX compiler ABI info - done
[2.951s] -- Check for working CXX compiler: /usr/bin/c++ - skipped
[2.951s] -- Detecting CXX compile features
[2.951s] -- Detecting CXX compile features - done
[2.951s] -- Found ament_cmake: 1.3.5 (/opt/ros/humble/share/ament_cmake/cmake)
[2.951s] -- Found Python3: /usr/bin/python3.10 (found version "3.10.12") found components: Interpreter 
[2.951s] -- Found ament_lint_auto: 0.12.8 (/opt/ros/humble/share/ament_lint_auto/cmake)
[2.951s] -- Found rosidl_default_generators: 1.2.0 (/opt/ros/humble/share/rosidl_default_generators/cmake)
[2.951s] -- Using all available rosidl_typesupport_c: rosidl_typesupport_fastrtps_c;rosidl_typesupport_introspection_c
[2.951s] -- Found rosidl_adapter: 3.1.5 (/opt/ros/humble/share/rosidl_adapter/cmake)
[2.951s] -- Using all available rosidl_typesupport_cpp: rosidl_typesupport_fastrtps_cpp;rosidl_typesupport_introspection_cpp
[2.951s] -- Found geometry_msgs: 4.2.3 (/opt/ros/humble/share/geometry_msgs/cmake)
[2.951s] -- Found ament_cmake_ros: 0.10.0 (/opt/ros/humble/share/ament_cmake_ros/cmake)
[2.952s] -- Using all available rosidl_typesupport_c: rosidl_typesupport_fastrtps_c;rosidl_typesupport_introspection_c
[2.952s] -- Using all available rosidl_typesupport_cpp: rosidl_typesupport_fastrtps_cpp;rosidl_typesupport_introspection_cpp
[2.952s] -- Found PythonInterp: /usr/bin/python3 (found suitable version "3.10.12", minimum required is "3.6") 
[2.952s] -- Found python_cmake_module: 0.10.0 (/opt/ros/humble/share/python_cmake_module/cmake)
[2.952s] -- Found PythonLibs: /usr/lib/x86_64-linux-gnu/libpython3.10.so (found suitable version "3.10.12", minimum required is "3.5") 
[2.952s] -- Using PYTHON_EXECUTABLE: /usr/bin/python3
[2.952s] -- Using PYTHON_INCLUDE_DIRS: /usr/include/python3.10
[2.953s] -- Using PYTHON_LIBRARIES: /usr/lib/x86_64-linux-gnu/libpython3.10.so
[2.953s] -- Found PythonExtra: .so  
[2.953s] -- Added test 'lint_cmake' to check CMake code style
[2.953s] -- Added test 'xmllint' to check XML markup files
[2.953s] -- Configuring done
[2.971s] -- Generating done
[2.974s] -- Build files have been written to: /home/simon/Documents/ARO/ros2_ws/build/tutorial_interfaces
[3.271s] Invoked command in '/home/simon/Documents/ARO/ros2_ws/build/tutorial_interfaces' returned '0': CMAKE_PREFIX_PATH=${CMAKE_PREFIX_PATH}:/home/simon/Documents/ARO/ros2_ws/src/install/mi_paquete_python:/home/simon/Documents/ARO/ros2_ws/src/install/launch_testing_examples:/home/simon/Documents/ARO/ros2_ws/src/install/examples_rclpy_minimal_subscriber:/home/simon/Documents/ARO/ros2_ws/src/install/examples_rclpy_minimal_service:/home/simon/Documents/ARO/ros2_ws/src/install/examples_rclpy_minimal_publisher:/home/simon/Documents/ARO/ros2_ws/src/install/examples_rclpy_minimal_client:/home/simon/Documents/ARO/ros2_ws/src/install/examples_rclpy_minimal_action_server:/home/simon/Documents/ARO/ros2_ws/src/install/examples_rclpy_minimal_action_client:/home/simon/Documents/ARO/turtlebot3_ws/install/turtlebot3_teleop:/home/simon/Documents/ARO/turtlebot3_ws/install/turtlebot3_example:/opt/ros/humble /usr/bin/cmake /home/simon/Documents/ARO/ros2_ws/src/tutorial_interfaces -DCMAKE_INSTALL_PREFIX=/home/simon/Documents/ARO/ros2_ws/install/tutorial_interfaces
[3.274s] Invoking command in '/home/simon/Documents/ARO/ros2_ws/build/tutorial_interfaces': CMAKE_PREFIX_PATH=${CMAKE_PREFIX_PATH}:/home/simon/Documents/ARO/ros2_ws/src/install/mi_paquete_python:/home/simon/Documents/ARO/ros2_ws/src/install/launch_testing_examples:/home/simon/Documents/ARO/ros2_ws/src/install/examples_rclpy_minimal_subscriber:/home/simon/Documents/ARO/ros2_ws/src/install/examples_rclpy_minimal_service:/home/simon/Documents/ARO/ros2_ws/src/install/examples_rclpy_minimal_publisher:/home/simon/Documents/ARO/ros2_ws/src/install/examples_rclpy_minimal_client:/home/simon/Documents/ARO/ros2_ws/src/install/examples_rclpy_minimal_action_server:/home/simon/Documents/ARO/ros2_ws/src/install/examples_rclpy_minimal_action_client:/home/simon/Documents/ARO/turtlebot3_ws/install/turtlebot3_teleop:/home/simon/Documents/ARO/turtlebot3_ws/install/turtlebot3_example:/opt/ros/humble /usr/bin/cmake --build /home/simon/Documents/ARO/ros2_ws/build/tutorial_interfaces -- -j16 -l16
[3.354s] [  1%] [34m[1mGenerating C code for ROS interfaces[0m
[3.384s] [  2%] [34m[1mGenerating C++ code for ROS interfaces[0m
[3.390s] [  2%] Built target ament_cmake_python_copy_tutorial_interfaces
[3.854s] running egg_info
[3.854s] creating tutorial_interfaces.egg-info
[3.855s] writing tutorial_interfaces.egg-info/PKG-INFO
[3.855s] writing dependency_links to tutorial_interfaces.egg-info/dependency_links.txt
[3.855s] writing top-level names to tutorial_interfaces.egg-info/top_level.txt
[3.855s] writing manifest file 'tutorial_interfaces.egg-info/SOURCES.txt'
[3.861s] reading manifest file 'tutorial_interfaces.egg-info/SOURCES.txt'
[3.862s] writing manifest file 'tutorial_interfaces.egg-info/SOURCES.txt'
[3.917s] [  2%] Built target ament_cmake_python_build_tutorial_interfaces_egg
[4.566s] [  2%] Built target tutorial_interfaces__cpp
[4.579s] [  4%] [34m[1mGenerating C++ type support dispatch for ROS interfaces[0m
[4.579s] [  7%] [34m[1mGenerating C++ introspection for ROS interfaces[0m
[4.579s] [  7%] [34m[1mGenerating C++ type support for eProsima Fast-RTPS[0m
[4.747s] [  8%] [32mBuilding C object CMakeFiles/tutorial_interfaces__rosidl_generator_c.dir/rosidl_generator_c/tutorial_interfaces/srv/detail/add_three_ints__functions.c.o[0m
[4.749s] [ 11%] [32mBuilding C object CMakeFiles/tutorial_interfaces__rosidl_generator_c.dir/rosidl_generator_c/tutorial_interfaces/msg/detail/sphere__functions.c.o[0m
[4.749s] [ 11%] [32mBuilding C object CMakeFiles/tutorial_interfaces__rosidl_generator_c.dir/rosidl_generator_c/tutorial_interfaces/msg/detail/num__functions.c.o[0m
[4.750s] [ 15%] [32mBuilding C object CMakeFiles/tutorial_interfaces__rosidl_generator_c.dir/rosidl_generator_c/tutorial_interfaces/action/detail/circle__functions.c.o[0m
[4.751s] [ 15%] [32mBuilding C object CMakeFiles/tutorial_interfaces__rosidl_generator_c.dir/rosidl_generator_c/tutorial_interfaces/srv/detail/circle__functions.c.o[0m
[4.751s] [ 15%] [32mBuilding C object CMakeFiles/tutorial_interfaces__rosidl_generator_c.dir/rosidl_generator_c/tutorial_interfaces/action/detail/compute_sum__functions.c.o[0m
[4.904s] [ 16%] [32m[1mLinking C shared library libtutorial_interfaces__rosidl_generator_c.so[0m
[4.955s] [ 16%] Built target tutorial_interfaces__rosidl_generator_c
[4.969s] [ 19%] [34m[1mGenerating C type support for eProsima Fast-RTPS[0m
[4.970s] [ 19%] [34m[1mGenerating C type support dispatch for ROS interfaces[0m
[4.971s] [ 21%] [34m[1mGenerating C introspection for ROS interfaces[0m
[5.143s] [ 23%] [32mBuilding CXX object CMakeFiles/tutorial_interfaces__rosidl_typesupport_cpp.dir/rosidl_typesupport_cpp/tutorial_interfaces/srv/add_three_ints__type_support.cpp.o[0m
[5.143s] [ 23%] [32mBuilding CXX object CMakeFiles/tutorial_interfaces__rosidl_typesupport_cpp.dir/rosidl_typesupport_cpp/tutorial_interfaces/msg/num__type_support.cpp.o[0m
[5.143s] [ 25%] [32mBuilding CXX object CMakeFiles/tutorial_interfaces__rosidl_typesupport_cpp.dir/rosidl_typesupport_cpp/tutorial_interfaces/msg/sphere__type_support.cpp.o[0m
[5.144s] [ 26%] [32mBuilding CXX object CMakeFiles/tutorial_interfaces__rosidl_typesupport_cpp.dir/rosidl_typesupport_cpp/tutorial_interfaces/action/circle__type_support.cpp.o[0m
[5.145s] [ 28%] [32mBuilding CXX object CMakeFiles/tutorial_interfaces__rosidl_typesupport_cpp.dir/rosidl_typesupport_cpp/tutorial_interfaces/srv/circle__type_support.cpp.o[0m
[5.147s] [ 29%] [32mBuilding CXX object CMakeFiles/tutorial_interfaces__rosidl_typesupport_cpp.dir/rosidl_typesupport_cpp/tutorial_interfaces/action/compute_sum__type_support.cpp.o[0m
[5.357s] [ 30%] [32mBuilding CXX object CMakeFiles/tutorial_interfaces__rosidl_typesupport_introspection_cpp.dir/rosidl_typesupport_introspection_cpp/tutorial_interfaces/msg/detail/sphere__type_support.cpp.o[0m
[5.358s] [ 32%] [32mBuilding CXX object CMakeFiles/tutorial_interfaces__rosidl_typesupport_introspection_cpp.dir/rosidl_typesupport_introspection_cpp/tutorial_interfaces/msg/detail/num__type_support.cpp.o[0m
[5.358s] [ 33%] [32mBuilding CXX object CMakeFiles/tutorial_interfaces__rosidl_typesupport_introspection_cpp.dir/rosidl_typesupport_introspection_cpp/tutorial_interfaces/action/detail/compute_sum__type_support.cpp.o[0m
[5.358s] [ 35%] [32mBuilding CXX object CMakeFiles/tutorial_interfaces__rosidl_typesupport_introspection_cpp.dir/rosidl_typesupport_introspection_cpp/tutorial_interfaces/srv/detail/add_three_ints__type_support.cpp.o[0m
[5.363s] [ 36%] [32mBuilding CXX object CMakeFiles/tutorial_interfaces__rosidl_typesupport_introspection_cpp.dir/rosidl_typesupport_introspection_cpp/tutorial_interfaces/srv/detail/circle__type_support.cpp.o[0m
[5.370s] [ 38%] [32mBuilding CXX object CMakeFiles/tutorial_interfaces__rosidl_typesupport_introspection_cpp.dir/rosidl_typesupport_introspection_cpp/tutorial_interfaces/action/detail/circle__type_support.cpp.o[0m
[5.769s] [ 40%] [32mBuilding CXX object CMakeFiles/tutorial_interfaces__rosidl_typesupport_fastrtps_cpp.dir/rosidl_typesupport_fastrtps_cpp/tutorial_interfaces/srv/detail/dds_fastrtps/add_three_ints__type_support.cpp.o[0m
[5.770s] [ 40%] [32mBuilding CXX object CMakeFiles/tutorial_interfaces__rosidl_typesupport_fastrtps_cpp.dir/rosidl_typesupport_fastrtps_cpp/tutorial_interfaces/msg/detail/dds_fastrtps/num__type_support.cpp.o[0m
[5.780s] [ 45%] [32mBuilding CXX object CMakeFiles/tutorial_interfaces__rosidl_typesupport_fastrtps_cpp.dir/rosidl_typesupport_fastrtps_cpp/tutorial_interfaces/action/detail/dds_fastrtps/circle__type_support.cpp.o[0m
[5.781s] [ 45%] [32mBuilding CXX object CMakeFiles/tutorial_interfaces__rosidl_typesupport_c.dir/rosidl_typesupport_c/tutorial_interfaces/msg/num__type_support.cpp.o[0m
[5.781s] [ 45%] [32mBuilding CXX object CMakeFiles/tutorial_interfaces__rosidl_typesupport_fastrtps_cpp.dir/rosidl_typesupport_fastrtps_cpp/tutorial_interfaces/action/detail/dds_fastrtps/compute_sum__type_support.cpp.o[0m
[5.782s] [ 46%] [32mBuilding CXX object CMakeFiles/tutorial_interfaces__rosidl_typesupport_fastrtps_cpp.dir/rosidl_typesupport_fastrtps_cpp/tutorial_interfaces/msg/detail/dds_fastrtps/sphere__type_support.cpp.o[0m
[5.884s] [ 47%] [32mBuilding CXX object CMakeFiles/tutorial_interfaces__rosidl_typesupport_c.dir/rosidl_typesupport_c/tutorial_interfaces/msg/sphere__type_support.cpp.o[0m
[6.009s] [ 49%] [32mBuilding CXX object CMakeFiles/tutorial_interfaces__rosidl_typesupport_c.dir/rosidl_typesupport_c/tutorial_interfaces/srv/add_three_ints__type_support.cpp.o[0m
[6.060s] [ 50%] [32mBuilding CXX object CMakeFiles/tutorial_interfaces__rosidl_typesupport_c.dir/rosidl_typesupport_c/tutorial_interfaces/action/compute_sum__type_support.cpp.o[0m
[6.073s] [ 52%] [32m[1mLinking CXX shared library libtutorial_interfaces__rosidl_typesupport_cpp.so[0m
[6.076s] [ 53%] [32mBuilding CXX object CMakeFiles/tutorial_interfaces__rosidl_typesupport_fastrtps_cpp.dir/rosidl_typesupport_fastrtps_cpp/tutorial_interfaces/srv/detail/dds_fastrtps/circle__type_support.cpp.o[0m
[6.183s] [ 53%] Built target tutorial_interfaces__rosidl_typesupport_cpp
[6.191s] [ 54%] [32mBuilding CXX object CMakeFiles/tutorial_interfaces__rosidl_typesupport_c.dir/rosidl_typesupport_c/tutorial_interfaces/action/circle__type_support.cpp.o[0m
[6.197s] [ 56%] [32mBuilding CXX object CMakeFiles/tutorial_interfaces__rosidl_typesupport_c.dir/rosidl_typesupport_c/tutorial_interfaces/srv/circle__type_support.cpp.o[0m
[6.296s] [ 57%] [32m[1mLinking CXX shared library libtutorial_interfaces__rosidl_typesupport_c.so[0m
[6.317s] [ 59%] [32mBuilding CXX object CMakeFiles/tutorial_interfaces__rosidl_typesupport_fastrtps_c.dir/rosidl_typesupport_fastrtps_c/tutorial_interfaces/msg/detail/num__type_support_c.cpp.o[0m
[6.319s] [ 61%] [32mBuilding CXX object CMakeFiles/tutorial_interfaces__rosidl_typesupport_fastrtps_c.dir/rosidl_typesupport_fastrtps_c/tutorial_interfaces/msg/detail/sphere__type_support_c.cpp.o[0m
[6.320s] [ 61%] [32mBuilding C object CMakeFiles/tutorial_interfaces__rosidl_typesupport_introspection_c.dir/rosidl_typesupport_introspection_c/tutorial_interfaces/msg/detail/num__type_support.c.o[0m
[6.323s] [ 63%] [32mBuilding CXX object CMakeFiles/tutorial_interfaces__rosidl_typesupport_fastrtps_c.dir/rosidl_typesupport_fastrtps_c/tutorial_interfaces/srv/detail/add_three_ints__type_support_c.cpp.o[0m
[6.328s] [ 64%] [32mBuilding C object CMakeFiles/tutorial_interfaces__rosidl_typesupport_introspection_c.dir/rosidl_typesupport_introspection_c/tutorial_interfaces/msg/detail/sphere__type_support.c.o[0m
[6.334s] [ 66%] [32mBuilding CXX object CMakeFiles/tutorial_interfaces__rosidl_typesupport_fastrtps_c.dir/rosidl_typesupport_fastrtps_c/tutorial_interfaces/action/detail/compute_sum__type_support_c.cpp.o[0m
[6.344s] [ 67%] [32mBuilding CXX object CMakeFiles/tutorial_interfaces__rosidl_typesupport_fastrtps_c.dir/rosidl_typesupport_fastrtps_c/tutorial_interfaces/action/detail/circle__type_support_c.cpp.o[0m
[6.418s] [ 69%] [32mBuilding C object CMakeFiles/tutorial_interfaces__rosidl_typesupport_introspection_c.dir/rosidl_typesupport_introspection_c/tutorial_interfaces/srv/detail/add_three_ints__type_support.c.o[0m
[6.467s] [ 71%] [32mBuilding C object CMakeFiles/tutorial_interfaces__rosidl_typesupport_introspection_c.dir/rosidl_typesupport_introspection_c/tutorial_interfaces/action/detail/compute_sum__type_support.c.o[0m
[6.468s] [ 71%] [32mBuilding CXX object CMakeFiles/tutorial_interfaces__rosidl_typesupport_fastrtps_c.dir/rosidl_typesupport_fastrtps_c/tutorial_interfaces/srv/detail/circle__type_support_c.cpp.o[0m
[6.492s] [ 73%] [32mBuilding C object CMakeFiles/tutorial_interfaces__rosidl_typesupport_introspection_c.dir/rosidl_typesupport_introspection_c/tutorial_interfaces/action/detail/circle__type_support.c.o[0m
[6.521s] [ 73%] Built target tutorial_interfaces__rosidl_typesupport_c
[6.540s] [ 74%] [32mBuilding C object CMakeFiles/tutorial_interfaces__rosidl_typesupport_introspection_c.dir/rosidl_typesupport_introspection_c/tutorial_interfaces/srv/detail/circle__type_support.c.o[0m
[6.560s] [ 76%] [32m[1mLinking CXX shared library libtutorial_interfaces__rosidl_typesupport_introspection_cpp.so[0m
[6.665s] [ 77%] [32m[1mLinking C shared library libtutorial_interfaces__rosidl_typesupport_introspection_c.so[0m
[6.763s] [ 77%] Built target tutorial_interfaces__rosidl_typesupport_introspection_c
[6.810s] [ 77%] Built target tutorial_interfaces__rosidl_typesupport_introspection_cpp
[6.873s] [ 78%] [32m[1mLinking CXX shared library libtutorial_interfaces__rosidl_typesupport_fastrtps_cpp.so[0m
[7.067s] [ 78%] Built target tutorial_interfaces__rosidl_typesupport_fastrtps_cpp
[7.107s] [ 80%] [32m[1mLinking CXX shared library libtutorial_interfaces__rosidl_typesupport_fastrtps_c.so[0m
[7.240s] [ 80%] Built target tutorial_interfaces__rosidl_typesupport_fastrtps_c
[7.270s] [ 80%] Built target tutorial_interfaces
[7.302s] [ 81%] [34m[1mGenerating Python code for ROS interfaces[0m
[8.689s] [ 81%] Built target tutorial_interfaces__py
[8.716s] [ 84%] [32mBuilding C object CMakeFiles/tutorial_interfaces__rosidl_generator_py.dir/rosidl_generator_py/tutorial_interfaces/msg/_num_s.c.o[0m
[8.716s] [ 84%] [32mBuilding C object CMakeFiles/tutorial_interfaces__rosidl_generator_py.dir/rosidl_generator_py/tutorial_interfaces/msg/_sphere_s.c.o[0m
[8.716s] [ 87%] [32mBuilding C object CMakeFiles/tutorial_interfaces__rosidl_generator_py.dir/rosidl_generator_py/tutorial_interfaces/action/_compute_sum_s.c.o[0m
[8.717s] [ 87%] [32mBuilding C object CMakeFiles/tutorial_interfaces__rosidl_generator_py.dir/rosidl_generator_py/tutorial_interfaces/srv/_add_three_ints_s.c.o[0m
[8.717s] [ 90%] [32mBuilding C object CMakeFiles/tutorial_interfaces__rosidl_generator_py.dir/rosidl_generator_py/tutorial_interfaces/action/_circle_s.c.o[0m
[8.718s] [ 90%] [32mBuilding C object CMakeFiles/tutorial_interfaces__rosidl_generator_py.dir/rosidl_generator_py/tutorial_interfaces/srv/_circle_s.c.o[0m
[8.861s] [ 91%] [32m[1mLinking C shared library rosidl_generator_py/tutorial_interfaces/libtutorial_interfaces__rosidl_generator_py.so[0m
[8.914s] [ 91%] Built target tutorial_interfaces__rosidl_generator_py
[8.940s] [ 92%] [32mBuilding C object CMakeFiles/tutorial_interfaces__rosidl_typesupport_fastrtps_c__pyext.dir/rosidl_generator_py/tutorial_interfaces/_tutorial_interfaces_s.ep.rosidl_typesupport_fastrtps_c.c.o[0m
[8.941s] [ 94%] [32mBuilding C object CMakeFiles/tutorial_interfaces__rosidl_typesupport_introspection_c__pyext.dir/rosidl_generator_py/tutorial_interfaces/_tutorial_interfaces_s.ep.rosidl_typesupport_introspection_c.c.o[0m
[8.941s] [ 95%] [32mBuilding C object CMakeFiles/tutorial_interfaces__rosidl_typesupport_c__pyext.dir/rosidl_generator_py/tutorial_interfaces/_tutorial_interfaces_s.ep.rosidl_typesupport_c.c.o[0m
[9.096s] [ 97%] [32m[1mLinking C shared library rosidl_generator_py/tutorial_interfaces/tutorial_interfaces_s__rosidl_typesupport_c.cpython-310-x86_64-linux-gnu.so[0m
[9.099s] [ 98%] [32m[1mLinking C shared library rosidl_generator_py/tutorial_interfaces/tutorial_interfaces_s__rosidl_typesupport_fastrtps_c.cpython-310-x86_64-linux-gnu.so[0m
[9.105s] [100%] [32m[1mLinking C shared library rosidl_generator_py/tutorial_interfaces/tutorial_interfaces_s__rosidl_typesupport_introspection_c.cpython-310-x86_64-linux-gnu.so[0m
[9.151s] [100%] Built target tutorial_interfaces__rosidl_typesupport_c__pyext
[9.152s] [100%] Built target tutorial_interfaces__rosidl_typesupport_fastrtps_c__pyext
[9.160s] [100%] Built target tutorial_interfaces__rosidl_typesupport_introspection_c__pyext
[9.178s] Invoked command in '/home/simon/Documents/ARO/ros2_ws/build/tutorial_interfaces' returned '0': CMAKE_PREFIX_PATH=${CMAKE_PREFIX_PATH}:/home/simon/Documents/ARO/ros2_ws/src/install/mi_paquete_python:/home/simon/Documents/ARO/ros2_ws/src/install/launch_testing_examples:/home/simon/Documents/ARO/ros2_ws/src/install/examples_rclpy_minimal_subscriber:/home/simon/Documents/ARO/ros2_ws/src/install/examples_rclpy_minimal_service:/home/simon/Documents/ARO/ros2_ws/src/install/examples_rclpy_minimal_publisher:/home/simon/Documents/ARO/ros2_ws/src/install/examples_rclpy_minimal_client:/home/simon/Documents/ARO/ros2_ws/src/install/examples_rclpy_minimal_action_server:/home/simon/Documents/ARO/ros2_ws/src/install/examples_rclpy_minimal_action_client:/home/simon/Documents/ARO/turtlebot3_ws/install/turtlebot3_teleop:/home/simon/Documents/ARO/turtlebot3_ws/install/turtlebot3_example:/opt/ros/humble /usr/bin/cmake --build /home/simon/Documents/ARO/ros2_ws/build/tutorial_interfaces -- -j16 -l16
[9.466s] Invoking command in '/home/simon/Documents/ARO/ros2_ws/build/tutorial_interfaces': CMAKE_PREFIX_PATH=${CMAKE_PREFIX_PATH}:/home/simon/Documents/ARO/ros2_ws/src/install/mi_paquete_python:/home/simon/Documents/ARO/ros2_ws/src/install/launch_testing_examples:/home/simon/Documents/ARO/ros2_ws/src/install/examples_rclpy_minimal_subscriber:/home/simon/Documents/ARO/ros2_ws/src/install/examples_rclpy_minimal_service:/home/simon/Documents/ARO/ros2_ws/src/install/examples_rclpy_minimal_publisher:/home/simon/Documents/ARO/ros2_ws/src/install/examples_rclpy_minimal_client:/home/simon/Documents/ARO/ros2_ws/src/install/examples_rclpy_minimal_action_server:/home/simon/Documents/ARO/ros2_ws/src/install/examples_rclpy_minimal_action_client:/home/simon/Documents/ARO/turtlebot3_ws/install/turtlebot3_teleop:/home/simon/Documents/ARO/turtlebot3_ws/install/turtlebot3_example:/opt/ros/humble /usr/bin/cmake --install /home/simon/Documents/ARO/ros2_ws/build/tutorial_interfaces
[9.474s] -- Install configuration: ""
[9.474s] -- Installing: /home/simon/Documents/ARO/ros2_ws/install/tutorial_interfaces/share/ament_index/resource_index/rosidl_interfaces/tutorial_interfaces
[9.475s] -- Installing: /home/simon/Documents/ARO/ros2_ws/install/tutorial_interfaces/include/tutorial_interfaces/tutorial_interfaces
[9.475s] -- Installing: /home/simon/Documents/ARO/ros2_ws/install/tutorial_interfaces/include/tutorial_interfaces/tutorial_interfaces/action
[9.475s] -- Installing: /home/simon/Documents/ARO/ros2_ws/install/tutorial_interfaces/include/tutorial_interfaces/tutorial_interfaces/action/circle.h
[9.475s] -- Installing: /home/simon/Documents/ARO/ros2_ws/install/tutorial_interfaces/include/tutorial_interfaces/tutorial_interfaces/action/compute_sum.h
[9.475s] -- Installing: /home/simon/Documents/ARO/ros2_ws/install/tutorial_interfaces/include/tutorial_interfaces/tutorial_interfaces/action/detail
[9.475s] -- Installing: /home/simon/Documents/ARO/ros2_ws/install/tutorial_interfaces/include/tutorial_interfaces/tutorial_interfaces/action/detail/compute_sum__struct.h
[9.475s] -- Installing: /home/simon/Documents/ARO/ros2_ws/install/tutorial_interfaces/include/tutorial_interfaces/tutorial_interfaces/action/detail/compute_sum__functions.c
[9.475s] -- Installing: /home/simon/Documents/ARO/ros2_ws/install/tutorial_interfaces/include/tutorial_interfaces/tutorial_interfaces/action/detail/circle__type_support.h
[9.476s] -- Installing: /home/simon/Documents/ARO/ros2_ws/install/tutorial_interfaces/include/tutorial_interfaces/tutorial_interfaces/action/detail/compute_sum__functions.h
[9.476s] -- Installing: /home/simon/Documents/ARO/ros2_ws/install/tutorial_interfaces/include/tutorial_interfaces/tutorial_interfaces/action/detail/circle__functions.h
[9.476s] -- Installing: /home/simon/Documents/ARO/ros2_ws/install/tutorial_interfaces/include/tutorial_interfaces/tutorial_interfaces/action/detail/compute_sum__type_support.h
[9.476s] -- Installing: /home/simon/Documents/ARO/ros2_ws/install/tutorial_interfaces/include/tutorial_interfaces/tutorial_interfaces/action/detail/circle__functions.c
[9.476s] -- Installing: /home/simon/Documents/ARO/ros2_ws/install/tutorial_interfaces/include/tutorial_interfaces/tutorial_interfaces/action/detail/circle__struct.h
[9.476s] -- Installing: /home/simon/Documents/ARO/ros2_ws/install/tutorial_interfaces/include/tutorial_interfaces/tutorial_interfaces/srv
[9.476s] -- Installing: /home/simon/Documents/ARO/ros2_ws/install/tutorial_interfaces/include/tutorial_interfaces/tutorial_interfaces/srv/add_three_ints.h
[9.476s] -- Installing: /home/simon/Documents/ARO/ros2_ws/install/tutorial_interfaces/include/tutorial_interfaces/tutorial_interfaces/srv/circle.h
[9.477s] -- Installing: /home/simon/Documents/ARO/ros2_ws/install/tutorial_interfaces/include/tutorial_interfaces/tutorial_interfaces/srv/detail
[9.477s] -- Installing: /home/simon/Documents/ARO/ros2_ws/install/tutorial_interfaces/include/tutorial_interfaces/tutorial_interfaces/srv/detail/add_three_ints__type_support.h
[9.477s] -- Installing: /home/simon/Documents/ARO/ros2_ws/install/tutorial_interfaces/include/tutorial_interfaces/tutorial_interfaces/srv/detail/add_three_ints__functions.h
[9.477s] -- Installing: /home/simon/Documents/ARO/ros2_ws/install/tutorial_interfaces/include/tutorial_interfaces/tutorial_interfaces/srv/detail/add_three_ints__functions.c
[9.477s] -- Installing: /home/simon/Documents/ARO/ros2_ws/install/tutorial_interfaces/include/tutorial_interfaces/tutorial_interfaces/srv/detail/circle__type_support.h
[9.477s] -- Installing: /home/simon/Documents/ARO/ros2_ws/install/tutorial_interfaces/include/tutorial_interfaces/tutorial_interfaces/srv/detail/circle__functions.h
[9.477s] -- Installing: /home/simon/Documents/ARO/ros2_ws/install/tutorial_interfaces/include/tutorial_interfaces/tutorial_interfaces/srv/detail/add_three_ints__struct.h
[9.477s] -- Installing: /home/simon/Documents/ARO/ros2_ws/install/tutorial_interfaces/include/tutorial_interfaces/tutorial_interfaces/srv/detail/circle__functions.c
[9.478s] -- Installing: /home/simon/Documents/ARO/ros2_ws/install/tutorial_interfaces/include/tutorial_interfaces/tutorial_interfaces/srv/detail/circle__struct.h
[9.478s] -- Installing: /home/simon/Documents/ARO/ros2_ws/install/tutorial_interfaces/include/tutorial_interfaces/tutorial_interfaces/msg
[9.478s] -- Installing: /home/simon/Documents/ARO/ros2_ws/install/tutorial_interfaces/include/tutorial_interfaces/tutorial_interfaces/msg/num.h
[9.478s] -- Installing: /home/simon/Documents/ARO/ros2_ws/install/tutorial_interfaces/include/tutorial_interfaces/tutorial_interfaces/msg/sphere.h
[9.478s] -- Installing: /home/simon/Documents/ARO/ros2_ws/install/tutorial_interfaces/include/tutorial_interfaces/tutorial_interfaces/msg/detail
[9.478s] -- Installing: /home/simon/Documents/ARO/ros2_ws/install/tutorial_interfaces/include/tutorial_interfaces/tutorial_interfaces/msg/detail/sphere__functions.c
[9.478s] -- Installing: /home/simon/Documents/ARO/ros2_ws/install/tutorial_interfaces/include/tutorial_interfaces/tutorial_interfaces/msg/detail/num__struct.h
[9.478s] -- Installing: /home/simon/Documents/ARO/ros2_ws/install/tutorial_interfaces/include/tutorial_interfaces/tutorial_interfaces/msg/detail/num__functions.h
[9.478s] -- Installing: /home/simon/Documents/ARO/ros2_ws/install/tutorial_interfaces/include/tutorial_interfaces/tutorial_interfaces/msg/detail/sphere__functions.h
[9.479s] -- Installing: /home/simon/Documents/ARO/ros2_ws/install/tutorial_interfaces/include/tutorial_interfaces/tutorial_interfaces/msg/detail/sphere__type_support.h
[9.479s] -- Installing: /home/simon/Documents/ARO/ros2_ws/install/tutorial_interfaces/include/tutorial_interfaces/tutorial_interfaces/msg/detail/num__functions.c
[9.479s] -- Installing: /home/simon/Documents/ARO/ros2_ws/install/tutorial_interfaces/include/tutorial_interfaces/tutorial_interfaces/msg/detail/num__type_support.h
[9.479s] -- Installing: /home/simon/Documents/ARO/ros2_ws/install/tutorial_interfaces/include/tutorial_interfaces/tutorial_interfaces/msg/detail/sphere__struct.h
[9.479s] -- Installing: /home/simon/Documents/ARO/ros2_ws/install/tutorial_interfaces/include/tutorial_interfaces/tutorial_interfaces/msg/rosidl_generator_c__visibility_control.h
[9.479s] -- Installing: /home/simon/Documents/ARO/ros2_ws/install/tutorial_interfaces/share/tutorial_interfaces/environment/library_path.sh
[9.479s] -- Installing: /home/simon/Documents/ARO/ros2_ws/install/tutorial_interfaces/share/tutorial_interfaces/environment/library_path.dsv
[9.480s] -- Installing: /home/simon/Documents/ARO/ros2_ws/install/tutorial_interfaces/lib/libtutorial_interfaces__rosidl_generator_c.so
[9.480s] -- Set runtime path of "/home/simon/Documents/ARO/ros2_ws/install/tutorial_interfaces/lib/libtutorial_interfaces__rosidl_generator_c.so" to ""
[9.480s] -- Up-to-date: /home/simon/Documents/ARO/ros2_ws/install/tutorial_interfaces/include/tutorial_interfaces/tutorial_interfaces
[9.480s] -- Up-to-date: /home/simon/Documents/ARO/ros2_ws/install/tutorial_interfaces/include/tutorial_interfaces/tutorial_interfaces/action
[9.480s] -- Up-to-date: /home/simon/Documents/ARO/ros2_ws/install/tutorial_interfaces/include/tutorial_interfaces/tutorial_interfaces/action/detail
[9.481s] -- Installing: /home/simon/Documents/ARO/ros2_ws/install/tutorial_interfaces/include/tutorial_interfaces/tutorial_interfaces/action/detail/circle__rosidl_typesupport_fastrtps_c.h
[9.481s] -- Installing: /home/simon/Documents/ARO/ros2_ws/install/tutorial_interfaces/include/tutorial_interfaces/tutorial_interfaces/action/detail/compute_sum__rosidl_typesupport_fastrtps_c.h
[9.481s] -- Up-to-date: /home/simon/Documents/ARO/ros2_ws/install/tutorial_interfaces/include/tutorial_interfaces/tutorial_interfaces/srv
[9.481s] -- Up-to-date: /home/simon/Documents/ARO/ros2_ws/install/tutorial_interfaces/include/tutorial_interfaces/tutorial_interfaces/srv/detail
[9.481s] -- Installing: /home/simon/Documents/ARO/ros2_ws/install/tutorial_interfaces/include/tutorial_interfaces/tutorial_interfaces/srv/detail/add_three_ints__rosidl_typesupport_fastrtps_c.h
[9.481s] -- Installing: /home/simon/Documents/ARO/ros2_ws/install/tutorial_interfaces/include/tutorial_interfaces/tutorial_interfaces/srv/detail/circle__rosidl_typesupport_fastrtps_c.h
[9.481s] -- Up-to-date: /home/simon/Documents/ARO/ros2_ws/install/tutorial_interfaces/include/tutorial_interfaces/tutorial_interfaces/msg
[9.481s] -- Up-to-date: /home/simon/Documents/ARO/ros2_ws/install/tutorial_interfaces/include/tutorial_interfaces/tutorial_interfaces/msg/detail
[9.481s] -- Installing: /home/simon/Documents/ARO/ros2_ws/install/tutorial_interfaces/include/tutorial_interfaces/tutorial_interfaces/msg/detail/num__rosidl_typesupport_fastrtps_c.h
[9.481s] -- Installing: /home/simon/Documents/ARO/ros2_ws/install/tutorial_interfaces/include/tutorial_interfaces/tutorial_interfaces/msg/detail/sphere__rosidl_typesupport_fastrtps_c.h
[9.481s] -- Installing: /home/simon/Documents/ARO/ros2_ws/install/tutorial_interfaces/include/tutorial_interfaces/tutorial_interfaces/msg/rosidl_typesupport_fastrtps_c__visibility_control.h
[9.481s] -- Installing: /home/simon/Documents/ARO/ros2_ws/install/tutorial_interfaces/lib/libtutorial_interfaces__rosidl_typesupport_fastrtps_c.so
[9.482s] -- Set runtime path of "/home/simon/Documents/ARO/ros2_ws/install/tutorial_interfaces/lib/libtutorial_interfaces__rosidl_typesupport_fastrtps_c.so" to ""
[9.482s] -- Up-to-date: /home/simon/Documents/ARO/ros2_ws/install/tutorial_interfaces/include/tutorial_interfaces/tutorial_interfaces
[9.482s] -- Up-to-date: /home/simon/Documents/ARO/ros2_ws/install/tutorial_interfaces/include/tutorial_interfaces/tutorial_interfaces/action
[9.482s] -- Up-to-date: /home/simon/Documents/ARO/ros2_ws/install/tutorial_interfaces/include/tutorial_interfaces/tutorial_interfaces/action/detail
[9.482s] -- Installing: /home/simon/Documents/ARO/ros2_ws/install/tutorial_interfaces/include/tutorial_interfaces/tutorial_interfaces/action/detail/circle__type_support.c
[9.482s] -- Installing: /home/simon/Documents/ARO/ros2_ws/install/tutorial_interfaces/include/tutorial_interfaces/tutorial_interfaces/action/detail/circle__rosidl_typesupport_introspection_c.h
[9.483s] -- Installing: /home/simon/Documents/ARO/ros2_ws/install/tutorial_interfaces/include/tutorial_interfaces/tutorial_interfaces/action/detail/compute_sum__type_support.c
[9.483s] -- Installing: /home/simon/Documents/ARO/ros2_ws/install/tutorial_interfaces/include/tutorial_interfaces/tutorial_interfaces/action/detail/compute_sum__rosidl_typesupport_introspection_c.h
[9.483s] -- Up-to-date: /home/simon/Documents/ARO/ros2_ws/install/tutorial_interfaces/include/tutorial_interfaces/tutorial_interfaces/srv
[9.483s] -- Up-to-date: /home/simon/Documents/ARO/ros2_ws/install/tutorial_interfaces/include/tutorial_interfaces/tutorial_interfaces/srv/detail
[9.483s] -- Installing: /home/simon/Documents/ARO/ros2_ws/install/tutorial_interfaces/include/tutorial_interfaces/tutorial_interfaces/srv/detail/circle__type_support.c
[9.483s] -- Installing: /home/simon/Documents/ARO/ros2_ws/install/tutorial_interfaces/include/tutorial_interfaces/tutorial_interfaces/srv/detail/circle__rosidl_typesupport_introspection_c.h
[9.483s] -- Installing: /home/simon/Documents/ARO/ros2_ws/install/tutorial_interfaces/include/tutorial_interfaces/tutorial_interfaces/srv/detail/add_three_ints__type_support.c
[9.483s] -- Installing: /home/simon/Documents/ARO/ros2_ws/install/tutorial_interfaces/include/tutorial_interfaces/tutorial_interfaces/srv/detail/add_three_ints__rosidl_typesupport_introspection_c.h
[9.483s] -- Up-to-date: /home/simon/Documents/ARO/ros2_ws/install/tutorial_interfaces/include/tutorial_interfaces/tutorial_interfaces/msg
[9.483s] -- Up-to-date: /home/simon/Documents/ARO/ros2_ws/install/tutorial_interfaces/include/tutorial_interfaces/tutorial_interfaces/msg/detail
[9.483s] -- Installing: /home/simon/Documents/ARO/ros2_ws/install/tutorial_interfaces/include/tutorial_interfaces/tutorial_interfaces/msg/detail/num__type_support.c
[9.483s] -- Installing: /home/simon/Documents/ARO/ros2_ws/install/tutorial_interfaces/include/tutorial_interfaces/tutorial_interfaces/msg/detail/sphere__type_support.c
[9.484s] -- Installing: /home/simon/Documents/ARO/ros2_ws/install/tutorial_interfaces/include/tutorial_interfaces/tutorial_interfaces/msg/detail/num__rosidl_typesupport_introspection_c.h
[9.484s] -- Installing: /home/simon/Documents/ARO/ros2_ws/install/tutorial_interfaces/include/tutorial_interfaces/tutorial_interfaces/msg/detail/sphere__rosidl_typesupport_introspection_c.h
[9.484s] -- Installing: /home/simon/Documents/ARO/ros2_ws/install/tutorial_interfaces/include/tutorial_interfaces/tutorial_interfaces/msg/rosidl_typesupport_introspection_c__visibility_control.h
[9.484s] -- Installing: /home/simon/Documents/ARO/ros2_ws/install/tutorial_interfaces/lib/libtutorial_interfaces__rosidl_typesupport_introspection_c.so
[9.484s] -- Set runtime path of "/home/simon/Documents/ARO/ros2_ws/install/tutorial_interfaces/lib/libtutorial_interfaces__rosidl_typesupport_introspection_c.so" to ""
[9.485s] -- Installing: /home/simon/Documents/ARO/ros2_ws/install/tutorial_interfaces/lib/libtutorial_interfaces__rosidl_typesupport_c.so
[9.485s] -- Set runtime path of "/home/simon/Documents/ARO/ros2_ws/install/tutorial_interfaces/lib/libtutorial_interfaces__rosidl_typesupport_c.so" to ""
[9.485s] -- Up-to-date: /home/simon/Documents/ARO/ros2_ws/install/tutorial_interfaces/include/tutorial_interfaces/tutorial_interfaces
[9.485s] -- Up-to-date: /home/simon/Documents/ARO/ros2_ws/install/tutorial_interfaces/include/tutorial_interfaces/tutorial_interfaces/action
[9.485s] -- Installing: /home/simon/Documents/ARO/ros2_ws/install/tutorial_interfaces/include/tutorial_interfaces/tutorial_interfaces/action/compute_sum.hpp
[9.485s] -- Installing: /home/simon/Documents/ARO/ros2_ws/install/tutorial_interfaces/include/tutorial_interfaces/tutorial_interfaces/action/circle.hpp
[9.485s] -- Up-to-date: /home/simon/Documents/ARO/ros2_ws/install/tutorial_interfaces/include/tutorial_interfaces/tutorial_interfaces/action/detail
[9.485s] -- Installing: /home/simon/Documents/ARO/ros2_ws/install/tutorial_interfaces/include/tutorial_interfaces/tutorial_interfaces/action/detail/circle__traits.hpp
[9.486s] -- Installing: /home/simon/Documents/ARO/ros2_ws/install/tutorial_interfaces/include/tutorial_interfaces/tutorial_interfaces/action/detail/circle__builder.hpp
[9.486s] -- Installing: /home/simon/Documents/ARO/ros2_ws/install/tutorial_interfaces/include/tutorial_interfaces/tutorial_interfaces/action/detail/circle__struct.hpp
[9.486s] -- Installing: /home/simon/Documents/ARO/ros2_ws/install/tutorial_interfaces/include/tutorial_interfaces/tutorial_interfaces/action/detail/compute_sum__builder.hpp
[9.486s] -- Installing: /home/simon/Documents/ARO/ros2_ws/install/tutorial_interfaces/include/tutorial_interfaces/tutorial_interfaces/action/detail/compute_sum__traits.hpp
[9.486s] -- Installing: /home/simon/Documents/ARO/ros2_ws/install/tutorial_interfaces/include/tutorial_interfaces/tutorial_interfaces/action/detail/compute_sum__struct.hpp
[9.486s] -- Up-to-date: /home/simon/Documents/ARO/ros2_ws/install/tutorial_interfaces/include/tutorial_interfaces/tutorial_interfaces/srv
[9.486s] -- Installing: /home/simon/Documents/ARO/ros2_ws/install/tutorial_interfaces/include/tutorial_interfaces/tutorial_interfaces/srv/circle.hpp
[9.487s] -- Installing: /home/simon/Documents/ARO/ros2_ws/install/tutorial_interfaces/include/tutorial_interfaces/tutorial_interfaces/srv/add_three_ints.hpp
[9.487s] -- Up-to-date: /home/simon/Documents/ARO/ros2_ws/install/tutorial_interfaces/include/tutorial_interfaces/tutorial_interfaces/srv/detail
[9.487s] -- Installing: /home/simon/Documents/ARO/ros2_ws/install/tutorial_interfaces/include/tutorial_interfaces/tutorial_interfaces/srv/detail/circle__traits.hpp
[9.487s] -- Installing: /home/simon/Documents/ARO/ros2_ws/install/tutorial_interfaces/include/tutorial_interfaces/tutorial_interfaces/srv/detail/circle__builder.hpp
[9.487s] -- Installing: /home/simon/Documents/ARO/ros2_ws/install/tutorial_interfaces/include/tutorial_interfaces/tutorial_interfaces/srv/detail/add_three_ints__builder.hpp
[9.487s] -- Installing: /home/simon/Documents/ARO/ros2_ws/install/tutorial_interfaces/include/tutorial_interfaces/tutorial_interfaces/srv/detail/circle__struct.hpp
[9.487s] -- Installing: /home/simon/Documents/ARO/ros2_ws/install/tutorial_interfaces/include/tutorial_interfaces/tutorial_interfaces/srv/detail/add_three_ints__struct.hpp
[9.487s] -- Installing: /home/simon/Documents/ARO/ros2_ws/install/tutorial_interfaces/include/tutorial_interfaces/tutorial_interfaces/srv/detail/add_three_ints__traits.hpp
[9.487s] -- Up-to-date: /home/simon/Documents/ARO/ros2_ws/install/tutorial_interfaces/include/tutorial_interfaces/tutorial_interfaces/msg
[9.487s] -- Installing: /home/simon/Documents/ARO/ros2_ws/install/tutorial_interfaces/include/tutorial_interfaces/tutorial_interfaces/msg/sphere.hpp
[9.487s] -- Up-to-date: /home/simon/Documents/ARO/ros2_ws/install/tutorial_interfaces/include/tutorial_interfaces/tutorial_interfaces/msg/detail
[9.488s] -- Installing: /home/simon/Documents/ARO/ros2_ws/install/tutorial_interfaces/include/tutorial_interfaces/tutorial_interfaces/msg/detail/num__struct.hpp
[9.488s] -- Installing: /home/simon/Documents/ARO/ros2_ws/install/tutorial_interfaces/include/tutorial_interfaces/tutorial_interfaces/msg/detail/sphere__struct.hpp
[9.488s] -- Installing: /home/simon/Documents/ARO/ros2_ws/install/tutorial_interfaces/include/tutorial_interfaces/tutorial_interfaces/msg/detail/num__builder.hpp
[9.488s] -- Installing: /home/simon/Documents/ARO/ros2_ws/install/tutorial_interfaces/include/tutorial_interfaces/tutorial_interfaces/msg/detail/num__traits.hpp
[9.488s] -- Installing: /home/simon/Documents/ARO/ros2_ws/install/tutorial_interfaces/include/tutorial_interfaces/tutorial_interfaces/msg/detail/sphere__traits.hpp
[9.488s] -- Installing: /home/simon/Documents/ARO/ros2_ws/install/tutorial_interfaces/include/tutorial_interfaces/tutorial_interfaces/msg/detail/sphere__builder.hpp
[9.488s] -- Installing: /home/simon/Documents/ARO/ros2_ws/install/tutorial_interfaces/include/tutorial_interfaces/tutorial_interfaces/msg/num.hpp
[9.488s] -- Up-to-date: /home/simon/Documents/ARO/ros2_ws/install/tutorial_interfaces/include/tutorial_interfaces/tutorial_interfaces
[9.488s] -- Up-to-date: /home/simon/Documents/ARO/ros2_ws/install/tutorial_interfaces/include/tutorial_interfaces/tutorial_interfaces/action
[9.489s] -- Up-to-date: /home/simon/Documents/ARO/ros2_ws/install/tutorial_interfaces/include/tutorial_interfaces/tutorial_interfaces/action/detail
[9.489s] -- Installing: /home/simon/Documents/ARO/ros2_ws/install/tutorial_interfaces/include/tutorial_interfaces/tutorial_interfaces/action/detail/compute_sum__rosidl_typesupport_fastrtps_cpp.hpp
[9.489s] -- Installing: /home/simon/Documents/ARO/ros2_ws/install/tutorial_interfaces/include/tutorial_interfaces/tutorial_interfaces/action/detail/circle__rosidl_typesupport_fastrtps_cpp.hpp
[9.489s] -- Installing: /home/simon/Documents/ARO/ros2_ws/install/tutorial_interfaces/include/tutorial_interfaces/tutorial_interfaces/action/detail/dds_fastrtps
[9.489s] -- Up-to-date: /home/simon/Documents/ARO/ros2_ws/install/tutorial_interfaces/include/tutorial_interfaces/tutorial_interfaces/srv
[9.489s] -- Up-to-date: /home/simon/Documents/ARO/ros2_ws/install/tutorial_interfaces/include/tutorial_interfaces/tutorial_interfaces/srv/detail
[9.489s] -- Installing: /home/simon/Documents/ARO/ros2_ws/install/tutorial_interfaces/include/tutorial_interfaces/tutorial_interfaces/srv/detail/circle__rosidl_typesupport_fastrtps_cpp.hpp
[9.489s] -- Installing: /home/simon/Documents/ARO/ros2_ws/install/tutorial_interfaces/include/tutorial_interfaces/tutorial_interfaces/srv/detail/dds_fastrtps
[9.489s] -- Installing: /home/simon/Documents/ARO/ros2_ws/install/tutorial_interfaces/include/tutorial_interfaces/tutorial_interfaces/srv/detail/add_three_ints__rosidl_typesupport_fastrtps_cpp.hpp
[9.489s] -- Up-to-date: /home/simon/Documents/ARO/ros2_ws/install/tutorial_interfaces/include/tutorial_interfaces/tutorial_interfaces/msg
[9.489s] -- Installing: /home/simon/Documents/ARO/ros2_ws/install/tutorial_interfaces/include/tutorial_interfaces/tutorial_interfaces/msg/rosidl_typesupport_fastrtps_cpp__visibility_control.h
[9.489s] -- Up-to-date: /home/simon/Documents/ARO/ros2_ws/install/tutorial_interfaces/include/tutorial_interfaces/tutorial_interfaces/msg/detail
[9.489s] -- Installing: /home/simon/Documents/ARO/ros2_ws/install/tutorial_interfaces/include/tutorial_interfaces/tutorial_interfaces/msg/detail/dds_fastrtps
[9.490s] -- Installing: /home/simon/Documents/ARO/ros2_ws/install/tutorial_interfaces/include/tutorial_interfaces/tutorial_interfaces/msg/detail/num__rosidl_typesupport_fastrtps_cpp.hpp
[9.490s] -- Installing: /home/simon/Documents/ARO/ros2_ws/install/tutorial_interfaces/include/tutorial_interfaces/tutorial_interfaces/msg/detail/sphere__rosidl_typesupport_fastrtps_cpp.hpp
[9.490s] -- Installing: /home/simon/Documents/ARO/ros2_ws/install/tutorial_interfaces/lib/libtutorial_interfaces__rosidl_typesupport_fastrtps_cpp.so
[9.490s] -- Set runtime path of "/home/simon/Documents/ARO/ros2_ws/install/tutorial_interfaces/lib/libtutorial_interfaces__rosidl_typesupport_fastrtps_cpp.so" to ""
[9.491s] -- Up-to-date: /home/simon/Documents/ARO/ros2_ws/install/tutorial_interfaces/include/tutorial_interfaces/tutorial_interfaces
[9.491s] -- Up-to-date: /home/simon/Documents/ARO/ros2_ws/install/tutorial_interfaces/include/tutorial_interfaces/tutorial_interfaces/action
[9.491s] -- Up-to-date: /home/simon/Documents/ARO/ros2_ws/install/tutorial_interfaces/include/tutorial_interfaces/tutorial_interfaces/action/detail
[9.491s] -- Installing: /home/simon/Documents/ARO/ros2_ws/install/tutorial_interfaces/include/tutorial_interfaces/tutorial_interfaces/action/detail/compute_sum__type_support.cpp
[9.491s] -- Installing: /home/simon/Documents/ARO/ros2_ws/install/tutorial_interfaces/include/tutorial_interfaces/tutorial_interfaces/action/detail/compute_sum__rosidl_typesupport_introspection_cpp.hpp
[9.491s] -- Installing: /home/simon/Documents/ARO/ros2_ws/install/tutorial_interfaces/include/tutorial_interfaces/tutorial_interfaces/action/detail/circle__type_support.cpp
[9.491s] -- Installing: /home/simon/Documents/ARO/ros2_ws/install/tutorial_interfaces/include/tutorial_interfaces/tutorial_interfaces/action/detail/circle__rosidl_typesupport_introspection_cpp.hpp
[9.491s] -- Up-to-date: /home/simon/Documents/ARO/ros2_ws/install/tutorial_interfaces/include/tutorial_interfaces/tutorial_interfaces/srv
[9.491s] -- Up-to-date: /home/simon/Documents/ARO/ros2_ws/install/tutorial_interfaces/include/tutorial_interfaces/tutorial_interfaces/srv/detail
[9.491s] -- Installing: /home/simon/Documents/ARO/ros2_ws/install/tutorial_interfaces/include/tutorial_interfaces/tutorial_interfaces/srv/detail/add_three_ints__type_support.cpp
[9.491s] -- Installing: /home/simon/Documents/ARO/ros2_ws/install/tutorial_interfaces/include/tutorial_interfaces/tutorial_interfaces/srv/detail/add_three_ints__rosidl_typesupport_introspection_cpp.hpp
[9.492s] -- Installing: /home/simon/Documents/ARO/ros2_ws/install/tutorial_interfaces/include/tutorial_interfaces/tutorial_interfaces/srv/detail/circle__type_support.cpp
[9.492s] -- Installing: /home/simon/Documents/ARO/ros2_ws/install/tutorial_interfaces/include/tutorial_interfaces/tutorial_interfaces/srv/detail/circle__rosidl_typesupport_introspection_cpp.hpp
[9.492s] -- Up-to-date: /home/simon/Documents/ARO/ros2_ws/install/tutorial_interfaces/include/tutorial_interfaces/tutorial_interfaces/msg
[9.492s] -- Up-to-date: /home/simon/Documents/ARO/ros2_ws/install/tutorial_interfaces/include/tutorial_interfaces/tutorial_interfaces/msg/detail
[9.492s] -- Installing: /home/simon/Documents/ARO/ros2_ws/install/tutorial_interfaces/include/tutorial_interfaces/tutorial_interfaces/msg/detail/num__rosidl_typesupport_introspection_cpp.hpp
[9.492s] -- Installing: /home/simon/Documents/ARO/ros2_ws/install/tutorial_interfaces/include/tutorial_interfaces/tutorial_interfaces/msg/detail/num__type_support.cpp
[9.492s] -- Installing: /home/simon/Documents/ARO/ros2_ws/install/tutorial_interfaces/include/tutorial_interfaces/tutorial_interfaces/msg/detail/sphere__type_support.cpp
[9.492s] -- Installing: /home/simon/Documents/ARO/ros2_ws/install/tutorial_interfaces/include/tutorial_interfaces/tutorial_interfaces/msg/detail/sphere__rosidl_typesupport_introspection_cpp.hpp
[9.492s] -- Installing: /home/simon/Documents/ARO/ros2_ws/install/tutorial_interfaces/lib/libtutorial_interfaces__rosidl_typesupport_introspection_cpp.so
[9.493s] -- Set runtime path of "/home/simon/Documents/ARO/ros2_ws/install/tutorial_interfaces/lib/libtutorial_interfaces__rosidl_typesupport_introspection_cpp.so" to ""
[9.493s] -- Installing: /home/simon/Documents/ARO/ros2_ws/install/tutorial_interfaces/lib/libtutorial_interfaces__rosidl_typesupport_cpp.so
[9.494s] -- Set runtime path of "/home/simon/Documents/ARO/ros2_ws/install/tutorial_interfaces/lib/libtutorial_interfaces__rosidl_typesupport_cpp.so" to ""
[9.494s] -- Installing: /home/simon/Documents/ARO/ros2_ws/install/tutorial_interfaces/share/tutorial_interfaces/environment/pythonpath.sh
[9.494s] -- Installing: /home/simon/Documents/ARO/ros2_ws/install/tutorial_interfaces/share/tutorial_interfaces/environment/pythonpath.dsv
[9.494s] -- Installing: /home/simon/Documents/ARO/ros2_ws/install/tutorial_interfaces/local/lib/python3.10/dist-packages/tutorial_interfaces-0.0.0-py3.10.egg-info
[9.494s] -- Installing: /home/simon/Documents/ARO/ros2_ws/install/tutorial_interfaces/local/lib/python3.10/dist-packages/tutorial_interfaces-0.0.0-py3.10.egg-info/dependency_links.txt
[9.494s] -- Installing: /home/simon/Documents/ARO/ros2_ws/install/tutorial_interfaces/local/lib/python3.10/dist-packages/tutorial_interfaces-0.0.0-py3.10.egg-info/PKG-INFO
[9.494s] -- Installing: /home/simon/Documents/ARO/ros2_ws/install/tutorial_interfaces/local/lib/python3.10/dist-packages/tutorial_interfaces-0.0.0-py3.10.egg-info/top_level.txt
[9.494s] -- Installing: /home/simon/Documents/ARO/ros2_ws/install/tutorial_interfaces/local/lib/python3.10/dist-packages/tutorial_interfaces-0.0.0-py3.10.egg-info/SOURCES.txt
[9.495s] -- Installing: /home/simon/Documents/ARO/ros2_ws/install/tutorial_interfaces/local/lib/python3.10/dist-packages/tutorial_interfaces
[9.495s] -- Installing: /home/simon/Documents/ARO/ros2_ws/install/tutorial_interfaces/local/lib/python3.10/dist-packages/tutorial_interfaces/tutorial_interfaces_s__rosidl_typesupport_introspection_c.cpython-310-x86_64-linux-gnu.so
[9.495s] -- Installing: /home/simon/Documents/ARO/ros2_ws/install/tutorial_interfaces/local/lib/python3.10/dist-packages/tutorial_interfaces/action
[9.495s] -- Installing: /home/simon/Documents/ARO/ros2_ws/install/tutorial_interfaces/local/lib/python3.10/dist-packages/tutorial_interfaces/action/_circle.py
[9.495s] -- Installing: /home/simon/Documents/ARO/ros2_ws/install/tutorial_interfaces/local/lib/python3.10/dist-packages/tutorial_interfaces/action/__init__.py
[9.495s] -- Installing: /home/simon/Documents/ARO/ros2_ws/install/tutorial_interfaces/local/lib/python3.10/dist-packages/tutorial_interfaces/action/_circle_s.c
[9.495s] -- Installing: /home/simon/Documents/ARO/ros2_ws/install/tutorial_interfaces/local/lib/python3.10/dist-packages/tutorial_interfaces/action/_compute_sum_s.c
[9.496s] -- Installing: /home/simon/Documents/ARO/ros2_ws/install/tutorial_interfaces/local/lib/python3.10/dist-packages/tutorial_interfaces/action/_compute_sum.py
[9.496s] -- Installing: /home/simon/Documents/ARO/ros2_ws/install/tutorial_interfaces/local/lib/python3.10/dist-packages/tutorial_interfaces/srv
[9.496s] -- Installing: /home/simon/Documents/ARO/ros2_ws/install/tutorial_interfaces/local/lib/python3.10/dist-packages/tutorial_interfaces/srv/_add_three_ints.py
[9.496s] -- Installing: /home/simon/Documents/ARO/ros2_ws/install/tutorial_interfaces/local/lib/python3.10/dist-packages/tutorial_interfaces/srv/_circle.py
[9.496s] -- Installing: /home/simon/Documents/ARO/ros2_ws/install/tutorial_interfaces/local/lib/python3.10/dist-packages/tutorial_interfaces/srv/__init__.py
[9.496s] -- Installing: /home/simon/Documents/ARO/ros2_ws/install/tutorial_interfaces/local/lib/python3.10/dist-packages/tutorial_interfaces/srv/_circle_s.c
[9.496s] -- Installing: /home/simon/Documents/ARO/ros2_ws/install/tutorial_interfaces/local/lib/python3.10/dist-packages/tutorial_interfaces/srv/_add_three_ints_s.c
[9.497s] -- Installing: /home/simon/Documents/ARO/ros2_ws/install/tutorial_interfaces/local/lib/python3.10/dist-packages/tutorial_interfaces/__init__.py
[9.497s] -- Installing: /home/simon/Documents/ARO/ros2_ws/install/tutorial_interfaces/local/lib/python3.10/dist-packages/tutorial_interfaces/tutorial_interfaces_s__rosidl_typesupport_c.cpython-310-x86_64-linux-gnu.so
[9.497s] -- Installing: /home/simon/Documents/ARO/ros2_ws/install/tutorial_interfaces/local/lib/python3.10/dist-packages/tutorial_interfaces/_tutorial_interfaces_s.ep.rosidl_typesupport_introspection_c.c
[9.497s] -- Installing: /home/simon/Documents/ARO/ros2_ws/install/tutorial_interfaces/local/lib/python3.10/dist-packages/tutorial_interfaces/msg
[9.497s] -- Installing: /home/simon/Documents/ARO/ros2_ws/install/tutorial_interfaces/local/lib/python3.10/dist-packages/tutorial_interfaces/msg/_num_s.c
[9.498s] -- Installing: /home/simon/Documents/ARO/ros2_ws/install/tutorial_interfaces/local/lib/python3.10/dist-packages/tutorial_interfaces/msg/_sphere.py
[9.498s] -- Installing: /home/simon/Documents/ARO/ros2_ws/install/tutorial_interfaces/local/lib/python3.10/dist-packages/tutorial_interfaces/msg/__init__.py
[9.498s] -- Installing: /home/simon/Documents/ARO/ros2_ws/install/tutorial_interfaces/local/lib/python3.10/dist-packages/tutorial_interfaces/msg/_num.py
[9.498s] -- Installing: /home/simon/Documents/ARO/ros2_ws/install/tutorial_interfaces/local/lib/python3.10/dist-packages/tutorial_interfaces/msg/_sphere_s.c
[9.498s] -- Installing: /home/simon/Documents/ARO/ros2_ws/install/tutorial_interfaces/local/lib/python3.10/dist-packages/tutorial_interfaces/_tutorial_interfaces_s.ep.rosidl_typesupport_c.c
[9.498s] -- Installing: /home/simon/Documents/ARO/ros2_ws/install/tutorial_interfaces/local/lib/python3.10/dist-packages/tutorial_interfaces/tutorial_interfaces_s__rosidl_typesupport_fastrtps_c.cpython-310-x86_64-linux-gnu.so
[9.499s] -- Installing: /home/simon/Documents/ARO/ros2_ws/install/tutorial_interfaces/local/lib/python3.10/dist-packages/tutorial_interfaces/_tutorial_interfaces_s.ep.rosidl_typesupport_fastrtps_c.c
[9.499s] -- Installing: /home/simon/Documents/ARO/ros2_ws/install/tutorial_interfaces/local/lib/python3.10/dist-packages/tutorial_interfaces/libtutorial_interfaces__rosidl_generator_py.so
[9.546s] Listing '/home/simon/Documents/ARO/ros2_ws/install/tutorial_interfaces/local/lib/python3.10/dist-packages/tutorial_interfaces'...
[9.546s] Compiling '/home/simon/Documents/ARO/ros2_ws/install/tutorial_interfaces/local/lib/python3.10/dist-packages/tutorial_interfaces/__init__.py'...
[9.546s] Listing '/home/simon/Documents/ARO/ros2_ws/install/tutorial_interfaces/local/lib/python3.10/dist-packages/tutorial_interfaces/action'...
[9.546s] Compiling '/home/simon/Documents/ARO/ros2_ws/install/tutorial_interfaces/local/lib/python3.10/dist-packages/tutorial_interfaces/action/__init__.py'...
[9.546s] Compiling '/home/simon/Documents/ARO/ros2_ws/install/tutorial_interfaces/local/lib/python3.10/dist-packages/tutorial_interfaces/action/_circle.py'...
[9.546s] Compiling '/home/simon/Documents/ARO/ros2_ws/install/tutorial_interfaces/local/lib/python3.10/dist-packages/tutorial_interfaces/action/_compute_sum.py'...
[9.546s] Listing '/home/simon/Documents/ARO/ros2_ws/install/tutorial_interfaces/local/lib/python3.10/dist-packages/tutorial_interfaces/msg'...
[9.546s] Compiling '/home/simon/Documents/ARO/ros2_ws/install/tutorial_interfaces/local/lib/python3.10/dist-packages/tutorial_interfaces/msg/__init__.py'...
[9.546s] Compiling '/home/simon/Documents/ARO/ros2_ws/install/tutorial_interfaces/local/lib/python3.10/dist-packages/tutorial_interfaces/msg/_num.py'...
[9.546s] Compiling '/home/simon/Documents/ARO/ros2_ws/install/tutorial_interfaces/local/lib/python3.10/dist-packages/tutorial_interfaces/msg/_sphere.py'...
[9.547s] Listing '/home/simon/Documents/ARO/ros2_ws/install/tutorial_interfaces/local/lib/python3.10/dist-packages/tutorial_interfaces/srv'...
[9.547s] Compiling '/home/simon/Documents/ARO/ros2_ws/install/tutorial_interfaces/local/lib/python3.10/dist-packages/tutorial_interfaces/srv/__init__.py'...
[9.547s] Compiling '/home/simon/Documents/ARO/ros2_ws/install/tutorial_interfaces/local/lib/python3.10/dist-packages/tutorial_interfaces/srv/_add_three_ints.py'...
[9.547s] Compiling '/home/simon/Documents/ARO/ros2_ws/install/tutorial_interfaces/local/lib/python3.10/dist-packages/tutorial_interfaces/srv/_circle.py'...
[9.551s] -- Installing: /home/simon/Documents/ARO/ros2_ws/install/tutorial_interfaces/local/lib/python3.10/dist-packages/tutorial_interfaces/tutorial_interfaces_s__rosidl_typesupport_fastrtps_c.cpython-310-x86_64-linux-gnu.so
[9.552s] -- Set runtime path of "/home/simon/Documents/ARO/ros2_ws/install/tutorial_interfaces/local/lib/python3.10/dist-packages/tutorial_interfaces/tutorial_interfaces_s__rosidl_typesupport_fastrtps_c.cpython-310-x86_64-linux-gnu.so" to ""
[9.552s] -- Installing: /home/simon/Documents/ARO/ros2_ws/install/tutorial_interfaces/local/lib/python3.10/dist-packages/tutorial_interfaces/tutorial_interfaces_s__rosidl_typesupport_introspection_c.cpython-310-x86_64-linux-gnu.so
[9.552s] -- Set runtime path of "/home/simon/Documents/ARO/ros2_ws/install/tutorial_interfaces/local/lib/python3.10/dist-packages/tutorial_interfaces/tutorial_interfaces_s__rosidl_typesupport_introspection_c.cpython-310-x86_64-linux-gnu.so" to ""
[9.553s] -- Installing: /home/simon/Documents/ARO/ros2_ws/install/tutorial_interfaces/local/lib/python3.10/dist-packages/tutorial_interfaces/tutorial_interfaces_s__rosidl_typesupport_c.cpython-310-x86_64-linux-gnu.so
[9.553s] -- Set runtime path of "/home/simon/Documents/ARO/ros2_ws/install/tutorial_interfaces/local/lib/python3.10/dist-packages/tutorial_interfaces/tutorial_interfaces_s__rosidl_typesupport_c.cpython-310-x86_64-linux-gnu.so" to ""
[9.553s] -- Installing: /home/simon/Documents/ARO/ros2_ws/install/tutorial_interfaces/lib/libtutorial_interfaces__rosidl_generator_py.so
[9.554s] -- Set runtime path of "/home/simon/Documents/ARO/ros2_ws/install/tutorial_interfaces/lib/libtutorial_interfaces__rosidl_generator_py.so" to ""
[9.554s] -- Installing: /home/simon/Documents/ARO/ros2_ws/install/tutorial_interfaces/share/tutorial_interfaces/msg/Num.idl
[9.554s] -- Installing: /home/simon/Documents/ARO/ros2_ws/install/tutorial_interfaces/share/tutorial_interfaces/msg/Sphere.idl
[9.554s] -- Installing: /home/simon/Documents/ARO/ros2_ws/install/tutorial_interfaces/share/tutorial_interfaces/srv/AddThreeInts.idl
[9.554s] -- Installing: /home/simon/Documents/ARO/ros2_ws/install/tutorial_interfaces/share/tutorial_interfaces/action/ComputeSum.idl
[9.554s] -- Installing: /home/simon/Documents/ARO/ros2_ws/install/tutorial_interfaces/share/tutorial_interfaces/action/Circle.idl
[9.554s] -- Installing: /home/simon/Documents/ARO/ros2_ws/install/tutorial_interfaces/share/tutorial_interfaces/srv/Circle.idl
[9.554s] -- Installing: /home/simon/Documents/ARO/ros2_ws/install/tutorial_interfaces/share/tutorial_interfaces/msg/Num.msg
[9.555s] -- Installing: /home/simon/Documents/ARO/ros2_ws/install/tutorial_interfaces/share/tutorial_interfaces/msg/Sphere.msg
[9.555s] -- Installing: /home/simon/Documents/ARO/ros2_ws/install/tutorial_interfaces/share/tutorial_interfaces/srv/AddThreeInts.srv
[9.555s] -- Installing: /home/simon/Documents/ARO/ros2_ws/install/tutorial_interfaces/share/tutorial_interfaces/srv/AddThreeInts_Request.msg
[9.555s] -- Installing: /home/simon/Documents/ARO/ros2_ws/install/tutorial_interfaces/share/tutorial_interfaces/srv/AddThreeInts_Response.msg
[9.555s] -- Installing: /home/simon/Documents/ARO/ros2_ws/install/tutorial_interfaces/share/tutorial_interfaces/action/ComputeSum.action
[9.555s] -- Installing: /home/simon/Documents/ARO/ros2_ws/install/tutorial_interfaces/share/tutorial_interfaces/action/Circle.action
[9.555s] -- Installing: /home/simon/Documents/ARO/ros2_ws/install/tutorial_interfaces/share/tutorial_interfaces/srv/Circle.srv
[9.556s] -- Installing: /home/simon/Documents/ARO/ros2_ws/install/tutorial_interfaces/share/tutorial_interfaces/srv/Circle_Request.msg
[9.556s] -- Installing: /home/simon/Documents/ARO/ros2_ws/install/tutorial_interfaces/share/tutorial_interfaces/srv/Circle_Response.msg
[9.556s] -- Installing: /home/simon/Documents/ARO/ros2_ws/install/tutorial_interfaces/share/ament_index/resource_index/package_run_dependencies/tutorial_interfaces
[9.556s] -- Installing: /home/simon/Documents/ARO/ros2_ws/install/tutorial_interfaces/share/ament_index/resource_index/parent_prefix_path/tutorial_interfaces
[9.556s] -- Installing: /home/simon/Documents/ARO/ros2_ws/install/tutorial_interfaces/share/tutorial_interfaces/environment/ament_prefix_path.sh
[9.556s] -- Installing: /home/simon/Documents/ARO/ros2_ws/install/tutorial_interfaces/share/tutorial_interfaces/environment/ament_prefix_path.dsv
[9.557s] -- Installing: /home/simon/Documents/ARO/ros2_ws/install/tutorial_interfaces/share/tutorial_interfaces/environment/path.sh
[9.557s] -- Installing: /home/simon/Documents/ARO/ros2_ws/install/tutorial_interfaces/share/tutorial_interfaces/environment/path.dsv
[9.557s] -- Installing: /home/simon/Documents/ARO/ros2_ws/install/tutorial_interfaces/share/tutorial_interfaces/local_setup.bash
[9.557s] -- Installing: /home/simon/Documents/ARO/ros2_ws/install/tutorial_interfaces/share/tutorial_interfaces/local_setup.sh
[9.557s] -- Installing: /home/simon/Documents/ARO/ros2_ws/install/tutorial_interfaces/share/tutorial_interfaces/local_setup.zsh
[9.557s] -- Installing: /home/simon/Documents/ARO/ros2_ws/install/tutorial_interfaces/share/tutorial_interfaces/local_setup.dsv
[9.557s] -- Installing: /home/simon/Documents/ARO/ros2_ws/install/tutorial_interfaces/share/tutorial_interfaces/package.dsv
[9.558s] -- Installing: /home/simon/Documents/ARO/ros2_ws/install/tutorial_interfaces/share/ament_index/resource_index/packages/tutorial_interfaces
[9.558s] -- Installing: /home/simon/Documents/ARO/ros2_ws/install/tutorial_interfaces/share/tutorial_interfaces/cmake/export_tutorial_interfaces__rosidl_generator_cExport.cmake
[9.558s] -- Installing: /home/simon/Documents/ARO/ros2_ws/install/tutorial_interfaces/share/tutorial_interfaces/cmake/export_tutorial_interfaces__rosidl_generator_cExport-noconfig.cmake
[9.558s] -- Installing: /home/simon/Documents/ARO/ros2_ws/install/tutorial_interfaces/share/tutorial_interfaces/cmake/export_tutorial_interfaces__rosidl_typesupport_fastrtps_cExport.cmake
[9.558s] -- Installing: /home/simon/Documents/ARO/ros2_ws/install/tutorial_interfaces/share/tutorial_interfaces/cmake/export_tutorial_interfaces__rosidl_typesupport_fastrtps_cExport-noconfig.cmake
[9.558s] -- Installing: /home/simon/Documents/ARO/ros2_ws/install/tutorial_interfaces/share/tutorial_interfaces/cmake/tutorial_interfaces__rosidl_typesupport_introspection_cExport.cmake
[9.559s] -- Installing: /home/simon/Documents/ARO/ros2_ws/install/tutorial_interfaces/share/tutorial_interfaces/cmake/tutorial_interfaces__rosidl_typesupport_introspection_cExport-noconfig.cmake
[9.559s] -- Installing: /home/simon/Documents/ARO/ros2_ws/install/tutorial_interfaces/share/tutorial_interfaces/cmake/tutorial_interfaces__rosidl_typesupport_cExport.cmake
[9.559s] -- Installing: /home/simon/Documents/ARO/ros2_ws/install/tutorial_interfaces/share/tutorial_interfaces/cmake/tutorial_interfaces__rosidl_typesupport_cExport-noconfig.cmake
[9.559s] -- Installing: /home/simon/Documents/ARO/ros2_ws/install/tutorial_interfaces/share/tutorial_interfaces/cmake/export_tutorial_interfaces__rosidl_generator_cppExport.cmake
[9.559s] -- Installing: /home/simon/Documents/ARO/ros2_ws/install/tutorial_interfaces/share/tutorial_interfaces/cmake/export_tutorial_interfaces__rosidl_typesupport_fastrtps_cppExport.cmake
[9.560s] -- Installing: /home/simon/Documents/ARO/ros2_ws/install/tutorial_interfaces/share/tutorial_interfaces/cmake/export_tutorial_interfaces__rosidl_typesupport_fastrtps_cppExport-noconfig.cmake
[9.560s] -- Installing: /home/simon/Documents/ARO/ros2_ws/install/tutorial_interfaces/share/tutorial_interfaces/cmake/tutorial_interfaces__rosidl_typesupport_introspection_cppExport.cmake
[9.560s] -- Installing: /home/simon/Documents/ARO/ros2_ws/install/tutorial_interfaces/share/tutorial_interfaces/cmake/tutorial_interfaces__rosidl_typesupport_introspection_cppExport-noconfig.cmake
[9.560s] -- Installing: /home/simon/Documents/ARO/ros2_ws/install/tutorial_interfaces/share/tutorial_interfaces/cmake/tutorial_interfaces__rosidl_typesupport_cppExport.cmake
[9.560s] -- Installing: /home/simon/Documents/ARO/ros2_ws/install/tutorial_interfaces/share/tutorial_interfaces/cmake/tutorial_interfaces__rosidl_typesupport_cppExport-noconfig.cmake
[9.560s] -- Installing: /home/simon/Documents/ARO/ros2_ws/install/tutorial_interfaces/share/tutorial_interfaces/cmake/export_tutorial_interfaces__rosidl_generator_pyExport.cmake
[9.560s] -- Installing: /home/simon/Documents/ARO/ros2_ws/install/tutorial_interfaces/share/tutorial_interfaces/cmake/export_tutorial_interfaces__rosidl_generator_pyExport-noconfig.cmake
[9.561s] -- Installing: /home/simon/Documents/ARO/ros2_ws/install/tutorial_interfaces/share/tutorial_interfaces/cmake/rosidl_cmake-extras.cmake
[9.561s] -- Installing: /home/simon/Documents/ARO/ros2_ws/install/tutorial_interfaces/share/tutorial_interfaces/cmake/ament_cmake_export_dependencies-extras.cmake
[9.561s] -- Installing: /home/simon/Documents/ARO/ros2_ws/install/tutorial_interfaces/share/tutorial_interfaces/cmake/ament_cmake_export_include_directories-extras.cmake
[9.561s] -- Installing: /home/simon/Documents/ARO/ros2_ws/install/tutorial_interfaces/share/tutorial_interfaces/cmake/ament_cmake_export_libraries-extras.cmake
[9.561s] -- Installing: /home/simon/Documents/ARO/ros2_ws/install/tutorial_interfaces/share/tutorial_interfaces/cmake/ament_cmake_export_targets-extras.cmake
[9.561s] -- Installing: /home/simon/Documents/ARO/ros2_ws/install/tutorial_interfaces/share/tutorial_interfaces/cmake/rosidl_cmake_export_typesupport_targets-extras.cmake
[9.562s] -- Installing: /home/simon/Documents/ARO/ros2_ws/install/tutorial_interfaces/share/tutorial_interfaces/cmake/rosidl_cmake_export_typesupport_libraries-extras.cmake
[9.562s] -- Installing: /home/simon/Documents/ARO/ros2_ws/install/tutorial_interfaces/share/tutorial_interfaces/cmake/tutorial_interfacesConfig.cmake
[9.562s] -- Installing: /home/simon/Documents/ARO/ros2_ws/install/tutorial_interfaces/share/tutorial_interfaces/cmake/tutorial_interfacesConfig-version.cmake
[9.562s] -- Installing: /home/simon/Documents/ARO/ros2_ws/install/tutorial_interfaces/share/tutorial_interfaces/package.xml
[9.565s] Invoked command in '/home/simon/Documents/ARO/ros2_ws/build/tutorial_interfaces' returned '0': CMAKE_PREFIX_PATH=${CMAKE_PREFIX_PATH}:/home/simon/Documents/ARO/ros2_ws/src/install/mi_paquete_python:/home/simon/Documents/ARO/ros2_ws/src/install/launch_testing_examples:/home/simon/Documents/ARO/ros2_ws/src/install/examples_rclpy_minimal_subscriber:/home/simon/Documents/ARO/ros2_ws/src/install/examples_rclpy_minimal_service:/home/simon/Documents/ARO/ros2_ws/src/install/examples_rclpy_minimal_publisher:/home/simon/Documents/ARO/ros2_ws/src/install/examples_rclpy_minimal_client:/home/simon/Documents/ARO/ros2_ws/src/install/examples_rclpy_minimal_action_server:/home/simon/Documents/ARO/ros2_ws/src/install/examples_rclpy_minimal_action_client:/home/simon/Documents/ARO/turtlebot3_ws/install/turtlebot3_teleop:/home/simon/Documents/ARO/turtlebot3_ws/install/turtlebot3_example:/opt/ros/humble /usr/bin/cmake --install /home/simon/Documents/ARO/ros2_ws/build/tutorial_interfaces
