[0.996s] Invoking command in '/home/simon/Documents/ARO/ros2_ws/src/mi_paquete_python': PYTHONPATH=/home/simon/Documents/ARO/ros2_ws/build/mi_paquete_python/prefix_override:/home/simon/Documents/ARO/ros2_ws/install/mi_paquete_python/lib/python3.10/site-packages:${PYTHONPATH} /usr/bin/python3 setup.py egg_info --egg-base ../../build/mi_paquete_python build --build-base /home/simon/Documents/ARO/ros2_ws/build/mi_paquete_python/build install --record /home/simon/Documents/ARO/ros2_ws/build/mi_paquete_python/install.log --single-version-externally-managed
[1.253s] running egg_info
[1.253s] creating ../../build/mi_paquete_python/mi_paquete_python.egg-info
[1.253s] writing ../../build/mi_paquete_python/mi_paquete_python.egg-info/PKG-INFO
[1.253s] writing dependency_links to ../../build/mi_paquete_python/mi_paquete_python.egg-info/dependency_links.txt
[1.254s] writing entry points to ../../build/mi_paquete_python/mi_paquete_python.egg-info/entry_points.txt
[1.254s] writing requirements to ../../build/mi_paquete_python/mi_paquete_python.egg-info/requires.txt
[1.254s] writing top-level names to ../../build/mi_paquete_python/mi_paquete_python.egg-info/top_level.txt
[1.254s] writing manifest file '../../build/mi_paquete_python/mi_paquete_python.egg-info/SOURCES.txt'
[1.256s] reading manifest file '../../build/mi_paquete_python/mi_paquete_python.egg-info/SOURCES.txt'
[1.256s] writing manifest file '../../build/mi_paquete_python/mi_paquete_python.egg-info/SOURCES.txt'
[1.256s] running build
[1.256s] running build_py
[1.257s] creating /home/simon/Documents/ARO/ros2_ws/build/mi_paquete_python/build
[1.257s] creating /home/simon/Documents/ARO/ros2_ws/build/mi_paquete_python/build/lib
[1.257s] creating /home/simon/Documents/ARO/ros2_ws/build/mi_paquete_python/build/lib/mi_paquete_python
[1.257s] copying mi_paquete_python/move_leonardo.py -> /home/simon/Documents/ARO/ros2_ws/build/mi_paquete_python/build/lib/mi_paquete_python
[1.257s] copying mi_paquete_python/__init__.py -> /home/simon/Documents/ARO/ros2_ws/build/mi_paquete_python/build/lib/mi_paquete_python
[1.257s] copying mi_paquete_python/robot_news_station.py -> /home/simon/Documents/ARO/ros2_ws/build/mi_paquete_python/build/lib/mi_paquete_python
[1.257s] copying mi_paquete_python/move_turtle_client.py -> /home/simon/Documents/ARO/ros2_ws/build/mi_paquete_python/build/lib/mi_paquete_python
[1.257s] copying mi_paquete_python/add_three_ints_server.py -> /home/simon/Documents/ARO/ros2_ws/build/mi_paquete_python/build/lib/mi_paquete_python
[1.257s] copying mi_paquete_python/smartphone.py -> /home/simon/Documents/ARO/ros2_ws/build/mi_paquete_python/build/lib/mi_paquete_python
[1.258s] copying mi_paquete_python/move_turtle.py -> /home/simon/Documents/ARO/ros2_ws/build/mi_paquete_python/build/lib/mi_paquete_python
[1.258s] copying mi_paquete_python/turtle_controller.py -> /home/simon/Documents/ARO/ros2_ws/build/mi_paquete_python/build/lib/mi_paquete_python
[1.258s] copying mi_paquete_python/position_logger.py -> /home/simon/Documents/ARO/ros2_ws/build/mi_paquete_python/build/lib/mi_paquete_python
[1.258s] copying mi_paquete_python/add_three_ints_client.py -> /home/simon/Documents/ARO/ros2_ws/build/mi_paquete_python/build/lib/mi_paquete_python
[1.258s] copying mi_paquete_python/move_raphael.py -> /home/simon/Documents/ARO/ros2_ws/build/mi_paquete_python/build/lib/mi_paquete_python
[1.258s] copying mi_paquete_python/move_donatello.py -> /home/simon/Documents/ARO/ros2_ws/build/mi_paquete_python/build/lib/mi_paquete_python
[1.258s] copying mi_paquete_python/move_michelangelo.py -> /home/simon/Documents/ARO/ros2_ws/build/mi_paquete_python/build/lib/mi_paquete_python
[1.258s] copying mi_paquete_python/circle_action_client.py -> /home/simon/Documents/ARO/ros2_ws/build/mi_paquete_python/build/lib/mi_paquete_python
[1.258s] copying mi_paquete_python/circle_action_server.py -> /home/simon/Documents/ARO/ros2_ws/build/mi_paquete_python/build/lib/mi_paquete_python
[1.258s] running install
[1.259s] running install_lib
[1.259s] creating /home/simon/Documents/ARO/ros2_ws/install/mi_paquete_python/lib/python3.10/site-packages/mi_paquete_python
[1.260s] copying /home/simon/Documents/ARO/ros2_ws/build/mi_paquete_python/build/lib/mi_paquete_python/move_leonardo.py -> /home/simon/Documents/ARO/ros2_ws/install/mi_paquete_python/lib/python3.10/site-packages/mi_paquete_python
[1.260s] copying /home/simon/Documents/ARO/ros2_ws/build/mi_paquete_python/build/lib/mi_paquete_python/__init__.py -> /home/simon/Documents/ARO/ros2_ws/install/mi_paquete_python/lib/python3.10/site-packages/mi_paquete_python
[1.260s] copying /home/simon/Documents/ARO/ros2_ws/build/mi_paquete_python/build/lib/mi_paquete_python/robot_news_station.py -> /home/simon/Documents/ARO/ros2_ws/install/mi_paquete_python/lib/python3.10/site-packages/mi_paquete_python
[1.260s] copying /home/simon/Documents/ARO/ros2_ws/build/mi_paquete_python/build/lib/mi_paquete_python/move_turtle_client.py -> /home/simon/Documents/ARO/ros2_ws/install/mi_paquete_python/lib/python3.10/site-packages/mi_paquete_python
[1.260s] copying /home/simon/Documents/ARO/ros2_ws/build/mi_paquete_python/build/lib/mi_paquete_python/add_three_ints_server.py -> /home/simon/Documents/ARO/ros2_ws/install/mi_paquete_python/lib/python3.10/site-packages/mi_paquete_python
[1.260s] copying /home/simon/Documents/ARO/ros2_ws/build/mi_paquete_python/build/lib/mi_paquete_python/smartphone.py -> /home/simon/Documents/ARO/ros2_ws/install/mi_paquete_python/lib/python3.10/site-packages/mi_paquete_python
[1.260s] copying /home/simon/Documents/ARO/ros2_ws/build/mi_paquete_python/build/lib/mi_paquete_python/move_turtle.py -> /home/simon/Documents/ARO/ros2_ws/install/mi_paquete_python/lib/python3.10/site-packages/mi_paquete_python
[1.260s] copying /home/simon/Documents/ARO/ros2_ws/build/mi_paquete_python/build/lib/mi_paquete_python/turtle_controller.py -> /home/simon/Documents/ARO/ros2_ws/install/mi_paquete_python/lib/python3.10/site-packages/mi_paquete_python
[1.260s] copying /home/simon/Documents/ARO/ros2_ws/build/mi_paquete_python/build/lib/mi_paquete_python/position_logger.py -> /home/simon/Documents/ARO/ros2_ws/install/mi_paquete_python/lib/python3.10/site-packages/mi_paquete_python
[1.261s] copying /home/simon/Documents/ARO/ros2_ws/build/mi_paquete_python/build/lib/mi_paquete_python/add_three_ints_client.py -> /home/simon/Documents/ARO/ros2_ws/install/mi_paquete_python/lib/python3.10/site-packages/mi_paquete_python
[1.261s] copying /home/simon/Documents/ARO/ros2_ws/build/mi_paquete_python/build/lib/mi_paquete_python/move_raphael.py -> /home/simon/Documents/ARO/ros2_ws/install/mi_paquete_python/lib/python3.10/site-packages/mi_paquete_python
[1.261s] copying /home/simon/Documents/ARO/ros2_ws/build/mi_paquete_python/build/lib/mi_paquete_python/move_donatello.py -> /home/simon/Documents/ARO/ros2_ws/install/mi_paquete_python/lib/python3.10/site-packages/mi_paquete_python
[1.261s] copying /home/simon/Documents/ARO/ros2_ws/build/mi_paquete_python/build/lib/mi_paquete_python/move_michelangelo.py -> /home/simon/Documents/ARO/ros2_ws/install/mi_paquete_python/lib/python3.10/site-packages/mi_paquete_python
[1.261s] copying /home/simon/Documents/ARO/ros2_ws/build/mi_paquete_python/build/lib/mi_paquete_python/circle_action_client.py -> /home/simon/Documents/ARO/ros2_ws/install/mi_paquete_python/lib/python3.10/site-packages/mi_paquete_python
[1.261s] copying /home/simon/Documents/ARO/ros2_ws/build/mi_paquete_python/build/lib/mi_paquete_python/circle_action_server.py -> /home/simon/Documents/ARO/ros2_ws/install/mi_paquete_python/lib/python3.10/site-packages/mi_paquete_python
[1.262s] byte-compiling /home/simon/Documents/ARO/ros2_ws/install/mi_paquete_python/lib/python3.10/site-packages/mi_paquete_python/move_leonardo.py to move_leonardo.cpython-310.pyc
[1.262s] byte-compiling /home/simon/Documents/ARO/ros2_ws/install/mi_paquete_python/lib/python3.10/site-packages/mi_paquete_python/__init__.py to __init__.cpython-310.pyc
[1.262s] byte-compiling /home/simon/Documents/ARO/ros2_ws/install/mi_paquete_python/lib/python3.10/site-packages/mi_paquete_python/robot_news_station.py to robot_news_station.cpython-310.pyc
[1.263s] byte-compiling /home/simon/Documents/ARO/ros2_ws/install/mi_paquete_python/lib/python3.10/site-packages/mi_paquete_python/move_turtle_client.py to move_turtle_client.cpython-310.pyc
[1.263s] byte-compiling /home/simon/Documents/ARO/ros2_ws/install/mi_paquete_python/lib/python3.10/site-packages/mi_paquete_python/add_three_ints_server.py to add_three_ints_server.cpython-310.pyc
[1.263s] byte-compiling /home/simon/Documents/ARO/ros2_ws/install/mi_paquete_python/lib/python3.10/site-packages/mi_paquete_python/smartphone.py to smartphone.cpython-310.pyc
[1.263s] byte-compiling /home/simon/Documents/ARO/ros2_ws/install/mi_paquete_python/lib/python3.10/site-packages/mi_paquete_python/move_turtle.py to move_turtle.cpython-310.pyc
[1.264s] byte-compiling /home/simon/Documents/ARO/ros2_ws/install/mi_paquete_python/lib/python3.10/site-packages/mi_paquete_python/turtle_controller.py to turtle_controller.cpython-310.pyc
[1.264s] byte-compiling /home/simon/Documents/ARO/ros2_ws/install/mi_paquete_python/lib/python3.10/site-packages/mi_paquete_python/position_logger.py to position_logger.cpython-310.pyc
[1.265s] byte-compiling /home/simon/Documents/ARO/ros2_ws/install/mi_paquete_python/lib/python3.10/site-packages/mi_paquete_python/add_three_ints_client.py to add_three_ints_client.cpython-310.pyc
[1.265s] byte-compiling /home/simon/Documents/ARO/ros2_ws/install/mi_paquete_python/lib/python3.10/site-packages/mi_paquete_python/move_raphael.py to move_raphael.cpython-310.pyc
[1.266s] byte-compiling /home/simon/Documents/ARO/ros2_ws/install/mi_paquete_python/lib/python3.10/site-packages/mi_paquete_python/move_donatello.py to move_donatello.cpython-310.pyc
[1.266s] byte-compiling /home/simon/Documents/ARO/ros2_ws/install/mi_paquete_python/lib/python3.10/site-packages/mi_paquete_python/move_michelangelo.py to move_michelangelo.cpython-310.pyc
[1.266s] byte-compiling /home/simon/Documents/ARO/ros2_ws/install/mi_paquete_python/lib/python3.10/site-packages/mi_paquete_python/circle_action_client.py to circle_action_client.cpython-310.pyc
[1.267s] byte-compiling /home/simon/Documents/ARO/ros2_ws/install/mi_paquete_python/lib/python3.10/site-packages/mi_paquete_python/circle_action_server.py to circle_action_server.cpython-310.pyc
[1.268s] running install_data
[1.268s]   File "/home/simon/Documents/ARO/ros2_ws/install/mi_paquete_python/lib/python3.10/site-packages/mi_paquete_python/circle_action_server.py", line 37
[1.268s]     self. = Point()
[1.268s]           ^
[1.268s] SyntaxError: invalid syntax
[1.268s] 
[1.268s] creating /home/simon/Documents/ARO/ros2_ws/install/mi_paquete_python/share/ament_index
[1.268s] creating /home/simon/Documents/ARO/ros2_ws/install/mi_paquete_python/share/ament_index/resource_index
[1.268s] creating /home/simon/Documents/ARO/ros2_ws/install/mi_paquete_python/share/ament_index/resource_index/packages
[1.269s] copying resource/mi_paquete_python -> /home/simon/Documents/ARO/ros2_ws/install/mi_paquete_python/share/ament_index/resource_index/packages
[1.269s] copying package.xml -> /home/simon/Documents/ARO/ros2_ws/install/mi_paquete_python/share/mi_paquete_python
[1.269s] running install_egg_info
[1.270s] Copying ../../build/mi_paquete_python/mi_paquete_python.egg-info to /home/simon/Documents/ARO/ros2_ws/install/mi_paquete_python/lib/python3.10/site-packages/mi_paquete_python-0.0.0-py3.10.egg-info
[1.271s] running install_scripts
[1.290s] Installing add_three_ints_client script to /home/simon/Documents/ARO/ros2_ws/install/mi_paquete_python/lib/mi_paquete_python
[1.290s] Installing add_three_ints_server script to /home/simon/Documents/ARO/ros2_ws/install/mi_paquete_python/lib/mi_paquete_python
[1.290s] Installing circle_action_client script to /home/simon/Documents/ARO/ros2_ws/install/mi_paquete_python/lib/mi_paquete_python
[1.290s] Installing circle_action_server script to /home/simon/Documents/ARO/ros2_ws/install/mi_paquete_python/lib/mi_paquete_python
[1.290s] Installing move_donatello script to /home/simon/Documents/ARO/ros2_ws/install/mi_paquete_python/lib/mi_paquete_python
[1.291s] Installing move_leonardo script to /home/simon/Documents/ARO/ros2_ws/install/mi_paquete_python/lib/mi_paquete_python
[1.291s] Installing move_michelangelo script to /home/simon/Documents/ARO/ros2_ws/install/mi_paquete_python/lib/mi_paquete_python
[1.291s] Installing move_turtle script to /home/simon/Documents/ARO/ros2_ws/install/mi_paquete_python/lib/mi_paquete_python
[1.291s] Installing move_turtle_client script to /home/simon/Documents/ARO/ros2_ws/install/mi_paquete_python/lib/mi_paquete_python
[1.291s] Installing position_logger script to /home/simon/Documents/ARO/ros2_ws/install/mi_paquete_python/lib/mi_paquete_python
[1.291s] Installing robot_news_station script to /home/simon/Documents/ARO/ros2_ws/install/mi_paquete_python/lib/mi_paquete_python
[1.291s] Installing smartphone script to /home/simon/Documents/ARO/ros2_ws/install/mi_paquete_python/lib/mi_paquete_python
[1.291s] Installing turtle_controller script to /home/simon/Documents/ARO/ros2_ws/install/mi_paquete_python/lib/mi_paquete_python
[1.291s] writing list of installed files to '/home/simon/Documents/ARO/ros2_ws/build/mi_paquete_python/install.log'
[1.326s] Invoked command in '/home/simon/Documents/ARO/ros2_ws/src/mi_paquete_python' returned '0': PYTHONPATH=/home/simon/Documents/ARO/ros2_ws/build/mi_paquete_python/prefix_override:/home/simon/Documents/ARO/ros2_ws/install/mi_paquete_python/lib/python3.10/site-packages:${PYTHONPATH} /usr/bin/python3 setup.py egg_info --egg-base ../../build/mi_paquete_python build --build-base /home/simon/Documents/ARO/ros2_ws/build/mi_paquete_python/build install --record /home/simon/Documents/ARO/ros2_ws/build/mi_paquete_python/install.log --single-version-externally-managed
