[0.032s] Invoking command in '/home/simon/Documents/ARO/turtlebot3_ws/build/turtlebot3_gazebo': /usr/bin/cmake /home/simon/Documents/ARO/turtlebot3_ws/src/turtlebot3/turtlebot3_simulations/turtlebot3_gazebo -DAMENT_CMAKE_SYMLINK_INSTALL=1 -DCMAKE_INSTALL_PREFIX=/home/simon/Documents/ARO/turtlebot3_ws/install/turtlebot3_gazebo
[0.141s] -- The C compiler identification is GNU 11.4.0
[0.220s] -- The CXX compiler identification is GNU 11.4.0
[0.229s] -- Detecting C compiler ABI info
[0.323s] -- Detecting C compiler ABI info - done
[0.338s] -- Check for working C compiler: /usr/bin/cc - skipped
[0.338s] -- Detecting C compile features
[0.339s] -- Detecting C compile features - done
[0.343s] -- Detecting CXX compiler ABI info
[0.441s] -- Detecting CXX compiler ABI info - done
[0.453s] -- Check for working CXX compiler: /usr/bin/c++ - skipped
[0.453s] -- Detecting CXX compile features
[0.453s] -- Detecting CXX compile features - done
[0.473s] [31mCMake Error at CMakeLists.txt:22 (find_package):
[0.473s]   By not providing "Findament_cmake.cmake" in CMAKE_MODULE_PATH this project
[0.473s]   has asked CMake to find a package configuration file provided by
[0.474s]   "ament_cmake", but CMake did not find one.
[0.474s] 
[0.474s]   Could not find a package configuration file provided by "ament_cmake" with
[0.475s]   any of the following names:
[0.475s] 
[0.477s]     ament_cmakeConfig.cmake
[0.478s]     ament_cmake-config.cmake
[0.478s] 
[0.478s]   Add the installation prefix of "ament_cmake" to CMAKE_PREFIX_PATH or set
[0.478s]   "ament_cmake_DIR" to a directory containing one of the above files.  If
[0.478s]   "ament_cmake" provides a separate development package or SDK, be sure it
[0.479s]   has been installed.
[0.479s] 
[0.479s] [0m
[0.480s] -- Configuring incomplete, errors occurred!
[0.482s] See also "/home/simon/Documents/ARO/turtlebot3_ws/build/turtlebot3_gazebo/CMakeFiles/CMakeOutput.log".
