[2.228s] Invoking command in '/home/simon/Documents/ARO/ros2_ws/src/build/examples_rclpy_minimal_publisher': PYTHONPATH=/home/simon/Documents/ARO/ros2_ws/src/build/examples_rclpy_minimal_publisher/prefix_override:/home/simon/Documents/ARO/ros2_ws/src/install/examples_rclpy_minimal_publisher/lib/python3.10/site-packages:${PYTHONPATH} /usr/bin/python3 setup.py develop --editable --build-directory /home/simon/Documents/ARO/ros2_ws/src/build/examples_rclpy_minimal_publisher/build --no-deps install_data
[2.574s] running develop
[2.759s] running egg_info
[2.759s] creating examples_rclpy_minimal_publisher.egg-info
[2.759s] writing examples_rclpy_minimal_publisher.egg-info/PKG-INFO
[2.759s] writing dependency_links to examples_rclpy_minimal_publisher.egg-info/dependency_links.txt
[2.760s] writing entry points to examples_rclpy_minimal_publisher.egg-info/entry_points.txt
[2.760s] writing requirements to examples_rclpy_minimal_publisher.egg-info/requires.txt
[2.760s] writing top-level names to examples_rclpy_minimal_publisher.egg-info/top_level.txt
[2.760s] writing manifest file 'examples_rclpy_minimal_publisher.egg-info/SOURCES.txt'
[2.762s] reading manifest file 'examples_rclpy_minimal_publisher.egg-info/SOURCES.txt'
[2.763s] writing manifest file 'examples_rclpy_minimal_publisher.egg-info/SOURCES.txt'
[2.764s] running build_ext
[2.764s] Creating /home/simon/Documents/ARO/ros2_ws/src/install/examples_rclpy_minimal_publisher/lib/python3.10/site-packages/examples-rclpy-minimal-publisher.egg-link (link to .)
[2.765s] Installing publisher_member_function script to /home/simon/Documents/ARO/ros2_ws/src/install/examples_rclpy_minimal_publisher/lib/examples_rclpy_minimal_publisher
[2.766s] Installing publisher_old_school script to /home/simon/Documents/ARO/ros2_ws/src/install/examples_rclpy_minimal_publisher/lib/examples_rclpy_minimal_publisher
[2.766s] 
[2.766s] Installed /home/simon/Documents/ARO/ros2_ws/src/build/examples_rclpy_minimal_publisher
[2.766s] running install_data
[2.767s] creating /home/simon/Documents/ARO/ros2_ws/src/install/examples_rclpy_minimal_publisher/share/ament_index
[2.767s] creating /home/simon/Documents/ARO/ros2_ws/src/install/examples_rclpy_minimal_publisher/share/ament_index/resource_index
[2.767s] creating /home/simon/Documents/ARO/ros2_ws/src/install/examples_rclpy_minimal_publisher/share/ament_index/resource_index/packages
[2.767s] copying resource/examples_rclpy_minimal_publisher -> /home/simon/Documents/ARO/ros2_ws/src/install/examples_rclpy_minimal_publisher/share/ament_index/resource_index/packages
[2.767s] copying package.xml -> /home/simon/Documents/ARO/ros2_ws/src/install/examples_rclpy_minimal_publisher/share/examples_rclpy_minimal_publisher
[2.839s] Invoked command in '/home/simon/Documents/ARO/ros2_ws/src/build/examples_rclpy_minimal_publisher' returned '0': PYTHONPATH=/home/simon/Documents/ARO/ros2_ws/src/build/examples_rclpy_minimal_publisher/prefix_override:/home/simon/Documents/ARO/ros2_ws/src/install/examples_rclpy_minimal_publisher/lib/python3.10/site-packages:${PYTHONPATH} /usr/bin/python3 setup.py develop --editable --build-directory /home/simon/Documents/ARO/ros2_ws/src/build/examples_rclpy_minimal_publisher/build --no-deps install_data
