[0.014s] Invoking command in '/home/simon/Documents/ARO/turtlebot3_ws/build/turtlebot3_bringup': AMENT_PREFIX_PATH=/home/simon/Documents/ARO/turtlebot3_ws/install/turtlebot3_node:/home/simon/Documents/ARO/turtlebot3_ws/install/turtlebot3_msgs:/home/simon/Documents/ARO/turtlebot3_ws/install/turtlebot3_description:/home/simon/Documents/ARO/turtlebot3_ws/install/hls_lfcd_lds_driver:/home/simon/Documents/ARO/turtlebot3_ws/install/dynamixel_sdk:${AMENT_PREFIX_PATH} CMAKE_PREFIX_PATH=/home/simon/Documents/ARO/turtlebot3_ws/install/turtlebot3_node:/home/simon/Documents/ARO/turtlebot3_ws/install/turtlebot3_msgs:/home/simon/Documents/ARO/turtlebot3_ws/install/turtlebot3_description:/home/simon/Documents/ARO/turtlebot3_ws/install/hls_lfcd_lds_driver:/home/simon/Documents/ARO/turtlebot3_ws/install/dynamixel_sdk:/opt/ros/humble LD_LIBRARY_PATH=/home/simon/Documents/ARO/turtlebot3_ws/install/turtlebot3_msgs/lib:/home/simon/Documents/ARO/turtlebot3_ws/install/dynamixel_sdk/lib:${LD_LIBRARY_PATH} PYTHONPATH=/home/simon/Documents/ARO/turtlebot3_ws/install/turtlebot3_msgs/local/lib/python3.10/dist-packages:${PYTHONPATH} /usr/bin/cmake /home/simon/Documents/ARO/turtlebot3_ws/src/turtlebot3/turtlebot3/turtlebot3_bringup -DAMENT_CMAKE_SYMLINK_INSTALL=1 -DCMAKE_INSTALL_PREFIX=/home/simon/Documents/ARO/turtlebot3_ws/install/turtlebot3_bringup
[0.060s] -- The C compiler identification is GNU 11.4.0
[0.108s] -- The CXX compiler identification is GNU 11.4.0
[0.113s] -- Detecting C compiler ABI info
[0.170s] -- Detecting C compiler ABI info - done
[0.186s] -- Check for working C compiler: /usr/bin/cc - skipped
[0.187s] -- Detecting C compile features
[0.188s] -- Detecting C compile features - done
[0.192s] -- Detecting CXX compiler ABI info
[0.258s] -- Detecting CXX compiler ABI info - done
[0.264s] -- Check for working CXX compiler: /usr/bin/c++ - skipped
[0.264s] -- Detecting CXX compile features
[0.265s] -- Detecting CXX compile features - done
[0.267s] -- Found ament_cmake: 1.3.5 (/opt/ros/humble/share/ament_cmake/cmake)
[0.399s] -- Found Python3: /usr/bin/python3.10 (found version "3.10.12") found components: Interpreter 
[0.445s] -- Override CMake install command with custom implementation using symlinks instead of copying resources
[0.520s] -- Configuring done
[0.522s] -- Generating done
[0.522s] -- Build files have been written to: /home/simon/Documents/ARO/turtlebot3_ws/build/turtlebot3_bringup
[0.526s] Invoked command in '/home/simon/Documents/ARO/turtlebot3_ws/build/turtlebot3_bringup' returned '0': AMENT_PREFIX_PATH=/home/simon/Documents/ARO/turtlebot3_ws/install/turtlebot3_node:/home/simon/Documents/ARO/turtlebot3_ws/install/turtlebot3_msgs:/home/simon/Documents/ARO/turtlebot3_ws/install/turtlebot3_description:/home/simon/Documents/ARO/turtlebot3_ws/install/hls_lfcd_lds_driver:/home/simon/Documents/ARO/turtlebot3_ws/install/dynamixel_sdk:${AMENT_PREFIX_PATH} CMAKE_PREFIX_PATH=/home/simon/Documents/ARO/turtlebot3_ws/install/turtlebot3_node:/home/simon/Documents/ARO/turtlebot3_ws/install/turtlebot3_msgs:/home/simon/Documents/ARO/turtlebot3_ws/install/turtlebot3_description:/home/simon/Documents/ARO/turtlebot3_ws/install/hls_lfcd_lds_driver:/home/simon/Documents/ARO/turtlebot3_ws/install/dynamixel_sdk:/opt/ros/humble LD_LIBRARY_PATH=/home/simon/Documents/ARO/turtlebot3_ws/install/turtlebot3_msgs/lib:/home/simon/Documents/ARO/turtlebot3_ws/install/dynamixel_sdk/lib:${LD_LIBRARY_PATH} PYTHONPATH=/home/simon/Documents/ARO/turtlebot3_ws/install/turtlebot3_msgs/local/lib/python3.10/dist-packages:${PYTHONPATH} /usr/bin/cmake /home/simon/Documents/ARO/turtlebot3_ws/src/turtlebot3/turtlebot3/turtlebot3_bringup -DAMENT_CMAKE_SYMLINK_INSTALL=1 -DCMAKE_INSTALL_PREFIX=/home/simon/Documents/ARO/turtlebot3_ws/install/turtlebot3_bringup
[0.529s] Invoking command in '/home/simon/Documents/ARO/turtlebot3_ws/build/turtlebot3_bringup': AMENT_PREFIX_PATH=/home/simon/Documents/ARO/turtlebot3_ws/install/turtlebot3_node:/home/simon/Documents/ARO/turtlebot3_ws/install/turtlebot3_msgs:/home/simon/Documents/ARO/turtlebot3_ws/install/turtlebot3_description:/home/simon/Documents/ARO/turtlebot3_ws/install/hls_lfcd_lds_driver:/home/simon/Documents/ARO/turtlebot3_ws/install/dynamixel_sdk:${AMENT_PREFIX_PATH} CMAKE_PREFIX_PATH=/home/simon/Documents/ARO/turtlebot3_ws/install/turtlebot3_node:/home/simon/Documents/ARO/turtlebot3_ws/install/turtlebot3_msgs:/home/simon/Documents/ARO/turtlebot3_ws/install/turtlebot3_description:/home/simon/Documents/ARO/turtlebot3_ws/install/hls_lfcd_lds_driver:/home/simon/Documents/ARO/turtlebot3_ws/install/dynamixel_sdk:/opt/ros/humble LD_LIBRARY_PATH=/home/simon/Documents/ARO/turtlebot3_ws/install/turtlebot3_msgs/lib:/home/simon/Documents/ARO/turtlebot3_ws/install/dynamixel_sdk/lib:${LD_LIBRARY_PATH} PYTHONPATH=/home/simon/Documents/ARO/turtlebot3_ws/install/turtlebot3_msgs/local/lib/python3.10/dist-packages:${PYTHONPATH} /usr/bin/cmake --build /home/simon/Documents/ARO/turtlebot3_ws/build/turtlebot3_bringup -- -j16 -l16
[0.561s] Invoked command in '/home/simon/Documents/ARO/turtlebot3_ws/build/turtlebot3_bringup' returned '0': AMENT_PREFIX_PATH=/home/simon/Documents/ARO/turtlebot3_ws/install/turtlebot3_node:/home/simon/Documents/ARO/turtlebot3_ws/install/turtlebot3_msgs:/home/simon/Documents/ARO/turtlebot3_ws/install/turtlebot3_description:/home/simon/Documents/ARO/turtlebot3_ws/install/hls_lfcd_lds_driver:/home/simon/Documents/ARO/turtlebot3_ws/install/dynamixel_sdk:${AMENT_PREFIX_PATH} CMAKE_PREFIX_PATH=/home/simon/Documents/ARO/turtlebot3_ws/install/turtlebot3_node:/home/simon/Documents/ARO/turtlebot3_ws/install/turtlebot3_msgs:/home/simon/Documents/ARO/turtlebot3_ws/install/turtlebot3_description:/home/simon/Documents/ARO/turtlebot3_ws/install/hls_lfcd_lds_driver:/home/simon/Documents/ARO/turtlebot3_ws/install/dynamixel_sdk:/opt/ros/humble LD_LIBRARY_PATH=/home/simon/Documents/ARO/turtlebot3_ws/install/turtlebot3_msgs/lib:/home/simon/Documents/ARO/turtlebot3_ws/install/dynamixel_sdk/lib:${LD_LIBRARY_PATH} PYTHONPATH=/home/simon/Documents/ARO/turtlebot3_ws/install/turtlebot3_msgs/local/lib/python3.10/dist-packages:${PYTHONPATH} /usr/bin/cmake --build /home/simon/Documents/ARO/turtlebot3_ws/build/turtlebot3_bringup -- -j16 -l16
[0.578s] Invoking command in '/home/simon/Documents/ARO/turtlebot3_ws/build/turtlebot3_bringup': AMENT_PREFIX_PATH=/home/simon/Documents/ARO/turtlebot3_ws/install/turtlebot3_node:/home/simon/Documents/ARO/turtlebot3_ws/install/turtlebot3_msgs:/home/simon/Documents/ARO/turtlebot3_ws/install/turtlebot3_description:/home/simon/Documents/ARO/turtlebot3_ws/install/hls_lfcd_lds_driver:/home/simon/Documents/ARO/turtlebot3_ws/install/dynamixel_sdk:${AMENT_PREFIX_PATH} CMAKE_PREFIX_PATH=/home/simon/Documents/ARO/turtlebot3_ws/install/turtlebot3_node:/home/simon/Documents/ARO/turtlebot3_ws/install/turtlebot3_msgs:/home/simon/Documents/ARO/turtlebot3_ws/install/turtlebot3_description:/home/simon/Documents/ARO/turtlebot3_ws/install/hls_lfcd_lds_driver:/home/simon/Documents/ARO/turtlebot3_ws/install/dynamixel_sdk:/opt/ros/humble LD_LIBRARY_PATH=/home/simon/Documents/ARO/turtlebot3_ws/install/turtlebot3_msgs/lib:/home/simon/Documents/ARO/turtlebot3_ws/install/dynamixel_sdk/lib:${LD_LIBRARY_PATH} PYTHONPATH=/home/simon/Documents/ARO/turtlebot3_ws/install/turtlebot3_msgs/local/lib/python3.10/dist-packages:${PYTHONPATH} /usr/bin/cmake --install /home/simon/Documents/ARO/turtlebot3_ws/build/turtlebot3_bringup
[0.583s] -- Install configuration: ""
[0.584s] -- Execute custom install script
[0.584s] -- Symlinking: /home/simon/Documents/ARO/turtlebot3_ws/install/turtlebot3_bringup/share/turtlebot3_bringup/launch/robot.launch.py
[0.591s] -- Symlinking: /home/simon/Documents/ARO/turtlebot3_ws/install/turtlebot3_bringup/share/turtlebot3_bringup/launch/rviz2.launch.py
[0.599s] -- Symlinking: /home/simon/Documents/ARO/turtlebot3_ws/install/turtlebot3_bringup/share/turtlebot3_bringup/launch/turtlebot3_state_publisher.launch.py
[0.606s] -- Symlinking: /home/simon/Documents/ARO/turtlebot3_ws/install/turtlebot3_bringup/share/turtlebot3_bringup/param/burger.yaml
[0.613s] -- Symlinking: /home/simon/Documents/ARO/turtlebot3_ws/install/turtlebot3_bringup/share/turtlebot3_bringup/param/waffle.yaml
[0.620s] -- Symlinking: /home/simon/Documents/ARO/turtlebot3_ws/install/turtlebot3_bringup/share/turtlebot3_bringup/param/waffle_pi.yaml
[0.627s] -- Symlinking: /home/simon/Documents/ARO/turtlebot3_ws/install/turtlebot3_bringup/share/turtlebot3_bringup/script/99-turtlebot3-cdc.rules
[0.634s] -- Symlinking: /home/simon/Documents/ARO/turtlebot3_ws/install/turtlebot3_bringup/share/turtlebot3_bringup/script/create_udev_rules
[0.644s] -- Symlinking: /home/simon/Documents/ARO/turtlebot3_ws/install/turtlebot3_bringup/share/ament_index/resource_index/package_run_dependencies/turtlebot3_bringup
[0.651s] -- Symlinking: /home/simon/Documents/ARO/turtlebot3_ws/install/turtlebot3_bringup/share/ament_index/resource_index/parent_prefix_path/turtlebot3_bringup
[0.659s] -- Symlinking: /home/simon/Documents/ARO/turtlebot3_ws/install/turtlebot3_bringup/share/turtlebot3_bringup/environment/ament_prefix_path.sh
[0.668s] -- Symlinking: /home/simon/Documents/ARO/turtlebot3_ws/install/turtlebot3_bringup/share/turtlebot3_bringup/environment/ament_prefix_path.dsv
[0.675s] -- Symlinking: /home/simon/Documents/ARO/turtlebot3_ws/install/turtlebot3_bringup/share/turtlebot3_bringup/environment/path.sh
[0.683s] -- Symlinking: /home/simon/Documents/ARO/turtlebot3_ws/install/turtlebot3_bringup/share/turtlebot3_bringup/environment/path.dsv
[0.691s] -- Symlinking: /home/simon/Documents/ARO/turtlebot3_ws/install/turtlebot3_bringup/share/turtlebot3_bringup/local_setup.bash
[0.698s] -- Symlinking: /home/simon/Documents/ARO/turtlebot3_ws/install/turtlebot3_bringup/share/turtlebot3_bringup/local_setup.sh
[0.704s] -- Symlinking: /home/simon/Documents/ARO/turtlebot3_ws/install/turtlebot3_bringup/share/turtlebot3_bringup/local_setup.zsh
[0.712s] -- Symlinking: /home/simon/Documents/ARO/turtlebot3_ws/install/turtlebot3_bringup/share/turtlebot3_bringup/local_setup.dsv
[0.719s] -- Symlinking: /home/simon/Documents/ARO/turtlebot3_ws/install/turtlebot3_bringup/share/turtlebot3_bringup/package.dsv
[0.726s] -- Symlinking: /home/simon/Documents/ARO/turtlebot3_ws/install/turtlebot3_bringup/share/ament_index/resource_index/packages/turtlebot3_bringup
[0.733s] -- Symlinking: /home/simon/Documents/ARO/turtlebot3_ws/install/turtlebot3_bringup/share/turtlebot3_bringup/cmake/turtlebot3_bringupConfig.cmake
[0.741s] -- Symlinking: /home/simon/Documents/ARO/turtlebot3_ws/install/turtlebot3_bringup/share/turtlebot3_bringup/cmake/turtlebot3_bringupConfig-version.cmake
[0.748s] -- Symlinking: /home/simon/Documents/ARO/turtlebot3_ws/install/turtlebot3_bringup/share/turtlebot3_bringup/package.xml
[0.759s] Invoked command in '/home/simon/Documents/ARO/turtlebot3_ws/build/turtlebot3_bringup' returned '0': AMENT_PREFIX_PATH=/home/simon/Documents/ARO/turtlebot3_ws/install/turtlebot3_node:/home/simon/Documents/ARO/turtlebot3_ws/install/turtlebot3_msgs:/home/simon/Documents/ARO/turtlebot3_ws/install/turtlebot3_description:/home/simon/Documents/ARO/turtlebot3_ws/install/hls_lfcd_lds_driver:/home/simon/Documents/ARO/turtlebot3_ws/install/dynamixel_sdk:${AMENT_PREFIX_PATH} CMAKE_PREFIX_PATH=/home/simon/Documents/ARO/turtlebot3_ws/install/turtlebot3_node:/home/simon/Documents/ARO/turtlebot3_ws/install/turtlebot3_msgs:/home/simon/Documents/ARO/turtlebot3_ws/install/turtlebot3_description:/home/simon/Documents/ARO/turtlebot3_ws/install/hls_lfcd_lds_driver:/home/simon/Documents/ARO/turtlebot3_ws/install/dynamixel_sdk:/opt/ros/humble LD_LIBRARY_PATH=/home/simon/Documents/ARO/turtlebot3_ws/install/turtlebot3_msgs/lib:/home/simon/Documents/ARO/turtlebot3_ws/install/dynamixel_sdk/lib:${LD_LIBRARY_PATH} PYTHONPATH=/home/simon/Documents/ARO/turtlebot3_ws/install/turtlebot3_msgs/local/lib/python3.10/dist-packages:${PYTHONPATH} /usr/bin/cmake --install /home/simon/Documents/ARO/turtlebot3_ws/build/turtlebot3_bringup
