[2.683s] Invoking command in '/home/simon/Documents/ARO/ros2_ws/src/build/examples_rclpy_minimal_action_server': PYTHONPATH=/home/simon/Documents/ARO/ros2_ws/src/build/examples_rclpy_minimal_action_server/prefix_override:/home/simon/Documents/ARO/ros2_ws/src/install/examples_rclpy_minimal_action_server/lib/python3.10/site-packages:${PYTHONPATH} /usr/bin/python3 setup.py develop --uninstall --editable --build-directory /home/simon/Documents/ARO/ros2_ws/src/build/examples_rclpy_minimal_action_server/build
[3.033s] running develop
[3.240s] Removing /home/simon/Documents/ARO/ros2_ws/src/install/examples_rclpy_minimal_action_server/lib/python3.10/site-packages/examples-rclpy-minimal-action-server.egg-link (link to .)
[3.320s] Invoked command in '/home/simon/Documents/ARO/ros2_ws/src/build/examples_rclpy_minimal_action_server' returned '0': PYTHONPATH=/home/simon/Documents/ARO/ros2_ws/src/build/examples_rclpy_minimal_action_server/prefix_override:/home/simon/Documents/ARO/ros2_ws/src/install/examples_rclpy_minimal_action_server/lib/python3.10/site-packages:${PYTHONPATH} /usr/bin/python3 setup.py develop --uninstall --editable --build-directory /home/simon/Documents/ARO/ros2_ws/src/build/examples_rclpy_minimal_action_server/build
[3.323s] Invoking command in '/home/simon/Documents/ARO/ros2_ws/src/ROS2_examples/rclpy/actions/minimal_action_server': PYTHONPATH=/home/simon/Documents/ARO/ros2_ws/src/build/examples_rclpy_minimal_action_server/prefix_override:/home/simon/Documents/ARO/ros2_ws/src/install/examples_rclpy_minimal_action_server/lib/python3.10/site-packages:${PYTHONPATH} /usr/bin/python3 setup.py egg_info --egg-base ../../../../build/examples_rclpy_minimal_action_server build --build-base /home/simon/Documents/ARO/ros2_ws/src/build/examples_rclpy_minimal_action_server/build install --record /home/simon/Documents/ARO/ros2_ws/src/build/examples_rclpy_minimal_action_server/install.log --single-version-externally-managed
[3.642s] running egg_info
[3.643s] writing ../../../../build/examples_rclpy_minimal_action_server/examples_rclpy_minimal_action_server.egg-info/PKG-INFO
[3.643s] writing dependency_links to ../../../../build/examples_rclpy_minimal_action_server/examples_rclpy_minimal_action_server.egg-info/dependency_links.txt
[3.643s] writing entry points to ../../../../build/examples_rclpy_minimal_action_server/examples_rclpy_minimal_action_server.egg-info/entry_points.txt
[3.644s] writing requirements to ../../../../build/examples_rclpy_minimal_action_server/examples_rclpy_minimal_action_server.egg-info/requires.txt
[3.644s] writing top-level names to ../../../../build/examples_rclpy_minimal_action_server/examples_rclpy_minimal_action_server.egg-info/top_level.txt
[3.665s] reading manifest file '../../../../build/examples_rclpy_minimal_action_server/examples_rclpy_minimal_action_server.egg-info/SOURCES.txt'
[3.669s] writing manifest file '../../../../build/examples_rclpy_minimal_action_server/examples_rclpy_minimal_action_server.egg-info/SOURCES.txt'
[3.670s] running build
[3.670s] running build_py
[3.670s] creating /home/simon/Documents/ARO/ros2_ws/src/build/examples_rclpy_minimal_action_server/build
[3.671s] creating /home/simon/Documents/ARO/ros2_ws/src/build/examples_rclpy_minimal_action_server/build/lib
[3.671s] creating /home/simon/Documents/ARO/ros2_ws/src/build/examples_rclpy_minimal_action_server/build/lib/examples_rclpy_minimal_action_server
[3.672s] copying examples_rclpy_minimal_action_server/server_not_composable.py -> /home/simon/Documents/ARO/ros2_ws/src/build/examples_rclpy_minimal_action_server/build/lib/examples_rclpy_minimal_action_server
[3.673s] copying examples_rclpy_minimal_action_server/server_defer.py -> /home/simon/Documents/ARO/ros2_ws/src/build/examples_rclpy_minimal_action_server/build/lib/examples_rclpy_minimal_action_server
[3.673s] copying examples_rclpy_minimal_action_server/__init__.py -> /home/simon/Documents/ARO/ros2_ws/src/build/examples_rclpy_minimal_action_server/build/lib/examples_rclpy_minimal_action_server
[3.674s] copying examples_rclpy_minimal_action_server/server_single_goal.py -> /home/simon/Documents/ARO/ros2_ws/src/build/examples_rclpy_minimal_action_server/build/lib/examples_rclpy_minimal_action_server
[3.674s] copying examples_rclpy_minimal_action_server/server.py -> /home/simon/Documents/ARO/ros2_ws/src/build/examples_rclpy_minimal_action_server/build/lib/examples_rclpy_minimal_action_server
[3.675s] copying examples_rclpy_minimal_action_server/server_queue_goals.py -> /home/simon/Documents/ARO/ros2_ws/src/build/examples_rclpy_minimal_action_server/build/lib/examples_rclpy_minimal_action_server
[3.675s] running install
[3.678s] running install_lib
[3.680s] creating /home/simon/Documents/ARO/ros2_ws/src/install/examples_rclpy_minimal_action_server/lib/python3.10/site-packages/examples_rclpy_minimal_action_server
[3.680s] copying /home/simon/Documents/ARO/ros2_ws/src/build/examples_rclpy_minimal_action_server/build/lib/examples_rclpy_minimal_action_server/server_not_composable.py -> /home/simon/Documents/ARO/ros2_ws/src/install/examples_rclpy_minimal_action_server/lib/python3.10/site-packages/examples_rclpy_minimal_action_server
[3.680s] copying /home/simon/Documents/ARO/ros2_ws/src/build/examples_rclpy_minimal_action_server/build/lib/examples_rclpy_minimal_action_server/server_defer.py -> /home/simon/Documents/ARO/ros2_ws/src/install/examples_rclpy_minimal_action_server/lib/python3.10/site-packages/examples_rclpy_minimal_action_server
[3.681s] copying /home/simon/Documents/ARO/ros2_ws/src/build/examples_rclpy_minimal_action_server/build/lib/examples_rclpy_minimal_action_server/__init__.py -> /home/simon/Documents/ARO/ros2_ws/src/install/examples_rclpy_minimal_action_server/lib/python3.10/site-packages/examples_rclpy_minimal_action_server
[3.682s] copying /home/simon/Documents/ARO/ros2_ws/src/build/examples_rclpy_minimal_action_server/build/lib/examples_rclpy_minimal_action_server/server_single_goal.py -> /home/simon/Documents/ARO/ros2_ws/src/install/examples_rclpy_minimal_action_server/lib/python3.10/site-packages/examples_rclpy_minimal_action_server
[3.682s] copying /home/simon/Documents/ARO/ros2_ws/src/build/examples_rclpy_minimal_action_server/build/lib/examples_rclpy_minimal_action_server/server.py -> /home/simon/Documents/ARO/ros2_ws/src/install/examples_rclpy_minimal_action_server/lib/python3.10/site-packages/examples_rclpy_minimal_action_server
[3.682s] copying /home/simon/Documents/ARO/ros2_ws/src/build/examples_rclpy_minimal_action_server/build/lib/examples_rclpy_minimal_action_server/server_queue_goals.py -> /home/simon/Documents/ARO/ros2_ws/src/install/examples_rclpy_minimal_action_server/lib/python3.10/site-packages/examples_rclpy_minimal_action_server
[3.684s] byte-compiling /home/simon/Documents/ARO/ros2_ws/src/install/examples_rclpy_minimal_action_server/lib/python3.10/site-packages/examples_rclpy_minimal_action_server/server_not_composable.py to server_not_composable.cpython-310.pyc
[3.685s] byte-compiling /home/simon/Documents/ARO/ros2_ws/src/install/examples_rclpy_minimal_action_server/lib/python3.10/site-packages/examples_rclpy_minimal_action_server/server_defer.py to server_defer.cpython-310.pyc
[3.687s] byte-compiling /home/simon/Documents/ARO/ros2_ws/src/install/examples_rclpy_minimal_action_server/lib/python3.10/site-packages/examples_rclpy_minimal_action_server/__init__.py to __init__.cpython-310.pyc
[3.687s] byte-compiling /home/simon/Documents/ARO/ros2_ws/src/install/examples_rclpy_minimal_action_server/lib/python3.10/site-packages/examples_rclpy_minimal_action_server/server_single_goal.py to server_single_goal.cpython-310.pyc
[3.688s] byte-compiling /home/simon/Documents/ARO/ros2_ws/src/install/examples_rclpy_minimal_action_server/lib/python3.10/site-packages/examples_rclpy_minimal_action_server/server.py to server.cpython-310.pyc
[3.690s] byte-compiling /home/simon/Documents/ARO/ros2_ws/src/install/examples_rclpy_minimal_action_server/lib/python3.10/site-packages/examples_rclpy_minimal_action_server/server_queue_goals.py to server_queue_goals.cpython-310.pyc
[3.691s] running install_data
[3.692s] running install_egg_info
[3.694s] Copying ../../../../build/examples_rclpy_minimal_action_server/examples_rclpy_minimal_action_server.egg-info to /home/simon/Documents/ARO/ros2_ws/src/install/examples_rclpy_minimal_action_server/lib/python3.10/site-packages/examples_rclpy_minimal_action_server-0.15.1-py3.10.egg-info
[3.694s] running install_scripts
[3.701s] Installing server script to /home/simon/Documents/ARO/ros2_ws/src/install/examples_rclpy_minimal_action_server/lib/examples_rclpy_minimal_action_server
[3.702s] Installing server_defer script to /home/simon/Documents/ARO/ros2_ws/src/install/examples_rclpy_minimal_action_server/lib/examples_rclpy_minimal_action_server
[3.702s] Installing server_not_composable script to /home/simon/Documents/ARO/ros2_ws/src/install/examples_rclpy_minimal_action_server/lib/examples_rclpy_minimal_action_server
[3.703s] Installing server_queue_goals script to /home/simon/Documents/ARO/ros2_ws/src/install/examples_rclpy_minimal_action_server/lib/examples_rclpy_minimal_action_server
[3.703s] Installing server_single_goal script to /home/simon/Documents/ARO/ros2_ws/src/install/examples_rclpy_minimal_action_server/lib/examples_rclpy_minimal_action_server
[3.703s] writing list of installed files to '/home/simon/Documents/ARO/ros2_ws/src/build/examples_rclpy_minimal_action_server/install.log'
[3.774s] Invoked command in '/home/simon/Documents/ARO/ros2_ws/src/ROS2_examples/rclpy/actions/minimal_action_server' returned '0': PYTHONPATH=/home/simon/Documents/ARO/ros2_ws/src/build/examples_rclpy_minimal_action_server/prefix_override:/home/simon/Documents/ARO/ros2_ws/src/install/examples_rclpy_minimal_action_server/lib/python3.10/site-packages:${PYTHONPATH} /usr/bin/python3 setup.py egg_info --egg-base ../../../../build/examples_rclpy_minimal_action_server build --build-base /home/simon/Documents/ARO/ros2_ws/src/build/examples_rclpy_minimal_action_server/build install --record /home/simon/Documents/ARO/ros2_ws/src/build/examples_rclpy_minimal_action_server/install.log --single-version-externally-managed
