[5.960s] Invoking command in '/home/simon/Documents/ARO/ros2_ws/src/ROS2_examples/rclpy/services/minimal_client': PYTHONPATH=/home/simon/Documents/ARO/build/examples_rclpy_minimal_client/prefix_override:/home/simon/Documents/ARO/install/examples_rclpy_minimal_client/lib/python3.10/site-packages:${PYTHONPATH} /usr/bin/python3 setup.py egg_info --egg-base ../../../../../../build/examples_rclpy_minimal_client build --build-base /home/simon/Documents/ARO/build/examples_rclpy_minimal_client/build install --record /home/simon/Documents/ARO/build/examples_rclpy_minimal_client/install.log --single-version-externally-managed
[6.715s] running egg_info
[6.716s] creating ../../../../../../build/examples_rclpy_minimal_client/examples_rclpy_minimal_client.egg-info
[6.718s] writing ../../../../../../build/examples_rclpy_minimal_client/examples_rclpy_minimal_client.egg-info/PKG-INFO
[6.718s] writing dependency_links to ../../../../../../build/examples_rclpy_minimal_client/examples_rclpy_minimal_client.egg-info/dependency_links.txt
[6.719s] writing entry points to ../../../../../../build/examples_rclpy_minimal_client/examples_rclpy_minimal_client.egg-info/entry_points.txt
[6.719s] writing requirements to ../../../../../../build/examples_rclpy_minimal_client/examples_rclpy_minimal_client.egg-info/requires.txt
[6.719s] writing top-level names to ../../../../../../build/examples_rclpy_minimal_client/examples_rclpy_minimal_client.egg-info/top_level.txt
[6.720s] writing manifest file '../../../../../../build/examples_rclpy_minimal_client/examples_rclpy_minimal_client.egg-info/SOURCES.txt'
[6.723s] reading manifest file '../../../../../../build/examples_rclpy_minimal_client/examples_rclpy_minimal_client.egg-info/SOURCES.txt'
[6.725s] writing manifest file '../../../../../../build/examples_rclpy_minimal_client/examples_rclpy_minimal_client.egg-info/SOURCES.txt'
[6.726s] running build
[6.726s] running build_py
[6.726s] creating /home/simon/Documents/ARO/build/examples_rclpy_minimal_client/build
[6.727s] creating /home/simon/Documents/ARO/build/examples_rclpy_minimal_client/build/lib
[6.727s] creating /home/simon/Documents/ARO/build/examples_rclpy_minimal_client/build/lib/examples_rclpy_minimal_client
[6.727s] copying examples_rclpy_minimal_client/client.py -> /home/simon/Documents/ARO/build/examples_rclpy_minimal_client/build/lib/examples_rclpy_minimal_client
[6.728s] copying examples_rclpy_minimal_client/client_async_member_function.py -> /home/simon/Documents/ARO/build/examples_rclpy_minimal_client/build/lib/examples_rclpy_minimal_client
[6.728s] copying examples_rclpy_minimal_client/client_async.py -> /home/simon/Documents/ARO/build/examples_rclpy_minimal_client/build/lib/examples_rclpy_minimal_client
[6.729s] copying examples_rclpy_minimal_client/__init__.py -> /home/simon/Documents/ARO/build/examples_rclpy_minimal_client/build/lib/examples_rclpy_minimal_client
[6.729s] copying examples_rclpy_minimal_client/client_async_callback.py -> /home/simon/Documents/ARO/build/examples_rclpy_minimal_client/build/lib/examples_rclpy_minimal_client
[6.730s] running install
[6.730s] running install_lib
[6.732s] creating /home/simon/Documents/ARO/install/examples_rclpy_minimal_client/lib/python3.10/site-packages/examples_rclpy_minimal_client
[6.733s] copying /home/simon/Documents/ARO/build/examples_rclpy_minimal_client/build/lib/examples_rclpy_minimal_client/client.py -> /home/simon/Documents/ARO/install/examples_rclpy_minimal_client/lib/python3.10/site-packages/examples_rclpy_minimal_client
[6.733s] copying /home/simon/Documents/ARO/build/examples_rclpy_minimal_client/build/lib/examples_rclpy_minimal_client/client_async_member_function.py -> /home/simon/Documents/ARO/install/examples_rclpy_minimal_client/lib/python3.10/site-packages/examples_rclpy_minimal_client
[6.734s] copying /home/simon/Documents/ARO/build/examples_rclpy_minimal_client/build/lib/examples_rclpy_minimal_client/client_async.py -> /home/simon/Documents/ARO/install/examples_rclpy_minimal_client/lib/python3.10/site-packages/examples_rclpy_minimal_client
[6.734s] copying /home/simon/Documents/ARO/build/examples_rclpy_minimal_client/build/lib/examples_rclpy_minimal_client/__init__.py -> /home/simon/Documents/ARO/install/examples_rclpy_minimal_client/lib/python3.10/site-packages/examples_rclpy_minimal_client
[6.734s] copying /home/simon/Documents/ARO/build/examples_rclpy_minimal_client/build/lib/examples_rclpy_minimal_client/client_async_callback.py -> /home/simon/Documents/ARO/install/examples_rclpy_minimal_client/lib/python3.10/site-packages/examples_rclpy_minimal_client
[6.736s] byte-compiling /home/simon/Documents/ARO/install/examples_rclpy_minimal_client/lib/python3.10/site-packages/examples_rclpy_minimal_client/client.py to client.cpython-310.pyc
[6.737s] byte-compiling /home/simon/Documents/ARO/install/examples_rclpy_minimal_client/lib/python3.10/site-packages/examples_rclpy_minimal_client/client_async_member_function.py to client_async_member_function.cpython-310.pyc
[6.738s] byte-compiling /home/simon/Documents/ARO/install/examples_rclpy_minimal_client/lib/python3.10/site-packages/examples_rclpy_minimal_client/client_async.py to client_async.cpython-310.pyc
[6.740s] byte-compiling /home/simon/Documents/ARO/install/examples_rclpy_minimal_client/lib/python3.10/site-packages/examples_rclpy_minimal_client/__init__.py to __init__.cpython-310.pyc
[6.740s] byte-compiling /home/simon/Documents/ARO/install/examples_rclpy_minimal_client/lib/python3.10/site-packages/examples_rclpy_minimal_client/client_async_callback.py to client_async_callback.cpython-310.pyc
[6.741s] running install_data
[6.743s] creating /home/simon/Documents/ARO/install/examples_rclpy_minimal_client/share/ament_index
[6.743s] creating /home/simon/Documents/ARO/install/examples_rclpy_minimal_client/share/ament_index/resource_index
[6.743s] creating /home/simon/Documents/ARO/install/examples_rclpy_minimal_client/share/ament_index/resource_index/packages
[6.743s] copying resource/examples_rclpy_minimal_client -> /home/simon/Documents/ARO/install/examples_rclpy_minimal_client/share/ament_index/resource_index/packages
[6.743s] copying package.xml -> /home/simon/Documents/ARO/install/examples_rclpy_minimal_client/share/examples_rclpy_minimal_client
[6.744s] running install_egg_info
[6.748s] Copying ../../../../../../build/examples_rclpy_minimal_client/examples_rclpy_minimal_client.egg-info to /home/simon/Documents/ARO/install/examples_rclpy_minimal_client/lib/python3.10/site-packages/examples_rclpy_minimal_client-0.15.1-py3.10.egg-info
[6.750s] running install_scripts
[6.855s] Installing client script to /home/simon/Documents/ARO/install/examples_rclpy_minimal_client/lib/examples_rclpy_minimal_client
[6.855s] Installing client_async script to /home/simon/Documents/ARO/install/examples_rclpy_minimal_client/lib/examples_rclpy_minimal_client
[6.855s] Installing client_async_callback script to /home/simon/Documents/ARO/install/examples_rclpy_minimal_client/lib/examples_rclpy_minimal_client
[6.855s] Installing client_async_member_function script to /home/simon/Documents/ARO/install/examples_rclpy_minimal_client/lib/examples_rclpy_minimal_client
[6.856s] writing list of installed files to '/home/simon/Documents/ARO/build/examples_rclpy_minimal_client/install.log'
[7.484s] Invoked command in '/home/simon/Documents/ARO/ros2_ws/src/ROS2_examples/rclpy/services/minimal_client' returned '0': PYTHONPATH=/home/simon/Documents/ARO/build/examples_rclpy_minimal_client/prefix_override:/home/simon/Documents/ARO/install/examples_rclpy_minimal_client/lib/python3.10/site-packages:${PYTHONPATH} /usr/bin/python3 setup.py egg_info --egg-base ../../../../../../build/examples_rclpy_minimal_client build --build-base /home/simon/Documents/ARO/build/examples_rclpy_minimal_client/build install --record /home/simon/Documents/ARO/build/examples_rclpy_minimal_client/install.log --single-version-externally-managed
