[0.280s] DEBUG:colcon:Command line arguments: ['/usr/bin/colcon', 'build', '--packages-select', 'mi_paquete_python', '--symlink-install']
[0.280s] DEBUG:colcon:Parsed command line arguments: Namespace(log_base=None, log_level=None, verb_name='build', build_base='build', install_base='install', merge_install=False, symlink_install=True, test_result_base=None, continue_on_error=False, executor='parallel', parallel_workers=16, event_handlers=None, ignore_user_meta=False, metas=['./colcon.meta'], base_paths=['.'], packages_ignore=None, packages_ignore_regex=None, paths=None, packages_up_to=None, packages_up_to_regex=None, packages_above=None, packages_above_and_dependencies=None, packages_above_depth=None, packages_select_by_dep=None, packages_skip_by_dep=None, packages_skip_up_to=None, packages_select_build_failed=False, packages_skip_build_finished=False, packages_select_test_failures=False, packages_skip_test_passed=False, packages_select=['mi_paquete_python'], packages_skip=None, packages_select_regex=None, packages_skip_regex=None, packages_start=None, packages_end=None, allow_overriding=[], cmake_args=None, cmake_target=None, cmake_target_skip_unavailable=False, cmake_clean_cache=False, cmake_clean_first=False, cmake_force_configure=False, ament_cmake_args=None, catkin_cmake_args=None, catkin_skip_building_tests=False, verb_parser=<colcon_defaults.argument_parser.defaults.DefaultArgumentsDecorator object at 0x7fd90e543f40>, verb_extension=<colcon_core.verb.build.BuildVerb object at 0x7fd90df231c0>, main=<bound method BuildVerb.main of <colcon_core.verb.build.BuildVerb object at 0x7fd90df231c0>>)
[0.301s] Level 1:colcon.colcon_core.package_discovery:discover_packages(colcon_meta) check parameters
[0.301s] Level 1:colcon.colcon_core.package_discovery:discover_packages(recursive) check parameters
[0.301s] Level 1:colcon.colcon_core.package_discovery:discover_packages(ignore) check parameters
[0.301s] Level 1:colcon.colcon_core.package_discovery:discover_packages(path) check parameters
[0.301s] Level 1:colcon.colcon_core.package_discovery:discover_packages(colcon_meta) discover
[0.301s] Level 1:colcon.colcon_core.package_discovery:discover_packages(recursive) discover
[0.301s] INFO:colcon.colcon_core.package_discovery:Crawling recursively for packages in '/home/simon/Documents/ARO/ros2_ws/src'
[0.301s] Level 1:colcon.colcon_core.package_identification:_identify(.) by extensions ['ignore', 'ignore_ament_install']
[0.302s] Level 1:colcon.colcon_core.package_identification:_identify(.) by extension 'ignore'
[0.302s] Level 1:colcon.colcon_core.package_identification:_identify(.) by extension 'ignore_ament_install'
[0.302s] Level 1:colcon.colcon_core.package_identification:_identify(.) by extensions ['colcon_pkg']
[0.302s] Level 1:colcon.colcon_core.package_identification:_identify(.) by extension 'colcon_pkg'
[0.302s] Level 1:colcon.colcon_core.package_identification:_identify(.) by extensions ['colcon_meta']
[0.302s] Level 1:colcon.colcon_core.package_identification:_identify(.) by extension 'colcon_meta'
[0.302s] Level 1:colcon.colcon_core.package_identification:_identify(.) by extensions ['ros']
[0.302s] Level 1:colcon.colcon_core.package_identification:_identify(.) by extension 'ros'
[0.312s] Level 1:colcon.colcon_core.package_identification:_identify(.) by extensions ['cmake', 'python']
[0.312s] Level 1:colcon.colcon_core.package_identification:_identify(.) by extension 'cmake'
[0.312s] Level 1:colcon.colcon_core.package_identification:_identify(.) by extension 'python'
[0.312s] Level 1:colcon.colcon_core.package_identification:_identify(.) by extensions ['python_setup_py']
[0.312s] Level 1:colcon.colcon_core.package_identification:_identify(.) by extension 'python_setup_py'
[0.312s] Level 1:colcon.colcon_core.package_identification:_identify(ROS2_examples) by extensions ['ignore', 'ignore_ament_install']
[0.312s] Level 1:colcon.colcon_core.package_identification:_identify(ROS2_examples) by extension 'ignore'
[0.312s] Level 1:colcon.colcon_core.package_identification:_identify(ROS2_examples) by extension 'ignore_ament_install'
[0.312s] Level 1:colcon.colcon_core.package_identification:_identify(ROS2_examples) by extensions ['colcon_pkg']
[0.312s] Level 1:colcon.colcon_core.package_identification:_identify(ROS2_examples) by extension 'colcon_pkg'
[0.312s] Level 1:colcon.colcon_core.package_identification:_identify(ROS2_examples) by extensions ['colcon_meta']
[0.312s] Level 1:colcon.colcon_core.package_identification:_identify(ROS2_examples) by extension 'colcon_meta'
[0.312s] Level 1:colcon.colcon_core.package_identification:_identify(ROS2_examples) by extensions ['ros']
[0.312s] Level 1:colcon.colcon_core.package_identification:_identify(ROS2_examples) by extension 'ros'
[0.313s] Level 1:colcon.colcon_core.package_identification:_identify(ROS2_examples) by extensions ['cmake', 'python']
[0.313s] Level 1:colcon.colcon_core.package_identification:_identify(ROS2_examples) by extension 'cmake'
[0.313s] Level 1:colcon.colcon_core.package_identification:_identify(ROS2_examples) by extension 'python'
[0.313s] Level 1:colcon.colcon_core.package_identification:_identify(ROS2_examples) by extensions ['python_setup_py']
[0.313s] Level 1:colcon.colcon_core.package_identification:_identify(ROS2_examples) by extension 'python_setup_py'
[0.313s] Level 1:colcon.colcon_core.package_identification:_identify(ROS2_examples/launch_testing) by extensions ['ignore', 'ignore_ament_install']
[0.313s] Level 1:colcon.colcon_core.package_identification:_identify(ROS2_examples/launch_testing) by extension 'ignore'
[0.313s] Level 1:colcon.colcon_core.package_identification:_identify(ROS2_examples/launch_testing) by extension 'ignore_ament_install'
[0.313s] Level 1:colcon.colcon_core.package_identification:_identify(ROS2_examples/launch_testing) by extensions ['colcon_pkg']
[0.313s] Level 1:colcon.colcon_core.package_identification:_identify(ROS2_examples/launch_testing) by extension 'colcon_pkg'
[0.313s] Level 1:colcon.colcon_core.package_identification:_identify(ROS2_examples/launch_testing) by extensions ['colcon_meta']
[0.313s] Level 1:colcon.colcon_core.package_identification:_identify(ROS2_examples/launch_testing) by extension 'colcon_meta'
[0.313s] Level 1:colcon.colcon_core.package_identification:_identify(ROS2_examples/launch_testing) by extensions ['ros']
[0.313s] Level 1:colcon.colcon_core.package_identification:_identify(ROS2_examples/launch_testing) by extension 'ros'
[0.313s] Level 1:colcon.colcon_core.package_identification:_identify(ROS2_examples/launch_testing) by extensions ['cmake', 'python']
[0.313s] Level 1:colcon.colcon_core.package_identification:_identify(ROS2_examples/launch_testing) by extension 'cmake'
[0.313s] Level 1:colcon.colcon_core.package_identification:_identify(ROS2_examples/launch_testing) by extension 'python'
[0.313s] Level 1:colcon.colcon_core.package_identification:_identify(ROS2_examples/launch_testing) by extensions ['python_setup_py']
[0.313s] Level 1:colcon.colcon_core.package_identification:_identify(ROS2_examples/launch_testing) by extension 'python_setup_py'
[0.313s] Level 1:colcon.colcon_core.package_identification:_identify(ROS2_examples/launch_testing/launch_testing_examples) by extensions ['ignore', 'ignore_ament_install']
[0.313s] Level 1:colcon.colcon_core.package_identification:_identify(ROS2_examples/launch_testing/launch_testing_examples) by extension 'ignore'
[0.313s] Level 1:colcon.colcon_core.package_identification:_identify(ROS2_examples/launch_testing/launch_testing_examples) by extension 'ignore_ament_install'
[0.313s] Level 1:colcon.colcon_core.package_identification:_identify(ROS2_examples/launch_testing/launch_testing_examples) by extensions ['colcon_pkg']
[0.313s] Level 1:colcon.colcon_core.package_identification:_identify(ROS2_examples/launch_testing/launch_testing_examples) by extension 'colcon_pkg'
[0.313s] Level 1:colcon.colcon_core.package_identification:_identify(ROS2_examples/launch_testing/launch_testing_examples) by extensions ['colcon_meta']
[0.313s] Level 1:colcon.colcon_core.package_identification:_identify(ROS2_examples/launch_testing/launch_testing_examples) by extension 'colcon_meta'
[0.313s] Level 1:colcon.colcon_core.package_identification:_identify(ROS2_examples/launch_testing/launch_testing_examples) by extensions ['ros']
[0.314s] Level 1:colcon.colcon_core.package_identification:_identify(ROS2_examples/launch_testing/launch_testing_examples) by extension 'ros'
[0.316s] DEBUG:colcon.colcon_core.package_identification:Package 'ROS2_examples/launch_testing/launch_testing_examples' with type 'ros.ament_python' and name 'launch_testing_examples'
[0.316s] Level 1:colcon.colcon_core.package_identification:_identify(ROS2_examples/rclpy) by extensions ['ignore', 'ignore_ament_install']
[0.316s] Level 1:colcon.colcon_core.package_identification:_identify(ROS2_examples/rclpy) by extension 'ignore'
[0.316s] Level 1:colcon.colcon_core.package_identification:_identify(ROS2_examples/rclpy) by extension 'ignore_ament_install'
[0.316s] Level 1:colcon.colcon_core.package_identification:_identify(ROS2_examples/rclpy) by extensions ['colcon_pkg']
[0.316s] Level 1:colcon.colcon_core.package_identification:_identify(ROS2_examples/rclpy) by extension 'colcon_pkg'
[0.316s] Level 1:colcon.colcon_core.package_identification:_identify(ROS2_examples/rclpy) by extensions ['colcon_meta']
[0.316s] Level 1:colcon.colcon_core.package_identification:_identify(ROS2_examples/rclpy) by extension 'colcon_meta'
[0.316s] Level 1:colcon.colcon_core.package_identification:_identify(ROS2_examples/rclpy) by extensions ['ros']
[0.316s] Level 1:colcon.colcon_core.package_identification:_identify(ROS2_examples/rclpy) by extension 'ros'
[0.316s] Level 1:colcon.colcon_core.package_identification:_identify(ROS2_examples/rclpy) by extensions ['cmake', 'python']
[0.316s] Level 1:colcon.colcon_core.package_identification:_identify(ROS2_examples/rclpy) by extension 'cmake'
[0.316s] Level 1:colcon.colcon_core.package_identification:_identify(ROS2_examples/rclpy) by extension 'python'
[0.316s] Level 1:colcon.colcon_core.package_identification:_identify(ROS2_examples/rclpy) by extensions ['python_setup_py']
[0.316s] Level 1:colcon.colcon_core.package_identification:_identify(ROS2_examples/rclpy) by extension 'python_setup_py'
[0.316s] Level 1:colcon.colcon_core.package_identification:_identify(ROS2_examples/rclpy/actions) by extensions ['ignore', 'ignore_ament_install']
[0.316s] Level 1:colcon.colcon_core.package_identification:_identify(ROS2_examples/rclpy/actions) by extension 'ignore'
[0.317s] Level 1:colcon.colcon_core.package_identification:_identify(ROS2_examples/rclpy/actions) by extension 'ignore_ament_install'
[0.317s] Level 1:colcon.colcon_core.package_identification:_identify(ROS2_examples/rclpy/actions) by extensions ['colcon_pkg']
[0.317s] Level 1:colcon.colcon_core.package_identification:_identify(ROS2_examples/rclpy/actions) by extension 'colcon_pkg'
[0.317s] Level 1:colcon.colcon_core.package_identification:_identify(ROS2_examples/rclpy/actions) by extensions ['colcon_meta']
[0.317s] Level 1:colcon.colcon_core.package_identification:_identify(ROS2_examples/rclpy/actions) by extension 'colcon_meta'
[0.317s] Level 1:colcon.colcon_core.package_identification:_identify(ROS2_examples/rclpy/actions) by extensions ['ros']
[0.317s] Level 1:colcon.colcon_core.package_identification:_identify(ROS2_examples/rclpy/actions) by extension 'ros'
[0.317s] Level 1:colcon.colcon_core.package_identification:_identify(ROS2_examples/rclpy/actions) by extensions ['cmake', 'python']
[0.317s] Level 1:colcon.colcon_core.package_identification:_identify(ROS2_examples/rclpy/actions) by extension 'cmake'
[0.317s] Level 1:colcon.colcon_core.package_identification:_identify(ROS2_examples/rclpy/actions) by extension 'python'
[0.317s] Level 1:colcon.colcon_core.package_identification:_identify(ROS2_examples/rclpy/actions) by extensions ['python_setup_py']
[0.317s] Level 1:colcon.colcon_core.package_identification:_identify(ROS2_examples/rclpy/actions) by extension 'python_setup_py'
[0.317s] Level 1:colcon.colcon_core.package_identification:_identify(ROS2_examples/rclpy/actions/minimal_action_client) by extensions ['ignore', 'ignore_ament_install']
[0.317s] Level 1:colcon.colcon_core.package_identification:_identify(ROS2_examples/rclpy/actions/minimal_action_client) by extension 'ignore'
[0.317s] Level 1:colcon.colcon_core.package_identification:_identify(ROS2_examples/rclpy/actions/minimal_action_client) by extension 'ignore_ament_install'
[0.317s] Level 1:colcon.colcon_core.package_identification:_identify(ROS2_examples/rclpy/actions/minimal_action_client) by extensions ['colcon_pkg']
[0.317s] Level 1:colcon.colcon_core.package_identification:_identify(ROS2_examples/rclpy/actions/minimal_action_client) by extension 'colcon_pkg'
[0.317s] Level 1:colcon.colcon_core.package_identification:_identify(ROS2_examples/rclpy/actions/minimal_action_client) by extensions ['colcon_meta']
[0.317s] Level 1:colcon.colcon_core.package_identification:_identify(ROS2_examples/rclpy/actions/minimal_action_client) by extension 'colcon_meta'
[0.317s] Level 1:colcon.colcon_core.package_identification:_identify(ROS2_examples/rclpy/actions/minimal_action_client) by extensions ['ros']
[0.317s] Level 1:colcon.colcon_core.package_identification:_identify(ROS2_examples/rclpy/actions/minimal_action_client) by extension 'ros'
[0.318s] DEBUG:colcon.colcon_core.package_identification:Package 'ROS2_examples/rclpy/actions/minimal_action_client' with type 'ros.ament_python' and name 'examples_rclpy_minimal_action_client'
[0.318s] Level 1:colcon.colcon_core.package_identification:_identify(ROS2_examples/rclpy/actions/minimal_action_server) by extensions ['ignore', 'ignore_ament_install']
[0.318s] Level 1:colcon.colcon_core.package_identification:_identify(ROS2_examples/rclpy/actions/minimal_action_server) by extension 'ignore'
[0.318s] Level 1:colcon.colcon_core.package_identification:_identify(ROS2_examples/rclpy/actions/minimal_action_server) by extension 'ignore_ament_install'
[0.318s] Level 1:colcon.colcon_core.package_identification:_identify(ROS2_examples/rclpy/actions/minimal_action_server) by extensions ['colcon_pkg']
[0.318s] Level 1:colcon.colcon_core.package_identification:_identify(ROS2_examples/rclpy/actions/minimal_action_server) by extension 'colcon_pkg'
[0.318s] Level 1:colcon.colcon_core.package_identification:_identify(ROS2_examples/rclpy/actions/minimal_action_server) by extensions ['colcon_meta']
[0.318s] Level 1:colcon.colcon_core.package_identification:_identify(ROS2_examples/rclpy/actions/minimal_action_server) by extension 'colcon_meta'
[0.318s] Level 1:colcon.colcon_core.package_identification:_identify(ROS2_examples/rclpy/actions/minimal_action_server) by extensions ['ros']
[0.318s] Level 1:colcon.colcon_core.package_identification:_identify(ROS2_examples/rclpy/actions/minimal_action_server) by extension 'ros'
[0.318s] DEBUG:colcon.colcon_core.package_identification:Package 'ROS2_examples/rclpy/actions/minimal_action_server' with type 'ros.ament_python' and name 'examples_rclpy_minimal_action_server'
[0.319s] Level 1:colcon.colcon_core.package_identification:_identify(ROS2_examples/rclpy/services) by extensions ['ignore', 'ignore_ament_install']
[0.319s] Level 1:colcon.colcon_core.package_identification:_identify(ROS2_examples/rclpy/services) by extension 'ignore'
[0.319s] Level 1:colcon.colcon_core.package_identification:_identify(ROS2_examples/rclpy/services) by extension 'ignore_ament_install'
[0.319s] Level 1:colcon.colcon_core.package_identification:_identify(ROS2_examples/rclpy/services) by extensions ['colcon_pkg']
[0.319s] Level 1:colcon.colcon_core.package_identification:_identify(ROS2_examples/rclpy/services) by extension 'colcon_pkg'
[0.319s] Level 1:colcon.colcon_core.package_identification:_identify(ROS2_examples/rclpy/services) by extensions ['colcon_meta']
[0.319s] Level 1:colcon.colcon_core.package_identification:_identify(ROS2_examples/rclpy/services) by extension 'colcon_meta'
[0.319s] Level 1:colcon.colcon_core.package_identification:_identify(ROS2_examples/rclpy/services) by extensions ['ros']
[0.319s] Level 1:colcon.colcon_core.package_identification:_identify(ROS2_examples/rclpy/services) by extension 'ros'
[0.319s] Level 1:colcon.colcon_core.package_identification:_identify(ROS2_examples/rclpy/services) by extensions ['cmake', 'python']
[0.319s] Level 1:colcon.colcon_core.package_identification:_identify(ROS2_examples/rclpy/services) by extension 'cmake'
[0.319s] Level 1:colcon.colcon_core.package_identification:_identify(ROS2_examples/rclpy/services) by extension 'python'
[0.319s] Level 1:colcon.colcon_core.package_identification:_identify(ROS2_examples/rclpy/services) by extensions ['python_setup_py']
[0.319s] Level 1:colcon.colcon_core.package_identification:_identify(ROS2_examples/rclpy/services) by extension 'python_setup_py'
[0.319s] Level 1:colcon.colcon_core.package_identification:_identify(ROS2_examples/rclpy/services/minimal_client) by extensions ['ignore', 'ignore_ament_install']
[0.319s] Level 1:colcon.colcon_core.package_identification:_identify(ROS2_examples/rclpy/services/minimal_client) by extension 'ignore'
[0.319s] Level 1:colcon.colcon_core.package_identification:_identify(ROS2_examples/rclpy/services/minimal_client) by extension 'ignore_ament_install'
[0.319s] Level 1:colcon.colcon_core.package_identification:_identify(ROS2_examples/rclpy/services/minimal_client) by extensions ['colcon_pkg']
[0.319s] Level 1:colcon.colcon_core.package_identification:_identify(ROS2_examples/rclpy/services/minimal_client) by extension 'colcon_pkg'
[0.319s] Level 1:colcon.colcon_core.package_identification:_identify(ROS2_examples/rclpy/services/minimal_client) by extensions ['colcon_meta']
[0.319s] Level 1:colcon.colcon_core.package_identification:_identify(ROS2_examples/rclpy/services/minimal_client) by extension 'colcon_meta'
[0.319s] Level 1:colcon.colcon_core.package_identification:_identify(ROS2_examples/rclpy/services/minimal_client) by extensions ['ros']
[0.319s] Level 1:colcon.colcon_core.package_identification:_identify(ROS2_examples/rclpy/services/minimal_client) by extension 'ros'
[0.320s] DEBUG:colcon.colcon_core.package_identification:Package 'ROS2_examples/rclpy/services/minimal_client' with type 'ros.ament_python' and name 'examples_rclpy_minimal_client'
[0.320s] Level 1:colcon.colcon_core.package_identification:_identify(ROS2_examples/rclpy/services/minimal_service) by extensions ['ignore', 'ignore_ament_install']
[0.320s] Level 1:colcon.colcon_core.package_identification:_identify(ROS2_examples/rclpy/services/minimal_service) by extension 'ignore'
[0.320s] Level 1:colcon.colcon_core.package_identification:_identify(ROS2_examples/rclpy/services/minimal_service) by extension 'ignore_ament_install'
[0.320s] Level 1:colcon.colcon_core.package_identification:_identify(ROS2_examples/rclpy/services/minimal_service) by extensions ['colcon_pkg']
[0.320s] Level 1:colcon.colcon_core.package_identification:_identify(ROS2_examples/rclpy/services/minimal_service) by extension 'colcon_pkg'
[0.320s] Level 1:colcon.colcon_core.package_identification:_identify(ROS2_examples/rclpy/services/minimal_service) by extensions ['colcon_meta']
[0.320s] Level 1:colcon.colcon_core.package_identification:_identify(ROS2_examples/rclpy/services/minimal_service) by extension 'colcon_meta'
[0.320s] Level 1:colcon.colcon_core.package_identification:_identify(ROS2_examples/rclpy/services/minimal_service) by extensions ['ros']
[0.320s] Level 1:colcon.colcon_core.package_identification:_identify(ROS2_examples/rclpy/services/minimal_service) by extension 'ros'
[0.321s] DEBUG:colcon.colcon_core.package_identification:Package 'ROS2_examples/rclpy/services/minimal_service' with type 'ros.ament_python' and name 'examples_rclpy_minimal_service'
[0.321s] Level 1:colcon.colcon_core.package_identification:_identify(ROS2_examples/rclpy/topics) by extensions ['ignore', 'ignore_ament_install']
[0.321s] Level 1:colcon.colcon_core.package_identification:_identify(ROS2_examples/rclpy/topics) by extension 'ignore'
[0.321s] Level 1:colcon.colcon_core.package_identification:_identify(ROS2_examples/rclpy/topics) by extension 'ignore_ament_install'
[0.321s] Level 1:colcon.colcon_core.package_identification:_identify(ROS2_examples/rclpy/topics) by extensions ['colcon_pkg']
[0.321s] Level 1:colcon.colcon_core.package_identification:_identify(ROS2_examples/rclpy/topics) by extension 'colcon_pkg'
[0.321s] Level 1:colcon.colcon_core.package_identification:_identify(ROS2_examples/rclpy/topics) by extensions ['colcon_meta']
[0.321s] Level 1:colcon.colcon_core.package_identification:_identify(ROS2_examples/rclpy/topics) by extension 'colcon_meta'
[0.321s] Level 1:colcon.colcon_core.package_identification:_identify(ROS2_examples/rclpy/topics) by extensions ['ros']
[0.321s] Level 1:colcon.colcon_core.package_identification:_identify(ROS2_examples/rclpy/topics) by extension 'ros'
[0.321s] Level 1:colcon.colcon_core.package_identification:_identify(ROS2_examples/rclpy/topics) by extensions ['cmake', 'python']
[0.321s] Level 1:colcon.colcon_core.package_identification:_identify(ROS2_examples/rclpy/topics) by extension 'cmake'
[0.321s] Level 1:colcon.colcon_core.package_identification:_identify(ROS2_examples/rclpy/topics) by extension 'python'
[0.321s] Level 1:colcon.colcon_core.package_identification:_identify(ROS2_examples/rclpy/topics) by extensions ['python_setup_py']
[0.321s] Level 1:colcon.colcon_core.package_identification:_identify(ROS2_examples/rclpy/topics) by extension 'python_setup_py'
[0.321s] Level 1:colcon.colcon_core.package_identification:_identify(ROS2_examples/rclpy/topics/minimal_publisher) by extensions ['ignore', 'ignore_ament_install']
[0.321s] Level 1:colcon.colcon_core.package_identification:_identify(ROS2_examples/rclpy/topics/minimal_publisher) by extension 'ignore'
[0.321s] Level 1:colcon.colcon_core.package_identification:_identify(ROS2_examples/rclpy/topics/minimal_publisher) by extension 'ignore_ament_install'
[0.321s] Level 1:colcon.colcon_core.package_identification:_identify(ROS2_examples/rclpy/topics/minimal_publisher) by extensions ['colcon_pkg']
[0.321s] Level 1:colcon.colcon_core.package_identification:_identify(ROS2_examples/rclpy/topics/minimal_publisher) by extension 'colcon_pkg'
[0.321s] Level 1:colcon.colcon_core.package_identification:_identify(ROS2_examples/rclpy/topics/minimal_publisher) by extensions ['colcon_meta']
[0.321s] Level 1:colcon.colcon_core.package_identification:_identify(ROS2_examples/rclpy/topics/minimal_publisher) by extension 'colcon_meta'
[0.322s] Level 1:colcon.colcon_core.package_identification:_identify(ROS2_examples/rclpy/topics/minimal_publisher) by extensions ['ros']
[0.322s] Level 1:colcon.colcon_core.package_identification:_identify(ROS2_examples/rclpy/topics/minimal_publisher) by extension 'ros'
[0.322s] DEBUG:colcon.colcon_core.package_identification:Package 'ROS2_examples/rclpy/topics/minimal_publisher' with type 'ros.ament_python' and name 'examples_rclpy_minimal_publisher'
[0.322s] Level 1:colcon.colcon_core.package_identification:_identify(ROS2_examples/rclpy/topics/minimal_subscriber) by extensions ['ignore', 'ignore_ament_install']
[0.322s] Level 1:colcon.colcon_core.package_identification:_identify(ROS2_examples/rclpy/topics/minimal_subscriber) by extension 'ignore'
[0.322s] Level 1:colcon.colcon_core.package_identification:_identify(ROS2_examples/rclpy/topics/minimal_subscriber) by extension 'ignore_ament_install'
[0.322s] Level 1:colcon.colcon_core.package_identification:_identify(ROS2_examples/rclpy/topics/minimal_subscriber) by extensions ['colcon_pkg']
[0.322s] Level 1:colcon.colcon_core.package_identification:_identify(ROS2_examples/rclpy/topics/minimal_subscriber) by extension 'colcon_pkg'
[0.322s] Level 1:colcon.colcon_core.package_identification:_identify(ROS2_examples/rclpy/topics/minimal_subscriber) by extensions ['colcon_meta']
[0.322s] Level 1:colcon.colcon_core.package_identification:_identify(ROS2_examples/rclpy/topics/minimal_subscriber) by extension 'colcon_meta'
[0.322s] Level 1:colcon.colcon_core.package_identification:_identify(ROS2_examples/rclpy/topics/minimal_subscriber) by extensions ['ros']
[0.322s] Level 1:colcon.colcon_core.package_identification:_identify(ROS2_examples/rclpy/topics/minimal_subscriber) by extension 'ros'
[0.323s] DEBUG:colcon.colcon_core.package_identification:Package 'ROS2_examples/rclpy/topics/minimal_subscriber' with type 'ros.ament_python' and name 'examples_rclpy_minimal_subscriber'
[0.323s] Level 1:colcon.colcon_core.package_identification:_identify(build) by extensions ['ignore', 'ignore_ament_install']
[0.323s] Level 1:colcon.colcon_core.package_identification:_identify(build) by extension 'ignore'
[0.323s] Level 1:colcon.colcon_core.package_identification:_identify(build) ignored
[0.323s] Level 1:colcon.colcon_core.package_identification:_identify(install) by extensions ['ignore', 'ignore_ament_install']
[0.323s] Level 1:colcon.colcon_core.package_identification:_identify(install) by extension 'ignore'
[0.323s] Level 1:colcon.colcon_core.package_identification:_identify(install) ignored
[0.323s] Level 1:colcon.colcon_core.package_identification:_identify(log) by extensions ['ignore', 'ignore_ament_install']
[0.323s] Level 1:colcon.colcon_core.package_identification:_identify(log) by extension 'ignore'
[0.323s] Level 1:colcon.colcon_core.package_identification:_identify(log) ignored
[0.323s] Level 1:colcon.colcon_core.package_identification:_identify(mi_paquete_python) by extensions ['ignore', 'ignore_ament_install']
[0.323s] Level 1:colcon.colcon_core.package_identification:_identify(mi_paquete_python) by extension 'ignore'
[0.323s] Level 1:colcon.colcon_core.package_identification:_identify(mi_paquete_python) by extension 'ignore_ament_install'
[0.323s] Level 1:colcon.colcon_core.package_identification:_identify(mi_paquete_python) by extensions ['colcon_pkg']
[0.323s] Level 1:colcon.colcon_core.package_identification:_identify(mi_paquete_python) by extension 'colcon_pkg'
[0.324s] Level 1:colcon.colcon_core.package_identification:_identify(mi_paquete_python) by extensions ['colcon_meta']
[0.324s] Level 1:colcon.colcon_core.package_identification:_identify(mi_paquete_python) by extension 'colcon_meta'
[0.324s] Level 1:colcon.colcon_core.package_identification:_identify(mi_paquete_python) by extensions ['ros']
[0.324s] Level 1:colcon.colcon_core.package_identification:_identify(mi_paquete_python) by extension 'ros'
[0.324s] DEBUG:colcon.colcon_core.package_identification:Package 'mi_paquete_python' with type 'ros.ament_python' and name 'mi_paquete_python'
[0.324s] Level 1:colcon.colcon_core.package_discovery:discover_packages(recursive) using defaults
[0.324s] Level 1:colcon.colcon_core.package_discovery:discover_packages(ignore) discover
[0.324s] Level 1:colcon.colcon_core.package_discovery:discover_packages(ignore) using defaults
[0.324s] Level 1:colcon.colcon_core.package_discovery:discover_packages(path) discover
[0.324s] Level 1:colcon.colcon_core.package_discovery:discover_packages(path) using defaults
[0.343s] INFO:colcon.colcon_core.package_selection:Skipping not selected package 'examples_rclpy_minimal_action_client' in 'ROS2_examples/rclpy/actions/minimal_action_client'
[0.344s] INFO:colcon.colcon_core.package_selection:Skipping not selected package 'examples_rclpy_minimal_action_server' in 'ROS2_examples/rclpy/actions/minimal_action_server'
[0.344s] INFO:colcon.colcon_core.package_selection:Skipping not selected package 'examples_rclpy_minimal_client' in 'ROS2_examples/rclpy/services/minimal_client'
[0.344s] INFO:colcon.colcon_core.package_selection:Skipping not selected package 'examples_rclpy_minimal_publisher' in 'ROS2_examples/rclpy/topics/minimal_publisher'
[0.344s] INFO:colcon.colcon_core.package_selection:Skipping not selected package 'examples_rclpy_minimal_service' in 'ROS2_examples/rclpy/services/minimal_service'
[0.344s] INFO:colcon.colcon_core.package_selection:Skipping not selected package 'examples_rclpy_minimal_subscriber' in 'ROS2_examples/rclpy/topics/minimal_subscriber'
[0.344s] INFO:colcon.colcon_core.package_selection:Skipping not selected package 'launch_testing_examples' in 'ROS2_examples/launch_testing/launch_testing_examples'
[0.344s] Level 1:colcon.colcon_core.package_discovery:discover_packages(prefix_path) check parameters
[0.344s] Level 1:colcon.colcon_core.package_discovery:discover_packages(prefix_path) discover
[0.346s] DEBUG:colcon.colcon_installed_package_information.package_discovery:Found 8 installed packages in /home/simon/Documents/ARO/ros2_ws/src/install
[0.347s] DEBUG:colcon.colcon_installed_package_information.package_discovery:Found 1 installed packages in /home/simon/Documents/ARO/ros2_ws/src/mi_paquete_python/install
[0.348s] DEBUG:colcon.colcon_installed_package_information.package_discovery:Found 0 installed packages in /home/simon/Documents/ARO/ros2_ws/src/mi_paquete_python/mi_paquete_python/install
[0.349s] DEBUG:colcon.colcon_installed_package_information.package_discovery:Found 362 installed packages in /opt/ros/humble
[0.352s] Level 1:colcon.colcon_core.package_discovery:discover_packages(prefix_path) using defaults
[0.402s] Level 5:colcon.colcon_core.verb:set package 'mi_paquete_python' build argument 'cmake_args' from command line to 'None'
[0.402s] Level 5:colcon.colcon_core.verb:set package 'mi_paquete_python' build argument 'cmake_target' from command line to 'None'
[0.402s] Level 5:colcon.colcon_core.verb:set package 'mi_paquete_python' build argument 'cmake_target_skip_unavailable' from command line to 'False'
[0.403s] Level 5:colcon.colcon_core.verb:set package 'mi_paquete_python' build argument 'cmake_clean_cache' from command line to 'False'
[0.403s] Level 5:colcon.colcon_core.verb:set package 'mi_paquete_python' build argument 'cmake_clean_first' from command line to 'False'
[0.403s] Level 5:colcon.colcon_core.verb:set package 'mi_paquete_python' build argument 'cmake_force_configure' from command line to 'False'
[0.403s] Level 5:colcon.colcon_core.verb:set package 'mi_paquete_python' build argument 'ament_cmake_args' from command line to 'None'
[0.403s] Level 5:colcon.colcon_core.verb:set package 'mi_paquete_python' build argument 'catkin_cmake_args' from command line to 'None'
[0.403s] Level 5:colcon.colcon_core.verb:set package 'mi_paquete_python' build argument 'catkin_skip_building_tests' from command line to 'False'
[0.403s] DEBUG:colcon.colcon_core.verb:Building package 'mi_paquete_python' with the following arguments: {'ament_cmake_args': None, 'build_base': '/home/simon/Documents/ARO/ros2_ws/src/build/mi_paquete_python', 'catkin_cmake_args': None, 'catkin_skip_building_tests': False, 'cmake_args': None, 'cmake_clean_cache': False, 'cmake_clean_first': False, 'cmake_force_configure': False, 'cmake_target': None, 'cmake_target_skip_unavailable': False, 'install_base': '/home/simon/Documents/ARO/ros2_ws/src/install/mi_paquete_python', 'merge_install': False, 'path': '/home/simon/Documents/ARO/ros2_ws/src/mi_paquete_python', 'symlink_install': True, 'test_result_base': None}
[0.403s] INFO:colcon.colcon_core.executor:Executing jobs using 'parallel' executor
[0.406s] DEBUG:colcon.colcon_parallel_executor.executor.parallel:run_until_complete
[0.406s] INFO:colcon.colcon_ros.task.ament_python.build:Building ROS package in '/home/simon/Documents/ARO/ros2_ws/src/mi_paquete_python' with build type 'ament_python'
[0.407s] Level 1:colcon.colcon_core.shell:create_environment_hook('mi_paquete_python', 'ament_prefix_path')
[0.411s] INFO:colcon.colcon_core.plugin_system:Skipping extension 'colcon_core.shell.bat': Not used on non-Windows systems
[0.412s] INFO:colcon.colcon_core.shell:Creating environment hook '/home/simon/Documents/ARO/ros2_ws/src/install/mi_paquete_python/share/mi_paquete_python/hook/ament_prefix_path.ps1'
[0.412s] INFO:colcon.colcon_core.shell:Creating environment descriptor '/home/simon/Documents/ARO/ros2_ws/src/install/mi_paquete_python/share/mi_paquete_python/hook/ament_prefix_path.dsv'
[0.413s] INFO:colcon.colcon_core.shell:Creating environment hook '/home/simon/Documents/ARO/ros2_ws/src/install/mi_paquete_python/share/mi_paquete_python/hook/ament_prefix_path.sh'
[0.414s] INFO:colcon.colcon_core.shell:Skip shell extension 'powershell' for command environment: Not usable outside of PowerShell
[0.414s] DEBUG:colcon.colcon_core.shell:Skip shell extension 'dsv' for command environment
[0.692s] DEBUG:colcon.colcon_parallel_executor.executor.parallel:closing loop
[0.692s] DEBUG:colcon.colcon_parallel_executor.executor.parallel:loop closed
[0.692s] DEBUG:colcon.colcon_parallel_executor.executor.parallel:run_until_complete finished with 'Command '['/usr/bin/python3', '-c', 'import sys;from contextlib import suppress;exec("with suppress(ImportError):    from setuptools.extern.packaging.specifiers    import SpecifierSet");exec("with suppress(ImportError):    from packaging.specifiers import SpecifierSet");from distutils.core import run_setup;dist = run_setup(    \'setup.py\', script_args=(\'--dry-run\',), stop_after=\'config\');skip_keys = (\'cmdclass\', \'distclass\', \'ext_modules\', \'metadata\');data = {    key: value for key, value in dist.__dict__.items()     if (        not key.startswith(\'_\') and         not callable(value) and         key not in skip_keys and         key not in dist.display_option_names    )};data[\'metadata\'] = {    k: v for k, v in dist.metadata.__dict__.items()     if k not in (\'license_files\', \'provides_extras\')};sys.stdout.buffer.write(repr(data).encode(\'utf-8\'))']' returned non-zero exit status 1.'
[0.692s] DEBUG:colcon.colcon_core.event_reactor:joining thread
[0.703s] INFO:colcon.colcon_core.plugin_system:Skipping extension 'colcon_notification.desktop_notification.terminal_notifier': Not used on non-Darwin systems
[0.703s] INFO:colcon.colcon_core.plugin_system:Skipping extension 'colcon_notification.desktop_notification.win32': Not used on non-Windows systems
[0.703s] INFO:colcon.colcon_notification.desktop_notification:Sending desktop notification using 'notify2'
[0.716s] DEBUG:colcon.colcon_core.event_reactor:joined thread
[0.718s] INFO:colcon.colcon_core.shell:Creating prefix script '/home/simon/Documents/ARO/ros2_ws/src/install/local_setup.ps1'
[0.720s] INFO:colcon.colcon_core.shell:Creating prefix util module '/home/simon/Documents/ARO/ros2_ws/src/install/_local_setup_util_ps1.py'
[0.721s] INFO:colcon.colcon_core.shell:Creating prefix chain script '/home/simon/Documents/ARO/ros2_ws/src/install/setup.ps1'
[0.722s] INFO:colcon.colcon_core.shell:Creating prefix script '/home/simon/Documents/ARO/ros2_ws/src/install/local_setup.sh'
[0.723s] INFO:colcon.colcon_core.shell:Creating prefix util module '/home/simon/Documents/ARO/ros2_ws/src/install/_local_setup_util_sh.py'
[0.723s] INFO:colcon.colcon_core.shell:Creating prefix chain script '/home/simon/Documents/ARO/ros2_ws/src/install/setup.sh'
[0.724s] INFO:colcon.colcon_core.shell:Creating prefix script '/home/simon/Documents/ARO/ros2_ws/src/install/local_setup.bash'
[0.725s] INFO:colcon.colcon_core.shell:Creating prefix chain script '/home/simon/Documents/ARO/ros2_ws/src/install/setup.bash'
[0.726s] INFO:colcon.colcon_core.shell:Creating prefix script '/home/simon/Documents/ARO/ros2_ws/src/install/local_setup.zsh'
[0.726s] INFO:colcon.colcon_core.shell:Creating prefix chain script '/home/simon/Documents/ARO/ros2_ws/src/install/setup.zsh'
