[0.042s] Invoking command in '/home/simon/Documents/ARO/turtlebot3_ws/build/turtlebot3_gazebo': CMAKE_PREFIX_PATH=/opt/ros/humble /usr/bin/cmake /home/simon/Documents/ARO/turtlebot3_ws/src/turtlebot3/turtlebot3_simulations/turtlebot3_gazebo -DAMENT_CMAKE_SYMLINK_INSTALL=1 -DCMAKE_INSTALL_PREFIX=/home/simon/Documents/ARO/turtlebot3_ws/install/turtlebot3_gazebo
[0.061s] -- Found ament_cmake: 1.3.5 (/opt/ros/humble/share/ament_cmake/cmake)
[0.343s] -- Found Python3: /usr/bin/python3.10 (found version "3.10.12") found components: Interpreter 
[0.472s] -- Override CMake install command with custom implementation using symlinks instead of copying resources
[0.521s] [33mCMake Warning (dev) at /usr/share/cmake-3.22/Modules/FindPackageHandleStandardArgs.cmake:438 (message):
[0.522s]   The package name passed to `find_package_handle_standard_args` (PkgConfig)
[0.522s]   does not match the name of the calling package (gazebo).  This can lead to
[0.523s]   problems in calling code that expects `find_package` result variables
[0.523s]   (e.g., `_FOUND`) to follow a certain pattern.
[0.524s] Call Stack (most recent call first):
[0.524s]   /usr/share/cmake-3.22/Modules/FindPkgConfig.cmake:99 (find_package_handle_standard_args)
[0.524s]   /usr/lib/x86_64-linux-gnu/cmake/gazebo/gazebo-config.cmake:72 (include)
[0.525s]   CMakeLists.txt:23 (find_package)
[0.525s] This warning is for project developers.  Use -Wno-dev to suppress it.
[0.526s] [0m
[0.526s] -- Found PkgConfig: /usr/bin/pkg-config (found version "0.29.2") 
[0.528s] -- Checking for module 'bullet>=2.82'
[0.543s] --   Found bullet, version 3.05
[0.700s] -- Found fcl: /usr/include (found suitable version "0.7.0", minimum required is "0.5.0") 
[0.833s] -- Found assimp: /usr/include (found version "5.2.0") 
[0.877s] -- Found DART: /usr/include (Required is at least version "6.6") found components: dart 
[1.211s] -- Found Boost: /usr/lib/x86_64-linux-gnu/cmake/Boost-1.74.0/BoostConfig.cmake (found suitable version "1.74.0", minimum required is "1.40.0") found components: thread system filesystem program_options regex iostreams date_time 
[1.248s] -- Found Protobuf: /usr/lib/x86_64-linux-gnu/libprotobuf.so (found version "3.12.4") 
[1.255s] -- Looking for ignition-math6 -- found version 6.15.0
[1.263s] -- Searching for dependencies of ignition-math6
[1.265s] -- Looking for OGRE...
[1.266s] -- OGRE_PREFIX_WATCH changed.
[1.274s] -- Checking for module 'OGRE'
[1.294s] --   Found OGRE, version 1.9.0
[1.346s] -- Found Ogre Ghadamon (1.9.0)
[1.364s] -- Found OGRE: optimized;/usr/lib/x86_64-linux-gnu/libOgreMain.so;debug;/usr/lib/x86_64-linux-gnu/libOgreMain.so
[1.379s] -- Looking for OGRE_Paging...
[1.388s] -- Found OGRE_Paging: optimized;/usr/lib/x86_64-linux-gnu/libOgrePaging.so;debug;/usr/lib/x86_64-linux-gnu/libOgrePaging.so
[1.389s] -- Looking for OGRE_Terrain...
[1.399s] -- Found OGRE_Terrain: optimized;/usr/lib/x86_64-linux-gnu/libOgreTerrain.so;debug;/usr/lib/x86_64-linux-gnu/libOgreTerrain.so
[1.399s] -- Looking for OGRE_Property...
[1.411s] -- Found OGRE_Property: optimized;/usr/lib/x86_64-linux-gnu/libOgreProperty.so;debug;/usr/lib/x86_64-linux-gnu/libOgreProperty.so
[1.412s] -- Looking for OGRE_RTShaderSystem...
[1.423s] -- Found OGRE_RTShaderSystem: optimized;/usr/lib/x86_64-linux-gnu/libOgreRTShaderSystem.so;debug;/usr/lib/x86_64-linux-gnu/libOgreRTShaderSystem.so
[1.423s] -- Looking for OGRE_Volume...
[1.435s] -- Found OGRE_Volume: optimized;/usr/lib/x86_64-linux-gnu/libOgreVolume.so;debug;/usr/lib/x86_64-linux-gnu/libOgreVolume.so
[1.435s] -- Looking for OGRE_Overlay...
[1.443s] -- Found OGRE_Overlay: optimized;/usr/lib/x86_64-linux-gnu/libOgreOverlay.so;debug;/usr/lib/x86_64-linux-gnu/libOgreOverlay.so
[1.604s] -- Looking for ignition-math6 -- found version 6.15.0
[1.606s] -- Looking for ignition-transport8 -- found version 8.2.1
[1.607s] -- Searching for dependencies of ignition-transport8
[1.626s] -- Found Protobuf: /usr/lib/x86_64-linux-gnu/libprotobuf.so (found suitable version "3.12.4", minimum required is "3") 
[1.637s] -- Config-file not installed for ZeroMQ -- checking for pkg-config
[1.642s] -- Checking for module 'libzmq >= 4'
[1.659s] --   Found libzmq , version 4.3.4
[1.695s] -- Found ZeroMQ: TRUE (Required is at least version "4") 
[1.701s] -- Checking for module 'uuid'
[1.714s] --   Found uuid, version 2.37.2
[1.749s] -- Found UUID: TRUE  
[1.751s] -- Looking for ignition-msgs5 -- found version 5.8.1
[1.752s] -- Searching for dependencies of ignition-msgs5
[1.774s] -- Looking for ignition-math6 -- found version 6.15.0
[1.780s] -- Checking for module 'tinyxml2'
[1.794s] --   Found tinyxml2, version 9.0.0
[1.835s] -- Looking for ignition-msgs5 -- found version 5.8.1
[1.837s] -- Looking for ignition-common3 -- found version 3.14.0
[1.838s] -- Searching for dependencies of ignition-common3
[1.838s] -- Looking for dlfcn.h - found
[1.839s] -- Looking for libdl - found
[1.841s] -- Found DL: TRUE  
[1.859s] -- Found tinyobjloader: /usr/lib/x86_64-linux-gnu/cmake/tinyobjloader/tinyobjloader-config.cmake (found version "2.0.0") 
[1.859s] -- Searching for <ignition-common3> component [graphics]
[1.859s] -- Looking for ignition-common3-graphics -- found version 3.14.0
[1.859s] -- Searching for dependencies of ignition-common3-graphics
[1.860s] -- Looking for ignition-math6 -- found version 6.15.0
[1.863s] -- Looking for ignition-fuel_tools4 -- found version 4.4.0
[1.863s] -- Searching for dependencies of ignition-fuel_tools4
[1.953s] -- Found CURL: /usr/lib/x86_64-linux-gnu/libcurl.so (found version "7.81.0")  
[1.962s] -- Checking for module 'jsoncpp'
[1.979s] --   Found jsoncpp, version 1.9.5
[2.020s] -- Found JSONCPP: TRUE  
[2.030s] -- Checking for module 'libzip'
[2.045s] --   Found libzip, version 1.7.3
[2.082s] -- Found ZIP: TRUE  
[2.083s] -- Looking for ignition-common3 -- found version 3.14.0
[2.083s] -- Looking for ignition-math6 -- found version 6.15.0
[2.084s] -- Looking for ignition-msgs5 -- found version 5.8.1
[2.090s] -- Found gazebo_ros_pkgs: 3.7.0 (/opt/ros/humble/share/gazebo_ros_pkgs/cmake)
[2.091s] -- Found geometry_msgs: 4.2.3 (/opt/ros/humble/share/geometry_msgs/cmake)
[2.137s] -- Found rosidl_generator_c: 3.1.5 (/opt/ros/humble/share/rosidl_generator_c/cmake)
[2.143s] -- Found rosidl_adapter: 3.1.5 (/opt/ros/humble/share/rosidl_adapter/cmake)
[2.152s] -- Found rosidl_generator_cpp: 3.1.5 (/opt/ros/humble/share/rosidl_generator_cpp/cmake)
[2.168s] -- Using all available rosidl_typesupport_c: rosidl_typesupport_fastrtps_c;rosidl_typesupport_introspection_c
[2.191s] -- Using all available rosidl_typesupport_cpp: rosidl_typesupport_fastrtps_cpp;rosidl_typesupport_introspection_cpp
[2.340s] -- Found nav_msgs: 4.2.3 (/opt/ros/humble/share/nav_msgs/cmake)
[2.471s] -- Found rclcpp: 16.0.5 (/opt/ros/humble/share/rclcpp/cmake)
[2.567s] -- Found rmw_implementation_cmake: 6.1.1 (/opt/ros/humble/share/rmw_implementation_cmake/cmake)
[2.571s] -- Found rmw_fastrtps_cpp: 6.2.3 (/opt/ros/humble/share/rmw_fastrtps_cpp/cmake)
[2.714s] -- Found OpenSSL: /usr/lib/x86_64-linux-gnu/libcrypto.so (found version "3.0.2")  
[2.752s] -- Found FastRTPS: /opt/ros/humble/include  
[2.820s] -- Using RMW implementation 'rmw_fastrtps_cpp' as default
[2.833s] -- Found Threads: TRUE  
[3.029s] -- Found sensor_msgs: 4.2.3 (/opt/ros/humble/share/sensor_msgs/cmake)
[3.164s] -- Found tf2: 0.25.3 (/opt/ros/humble/share/tf2/cmake)
[3.303s] -- Configuring done
[3.353s] -- Generating done
[3.356s] -- Build files have been written to: /home/simon/Documents/ARO/turtlebot3_ws/build/turtlebot3_gazebo
[3.379s] Invoked command in '/home/simon/Documents/ARO/turtlebot3_ws/build/turtlebot3_gazebo' returned '0': CMAKE_PREFIX_PATH=/opt/ros/humble /usr/bin/cmake /home/simon/Documents/ARO/turtlebot3_ws/src/turtlebot3/turtlebot3_simulations/turtlebot3_gazebo -DAMENT_CMAKE_SYMLINK_INSTALL=1 -DCMAKE_INSTALL_PREFIX=/home/simon/Documents/ARO/turtlebot3_ws/install/turtlebot3_gazebo
[3.381s] Invoking command in '/home/simon/Documents/ARO/turtlebot3_ws/build/turtlebot3_gazebo': CMAKE_PREFIX_PATH=/opt/ros/humble /usr/bin/cmake --build /home/simon/Documents/ARO/turtlebot3_ws/build/turtlebot3_gazebo -- -j16 -l16
[3.455s] [ 12%] [32mBuilding CXX object CMakeFiles/turtlebot3_drive.dir/src/turtlebot3_drive.cpp.o[0m
[3.455s] [ 25%] [32mBuilding CXX object CMakeFiles/obstacle1.dir/models/turtlebot3_dqn_world/obstacle_plugin/obstacle1.cc.o[0m
[3.459s] [ 37%] [32mBuilding CXX object CMakeFiles/obstacle2.dir/models/turtlebot3_dqn_world/obstacle_plugin/obstacle2.cc.o[0m
[3.461s] [ 50%] [32mBuilding CXX object CMakeFiles/obstacles.dir/models/turtlebot3_dqn_world/obstacle_plugin/obstacles.cc.o[0m
[22.281s] [ 75%] [32m[1mLinking CXX shared library libobstacles.so[0m
[22.281s] [ 75%] [32m[1mLinking CXX shared library libobstacle2.so[0m
[22.598s] [ 87%] [32m[1mLinking CXX shared library libobstacle1.so[0m
[23.040s] [ 87%] Built target obstacles
[23.068s] [ 87%] Built target obstacle2
[23.303s] [ 87%] Built target obstacle1
[23.750s] [100%] [32m[1mLinking CXX executable turtlebot3_drive[0m
[24.602s] [100%] Built target turtlebot3_drive
[24.616s] Invoked command in '/home/simon/Documents/ARO/turtlebot3_ws/build/turtlebot3_gazebo' returned '0': CMAKE_PREFIX_PATH=/opt/ros/humble /usr/bin/cmake --build /home/simon/Documents/ARO/turtlebot3_ws/build/turtlebot3_gazebo -- -j16 -l16
[24.657s] Invoking command in '/home/simon/Documents/ARO/turtlebot3_ws/build/turtlebot3_gazebo': CMAKE_PREFIX_PATH=/opt/ros/humble /usr/bin/cmake --install /home/simon/Documents/ARO/turtlebot3_ws/build/turtlebot3_gazebo
[24.664s] -- Install configuration: ""
[24.665s] -- Execute custom install script
[24.666s] -- Symlinking: /home/simon/Documents/ARO/turtlebot3_ws/install/turtlebot3_gazebo/lib/turtlebot3_gazebo/turtlebot3_drive
[24.675s] -- Symlinking: /home/simon/Documents/ARO/turtlebot3_ws/install/turtlebot3_gazebo/share/turtlebot3_gazebo//launch/empty_world.launch.py
[24.684s] -- Symlinking: /home/simon/Documents/ARO/turtlebot3_ws/install/turtlebot3_gazebo/share/turtlebot3_gazebo//launch/robot_state_publisher.launch.py
[24.695s] -- Symlinking: /home/simon/Documents/ARO/turtlebot3_ws/install/turtlebot3_gazebo/share/turtlebot3_gazebo//launch/spawn_turtlebot3.launch.py
[24.705s] -- Symlinking: /home/simon/Documents/ARO/turtlebot3_ws/install/turtlebot3_gazebo/share/turtlebot3_gazebo//launch/turtlebot3_dqn_stage1.launch.py
[24.714s] -- Symlinking: /home/simon/Documents/ARO/turtlebot3_ws/install/turtlebot3_gazebo/share/turtlebot3_gazebo//launch/turtlebot3_dqn_stage2.launch.py
[24.723s] -- Symlinking: /home/simon/Documents/ARO/turtlebot3_ws/install/turtlebot3_gazebo/share/turtlebot3_gazebo//launch/turtlebot3_dqn_stage3.launch.py
[24.732s] -- Symlinking: /home/simon/Documents/ARO/turtlebot3_ws/install/turtlebot3_gazebo/share/turtlebot3_gazebo//launch/turtlebot3_dqn_stage4.launch.py
[24.742s] -- Symlinking: /home/simon/Documents/ARO/turtlebot3_ws/install/turtlebot3_gazebo/share/turtlebot3_gazebo//launch/turtlebot3_house.launch.py
[24.751s] -- Symlinking: /home/simon/Documents/ARO/turtlebot3_ws/install/turtlebot3_gazebo/share/turtlebot3_gazebo//launch/turtlebot3_world.launch.py
[24.762s] -- Symlinking: /home/simon/Documents/ARO/turtlebot3_ws/install/turtlebot3_gazebo/share/turtlebot3_gazebo//models/turtlebot3_burger/model-1_4.sdf
[24.771s] -- Symlinking: /home/simon/Documents/ARO/turtlebot3_ws/install/turtlebot3_gazebo/share/turtlebot3_gazebo//models/turtlebot3_burger/model.config
[24.782s] -- Symlinking: /home/simon/Documents/ARO/turtlebot3_ws/install/turtlebot3_gazebo/share/turtlebot3_gazebo//models/turtlebot3_burger/model.sdf
[24.791s] -- Symlinking: /home/simon/Documents/ARO/turtlebot3_ws/install/turtlebot3_gazebo/share/turtlebot3_gazebo//models/turtlebot3_common/meshes/burger_base.dae
[24.801s] -- Symlinking: /home/simon/Documents/ARO/turtlebot3_ws/install/turtlebot3_gazebo/share/turtlebot3_gazebo//models/turtlebot3_common/meshes/lds.dae
[24.811s] -- Symlinking: /home/simon/Documents/ARO/turtlebot3_ws/install/turtlebot3_gazebo/share/turtlebot3_gazebo//models/turtlebot3_common/meshes/r200.dae
[24.821s] -- Symlinking: /home/simon/Documents/ARO/turtlebot3_ws/install/turtlebot3_gazebo/share/turtlebot3_gazebo//models/turtlebot3_common/meshes/tire.dae
[24.832s] -- Symlinking: /home/simon/Documents/ARO/turtlebot3_ws/install/turtlebot3_gazebo/share/turtlebot3_gazebo//models/turtlebot3_common/meshes/waffle_base.dae
[24.842s] -- Symlinking: /home/simon/Documents/ARO/turtlebot3_ws/install/turtlebot3_gazebo/share/turtlebot3_gazebo//models/turtlebot3_common/meshes/waffle_pi_base.dae
[24.853s] -- Symlinking: /home/simon/Documents/ARO/turtlebot3_ws/install/turtlebot3_gazebo/share/turtlebot3_gazebo//models/turtlebot3_common/model.config
[24.864s] -- Symlinking: /home/simon/Documents/ARO/turtlebot3_ws/install/turtlebot3_gazebo/share/turtlebot3_gazebo//models/turtlebot3_dqn_world/goal_box/model.config
[24.874s] -- Symlinking: /home/simon/Documents/ARO/turtlebot3_ws/install/turtlebot3_gazebo/share/turtlebot3_gazebo//models/turtlebot3_dqn_world/goal_box/model.sdf
[24.885s] -- Symlinking: /home/simon/Documents/ARO/turtlebot3_ws/install/turtlebot3_gazebo/share/turtlebot3_gazebo//models/turtlebot3_dqn_world/inner_walls/model.config
[24.895s] -- Symlinking: /home/simon/Documents/ARO/turtlebot3_ws/install/turtlebot3_gazebo/share/turtlebot3_gazebo//models/turtlebot3_dqn_world/inner_walls/model.sdf
[24.907s] -- Symlinking: /home/simon/Documents/ARO/turtlebot3_ws/install/turtlebot3_gazebo/share/turtlebot3_gazebo//models/turtlebot3_dqn_world/model.config
[24.917s] -- Symlinking: /home/simon/Documents/ARO/turtlebot3_ws/install/turtlebot3_gazebo/share/turtlebot3_gazebo//models/turtlebot3_dqn_world/model.sdf
[24.926s] -- Symlinking: /home/simon/Documents/ARO/turtlebot3_ws/install/turtlebot3_gazebo/share/turtlebot3_gazebo//models/turtlebot3_dqn_world/obstacle1/model.config
[24.936s] -- Symlinking: /home/simon/Documents/ARO/turtlebot3_ws/install/turtlebot3_gazebo/share/turtlebot3_gazebo//models/turtlebot3_dqn_world/obstacle1/model.sdf
[24.947s] -- Symlinking: /home/simon/Documents/ARO/turtlebot3_ws/install/turtlebot3_gazebo/share/turtlebot3_gazebo//models/turtlebot3_dqn_world/obstacle2/model.config
[24.957s] -- Symlinking: /home/simon/Documents/ARO/turtlebot3_ws/install/turtlebot3_gazebo/share/turtlebot3_gazebo//models/turtlebot3_dqn_world/obstacle2/model.sdf
[24.968s] -- Symlinking: /home/simon/Documents/ARO/turtlebot3_ws/install/turtlebot3_gazebo/share/turtlebot3_gazebo//models/turtlebot3_dqn_world/obstacle_plugin/CMakeLists.txt
[24.978s] -- Symlinking: /home/simon/Documents/ARO/turtlebot3_ws/install/turtlebot3_gazebo/share/turtlebot3_gazebo//models/turtlebot3_dqn_world/obstacle_plugin/obstacle1.cc
[24.986s] -- Symlinking: /home/simon/Documents/ARO/turtlebot3_ws/install/turtlebot3_gazebo/share/turtlebot3_gazebo//models/turtlebot3_dqn_world/obstacle_plugin/obstacle2.cc
[24.995s] -- Symlinking: /home/simon/Documents/ARO/turtlebot3_ws/install/turtlebot3_gazebo/share/turtlebot3_gazebo//models/turtlebot3_dqn_world/obstacle_plugin/obstacles.cc
[25.005s] -- Symlinking: /home/simon/Documents/ARO/turtlebot3_ws/install/turtlebot3_gazebo/share/turtlebot3_gazebo//models/turtlebot3_dqn_world/obstacles/model.config
[25.014s] -- Symlinking: /home/simon/Documents/ARO/turtlebot3_ws/install/turtlebot3_gazebo/share/turtlebot3_gazebo//models/turtlebot3_dqn_world/obstacles/model.sdf
[25.023s] -- Symlinking: /home/simon/Documents/ARO/turtlebot3_ws/install/turtlebot3_gazebo/share/turtlebot3_gazebo//models/turtlebot3_house/model.config
[25.032s] -- Symlinking: /home/simon/Documents/ARO/turtlebot3_ws/install/turtlebot3_gazebo/share/turtlebot3_gazebo//models/turtlebot3_house/model.sdf
[25.041s] -- Symlinking: /home/simon/Documents/ARO/turtlebot3_ws/install/turtlebot3_gazebo/share/turtlebot3_gazebo//models/turtlebot3_waffle/model-1_4.sdf
[25.049s] -- Symlinking: /home/simon/Documents/ARO/turtlebot3_ws/install/turtlebot3_gazebo/share/turtlebot3_gazebo//models/turtlebot3_waffle/model.config
[25.058s] -- Symlinking: /home/simon/Documents/ARO/turtlebot3_ws/install/turtlebot3_gazebo/share/turtlebot3_gazebo//models/turtlebot3_waffle/model.sdf
[25.068s] -- Symlinking: /home/simon/Documents/ARO/turtlebot3_ws/install/turtlebot3_gazebo/share/turtlebot3_gazebo//models/turtlebot3_waffle_pi/model-1_4_.sdf
[25.077s] -- Symlinking: /home/simon/Documents/ARO/turtlebot3_ws/install/turtlebot3_gazebo/share/turtlebot3_gazebo//models/turtlebot3_waffle_pi/model.config
[25.087s] -- Symlinking: /home/simon/Documents/ARO/turtlebot3_ws/install/turtlebot3_gazebo/share/turtlebot3_gazebo//models/turtlebot3_waffle_pi/model.sdf
[25.096s] -- Symlinking: /home/simon/Documents/ARO/turtlebot3_ws/install/turtlebot3_gazebo/share/turtlebot3_gazebo//models/turtlebot3_world/meshes/hexagon.dae
[25.105s] -- Symlinking: /home/simon/Documents/ARO/turtlebot3_ws/install/turtlebot3_gazebo/share/turtlebot3_gazebo//models/turtlebot3_world/meshes/wall.dae
[25.114s] -- Symlinking: /home/simon/Documents/ARO/turtlebot3_ws/install/turtlebot3_gazebo/share/turtlebot3_gazebo//models/turtlebot3_world/model-1_4.sdf
[25.124s] -- Symlinking: /home/simon/Documents/ARO/turtlebot3_ws/install/turtlebot3_gazebo/share/turtlebot3_gazebo//models/turtlebot3_world/model.config
[25.133s] -- Symlinking: /home/simon/Documents/ARO/turtlebot3_ws/install/turtlebot3_gazebo/share/turtlebot3_gazebo//models/turtlebot3_world/model.sdf
[25.143s] -- Symlinking: /home/simon/Documents/ARO/turtlebot3_ws/install/turtlebot3_gazebo/share/turtlebot3_gazebo//rviz/tb3_gazebo.rviz
[25.153s] -- Symlinking: /home/simon/Documents/ARO/turtlebot3_ws/install/turtlebot3_gazebo/share/turtlebot3_gazebo//urdf/common_properties.urdf
[25.163s] -- Symlinking: /home/simon/Documents/ARO/turtlebot3_ws/install/turtlebot3_gazebo/share/turtlebot3_gazebo//urdf/turtlebot3_burger.urdf
[25.173s] -- Symlinking: /home/simon/Documents/ARO/turtlebot3_ws/install/turtlebot3_gazebo/share/turtlebot3_gazebo//urdf/turtlebot3_waffle.urdf
[25.183s] -- Symlinking: /home/simon/Documents/ARO/turtlebot3_ws/install/turtlebot3_gazebo/share/turtlebot3_gazebo//urdf/turtlebot3_waffle_pi.urdf
[25.194s] -- Symlinking: /home/simon/Documents/ARO/turtlebot3_ws/install/turtlebot3_gazebo/share/turtlebot3_gazebo//worlds/empty_world.world
[25.203s] -- Symlinking: /home/simon/Documents/ARO/turtlebot3_ws/install/turtlebot3_gazebo/share/turtlebot3_gazebo//worlds/turtlebot3_dqn_stage1.world
[25.212s] -- Symlinking: /home/simon/Documents/ARO/turtlebot3_ws/install/turtlebot3_gazebo/share/turtlebot3_gazebo//worlds/turtlebot3_dqn_stage2.world
[25.221s] -- Symlinking: /home/simon/Documents/ARO/turtlebot3_ws/install/turtlebot3_gazebo/share/turtlebot3_gazebo//worlds/turtlebot3_dqn_stage3.world
[25.230s] -- Symlinking: /home/simon/Documents/ARO/turtlebot3_ws/install/turtlebot3_gazebo/share/turtlebot3_gazebo//worlds/turtlebot3_dqn_stage4.world
[25.240s] -- Symlinking: /home/simon/Documents/ARO/turtlebot3_ws/install/turtlebot3_gazebo/share/turtlebot3_gazebo//worlds/turtlebot3_house.world
[25.249s] -- Symlinking: /home/simon/Documents/ARO/turtlebot3_ws/install/turtlebot3_gazebo/share/turtlebot3_gazebo//worlds/turtlebot3_world.world
[25.259s] -- Symlinking: /home/simon/Documents/ARO/turtlebot3_ws/install/turtlebot3_gazebo/include//turtlebot3_gazebo/turtlebot3_drive.hpp
[25.268s] -- Symlinking: /home/simon/Documents/ARO/turtlebot3_ws/install/turtlebot3_gazebo/share/ament_index/resource_index/package_run_dependencies/turtlebot3_gazebo
[25.277s] -- Symlinking: /home/simon/Documents/ARO/turtlebot3_ws/install/turtlebot3_gazebo/share/ament_index/resource_index/parent_prefix_path/turtlebot3_gazebo
[25.286s] -- Symlinking: /home/simon/Documents/ARO/turtlebot3_ws/install/turtlebot3_gazebo/share/turtlebot3_gazebo/environment/ament_prefix_path.sh
[25.295s] -- Symlinking: /home/simon/Documents/ARO/turtlebot3_ws/install/turtlebot3_gazebo/share/turtlebot3_gazebo/environment/ament_prefix_path.dsv
[25.304s] -- Symlinking: /home/simon/Documents/ARO/turtlebot3_ws/install/turtlebot3_gazebo/share/turtlebot3_gazebo/environment/path.sh
[25.314s] -- Symlinking: /home/simon/Documents/ARO/turtlebot3_ws/install/turtlebot3_gazebo/share/turtlebot3_gazebo/environment/path.dsv
[25.324s] -- Symlinking: /home/simon/Documents/ARO/turtlebot3_ws/install/turtlebot3_gazebo/share/turtlebot3_gazebo/local_setup.bash
[25.333s] -- Symlinking: /home/simon/Documents/ARO/turtlebot3_ws/install/turtlebot3_gazebo/share/turtlebot3_gazebo/local_setup.sh
[25.342s] -- Symlinking: /home/simon/Documents/ARO/turtlebot3_ws/install/turtlebot3_gazebo/share/turtlebot3_gazebo/local_setup.zsh
[25.351s] -- Symlinking: /home/simon/Documents/ARO/turtlebot3_ws/install/turtlebot3_gazebo/share/turtlebot3_gazebo/local_setup.dsv
[25.360s] -- Symlinking: /home/simon/Documents/ARO/turtlebot3_ws/install/turtlebot3_gazebo/share/turtlebot3_gazebo/package.dsv
[25.370s] -- Symlinking: /home/simon/Documents/ARO/turtlebot3_ws/install/turtlebot3_gazebo/share/ament_index/resource_index/packages/turtlebot3_gazebo
[25.379s] -- Symlinking: /home/simon/Documents/ARO/turtlebot3_ws/install/turtlebot3_gazebo/share/turtlebot3_gazebo/cmake/ament_cmake_export_include_directories-extras.cmake
[25.388s] -- Symlinking: /home/simon/Documents/ARO/turtlebot3_ws/install/turtlebot3_gazebo/share/turtlebot3_gazebo/cmake/ament_cmake_export_dependencies-extras.cmake
[25.398s] -- Symlinking: /home/simon/Documents/ARO/turtlebot3_ws/install/turtlebot3_gazebo/share/turtlebot3_gazebo/cmake/turtlebot3_gazeboConfig.cmake
[25.406s] -- Symlinking: /home/simon/Documents/ARO/turtlebot3_ws/install/turtlebot3_gazebo/share/turtlebot3_gazebo/cmake/turtlebot3_gazeboConfig-version.cmake
[25.415s] -- Symlinking: /home/simon/Documents/ARO/turtlebot3_ws/install/turtlebot3_gazebo/share/turtlebot3_gazebo/package.xml
[25.430s] Invoked command in '/home/simon/Documents/ARO/turtlebot3_ws/build/turtlebot3_gazebo' returned '0': CMAKE_PREFIX_PATH=/opt/ros/humble /usr/bin/cmake --install /home/simon/Documents/ARO/turtlebot3_ws/build/turtlebot3_gazebo
