[3.625s] Invoking command in '/home/simon/Documents/ARO/ros2_ws/src/ROS2_examples/rclpy/services/minimal_client': PYTHONPATH=/home/simon/Documents/ARO/ros2_ws/build/examples_rclpy_minimal_client/prefix_override:/home/simon/Documents/ARO/ros2_ws/install/examples_rclpy_minimal_client/lib/python3.10/site-packages:${PYTHONPATH} /usr/bin/python3 setup.py egg_info --egg-base ../../../../../build/examples_rclpy_minimal_client build --build-base /home/simon/Documents/ARO/ros2_ws/build/examples_rclpy_minimal_client/build install --record /home/simon/Documents/ARO/ros2_ws/build/examples_rclpy_minimal_client/install.log --single-version-externally-managed
[3.996s] running egg_info
[3.997s] writing ../../../../../build/examples_rclpy_minimal_client/examples_rclpy_minimal_client.egg-info/PKG-INFO
[3.997s] writing dependency_links to ../../../../../build/examples_rclpy_minimal_client/examples_rclpy_minimal_client.egg-info/dependency_links.txt
[3.997s] writing entry points to ../../../../../build/examples_rclpy_minimal_client/examples_rclpy_minimal_client.egg-info/entry_points.txt
[3.997s] writing requirements to ../../../../../build/examples_rclpy_minimal_client/examples_rclpy_minimal_client.egg-info/requires.txt
[3.998s] writing top-level names to ../../../../../build/examples_rclpy_minimal_client/examples_rclpy_minimal_client.egg-info/top_level.txt
[4.000s] reading manifest file '../../../../../build/examples_rclpy_minimal_client/examples_rclpy_minimal_client.egg-info/SOURCES.txt'
[4.001s] writing manifest file '../../../../../build/examples_rclpy_minimal_client/examples_rclpy_minimal_client.egg-info/SOURCES.txt'
[4.002s] running build
[4.002s] running build_py
[4.002s] running install
[4.002s] running install_lib
[4.005s] running install_data
[4.005s] running install_egg_info
[4.008s] removing '/home/simon/Documents/ARO/ros2_ws/install/examples_rclpy_minimal_client/lib/python3.10/site-packages/examples_rclpy_minimal_client-0.15.1-py3.10.egg-info' (and everything under it)
[4.008s] Copying ../../../../../build/examples_rclpy_minimal_client/examples_rclpy_minimal_client.egg-info to /home/simon/Documents/ARO/ros2_ws/install/examples_rclpy_minimal_client/lib/python3.10/site-packages/examples_rclpy_minimal_client-0.15.1-py3.10.egg-info
[4.010s] running install_scripts
[4.039s] Installing client script to /home/simon/Documents/ARO/ros2_ws/install/examples_rclpy_minimal_client/lib/examples_rclpy_minimal_client
[4.039s] Installing client_async script to /home/simon/Documents/ARO/ros2_ws/install/examples_rclpy_minimal_client/lib/examples_rclpy_minimal_client
[4.039s] Installing client_async_callback script to /home/simon/Documents/ARO/ros2_ws/install/examples_rclpy_minimal_client/lib/examples_rclpy_minimal_client
[4.039s] Installing client_async_member_function script to /home/simon/Documents/ARO/ros2_ws/install/examples_rclpy_minimal_client/lib/examples_rclpy_minimal_client
[4.040s] writing list of installed files to '/home/simon/Documents/ARO/ros2_ws/build/examples_rclpy_minimal_client/install.log'
[4.121s] Invoked command in '/home/simon/Documents/ARO/ros2_ws/src/ROS2_examples/rclpy/services/minimal_client' returned '0': PYTHONPATH=/home/simon/Documents/ARO/ros2_ws/build/examples_rclpy_minimal_client/prefix_override:/home/simon/Documents/ARO/ros2_ws/install/examples_rclpy_minimal_client/lib/python3.10/site-packages:${PYTHONPATH} /usr/bin/python3 setup.py egg_info --egg-base ../../../../../build/examples_rclpy_minimal_client build --build-base /home/simon/Documents/ARO/ros2_ws/build/examples_rclpy_minimal_client/build install --record /home/simon/Documents/ARO/ros2_ws/build/examples_rclpy_minimal_client/install.log --single-version-externally-managed
