[0.037s] Invoking command in '/home/simon/Documents/ARO/turtlebot3_ws/build/turtlebot3_navigation2': /usr/bin/cmake /home/simon/Documents/ARO/turtlebot3_ws/src/turtlebot3/turtlebot3/turtlebot3_navigation2 -DAMENT_CMAKE_SYMLINK_INSTALL=1 -DCMAKE_INSTALL_PREFIX=/home/simon/Documents/ARO/turtlebot3_ws/install/turtlebot3_navigation2
[0.116s] -- The C compiler identification is GNU 11.4.0
[0.212s] -- The CXX compiler identification is GNU 11.4.0
[0.222s] -- Detecting C compiler ABI info
[0.310s] -- Detecting C compiler ABI info - done
[0.321s] -- Check for working C compiler: /usr/bin/cc - skipped
[0.321s] -- Detecting C compile features
[0.322s] -- Detecting C compile features - done
[0.327s] -- Detecting CXX compiler ABI info
[0.435s] -- Detecting CXX compiler ABI info - done
[0.445s] -- Check for working CXX compiler: /usr/bin/c++ - skipped
[0.446s] -- Detecting CXX compile features
[0.449s] -- Detecting CXX compile features - done
[0.458s] [31mCMake Error at CMakeLists.txt:14 (find_package):
[0.459s]   By not providing "Findament_cmake.cmake" in CMAKE_MODULE_PATH this project
[0.459s]   has asked CMake to find a package configuration file provided by
[0.459s]   "ament_cmake", but CMake did not find one.
[0.459s] 
[0.459s]   Could not find a package configuration file provided by "ament_cmake" with
[0.459s]   any of the following names:
[0.459s] 
[0.459s]     ament_cmakeConfig.cmake
[0.460s]     ament_cmake-config.cmake
[0.460s] 
[0.460s]   Add the installation prefix of "ament_cmake" to CMAKE_PREFIX_PATH or set
[0.460s]   "ament_cmake_DIR" to a directory containing one of the above files.  If
[0.460s]   "ament_cmake" provides a separate development package or SDK, be sure it
[0.460s]   has been installed.
[0.460s] 
[0.460s] [0m
[0.460s] -- Configuring incomplete, errors occurred!
[0.461s] See also "/home/simon/Documents/ARO/turtlebot3_ws/build/turtlebot3_navigation2/CMakeFiles/CMakeOutput.log".
[0.469s] Invoked command in '/home/simon/Documents/ARO/turtlebot3_ws/build/turtlebot3_navigation2' returned '1': /usr/bin/cmake /home/simon/Documents/ARO/turtlebot3_ws/src/turtlebot3/turtlebot3/turtlebot3_navigation2 -DAMENT_CMAKE_SYMLINK_INSTALL=1 -DCMAKE_INSTALL_PREFIX=/home/simon/Documents/ARO/turtlebot3_ws/install/turtlebot3_navigation2
