running develop
running egg_info
creating mi_paquete_python.egg-info
writing mi_paquete_python.egg-info/PKG-INFO
writing dependency_links to mi_paquete_python.egg-info/dependency_links.txt
writing entry points to mi_paquete_python.egg-info/entry_points.txt
writing requirements to mi_paquete_python.egg-info/requires.txt
writing top-level names to mi_paquete_python.egg-info/top_level.txt
writing manifest file 'mi_paquete_python.egg-info/SOURCES.txt'
reading manifest file 'mi_paquete_python.egg-info/SOURCES.txt'
writing manifest file 'mi_paquete_python.egg-info/SOURCES.txt'
running build_ext
Creating /home/simon/Documents/ARO/ros2_ws/install/mi_paquete_python/lib/python3.10/site-packages/mi-paquete-python.egg-link (link to .)
Installing robot_news_station script to /home/simon/Documents/ARO/ros2_ws/install/mi_paquete_python/lib/mi_paquete_python

Installed /home/simon/Documents/ARO/ros2_ws/build/mi_paquete_python
running install_data
creating /home/simon/Documents/ARO/ros2_ws/install/mi_paquete_python/share/ament_index
creating /home/simon/Documents/ARO/ros2_ws/install/mi_paquete_python/share/ament_index/resource_index
creating /home/simon/Documents/ARO/ros2_ws/install/mi_paquete_python/share/ament_index/resource_index/packages
copying resource/mi_paquete_python -> /home/simon/Documents/ARO/ros2_ws/install/mi_paquete_python/share/ament_index/resource_index/packages
copying package.xml -> /home/simon/Documents/ARO/ros2_ws/install/mi_paquete_python/share/mi_paquete_python
