[0.012s] Invoking command in '/home/simon/Documents/ARO/turtlebot3_ws/build/turtlebot3_simulations': AMENT_PREFIX_PATH=/home/simon/Documents/ARO/turtlebot3_ws/install/turtlebot3_fake_node:/home/simon/Documents/ARO/turtlebot3_ws/install/turtlebot3_msgs:/home/simon/Documents/ARO/turtlebot3_ws/install/turtlebot3_gazebo:${AMENT_PREFIX_PATH} CMAKE_PREFIX_PATH=/home/simon/Documents/ARO/turtlebot3_ws/install/turtlebot3_fake_node:/home/simon/Documents/ARO/turtlebot3_ws/install/turtlebot3_msgs:/home/simon/Documents/ARO/turtlebot3_ws/install/turtlebot3_gazebo:/opt/ros/humble LD_LIBRARY_PATH=/home/simon/Documents/ARO/turtlebot3_ws/install/turtlebot3_msgs/lib:${LD_LIBRARY_PATH} PYTHONPATH=/home/simon/Documents/ARO/turtlebot3_ws/install/turtlebot3_msgs/local/lib/python3.10/dist-packages:${PYTHONPATH} /usr/bin/cmake /home/simon/Documents/ARO/turtlebot3_ws/src/turtlebot3/turtlebot3_simulations/turtlebot3_simulations -DAMENT_CMAKE_SYMLINK_INSTALL=1 -DCMAKE_INSTALL_PREFIX=/home/simon/Documents/ARO/turtlebot3_ws/install/turtlebot3_simulations
[0.065s] -- The C compiler identification is GNU 11.4.0
[0.119s] -- The CXX compiler identification is GNU 11.4.0
[0.126s] -- Detecting C compiler ABI info
[0.191s] -- Detecting C compiler ABI info - done
[0.198s] -- Check for working C compiler: /usr/bin/cc - skipped
[0.199s] -- Detecting C compile features
[0.199s] -- Detecting C compile features - done
[0.202s] -- Detecting CXX compiler ABI info
[0.277s] -- Detecting CXX compiler ABI info - done
[0.285s] -- Check for working CXX compiler: /usr/bin/c++ - skipped
[0.285s] -- Detecting CXX compile features
[0.285s] -- Detecting CXX compile features - done
[0.288s] -- Found ament_cmake: 1.3.5 (/opt/ros/humble/share/ament_cmake/cmake)
[0.432s] -- Found Python3: /usr/bin/python3.10 (found version "3.10.12") found components: Interpreter 
[0.485s] -- Override CMake install command with custom implementation using symlinks instead of copying resources
[0.575s] -- Configuring done
[0.577s] -- Generating done
[0.578s] -- Build files have been written to: /home/simon/Documents/ARO/turtlebot3_ws/build/turtlebot3_simulations
[0.581s] Invoked command in '/home/simon/Documents/ARO/turtlebot3_ws/build/turtlebot3_simulations' returned '0': AMENT_PREFIX_PATH=/home/simon/Documents/ARO/turtlebot3_ws/install/turtlebot3_fake_node:/home/simon/Documents/ARO/turtlebot3_ws/install/turtlebot3_msgs:/home/simon/Documents/ARO/turtlebot3_ws/install/turtlebot3_gazebo:${AMENT_PREFIX_PATH} CMAKE_PREFIX_PATH=/home/simon/Documents/ARO/turtlebot3_ws/install/turtlebot3_fake_node:/home/simon/Documents/ARO/turtlebot3_ws/install/turtlebot3_msgs:/home/simon/Documents/ARO/turtlebot3_ws/install/turtlebot3_gazebo:/opt/ros/humble LD_LIBRARY_PATH=/home/simon/Documents/ARO/turtlebot3_ws/install/turtlebot3_msgs/lib:${LD_LIBRARY_PATH} PYTHONPATH=/home/simon/Documents/ARO/turtlebot3_ws/install/turtlebot3_msgs/local/lib/python3.10/dist-packages:${PYTHONPATH} /usr/bin/cmake /home/simon/Documents/ARO/turtlebot3_ws/src/turtlebot3/turtlebot3_simulations/turtlebot3_simulations -DAMENT_CMAKE_SYMLINK_INSTALL=1 -DCMAKE_INSTALL_PREFIX=/home/simon/Documents/ARO/turtlebot3_ws/install/turtlebot3_simulations
[0.584s] Invoking command in '/home/simon/Documents/ARO/turtlebot3_ws/build/turtlebot3_simulations': AMENT_PREFIX_PATH=/home/simon/Documents/ARO/turtlebot3_ws/install/turtlebot3_fake_node:/home/simon/Documents/ARO/turtlebot3_ws/install/turtlebot3_msgs:/home/simon/Documents/ARO/turtlebot3_ws/install/turtlebot3_gazebo:${AMENT_PREFIX_PATH} CMAKE_PREFIX_PATH=/home/simon/Documents/ARO/turtlebot3_ws/install/turtlebot3_fake_node:/home/simon/Documents/ARO/turtlebot3_ws/install/turtlebot3_msgs:/home/simon/Documents/ARO/turtlebot3_ws/install/turtlebot3_gazebo:/opt/ros/humble LD_LIBRARY_PATH=/home/simon/Documents/ARO/turtlebot3_ws/install/turtlebot3_msgs/lib:${LD_LIBRARY_PATH} PYTHONPATH=/home/simon/Documents/ARO/turtlebot3_ws/install/turtlebot3_msgs/local/lib/python3.10/dist-packages:${PYTHONPATH} /usr/bin/cmake --build /home/simon/Documents/ARO/turtlebot3_ws/build/turtlebot3_simulations -- -j16 -l16
[0.621s] Invoked command in '/home/simon/Documents/ARO/turtlebot3_ws/build/turtlebot3_simulations' returned '0': AMENT_PREFIX_PATH=/home/simon/Documents/ARO/turtlebot3_ws/install/turtlebot3_fake_node:/home/simon/Documents/ARO/turtlebot3_ws/install/turtlebot3_msgs:/home/simon/Documents/ARO/turtlebot3_ws/install/turtlebot3_gazebo:${AMENT_PREFIX_PATH} CMAKE_PREFIX_PATH=/home/simon/Documents/ARO/turtlebot3_ws/install/turtlebot3_fake_node:/home/simon/Documents/ARO/turtlebot3_ws/install/turtlebot3_msgs:/home/simon/Documents/ARO/turtlebot3_ws/install/turtlebot3_gazebo:/opt/ros/humble LD_LIBRARY_PATH=/home/simon/Documents/ARO/turtlebot3_ws/install/turtlebot3_msgs/lib:${LD_LIBRARY_PATH} PYTHONPATH=/home/simon/Documents/ARO/turtlebot3_ws/install/turtlebot3_msgs/local/lib/python3.10/dist-packages:${PYTHONPATH} /usr/bin/cmake --build /home/simon/Documents/ARO/turtlebot3_ws/build/turtlebot3_simulations -- -j16 -l16
[0.642s] Invoking command in '/home/simon/Documents/ARO/turtlebot3_ws/build/turtlebot3_simulations': AMENT_PREFIX_PATH=/home/simon/Documents/ARO/turtlebot3_ws/install/turtlebot3_fake_node:/home/simon/Documents/ARO/turtlebot3_ws/install/turtlebot3_msgs:/home/simon/Documents/ARO/turtlebot3_ws/install/turtlebot3_gazebo:${AMENT_PREFIX_PATH} CMAKE_PREFIX_PATH=/home/simon/Documents/ARO/turtlebot3_ws/install/turtlebot3_fake_node:/home/simon/Documents/ARO/turtlebot3_ws/install/turtlebot3_msgs:/home/simon/Documents/ARO/turtlebot3_ws/install/turtlebot3_gazebo:/opt/ros/humble LD_LIBRARY_PATH=/home/simon/Documents/ARO/turtlebot3_ws/install/turtlebot3_msgs/lib:${LD_LIBRARY_PATH} PYTHONPATH=/home/simon/Documents/ARO/turtlebot3_ws/install/turtlebot3_msgs/local/lib/python3.10/dist-packages:${PYTHONPATH} /usr/bin/cmake --install /home/simon/Documents/ARO/turtlebot3_ws/build/turtlebot3_simulations
[0.649s] -- Install configuration: ""
[0.649s] -- Execute custom install script
[0.650s] -- Symlinking: /home/simon/Documents/ARO/turtlebot3_ws/install/turtlebot3_simulations/share/ament_index/resource_index/package_run_dependencies/turtlebot3_simulations
[0.658s] -- Symlinking: /home/simon/Documents/ARO/turtlebot3_ws/install/turtlebot3_simulations/share/ament_index/resource_index/parent_prefix_path/turtlebot3_simulations
[0.666s] -- Symlinking: /home/simon/Documents/ARO/turtlebot3_ws/install/turtlebot3_simulations/share/turtlebot3_simulations/environment/ament_prefix_path.sh
[0.676s] -- Symlinking: /home/simon/Documents/ARO/turtlebot3_ws/install/turtlebot3_simulations/share/turtlebot3_simulations/environment/ament_prefix_path.dsv
[0.683s] -- Symlinking: /home/simon/Documents/ARO/turtlebot3_ws/install/turtlebot3_simulations/share/turtlebot3_simulations/environment/path.sh
[0.692s] -- Symlinking: /home/simon/Documents/ARO/turtlebot3_ws/install/turtlebot3_simulations/share/turtlebot3_simulations/environment/path.dsv
[0.700s] -- Symlinking: /home/simon/Documents/ARO/turtlebot3_ws/install/turtlebot3_simulations/share/turtlebot3_simulations/local_setup.bash
[0.708s] -- Symlinking: /home/simon/Documents/ARO/turtlebot3_ws/install/turtlebot3_simulations/share/turtlebot3_simulations/local_setup.sh
[0.716s] -- Symlinking: /home/simon/Documents/ARO/turtlebot3_ws/install/turtlebot3_simulations/share/turtlebot3_simulations/local_setup.zsh
[0.724s] -- Symlinking: /home/simon/Documents/ARO/turtlebot3_ws/install/turtlebot3_simulations/share/turtlebot3_simulations/local_setup.dsv
[0.732s] -- Symlinking: /home/simon/Documents/ARO/turtlebot3_ws/install/turtlebot3_simulations/share/turtlebot3_simulations/package.dsv
[0.741s] -- Symlinking: /home/simon/Documents/ARO/turtlebot3_ws/install/turtlebot3_simulations/share/ament_index/resource_index/packages/turtlebot3_simulations
[0.750s] -- Symlinking: /home/simon/Documents/ARO/turtlebot3_ws/install/turtlebot3_simulations/share/turtlebot3_simulations/cmake/turtlebot3_simulationsConfig.cmake
[0.759s] -- Symlinking: /home/simon/Documents/ARO/turtlebot3_ws/install/turtlebot3_simulations/share/turtlebot3_simulations/cmake/turtlebot3_simulationsConfig-version.cmake
[0.767s] -- Symlinking: /home/simon/Documents/ARO/turtlebot3_ws/install/turtlebot3_simulations/share/turtlebot3_simulations/package.xml
[0.782s] Invoked command in '/home/simon/Documents/ARO/turtlebot3_ws/build/turtlebot3_simulations' returned '0': AMENT_PREFIX_PATH=/home/simon/Documents/ARO/turtlebot3_ws/install/turtlebot3_fake_node:/home/simon/Documents/ARO/turtlebot3_ws/install/turtlebot3_msgs:/home/simon/Documents/ARO/turtlebot3_ws/install/turtlebot3_gazebo:${AMENT_PREFIX_PATH} CMAKE_PREFIX_PATH=/home/simon/Documents/ARO/turtlebot3_ws/install/turtlebot3_fake_node:/home/simon/Documents/ARO/turtlebot3_ws/install/turtlebot3_msgs:/home/simon/Documents/ARO/turtlebot3_ws/install/turtlebot3_gazebo:/opt/ros/humble LD_LIBRARY_PATH=/home/simon/Documents/ARO/turtlebot3_ws/install/turtlebot3_msgs/lib:${LD_LIBRARY_PATH} PYTHONPATH=/home/simon/Documents/ARO/turtlebot3_ws/install/turtlebot3_msgs/local/lib/python3.10/dist-packages:${PYTHONPATH} /usr/bin/cmake --install /home/simon/Documents/ARO/turtlebot3_ws/build/turtlebot3_simulations
