[6.095s] Invoking command in '/home/simon/Documents/ARO/ros2_ws/src/ROS2_examples/rclpy/actions/minimal_action_server': PYTHONPATH=/home/simon/Documents/ARO/ros2_ws/build/examples_rclpy_minimal_action_server/prefix_override:/home/simon/Documents/ARO/ros2_ws/install/examples_rclpy_minimal_action_server/lib/python3.10/site-packages:${PYTHONPATH} /usr/bin/python3 setup.py egg_info --egg-base ../../../../../build/examples_rclpy_minimal_action_server build --build-base /home/simon/Documents/ARO/ros2_ws/build/examples_rclpy_minimal_action_server/build install --record /home/simon/Documents/ARO/ros2_ws/build/examples_rclpy_minimal_action_server/install.log --single-version-externally-managed
[7.155s] running egg_info
[7.156s] writing ../../../../../build/examples_rclpy_minimal_action_server/examples_rclpy_minimal_action_server.egg-info/PKG-INFO
[7.157s] writing dependency_links to ../../../../../build/examples_rclpy_minimal_action_server/examples_rclpy_minimal_action_server.egg-info/dependency_links.txt
[7.157s] writing entry points to ../../../../../build/examples_rclpy_minimal_action_server/examples_rclpy_minimal_action_server.egg-info/entry_points.txt
[7.160s] writing requirements to ../../../../../build/examples_rclpy_minimal_action_server/examples_rclpy_minimal_action_server.egg-info/requires.txt
[7.160s] writing top-level names to ../../../../../build/examples_rclpy_minimal_action_server/examples_rclpy_minimal_action_server.egg-info/top_level.txt
[7.162s] reading manifest file '../../../../../build/examples_rclpy_minimal_action_server/examples_rclpy_minimal_action_server.egg-info/SOURCES.txt'
[7.183s] writing manifest file '../../../../../build/examples_rclpy_minimal_action_server/examples_rclpy_minimal_action_server.egg-info/SOURCES.txt'
[7.183s] running build
[7.183s] running build_py
[7.183s] running install
[7.183s] running install_lib
[7.191s] running install_data
[7.193s] running install_egg_info
[7.197s] removing '/home/simon/Documents/ARO/ros2_ws/install/examples_rclpy_minimal_action_server/lib/python3.10/site-packages/examples_rclpy_minimal_action_server-0.15.1-py3.10.egg-info' (and everything under it)
[7.207s] Copying ../../../../../build/examples_rclpy_minimal_action_server/examples_rclpy_minimal_action_server.egg-info to /home/simon/Documents/ARO/ros2_ws/install/examples_rclpy_minimal_action_server/lib/python3.10/site-packages/examples_rclpy_minimal_action_server-0.15.1-py3.10.egg-info
[7.208s] running install_scripts
[7.272s] Installing server script to /home/simon/Documents/ARO/ros2_ws/install/examples_rclpy_minimal_action_server/lib/examples_rclpy_minimal_action_server
[7.283s] Installing server_defer script to /home/simon/Documents/ARO/ros2_ws/install/examples_rclpy_minimal_action_server/lib/examples_rclpy_minimal_action_server
[7.284s] Installing server_not_composable script to /home/simon/Documents/ARO/ros2_ws/install/examples_rclpy_minimal_action_server/lib/examples_rclpy_minimal_action_server
[7.284s] Installing server_queue_goals script to /home/simon/Documents/ARO/ros2_ws/install/examples_rclpy_minimal_action_server/lib/examples_rclpy_minimal_action_server
[7.285s] Installing server_single_goal script to /home/simon/Documents/ARO/ros2_ws/install/examples_rclpy_minimal_action_server/lib/examples_rclpy_minimal_action_server
[7.285s] writing list of installed files to '/home/simon/Documents/ARO/ros2_ws/build/examples_rclpy_minimal_action_server/install.log'
[7.774s] Invoked command in '/home/simon/Documents/ARO/ros2_ws/src/ROS2_examples/rclpy/actions/minimal_action_server' returned '0': PYTHONPATH=/home/simon/Documents/ARO/ros2_ws/build/examples_rclpy_minimal_action_server/prefix_override:/home/simon/Documents/ARO/ros2_ws/install/examples_rclpy_minimal_action_server/lib/python3.10/site-packages:${PYTHONPATH} /usr/bin/python3 setup.py egg_info --egg-base ../../../../../build/examples_rclpy_minimal_action_server build --build-base /home/simon/Documents/ARO/ros2_ws/build/examples_rclpy_minimal_action_server/build install --record /home/simon/Documents/ARO/ros2_ws/build/examples_rclpy_minimal_action_server/install.log --single-version-externally-managed
