[5.366s] Invoking command in '/home/simon/Documents/ARO/ros2_ws/src/ROS2_examples/rclpy/services/minimal_service': PYTHONPATH=/home/simon/Documents/ARO/ros2_ws/build/examples_rclpy_minimal_service/prefix_override:/home/simon/Documents/ARO/ros2_ws/install/examples_rclpy_minimal_service/lib/python3.10/site-packages:${PYTHONPATH} /usr/bin/python3 setup.py egg_info --egg-base ../../../../../build/examples_rclpy_minimal_service build --build-base /home/simon/Documents/ARO/ros2_ws/build/examples_rclpy_minimal_service/build install --record /home/simon/Documents/ARO/ros2_ws/build/examples_rclpy_minimal_service/install.log --single-version-externally-managed
[6.259s] running egg_info
[6.262s] writing ../../../../../build/examples_rclpy_minimal_service/examples_rclpy_minimal_service.egg-info/PKG-INFO
[6.264s] writing dependency_links to ../../../../../build/examples_rclpy_minimal_service/examples_rclpy_minimal_service.egg-info/dependency_links.txt
[6.266s] writing entry points to ../../../../../build/examples_rclpy_minimal_service/examples_rclpy_minimal_service.egg-info/entry_points.txt
[6.268s] writing requirements to ../../../../../build/examples_rclpy_minimal_service/examples_rclpy_minimal_service.egg-info/requires.txt
[6.270s] writing top-level names to ../../../../../build/examples_rclpy_minimal_service/examples_rclpy_minimal_service.egg-info/top_level.txt
[6.276s] reading manifest file '../../../../../build/examples_rclpy_minimal_service/examples_rclpy_minimal_service.egg-info/SOURCES.txt'
[6.279s] writing manifest file '../../../../../build/examples_rclpy_minimal_service/examples_rclpy_minimal_service.egg-info/SOURCES.txt'
[6.281s] running build
[6.282s] running build_py
[6.284s] running install
[6.287s] running install_lib
[6.292s] running install_data
[6.294s] running install_egg_info
[6.300s] removing '/home/simon/Documents/ARO/ros2_ws/install/examples_rclpy_minimal_service/lib/python3.10/site-packages/examples_rclpy_minimal_service-0.15.1-py3.10.egg-info' (and everything under it)
[6.308s] Copying ../../../../../build/examples_rclpy_minimal_service/examples_rclpy_minimal_service.egg-info to /home/simon/Documents/ARO/ros2_ws/install/examples_rclpy_minimal_service/lib/python3.10/site-packages/examples_rclpy_minimal_service-0.15.1-py3.10.egg-info
[6.314s] running install_scripts
[6.367s] Installing service script to /home/simon/Documents/ARO/ros2_ws/install/examples_rclpy_minimal_service/lib/examples_rclpy_minimal_service
[6.367s] Installing service_member_function script to /home/simon/Documents/ARO/ros2_ws/install/examples_rclpy_minimal_service/lib/examples_rclpy_minimal_service
[6.368s] writing list of installed files to '/home/simon/Documents/ARO/ros2_ws/build/examples_rclpy_minimal_service/install.log'
[6.473s] Invoked command in '/home/simon/Documents/ARO/ros2_ws/src/ROS2_examples/rclpy/services/minimal_service' returned '0': PYTHONPATH=/home/simon/Documents/ARO/ros2_ws/build/examples_rclpy_minimal_service/prefix_override:/home/simon/Documents/ARO/ros2_ws/install/examples_rclpy_minimal_service/lib/python3.10/site-packages:${PYTHONPATH} /usr/bin/python3 setup.py egg_info --egg-base ../../../../../build/examples_rclpy_minimal_service build --build-base /home/simon/Documents/ARO/ros2_ws/build/examples_rclpy_minimal_service/build install --record /home/simon/Documents/ARO/ros2_ws/build/examples_rclpy_minimal_service/install.log --single-version-externally-managed
