[0.870s] Invoking command in '/home/simon/Documents/ARO/ros2_ws/build/mi_paquete_python': PYTHONPATH=/home/simon/Documents/ARO/ros2_ws/build/mi_paquete_python/prefix_override:/home/simon/Documents/ARO/ros2_ws/install/mi_paquete_python/lib/python3.10/site-packages:${PYTHONPATH} /usr/bin/python3 setup.py develop --editable --build-directory /home/simon/Documents/ARO/ros2_ws/build/mi_paquete_python/build --no-deps install_data
[1.132s] running develop
[1.284s] running egg_info
[1.285s] writing mi_paquete_python.egg-info/PKG-INFO
[1.285s] writing dependency_links to mi_paquete_python.egg-info/dependency_links.txt
[1.285s] writing entry points to mi_paquete_python.egg-info/entry_points.txt
[1.285s] writing requirements to mi_paquete_python.egg-info/requires.txt
[1.285s] writing top-level names to mi_paquete_python.egg-info/top_level.txt
[1.287s] reading manifest file 'mi_paquete_python.egg-info/SOURCES.txt'
[1.287s] writing manifest file 'mi_paquete_python.egg-info/SOURCES.txt'
[1.289s] running build_ext
[1.289s] Creating /home/simon/Documents/ARO/ros2_ws/install/mi_paquete_python/lib/python3.10/site-packages/mi-paquete-python.egg-link (link to .)
[1.290s] Installing move_donatello script to /home/simon/Documents/ARO/ros2_ws/install/mi_paquete_python/lib/mi_paquete_python
[1.290s] Installing move_leonardo script to /home/simon/Documents/ARO/ros2_ws/install/mi_paquete_python/lib/mi_paquete_python
[1.290s] Installing move_michelangelo script to /home/simon/Documents/ARO/ros2_ws/install/mi_paquete_python/lib/mi_paquete_python
[1.290s] Installing position_logger script to /home/simon/Documents/ARO/ros2_ws/install/mi_paquete_python/lib/mi_paquete_python
[1.291s] Installing robot_news_station script to /home/simon/Documents/ARO/ros2_ws/install/mi_paquete_python/lib/mi_paquete_python
[1.291s] Installing smartphone script to /home/simon/Documents/ARO/ros2_ws/install/mi_paquete_python/lib/mi_paquete_python
[1.291s] Installing turtle_controller script to /home/simon/Documents/ARO/ros2_ws/install/mi_paquete_python/lib/mi_paquete_python
[1.291s] 
[1.291s] Installed /home/simon/Documents/ARO/ros2_ws/build/mi_paquete_python
[1.291s] running install_data
[1.328s] Invoked command in '/home/simon/Documents/ARO/ros2_ws/build/mi_paquete_python' returned '0': PYTHONPATH=/home/simon/Documents/ARO/ros2_ws/build/mi_paquete_python/prefix_override:/home/simon/Documents/ARO/ros2_ws/install/mi_paquete_python/lib/python3.10/site-packages:${PYTHONPATH} /usr/bin/python3 setup.py develop --editable --build-directory /home/simon/Documents/ARO/ros2_ws/build/mi_paquete_python/build --no-deps install_data
