[0.034s] Invoking command in '/home/simon/Documents/ARO/turtlebot3_ws/build/turtlebot3_cartographer': /usr/bin/cmake /home/simon/Documents/ARO/turtlebot3_ws/src/turtlebot3/turtlebot3/turtlebot3_cartographer -DAMENT_CMAKE_SYMLINK_INSTALL=1 -DCMAKE_INSTALL_PREFIX=/home/simon/Documents/ARO/turtlebot3_ws/install/turtlebot3_cartographer
[0.143s] -- The C compiler identification is GNU 11.4.0
[0.223s] -- The CXX compiler identification is GNU 11.4.0
[0.232s] -- Detecting C compiler ABI info
[0.313s] -- Detecting C compiler ABI info - done
[0.326s] -- Check for working C compiler: /usr/bin/cc - skipped
[0.327s] -- Detecting C compile features
[0.327s] -- Detecting C compile features - done
[0.331s] -- Detecting CXX compiler ABI info
[0.430s] -- Detecting CXX compiler ABI info - done
[0.440s] -- Check for working CXX compiler: /usr/bin/c++ - skipped
[0.440s] -- Detecting CXX compile features
[0.440s] -- Detecting CXX compile features - done
[0.453s] [31mCMake Error at CMakeLists.txt:14 (find_package):
[0.453s]   By not providing "Findament_cmake.cmake" in CMAKE_MODULE_PATH this project
[0.453s]   has asked CMake to find a package configuration file provided by
[0.453s]   "ament_cmake", but CMake did not find one.
[0.453s] 
[0.453s]   Could not find a package configuration file provided by "ament_cmake" with
[0.454s]   any of the following names:
[0.454s] 
[0.454s]     ament_cmakeConfig.cmake
[0.454s]     ament_cmake-config.cmake
[0.454s] 
[0.454s]   Add the installation prefix of "ament_cmake" to CMAKE_PREFIX_PATH or set
[0.454s]   "ament_cmake_DIR" to a directory containing one of the above files.  If
[0.455s]   "ament_cmake" provides a separate development package or SDK, be sure it
[0.455s]   has been installed.
[0.455s] 
[0.455s] [0m
[0.455s] -- Configuring incomplete, errors occurred!
[0.455s] See also "/home/simon/Documents/ARO/turtlebot3_ws/build/turtlebot3_cartographer/CMakeFiles/CMakeOutput.log".
[0.458s] Invoked command in '/home/simon/Documents/ARO/turtlebot3_ws/build/turtlebot3_cartographer' returned '1': /usr/bin/cmake /home/simon/Documents/ARO/turtlebot3_ws/src/turtlebot3/turtlebot3/turtlebot3_cartographer -DAMENT_CMAKE_SYMLINK_INSTALL=1 -DCMAKE_INSTALL_PREFIX=/home/simon/Documents/ARO/turtlebot3_ws/install/turtlebot3_cartographer
