[2.271s] Invoking command in '/home/simon/Documents/ARO/ros2_ws/src/build/examples_rclpy_minimal_service': PYTHONPATH=/home/simon/Documents/ARO/ros2_ws/src/build/examples_rclpy_minimal_service/prefix_override:/home/simon/Documents/ARO/ros2_ws/src/install/examples_rclpy_minimal_service/lib/python3.10/site-packages:${PYTHONPATH} /usr/bin/python3 setup.py develop --editable --build-directory /home/simon/Documents/ARO/ros2_ws/src/build/examples_rclpy_minimal_service/build --no-deps install_data
[2.614s] running develop
[2.800s] running egg_info
[2.800s] creating examples_rclpy_minimal_service.egg-info
[2.801s] writing examples_rclpy_minimal_service.egg-info/PKG-INFO
[2.801s] writing dependency_links to examples_rclpy_minimal_service.egg-info/dependency_links.txt
[2.801s] writing entry points to examples_rclpy_minimal_service.egg-info/entry_points.txt
[2.801s] writing requirements to examples_rclpy_minimal_service.egg-info/requires.txt
[2.802s] writing top-level names to examples_rclpy_minimal_service.egg-info/top_level.txt
[2.802s] writing manifest file 'examples_rclpy_minimal_service.egg-info/SOURCES.txt'
[2.804s] reading manifest file 'examples_rclpy_minimal_service.egg-info/SOURCES.txt'
[2.805s] writing manifest file 'examples_rclpy_minimal_service.egg-info/SOURCES.txt'
[2.807s] running build_ext
[2.807s] Creating /home/simon/Documents/ARO/ros2_ws/src/install/examples_rclpy_minimal_service/lib/python3.10/site-packages/examples-rclpy-minimal-service.egg-link (link to .)
[2.809s] Installing service script to /home/simon/Documents/ARO/ros2_ws/src/install/examples_rclpy_minimal_service/lib/examples_rclpy_minimal_service
[2.809s] Installing service_member_function script to /home/simon/Documents/ARO/ros2_ws/src/install/examples_rclpy_minimal_service/lib/examples_rclpy_minimal_service
[2.809s] 
[2.809s] Installed /home/simon/Documents/ARO/ros2_ws/src/build/examples_rclpy_minimal_service
[2.810s] running install_data
[2.810s] creating /home/simon/Documents/ARO/ros2_ws/src/install/examples_rclpy_minimal_service/share/ament_index
[2.810s] creating /home/simon/Documents/ARO/ros2_ws/src/install/examples_rclpy_minimal_service/share/ament_index/resource_index
[2.810s] creating /home/simon/Documents/ARO/ros2_ws/src/install/examples_rclpy_minimal_service/share/ament_index/resource_index/packages
[2.810s] copying resource/examples_rclpy_minimal_service -> /home/simon/Documents/ARO/ros2_ws/src/install/examples_rclpy_minimal_service/share/ament_index/resource_index/packages
[2.810s] copying package.xml -> /home/simon/Documents/ARO/ros2_ws/src/install/examples_rclpy_minimal_service/share/examples_rclpy_minimal_service
[2.885s] Invoked command in '/home/simon/Documents/ARO/ros2_ws/src/build/examples_rclpy_minimal_service' returned '0': PYTHONPATH=/home/simon/Documents/ARO/ros2_ws/src/build/examples_rclpy_minimal_service/prefix_override:/home/simon/Documents/ARO/ros2_ws/src/install/examples_rclpy_minimal_service/lib/python3.10/site-packages:${PYTHONPATH} /usr/bin/python3 setup.py develop --editable --build-directory /home/simon/Documents/ARO/ros2_ws/src/build/examples_rclpy_minimal_service/build --no-deps install_data
