[0.846s] DEBUG:colcon:Command line arguments: ['/usr/bin/colcon', 'build', '--packages-select', 'mi_paquete_python']
[0.846s] DEBUG:colcon:Parsed command line arguments: Namespace(log_base=None, log_level=None, verb_name='build', build_base='build', install_base='install', merge_install=False, symlink_install=False, test_result_base=None, continue_on_error=False, executor='parallel', parallel_workers=16, event_handlers=None, ignore_user_meta=False, metas=['./colcon.meta'], base_paths=['.'], packages_ignore=None, packages_ignore_regex=None, paths=None, packages_up_to=None, packages_up_to_regex=None, packages_above=None, packages_above_and_dependencies=None, packages_above_depth=None, packages_select_by_dep=None, packages_skip_by_dep=None, packages_skip_up_to=None, packages_select_build_failed=False, packages_skip_build_finished=False, packages_select_test_failures=False, packages_skip_test_passed=False, packages_select=['mi_paquete_python'], packages_skip=None, packages_select_regex=None, packages_skip_regex=None, packages_start=None, packages_end=None, allow_overriding=[], cmake_args=None, cmake_target=None, cmake_target_skip_unavailable=False, cmake_clean_cache=False, cmake_clean_first=False, cmake_force_configure=False, ament_cmake_args=None, catkin_cmake_args=None, catkin_skip_building_tests=False, verb_parser=<colcon_defaults.argument_parser.defaults.DefaultArgumentsDecorator object at 0x7fa4988e67d0>, verb_extension=<colcon_core.verb.build.BuildVerb object at 0x7fa4988e61d0>, main=<bound method BuildVerb.main of <colcon_core.verb.build.BuildVerb object at 0x7fa4988e61d0>>)
[0.884s] Level 1:colcon.colcon_core.package_discovery:discover_packages(colcon_meta) check parameters
[0.884s] Level 1:colcon.colcon_core.package_discovery:discover_packages(recursive) check parameters
[0.884s] Level 1:colcon.colcon_core.package_discovery:discover_packages(ignore) check parameters
[0.884s] Level 1:colcon.colcon_core.package_discovery:discover_packages(path) check parameters
[0.884s] Level 1:colcon.colcon_core.package_discovery:discover_packages(colcon_meta) discover
[0.884s] Level 1:colcon.colcon_core.package_discovery:discover_packages(recursive) discover
[0.884s] INFO:colcon.colcon_core.package_discovery:Crawling recursively for packages in '/home/simon/Documents/ARO/ros2_ws/src'
[0.884s] Level 1:colcon.colcon_core.package_identification:_identify(.) by extensions ['ignore', 'ignore_ament_install']
[0.885s] Level 1:colcon.colcon_core.package_identification:_identify(.) by extension 'ignore'
[0.885s] Level 1:colcon.colcon_core.package_identification:_identify(.) by extension 'ignore_ament_install'
[0.885s] Level 1:colcon.colcon_core.package_identification:_identify(.) by extensions ['colcon_pkg']
[0.885s] Level 1:colcon.colcon_core.package_identification:_identify(.) by extension 'colcon_pkg'
[0.885s] Level 1:colcon.colcon_core.package_identification:_identify(.) by extensions ['colcon_meta']
[0.885s] Level 1:colcon.colcon_core.package_identification:_identify(.) by extension 'colcon_meta'
[0.885s] Level 1:colcon.colcon_core.package_identification:_identify(.) by extensions ['ros']
[0.885s] Level 1:colcon.colcon_core.package_identification:_identify(.) by extension 'ros'
[0.893s] Level 1:colcon.colcon_core.package_identification:_identify(.) by extensions ['cmake', 'python']
[0.893s] Level 1:colcon.colcon_core.package_identification:_identify(.) by extension 'cmake'
[0.893s] Level 1:colcon.colcon_core.package_identification:_identify(.) by extension 'python'
[0.893s] Level 1:colcon.colcon_core.package_identification:_identify(.) by extensions ['python_setup_py']
[0.893s] Level 1:colcon.colcon_core.package_identification:_identify(.) by extension 'python_setup_py'
[0.894s] Level 1:colcon.colcon_core.package_identification:_identify(ROS2_examples) by extensions ['ignore', 'ignore_ament_install']
[0.894s] Level 1:colcon.colcon_core.package_identification:_identify(ROS2_examples) by extension 'ignore'
[0.894s] Level 1:colcon.colcon_core.package_identification:_identify(ROS2_examples) by extension 'ignore_ament_install'
[0.894s] Level 1:colcon.colcon_core.package_identification:_identify(ROS2_examples) by extensions ['colcon_pkg']
[0.894s] Level 1:colcon.colcon_core.package_identification:_identify(ROS2_examples) by extension 'colcon_pkg'
[0.894s] Level 1:colcon.colcon_core.package_identification:_identify(ROS2_examples) by extensions ['colcon_meta']
[0.894s] Level 1:colcon.colcon_core.package_identification:_identify(ROS2_examples) by extension 'colcon_meta'
[0.894s] Level 1:colcon.colcon_core.package_identification:_identify(ROS2_examples) by extensions ['ros']
[0.894s] Level 1:colcon.colcon_core.package_identification:_identify(ROS2_examples) by extension 'ros'
[0.894s] Level 1:colcon.colcon_core.package_identification:_identify(ROS2_examples) by extensions ['cmake', 'python']
[0.894s] Level 1:colcon.colcon_core.package_identification:_identify(ROS2_examples) by extension 'cmake'
[0.894s] Level 1:colcon.colcon_core.package_identification:_identify(ROS2_examples) by extension 'python'
[0.894s] Level 1:colcon.colcon_core.package_identification:_identify(ROS2_examples) by extensions ['python_setup_py']
[0.894s] Level 1:colcon.colcon_core.package_identification:_identify(ROS2_examples) by extension 'python_setup_py'
[0.894s] Level 1:colcon.colcon_core.package_identification:_identify(ROS2_examples/launch_testing) by extensions ['ignore', 'ignore_ament_install']
[0.894s] Level 1:colcon.colcon_core.package_identification:_identify(ROS2_examples/launch_testing) by extension 'ignore'
[0.894s] Level 1:colcon.colcon_core.package_identification:_identify(ROS2_examples/launch_testing) by extension 'ignore_ament_install'
[0.894s] Level 1:colcon.colcon_core.package_identification:_identify(ROS2_examples/launch_testing) by extensions ['colcon_pkg']
[0.894s] Level 1:colcon.colcon_core.package_identification:_identify(ROS2_examples/launch_testing) by extension 'colcon_pkg'
[0.894s] Level 1:colcon.colcon_core.package_identification:_identify(ROS2_examples/launch_testing) by extensions ['colcon_meta']
[0.894s] Level 1:colcon.colcon_core.package_identification:_identify(ROS2_examples/launch_testing) by extension 'colcon_meta'
[0.894s] Level 1:colcon.colcon_core.package_identification:_identify(ROS2_examples/launch_testing) by extensions ['ros']
[0.894s] Level 1:colcon.colcon_core.package_identification:_identify(ROS2_examples/launch_testing) by extension 'ros'
[0.894s] Level 1:colcon.colcon_core.package_identification:_identify(ROS2_examples/launch_testing) by extensions ['cmake', 'python']
[0.894s] Level 1:colcon.colcon_core.package_identification:_identify(ROS2_examples/launch_testing) by extension 'cmake'
[0.894s] Level 1:colcon.colcon_core.package_identification:_identify(ROS2_examples/launch_testing) by extension 'python'
[0.894s] Level 1:colcon.colcon_core.package_identification:_identify(ROS2_examples/launch_testing) by extensions ['python_setup_py']
[0.895s] Level 1:colcon.colcon_core.package_identification:_identify(ROS2_examples/launch_testing) by extension 'python_setup_py'
[0.895s] Level 1:colcon.colcon_core.package_identification:_identify(ROS2_examples/launch_testing/launch_testing_examples) by extensions ['ignore', 'ignore_ament_install']
[0.895s] Level 1:colcon.colcon_core.package_identification:_identify(ROS2_examples/launch_testing/launch_testing_examples) by extension 'ignore'
[0.895s] Level 1:colcon.colcon_core.package_identification:_identify(ROS2_examples/launch_testing/launch_testing_examples) by extension 'ignore_ament_install'
[0.895s] Level 1:colcon.colcon_core.package_identification:_identify(ROS2_examples/launch_testing/launch_testing_examples) by extensions ['colcon_pkg']
[0.895s] Level 1:colcon.colcon_core.package_identification:_identify(ROS2_examples/launch_testing/launch_testing_examples) by extension 'colcon_pkg'
[0.895s] Level 1:colcon.colcon_core.package_identification:_identify(ROS2_examples/launch_testing/launch_testing_examples) by extensions ['colcon_meta']
[0.895s] Level 1:colcon.colcon_core.package_identification:_identify(ROS2_examples/launch_testing/launch_testing_examples) by extension 'colcon_meta'
[0.895s] Level 1:colcon.colcon_core.package_identification:_identify(ROS2_examples/launch_testing/launch_testing_examples) by extensions ['ros']
[0.895s] Level 1:colcon.colcon_core.package_identification:_identify(ROS2_examples/launch_testing/launch_testing_examples) by extension 'ros'
[0.897s] DEBUG:colcon.colcon_core.package_identification:Package 'ROS2_examples/launch_testing/launch_testing_examples' with type 'ros.ament_python' and name 'launch_testing_examples'
[0.897s] Level 1:colcon.colcon_core.package_identification:_identify(ROS2_examples/rclpy) by extensions ['ignore', 'ignore_ament_install']
[0.897s] Level 1:colcon.colcon_core.package_identification:_identify(ROS2_examples/rclpy) by extension 'ignore'
[0.897s] Level 1:colcon.colcon_core.package_identification:_identify(ROS2_examples/rclpy) by extension 'ignore_ament_install'
[0.897s] Level 1:colcon.colcon_core.package_identification:_identify(ROS2_examples/rclpy) by extensions ['colcon_pkg']
[0.897s] Level 1:colcon.colcon_core.package_identification:_identify(ROS2_examples/rclpy) by extension 'colcon_pkg'
[0.897s] Level 1:colcon.colcon_core.package_identification:_identify(ROS2_examples/rclpy) by extensions ['colcon_meta']
[0.897s] Level 1:colcon.colcon_core.package_identification:_identify(ROS2_examples/rclpy) by extension 'colcon_meta'
[0.897s] Level 1:colcon.colcon_core.package_identification:_identify(ROS2_examples/rclpy) by extensions ['ros']
[0.897s] Level 1:colcon.colcon_core.package_identification:_identify(ROS2_examples/rclpy) by extension 'ros'
[0.897s] Level 1:colcon.colcon_core.package_identification:_identify(ROS2_examples/rclpy) by extensions ['cmake', 'python']
[0.897s] Level 1:colcon.colcon_core.package_identification:_identify(ROS2_examples/rclpy) by extension 'cmake'
[0.897s] Level 1:colcon.colcon_core.package_identification:_identify(ROS2_examples/rclpy) by extension 'python'
[0.897s] Level 1:colcon.colcon_core.package_identification:_identify(ROS2_examples/rclpy) by extensions ['python_setup_py']
[0.897s] Level 1:colcon.colcon_core.package_identification:_identify(ROS2_examples/rclpy) by extension 'python_setup_py'
[0.897s] Level 1:colcon.colcon_core.package_identification:_identify(ROS2_examples/rclpy/actions) by extensions ['ignore', 'ignore_ament_install']
[0.898s] Level 1:colcon.colcon_core.package_identification:_identify(ROS2_examples/rclpy/actions) by extension 'ignore'
[0.898s] Level 1:colcon.colcon_core.package_identification:_identify(ROS2_examples/rclpy/actions) by extension 'ignore_ament_install'
[0.898s] Level 1:colcon.colcon_core.package_identification:_identify(ROS2_examples/rclpy/actions) by extensions ['colcon_pkg']
[0.898s] Level 1:colcon.colcon_core.package_identification:_identify(ROS2_examples/rclpy/actions) by extension 'colcon_pkg'
[0.898s] Level 1:colcon.colcon_core.package_identification:_identify(ROS2_examples/rclpy/actions) by extensions ['colcon_meta']
[0.898s] Level 1:colcon.colcon_core.package_identification:_identify(ROS2_examples/rclpy/actions) by extension 'colcon_meta'
[0.898s] Level 1:colcon.colcon_core.package_identification:_identify(ROS2_examples/rclpy/actions) by extensions ['ros']
[0.898s] Level 1:colcon.colcon_core.package_identification:_identify(ROS2_examples/rclpy/actions) by extension 'ros'
[0.898s] Level 1:colcon.colcon_core.package_identification:_identify(ROS2_examples/rclpy/actions) by extensions ['cmake', 'python']
[0.898s] Level 1:colcon.colcon_core.package_identification:_identify(ROS2_examples/rclpy/actions) by extension 'cmake'
[0.898s] Level 1:colcon.colcon_core.package_identification:_identify(ROS2_examples/rclpy/actions) by extension 'python'
[0.898s] Level 1:colcon.colcon_core.package_identification:_identify(ROS2_examples/rclpy/actions) by extensions ['python_setup_py']
[0.898s] Level 1:colcon.colcon_core.package_identification:_identify(ROS2_examples/rclpy/actions) by extension 'python_setup_py'
[0.898s] Level 1:colcon.colcon_core.package_identification:_identify(ROS2_examples/rclpy/actions/minimal_action_client) by extensions ['ignore', 'ignore_ament_install']
[0.898s] Level 1:colcon.colcon_core.package_identification:_identify(ROS2_examples/rclpy/actions/minimal_action_client) by extension 'ignore'
[0.898s] Level 1:colcon.colcon_core.package_identification:_identify(ROS2_examples/rclpy/actions/minimal_action_client) by extension 'ignore_ament_install'
[0.898s] Level 1:colcon.colcon_core.package_identification:_identify(ROS2_examples/rclpy/actions/minimal_action_client) by extensions ['colcon_pkg']
[0.898s] Level 1:colcon.colcon_core.package_identification:_identify(ROS2_examples/rclpy/actions/minimal_action_client) by extension 'colcon_pkg'
[0.898s] Level 1:colcon.colcon_core.package_identification:_identify(ROS2_examples/rclpy/actions/minimal_action_client) by extensions ['colcon_meta']
[0.898s] Level 1:colcon.colcon_core.package_identification:_identify(ROS2_examples/rclpy/actions/minimal_action_client) by extension 'colcon_meta'
[0.898s] Level 1:colcon.colcon_core.package_identification:_identify(ROS2_examples/rclpy/actions/minimal_action_client) by extensions ['ros']
[0.898s] Level 1:colcon.colcon_core.package_identification:_identify(ROS2_examples/rclpy/actions/minimal_action_client) by extension 'ros'
[0.899s] DEBUG:colcon.colcon_core.package_identification:Package 'ROS2_examples/rclpy/actions/minimal_action_client' with type 'ros.ament_python' and name 'examples_rclpy_minimal_action_client'
[0.899s] Level 1:colcon.colcon_core.package_identification:_identify(ROS2_examples/rclpy/actions/minimal_action_server) by extensions ['ignore', 'ignore_ament_install']
[0.899s] Level 1:colcon.colcon_core.package_identification:_identify(ROS2_examples/rclpy/actions/minimal_action_server) by extension 'ignore'
[0.899s] Level 1:colcon.colcon_core.package_identification:_identify(ROS2_examples/rclpy/actions/minimal_action_server) by extension 'ignore_ament_install'
[0.899s] Level 1:colcon.colcon_core.package_identification:_identify(ROS2_examples/rclpy/actions/minimal_action_server) by extensions ['colcon_pkg']
[0.899s] Level 1:colcon.colcon_core.package_identification:_identify(ROS2_examples/rclpy/actions/minimal_action_server) by extension 'colcon_pkg'
[0.899s] Level 1:colcon.colcon_core.package_identification:_identify(ROS2_examples/rclpy/actions/minimal_action_server) by extensions ['colcon_meta']
[0.899s] Level 1:colcon.colcon_core.package_identification:_identify(ROS2_examples/rclpy/actions/minimal_action_server) by extension 'colcon_meta'
[0.899s] Level 1:colcon.colcon_core.package_identification:_identify(ROS2_examples/rclpy/actions/minimal_action_server) by extensions ['ros']
[0.899s] Level 1:colcon.colcon_core.package_identification:_identify(ROS2_examples/rclpy/actions/minimal_action_server) by extension 'ros'
[0.900s] DEBUG:colcon.colcon_core.package_identification:Package 'ROS2_examples/rclpy/actions/minimal_action_server' with type 'ros.ament_python' and name 'examples_rclpy_minimal_action_server'
[0.900s] Level 1:colcon.colcon_core.package_identification:_identify(ROS2_examples/rclpy/interfaces) by extensions ['ignore', 'ignore_ament_install']
[0.900s] Level 1:colcon.colcon_core.package_identification:_identify(ROS2_examples/rclpy/interfaces) by extension 'ignore'
[0.900s] Level 1:colcon.colcon_core.package_identification:_identify(ROS2_examples/rclpy/interfaces) by extension 'ignore_ament_install'
[0.900s] Level 1:colcon.colcon_core.package_identification:_identify(ROS2_examples/rclpy/interfaces) by extensions ['colcon_pkg']
[0.900s] Level 1:colcon.colcon_core.package_identification:_identify(ROS2_examples/rclpy/interfaces) by extension 'colcon_pkg'
[0.900s] Level 1:colcon.colcon_core.package_identification:_identify(ROS2_examples/rclpy/interfaces) by extensions ['colcon_meta']
[0.900s] Level 1:colcon.colcon_core.package_identification:_identify(ROS2_examples/rclpy/interfaces) by extension 'colcon_meta'
[0.900s] Level 1:colcon.colcon_core.package_identification:_identify(ROS2_examples/rclpy/interfaces) by extensions ['ros']
[0.900s] Level 1:colcon.colcon_core.package_identification:_identify(ROS2_examples/rclpy/interfaces) by extension 'ros'
[0.900s] Level 1:colcon.colcon_core.package_identification:_identify(ROS2_examples/rclpy/interfaces) by extensions ['cmake', 'python']
[0.900s] Level 1:colcon.colcon_core.package_identification:_identify(ROS2_examples/rclpy/interfaces) by extension 'cmake'
[0.900s] Level 1:colcon.colcon_core.package_identification:_identify(ROS2_examples/rclpy/interfaces) by extension 'python'
[0.900s] Level 1:colcon.colcon_core.package_identification:_identify(ROS2_examples/rclpy/interfaces) by extensions ['python_setup_py']
[0.900s] Level 1:colcon.colcon_core.package_identification:_identify(ROS2_examples/rclpy/interfaces) by extension 'python_setup_py'
[0.900s] Level 1:colcon.colcon_core.package_identification:_identify(ROS2_examples/rclpy/interfaces/minimal_interfaces) by extensions ['ignore', 'ignore_ament_install']
[0.900s] Level 1:colcon.colcon_core.package_identification:_identify(ROS2_examples/rclpy/interfaces/minimal_interfaces) by extension 'ignore'
[0.900s] Level 1:colcon.colcon_core.package_identification:_identify(ROS2_examples/rclpy/interfaces/minimal_interfaces) by extension 'ignore_ament_install'
[0.900s] Level 1:colcon.colcon_core.package_identification:_identify(ROS2_examples/rclpy/interfaces/minimal_interfaces) by extensions ['colcon_pkg']
[0.900s] Level 1:colcon.colcon_core.package_identification:_identify(ROS2_examples/rclpy/interfaces/minimal_interfaces) by extension 'colcon_pkg'
[0.900s] Level 1:colcon.colcon_core.package_identification:_identify(ROS2_examples/rclpy/interfaces/minimal_interfaces) by extensions ['colcon_meta']
[0.900s] Level 1:colcon.colcon_core.package_identification:_identify(ROS2_examples/rclpy/interfaces/minimal_interfaces) by extension 'colcon_meta'
[0.900s] Level 1:colcon.colcon_core.package_identification:_identify(ROS2_examples/rclpy/interfaces/minimal_interfaces) by extensions ['ros']
[0.900s] Level 1:colcon.colcon_core.package_identification:_identify(ROS2_examples/rclpy/interfaces/minimal_interfaces) by extension 'ros'
[0.901s] DEBUG:colcon.colcon_core.package_identification:Package 'ROS2_examples/rclpy/interfaces/minimal_interfaces' with type 'ros.ament_cmake' and name 'minimal_interfaces'
[0.901s] Level 1:colcon.colcon_core.package_identification:_identify(ROS2_examples/rclpy/launch) by extensions ['ignore', 'ignore_ament_install']
[0.901s] Level 1:colcon.colcon_core.package_identification:_identify(ROS2_examples/rclpy/launch) by extension 'ignore'
[0.901s] Level 1:colcon.colcon_core.package_identification:_identify(ROS2_examples/rclpy/launch) by extension 'ignore_ament_install'
[0.901s] Level 1:colcon.colcon_core.package_identification:_identify(ROS2_examples/rclpy/launch) by extensions ['colcon_pkg']
[0.901s] Level 1:colcon.colcon_core.package_identification:_identify(ROS2_examples/rclpy/launch) by extension 'colcon_pkg'
[0.901s] Level 1:colcon.colcon_core.package_identification:_identify(ROS2_examples/rclpy/launch) by extensions ['colcon_meta']
[0.901s] Level 1:colcon.colcon_core.package_identification:_identify(ROS2_examples/rclpy/launch) by extension 'colcon_meta'
[0.901s] Level 1:colcon.colcon_core.package_identification:_identify(ROS2_examples/rclpy/launch) by extensions ['ros']
[0.901s] Level 1:colcon.colcon_core.package_identification:_identify(ROS2_examples/rclpy/launch) by extension 'ros'
[0.901s] Level 1:colcon.colcon_core.package_identification:_identify(ROS2_examples/rclpy/launch) by extensions ['cmake', 'python']
[0.901s] Level 1:colcon.colcon_core.package_identification:_identify(ROS2_examples/rclpy/launch) by extension 'cmake'
[0.901s] Level 1:colcon.colcon_core.package_identification:_identify(ROS2_examples/rclpy/launch) by extension 'python'
[0.901s] Level 1:colcon.colcon_core.package_identification:_identify(ROS2_examples/rclpy/launch) by extensions ['python_setup_py']
[0.901s] Level 1:colcon.colcon_core.package_identification:_identify(ROS2_examples/rclpy/launch) by extension 'python_setup_py'
[0.901s] Level 1:colcon.colcon_core.package_identification:_identify(ROS2_examples/rclpy/launch/minimal_launch) by extensions ['ignore', 'ignore_ament_install']
[0.902s] Level 1:colcon.colcon_core.package_identification:_identify(ROS2_examples/rclpy/launch/minimal_launch) by extension 'ignore'
[0.902s] Level 1:colcon.colcon_core.package_identification:_identify(ROS2_examples/rclpy/launch/minimal_launch) by extension 'ignore_ament_install'
[0.902s] Level 1:colcon.colcon_core.package_identification:_identify(ROS2_examples/rclpy/launch/minimal_launch) by extensions ['colcon_pkg']
[0.902s] Level 1:colcon.colcon_core.package_identification:_identify(ROS2_examples/rclpy/launch/minimal_launch) by extension 'colcon_pkg'
[0.902s] Level 1:colcon.colcon_core.package_identification:_identify(ROS2_examples/rclpy/launch/minimal_launch) by extensions ['colcon_meta']
[0.902s] Level 1:colcon.colcon_core.package_identification:_identify(ROS2_examples/rclpy/launch/minimal_launch) by extension 'colcon_meta'
[0.902s] Level 1:colcon.colcon_core.package_identification:_identify(ROS2_examples/rclpy/launch/minimal_launch) by extensions ['ros']
[0.902s] Level 1:colcon.colcon_core.package_identification:_identify(ROS2_examples/rclpy/launch/minimal_launch) by extension 'ros'
[0.903s] DEBUG:colcon.colcon_core.package_identification:Package 'ROS2_examples/rclpy/launch/minimal_launch' with type 'ros.ament_python' and name 'minimal_launch'
[0.903s] Level 1:colcon.colcon_core.package_identification:_identify(ROS2_examples/rclpy/services) by extensions ['ignore', 'ignore_ament_install']
[0.903s] Level 1:colcon.colcon_core.package_identification:_identify(ROS2_examples/rclpy/services) by extension 'ignore'
[0.903s] Level 1:colcon.colcon_core.package_identification:_identify(ROS2_examples/rclpy/services) by extension 'ignore_ament_install'
[0.903s] Level 1:colcon.colcon_core.package_identification:_identify(ROS2_examples/rclpy/services) by extensions ['colcon_pkg']
[0.903s] Level 1:colcon.colcon_core.package_identification:_identify(ROS2_examples/rclpy/services) by extension 'colcon_pkg'
[0.903s] Level 1:colcon.colcon_core.package_identification:_identify(ROS2_examples/rclpy/services) by extensions ['colcon_meta']
[0.903s] Level 1:colcon.colcon_core.package_identification:_identify(ROS2_examples/rclpy/services) by extension 'colcon_meta'
[0.903s] Level 1:colcon.colcon_core.package_identification:_identify(ROS2_examples/rclpy/services) by extensions ['ros']
[0.903s] Level 1:colcon.colcon_core.package_identification:_identify(ROS2_examples/rclpy/services) by extension 'ros'
[0.903s] Level 1:colcon.colcon_core.package_identification:_identify(ROS2_examples/rclpy/services) by extensions ['cmake', 'python']
[0.903s] Level 1:colcon.colcon_core.package_identification:_identify(ROS2_examples/rclpy/services) by extension 'cmake'
[0.903s] Level 1:colcon.colcon_core.package_identification:_identify(ROS2_examples/rclpy/services) by extension 'python'
[0.903s] Level 1:colcon.colcon_core.package_identification:_identify(ROS2_examples/rclpy/services) by extensions ['python_setup_py']
[0.903s] Level 1:colcon.colcon_core.package_identification:_identify(ROS2_examples/rclpy/services) by extension 'python_setup_py'
[0.904s] Level 1:colcon.colcon_core.package_identification:_identify(ROS2_examples/rclpy/services/minimal_client) by extensions ['ignore', 'ignore_ament_install']
[0.904s] Level 1:colcon.colcon_core.package_identification:_identify(ROS2_examples/rclpy/services/minimal_client) by extension 'ignore'
[0.904s] Level 1:colcon.colcon_core.package_identification:_identify(ROS2_examples/rclpy/services/minimal_client) by extension 'ignore_ament_install'
[0.904s] Level 1:colcon.colcon_core.package_identification:_identify(ROS2_examples/rclpy/services/minimal_client) by extensions ['colcon_pkg']
[0.904s] Level 1:colcon.colcon_core.package_identification:_identify(ROS2_examples/rclpy/services/minimal_client) by extension 'colcon_pkg'
[0.904s] Level 1:colcon.colcon_core.package_identification:_identify(ROS2_examples/rclpy/services/minimal_client) by extensions ['colcon_meta']
[0.904s] Level 1:colcon.colcon_core.package_identification:_identify(ROS2_examples/rclpy/services/minimal_client) by extension 'colcon_meta'
[0.904s] Level 1:colcon.colcon_core.package_identification:_identify(ROS2_examples/rclpy/services/minimal_client) by extensions ['ros']
[0.904s] Level 1:colcon.colcon_core.package_identification:_identify(ROS2_examples/rclpy/services/minimal_client) by extension 'ros'
[0.904s] DEBUG:colcon.colcon_core.package_identification:Package 'ROS2_examples/rclpy/services/minimal_client' with type 'ros.ament_python' and name 'examples_rclpy_minimal_client'
[0.904s] Level 1:colcon.colcon_core.package_identification:_identify(ROS2_examples/rclpy/services/minimal_service) by extensions ['ignore', 'ignore_ament_install']
[0.904s] Level 1:colcon.colcon_core.package_identification:_identify(ROS2_examples/rclpy/services/minimal_service) by extension 'ignore'
[0.904s] Level 1:colcon.colcon_core.package_identification:_identify(ROS2_examples/rclpy/services/minimal_service) by extension 'ignore_ament_install'
[0.904s] Level 1:colcon.colcon_core.package_identification:_identify(ROS2_examples/rclpy/services/minimal_service) by extensions ['colcon_pkg']
[0.904s] Level 1:colcon.colcon_core.package_identification:_identify(ROS2_examples/rclpy/services/minimal_service) by extension 'colcon_pkg'
[0.905s] Level 1:colcon.colcon_core.package_identification:_identify(ROS2_examples/rclpy/services/minimal_service) by extensions ['colcon_meta']
[0.905s] Level 1:colcon.colcon_core.package_identification:_identify(ROS2_examples/rclpy/services/minimal_service) by extension 'colcon_meta'
[0.905s] Level 1:colcon.colcon_core.package_identification:_identify(ROS2_examples/rclpy/services/minimal_service) by extensions ['ros']
[0.905s] Level 1:colcon.colcon_core.package_identification:_identify(ROS2_examples/rclpy/services/minimal_service) by extension 'ros'
[0.905s] DEBUG:colcon.colcon_core.package_identification:Package 'ROS2_examples/rclpy/services/minimal_service' with type 'ros.ament_python' and name 'examples_rclpy_minimal_service'
[0.905s] Level 1:colcon.colcon_core.package_identification:_identify(ROS2_examples/rclpy/topics) by extensions ['ignore', 'ignore_ament_install']
[0.905s] Level 1:colcon.colcon_core.package_identification:_identify(ROS2_examples/rclpy/topics) by extension 'ignore'
[0.905s] Level 1:colcon.colcon_core.package_identification:_identify(ROS2_examples/rclpy/topics) by extension 'ignore_ament_install'
[0.905s] Level 1:colcon.colcon_core.package_identification:_identify(ROS2_examples/rclpy/topics) by extensions ['colcon_pkg']
[0.905s] Level 1:colcon.colcon_core.package_identification:_identify(ROS2_examples/rclpy/topics) by extension 'colcon_pkg'
[0.905s] Level 1:colcon.colcon_core.package_identification:_identify(ROS2_examples/rclpy/topics) by extensions ['colcon_meta']
[0.905s] Level 1:colcon.colcon_core.package_identification:_identify(ROS2_examples/rclpy/topics) by extension 'colcon_meta'
[0.905s] Level 1:colcon.colcon_core.package_identification:_identify(ROS2_examples/rclpy/topics) by extensions ['ros']
[0.905s] Level 1:colcon.colcon_core.package_identification:_identify(ROS2_examples/rclpy/topics) by extension 'ros'
[0.905s] Level 1:colcon.colcon_core.package_identification:_identify(ROS2_examples/rclpy/topics) by extensions ['cmake', 'python']
[0.905s] Level 1:colcon.colcon_core.package_identification:_identify(ROS2_examples/rclpy/topics) by extension 'cmake'
[0.905s] Level 1:colcon.colcon_core.package_identification:_identify(ROS2_examples/rclpy/topics) by extension 'python'
[0.905s] Level 1:colcon.colcon_core.package_identification:_identify(ROS2_examples/rclpy/topics) by extensions ['python_setup_py']
[0.905s] Level 1:colcon.colcon_core.package_identification:_identify(ROS2_examples/rclpy/topics) by extension 'python_setup_py'
[0.906s] Level 1:colcon.colcon_core.package_identification:_identify(ROS2_examples/rclpy/topics/minimal_publisher) by extensions ['ignore', 'ignore_ament_install']
[0.906s] Level 1:colcon.colcon_core.package_identification:_identify(ROS2_examples/rclpy/topics/minimal_publisher) by extension 'ignore'
[0.906s] Level 1:colcon.colcon_core.package_identification:_identify(ROS2_examples/rclpy/topics/minimal_publisher) by extension 'ignore_ament_install'
[0.906s] Level 1:colcon.colcon_core.package_identification:_identify(ROS2_examples/rclpy/topics/minimal_publisher) by extensions ['colcon_pkg']
[0.906s] Level 1:colcon.colcon_core.package_identification:_identify(ROS2_examples/rclpy/topics/minimal_publisher) by extension 'colcon_pkg'
[0.906s] Level 1:colcon.colcon_core.package_identification:_identify(ROS2_examples/rclpy/topics/minimal_publisher) by extensions ['colcon_meta']
[0.906s] Level 1:colcon.colcon_core.package_identification:_identify(ROS2_examples/rclpy/topics/minimal_publisher) by extension 'colcon_meta'
[0.906s] Level 1:colcon.colcon_core.package_identification:_identify(ROS2_examples/rclpy/topics/minimal_publisher) by extensions ['ros']
[0.906s] Level 1:colcon.colcon_core.package_identification:_identify(ROS2_examples/rclpy/topics/minimal_publisher) by extension 'ros'
[0.906s] DEBUG:colcon.colcon_core.package_identification:Package 'ROS2_examples/rclpy/topics/minimal_publisher' with type 'ros.ament_python' and name 'examples_rclpy_minimal_publisher'
[0.906s] Level 1:colcon.colcon_core.package_identification:_identify(ROS2_examples/rclpy/topics/minimal_subscriber) by extensions ['ignore', 'ignore_ament_install']
[0.906s] Level 1:colcon.colcon_core.package_identification:_identify(ROS2_examples/rclpy/topics/minimal_subscriber) by extension 'ignore'
[0.906s] Level 1:colcon.colcon_core.package_identification:_identify(ROS2_examples/rclpy/topics/minimal_subscriber) by extension 'ignore_ament_install'
[0.906s] Level 1:colcon.colcon_core.package_identification:_identify(ROS2_examples/rclpy/topics/minimal_subscriber) by extensions ['colcon_pkg']
[0.906s] Level 1:colcon.colcon_core.package_identification:_identify(ROS2_examples/rclpy/topics/minimal_subscriber) by extension 'colcon_pkg'
[0.907s] Level 1:colcon.colcon_core.package_identification:_identify(ROS2_examples/rclpy/topics/minimal_subscriber) by extensions ['colcon_meta']
[0.907s] Level 1:colcon.colcon_core.package_identification:_identify(ROS2_examples/rclpy/topics/minimal_subscriber) by extension 'colcon_meta'
[0.907s] Level 1:colcon.colcon_core.package_identification:_identify(ROS2_examples/rclpy/topics/minimal_subscriber) by extensions ['ros']
[0.907s] Level 1:colcon.colcon_core.package_identification:_identify(ROS2_examples/rclpy/topics/minimal_subscriber) by extension 'ros'
[0.907s] DEBUG:colcon.colcon_core.package_identification:Package 'ROS2_examples/rclpy/topics/minimal_subscriber' with type 'ros.ament_python' and name 'examples_rclpy_minimal_subscriber'
[0.907s] Level 1:colcon.colcon_core.package_identification:_identify(build) by extensions ['ignore', 'ignore_ament_install']
[0.907s] Level 1:colcon.colcon_core.package_identification:_identify(build) by extension 'ignore'
[0.907s] Level 1:colcon.colcon_core.package_identification:_identify(build) ignored
[0.907s] Level 1:colcon.colcon_core.package_identification:_identify(install) by extensions ['ignore', 'ignore_ament_install']
[0.907s] Level 1:colcon.colcon_core.package_identification:_identify(install) by extension 'ignore'
[0.907s] Level 1:colcon.colcon_core.package_identification:_identify(install) ignored
[0.907s] Level 1:colcon.colcon_core.package_identification:_identify(log) by extensions ['ignore', 'ignore_ament_install']
[0.907s] Level 1:colcon.colcon_core.package_identification:_identify(log) by extension 'ignore'
[0.907s] Level 1:colcon.colcon_core.package_identification:_identify(log) ignored
[0.908s] Level 1:colcon.colcon_core.package_identification:_identify(mi_paquete_python) by extensions ['ignore', 'ignore_ament_install']
[0.908s] Level 1:colcon.colcon_core.package_identification:_identify(mi_paquete_python) by extension 'ignore'
[0.908s] Level 1:colcon.colcon_core.package_identification:_identify(mi_paquete_python) by extension 'ignore_ament_install'
[0.908s] Level 1:colcon.colcon_core.package_identification:_identify(mi_paquete_python) by extensions ['colcon_pkg']
[0.908s] Level 1:colcon.colcon_core.package_identification:_identify(mi_paquete_python) by extension 'colcon_pkg'
[0.908s] Level 1:colcon.colcon_core.package_identification:_identify(mi_paquete_python) by extensions ['colcon_meta']
[0.908s] Level 1:colcon.colcon_core.package_identification:_identify(mi_paquete_python) by extension 'colcon_meta'
[0.908s] Level 1:colcon.colcon_core.package_identification:_identify(mi_paquete_python) by extensions ['ros']
[0.908s] Level 1:colcon.colcon_core.package_identification:_identify(mi_paquete_python) by extension 'ros'
[0.908s] DEBUG:colcon.colcon_core.package_identification:Package 'mi_paquete_python' with type 'ros.ament_python' and name 'mi_paquete_python'
[0.908s] Level 1:colcon.colcon_core.package_identification:_identify(tutorial_interfaces) by extensions ['ignore', 'ignore_ament_install']
[0.909s] Level 1:colcon.colcon_core.package_identification:_identify(tutorial_interfaces) by extension 'ignore'
[0.909s] Level 1:colcon.colcon_core.package_identification:_identify(tutorial_interfaces) by extension 'ignore_ament_install'
[0.909s] Level 1:colcon.colcon_core.package_identification:_identify(tutorial_interfaces) by extensions ['colcon_pkg']
[0.909s] Level 1:colcon.colcon_core.package_identification:_identify(tutorial_interfaces) by extension 'colcon_pkg'
[0.909s] Level 1:colcon.colcon_core.package_identification:_identify(tutorial_interfaces) by extensions ['colcon_meta']
[0.909s] Level 1:colcon.colcon_core.package_identification:_identify(tutorial_interfaces) by extension 'colcon_meta'
[0.909s] Level 1:colcon.colcon_core.package_identification:_identify(tutorial_interfaces) by extensions ['ros']
[0.909s] Level 1:colcon.colcon_core.package_identification:_identify(tutorial_interfaces) by extension 'ros'
[0.909s] DEBUG:colcon.colcon_core.package_identification:Package 'tutorial_interfaces' with type 'ros.ament_cmake' and name 'tutorial_interfaces'
[0.909s] Level 1:colcon.colcon_core.package_discovery:discover_packages(recursive) using defaults
[0.909s] Level 1:colcon.colcon_core.package_discovery:discover_packages(ignore) discover
[0.909s] Level 1:colcon.colcon_core.package_discovery:discover_packages(ignore) using defaults
[0.909s] Level 1:colcon.colcon_core.package_discovery:discover_packages(path) discover
[0.909s] Level 1:colcon.colcon_core.package_discovery:discover_packages(path) using defaults
[0.962s] INFO:colcon.colcon_core.package_selection:Skipping not selected package 'examples_rclpy_minimal_action_client' in 'ROS2_examples/rclpy/actions/minimal_action_client'
[0.962s] INFO:colcon.colcon_core.package_selection:Skipping not selected package 'examples_rclpy_minimal_action_server' in 'ROS2_examples/rclpy/actions/minimal_action_server'
[0.962s] INFO:colcon.colcon_core.package_selection:Skipping not selected package 'examples_rclpy_minimal_client' in 'ROS2_examples/rclpy/services/minimal_client'
[0.962s] INFO:colcon.colcon_core.package_selection:Skipping not selected package 'examples_rclpy_minimal_publisher' in 'ROS2_examples/rclpy/topics/minimal_publisher'
[0.962s] INFO:colcon.colcon_core.package_selection:Skipping not selected package 'examples_rclpy_minimal_service' in 'ROS2_examples/rclpy/services/minimal_service'
[0.962s] INFO:colcon.colcon_core.package_selection:Skipping not selected package 'examples_rclpy_minimal_subscriber' in 'ROS2_examples/rclpy/topics/minimal_subscriber'
[0.962s] INFO:colcon.colcon_core.package_selection:Skipping not selected package 'launch_testing_examples' in 'ROS2_examples/launch_testing/launch_testing_examples'
[0.962s] INFO:colcon.colcon_core.package_selection:Skipping not selected package 'minimal_interfaces' in 'ROS2_examples/rclpy/interfaces/minimal_interfaces'
[0.962s] INFO:colcon.colcon_core.package_selection:Skipping not selected package 'minimal_launch' in 'ROS2_examples/rclpy/launch/minimal_launch'
[0.962s] INFO:colcon.colcon_core.package_selection:Skipping not selected package 'tutorial_interfaces' in 'tutorial_interfaces'
[0.986s] Level 1:colcon.colcon_core.package_discovery:discover_packages(prefix_path) check parameters
[0.986s] Level 1:colcon.colcon_core.package_discovery:discover_packages(prefix_path) discover
[1.011s] DEBUG:colcon.colcon_installed_package_information.package_discovery:Found 9 installed packages in /home/simon/Documents/ARO/ros2_ws/src/install
[1.036s] DEBUG:colcon.colcon_installed_package_information.package_discovery:Found 16 installed packages in /home/simon/Documents/ARO/turtlebot3_ws/install
[1.049s] DEBUG:colcon.colcon_installed_package_information.package_discovery:Found 363 installed packages in /opt/ros/humble
[1.051s] Level 1:colcon.colcon_core.package_discovery:discover_packages(prefix_path) using defaults
[1.130s] Level 5:colcon.colcon_core.verb:set package 'mi_paquete_python' build argument 'cmake_args' from command line to 'None'
[1.130s] Level 5:colcon.colcon_core.verb:set package 'mi_paquete_python' build argument 'cmake_target' from command line to 'None'
[1.131s] Level 5:colcon.colcon_core.verb:set package 'mi_paquete_python' build argument 'cmake_target_skip_unavailable' from command line to 'False'
[1.131s] Level 5:colcon.colcon_core.verb:set package 'mi_paquete_python' build argument 'cmake_clean_cache' from command line to 'False'
[1.131s] Level 5:colcon.colcon_core.verb:set package 'mi_paquete_python' build argument 'cmake_clean_first' from command line to 'False'
[1.131s] Level 5:colcon.colcon_core.verb:set package 'mi_paquete_python' build argument 'cmake_force_configure' from command line to 'False'
[1.131s] Level 5:colcon.colcon_core.verb:set package 'mi_paquete_python' build argument 'ament_cmake_args' from command line to 'None'
[1.131s] Level 5:colcon.colcon_core.verb:set package 'mi_paquete_python' build argument 'catkin_cmake_args' from command line to 'None'
[1.131s] Level 5:colcon.colcon_core.verb:set package 'mi_paquete_python' build argument 'catkin_skip_building_tests' from command line to 'False'
[1.131s] DEBUG:colcon.colcon_core.verb:Building package 'mi_paquete_python' with the following arguments: {'ament_cmake_args': None, 'build_base': '/home/simon/Documents/ARO/ros2_ws/src/build/mi_paquete_python', 'catkin_cmake_args': None, 'catkin_skip_building_tests': False, 'cmake_args': None, 'cmake_clean_cache': False, 'cmake_clean_first': False, 'cmake_force_configure': False, 'cmake_target': None, 'cmake_target_skip_unavailable': False, 'install_base': '/home/simon/Documents/ARO/ros2_ws/src/install/mi_paquete_python', 'merge_install': False, 'path': '/home/simon/Documents/ARO/ros2_ws/src/mi_paquete_python', 'symlink_install': False, 'test_result_base': None}
[1.142s] INFO:colcon.colcon_core.executor:Executing jobs using 'parallel' executor
[1.155s] DEBUG:colcon.colcon_parallel_executor.executor.parallel:run_until_complete
[1.156s] INFO:colcon.colcon_ros.task.ament_python.build:Building ROS package in '/home/simon/Documents/ARO/ros2_ws/src/mi_paquete_python' with build type 'ament_python'
[1.156s] Level 1:colcon.colcon_core.shell:create_environment_hook('mi_paquete_python', 'ament_prefix_path')
[1.170s] INFO:colcon.colcon_core.plugin_system:Skipping extension 'colcon_core.shell.bat': Not used on non-Windows systems
[1.170s] INFO:colcon.colcon_core.shell:Creating environment hook '/home/simon/Documents/ARO/ros2_ws/src/install/mi_paquete_python/share/mi_paquete_python/hook/ament_prefix_path.ps1'
[1.170s] INFO:colcon.colcon_core.shell:Creating environment descriptor '/home/simon/Documents/ARO/ros2_ws/src/install/mi_paquete_python/share/mi_paquete_python/hook/ament_prefix_path.dsv'
[1.171s] INFO:colcon.colcon_core.shell:Creating environment hook '/home/simon/Documents/ARO/ros2_ws/src/install/mi_paquete_python/share/mi_paquete_python/hook/ament_prefix_path.sh'
[1.184s] INFO:colcon.colcon_core.shell:Skip shell extension 'powershell' for command environment: Not usable outside of PowerShell
[1.184s] DEBUG:colcon.colcon_core.shell:Skip shell extension 'dsv' for command environment
[1.236s] ERROR:colcon.colcon_ros.task.ament_python.build:Failed to find the following files:
- /home/simon/Documents/ARO/ros2_ws/src/install/tutorial_interfaces/share/tutorial_interfaces/package.sh
Check that the following packages have been built:
- tutorial_interfaces
[1.247s] DEBUG:colcon.colcon_parallel_executor.executor.parallel:closing loop
[1.247s] DEBUG:colcon.colcon_parallel_executor.executor.parallel:loop closed
[1.247s] DEBUG:colcon.colcon_parallel_executor.executor.parallel:run_until_complete finished with '1'
[1.247s] DEBUG:colcon.colcon_core.event_reactor:joining thread
[1.264s] INFO:colcon.colcon_core.plugin_system:Skipping extension 'colcon_notification.desktop_notification.terminal_notifier': Not used on non-Darwin systems
[1.264s] INFO:colcon.colcon_core.plugin_system:Skipping extension 'colcon_notification.desktop_notification.win32': Not used on non-Windows systems
[1.264s] INFO:colcon.colcon_notification.desktop_notification:Sending desktop notification using 'notify2'
[1.280s] DEBUG:colcon.colcon_core.event_reactor:joined thread
[1.294s] INFO:colcon.colcon_core.shell:Creating prefix script '/home/simon/Documents/ARO/ros2_ws/src/install/local_setup.ps1'
[1.295s] INFO:colcon.colcon_core.shell:Creating prefix util module '/home/simon/Documents/ARO/ros2_ws/src/install/_local_setup_util_ps1.py'
[1.296s] INFO:colcon.colcon_core.shell:Creating prefix chain script '/home/simon/Documents/ARO/ros2_ws/src/install/setup.ps1'
[1.309s] INFO:colcon.colcon_core.shell:Creating prefix script '/home/simon/Documents/ARO/ros2_ws/src/install/local_setup.sh'
[1.310s] INFO:colcon.colcon_core.shell:Creating prefix util module '/home/simon/Documents/ARO/ros2_ws/src/install/_local_setup_util_sh.py'
[1.310s] INFO:colcon.colcon_core.shell:Creating prefix chain script '/home/simon/Documents/ARO/ros2_ws/src/install/setup.sh'
[1.324s] INFO:colcon.colcon_core.shell:Creating prefix script '/home/simon/Documents/ARO/ros2_ws/src/install/local_setup.bash'
[1.324s] INFO:colcon.colcon_core.shell:Creating prefix chain script '/home/simon/Documents/ARO/ros2_ws/src/install/setup.bash'
[1.338s] INFO:colcon.colcon_core.shell:Creating prefix script '/home/simon/Documents/ARO/ros2_ws/src/install/local_setup.zsh'
[1.338s] INFO:colcon.colcon_core.shell:Creating prefix chain script '/home/simon/Documents/ARO/ros2_ws/src/install/setup.zsh'
