[3.381s] Invoking command in '/home/simon/Documents/ARO/ros2_ws/build/mi_paquete_python': PYTHONPATH=/home/simon/Documents/ARO/ros2_ws/build/mi_paquete_python/prefix_override:/home/simon/Documents/ARO/ros2_ws/install/mi_paquete_python/lib/python3.10/site-packages:${PYTHONPATH} /usr/bin/python3 setup.py develop --uninstall --editable --build-directory /home/simon/Documents/ARO/ros2_ws/build/mi_paquete_python/build
[3.779s] running develop
[4.048s] Removing /home/simon/Documents/ARO/ros2_ws/install/mi_paquete_python/lib/python3.10/site-packages/mi-paquete-python.egg-link (link to .)
[4.137s] Invoked command in '/home/simon/Documents/ARO/ros2_ws/build/mi_paquete_python' returned '0': PYTHONPATH=/home/simon/Documents/ARO/ros2_ws/build/mi_paquete_python/prefix_override:/home/simon/Documents/ARO/ros2_ws/install/mi_paquete_python/lib/python3.10/site-packages:${PYTHONPATH} /usr/bin/python3 setup.py develop --uninstall --editable --build-directory /home/simon/Documents/ARO/ros2_ws/build/mi_paquete_python/build
[4.140s] Invoking command in '/home/simon/Documents/ARO/ros2_ws/src/mi_paquete_python': PYTHONPATH=/home/simon/Documents/ARO/ros2_ws/build/mi_paquete_python/prefix_override:/home/simon/Documents/ARO/ros2_ws/install/mi_paquete_python/lib/python3.10/site-packages:${PYTHONPATH} /usr/bin/python3 setup.py egg_info --egg-base ../../build/mi_paquete_python build --build-base /home/simon/Documents/ARO/ros2_ws/build/mi_paquete_python/build install --record /home/simon/Documents/ARO/ros2_ws/build/mi_paquete_python/install.log --single-version-externally-managed
[4.548s] running egg_info
[4.549s] writing ../../build/mi_paquete_python/mi_paquete_python.egg-info/PKG-INFO
[4.550s] writing dependency_links to ../../build/mi_paquete_python/mi_paquete_python.egg-info/dependency_links.txt
[4.550s] writing entry points to ../../build/mi_paquete_python/mi_paquete_python.egg-info/entry_points.txt
[4.550s] writing requirements to ../../build/mi_paquete_python/mi_paquete_python.egg-info/requires.txt
[4.550s] writing top-level names to ../../build/mi_paquete_python/mi_paquete_python.egg-info/top_level.txt
[4.553s] reading manifest file '../../build/mi_paquete_python/mi_paquete_python.egg-info/SOURCES.txt'
[4.556s] writing manifest file '../../build/mi_paquete_python/mi_paquete_python.egg-info/SOURCES.txt'
[4.556s] running build
[4.557s] running build_py
[4.557s] creating /home/simon/Documents/ARO/ros2_ws/build/mi_paquete_python/build
[4.557s] creating /home/simon/Documents/ARO/ros2_ws/build/mi_paquete_python/build/lib
[4.558s] creating /home/simon/Documents/ARO/ros2_ws/build/mi_paquete_python/build/lib/mi_paquete_python
[4.558s] copying mi_paquete_python/move_leonardo.py -> /home/simon/Documents/ARO/ros2_ws/build/mi_paquete_python/build/lib/mi_paquete_python
[4.558s] copying mi_paquete_python/__init__.py -> /home/simon/Documents/ARO/ros2_ws/build/mi_paquete_python/build/lib/mi_paquete_python
[4.558s] copying mi_paquete_python/robot_news_station.py -> /home/simon/Documents/ARO/ros2_ws/build/mi_paquete_python/build/lib/mi_paquete_python
[4.558s] copying mi_paquete_python/smartphone.py -> /home/simon/Documents/ARO/ros2_ws/build/mi_paquete_python/build/lib/mi_paquete_python
[4.558s] copying mi_paquete_python/turtle_controller.py -> /home/simon/Documents/ARO/ros2_ws/build/mi_paquete_python/build/lib/mi_paquete_python
[4.559s] copying mi_paquete_python/position_logger.py -> /home/simon/Documents/ARO/ros2_ws/build/mi_paquete_python/build/lib/mi_paquete_python
[4.559s] copying mi_paquete_python/move_raphael.py -> /home/simon/Documents/ARO/ros2_ws/build/mi_paquete_python/build/lib/mi_paquete_python
[4.559s] copying mi_paquete_python/move_donatello.py -> /home/simon/Documents/ARO/ros2_ws/build/mi_paquete_python/build/lib/mi_paquete_python
[4.559s] copying mi_paquete_python/move_michelangelo.py -> /home/simon/Documents/ARO/ros2_ws/build/mi_paquete_python/build/lib/mi_paquete_python
[4.559s] running install
[4.559s] running install_lib
[4.561s] creating /home/simon/Documents/ARO/ros2_ws/install/mi_paquete_python/lib/python3.10/site-packages/mi_paquete_python
[4.561s] copying /home/simon/Documents/ARO/ros2_ws/build/mi_paquete_python/build/lib/mi_paquete_python/move_leonardo.py -> /home/simon/Documents/ARO/ros2_ws/install/mi_paquete_python/lib/python3.10/site-packages/mi_paquete_python
[4.561s] copying /home/simon/Documents/ARO/ros2_ws/build/mi_paquete_python/build/lib/mi_paquete_python/__init__.py -> /home/simon/Documents/ARO/ros2_ws/install/mi_paquete_python/lib/python3.10/site-packages/mi_paquete_python
[4.561s] copying /home/simon/Documents/ARO/ros2_ws/build/mi_paquete_python/build/lib/mi_paquete_python/robot_news_station.py -> /home/simon/Documents/ARO/ros2_ws/install/mi_paquete_python/lib/python3.10/site-packages/mi_paquete_python
[4.561s] copying /home/simon/Documents/ARO/ros2_ws/build/mi_paquete_python/build/lib/mi_paquete_python/smartphone.py -> /home/simon/Documents/ARO/ros2_ws/install/mi_paquete_python/lib/python3.10/site-packages/mi_paquete_python
[4.562s] copying /home/simon/Documents/ARO/ros2_ws/build/mi_paquete_python/build/lib/mi_paquete_python/turtle_controller.py -> /home/simon/Documents/ARO/ros2_ws/install/mi_paquete_python/lib/python3.10/site-packages/mi_paquete_python
[4.562s] copying /home/simon/Documents/ARO/ros2_ws/build/mi_paquete_python/build/lib/mi_paquete_python/position_logger.py -> /home/simon/Documents/ARO/ros2_ws/install/mi_paquete_python/lib/python3.10/site-packages/mi_paquete_python
[4.562s] copying /home/simon/Documents/ARO/ros2_ws/build/mi_paquete_python/build/lib/mi_paquete_python/move_raphael.py -> /home/simon/Documents/ARO/ros2_ws/install/mi_paquete_python/lib/python3.10/site-packages/mi_paquete_python
[4.562s] copying /home/simon/Documents/ARO/ros2_ws/build/mi_paquete_python/build/lib/mi_paquete_python/move_donatello.py -> /home/simon/Documents/ARO/ros2_ws/install/mi_paquete_python/lib/python3.10/site-packages/mi_paquete_python
[4.562s] copying /home/simon/Documents/ARO/ros2_ws/build/mi_paquete_python/build/lib/mi_paquete_python/move_michelangelo.py -> /home/simon/Documents/ARO/ros2_ws/install/mi_paquete_python/lib/python3.10/site-packages/mi_paquete_python
[4.563s] byte-compiling /home/simon/Documents/ARO/ros2_ws/install/mi_paquete_python/lib/python3.10/site-packages/mi_paquete_python/move_leonardo.py to move_leonardo.cpython-310.pyc
[4.565s] byte-compiling /home/simon/Documents/ARO/ros2_ws/install/mi_paquete_python/lib/python3.10/site-packages/mi_paquete_python/__init__.py to __init__.cpython-310.pyc
[4.565s] byte-compiling /home/simon/Documents/ARO/ros2_ws/install/mi_paquete_python/lib/python3.10/site-packages/mi_paquete_python/robot_news_station.py to robot_news_station.cpython-310.pyc
[4.566s] byte-compiling /home/simon/Documents/ARO/ros2_ws/install/mi_paquete_python/lib/python3.10/site-packages/mi_paquete_python/smartphone.py to smartphone.cpython-310.pyc
[4.566s] byte-compiling /home/simon/Documents/ARO/ros2_ws/install/mi_paquete_python/lib/python3.10/site-packages/mi_paquete_python/turtle_controller.py to turtle_controller.cpython-310.pyc
[4.567s] byte-compiling /home/simon/Documents/ARO/ros2_ws/install/mi_paquete_python/lib/python3.10/site-packages/mi_paquete_python/position_logger.py to position_logger.cpython-310.pyc
[4.568s] byte-compiling /home/simon/Documents/ARO/ros2_ws/install/mi_paquete_python/lib/python3.10/site-packages/mi_paquete_python/move_raphael.py to move_raphael.cpython-310.pyc
[4.569s] byte-compiling /home/simon/Documents/ARO/ros2_ws/install/mi_paquete_python/lib/python3.10/site-packages/mi_paquete_python/move_donatello.py to move_donatello.cpython-310.pyc
[4.569s] byte-compiling /home/simon/Documents/ARO/ros2_ws/install/mi_paquete_python/lib/python3.10/site-packages/mi_paquete_python/move_michelangelo.py to move_michelangelo.cpython-310.pyc
[4.570s] running install_data
[4.571s] running install_egg_info
[4.576s] Copying ../../build/mi_paquete_python/mi_paquete_python.egg-info to /home/simon/Documents/ARO/ros2_ws/install/mi_paquete_python/lib/python3.10/site-packages/mi_paquete_python-0.0.0-py3.10.egg-info
[4.577s] running install_scripts
[4.614s] Installing move_donatello script to /home/simon/Documents/ARO/ros2_ws/install/mi_paquete_python/lib/mi_paquete_python
[4.614s] Installing move_leonardo script to /home/simon/Documents/ARO/ros2_ws/install/mi_paquete_python/lib/mi_paquete_python
[4.614s] Installing move_michelangelo script to /home/simon/Documents/ARO/ros2_ws/install/mi_paquete_python/lib/mi_paquete_python
[4.614s] Installing position_logger script to /home/simon/Documents/ARO/ros2_ws/install/mi_paquete_python/lib/mi_paquete_python
[4.614s] Installing robot_news_station script to /home/simon/Documents/ARO/ros2_ws/install/mi_paquete_python/lib/mi_paquete_python
[4.615s] Installing smartphone script to /home/simon/Documents/ARO/ros2_ws/install/mi_paquete_python/lib/mi_paquete_python
[4.615s] Installing turtle_controller script to /home/simon/Documents/ARO/ros2_ws/install/mi_paquete_python/lib/mi_paquete_python
[4.615s] writing list of installed files to '/home/simon/Documents/ARO/ros2_ws/build/mi_paquete_python/install.log'
[5.014s] Invoked command in '/home/simon/Documents/ARO/ros2_ws/src/mi_paquete_python' returned '0': PYTHONPATH=/home/simon/Documents/ARO/ros2_ws/build/mi_paquete_python/prefix_override:/home/simon/Documents/ARO/ros2_ws/install/mi_paquete_python/lib/python3.10/site-packages:${PYTHONPATH} /usr/bin/python3 setup.py egg_info --egg-base ../../build/mi_paquete_python build --build-base /home/simon/Documents/ARO/ros2_ws/build/mi_paquete_python/build install --record /home/simon/Documents/ARO/ros2_ws/build/mi_paquete_python/install.log --single-version-externally-managed
