[0.857s] Invoking command in '/home/simon/Documents/ARO/ros2_ws/build/tutorial_interfaces': CMAKE_PREFIX_PATH=${CMAKE_PREFIX_PATH}:/home/simon/Documents/ARO/ros2_ws/install/mi_paquete_python:/home/simon/Documents/ARO/ros2_ws/install/launch_testing_examples:/home/simon/Documents/ARO/ros2_ws/install/examples_rclpy_minimal_subscriber:/home/simon/Documents/ARO/ros2_ws/install/examples_rclpy_minimal_service:/home/simon/Documents/ARO/ros2_ws/install/examples_rclpy_minimal_publisher:/home/simon/Documents/ARO/ros2_ws/install/examples_rclpy_minimal_client:/home/simon/Documents/ARO/ros2_ws/install/examples_rclpy_minimal_action_server:/home/simon/Documents/ARO/ros2_ws/install/examples_rclpy_minimal_action_client:/home/simon/Documents/ARO/ros2_ws/src/install/mi_paquete_python:/home/simon/Documents/ARO/ros2_ws/src/install/launch_testing_examples:/home/simon/Documents/ARO/ros2_ws/src/install/examples_rclpy_minimal_subscriber:/home/simon/Documents/ARO/ros2_ws/src/install/examples_rclpy_minimal_service:/home/simon/Documents/ARO/ros2_ws/src/install/examples_rclpy_minimal_publisher:/home/simon/Documents/ARO/ros2_ws/src/install/examples_rclpy_minimal_client:/home/simon/Documents/ARO/ros2_ws/src/install/examples_rclpy_minimal_action_server:/home/simon/Documents/ARO/ros2_ws/src/install/examples_rclpy_minimal_action_client:/home/simon/Documents/ARO/turtlebot3_ws/install/turtlebot3_teleop:/home/simon/Documents/ARO/turtlebot3_ws/install/turtlebot3_example:/opt/ros/humble /usr/bin/cmake --build /home/simon/Documents/ARO/ros2_ws/build/tutorial_interfaces -- -j16 -l16
[3.267s] [35m[1mConsolidate compiler generated dependencies of target tutorial_interfaces__rosidl_generator_c[0m
[3.268s] [  1%] Built target tutorial_interfaces__cpp
[3.269s] [ 12%] Built target tutorial_interfaces__rosidl_generator_c
[3.269s] [ 12%] Built target ament_cmake_python_copy_tutorial_interfaces
[3.269s] [35m[1mConsolidate compiler generated dependencies of target tutorial_interfaces__rosidl_typesupport_cpp[0m
[3.269s] [35m[1mConsolidate compiler generated dependencies of target tutorial_interfaces__rosidl_typesupport_introspection_cpp[0m
[3.269s] [35m[1mConsolidate compiler generated dependencies of target tutorial_interfaces__rosidl_typesupport_fastrtps_cpp[0m
[3.269s] [35m[1mConsolidate compiler generated dependencies of target tutorial_interfaces__rosidl_typesupport_fastrtps_c[0m
[3.269s] [35m[1mConsolidate compiler generated dependencies of target tutorial_interfaces__rosidl_typesupport_c[0m
[3.269s] [35m[1mConsolidate compiler generated dependencies of target tutorial_interfaces__rosidl_typesupport_introspection_c[0m
[3.270s] [ 23%] Built target tutorial_interfaces__rosidl_typesupport_cpp
[3.271s] [ 35%] Built target tutorial_interfaces__rosidl_typesupport_introspection_cpp
[3.271s] [ 46%] Built target tutorial_interfaces__rosidl_typesupport_fastrtps_cpp
[3.271s] [ 57%] Built target tutorial_interfaces__rosidl_typesupport_c
[3.271s] [ 69%] Built target tutorial_interfaces__rosidl_typesupport_introspection_c
[3.271s] [ 80%] Built target tutorial_interfaces__rosidl_typesupport_fastrtps_c
[3.272s] [ 80%] Built target tutorial_interfaces
[3.272s] [ 81%] Built target tutorial_interfaces__py
[3.273s] [35m[1mConsolidate compiler generated dependencies of target tutorial_interfaces__rosidl_generator_py[0m
[3.273s] [ 91%] Built target tutorial_interfaces__rosidl_generator_py
[3.274s] [35m[1mConsolidate compiler generated dependencies of target tutorial_interfaces__rosidl_typesupport_fastrtps_c__pyext[0m
[3.275s] [35m[1mConsolidate compiler generated dependencies of target tutorial_interfaces__rosidl_typesupport_c__pyext[0m
[3.275s] [35m[1mConsolidate compiler generated dependencies of target tutorial_interfaces__rosidl_typesupport_introspection_c__pyext[0m
[3.275s] [ 95%] Built target tutorial_interfaces__rosidl_typesupport_fastrtps_c__pyext
[3.275s] [ 97%] Built target tutorial_interfaces__rosidl_typesupport_c__pyext
[3.276s] [100%] Built target tutorial_interfaces__rosidl_typesupport_introspection_c__pyext
[3.276s] running egg_info
[3.276s] writing tutorial_interfaces.egg-info/PKG-INFO
[3.277s] writing dependency_links to tutorial_interfaces.egg-info/dependency_links.txt
[3.278s] writing top-level names to tutorial_interfaces.egg-info/top_level.txt
[3.278s] reading manifest file 'tutorial_interfaces.egg-info/SOURCES.txt'
[3.278s] writing manifest file 'tutorial_interfaces.egg-info/SOURCES.txt'
[3.278s] [100%] Built target ament_cmake_python_build_tutorial_interfaces_egg
[3.281s] Invoked command in '/home/simon/Documents/ARO/ros2_ws/build/tutorial_interfaces' returned '0': CMAKE_PREFIX_PATH=${CMAKE_PREFIX_PATH}:/home/simon/Documents/ARO/ros2_ws/install/mi_paquete_python:/home/simon/Documents/ARO/ros2_ws/install/launch_testing_examples:/home/simon/Documents/ARO/ros2_ws/install/examples_rclpy_minimal_subscriber:/home/simon/Documents/ARO/ros2_ws/install/examples_rclpy_minimal_service:/home/simon/Documents/ARO/ros2_ws/install/examples_rclpy_minimal_publisher:/home/simon/Documents/ARO/ros2_ws/install/examples_rclpy_minimal_client:/home/simon/Documents/ARO/ros2_ws/install/examples_rclpy_minimal_action_server:/home/simon/Documents/ARO/ros2_ws/install/examples_rclpy_minimal_action_client:/home/simon/Documents/ARO/ros2_ws/src/install/mi_paquete_python:/home/simon/Documents/ARO/ros2_ws/src/install/launch_testing_examples:/home/simon/Documents/ARO/ros2_ws/src/install/examples_rclpy_minimal_subscriber:/home/simon/Documents/ARO/ros2_ws/src/install/examples_rclpy_minimal_service:/home/simon/Documents/ARO/ros2_ws/src/install/examples_rclpy_minimal_publisher:/home/simon/Documents/ARO/ros2_ws/src/install/examples_rclpy_minimal_client:/home/simon/Documents/ARO/ros2_ws/src/install/examples_rclpy_minimal_action_server:/home/simon/Documents/ARO/ros2_ws/src/install/examples_rclpy_minimal_action_client:/home/simon/Documents/ARO/turtlebot3_ws/install/turtlebot3_teleop:/home/simon/Documents/ARO/turtlebot3_ws/install/turtlebot3_example:/opt/ros/humble /usr/bin/cmake --build /home/simon/Documents/ARO/ros2_ws/build/tutorial_interfaces -- -j16 -l16
[3.730s] Invoking command in '/home/simon/Documents/ARO/ros2_ws/build/tutorial_interfaces': CMAKE_PREFIX_PATH=${CMAKE_PREFIX_PATH}:/home/simon/Documents/ARO/ros2_ws/install/mi_paquete_python:/home/simon/Documents/ARO/ros2_ws/install/launch_testing_examples:/home/simon/Documents/ARO/ros2_ws/install/examples_rclpy_minimal_subscriber:/home/simon/Documents/ARO/ros2_ws/install/examples_rclpy_minimal_service:/home/simon/Documents/ARO/ros2_ws/install/examples_rclpy_minimal_publisher:/home/simon/Documents/ARO/ros2_ws/install/examples_rclpy_minimal_client:/home/simon/Documents/ARO/ros2_ws/install/examples_rclpy_minimal_action_server:/home/simon/Documents/ARO/ros2_ws/install/examples_rclpy_minimal_action_client:/home/simon/Documents/ARO/ros2_ws/src/install/mi_paquete_python:/home/simon/Documents/ARO/ros2_ws/src/install/launch_testing_examples:/home/simon/Documents/ARO/ros2_ws/src/install/examples_rclpy_minimal_subscriber:/home/simon/Documents/ARO/ros2_ws/src/install/examples_rclpy_minimal_service:/home/simon/Documents/ARO/ros2_ws/src/install/examples_rclpy_minimal_publisher:/home/simon/Documents/ARO/ros2_ws/src/install/examples_rclpy_minimal_client:/home/simon/Documents/ARO/ros2_ws/src/install/examples_rclpy_minimal_action_server:/home/simon/Documents/ARO/ros2_ws/src/install/examples_rclpy_minimal_action_client:/home/simon/Documents/ARO/turtlebot3_ws/install/turtlebot3_teleop:/home/simon/Documents/ARO/turtlebot3_ws/install/turtlebot3_example:/opt/ros/humble /usr/bin/cmake --install /home/simon/Documents/ARO/ros2_ws/build/tutorial_interfaces
[3.749s] -- Install configuration: ""
[3.749s] -- Up-to-date: /home/simon/Documents/ARO/ros2_ws/install/tutorial_interfaces/share/ament_index/resource_index/rosidl_interfaces/tutorial_interfaces
[3.749s] -- Up-to-date: /home/simon/Documents/ARO/ros2_ws/install/tutorial_interfaces/include/tutorial_interfaces/tutorial_interfaces
[3.750s] -- Up-to-date: /home/simon/Documents/ARO/ros2_ws/install/tutorial_interfaces/include/tutorial_interfaces/tutorial_interfaces/action
[3.750s] -- Up-to-date: /home/simon/Documents/ARO/ros2_ws/install/tutorial_interfaces/include/tutorial_interfaces/tutorial_interfaces/action/circle.h
[3.750s] -- Up-to-date: /home/simon/Documents/ARO/ros2_ws/install/tutorial_interfaces/include/tutorial_interfaces/tutorial_interfaces/action/compute_sum.h
[3.750s] -- Up-to-date: /home/simon/Documents/ARO/ros2_ws/install/tutorial_interfaces/include/tutorial_interfaces/tutorial_interfaces/action/detail
[3.750s] -- Up-to-date: /home/simon/Documents/ARO/ros2_ws/install/tutorial_interfaces/include/tutorial_interfaces/tutorial_interfaces/action/detail/compute_sum__struct.h
[3.751s] -- Up-to-date: /home/simon/Documents/ARO/ros2_ws/install/tutorial_interfaces/include/tutorial_interfaces/tutorial_interfaces/action/detail/compute_sum__functions.c
[3.751s] -- Up-to-date: /home/simon/Documents/ARO/ros2_ws/install/tutorial_interfaces/include/tutorial_interfaces/tutorial_interfaces/action/detail/circle__type_support.h
[3.751s] -- Up-to-date: /home/simon/Documents/ARO/ros2_ws/install/tutorial_interfaces/include/tutorial_interfaces/tutorial_interfaces/action/detail/compute_sum__functions.h
[3.751s] -- Up-to-date: /home/simon/Documents/ARO/ros2_ws/install/tutorial_interfaces/include/tutorial_interfaces/tutorial_interfaces/action/detail/circle__functions.h
[3.751s] -- Up-to-date: /home/simon/Documents/ARO/ros2_ws/install/tutorial_interfaces/include/tutorial_interfaces/tutorial_interfaces/action/detail/compute_sum__type_support.h
[3.752s] -- Up-to-date: /home/simon/Documents/ARO/ros2_ws/install/tutorial_interfaces/include/tutorial_interfaces/tutorial_interfaces/action/detail/circle__functions.c
[3.752s] -- Up-to-date: /home/simon/Documents/ARO/ros2_ws/install/tutorial_interfaces/include/tutorial_interfaces/tutorial_interfaces/action/detail/circle__struct.h
[3.752s] -- Up-to-date: /home/simon/Documents/ARO/ros2_ws/install/tutorial_interfaces/include/tutorial_interfaces/tutorial_interfaces/srv
[3.752s] -- Up-to-date: /home/simon/Documents/ARO/ros2_ws/install/tutorial_interfaces/include/tutorial_interfaces/tutorial_interfaces/srv/add_three_ints.h
[3.752s] -- Up-to-date: /home/simon/Documents/ARO/ros2_ws/install/tutorial_interfaces/include/tutorial_interfaces/tutorial_interfaces/srv/circle.h
[3.752s] -- Up-to-date: /home/simon/Documents/ARO/ros2_ws/install/tutorial_interfaces/include/tutorial_interfaces/tutorial_interfaces/srv/detail
[3.752s] -- Up-to-date: /home/simon/Documents/ARO/ros2_ws/install/tutorial_interfaces/include/tutorial_interfaces/tutorial_interfaces/srv/detail/add_three_ints__type_support.h
[3.753s] -- Up-to-date: /home/simon/Documents/ARO/ros2_ws/install/tutorial_interfaces/include/tutorial_interfaces/tutorial_interfaces/srv/detail/add_three_ints__functions.h
[3.753s] -- Up-to-date: /home/simon/Documents/ARO/ros2_ws/install/tutorial_interfaces/include/tutorial_interfaces/tutorial_interfaces/srv/detail/add_three_ints__functions.c
[3.753s] -- Up-to-date: /home/simon/Documents/ARO/ros2_ws/install/tutorial_interfaces/include/tutorial_interfaces/tutorial_interfaces/srv/detail/circle__type_support.h
[3.753s] -- Up-to-date: /home/simon/Documents/ARO/ros2_ws/install/tutorial_interfaces/include/tutorial_interfaces/tutorial_interfaces/srv/detail/circle__functions.h
[3.753s] -- Up-to-date: /home/simon/Documents/ARO/ros2_ws/install/tutorial_interfaces/include/tutorial_interfaces/tutorial_interfaces/srv/detail/add_three_ints__struct.h
[3.753s] -- Up-to-date: /home/simon/Documents/ARO/ros2_ws/install/tutorial_interfaces/include/tutorial_interfaces/tutorial_interfaces/srv/detail/circle__functions.c
[3.754s] -- Up-to-date: /home/simon/Documents/ARO/ros2_ws/install/tutorial_interfaces/include/tutorial_interfaces/tutorial_interfaces/srv/detail/circle__struct.h
[3.754s] -- Up-to-date: /home/simon/Documents/ARO/ros2_ws/install/tutorial_interfaces/include/tutorial_interfaces/tutorial_interfaces/msg
[3.754s] -- Up-to-date: /home/simon/Documents/ARO/ros2_ws/install/tutorial_interfaces/include/tutorial_interfaces/tutorial_interfaces/msg/num.h
[3.754s] -- Up-to-date: /home/simon/Documents/ARO/ros2_ws/install/tutorial_interfaces/include/tutorial_interfaces/tutorial_interfaces/msg/sphere.h
[3.754s] -- Up-to-date: /home/simon/Documents/ARO/ros2_ws/install/tutorial_interfaces/include/tutorial_interfaces/tutorial_interfaces/msg/detail
[3.754s] -- Up-to-date: /home/simon/Documents/ARO/ros2_ws/install/tutorial_interfaces/include/tutorial_interfaces/tutorial_interfaces/msg/detail/sphere__functions.c
[3.754s] -- Up-to-date: /home/simon/Documents/ARO/ros2_ws/install/tutorial_interfaces/include/tutorial_interfaces/tutorial_interfaces/msg/detail/num__struct.h
[3.755s] -- Up-to-date: /home/simon/Documents/ARO/ros2_ws/install/tutorial_interfaces/include/tutorial_interfaces/tutorial_interfaces/msg/detail/num__functions.h
[3.755s] -- Up-to-date: /home/simon/Documents/ARO/ros2_ws/install/tutorial_interfaces/include/tutorial_interfaces/tutorial_interfaces/msg/detail/sphere__functions.h
[3.755s] -- Up-to-date: /home/simon/Documents/ARO/ros2_ws/install/tutorial_interfaces/include/tutorial_interfaces/tutorial_interfaces/msg/detail/sphere__type_support.h
[3.755s] -- Up-to-date: /home/simon/Documents/ARO/ros2_ws/install/tutorial_interfaces/include/tutorial_interfaces/tutorial_interfaces/msg/detail/num__functions.c
[3.755s] -- Up-to-date: /home/simon/Documents/ARO/ros2_ws/install/tutorial_interfaces/include/tutorial_interfaces/tutorial_interfaces/msg/detail/num__type_support.h
[3.755s] -- Up-to-date: /home/simon/Documents/ARO/ros2_ws/install/tutorial_interfaces/include/tutorial_interfaces/tutorial_interfaces/msg/detail/sphere__struct.h
[3.756s] -- Up-to-date: /home/simon/Documents/ARO/ros2_ws/install/tutorial_interfaces/include/tutorial_interfaces/tutorial_interfaces/msg/rosidl_generator_c__visibility_control.h
[3.756s] -- Up-to-date: /home/simon/Documents/ARO/ros2_ws/install/tutorial_interfaces/share/tutorial_interfaces/environment/library_path.sh
[3.756s] -- Up-to-date: /home/simon/Documents/ARO/ros2_ws/install/tutorial_interfaces/share/tutorial_interfaces/environment/library_path.dsv
[3.756s] -- Up-to-date: /home/simon/Documents/ARO/ros2_ws/install/tutorial_interfaces/lib/libtutorial_interfaces__rosidl_generator_c.so
[3.756s] -- Up-to-date: /home/simon/Documents/ARO/ros2_ws/install/tutorial_interfaces/include/tutorial_interfaces/tutorial_interfaces
[3.757s] -- Up-to-date: /home/simon/Documents/ARO/ros2_ws/install/tutorial_interfaces/include/tutorial_interfaces/tutorial_interfaces/action
[3.757s] -- Up-to-date: /home/simon/Documents/ARO/ros2_ws/install/tutorial_interfaces/include/tutorial_interfaces/tutorial_interfaces/action/detail
[3.757s] -- Up-to-date: /home/simon/Documents/ARO/ros2_ws/install/tutorial_interfaces/include/tutorial_interfaces/tutorial_interfaces/action/detail/circle__rosidl_typesupport_fastrtps_c.h
[3.757s] -- Up-to-date: /home/simon/Documents/ARO/ros2_ws/install/tutorial_interfaces/include/tutorial_interfaces/tutorial_interfaces/action/detail/compute_sum__rosidl_typesupport_fastrtps_c.h
[3.757s] -- Up-to-date: /home/simon/Documents/ARO/ros2_ws/install/tutorial_interfaces/include/tutorial_interfaces/tutorial_interfaces/srv
[3.757s] -- Up-to-date: /home/simon/Documents/ARO/ros2_ws/install/tutorial_interfaces/include/tutorial_interfaces/tutorial_interfaces/srv/detail
[3.757s] -- Up-to-date: /home/simon/Documents/ARO/ros2_ws/install/tutorial_interfaces/include/tutorial_interfaces/tutorial_interfaces/srv/detail/add_three_ints__rosidl_typesupport_fastrtps_c.h
[3.758s] -- Up-to-date: /home/simon/Documents/ARO/ros2_ws/install/tutorial_interfaces/include/tutorial_interfaces/tutorial_interfaces/srv/detail/circle__rosidl_typesupport_fastrtps_c.h
[3.758s] -- Up-to-date: /home/simon/Documents/ARO/ros2_ws/install/tutorial_interfaces/include/tutorial_interfaces/tutorial_interfaces/msg
[3.758s] -- Up-to-date: /home/simon/Documents/ARO/ros2_ws/install/tutorial_interfaces/include/tutorial_interfaces/tutorial_interfaces/msg/detail
[3.758s] -- Up-to-date: /home/simon/Documents/ARO/ros2_ws/install/tutorial_interfaces/include/tutorial_interfaces/tutorial_interfaces/msg/detail/num__rosidl_typesupport_fastrtps_c.h
[3.758s] -- Up-to-date: /home/simon/Documents/ARO/ros2_ws/install/tutorial_interfaces/include/tutorial_interfaces/tutorial_interfaces/msg/detail/sphere__rosidl_typesupport_fastrtps_c.h
[3.759s] -- Up-to-date: /home/simon/Documents/ARO/ros2_ws/install/tutorial_interfaces/include/tutorial_interfaces/tutorial_interfaces/msg/rosidl_typesupport_fastrtps_c__visibility_control.h
[3.759s] -- Up-to-date: /home/simon/Documents/ARO/ros2_ws/install/tutorial_interfaces/lib/libtutorial_interfaces__rosidl_typesupport_fastrtps_c.so
[3.759s] -- Up-to-date: /home/simon/Documents/ARO/ros2_ws/install/tutorial_interfaces/include/tutorial_interfaces/tutorial_interfaces
[3.759s] -- Up-to-date: /home/simon/Documents/ARO/ros2_ws/install/tutorial_interfaces/include/tutorial_interfaces/tutorial_interfaces/action
[3.759s] -- Up-to-date: /home/simon/Documents/ARO/ros2_ws/install/tutorial_interfaces/include/tutorial_interfaces/tutorial_interfaces/action/detail
[3.760s] -- Up-to-date: /home/simon/Documents/ARO/ros2_ws/install/tutorial_interfaces/include/tutorial_interfaces/tutorial_interfaces/action/detail/circle__type_support.c
[3.760s] -- Up-to-date: /home/simon/Documents/ARO/ros2_ws/install/tutorial_interfaces/include/tutorial_interfaces/tutorial_interfaces/action/detail/circle__rosidl_typesupport_introspection_c.h
[3.760s] -- Up-to-date: /home/simon/Documents/ARO/ros2_ws/install/tutorial_interfaces/include/tutorial_interfaces/tutorial_interfaces/action/detail/compute_sum__type_support.c
[3.760s] -- Up-to-date: /home/simon/Documents/ARO/ros2_ws/install/tutorial_interfaces/include/tutorial_interfaces/tutorial_interfaces/action/detail/compute_sum__rosidl_typesupport_introspection_c.h
[3.760s] -- Up-to-date: /home/simon/Documents/ARO/ros2_ws/install/tutorial_interfaces/include/tutorial_interfaces/tutorial_interfaces/srv
[3.761s] -- Up-to-date: /home/simon/Documents/ARO/ros2_ws/install/tutorial_interfaces/include/tutorial_interfaces/tutorial_interfaces/srv/detail
[3.761s] -- Up-to-date: /home/simon/Documents/ARO/ros2_ws/install/tutorial_interfaces/include/tutorial_interfaces/tutorial_interfaces/srv/detail/circle__type_support.c
[3.761s] -- Up-to-date: /home/simon/Documents/ARO/ros2_ws/install/tutorial_interfaces/include/tutorial_interfaces/tutorial_interfaces/srv/detail/circle__rosidl_typesupport_introspection_c.h
[3.761s] -- Up-to-date: /home/simon/Documents/ARO/ros2_ws/install/tutorial_interfaces/include/tutorial_interfaces/tutorial_interfaces/srv/detail/add_three_ints__type_support.c
[3.761s] -- Up-to-date: /home/simon/Documents/ARO/ros2_ws/install/tutorial_interfaces/include/tutorial_interfaces/tutorial_interfaces/srv/detail/add_three_ints__rosidl_typesupport_introspection_c.h
[3.762s] -- Up-to-date: /home/simon/Documents/ARO/ros2_ws/install/tutorial_interfaces/include/tutorial_interfaces/tutorial_interfaces/msg
[3.762s] -- Up-to-date: /home/simon/Documents/ARO/ros2_ws/install/tutorial_interfaces/include/tutorial_interfaces/tutorial_interfaces/msg/detail
[3.762s] -- Up-to-date: /home/simon/Documents/ARO/ros2_ws/install/tutorial_interfaces/include/tutorial_interfaces/tutorial_interfaces/msg/detail/num__type_support.c
[3.762s] -- Up-to-date: /home/simon/Documents/ARO/ros2_ws/install/tutorial_interfaces/include/tutorial_interfaces/tutorial_interfaces/msg/detail/sphere__type_support.c
[3.762s] -- Up-to-date: /home/simon/Documents/ARO/ros2_ws/install/tutorial_interfaces/include/tutorial_interfaces/tutorial_interfaces/msg/detail/num__rosidl_typesupport_introspection_c.h
[3.762s] -- Up-to-date: /home/simon/Documents/ARO/ros2_ws/install/tutorial_interfaces/include/tutorial_interfaces/tutorial_interfaces/msg/detail/sphere__rosidl_typesupport_introspection_c.h
[3.762s] -- Up-to-date: /home/simon/Documents/ARO/ros2_ws/install/tutorial_interfaces/include/tutorial_interfaces/tutorial_interfaces/msg/rosidl_typesupport_introspection_c__visibility_control.h
[3.763s] -- Up-to-date: /home/simon/Documents/ARO/ros2_ws/install/tutorial_interfaces/lib/libtutorial_interfaces__rosidl_typesupport_introspection_c.so
[3.763s] -- Up-to-date: /home/simon/Documents/ARO/ros2_ws/install/tutorial_interfaces/lib/libtutorial_interfaces__rosidl_typesupport_c.so
[3.763s] -- Up-to-date: /home/simon/Documents/ARO/ros2_ws/install/tutorial_interfaces/include/tutorial_interfaces/tutorial_interfaces
[3.763s] -- Up-to-date: /home/simon/Documents/ARO/ros2_ws/install/tutorial_interfaces/include/tutorial_interfaces/tutorial_interfaces/action
[3.763s] -- Up-to-date: /home/simon/Documents/ARO/ros2_ws/install/tutorial_interfaces/include/tutorial_interfaces/tutorial_interfaces/action/compute_sum.hpp
[3.763s] -- Up-to-date: /home/simon/Documents/ARO/ros2_ws/install/tutorial_interfaces/include/tutorial_interfaces/tutorial_interfaces/action/circle.hpp
[3.764s] -- Up-to-date: /home/simon/Documents/ARO/ros2_ws/install/tutorial_interfaces/include/tutorial_interfaces/tutorial_interfaces/action/detail
[3.764s] -- Up-to-date: /home/simon/Documents/ARO/ros2_ws/install/tutorial_interfaces/include/tutorial_interfaces/tutorial_interfaces/action/detail/circle__traits.hpp
[3.764s] -- Up-to-date: /home/simon/Documents/ARO/ros2_ws/install/tutorial_interfaces/include/tutorial_interfaces/tutorial_interfaces/action/detail/circle__builder.hpp
[3.764s] -- Up-to-date: /home/simon/Documents/ARO/ros2_ws/install/tutorial_interfaces/include/tutorial_interfaces/tutorial_interfaces/action/detail/circle__struct.hpp
[3.764s] -- Up-to-date: /home/simon/Documents/ARO/ros2_ws/install/tutorial_interfaces/include/tutorial_interfaces/tutorial_interfaces/action/detail/compute_sum__builder.hpp
[3.764s] -- Up-to-date: /home/simon/Documents/ARO/ros2_ws/install/tutorial_interfaces/include/tutorial_interfaces/tutorial_interfaces/action/detail/compute_sum__traits.hpp
[3.765s] -- Up-to-date: /home/simon/Documents/ARO/ros2_ws/install/tutorial_interfaces/include/tutorial_interfaces/tutorial_interfaces/action/detail/compute_sum__struct.hpp
[3.765s] -- Up-to-date: /home/simon/Documents/ARO/ros2_ws/install/tutorial_interfaces/include/tutorial_interfaces/tutorial_interfaces/srv
[3.765s] -- Up-to-date: /home/simon/Documents/ARO/ros2_ws/install/tutorial_interfaces/include/tutorial_interfaces/tutorial_interfaces/srv/circle.hpp
[3.765s] -- Up-to-date: /home/simon/Documents/ARO/ros2_ws/install/tutorial_interfaces/include/tutorial_interfaces/tutorial_interfaces/srv/add_three_ints.hpp
[3.765s] -- Up-to-date: /home/simon/Documents/ARO/ros2_ws/install/tutorial_interfaces/include/tutorial_interfaces/tutorial_interfaces/srv/detail
[3.765s] -- Up-to-date: /home/simon/Documents/ARO/ros2_ws/install/tutorial_interfaces/include/tutorial_interfaces/tutorial_interfaces/srv/detail/circle__traits.hpp
[3.766s] -- Up-to-date: /home/simon/Documents/ARO/ros2_ws/install/tutorial_interfaces/include/tutorial_interfaces/tutorial_interfaces/srv/detail/circle__builder.hpp
[3.766s] -- Up-to-date: /home/simon/Documents/ARO/ros2_ws/install/tutorial_interfaces/include/tutorial_interfaces/tutorial_interfaces/srv/detail/add_three_ints__builder.hpp
[3.766s] -- Up-to-date: /home/simon/Documents/ARO/ros2_ws/install/tutorial_interfaces/include/tutorial_interfaces/tutorial_interfaces/srv/detail/circle__struct.hpp
[3.766s] -- Up-to-date: /home/simon/Documents/ARO/ros2_ws/install/tutorial_interfaces/include/tutorial_interfaces/tutorial_interfaces/srv/detail/add_three_ints__struct.hpp
[3.766s] -- Up-to-date: /home/simon/Documents/ARO/ros2_ws/install/tutorial_interfaces/include/tutorial_interfaces/tutorial_interfaces/srv/detail/add_three_ints__traits.hpp
[3.766s] -- Up-to-date: /home/simon/Documents/ARO/ros2_ws/install/tutorial_interfaces/include/tutorial_interfaces/tutorial_interfaces/msg
[3.767s] -- Up-to-date: /home/simon/Documents/ARO/ros2_ws/install/tutorial_interfaces/include/tutorial_interfaces/tutorial_interfaces/msg/sphere.hpp
[3.767s] -- Up-to-date: /home/simon/Documents/ARO/ros2_ws/install/tutorial_interfaces/include/tutorial_interfaces/tutorial_interfaces/msg/detail
[3.767s] -- Up-to-date: /home/simon/Documents/ARO/ros2_ws/install/tutorial_interfaces/include/tutorial_interfaces/tutorial_interfaces/msg/detail/num__struct.hpp
[3.767s] -- Up-to-date: /home/simon/Documents/ARO/ros2_ws/install/tutorial_interfaces/include/tutorial_interfaces/tutorial_interfaces/msg/detail/sphere__struct.hpp
[3.767s] -- Up-to-date: /home/simon/Documents/ARO/ros2_ws/install/tutorial_interfaces/include/tutorial_interfaces/tutorial_interfaces/msg/detail/num__builder.hpp
[3.767s] -- Up-to-date: /home/simon/Documents/ARO/ros2_ws/install/tutorial_interfaces/include/tutorial_interfaces/tutorial_interfaces/msg/detail/num__traits.hpp
[3.768s] -- Up-to-date: /home/simon/Documents/ARO/ros2_ws/install/tutorial_interfaces/include/tutorial_interfaces/tutorial_interfaces/msg/detail/sphere__traits.hpp
[3.768s] -- Up-to-date: /home/simon/Documents/ARO/ros2_ws/install/tutorial_interfaces/include/tutorial_interfaces/tutorial_interfaces/msg/detail/sphere__builder.hpp
[3.768s] -- Up-to-date: /home/simon/Documents/ARO/ros2_ws/install/tutorial_interfaces/include/tutorial_interfaces/tutorial_interfaces/msg/num.hpp
[3.768s] -- Up-to-date: /home/simon/Documents/ARO/ros2_ws/install/tutorial_interfaces/include/tutorial_interfaces/tutorial_interfaces
[3.768s] -- Up-to-date: /home/simon/Documents/ARO/ros2_ws/install/tutorial_interfaces/include/tutorial_interfaces/tutorial_interfaces/action
[3.768s] -- Up-to-date: /home/simon/Documents/ARO/ros2_ws/install/tutorial_interfaces/include/tutorial_interfaces/tutorial_interfaces/action/detail
[3.769s] -- Up-to-date: /home/simon/Documents/ARO/ros2_ws/install/tutorial_interfaces/include/tutorial_interfaces/tutorial_interfaces/action/detail/compute_sum__rosidl_typesupport_fastrtps_cpp.hpp
[3.769s] -- Up-to-date: /home/simon/Documents/ARO/ros2_ws/install/tutorial_interfaces/include/tutorial_interfaces/tutorial_interfaces/action/detail/circle__rosidl_typesupport_fastrtps_cpp.hpp
[3.769s] -- Up-to-date: /home/simon/Documents/ARO/ros2_ws/install/tutorial_interfaces/include/tutorial_interfaces/tutorial_interfaces/action/detail/dds_fastrtps
[3.769s] -- Up-to-date: /home/simon/Documents/ARO/ros2_ws/install/tutorial_interfaces/include/tutorial_interfaces/tutorial_interfaces/srv
[3.769s] -- Up-to-date: /home/simon/Documents/ARO/ros2_ws/install/tutorial_interfaces/include/tutorial_interfaces/tutorial_interfaces/srv/detail
[3.770s] -- Up-to-date: /home/simon/Documents/ARO/ros2_ws/install/tutorial_interfaces/include/tutorial_interfaces/tutorial_interfaces/srv/detail/circle__rosidl_typesupport_fastrtps_cpp.hpp
[3.770s] -- Up-to-date: /home/simon/Documents/ARO/ros2_ws/install/tutorial_interfaces/include/tutorial_interfaces/tutorial_interfaces/srv/detail/dds_fastrtps
[3.770s] -- Up-to-date: /home/simon/Documents/ARO/ros2_ws/install/tutorial_interfaces/include/tutorial_interfaces/tutorial_interfaces/srv/detail/add_three_ints__rosidl_typesupport_fastrtps_cpp.hpp
[3.770s] -- Up-to-date: /home/simon/Documents/ARO/ros2_ws/install/tutorial_interfaces/include/tutorial_interfaces/tutorial_interfaces/msg
[3.770s] -- Up-to-date: /home/simon/Documents/ARO/ros2_ws/install/tutorial_interfaces/include/tutorial_interfaces/tutorial_interfaces/msg/rosidl_typesupport_fastrtps_cpp__visibility_control.h
[3.770s] -- Up-to-date: /home/simon/Documents/ARO/ros2_ws/install/tutorial_interfaces/include/tutorial_interfaces/tutorial_interfaces/msg/detail
[3.770s] -- Up-to-date: /home/simon/Documents/ARO/ros2_ws/install/tutorial_interfaces/include/tutorial_interfaces/tutorial_interfaces/msg/detail/dds_fastrtps
[3.770s] -- Up-to-date: /home/simon/Documents/ARO/ros2_ws/install/tutorial_interfaces/include/tutorial_interfaces/tutorial_interfaces/msg/detail/num__rosidl_typesupport_fastrtps_cpp.hpp
[3.771s] -- Up-to-date: /home/simon/Documents/ARO/ros2_ws/install/tutorial_interfaces/include/tutorial_interfaces/tutorial_interfaces/msg/detail/sphere__rosidl_typesupport_fastrtps_cpp.hpp
[3.771s] -- Up-to-date: /home/simon/Documents/ARO/ros2_ws/install/tutorial_interfaces/lib/libtutorial_interfaces__rosidl_typesupport_fastrtps_cpp.so
[3.771s] -- Up-to-date: /home/simon/Documents/ARO/ros2_ws/install/tutorial_interfaces/include/tutorial_interfaces/tutorial_interfaces
[3.771s] -- Up-to-date: /home/simon/Documents/ARO/ros2_ws/install/tutorial_interfaces/include/tutorial_interfaces/tutorial_interfaces/action
[3.771s] -- Up-to-date: /home/simon/Documents/ARO/ros2_ws/install/tutorial_interfaces/include/tutorial_interfaces/tutorial_interfaces/action/detail
[3.771s] -- Up-to-date: /home/simon/Documents/ARO/ros2_ws/install/tutorial_interfaces/include/tutorial_interfaces/tutorial_interfaces/action/detail/compute_sum__type_support.cpp
[3.771s] -- Up-to-date: /home/simon/Documents/ARO/ros2_ws/install/tutorial_interfaces/include/tutorial_interfaces/tutorial_interfaces/action/detail/compute_sum__rosidl_typesupport_introspection_cpp.hpp
[3.772s] -- Up-to-date: /home/simon/Documents/ARO/ros2_ws/install/tutorial_interfaces/include/tutorial_interfaces/tutorial_interfaces/action/detail/circle__type_support.cpp
[3.772s] -- Up-to-date: /home/simon/Documents/ARO/ros2_ws/install/tutorial_interfaces/include/tutorial_interfaces/tutorial_interfaces/action/detail/circle__rosidl_typesupport_introspection_cpp.hpp
[3.772s] -- Up-to-date: /home/simon/Documents/ARO/ros2_ws/install/tutorial_interfaces/include/tutorial_interfaces/tutorial_interfaces/srv
[3.772s] -- Up-to-date: /home/simon/Documents/ARO/ros2_ws/install/tutorial_interfaces/include/tutorial_interfaces/tutorial_interfaces/srv/detail
[3.772s] -- Up-to-date: /home/simon/Documents/ARO/ros2_ws/install/tutorial_interfaces/include/tutorial_interfaces/tutorial_interfaces/srv/detail/add_three_ints__type_support.cpp
[3.772s] -- Up-to-date: /home/simon/Documents/ARO/ros2_ws/install/tutorial_interfaces/include/tutorial_interfaces/tutorial_interfaces/srv/detail/add_three_ints__rosidl_typesupport_introspection_cpp.hpp
[3.772s] -- Up-to-date: /home/simon/Documents/ARO/ros2_ws/install/tutorial_interfaces/include/tutorial_interfaces/tutorial_interfaces/srv/detail/circle__type_support.cpp
[3.772s] -- Up-to-date: /home/simon/Documents/ARO/ros2_ws/install/tutorial_interfaces/include/tutorial_interfaces/tutorial_interfaces/srv/detail/circle__rosidl_typesupport_introspection_cpp.hpp
[3.773s] -- Up-to-date: /home/simon/Documents/ARO/ros2_ws/install/tutorial_interfaces/include/tutorial_interfaces/tutorial_interfaces/msg
[3.773s] -- Up-to-date: /home/simon/Documents/ARO/ros2_ws/install/tutorial_interfaces/include/tutorial_interfaces/tutorial_interfaces/msg/detail
[3.773s] -- Up-to-date: /home/simon/Documents/ARO/ros2_ws/install/tutorial_interfaces/include/tutorial_interfaces/tutorial_interfaces/msg/detail/num__rosidl_typesupport_introspection_cpp.hpp
[3.773s] -- Up-to-date: /home/simon/Documents/ARO/ros2_ws/install/tutorial_interfaces/include/tutorial_interfaces/tutorial_interfaces/msg/detail/num__type_support.cpp
[3.773s] -- Up-to-date: /home/simon/Documents/ARO/ros2_ws/install/tutorial_interfaces/include/tutorial_interfaces/tutorial_interfaces/msg/detail/sphere__type_support.cpp
[3.773s] -- Up-to-date: /home/simon/Documents/ARO/ros2_ws/install/tutorial_interfaces/include/tutorial_interfaces/tutorial_interfaces/msg/detail/sphere__rosidl_typesupport_introspection_cpp.hpp
[3.773s] -- Up-to-date: /home/simon/Documents/ARO/ros2_ws/install/tutorial_interfaces/lib/libtutorial_interfaces__rosidl_typesupport_introspection_cpp.so
[3.774s] -- Up-to-date: /home/simon/Documents/ARO/ros2_ws/install/tutorial_interfaces/lib/libtutorial_interfaces__rosidl_typesupport_cpp.so
[3.774s] -- Up-to-date: /home/simon/Documents/ARO/ros2_ws/install/tutorial_interfaces/share/tutorial_interfaces/environment/pythonpath.sh
[3.774s] -- Up-to-date: /home/simon/Documents/ARO/ros2_ws/install/tutorial_interfaces/share/tutorial_interfaces/environment/pythonpath.dsv
[3.774s] -- Up-to-date: /home/simon/Documents/ARO/ros2_ws/install/tutorial_interfaces/local/lib/python3.10/dist-packages/tutorial_interfaces-0.0.0-py3.10.egg-info
[3.774s] -- Installing: /home/simon/Documents/ARO/ros2_ws/install/tutorial_interfaces/local/lib/python3.10/dist-packages/tutorial_interfaces-0.0.0-py3.10.egg-info/dependency_links.txt
[3.774s] -- Installing: /home/simon/Documents/ARO/ros2_ws/install/tutorial_interfaces/local/lib/python3.10/dist-packages/tutorial_interfaces-0.0.0-py3.10.egg-info/PKG-INFO
[3.774s] -- Installing: /home/simon/Documents/ARO/ros2_ws/install/tutorial_interfaces/local/lib/python3.10/dist-packages/tutorial_interfaces-0.0.0-py3.10.egg-info/top_level.txt
[3.774s] -- Installing: /home/simon/Documents/ARO/ros2_ws/install/tutorial_interfaces/local/lib/python3.10/dist-packages/tutorial_interfaces-0.0.0-py3.10.egg-info/SOURCES.txt
[3.775s] -- Up-to-date: /home/simon/Documents/ARO/ros2_ws/install/tutorial_interfaces/local/lib/python3.10/dist-packages/tutorial_interfaces
[3.775s] -- Up-to-date: /home/simon/Documents/ARO/ros2_ws/install/tutorial_interfaces/local/lib/python3.10/dist-packages/tutorial_interfaces/tutorial_interfaces_s__rosidl_typesupport_introspection_c.cpython-310-x86_64-linux-gnu.so
[3.775s] -- Up-to-date: /home/simon/Documents/ARO/ros2_ws/install/tutorial_interfaces/local/lib/python3.10/dist-packages/tutorial_interfaces/action
[3.775s] -- Up-to-date: /home/simon/Documents/ARO/ros2_ws/install/tutorial_interfaces/local/lib/python3.10/dist-packages/tutorial_interfaces/action/_circle.py
[3.775s] -- Up-to-date: /home/simon/Documents/ARO/ros2_ws/install/tutorial_interfaces/local/lib/python3.10/dist-packages/tutorial_interfaces/action/__init__.py
[3.775s] -- Up-to-date: /home/simon/Documents/ARO/ros2_ws/install/tutorial_interfaces/local/lib/python3.10/dist-packages/tutorial_interfaces/action/_circle_s.c
[3.775s] -- Up-to-date: /home/simon/Documents/ARO/ros2_ws/install/tutorial_interfaces/local/lib/python3.10/dist-packages/tutorial_interfaces/action/_compute_sum_s.c
[3.776s] -- Up-to-date: /home/simon/Documents/ARO/ros2_ws/install/tutorial_interfaces/local/lib/python3.10/dist-packages/tutorial_interfaces/action/_compute_sum.py
[3.776s] -- Up-to-date: /home/simon/Documents/ARO/ros2_ws/install/tutorial_interfaces/local/lib/python3.10/dist-packages/tutorial_interfaces/srv
[3.776s] -- Up-to-date: /home/simon/Documents/ARO/ros2_ws/install/tutorial_interfaces/local/lib/python3.10/dist-packages/tutorial_interfaces/srv/_add_three_ints.py
[3.776s] -- Up-to-date: /home/simon/Documents/ARO/ros2_ws/install/tutorial_interfaces/local/lib/python3.10/dist-packages/tutorial_interfaces/srv/_circle.py
[3.776s] -- Up-to-date: /home/simon/Documents/ARO/ros2_ws/install/tutorial_interfaces/local/lib/python3.10/dist-packages/tutorial_interfaces/srv/__init__.py
[3.776s] -- Up-to-date: /home/simon/Documents/ARO/ros2_ws/install/tutorial_interfaces/local/lib/python3.10/dist-packages/tutorial_interfaces/srv/_circle_s.c
[3.776s] -- Up-to-date: /home/simon/Documents/ARO/ros2_ws/install/tutorial_interfaces/local/lib/python3.10/dist-packages/tutorial_interfaces/srv/_add_three_ints_s.c
[3.777s] -- Up-to-date: /home/simon/Documents/ARO/ros2_ws/install/tutorial_interfaces/local/lib/python3.10/dist-packages/tutorial_interfaces/__init__.py
[3.777s] -- Up-to-date: /home/simon/Documents/ARO/ros2_ws/install/tutorial_interfaces/local/lib/python3.10/dist-packages/tutorial_interfaces/tutorial_interfaces_s__rosidl_typesupport_c.cpython-310-x86_64-linux-gnu.so
[3.777s] -- Up-to-date: /home/simon/Documents/ARO/ros2_ws/install/tutorial_interfaces/local/lib/python3.10/dist-packages/tutorial_interfaces/_tutorial_interfaces_s.ep.rosidl_typesupport_introspection_c.c
[3.777s] -- Up-to-date: /home/simon/Documents/ARO/ros2_ws/install/tutorial_interfaces/local/lib/python3.10/dist-packages/tutorial_interfaces/msg
[3.777s] -- Up-to-date: /home/simon/Documents/ARO/ros2_ws/install/tutorial_interfaces/local/lib/python3.10/dist-packages/tutorial_interfaces/msg/_num_s.c
[3.777s] -- Up-to-date: /home/simon/Documents/ARO/ros2_ws/install/tutorial_interfaces/local/lib/python3.10/dist-packages/tutorial_interfaces/msg/_sphere.py
[3.777s] -- Up-to-date: /home/simon/Documents/ARO/ros2_ws/install/tutorial_interfaces/local/lib/python3.10/dist-packages/tutorial_interfaces/msg/__init__.py
[3.778s] -- Up-to-date: /home/simon/Documents/ARO/ros2_ws/install/tutorial_interfaces/local/lib/python3.10/dist-packages/tutorial_interfaces/msg/_num.py
[3.778s] -- Up-to-date: /home/simon/Documents/ARO/ros2_ws/install/tutorial_interfaces/local/lib/python3.10/dist-packages/tutorial_interfaces/msg/_sphere_s.c
[3.778s] -- Up-to-date: /home/simon/Documents/ARO/ros2_ws/install/tutorial_interfaces/local/lib/python3.10/dist-packages/tutorial_interfaces/_tutorial_interfaces_s.ep.rosidl_typesupport_c.c
[3.778s] -- Up-to-date: /home/simon/Documents/ARO/ros2_ws/install/tutorial_interfaces/local/lib/python3.10/dist-packages/tutorial_interfaces/tutorial_interfaces_s__rosidl_typesupport_fastrtps_c.cpython-310-x86_64-linux-gnu.so
[3.778s] -- Up-to-date: /home/simon/Documents/ARO/ros2_ws/install/tutorial_interfaces/local/lib/python3.10/dist-packages/tutorial_interfaces/_tutorial_interfaces_s.ep.rosidl_typesupport_fastrtps_c.c
[3.778s] -- Up-to-date: /home/simon/Documents/ARO/ros2_ws/install/tutorial_interfaces/local/lib/python3.10/dist-packages/tutorial_interfaces/libtutorial_interfaces__rosidl_generator_py.so
[3.835s] Listing '/home/simon/Documents/ARO/ros2_ws/install/tutorial_interfaces/local/lib/python3.10/dist-packages/tutorial_interfaces'...
[3.835s] Listing '/home/simon/Documents/ARO/ros2_ws/install/tutorial_interfaces/local/lib/python3.10/dist-packages/tutorial_interfaces/action'...
[3.835s] Listing '/home/simon/Documents/ARO/ros2_ws/install/tutorial_interfaces/local/lib/python3.10/dist-packages/tutorial_interfaces/msg'...
[3.836s] Listing '/home/simon/Documents/ARO/ros2_ws/install/tutorial_interfaces/local/lib/python3.10/dist-packages/tutorial_interfaces/srv'...
[3.844s] -- Up-to-date: /home/simon/Documents/ARO/ros2_ws/install/tutorial_interfaces/local/lib/python3.10/dist-packages/tutorial_interfaces/tutorial_interfaces_s__rosidl_typesupport_fastrtps_c.cpython-310-x86_64-linux-gnu.so
[3.845s] -- Up-to-date: /home/simon/Documents/ARO/ros2_ws/install/tutorial_interfaces/local/lib/python3.10/dist-packages/tutorial_interfaces/tutorial_interfaces_s__rosidl_typesupport_introspection_c.cpython-310-x86_64-linux-gnu.so
[3.845s] -- Up-to-date: /home/simon/Documents/ARO/ros2_ws/install/tutorial_interfaces/local/lib/python3.10/dist-packages/tutorial_interfaces/tutorial_interfaces_s__rosidl_typesupport_c.cpython-310-x86_64-linux-gnu.so
[3.848s] -- Up-to-date: /home/simon/Documents/ARO/ros2_ws/install/tutorial_interfaces/lib/libtutorial_interfaces__rosidl_generator_py.so
[3.849s] -- Up-to-date: /home/simon/Documents/ARO/ros2_ws/install/tutorial_interfaces/share/tutorial_interfaces/msg/Num.idl
[3.849s] -- Up-to-date: /home/simon/Documents/ARO/ros2_ws/install/tutorial_interfaces/share/tutorial_interfaces/msg/Sphere.idl
[3.849s] -- Up-to-date: /home/simon/Documents/ARO/ros2_ws/install/tutorial_interfaces/share/tutorial_interfaces/srv/AddThreeInts.idl
[3.850s] -- Up-to-date: /home/simon/Documents/ARO/ros2_ws/install/tutorial_interfaces/share/tutorial_interfaces/action/ComputeSum.idl
[3.850s] -- Up-to-date: /home/simon/Documents/ARO/ros2_ws/install/tutorial_interfaces/share/tutorial_interfaces/action/Circle.idl
[3.850s] -- Up-to-date: /home/simon/Documents/ARO/ros2_ws/install/tutorial_interfaces/share/tutorial_interfaces/srv/Circle.idl
[3.850s] -- Up-to-date: /home/simon/Documents/ARO/ros2_ws/install/tutorial_interfaces/share/tutorial_interfaces/msg/Num.msg
[3.851s] -- Up-to-date: /home/simon/Documents/ARO/ros2_ws/install/tutorial_interfaces/share/tutorial_interfaces/msg/Sphere.msg
[3.851s] -- Up-to-date: /home/simon/Documents/ARO/ros2_ws/install/tutorial_interfaces/share/tutorial_interfaces/srv/AddThreeInts.srv
[3.851s] -- Up-to-date: /home/simon/Documents/ARO/ros2_ws/install/tutorial_interfaces/share/tutorial_interfaces/srv/AddThreeInts_Request.msg
[3.851s] -- Up-to-date: /home/simon/Documents/ARO/ros2_ws/install/tutorial_interfaces/share/tutorial_interfaces/srv/AddThreeInts_Response.msg
[3.851s] -- Up-to-date: /home/simon/Documents/ARO/ros2_ws/install/tutorial_interfaces/share/tutorial_interfaces/action/ComputeSum.action
[3.852s] -- Up-to-date: /home/simon/Documents/ARO/ros2_ws/install/tutorial_interfaces/share/tutorial_interfaces/action/Circle.action
[3.852s] -- Up-to-date: /home/simon/Documents/ARO/ros2_ws/install/tutorial_interfaces/share/tutorial_interfaces/srv/Circle.srv
[3.852s] -- Up-to-date: /home/simon/Documents/ARO/ros2_ws/install/tutorial_interfaces/share/tutorial_interfaces/srv/Circle_Request.msg
[3.852s] -- Up-to-date: /home/simon/Documents/ARO/ros2_ws/install/tutorial_interfaces/share/tutorial_interfaces/srv/Circle_Response.msg
[3.853s] -- Up-to-date: /home/simon/Documents/ARO/ros2_ws/install/tutorial_interfaces/share/ament_index/resource_index/package_run_dependencies/tutorial_interfaces
[3.853s] -- Up-to-date: /home/simon/Documents/ARO/ros2_ws/install/tutorial_interfaces/share/ament_index/resource_index/parent_prefix_path/tutorial_interfaces
[3.854s] -- Up-to-date: /home/simon/Documents/ARO/ros2_ws/install/tutorial_interfaces/share/tutorial_interfaces/environment/ament_prefix_path.sh
[3.854s] -- Up-to-date: /home/simon/Documents/ARO/ros2_ws/install/tutorial_interfaces/share/tutorial_interfaces/environment/ament_prefix_path.dsv
[3.854s] -- Up-to-date: /home/simon/Documents/ARO/ros2_ws/install/tutorial_interfaces/share/tutorial_interfaces/environment/path.sh
[3.854s] -- Up-to-date: /home/simon/Documents/ARO/ros2_ws/install/tutorial_interfaces/share/tutorial_interfaces/environment/path.dsv
[3.855s] -- Up-to-date: /home/simon/Documents/ARO/ros2_ws/install/tutorial_interfaces/share/tutorial_interfaces/local_setup.bash
[3.855s] -- Up-to-date: /home/simon/Documents/ARO/ros2_ws/install/tutorial_interfaces/share/tutorial_interfaces/local_setup.sh
[3.855s] -- Up-to-date: /home/simon/Documents/ARO/ros2_ws/install/tutorial_interfaces/share/tutorial_interfaces/local_setup.zsh
[3.855s] -- Up-to-date: /home/simon/Documents/ARO/ros2_ws/install/tutorial_interfaces/share/tutorial_interfaces/local_setup.dsv
[3.855s] -- Installing: /home/simon/Documents/ARO/ros2_ws/install/tutorial_interfaces/share/tutorial_interfaces/package.dsv
[3.855s] -- Up-to-date: /home/simon/Documents/ARO/ros2_ws/install/tutorial_interfaces/share/ament_index/resource_index/packages/tutorial_interfaces
[3.855s] -- Up-to-date: /home/simon/Documents/ARO/ros2_ws/install/tutorial_interfaces/share/tutorial_interfaces/cmake/export_tutorial_interfaces__rosidl_generator_cExport.cmake
[3.856s] -- Up-to-date: /home/simon/Documents/ARO/ros2_ws/install/tutorial_interfaces/share/tutorial_interfaces/cmake/export_tutorial_interfaces__rosidl_generator_cExport-noconfig.cmake
[3.856s] -- Up-to-date: /home/simon/Documents/ARO/ros2_ws/install/tutorial_interfaces/share/tutorial_interfaces/cmake/export_tutorial_interfaces__rosidl_typesupport_fastrtps_cExport.cmake
[3.856s] -- Up-to-date: /home/simon/Documents/ARO/ros2_ws/install/tutorial_interfaces/share/tutorial_interfaces/cmake/export_tutorial_interfaces__rosidl_typesupport_fastrtps_cExport-noconfig.cmake
[3.856s] -- Up-to-date: /home/simon/Documents/ARO/ros2_ws/install/tutorial_interfaces/share/tutorial_interfaces/cmake/tutorial_interfaces__rosidl_typesupport_introspection_cExport.cmake
[3.856s] -- Up-to-date: /home/simon/Documents/ARO/ros2_ws/install/tutorial_interfaces/share/tutorial_interfaces/cmake/tutorial_interfaces__rosidl_typesupport_introspection_cExport-noconfig.cmake
[3.856s] -- Up-to-date: /home/simon/Documents/ARO/ros2_ws/install/tutorial_interfaces/share/tutorial_interfaces/cmake/tutorial_interfaces__rosidl_typesupport_cExport.cmake
[3.857s] -- Up-to-date: /home/simon/Documents/ARO/ros2_ws/install/tutorial_interfaces/share/tutorial_interfaces/cmake/tutorial_interfaces__rosidl_typesupport_cExport-noconfig.cmake
[3.857s] -- Up-to-date: /home/simon/Documents/ARO/ros2_ws/install/tutorial_interfaces/share/tutorial_interfaces/cmake/export_tutorial_interfaces__rosidl_generator_cppExport.cmake
[3.857s] -- Up-to-date: /home/simon/Documents/ARO/ros2_ws/install/tutorial_interfaces/share/tutorial_interfaces/cmake/export_tutorial_interfaces__rosidl_typesupport_fastrtps_cppExport.cmake
[3.857s] -- Up-to-date: /home/simon/Documents/ARO/ros2_ws/install/tutorial_interfaces/share/tutorial_interfaces/cmake/export_tutorial_interfaces__rosidl_typesupport_fastrtps_cppExport-noconfig.cmake
[3.857s] -- Up-to-date: /home/simon/Documents/ARO/ros2_ws/install/tutorial_interfaces/share/tutorial_interfaces/cmake/tutorial_interfaces__rosidl_typesupport_introspection_cppExport.cmake
[3.857s] -- Up-to-date: /home/simon/Documents/ARO/ros2_ws/install/tutorial_interfaces/share/tutorial_interfaces/cmake/tutorial_interfaces__rosidl_typesupport_introspection_cppExport-noconfig.cmake
[3.857s] -- Up-to-date: /home/simon/Documents/ARO/ros2_ws/install/tutorial_interfaces/share/tutorial_interfaces/cmake/tutorial_interfaces__rosidl_typesupport_cppExport.cmake
[3.858s] -- Up-to-date: /home/simon/Documents/ARO/ros2_ws/install/tutorial_interfaces/share/tutorial_interfaces/cmake/tutorial_interfaces__rosidl_typesupport_cppExport-noconfig.cmake
[3.858s] -- Up-to-date: /home/simon/Documents/ARO/ros2_ws/install/tutorial_interfaces/share/tutorial_interfaces/cmake/export_tutorial_interfaces__rosidl_generator_pyExport.cmake
[3.858s] -- Up-to-date: /home/simon/Documents/ARO/ros2_ws/install/tutorial_interfaces/share/tutorial_interfaces/cmake/export_tutorial_interfaces__rosidl_generator_pyExport-noconfig.cmake
[3.858s] -- Up-to-date: /home/simon/Documents/ARO/ros2_ws/install/tutorial_interfaces/share/tutorial_interfaces/cmake/rosidl_cmake-extras.cmake
[3.858s] -- Up-to-date: /home/simon/Documents/ARO/ros2_ws/install/tutorial_interfaces/share/tutorial_interfaces/cmake/ament_cmake_export_dependencies-extras.cmake
[3.858s] -- Up-to-date: /home/simon/Documents/ARO/ros2_ws/install/tutorial_interfaces/share/tutorial_interfaces/cmake/ament_cmake_export_include_directories-extras.cmake
[3.858s] -- Up-to-date: /home/simon/Documents/ARO/ros2_ws/install/tutorial_interfaces/share/tutorial_interfaces/cmake/ament_cmake_export_libraries-extras.cmake
[3.858s] -- Up-to-date: /home/simon/Documents/ARO/ros2_ws/install/tutorial_interfaces/share/tutorial_interfaces/cmake/ament_cmake_export_targets-extras.cmake
[3.859s] -- Up-to-date: /home/simon/Documents/ARO/ros2_ws/install/tutorial_interfaces/share/tutorial_interfaces/cmake/rosidl_cmake_export_typesupport_targets-extras.cmake
[3.859s] -- Up-to-date: /home/simon/Documents/ARO/ros2_ws/install/tutorial_interfaces/share/tutorial_interfaces/cmake/rosidl_cmake_export_typesupport_libraries-extras.cmake
[3.859s] -- Up-to-date: /home/simon/Documents/ARO/ros2_ws/install/tutorial_interfaces/share/tutorial_interfaces/cmake/tutorial_interfacesConfig.cmake
[3.859s] -- Up-to-date: /home/simon/Documents/ARO/ros2_ws/install/tutorial_interfaces/share/tutorial_interfaces/cmake/tutorial_interfacesConfig-version.cmake
[3.859s] -- Up-to-date: /home/simon/Documents/ARO/ros2_ws/install/tutorial_interfaces/share/tutorial_interfaces/package.xml
[3.862s] Invoked command in '/home/simon/Documents/ARO/ros2_ws/build/tutorial_interfaces' returned '0': CMAKE_PREFIX_PATH=${CMAKE_PREFIX_PATH}:/home/simon/Documents/ARO/ros2_ws/install/mi_paquete_python:/home/simon/Documents/ARO/ros2_ws/install/launch_testing_examples:/home/simon/Documents/ARO/ros2_ws/install/examples_rclpy_minimal_subscriber:/home/simon/Documents/ARO/ros2_ws/install/examples_rclpy_minimal_service:/home/simon/Documents/ARO/ros2_ws/install/examples_rclpy_minimal_publisher:/home/simon/Documents/ARO/ros2_ws/install/examples_rclpy_minimal_client:/home/simon/Documents/ARO/ros2_ws/install/examples_rclpy_minimal_action_server:/home/simon/Documents/ARO/ros2_ws/install/examples_rclpy_minimal_action_client:/home/simon/Documents/ARO/ros2_ws/src/install/mi_paquete_python:/home/simon/Documents/ARO/ros2_ws/src/install/launch_testing_examples:/home/simon/Documents/ARO/ros2_ws/src/install/examples_rclpy_minimal_subscriber:/home/simon/Documents/ARO/ros2_ws/src/install/examples_rclpy_minimal_service:/home/simon/Documents/ARO/ros2_ws/src/install/examples_rclpy_minimal_publisher:/home/simon/Documents/ARO/ros2_ws/src/install/examples_rclpy_minimal_client:/home/simon/Documents/ARO/ros2_ws/src/install/examples_rclpy_minimal_action_server:/home/simon/Documents/ARO/ros2_ws/src/install/examples_rclpy_minimal_action_client:/home/simon/Documents/ARO/turtlebot3_ws/install/turtlebot3_teleop:/home/simon/Documents/ARO/turtlebot3_ws/install/turtlebot3_example:/opt/ros/humble /usr/bin/cmake --install /home/simon/Documents/ARO/ros2_ws/build/tutorial_interfaces
