[1.120s] Invoking command in '/home/simon/Documents/ARO/ros2_ws/build/tutorial_interfaces': CMAKE_PREFIX_PATH=${CMAKE_PREFIX_PATH}:/home/simon/Documents/ARO/ros2_ws/install/project:/home/simon/Documents/ARO/ros2_ws/install/mi_paquete_python:/home/simon/Documents/ARO/ros2_ws/install/trabajo:/home/simon/Documents/ARO/ros2_ws/install/minimal_launch:/home/simon/Documents/ARO/ros2_ws/install/launch_testing_examples:/home/simon/Documents/ARO/ros2_ws/install/examples_rclpy_minimal_subscriber:/home/simon/Documents/ARO/ros2_ws/install/examples_rclpy_minimal_service:/home/simon/Documents/ARO/ros2_ws/install/examples_rclpy_minimal_publisher:/home/simon/Documents/ARO/ros2_ws/install/examples_rclpy_minimal_client:/home/simon/Documents/ARO/ros2_ws/install/examples_rclpy_minimal_action_server:/home/simon/Documents/ARO/ros2_ws/install/examples_rclpy_minimal_action_client:/home/simon/Documents/ARO/ros2_ws/src/install/mi_paquete_python:/home/simon/Documents/ARO/ros2_ws/src/install/launch_testing_examples:/home/simon/Documents/ARO/ros2_ws/src/install/examples_rclpy_minimal_subscriber:/home/simon/Documents/ARO/ros2_ws/src/install/examples_rclpy_minimal_service:/home/simon/Documents/ARO/ros2_ws/src/install/examples_rclpy_minimal_publisher:/home/simon/Documents/ARO/ros2_ws/src/install/examples_rclpy_minimal_client:/home/simon/Documents/ARO/ros2_ws/src/install/examples_rclpy_minimal_action_server:/home/simon/Documents/ARO/ros2_ws/src/install/examples_rclpy_minimal_action_client:/home/simon/Documents/ARO/turtlebot3_ws/install/turtlebot3_teleop:/home/simon/Documents/ARO/turtlebot3_ws/install/turtlebot3_example:/opt/ros/humble /usr/bin/cmake /home/simon/Documents/ARO/ros2_ws/src/tutorial_interfaces -DCMAKE_INSTALL_PREFIX=/home/simon/Documents/ARO/ros2_ws/install/tutorial_interfaces
[3.968s] -- The C compiler identification is GNU 11.4.0
[3.969s] -- The CXX compiler identification is GNU 11.4.0
[3.969s] -- Detecting C compiler ABI info
[3.969s] -- Detecting C compiler ABI info - done
[3.969s] -- Check for working C compiler: /usr/bin/cc - skipped
[3.969s] -- Detecting C compile features
[3.969s] -- Detecting C compile features - done
[3.969s] -- Detecting CXX compiler ABI info
[3.969s] -- Detecting CXX compiler ABI info - done
[3.969s] -- Check for working CXX compiler: /usr/bin/c++ - skipped
[3.970s] -- Detecting CXX compile features
[3.970s] -- Detecting CXX compile features - done
[3.970s] -- Found ament_cmake: 1.3.5 (/opt/ros/humble/share/ament_cmake/cmake)
[3.970s] -- Found Python3: /usr/bin/python3.10 (found version "3.10.12") found components: Interpreter 
[3.970s] -- Found ament_lint_auto: 0.12.8 (/opt/ros/humble/share/ament_lint_auto/cmake)
[3.970s] -- Found rosidl_default_generators: 1.2.0 (/opt/ros/humble/share/rosidl_default_generators/cmake)
[3.970s] -- Using all available rosidl_typesupport_c: rosidl_typesupport_fastrtps_c;rosidl_typesupport_introspection_c
[3.970s] -- Found rosidl_adapter: 3.1.5 (/opt/ros/humble/share/rosidl_adapter/cmake)
[3.970s] -- Using all available rosidl_typesupport_cpp: rosidl_typesupport_fastrtps_cpp;rosidl_typesupport_introspection_cpp
[3.970s] -- Found geometry_msgs: 4.2.3 (/opt/ros/humble/share/geometry_msgs/cmake)
[3.971s] -- Found ament_cmake_ros: 0.10.0 (/opt/ros/humble/share/ament_cmake_ros/cmake)
[3.971s] -- Using all available rosidl_typesupport_c: rosidl_typesupport_fastrtps_c;rosidl_typesupport_introspection_c
[3.971s] -- Using all available rosidl_typesupport_cpp: rosidl_typesupport_fastrtps_cpp;rosidl_typesupport_introspection_cpp
[3.972s] -- Found PythonInterp: /usr/bin/python3 (found suitable version "3.10.12", minimum required is "3.6") 
[3.972s] -- Found python_cmake_module: 0.10.0 (/opt/ros/humble/share/python_cmake_module/cmake)
[3.972s] -- Found PythonLibs: /usr/lib/x86_64-linux-gnu/libpython3.10.so (found suitable version "3.10.12", minimum required is "3.5") 
[3.972s] -- Using PYTHON_EXECUTABLE: /usr/bin/python3
[3.973s] -- Using PYTHON_INCLUDE_DIRS: /usr/include/python3.10
[3.973s] -- Using PYTHON_LIBRARIES: /usr/lib/x86_64-linux-gnu/libpython3.10.so
[3.973s] -- Found PythonExtra: .so  
[3.973s] -- Added test 'lint_cmake' to check CMake code style
[3.973s] -- Added test 'xmllint' to check XML markup files
[3.973s] -- Configuring done
[3.973s] -- Generating done
[3.973s] -- Build files have been written to: /home/simon/Documents/ARO/ros2_ws/build/tutorial_interfaces
[3.978s] Invoked command in '/home/simon/Documents/ARO/ros2_ws/build/tutorial_interfaces' returned '0': CMAKE_PREFIX_PATH=${CMAKE_PREFIX_PATH}:/home/simon/Documents/ARO/ros2_ws/install/project:/home/simon/Documents/ARO/ros2_ws/install/mi_paquete_python:/home/simon/Documents/ARO/ros2_ws/install/trabajo:/home/simon/Documents/ARO/ros2_ws/install/minimal_launch:/home/simon/Documents/ARO/ros2_ws/install/launch_testing_examples:/home/simon/Documents/ARO/ros2_ws/install/examples_rclpy_minimal_subscriber:/home/simon/Documents/ARO/ros2_ws/install/examples_rclpy_minimal_service:/home/simon/Documents/ARO/ros2_ws/install/examples_rclpy_minimal_publisher:/home/simon/Documents/ARO/ros2_ws/install/examples_rclpy_minimal_client:/home/simon/Documents/ARO/ros2_ws/install/examples_rclpy_minimal_action_server:/home/simon/Documents/ARO/ros2_ws/install/examples_rclpy_minimal_action_client:/home/simon/Documents/ARO/ros2_ws/src/install/mi_paquete_python:/home/simon/Documents/ARO/ros2_ws/src/install/launch_testing_examples:/home/simon/Documents/ARO/ros2_ws/src/install/examples_rclpy_minimal_subscriber:/home/simon/Documents/ARO/ros2_ws/src/install/examples_rclpy_minimal_service:/home/simon/Documents/ARO/ros2_ws/src/install/examples_rclpy_minimal_publisher:/home/simon/Documents/ARO/ros2_ws/src/install/examples_rclpy_minimal_client:/home/simon/Documents/ARO/ros2_ws/src/install/examples_rclpy_minimal_action_server:/home/simon/Documents/ARO/ros2_ws/src/install/examples_rclpy_minimal_action_client:/home/simon/Documents/ARO/turtlebot3_ws/install/turtlebot3_teleop:/home/simon/Documents/ARO/turtlebot3_ws/install/turtlebot3_example:/opt/ros/humble /usr/bin/cmake /home/simon/Documents/ARO/ros2_ws/src/tutorial_interfaces -DCMAKE_INSTALL_PREFIX=/home/simon/Documents/ARO/ros2_ws/install/tutorial_interfaces
[3.979s] Invoking command in '/home/simon/Documents/ARO/ros2_ws/build/tutorial_interfaces': CMAKE_PREFIX_PATH=${CMAKE_PREFIX_PATH}:/home/simon/Documents/ARO/ros2_ws/install/project:/home/simon/Documents/ARO/ros2_ws/install/mi_paquete_python:/home/simon/Documents/ARO/ros2_ws/install/trabajo:/home/simon/Documents/ARO/ros2_ws/install/minimal_launch:/home/simon/Documents/ARO/ros2_ws/install/launch_testing_examples:/home/simon/Documents/ARO/ros2_ws/install/examples_rclpy_minimal_subscriber:/home/simon/Documents/ARO/ros2_ws/install/examples_rclpy_minimal_service:/home/simon/Documents/ARO/ros2_ws/install/examples_rclpy_minimal_publisher:/home/simon/Documents/ARO/ros2_ws/install/examples_rclpy_minimal_client:/home/simon/Documents/ARO/ros2_ws/install/examples_rclpy_minimal_action_server:/home/simon/Documents/ARO/ros2_ws/install/examples_rclpy_minimal_action_client:/home/simon/Documents/ARO/ros2_ws/src/install/mi_paquete_python:/home/simon/Documents/ARO/ros2_ws/src/install/launch_testing_examples:/home/simon/Documents/ARO/ros2_ws/src/install/examples_rclpy_minimal_subscriber:/home/simon/Documents/ARO/ros2_ws/src/install/examples_rclpy_minimal_service:/home/simon/Documents/ARO/ros2_ws/src/install/examples_rclpy_minimal_publisher:/home/simon/Documents/ARO/ros2_ws/src/install/examples_rclpy_minimal_client:/home/simon/Documents/ARO/ros2_ws/src/install/examples_rclpy_minimal_action_server:/home/simon/Documents/ARO/ros2_ws/src/install/examples_rclpy_minimal_action_client:/home/simon/Documents/ARO/turtlebot3_ws/install/turtlebot3_teleop:/home/simon/Documents/ARO/turtlebot3_ws/install/turtlebot3_example:/opt/ros/humble /usr/bin/cmake --build /home/simon/Documents/ARO/ros2_ws/build/tutorial_interfaces -- -j16 -l16
[4.475s] [  1%] [34m[1mGenerating C code for ROS interfaces[0m
[4.475s] [  2%] [34m[1mGenerating C++ code for ROS interfaces[0m
[4.476s] [  2%] Built target ament_cmake_python_copy_tutorial_interfaces
[4.476s] running egg_info
[4.476s] creating tutorial_interfaces.egg-info
[4.476s] writing tutorial_interfaces.egg-info/PKG-INFO
[4.477s] writing dependency_links to tutorial_interfaces.egg-info/dependency_links.txt
[4.477s] writing top-level names to tutorial_interfaces.egg-info/top_level.txt
[4.477s] writing manifest file 'tutorial_interfaces.egg-info/SOURCES.txt'
[4.477s] reading manifest file 'tutorial_interfaces.egg-info/SOURCES.txt'
[4.477s] writing manifest file 'tutorial_interfaces.egg-info/SOURCES.txt'
[4.488s] [  2%] Built target ament_cmake_python_build_tutorial_interfaces_egg
[6.174s] [  2%] Built target tutorial_interfaces__cpp
[6.195s] [  4%] [34m[1mGenerating C++ introspection for ROS interfaces[0m
[6.197s] [  4%] [34m[1mGenerating C++ type support dispatch for ROS interfaces[0m
[6.201s] [  5%] [34m[1mGenerating C++ type support for eProsima Fast-RTPS[0m
[6.297s] [  6%] [32mBuilding C object CMakeFiles/tutorial_interfaces__rosidl_generator_c.dir/rosidl_generator_c/tutorial_interfaces/msg/detail/sphere__functions.c.o[0m
[6.298s] [  8%] [32mBuilding C object CMakeFiles/tutorial_interfaces__rosidl_generator_c.dir/rosidl_generator_c/tutorial_interfaces/msg/detail/num__functions.c.o[0m
[6.298s] [  9%] [32mBuilding C object CMakeFiles/tutorial_interfaces__rosidl_generator_c.dir/rosidl_generator_c/tutorial_interfaces/srv/detail/circle__functions.c.o[0m
[6.301s] [ 11%] [32mBuilding C object CMakeFiles/tutorial_interfaces__rosidl_generator_c.dir/rosidl_generator_c/tutorial_interfaces/action/detail/compute_sum__functions.c.o[0m
[6.301s] [ 11%] [32mBuilding C object CMakeFiles/tutorial_interfaces__rosidl_generator_c.dir/rosidl_generator_c/tutorial_interfaces/srv/detail/add_three_ints__functions.c.o[0m
[6.302s] [ 12%] [32mBuilding C object CMakeFiles/tutorial_interfaces__rosidl_generator_c.dir/rosidl_generator_c/tutorial_interfaces/action/detail/circle__functions.c.o[0m
[6.305s] [ 13%] [32mBuilding C object CMakeFiles/tutorial_interfaces__rosidl_generator_c.dir/rosidl_generator_c/tutorial_interfaces/srv/detail/move_robot__functions.c.o[0m
[6.305s] [ 14%] [32mBuilding C object CMakeFiles/tutorial_interfaces__rosidl_generator_c.dir/rosidl_generator_c/tutorial_interfaces/action/detail/move_robot__functions.c.o[0m
[6.556s] [ 16%] [32m[1mLinking C shared library libtutorial_interfaces__rosidl_generator_c.so[0m
[6.624s] [ 16%] Built target tutorial_interfaces__rosidl_generator_c
[6.643s] [ 18%] [34m[1mGenerating C type support dispatch for ROS interfaces[0m
[6.643s] [ 19%] [34m[1mGenerating C type support for eProsima Fast-RTPS[0m
[6.643s] [ 19%] [34m[1mGenerating C introspection for ROS interfaces[0m
[7.020s] [ 24%] [32mBuilding CXX object CMakeFiles/tutorial_interfaces__rosidl_typesupport_cpp.dir/rosidl_typesupport_cpp/tutorial_interfaces/msg/num__type_support.cpp.o[0m
[7.020s] [ 24%] [32mBuilding CXX object CMakeFiles/tutorial_interfaces__rosidl_typesupport_cpp.dir/rosidl_typesupport_cpp/tutorial_interfaces/srv/add_three_ints__type_support.cpp.o[0m
[7.020s] [ 24%] [32mBuilding CXX object CMakeFiles/tutorial_interfaces__rosidl_typesupport_cpp.dir/rosidl_typesupport_cpp/tutorial_interfaces/action/circle__type_support.cpp.o[0m
[7.020s] [ 24%] [32mBuilding CXX object CMakeFiles/tutorial_interfaces__rosidl_typesupport_cpp.dir/rosidl_typesupport_cpp/tutorial_interfaces/msg/sphere__type_support.cpp.o[0m
[7.020s] [ 25%] [32mBuilding CXX object CMakeFiles/tutorial_interfaces__rosidl_typesupport_cpp.dir/rosidl_typesupport_cpp/tutorial_interfaces/action/move_robot__type_support.cpp.o[0m
[7.021s] [ 27%] [32mBuilding CXX object CMakeFiles/tutorial_interfaces__rosidl_typesupport_cpp.dir/rosidl_typesupport_cpp/tutorial_interfaces/srv/circle__type_support.cpp.o[0m
[7.022s] [ 27%] [32mBuilding CXX object CMakeFiles/tutorial_interfaces__rosidl_typesupport_cpp.dir/rosidl_typesupport_cpp/tutorial_interfaces/action/compute_sum__type_support.cpp.o[0m
[7.024s] [ 28%] [32mBuilding CXX object CMakeFiles/tutorial_interfaces__rosidl_typesupport_cpp.dir/rosidl_typesupport_cpp/tutorial_interfaces/srv/move_robot__type_support.cpp.o[0m
[7.691s] [ 29%] [32mBuilding CXX object CMakeFiles/tutorial_interfaces__rosidl_typesupport_introspection_cpp.dir/rosidl_typesupport_introspection_cpp/tutorial_interfaces/action/detail/compute_sum__type_support.cpp.o[0m
[7.713s] [ 31%] [32mBuilding CXX object CMakeFiles/tutorial_interfaces__rosidl_typesupport_introspection_cpp.dir/rosidl_typesupport_introspection_cpp/tutorial_interfaces/msg/detail/num__type_support.cpp.o[0m
[7.729s] [ 32%] [32mBuilding CXX object CMakeFiles/tutorial_interfaces__rosidl_typesupport_introspection_cpp.dir/rosidl_typesupport_introspection_cpp/tutorial_interfaces/msg/detail/sphere__type_support.cpp.o[0m
[7.731s] [ 33%] [32mBuilding CXX object CMakeFiles/tutorial_interfaces__rosidl_typesupport_introspection_cpp.dir/rosidl_typesupport_introspection_cpp/tutorial_interfaces/action/detail/circle__type_support.cpp.o[0m
[7.734s] [ 34%] [32mBuilding CXX object CMakeFiles/tutorial_interfaces__rosidl_typesupport_introspection_cpp.dir/rosidl_typesupport_introspection_cpp/tutorial_interfaces/srv/detail/add_three_ints__type_support.cpp.o[0m
[7.741s] [ 35%] [32mBuilding CXX object CMakeFiles/tutorial_interfaces__rosidl_typesupport_introspection_cpp.dir/rosidl_typesupport_introspection_cpp/tutorial_interfaces/srv/detail/circle__type_support.cpp.o[0m
[7.780s] [ 36%] [32mBuilding CXX object CMakeFiles/tutorial_interfaces__rosidl_typesupport_introspection_cpp.dir/rosidl_typesupport_introspection_cpp/tutorial_interfaces/action/detail/move_robot__type_support.cpp.o[0m
[7.892s] [ 37%] [32mBuilding CXX object CMakeFiles/tutorial_interfaces__rosidl_typesupport_introspection_cpp.dir/rosidl_typesupport_introspection_cpp/tutorial_interfaces/srv/detail/move_robot__type_support.cpp.o[0m
[8.001s] [ 39%] [32mBuilding CXX object CMakeFiles/tutorial_interfaces__rosidl_typesupport_c.dir/rosidl_typesupport_c/tutorial_interfaces/msg/num__type_support.cpp.o[0m
[8.054s] [ 40%] [32mBuilding CXX object CMakeFiles/tutorial_interfaces__rosidl_typesupport_c.dir/rosidl_typesupport_c/tutorial_interfaces/msg/sphere__type_support.cpp.o[0m
[8.096s] [ 41%] [32mBuilding CXX object CMakeFiles/tutorial_interfaces__rosidl_typesupport_c.dir/rosidl_typesupport_c/tutorial_interfaces/srv/add_three_ints__type_support.cpp.o[0m
[8.147s] [ 42%] [32mBuilding CXX object CMakeFiles/tutorial_interfaces__rosidl_typesupport_c.dir/rosidl_typesupport_c/tutorial_interfaces/action/compute_sum__type_support.cpp.o[0m
[8.157s] [ 43%] [32mBuilding CXX object CMakeFiles/tutorial_interfaces__rosidl_typesupport_c.dir/rosidl_typesupport_c/tutorial_interfaces/action/circle__type_support.cpp.o[0m
[8.215s] [ 44%] [32m[1mLinking CXX shared library libtutorial_interfaces__rosidl_typesupport_cpp.so[0m
[8.296s] [ 45%] [32mBuilding CXX object CMakeFiles/tutorial_interfaces__rosidl_typesupport_c.dir/rosidl_typesupport_c/tutorial_interfaces/action/move_robot__type_support.cpp.o[0m
[8.300s] [ 47%] [32mBuilding CXX object CMakeFiles/tutorial_interfaces__rosidl_typesupport_c.dir/rosidl_typesupport_c/tutorial_interfaces/srv/circle__type_support.cpp.o[0m
[8.454s] [ 48%] [32mBuilding CXX object CMakeFiles/tutorial_interfaces__rosidl_typesupport_c.dir/rosidl_typesupport_c/tutorial_interfaces/srv/move_robot__type_support.cpp.o[0m
[8.479s] [ 49%] [32mBuilding CXX object CMakeFiles/tutorial_interfaces__rosidl_typesupport_fastrtps_cpp.dir/rosidl_typesupport_fastrtps_cpp/tutorial_interfaces/msg/detail/dds_fastrtps/num__type_support.cpp.o[0m
[8.481s] [ 49%] Built target tutorial_interfaces__rosidl_typesupport_cpp
[8.486s] [ 50%] [32mBuilding CXX object CMakeFiles/tutorial_interfaces__rosidl_typesupport_fastrtps_cpp.dir/rosidl_typesupport_fastrtps_cpp/tutorial_interfaces/msg/detail/dds_fastrtps/sphere__type_support.cpp.o[0m
[8.528s] [ 51%] [32mBuilding CXX object CMakeFiles/tutorial_interfaces__rosidl_typesupport_fastrtps_cpp.dir/rosidl_typesupport_fastrtps_cpp/tutorial_interfaces/srv/detail/dds_fastrtps/add_three_ints__type_support.cpp.o[0m
[8.539s] [ 52%] [32mBuilding CXX object CMakeFiles/tutorial_interfaces__rosidl_typesupport_fastrtps_cpp.dir/rosidl_typesupport_fastrtps_cpp/tutorial_interfaces/action/detail/dds_fastrtps/compute_sum__type_support.cpp.o[0m
[8.597s] [ 54%] [32mBuilding CXX object CMakeFiles/tutorial_interfaces__rosidl_typesupport_fastrtps_cpp.dir/rosidl_typesupport_fastrtps_cpp/tutorial_interfaces/action/detail/dds_fastrtps/circle__type_support.cpp.o[0m
[8.645s] [ 55%] [32m[1mLinking CXX shared library libtutorial_interfaces__rosidl_typesupport_c.so[0m
[8.769s] [ 56%] [32mBuilding CXX object CMakeFiles/tutorial_interfaces__rosidl_typesupport_fastrtps_cpp.dir/rosidl_typesupport_fastrtps_cpp/tutorial_interfaces/srv/detail/dds_fastrtps/circle__type_support.cpp.o[0m
[8.816s] [ 57%] [32mBuilding CXX object CMakeFiles/tutorial_interfaces__rosidl_typesupport_fastrtps_cpp.dir/rosidl_typesupport_fastrtps_cpp/tutorial_interfaces/action/detail/dds_fastrtps/move_robot__type_support.cpp.o[0m
[8.848s] [ 58%] [32mBuilding CXX object CMakeFiles/tutorial_interfaces__rosidl_typesupport_fastrtps_cpp.dir/rosidl_typesupport_fastrtps_cpp/tutorial_interfaces/srv/detail/dds_fastrtps/move_robot__type_support.cpp.o[0m
[8.905s] [ 58%] Built target tutorial_interfaces__rosidl_typesupport_c
[9.244s] [ 59%] [32mBuilding CXX object CMakeFiles/tutorial_interfaces__rosidl_typesupport_fastrtps_c.dir/rosidl_typesupport_fastrtps_c/tutorial_interfaces/msg/detail/num__type_support_c.cpp.o[0m
[9.265s] [ 60%] [32mBuilding CXX object CMakeFiles/tutorial_interfaces__rosidl_typesupport_fastrtps_c.dir/rosidl_typesupport_fastrtps_c/tutorial_interfaces/srv/detail/add_three_ints__type_support_c.cpp.o[0m
[9.271s] [ 62%] [32mBuilding CXX object CMakeFiles/tutorial_interfaces__rosidl_typesupport_fastrtps_c.dir/rosidl_typesupport_fastrtps_c/tutorial_interfaces/msg/detail/sphere__type_support_c.cpp.o[0m
[9.294s] [ 63%] [32mBuilding C object CMakeFiles/tutorial_interfaces__rosidl_typesupport_introspection_c.dir/rosidl_typesupport_introspection_c/tutorial_interfaces/msg/detail/num__type_support.c.o[0m
[9.303s] [ 64%] [32mBuilding CXX object CMakeFiles/tutorial_interfaces__rosidl_typesupport_fastrtps_c.dir/rosidl_typesupport_fastrtps_c/tutorial_interfaces/action/detail/compute_sum__type_support_c.cpp.o[0m
[9.320s] [ 65%] [32mBuilding C object CMakeFiles/tutorial_interfaces__rosidl_typesupport_introspection_c.dir/rosidl_typesupport_introspection_c/tutorial_interfaces/msg/detail/sphere__type_support.c.o[0m
[9.435s] [ 66%] [32mBuilding C object CMakeFiles/tutorial_interfaces__rosidl_typesupport_introspection_c.dir/rosidl_typesupport_introspection_c/tutorial_interfaces/srv/detail/add_three_ints__type_support.c.o[0m
[9.447s] [ 67%] [32mBuilding CXX object CMakeFiles/tutorial_interfaces__rosidl_typesupport_fastrtps_c.dir/rosidl_typesupport_fastrtps_c/tutorial_interfaces/action/detail/circle__type_support_c.cpp.o[0m
[9.489s] [ 68%] [32mBuilding C object CMakeFiles/tutorial_interfaces__rosidl_typesupport_introspection_c.dir/rosidl_typesupport_introspection_c/tutorial_interfaces/action/detail/compute_sum__type_support.c.o[0m
[9.489s] [ 70%] [32mBuilding CXX object CMakeFiles/tutorial_interfaces__rosidl_typesupport_fastrtps_c.dir/rosidl_typesupport_fastrtps_c/tutorial_interfaces/srv/detail/circle__type_support_c.cpp.o[0m
[9.499s] [ 71%] [32mBuilding C object CMakeFiles/tutorial_interfaces__rosidl_typesupport_introspection_c.dir/rosidl_typesupport_introspection_c/tutorial_interfaces/action/detail/circle__type_support.c.o[0m
[9.509s] [ 72%] [32mBuilding CXX object CMakeFiles/tutorial_interfaces__rosidl_typesupport_fastrtps_c.dir/rosidl_typesupport_fastrtps_c/tutorial_interfaces/action/detail/move_robot__type_support_c.cpp.o[0m
[9.552s] [ 73%] [32m[1mLinking CXX shared library libtutorial_interfaces__rosidl_typesupport_introspection_cpp.so[0m
[9.610s] [ 74%] [32mBuilding C object CMakeFiles/tutorial_interfaces__rosidl_typesupport_introspection_c.dir/rosidl_typesupport_introspection_c/tutorial_interfaces/srv/detail/circle__type_support.c.o[0m
[9.655s] [ 75%] [32mBuilding C object CMakeFiles/tutorial_interfaces__rosidl_typesupport_introspection_c.dir/rosidl_typesupport_introspection_c/tutorial_interfaces/action/detail/move_robot__type_support.c.o[0m
[9.688s] [ 77%] [32mBuilding C object CMakeFiles/tutorial_interfaces__rosidl_typesupport_introspection_c.dir/rosidl_typesupport_introspection_c/tutorial_interfaces/srv/detail/move_robot__type_support.c.o[0m
[9.781s] [ 78%] [32mBuilding CXX object CMakeFiles/tutorial_interfaces__rosidl_typesupport_fastrtps_c.dir/rosidl_typesupport_fastrtps_c/tutorial_interfaces/srv/detail/move_robot__type_support_c.cpp.o[0m
[9.797s] [ 79%] [32m[1mLinking C shared library libtutorial_interfaces__rosidl_typesupport_introspection_c.so[0m
[9.834s] [ 79%] Built target tutorial_interfaces__rosidl_typesupport_introspection_cpp
[9.882s] [ 79%] Built target tutorial_interfaces__rosidl_typesupport_introspection_c
[10.134s] [ 80%] [32m[1mLinking CXX shared library libtutorial_interfaces__rosidl_typesupport_fastrtps_cpp.so[0m
[10.255s] [ 80%] Built target tutorial_interfaces__rosidl_typesupport_fastrtps_cpp
[10.275s] [ 81%] [32m[1mLinking CXX shared library libtutorial_interfaces__rosidl_typesupport_fastrtps_c.so[0m
[10.388s] [ 81%] Built target tutorial_interfaces__rosidl_typesupport_fastrtps_c
[10.416s] [ 81%] Built target tutorial_interfaces
[10.449s] [ 82%] [34m[1mGenerating Python code for ROS interfaces[0m
[12.440s] [ 82%] Built target tutorial_interfaces__py
[12.473s] [ 85%] [32mBuilding C object CMakeFiles/tutorial_interfaces__rosidl_generator_py.dir/rosidl_generator_py/tutorial_interfaces/msg/_sphere_s.c.o[0m
[12.474s] [ 85%] [32mBuilding C object CMakeFiles/tutorial_interfaces__rosidl_generator_py.dir/rosidl_generator_py/tutorial_interfaces/action/_compute_sum_s.c.o[0m
[12.474s] [ 86%] [32mBuilding C object CMakeFiles/tutorial_interfaces__rosidl_generator_py.dir/rosidl_generator_py/tutorial_interfaces/srv/_add_three_ints_s.c.o[0m
[12.474s] [ 87%] [32mBuilding C object CMakeFiles/tutorial_interfaces__rosidl_generator_py.dir/rosidl_generator_py/tutorial_interfaces/srv/_move_robot_s.c.o[0m
[12.474s] [ 88%] [32mBuilding C object CMakeFiles/tutorial_interfaces__rosidl_generator_py.dir/rosidl_generator_py/tutorial_interfaces/msg/_num_s.c.o[0m
[12.476s] [ 90%] [32mBuilding C object CMakeFiles/tutorial_interfaces__rosidl_generator_py.dir/rosidl_generator_py/tutorial_interfaces/srv/_circle_s.c.o[0m
[12.476s] [ 90%] [32mBuilding C object CMakeFiles/tutorial_interfaces__rosidl_generator_py.dir/rosidl_generator_py/tutorial_interfaces/action/_move_robot_s.c.o[0m
[12.478s] [ 91%] [32mBuilding C object CMakeFiles/tutorial_interfaces__rosidl_generator_py.dir/rosidl_generator_py/tutorial_interfaces/action/_circle_s.c.o[0m
[12.698s] [ 93%] [32m[1mLinking C shared library rosidl_generator_py/tutorial_interfaces/libtutorial_interfaces__rosidl_generator_py.so[0m
[12.756s] [ 93%] Built target tutorial_interfaces__rosidl_generator_py
[12.790s] [ 95%] [32mBuilding C object CMakeFiles/tutorial_interfaces__rosidl_typesupport_introspection_c__pyext.dir/rosidl_generator_py/tutorial_interfaces/_tutorial_interfaces_s.ep.rosidl_typesupport_introspection_c.c.o[0m
[12.790s] [ 95%] [32mBuilding C object CMakeFiles/tutorial_interfaces__rosidl_typesupport_fastrtps_c__pyext.dir/rosidl_generator_py/tutorial_interfaces/_tutorial_interfaces_s.ep.rosidl_typesupport_fastrtps_c.c.o[0m
[12.798s] [ 96%] [32mBuilding C object CMakeFiles/tutorial_interfaces__rosidl_typesupport_c__pyext.dir/rosidl_generator_py/tutorial_interfaces/_tutorial_interfaces_s.ep.rosidl_typesupport_c.c.o[0m
[13.073s] [ 97%] [32m[1mLinking C shared library rosidl_generator_py/tutorial_interfaces/tutorial_interfaces_s__rosidl_typesupport_fastrtps_c.cpython-310-x86_64-linux-gnu.so[0m
[13.079s] [ 98%] [32m[1mLinking C shared library rosidl_generator_py/tutorial_interfaces/tutorial_interfaces_s__rosidl_typesupport_c.cpython-310-x86_64-linux-gnu.so[0m
[13.098s] [100%] [32m[1mLinking C shared library rosidl_generator_py/tutorial_interfaces/tutorial_interfaces_s__rosidl_typesupport_introspection_c.cpython-310-x86_64-linux-gnu.so[0m
[13.156s] [100%] Built target tutorial_interfaces__rosidl_typesupport_fastrtps_c__pyext
[13.160s] [100%] Built target tutorial_interfaces__rosidl_typesupport_c__pyext
[13.187s] [100%] Built target tutorial_interfaces__rosidl_typesupport_introspection_c__pyext
[13.215s] Invoked command in '/home/simon/Documents/ARO/ros2_ws/build/tutorial_interfaces' returned '0': CMAKE_PREFIX_PATH=${CMAKE_PREFIX_PATH}:/home/simon/Documents/ARO/ros2_ws/install/project:/home/simon/Documents/ARO/ros2_ws/install/mi_paquete_python:/home/simon/Documents/ARO/ros2_ws/install/trabajo:/home/simon/Documents/ARO/ros2_ws/install/minimal_launch:/home/simon/Documents/ARO/ros2_ws/install/launch_testing_examples:/home/simon/Documents/ARO/ros2_ws/install/examples_rclpy_minimal_subscriber:/home/simon/Documents/ARO/ros2_ws/install/examples_rclpy_minimal_service:/home/simon/Documents/ARO/ros2_ws/install/examples_rclpy_minimal_publisher:/home/simon/Documents/ARO/ros2_ws/install/examples_rclpy_minimal_client:/home/simon/Documents/ARO/ros2_ws/install/examples_rclpy_minimal_action_server:/home/simon/Documents/ARO/ros2_ws/install/examples_rclpy_minimal_action_client:/home/simon/Documents/ARO/ros2_ws/src/install/mi_paquete_python:/home/simon/Documents/ARO/ros2_ws/src/install/launch_testing_examples:/home/simon/Documents/ARO/ros2_ws/src/install/examples_rclpy_minimal_subscriber:/home/simon/Documents/ARO/ros2_ws/src/install/examples_rclpy_minimal_service:/home/simon/Documents/ARO/ros2_ws/src/install/examples_rclpy_minimal_publisher:/home/simon/Documents/ARO/ros2_ws/src/install/examples_rclpy_minimal_client:/home/simon/Documents/ARO/ros2_ws/src/install/examples_rclpy_minimal_action_server:/home/simon/Documents/ARO/ros2_ws/src/install/examples_rclpy_minimal_action_client:/home/simon/Documents/ARO/turtlebot3_ws/install/turtlebot3_teleop:/home/simon/Documents/ARO/turtlebot3_ws/install/turtlebot3_example:/opt/ros/humble /usr/bin/cmake --build /home/simon/Documents/ARO/ros2_ws/build/tutorial_interfaces -- -j16 -l16
[13.673s] Invoking command in '/home/simon/Documents/ARO/ros2_ws/build/tutorial_interfaces': CMAKE_PREFIX_PATH=${CMAKE_PREFIX_PATH}:/home/simon/Documents/ARO/ros2_ws/install/project:/home/simon/Documents/ARO/ros2_ws/install/mi_paquete_python:/home/simon/Documents/ARO/ros2_ws/install/trabajo:/home/simon/Documents/ARO/ros2_ws/install/minimal_launch:/home/simon/Documents/ARO/ros2_ws/install/launch_testing_examples:/home/simon/Documents/ARO/ros2_ws/install/examples_rclpy_minimal_subscriber:/home/simon/Documents/ARO/ros2_ws/install/examples_rclpy_minimal_service:/home/simon/Documents/ARO/ros2_ws/install/examples_rclpy_minimal_publisher:/home/simon/Documents/ARO/ros2_ws/install/examples_rclpy_minimal_client:/home/simon/Documents/ARO/ros2_ws/install/examples_rclpy_minimal_action_server:/home/simon/Documents/ARO/ros2_ws/install/examples_rclpy_minimal_action_client:/home/simon/Documents/ARO/ros2_ws/src/install/mi_paquete_python:/home/simon/Documents/ARO/ros2_ws/src/install/launch_testing_examples:/home/simon/Documents/ARO/ros2_ws/src/install/examples_rclpy_minimal_subscriber:/home/simon/Documents/ARO/ros2_ws/src/install/examples_rclpy_minimal_service:/home/simon/Documents/ARO/ros2_ws/src/install/examples_rclpy_minimal_publisher:/home/simon/Documents/ARO/ros2_ws/src/install/examples_rclpy_minimal_client:/home/simon/Documents/ARO/ros2_ws/src/install/examples_rclpy_minimal_action_server:/home/simon/Documents/ARO/ros2_ws/src/install/examples_rclpy_minimal_action_client:/home/simon/Documents/ARO/turtlebot3_ws/install/turtlebot3_teleop:/home/simon/Documents/ARO/turtlebot3_ws/install/turtlebot3_example:/opt/ros/humble /usr/bin/cmake --install /home/simon/Documents/ARO/ros2_ws/build/tutorial_interfaces
[13.686s] -- Install configuration: ""
[13.686s] -- Installing: /home/simon/Documents/ARO/ros2_ws/install/tutorial_interfaces/share/ament_index/resource_index/rosidl_interfaces/tutorial_interfaces
[13.686s] -- Installing: /home/simon/Documents/ARO/ros2_ws/install/tutorial_interfaces/include/tutorial_interfaces/tutorial_interfaces
[13.687s] -- Installing: /home/simon/Documents/ARO/ros2_ws/install/tutorial_interfaces/include/tutorial_interfaces/tutorial_interfaces/action
[13.687s] -- Installing: /home/simon/Documents/ARO/ros2_ws/install/tutorial_interfaces/include/tutorial_interfaces/tutorial_interfaces/action/circle.h
[13.687s] -- Installing: /home/simon/Documents/ARO/ros2_ws/install/tutorial_interfaces/include/tutorial_interfaces/tutorial_interfaces/action/compute_sum.h
[13.687s] -- Installing: /home/simon/Documents/ARO/ros2_ws/install/tutorial_interfaces/include/tutorial_interfaces/tutorial_interfaces/action/detail
[13.687s] -- Installing: /home/simon/Documents/ARO/ros2_ws/install/tutorial_interfaces/include/tutorial_interfaces/tutorial_interfaces/action/detail/compute_sum__struct.h
[13.687s] -- Installing: /home/simon/Documents/ARO/ros2_ws/install/tutorial_interfaces/include/tutorial_interfaces/tutorial_interfaces/action/detail/move_robot__type_support.h
[13.688s] -- Installing: /home/simon/Documents/ARO/ros2_ws/install/tutorial_interfaces/include/tutorial_interfaces/tutorial_interfaces/action/detail/compute_sum__functions.c
[13.688s] -- Installing: /home/simon/Documents/ARO/ros2_ws/install/tutorial_interfaces/include/tutorial_interfaces/tutorial_interfaces/action/detail/circle__type_support.h
[13.688s] -- Installing: /home/simon/Documents/ARO/ros2_ws/install/tutorial_interfaces/include/tutorial_interfaces/tutorial_interfaces/action/detail/compute_sum__functions.h
[13.689s] -- Installing: /home/simon/Documents/ARO/ros2_ws/install/tutorial_interfaces/include/tutorial_interfaces/tutorial_interfaces/action/detail/circle__functions.h
[13.689s] -- Installing: /home/simon/Documents/ARO/ros2_ws/install/tutorial_interfaces/include/tutorial_interfaces/tutorial_interfaces/action/detail/move_robot__functions.h
[13.689s] -- Installing: /home/simon/Documents/ARO/ros2_ws/install/tutorial_interfaces/include/tutorial_interfaces/tutorial_interfaces/action/detail/compute_sum__type_support.h
[13.689s] -- Installing: /home/simon/Documents/ARO/ros2_ws/install/tutorial_interfaces/include/tutorial_interfaces/tutorial_interfaces/action/detail/move_robot__functions.c
[13.690s] -- Installing: /home/simon/Documents/ARO/ros2_ws/install/tutorial_interfaces/include/tutorial_interfaces/tutorial_interfaces/action/detail/move_robot__struct.h
[13.690s] -- Installing: /home/simon/Documents/ARO/ros2_ws/install/tutorial_interfaces/include/tutorial_interfaces/tutorial_interfaces/action/detail/circle__functions.c
[13.690s] -- Installing: /home/simon/Documents/ARO/ros2_ws/install/tutorial_interfaces/include/tutorial_interfaces/tutorial_interfaces/action/detail/circle__struct.h
[13.690s] -- Installing: /home/simon/Documents/ARO/ros2_ws/install/tutorial_interfaces/include/tutorial_interfaces/tutorial_interfaces/action/move_robot.h
[13.691s] -- Installing: /home/simon/Documents/ARO/ros2_ws/install/tutorial_interfaces/include/tutorial_interfaces/tutorial_interfaces/srv
[13.691s] -- Installing: /home/simon/Documents/ARO/ros2_ws/install/tutorial_interfaces/include/tutorial_interfaces/tutorial_interfaces/srv/add_three_ints.h
[13.691s] -- Installing: /home/simon/Documents/ARO/ros2_ws/install/tutorial_interfaces/include/tutorial_interfaces/tutorial_interfaces/srv/circle.h
[13.691s] -- Installing: /home/simon/Documents/ARO/ros2_ws/install/tutorial_interfaces/include/tutorial_interfaces/tutorial_interfaces/srv/detail
[13.691s] -- Installing: /home/simon/Documents/ARO/ros2_ws/install/tutorial_interfaces/include/tutorial_interfaces/tutorial_interfaces/srv/detail/move_robot__type_support.h
[13.691s] -- Installing: /home/simon/Documents/ARO/ros2_ws/install/tutorial_interfaces/include/tutorial_interfaces/tutorial_interfaces/srv/detail/add_three_ints__type_support.h
[13.692s] -- Installing: /home/simon/Documents/ARO/ros2_ws/install/tutorial_interfaces/include/tutorial_interfaces/tutorial_interfaces/srv/detail/add_three_ints__functions.h
[13.692s] -- Installing: /home/simon/Documents/ARO/ros2_ws/install/tutorial_interfaces/include/tutorial_interfaces/tutorial_interfaces/srv/detail/add_three_ints__functions.c
[13.692s] -- Installing: /home/simon/Documents/ARO/ros2_ws/install/tutorial_interfaces/include/tutorial_interfaces/tutorial_interfaces/srv/detail/circle__type_support.h
[13.692s] -- Installing: /home/simon/Documents/ARO/ros2_ws/install/tutorial_interfaces/include/tutorial_interfaces/tutorial_interfaces/srv/detail/circle__functions.h
[13.692s] -- Installing: /home/simon/Documents/ARO/ros2_ws/install/tutorial_interfaces/include/tutorial_interfaces/tutorial_interfaces/srv/detail/move_robot__functions.h
[13.693s] -- Installing: /home/simon/Documents/ARO/ros2_ws/install/tutorial_interfaces/include/tutorial_interfaces/tutorial_interfaces/srv/detail/add_three_ints__struct.h
[13.693s] -- Installing: /home/simon/Documents/ARO/ros2_ws/install/tutorial_interfaces/include/tutorial_interfaces/tutorial_interfaces/srv/detail/move_robot__functions.c
[13.693s] -- Installing: /home/simon/Documents/ARO/ros2_ws/install/tutorial_interfaces/include/tutorial_interfaces/tutorial_interfaces/srv/detail/move_robot__struct.h
[13.693s] -- Installing: /home/simon/Documents/ARO/ros2_ws/install/tutorial_interfaces/include/tutorial_interfaces/tutorial_interfaces/srv/detail/circle__functions.c
[13.693s] -- Installing: /home/simon/Documents/ARO/ros2_ws/install/tutorial_interfaces/include/tutorial_interfaces/tutorial_interfaces/srv/detail/circle__struct.h
[13.694s] -- Installing: /home/simon/Documents/ARO/ros2_ws/install/tutorial_interfaces/include/tutorial_interfaces/tutorial_interfaces/srv/move_robot.h
[13.694s] -- Installing: /home/simon/Documents/ARO/ros2_ws/install/tutorial_interfaces/include/tutorial_interfaces/tutorial_interfaces/msg
[13.694s] -- Installing: /home/simon/Documents/ARO/ros2_ws/install/tutorial_interfaces/include/tutorial_interfaces/tutorial_interfaces/msg/num.h
[13.694s] -- Installing: /home/simon/Documents/ARO/ros2_ws/install/tutorial_interfaces/include/tutorial_interfaces/tutorial_interfaces/msg/sphere.h
[13.695s] -- Installing: /home/simon/Documents/ARO/ros2_ws/install/tutorial_interfaces/include/tutorial_interfaces/tutorial_interfaces/msg/detail
[13.695s] -- Installing: /home/simon/Documents/ARO/ros2_ws/install/tutorial_interfaces/include/tutorial_interfaces/tutorial_interfaces/msg/detail/sphere__functions.c
[13.695s] -- Installing: /home/simon/Documents/ARO/ros2_ws/install/tutorial_interfaces/include/tutorial_interfaces/tutorial_interfaces/msg/detail/num__struct.h
[13.695s] -- Installing: /home/simon/Documents/ARO/ros2_ws/install/tutorial_interfaces/include/tutorial_interfaces/tutorial_interfaces/msg/detail/num__functions.h
[13.695s] -- Installing: /home/simon/Documents/ARO/ros2_ws/install/tutorial_interfaces/include/tutorial_interfaces/tutorial_interfaces/msg/detail/sphere__functions.h
[13.695s] -- Installing: /home/simon/Documents/ARO/ros2_ws/install/tutorial_interfaces/include/tutorial_interfaces/tutorial_interfaces/msg/detail/sphere__type_support.h
[13.696s] -- Installing: /home/simon/Documents/ARO/ros2_ws/install/tutorial_interfaces/include/tutorial_interfaces/tutorial_interfaces/msg/detail/num__functions.c
[13.696s] -- Installing: /home/simon/Documents/ARO/ros2_ws/install/tutorial_interfaces/include/tutorial_interfaces/tutorial_interfaces/msg/detail/num__type_support.h
[13.696s] -- Installing: /home/simon/Documents/ARO/ros2_ws/install/tutorial_interfaces/include/tutorial_interfaces/tutorial_interfaces/msg/detail/sphere__struct.h
[13.696s] -- Installing: /home/simon/Documents/ARO/ros2_ws/install/tutorial_interfaces/include/tutorial_interfaces/tutorial_interfaces/msg/rosidl_generator_c__visibility_control.h
[13.696s] -- Installing: /home/simon/Documents/ARO/ros2_ws/install/tutorial_interfaces/share/tutorial_interfaces/environment/library_path.sh
[13.696s] -- Installing: /home/simon/Documents/ARO/ros2_ws/install/tutorial_interfaces/share/tutorial_interfaces/environment/library_path.dsv
[13.697s] -- Installing: /home/simon/Documents/ARO/ros2_ws/install/tutorial_interfaces/lib/libtutorial_interfaces__rosidl_generator_c.so
[13.698s] -- Set runtime path of "/home/simon/Documents/ARO/ros2_ws/install/tutorial_interfaces/lib/libtutorial_interfaces__rosidl_generator_c.so" to ""
[13.698s] -- Up-to-date: /home/simon/Documents/ARO/ros2_ws/install/tutorial_interfaces/include/tutorial_interfaces/tutorial_interfaces
[13.698s] -- Up-to-date: /home/simon/Documents/ARO/ros2_ws/install/tutorial_interfaces/include/tutorial_interfaces/tutorial_interfaces/action
[13.698s] -- Up-to-date: /home/simon/Documents/ARO/ros2_ws/install/tutorial_interfaces/include/tutorial_interfaces/tutorial_interfaces/action/detail
[13.698s] -- Installing: /home/simon/Documents/ARO/ros2_ws/install/tutorial_interfaces/include/tutorial_interfaces/tutorial_interfaces/action/detail/move_robot__rosidl_typesupport_fastrtps_c.h
[13.698s] -- Installing: /home/simon/Documents/ARO/ros2_ws/install/tutorial_interfaces/include/tutorial_interfaces/tutorial_interfaces/action/detail/circle__rosidl_typesupport_fastrtps_c.h
[13.698s] -- Installing: /home/simon/Documents/ARO/ros2_ws/install/tutorial_interfaces/include/tutorial_interfaces/tutorial_interfaces/action/detail/compute_sum__rosidl_typesupport_fastrtps_c.h
[13.699s] -- Up-to-date: /home/simon/Documents/ARO/ros2_ws/install/tutorial_interfaces/include/tutorial_interfaces/tutorial_interfaces/srv
[13.699s] -- Up-to-date: /home/simon/Documents/ARO/ros2_ws/install/tutorial_interfaces/include/tutorial_interfaces/tutorial_interfaces/srv/detail
[13.699s] -- Installing: /home/simon/Documents/ARO/ros2_ws/install/tutorial_interfaces/include/tutorial_interfaces/tutorial_interfaces/srv/detail/move_robot__rosidl_typesupport_fastrtps_c.h
[13.699s] -- Installing: /home/simon/Documents/ARO/ros2_ws/install/tutorial_interfaces/include/tutorial_interfaces/tutorial_interfaces/srv/detail/add_three_ints__rosidl_typesupport_fastrtps_c.h
[13.699s] -- Installing: /home/simon/Documents/ARO/ros2_ws/install/tutorial_interfaces/include/tutorial_interfaces/tutorial_interfaces/srv/detail/circle__rosidl_typesupport_fastrtps_c.h
[13.699s] -- Up-to-date: /home/simon/Documents/ARO/ros2_ws/install/tutorial_interfaces/include/tutorial_interfaces/tutorial_interfaces/msg
[13.699s] -- Up-to-date: /home/simon/Documents/ARO/ros2_ws/install/tutorial_interfaces/include/tutorial_interfaces/tutorial_interfaces/msg/detail
[13.699s] -- Installing: /home/simon/Documents/ARO/ros2_ws/install/tutorial_interfaces/include/tutorial_interfaces/tutorial_interfaces/msg/detail/num__rosidl_typesupport_fastrtps_c.h
[13.699s] -- Installing: /home/simon/Documents/ARO/ros2_ws/install/tutorial_interfaces/include/tutorial_interfaces/tutorial_interfaces/msg/detail/sphere__rosidl_typesupport_fastrtps_c.h
[13.700s] -- Installing: /home/simon/Documents/ARO/ros2_ws/install/tutorial_interfaces/include/tutorial_interfaces/tutorial_interfaces/msg/rosidl_typesupport_fastrtps_c__visibility_control.h
[13.700s] -- Installing: /home/simon/Documents/ARO/ros2_ws/install/tutorial_interfaces/lib/libtutorial_interfaces__rosidl_typesupport_fastrtps_c.so
[13.701s] -- Set runtime path of "/home/simon/Documents/ARO/ros2_ws/install/tutorial_interfaces/lib/libtutorial_interfaces__rosidl_typesupport_fastrtps_c.so" to ""
[13.701s] -- Up-to-date: /home/simon/Documents/ARO/ros2_ws/install/tutorial_interfaces/include/tutorial_interfaces/tutorial_interfaces
[13.701s] -- Up-to-date: /home/simon/Documents/ARO/ros2_ws/install/tutorial_interfaces/include/tutorial_interfaces/tutorial_interfaces/action
[13.701s] -- Up-to-date: /home/simon/Documents/ARO/ros2_ws/install/tutorial_interfaces/include/tutorial_interfaces/tutorial_interfaces/action/detail
[13.701s] -- Installing: /home/simon/Documents/ARO/ros2_ws/install/tutorial_interfaces/include/tutorial_interfaces/tutorial_interfaces/action/detail/circle__type_support.c
[13.701s] -- Installing: /home/simon/Documents/ARO/ros2_ws/install/tutorial_interfaces/include/tutorial_interfaces/tutorial_interfaces/action/detail/circle__rosidl_typesupport_introspection_c.h
[13.702s] -- Installing: /home/simon/Documents/ARO/ros2_ws/install/tutorial_interfaces/include/tutorial_interfaces/tutorial_interfaces/action/detail/compute_sum__type_support.c
[13.702s] -- Installing: /home/simon/Documents/ARO/ros2_ws/install/tutorial_interfaces/include/tutorial_interfaces/tutorial_interfaces/action/detail/move_robot__type_support.c
[13.702s] -- Installing: /home/simon/Documents/ARO/ros2_ws/install/tutorial_interfaces/include/tutorial_interfaces/tutorial_interfaces/action/detail/move_robot__rosidl_typesupport_introspection_c.h
[13.702s] -- Installing: /home/simon/Documents/ARO/ros2_ws/install/tutorial_interfaces/include/tutorial_interfaces/tutorial_interfaces/action/detail/compute_sum__rosidl_typesupport_introspection_c.h
[13.703s] -- Up-to-date: /home/simon/Documents/ARO/ros2_ws/install/tutorial_interfaces/include/tutorial_interfaces/tutorial_interfaces/srv
[13.703s] -- Up-to-date: /home/simon/Documents/ARO/ros2_ws/install/tutorial_interfaces/include/tutorial_interfaces/tutorial_interfaces/srv/detail
[13.703s] -- Installing: /home/simon/Documents/ARO/ros2_ws/install/tutorial_interfaces/include/tutorial_interfaces/tutorial_interfaces/srv/detail/circle__type_support.c
[13.703s] -- Installing: /home/simon/Documents/ARO/ros2_ws/install/tutorial_interfaces/include/tutorial_interfaces/tutorial_interfaces/srv/detail/circle__rosidl_typesupport_introspection_c.h
[13.703s] -- Installing: /home/simon/Documents/ARO/ros2_ws/install/tutorial_interfaces/include/tutorial_interfaces/tutorial_interfaces/srv/detail/move_robot__type_support.c
[13.703s] -- Installing: /home/simon/Documents/ARO/ros2_ws/install/tutorial_interfaces/include/tutorial_interfaces/tutorial_interfaces/srv/detail/add_three_ints__type_support.c
[13.704s] -- Installing: /home/simon/Documents/ARO/ros2_ws/install/tutorial_interfaces/include/tutorial_interfaces/tutorial_interfaces/srv/detail/move_robot__rosidl_typesupport_introspection_c.h
[13.704s] -- Installing: /home/simon/Documents/ARO/ros2_ws/install/tutorial_interfaces/include/tutorial_interfaces/tutorial_interfaces/srv/detail/add_three_ints__rosidl_typesupport_introspection_c.h
[13.704s] -- Up-to-date: /home/simon/Documents/ARO/ros2_ws/install/tutorial_interfaces/include/tutorial_interfaces/tutorial_interfaces/msg
[13.704s] -- Up-to-date: /home/simon/Documents/ARO/ros2_ws/install/tutorial_interfaces/include/tutorial_interfaces/tutorial_interfaces/msg/detail
[13.704s] -- Installing: /home/simon/Documents/ARO/ros2_ws/install/tutorial_interfaces/include/tutorial_interfaces/tutorial_interfaces/msg/detail/num__type_support.c
[13.704s] -- Installing: /home/simon/Documents/ARO/ros2_ws/install/tutorial_interfaces/include/tutorial_interfaces/tutorial_interfaces/msg/detail/sphere__type_support.c
[13.704s] -- Installing: /home/simon/Documents/ARO/ros2_ws/install/tutorial_interfaces/include/tutorial_interfaces/tutorial_interfaces/msg/detail/num__rosidl_typesupport_introspection_c.h
[13.704s] -- Installing: /home/simon/Documents/ARO/ros2_ws/install/tutorial_interfaces/include/tutorial_interfaces/tutorial_interfaces/msg/detail/sphere__rosidl_typesupport_introspection_c.h
[13.705s] -- Installing: /home/simon/Documents/ARO/ros2_ws/install/tutorial_interfaces/include/tutorial_interfaces/tutorial_interfaces/msg/rosidl_typesupport_introspection_c__visibility_control.h
[13.705s] -- Installing: /home/simon/Documents/ARO/ros2_ws/install/tutorial_interfaces/lib/libtutorial_interfaces__rosidl_typesupport_introspection_c.so
[13.706s] -- Set runtime path of "/home/simon/Documents/ARO/ros2_ws/install/tutorial_interfaces/lib/libtutorial_interfaces__rosidl_typesupport_introspection_c.so" to ""
[13.706s] -- Installing: /home/simon/Documents/ARO/ros2_ws/install/tutorial_interfaces/lib/libtutorial_interfaces__rosidl_typesupport_c.so
[13.707s] -- Set runtime path of "/home/simon/Documents/ARO/ros2_ws/install/tutorial_interfaces/lib/libtutorial_interfaces__rosidl_typesupport_c.so" to ""
[13.707s] -- Up-to-date: /home/simon/Documents/ARO/ros2_ws/install/tutorial_interfaces/include/tutorial_interfaces/tutorial_interfaces
[13.707s] -- Up-to-date: /home/simon/Documents/ARO/ros2_ws/install/tutorial_interfaces/include/tutorial_interfaces/tutorial_interfaces/action
[13.707s] -- Installing: /home/simon/Documents/ARO/ros2_ws/install/tutorial_interfaces/include/tutorial_interfaces/tutorial_interfaces/action/compute_sum.hpp
[13.707s] -- Installing: /home/simon/Documents/ARO/ros2_ws/install/tutorial_interfaces/include/tutorial_interfaces/tutorial_interfaces/action/circle.hpp
[13.707s] -- Up-to-date: /home/simon/Documents/ARO/ros2_ws/install/tutorial_interfaces/include/tutorial_interfaces/tutorial_interfaces/action/detail
[13.708s] -- Installing: /home/simon/Documents/ARO/ros2_ws/install/tutorial_interfaces/include/tutorial_interfaces/tutorial_interfaces/action/detail/circle__traits.hpp
[13.708s] -- Installing: /home/simon/Documents/ARO/ros2_ws/install/tutorial_interfaces/include/tutorial_interfaces/tutorial_interfaces/action/detail/circle__builder.hpp
[13.708s] -- Installing: /home/simon/Documents/ARO/ros2_ws/install/tutorial_interfaces/include/tutorial_interfaces/tutorial_interfaces/action/detail/move_robot__struct.hpp
[13.708s] -- Installing: /home/simon/Documents/ARO/ros2_ws/install/tutorial_interfaces/include/tutorial_interfaces/tutorial_interfaces/action/detail/circle__struct.hpp
[13.709s] -- Installing: /home/simon/Documents/ARO/ros2_ws/install/tutorial_interfaces/include/tutorial_interfaces/tutorial_interfaces/action/detail/move_robot__builder.hpp
[13.709s] -- Installing: /home/simon/Documents/ARO/ros2_ws/install/tutorial_interfaces/include/tutorial_interfaces/tutorial_interfaces/action/detail/compute_sum__builder.hpp
[13.709s] -- Installing: /home/simon/Documents/ARO/ros2_ws/install/tutorial_interfaces/include/tutorial_interfaces/tutorial_interfaces/action/detail/move_robot__traits.hpp
[13.709s] -- Installing: /home/simon/Documents/ARO/ros2_ws/install/tutorial_interfaces/include/tutorial_interfaces/tutorial_interfaces/action/detail/compute_sum__traits.hpp
[13.710s] -- Installing: /home/simon/Documents/ARO/ros2_ws/install/tutorial_interfaces/include/tutorial_interfaces/tutorial_interfaces/action/detail/compute_sum__struct.hpp
[13.710s] -- Installing: /home/simon/Documents/ARO/ros2_ws/install/tutorial_interfaces/include/tutorial_interfaces/tutorial_interfaces/action/move_robot.hpp
[13.710s] -- Up-to-date: /home/simon/Documents/ARO/ros2_ws/install/tutorial_interfaces/include/tutorial_interfaces/tutorial_interfaces/srv
[13.710s] -- Installing: /home/simon/Documents/ARO/ros2_ws/install/tutorial_interfaces/include/tutorial_interfaces/tutorial_interfaces/srv/circle.hpp
[13.710s] -- Installing: /home/simon/Documents/ARO/ros2_ws/install/tutorial_interfaces/include/tutorial_interfaces/tutorial_interfaces/srv/add_three_ints.hpp
[13.710s] -- Up-to-date: /home/simon/Documents/ARO/ros2_ws/install/tutorial_interfaces/include/tutorial_interfaces/tutorial_interfaces/srv/detail
[13.710s] -- Installing: /home/simon/Documents/ARO/ros2_ws/install/tutorial_interfaces/include/tutorial_interfaces/tutorial_interfaces/srv/detail/circle__traits.hpp
[13.711s] -- Installing: /home/simon/Documents/ARO/ros2_ws/install/tutorial_interfaces/include/tutorial_interfaces/tutorial_interfaces/srv/detail/circle__builder.hpp
[13.711s] -- Installing: /home/simon/Documents/ARO/ros2_ws/install/tutorial_interfaces/include/tutorial_interfaces/tutorial_interfaces/srv/detail/move_robot__struct.hpp
[13.711s] -- Installing: /home/simon/Documents/ARO/ros2_ws/install/tutorial_interfaces/include/tutorial_interfaces/tutorial_interfaces/srv/detail/add_three_ints__builder.hpp
[13.711s] -- Installing: /home/simon/Documents/ARO/ros2_ws/install/tutorial_interfaces/include/tutorial_interfaces/tutorial_interfaces/srv/detail/circle__struct.hpp
[13.712s] -- Installing: /home/simon/Documents/ARO/ros2_ws/install/tutorial_interfaces/include/tutorial_interfaces/tutorial_interfaces/srv/detail/move_robot__builder.hpp
[13.712s] -- Installing: /home/simon/Documents/ARO/ros2_ws/install/tutorial_interfaces/include/tutorial_interfaces/tutorial_interfaces/srv/detail/add_three_ints__struct.hpp
[13.712s] -- Installing: /home/simon/Documents/ARO/ros2_ws/install/tutorial_interfaces/include/tutorial_interfaces/tutorial_interfaces/srv/detail/move_robot__traits.hpp
[13.712s] -- Installing: /home/simon/Documents/ARO/ros2_ws/install/tutorial_interfaces/include/tutorial_interfaces/tutorial_interfaces/srv/detail/add_three_ints__traits.hpp
[13.712s] -- Installing: /home/simon/Documents/ARO/ros2_ws/install/tutorial_interfaces/include/tutorial_interfaces/tutorial_interfaces/srv/move_robot.hpp
[13.712s] -- Up-to-date: /home/simon/Documents/ARO/ros2_ws/install/tutorial_interfaces/include/tutorial_interfaces/tutorial_interfaces/msg
[13.713s] -- Installing: /home/simon/Documents/ARO/ros2_ws/install/tutorial_interfaces/include/tutorial_interfaces/tutorial_interfaces/msg/sphere.hpp
[13.713s] -- Up-to-date: /home/simon/Documents/ARO/ros2_ws/install/tutorial_interfaces/include/tutorial_interfaces/tutorial_interfaces/msg/detail
[13.713s] -- Installing: /home/simon/Documents/ARO/ros2_ws/install/tutorial_interfaces/include/tutorial_interfaces/tutorial_interfaces/msg/detail/num__struct.hpp
[13.713s] -- Installing: /home/simon/Documents/ARO/ros2_ws/install/tutorial_interfaces/include/tutorial_interfaces/tutorial_interfaces/msg/detail/sphere__struct.hpp
[13.713s] -- Installing: /home/simon/Documents/ARO/ros2_ws/install/tutorial_interfaces/include/tutorial_interfaces/tutorial_interfaces/msg/detail/num__builder.hpp
[13.713s] -- Installing: /home/simon/Documents/ARO/ros2_ws/install/tutorial_interfaces/include/tutorial_interfaces/tutorial_interfaces/msg/detail/num__traits.hpp
[13.713s] -- Installing: /home/simon/Documents/ARO/ros2_ws/install/tutorial_interfaces/include/tutorial_interfaces/tutorial_interfaces/msg/detail/sphere__traits.hpp
[13.714s] -- Installing: /home/simon/Documents/ARO/ros2_ws/install/tutorial_interfaces/include/tutorial_interfaces/tutorial_interfaces/msg/detail/sphere__builder.hpp
[13.714s] -- Installing: /home/simon/Documents/ARO/ros2_ws/install/tutorial_interfaces/include/tutorial_interfaces/tutorial_interfaces/msg/num.hpp
[13.714s] -- Up-to-date: /home/simon/Documents/ARO/ros2_ws/install/tutorial_interfaces/include/tutorial_interfaces/tutorial_interfaces
[13.714s] -- Up-to-date: /home/simon/Documents/ARO/ros2_ws/install/tutorial_interfaces/include/tutorial_interfaces/tutorial_interfaces/action
[13.714s] -- Up-to-date: /home/simon/Documents/ARO/ros2_ws/install/tutorial_interfaces/include/tutorial_interfaces/tutorial_interfaces/action/detail
[13.715s] -- Installing: /home/simon/Documents/ARO/ros2_ws/install/tutorial_interfaces/include/tutorial_interfaces/tutorial_interfaces/action/detail/compute_sum__rosidl_typesupport_fastrtps_cpp.hpp
[13.715s] -- Installing: /home/simon/Documents/ARO/ros2_ws/install/tutorial_interfaces/include/tutorial_interfaces/tutorial_interfaces/action/detail/circle__rosidl_typesupport_fastrtps_cpp.hpp
[13.715s] -- Installing: /home/simon/Documents/ARO/ros2_ws/install/tutorial_interfaces/include/tutorial_interfaces/tutorial_interfaces/action/detail/dds_fastrtps
[13.715s] -- Installing: /home/simon/Documents/ARO/ros2_ws/install/tutorial_interfaces/include/tutorial_interfaces/tutorial_interfaces/action/detail/move_robot__rosidl_typesupport_fastrtps_cpp.hpp
[13.715s] -- Up-to-date: /home/simon/Documents/ARO/ros2_ws/install/tutorial_interfaces/include/tutorial_interfaces/tutorial_interfaces/srv
[13.715s] -- Up-to-date: /home/simon/Documents/ARO/ros2_ws/install/tutorial_interfaces/include/tutorial_interfaces/tutorial_interfaces/srv/detail
[13.715s] -- Installing: /home/simon/Documents/ARO/ros2_ws/install/tutorial_interfaces/include/tutorial_interfaces/tutorial_interfaces/srv/detail/circle__rosidl_typesupport_fastrtps_cpp.hpp
[13.715s] -- Installing: /home/simon/Documents/ARO/ros2_ws/install/tutorial_interfaces/include/tutorial_interfaces/tutorial_interfaces/srv/detail/dds_fastrtps
[13.716s] -- Installing: /home/simon/Documents/ARO/ros2_ws/install/tutorial_interfaces/include/tutorial_interfaces/tutorial_interfaces/srv/detail/move_robot__rosidl_typesupport_fastrtps_cpp.hpp
[13.716s] -- Installing: /home/simon/Documents/ARO/ros2_ws/install/tutorial_interfaces/include/tutorial_interfaces/tutorial_interfaces/srv/detail/add_three_ints__rosidl_typesupport_fastrtps_cpp.hpp
[13.716s] -- Up-to-date: /home/simon/Documents/ARO/ros2_ws/install/tutorial_interfaces/include/tutorial_interfaces/tutorial_interfaces/msg
[13.716s] -- Installing: /home/simon/Documents/ARO/ros2_ws/install/tutorial_interfaces/include/tutorial_interfaces/tutorial_interfaces/msg/rosidl_typesupport_fastrtps_cpp__visibility_control.h
[13.716s] -- Up-to-date: /home/simon/Documents/ARO/ros2_ws/install/tutorial_interfaces/include/tutorial_interfaces/tutorial_interfaces/msg/detail
[13.716s] -- Installing: /home/simon/Documents/ARO/ros2_ws/install/tutorial_interfaces/include/tutorial_interfaces/tutorial_interfaces/msg/detail/dds_fastrtps
[13.716s] -- Installing: /home/simon/Documents/ARO/ros2_ws/install/tutorial_interfaces/include/tutorial_interfaces/tutorial_interfaces/msg/detail/num__rosidl_typesupport_fastrtps_cpp.hpp
[13.717s] -- Installing: /home/simon/Documents/ARO/ros2_ws/install/tutorial_interfaces/include/tutorial_interfaces/tutorial_interfaces/msg/detail/sphere__rosidl_typesupport_fastrtps_cpp.hpp
[13.717s] -- Installing: /home/simon/Documents/ARO/ros2_ws/install/tutorial_interfaces/lib/libtutorial_interfaces__rosidl_typesupport_fastrtps_cpp.so
[13.719s] -- Set runtime path of "/home/simon/Documents/ARO/ros2_ws/install/tutorial_interfaces/lib/libtutorial_interfaces__rosidl_typesupport_fastrtps_cpp.so" to ""
[13.719s] -- Up-to-date: /home/simon/Documents/ARO/ros2_ws/install/tutorial_interfaces/include/tutorial_interfaces/tutorial_interfaces
[13.719s] -- Up-to-date: /home/simon/Documents/ARO/ros2_ws/install/tutorial_interfaces/include/tutorial_interfaces/tutorial_interfaces/action
[13.719s] -- Up-to-date: /home/simon/Documents/ARO/ros2_ws/install/tutorial_interfaces/include/tutorial_interfaces/tutorial_interfaces/action/detail
[13.719s] -- Installing: /home/simon/Documents/ARO/ros2_ws/install/tutorial_interfaces/include/tutorial_interfaces/tutorial_interfaces/action/detail/move_robot__rosidl_typesupport_introspection_cpp.hpp
[13.719s] -- Installing: /home/simon/Documents/ARO/ros2_ws/install/tutorial_interfaces/include/tutorial_interfaces/tutorial_interfaces/action/detail/move_robot__type_support.cpp
[13.719s] -- Installing: /home/simon/Documents/ARO/ros2_ws/install/tutorial_interfaces/include/tutorial_interfaces/tutorial_interfaces/action/detail/compute_sum__type_support.cpp
[13.719s] -- Installing: /home/simon/Documents/ARO/ros2_ws/install/tutorial_interfaces/include/tutorial_interfaces/tutorial_interfaces/action/detail/compute_sum__rosidl_typesupport_introspection_cpp.hpp
[13.720s] -- Installing: /home/simon/Documents/ARO/ros2_ws/install/tutorial_interfaces/include/tutorial_interfaces/tutorial_interfaces/action/detail/circle__type_support.cpp
[13.720s] -- Installing: /home/simon/Documents/ARO/ros2_ws/install/tutorial_interfaces/include/tutorial_interfaces/tutorial_interfaces/action/detail/circle__rosidl_typesupport_introspection_cpp.hpp
[13.720s] -- Up-to-date: /home/simon/Documents/ARO/ros2_ws/install/tutorial_interfaces/include/tutorial_interfaces/tutorial_interfaces/srv
[13.720s] -- Up-to-date: /home/simon/Documents/ARO/ros2_ws/install/tutorial_interfaces/include/tutorial_interfaces/tutorial_interfaces/srv/detail
[13.720s] -- Installing: /home/simon/Documents/ARO/ros2_ws/install/tutorial_interfaces/include/tutorial_interfaces/tutorial_interfaces/srv/detail/move_robot__rosidl_typesupport_introspection_cpp.hpp
[13.721s] -- Installing: /home/simon/Documents/ARO/ros2_ws/install/tutorial_interfaces/include/tutorial_interfaces/tutorial_interfaces/srv/detail/move_robot__type_support.cpp
[13.721s] -- Installing: /home/simon/Documents/ARO/ros2_ws/install/tutorial_interfaces/include/tutorial_interfaces/tutorial_interfaces/srv/detail/add_three_ints__type_support.cpp
[13.721s] -- Installing: /home/simon/Documents/ARO/ros2_ws/install/tutorial_interfaces/include/tutorial_interfaces/tutorial_interfaces/srv/detail/add_three_ints__rosidl_typesupport_introspection_cpp.hpp
[13.721s] -- Installing: /home/simon/Documents/ARO/ros2_ws/install/tutorial_interfaces/include/tutorial_interfaces/tutorial_interfaces/srv/detail/circle__type_support.cpp
[13.721s] -- Installing: /home/simon/Documents/ARO/ros2_ws/install/tutorial_interfaces/include/tutorial_interfaces/tutorial_interfaces/srv/detail/circle__rosidl_typesupport_introspection_cpp.hpp
[13.721s] -- Up-to-date: /home/simon/Documents/ARO/ros2_ws/install/tutorial_interfaces/include/tutorial_interfaces/tutorial_interfaces/msg
[13.722s] -- Up-to-date: /home/simon/Documents/ARO/ros2_ws/install/tutorial_interfaces/include/tutorial_interfaces/tutorial_interfaces/msg/detail
[13.722s] -- Installing: /home/simon/Documents/ARO/ros2_ws/install/tutorial_interfaces/include/tutorial_interfaces/tutorial_interfaces/msg/detail/num__rosidl_typesupport_introspection_cpp.hpp
[13.722s] -- Installing: /home/simon/Documents/ARO/ros2_ws/install/tutorial_interfaces/include/tutorial_interfaces/tutorial_interfaces/msg/detail/num__type_support.cpp
[13.722s] -- Installing: /home/simon/Documents/ARO/ros2_ws/install/tutorial_interfaces/include/tutorial_interfaces/tutorial_interfaces/msg/detail/sphere__type_support.cpp
[13.722s] -- Installing: /home/simon/Documents/ARO/ros2_ws/install/tutorial_interfaces/include/tutorial_interfaces/tutorial_interfaces/msg/detail/sphere__rosidl_typesupport_introspection_cpp.hpp
[13.722s] -- Installing: /home/simon/Documents/ARO/ros2_ws/install/tutorial_interfaces/lib/libtutorial_interfaces__rosidl_typesupport_introspection_cpp.so
[13.724s] -- Set runtime path of "/home/simon/Documents/ARO/ros2_ws/install/tutorial_interfaces/lib/libtutorial_interfaces__rosidl_typesupport_introspection_cpp.so" to ""
[13.724s] -- Installing: /home/simon/Documents/ARO/ros2_ws/install/tutorial_interfaces/lib/libtutorial_interfaces__rosidl_typesupport_cpp.so
[13.724s] -- Set runtime path of "/home/simon/Documents/ARO/ros2_ws/install/tutorial_interfaces/lib/libtutorial_interfaces__rosidl_typesupport_cpp.so" to ""
[13.725s] -- Installing: /home/simon/Documents/ARO/ros2_ws/install/tutorial_interfaces/share/tutorial_interfaces/environment/pythonpath.sh
[13.725s] -- Installing: /home/simon/Documents/ARO/ros2_ws/install/tutorial_interfaces/share/tutorial_interfaces/environment/pythonpath.dsv
[13.725s] -- Installing: /home/simon/Documents/ARO/ros2_ws/install/tutorial_interfaces/local/lib/python3.10/dist-packages/tutorial_interfaces-0.0.0-py3.10.egg-info
[13.725s] -- Installing: /home/simon/Documents/ARO/ros2_ws/install/tutorial_interfaces/local/lib/python3.10/dist-packages/tutorial_interfaces-0.0.0-py3.10.egg-info/dependency_links.txt
[13.725s] -- Installing: /home/simon/Documents/ARO/ros2_ws/install/tutorial_interfaces/local/lib/python3.10/dist-packages/tutorial_interfaces-0.0.0-py3.10.egg-info/PKG-INFO
[13.726s] -- Installing: /home/simon/Documents/ARO/ros2_ws/install/tutorial_interfaces/local/lib/python3.10/dist-packages/tutorial_interfaces-0.0.0-py3.10.egg-info/top_level.txt
[13.726s] -- Installing: /home/simon/Documents/ARO/ros2_ws/install/tutorial_interfaces/local/lib/python3.10/dist-packages/tutorial_interfaces-0.0.0-py3.10.egg-info/SOURCES.txt
[13.726s] -- Installing: /home/simon/Documents/ARO/ros2_ws/install/tutorial_interfaces/local/lib/python3.10/dist-packages/tutorial_interfaces
[13.726s] -- Installing: /home/simon/Documents/ARO/ros2_ws/install/tutorial_interfaces/local/lib/python3.10/dist-packages/tutorial_interfaces/tutorial_interfaces_s__rosidl_typesupport_introspection_c.cpython-310-x86_64-linux-gnu.so
[13.727s] -- Installing: /home/simon/Documents/ARO/ros2_ws/install/tutorial_interfaces/local/lib/python3.10/dist-packages/tutorial_interfaces/action
[13.727s] -- Installing: /home/simon/Documents/ARO/ros2_ws/install/tutorial_interfaces/local/lib/python3.10/dist-packages/tutorial_interfaces/action/_move_robot_s.c
[13.727s] -- Installing: /home/simon/Documents/ARO/ros2_ws/install/tutorial_interfaces/local/lib/python3.10/dist-packages/tutorial_interfaces/action/_circle.py
[13.727s] -- Installing: /home/simon/Documents/ARO/ros2_ws/install/tutorial_interfaces/local/lib/python3.10/dist-packages/tutorial_interfaces/action/_move_robot.py
[13.728s] -- Installing: /home/simon/Documents/ARO/ros2_ws/install/tutorial_interfaces/local/lib/python3.10/dist-packages/tutorial_interfaces/action/__init__.py
[13.728s] -- Installing: /home/simon/Documents/ARO/ros2_ws/install/tutorial_interfaces/local/lib/python3.10/dist-packages/tutorial_interfaces/action/_circle_s.c
[13.728s] -- Installing: /home/simon/Documents/ARO/ros2_ws/install/tutorial_interfaces/local/lib/python3.10/dist-packages/tutorial_interfaces/action/_compute_sum_s.c
[13.729s] -- Installing: /home/simon/Documents/ARO/ros2_ws/install/tutorial_interfaces/local/lib/python3.10/dist-packages/tutorial_interfaces/action/_compute_sum.py
[13.729s] -- Installing: /home/simon/Documents/ARO/ros2_ws/install/tutorial_interfaces/local/lib/python3.10/dist-packages/tutorial_interfaces/srv
[13.729s] -- Installing: /home/simon/Documents/ARO/ros2_ws/install/tutorial_interfaces/local/lib/python3.10/dist-packages/tutorial_interfaces/srv/_add_three_ints.py
[13.729s] -- Installing: /home/simon/Documents/ARO/ros2_ws/install/tutorial_interfaces/local/lib/python3.10/dist-packages/tutorial_interfaces/srv/_move_robot_s.c
[13.729s] -- Installing: /home/simon/Documents/ARO/ros2_ws/install/tutorial_interfaces/local/lib/python3.10/dist-packages/tutorial_interfaces/srv/_circle.py
[13.729s] -- Installing: /home/simon/Documents/ARO/ros2_ws/install/tutorial_interfaces/local/lib/python3.10/dist-packages/tutorial_interfaces/srv/_move_robot.py
[13.730s] -- Installing: /home/simon/Documents/ARO/ros2_ws/install/tutorial_interfaces/local/lib/python3.10/dist-packages/tutorial_interfaces/srv/__init__.py
[13.730s] -- Installing: /home/simon/Documents/ARO/ros2_ws/install/tutorial_interfaces/local/lib/python3.10/dist-packages/tutorial_interfaces/srv/_circle_s.c
[13.730s] -- Installing: /home/simon/Documents/ARO/ros2_ws/install/tutorial_interfaces/local/lib/python3.10/dist-packages/tutorial_interfaces/srv/_add_three_ints_s.c
[13.730s] -- Installing: /home/simon/Documents/ARO/ros2_ws/install/tutorial_interfaces/local/lib/python3.10/dist-packages/tutorial_interfaces/__init__.py
[13.730s] -- Installing: /home/simon/Documents/ARO/ros2_ws/install/tutorial_interfaces/local/lib/python3.10/dist-packages/tutorial_interfaces/tutorial_interfaces_s__rosidl_typesupport_c.cpython-310-x86_64-linux-gnu.so
[13.731s] -- Installing: /home/simon/Documents/ARO/ros2_ws/install/tutorial_interfaces/local/lib/python3.10/dist-packages/tutorial_interfaces/_tutorial_interfaces_s.ep.rosidl_typesupport_introspection_c.c
[13.731s] -- Installing: /home/simon/Documents/ARO/ros2_ws/install/tutorial_interfaces/local/lib/python3.10/dist-packages/tutorial_interfaces/msg
[13.732s] -- Installing: /home/simon/Documents/ARO/ros2_ws/install/tutorial_interfaces/local/lib/python3.10/dist-packages/tutorial_interfaces/msg/_num_s.c
[13.732s] -- Installing: /home/simon/Documents/ARO/ros2_ws/install/tutorial_interfaces/local/lib/python3.10/dist-packages/tutorial_interfaces/msg/_sphere.py
[13.732s] -- Installing: /home/simon/Documents/ARO/ros2_ws/install/tutorial_interfaces/local/lib/python3.10/dist-packages/tutorial_interfaces/msg/__init__.py
[13.732s] -- Installing: /home/simon/Documents/ARO/ros2_ws/install/tutorial_interfaces/local/lib/python3.10/dist-packages/tutorial_interfaces/msg/_num.py
[13.732s] -- Installing: /home/simon/Documents/ARO/ros2_ws/install/tutorial_interfaces/local/lib/python3.10/dist-packages/tutorial_interfaces/msg/_sphere_s.c
[13.732s] -- Installing: /home/simon/Documents/ARO/ros2_ws/install/tutorial_interfaces/local/lib/python3.10/dist-packages/tutorial_interfaces/_tutorial_interfaces_s.ep.rosidl_typesupport_c.c
[13.733s] -- Installing: /home/simon/Documents/ARO/ros2_ws/install/tutorial_interfaces/local/lib/python3.10/dist-packages/tutorial_interfaces/tutorial_interfaces_s__rosidl_typesupport_fastrtps_c.cpython-310-x86_64-linux-gnu.so
[13.733s] -- Installing: /home/simon/Documents/ARO/ros2_ws/install/tutorial_interfaces/local/lib/python3.10/dist-packages/tutorial_interfaces/_tutorial_interfaces_s.ep.rosidl_typesupport_fastrtps_c.c
[13.734s] -- Installing: /home/simon/Documents/ARO/ros2_ws/install/tutorial_interfaces/local/lib/python3.10/dist-packages/tutorial_interfaces/libtutorial_interfaces__rosidl_generator_py.so
[13.833s] Listing '/home/simon/Documents/ARO/ros2_ws/install/tutorial_interfaces/local/lib/python3.10/dist-packages/tutorial_interfaces'...
[13.833s] Compiling '/home/simon/Documents/ARO/ros2_ws/install/tutorial_interfaces/local/lib/python3.10/dist-packages/tutorial_interfaces/__init__.py'...
[13.833s] Listing '/home/simon/Documents/ARO/ros2_ws/install/tutorial_interfaces/local/lib/python3.10/dist-packages/tutorial_interfaces/action'...
[13.833s] Compiling '/home/simon/Documents/ARO/ros2_ws/install/tutorial_interfaces/local/lib/python3.10/dist-packages/tutorial_interfaces/action/__init__.py'...
[13.833s] Compiling '/home/simon/Documents/ARO/ros2_ws/install/tutorial_interfaces/local/lib/python3.10/dist-packages/tutorial_interfaces/action/_circle.py'...
[13.833s] Compiling '/home/simon/Documents/ARO/ros2_ws/install/tutorial_interfaces/local/lib/python3.10/dist-packages/tutorial_interfaces/action/_compute_sum.py'...
[13.834s] Compiling '/home/simon/Documents/ARO/ros2_ws/install/tutorial_interfaces/local/lib/python3.10/dist-packages/tutorial_interfaces/action/_move_robot.py'...
[13.834s] Listing '/home/simon/Documents/ARO/ros2_ws/install/tutorial_interfaces/local/lib/python3.10/dist-packages/tutorial_interfaces/msg'...
[13.834s] Compiling '/home/simon/Documents/ARO/ros2_ws/install/tutorial_interfaces/local/lib/python3.10/dist-packages/tutorial_interfaces/msg/__init__.py'...
[13.834s] Compiling '/home/simon/Documents/ARO/ros2_ws/install/tutorial_interfaces/local/lib/python3.10/dist-packages/tutorial_interfaces/msg/_num.py'...
[13.834s] Compiling '/home/simon/Documents/ARO/ros2_ws/install/tutorial_interfaces/local/lib/python3.10/dist-packages/tutorial_interfaces/msg/_sphere.py'...
[13.835s] Listing '/home/simon/Documents/ARO/ros2_ws/install/tutorial_interfaces/local/lib/python3.10/dist-packages/tutorial_interfaces/srv'...
[13.835s] Compiling '/home/simon/Documents/ARO/ros2_ws/install/tutorial_interfaces/local/lib/python3.10/dist-packages/tutorial_interfaces/srv/__init__.py'...
[13.835s] Compiling '/home/simon/Documents/ARO/ros2_ws/install/tutorial_interfaces/local/lib/python3.10/dist-packages/tutorial_interfaces/srv/_add_three_ints.py'...
[13.835s] Compiling '/home/simon/Documents/ARO/ros2_ws/install/tutorial_interfaces/local/lib/python3.10/dist-packages/tutorial_interfaces/srv/_circle.py'...
[13.835s] Compiling '/home/simon/Documents/ARO/ros2_ws/install/tutorial_interfaces/local/lib/python3.10/dist-packages/tutorial_interfaces/srv/_move_robot.py'...
[13.840s] -- Installing: /home/simon/Documents/ARO/ros2_ws/install/tutorial_interfaces/local/lib/python3.10/dist-packages/tutorial_interfaces/tutorial_interfaces_s__rosidl_typesupport_fastrtps_c.cpython-310-x86_64-linux-gnu.so
[13.841s] -- Set runtime path of "/home/simon/Documents/ARO/ros2_ws/install/tutorial_interfaces/local/lib/python3.10/dist-packages/tutorial_interfaces/tutorial_interfaces_s__rosidl_typesupport_fastrtps_c.cpython-310-x86_64-linux-gnu.so" to ""
[13.842s] -- Installing: /home/simon/Documents/ARO/ros2_ws/install/tutorial_interfaces/local/lib/python3.10/dist-packages/tutorial_interfaces/tutorial_interfaces_s__rosidl_typesupport_introspection_c.cpython-310-x86_64-linux-gnu.so
[13.843s] -- Set runtime path of "/home/simon/Documents/ARO/ros2_ws/install/tutorial_interfaces/local/lib/python3.10/dist-packages/tutorial_interfaces/tutorial_interfaces_s__rosidl_typesupport_introspection_c.cpython-310-x86_64-linux-gnu.so" to ""
[13.843s] -- Installing: /home/simon/Documents/ARO/ros2_ws/install/tutorial_interfaces/local/lib/python3.10/dist-packages/tutorial_interfaces/tutorial_interfaces_s__rosidl_typesupport_c.cpython-310-x86_64-linux-gnu.so
[13.844s] -- Set runtime path of "/home/simon/Documents/ARO/ros2_ws/install/tutorial_interfaces/local/lib/python3.10/dist-packages/tutorial_interfaces/tutorial_interfaces_s__rosidl_typesupport_c.cpython-310-x86_64-linux-gnu.so" to ""
[13.844s] -- Installing: /home/simon/Documents/ARO/ros2_ws/install/tutorial_interfaces/lib/libtutorial_interfaces__rosidl_generator_py.so
[13.845s] -- Set runtime path of "/home/simon/Documents/ARO/ros2_ws/install/tutorial_interfaces/lib/libtutorial_interfaces__rosidl_generator_py.so" to ""
[13.845s] -- Installing: /home/simon/Documents/ARO/ros2_ws/install/tutorial_interfaces/share/tutorial_interfaces/msg/Num.idl
[13.846s] -- Installing: /home/simon/Documents/ARO/ros2_ws/install/tutorial_interfaces/share/tutorial_interfaces/msg/Sphere.idl
[13.846s] -- Installing: /home/simon/Documents/ARO/ros2_ws/install/tutorial_interfaces/share/tutorial_interfaces/srv/AddThreeInts.idl
[13.846s] -- Installing: /home/simon/Documents/ARO/ros2_ws/install/tutorial_interfaces/share/tutorial_interfaces/action/ComputeSum.idl
[13.846s] -- Installing: /home/simon/Documents/ARO/ros2_ws/install/tutorial_interfaces/share/tutorial_interfaces/action/Circle.idl
[13.847s] -- Installing: /home/simon/Documents/ARO/ros2_ws/install/tutorial_interfaces/share/tutorial_interfaces/srv/Circle.idl
[13.847s] -- Installing: /home/simon/Documents/ARO/ros2_ws/install/tutorial_interfaces/share/tutorial_interfaces/action/MoveRobot.idl
[13.847s] -- Installing: /home/simon/Documents/ARO/ros2_ws/install/tutorial_interfaces/share/tutorial_interfaces/srv/MoveRobot.idl
[13.847s] -- Installing: /home/simon/Documents/ARO/ros2_ws/install/tutorial_interfaces/share/tutorial_interfaces/msg/Num.msg
[13.847s] -- Installing: /home/simon/Documents/ARO/ros2_ws/install/tutorial_interfaces/share/tutorial_interfaces/msg/Sphere.msg
[13.848s] -- Installing: /home/simon/Documents/ARO/ros2_ws/install/tutorial_interfaces/share/tutorial_interfaces/srv/AddThreeInts.srv
[13.848s] -- Installing: /home/simon/Documents/ARO/ros2_ws/install/tutorial_interfaces/share/tutorial_interfaces/srv/AddThreeInts_Request.msg
[13.848s] -- Installing: /home/simon/Documents/ARO/ros2_ws/install/tutorial_interfaces/share/tutorial_interfaces/srv/AddThreeInts_Response.msg
[13.848s] -- Installing: /home/simon/Documents/ARO/ros2_ws/install/tutorial_interfaces/share/tutorial_interfaces/action/ComputeSum.action
[13.848s] -- Installing: /home/simon/Documents/ARO/ros2_ws/install/tutorial_interfaces/share/tutorial_interfaces/action/Circle.action
[13.849s] -- Installing: /home/simon/Documents/ARO/ros2_ws/install/tutorial_interfaces/share/tutorial_interfaces/srv/Circle.srv
[13.849s] -- Installing: /home/simon/Documents/ARO/ros2_ws/install/tutorial_interfaces/share/tutorial_interfaces/srv/Circle_Request.msg
[13.849s] -- Installing: /home/simon/Documents/ARO/ros2_ws/install/tutorial_interfaces/share/tutorial_interfaces/srv/Circle_Response.msg
[13.850s] -- Installing: /home/simon/Documents/ARO/ros2_ws/install/tutorial_interfaces/share/tutorial_interfaces/action/MoveRobot.action
[13.850s] -- Installing: /home/simon/Documents/ARO/ros2_ws/install/tutorial_interfaces/share/tutorial_interfaces/srv/MoveRobot.srv
[13.850s] -- Installing: /home/simon/Documents/ARO/ros2_ws/install/tutorial_interfaces/share/tutorial_interfaces/srv/MoveRobot_Request.msg
[13.851s] -- Installing: /home/simon/Documents/ARO/ros2_ws/install/tutorial_interfaces/share/tutorial_interfaces/srv/MoveRobot_Response.msg
[13.851s] -- Installing: /home/simon/Documents/ARO/ros2_ws/install/tutorial_interfaces/share/ament_index/resource_index/package_run_dependencies/tutorial_interfaces
[13.852s] -- Installing: /home/simon/Documents/ARO/ros2_ws/install/tutorial_interfaces/share/ament_index/resource_index/parent_prefix_path/tutorial_interfaces
[13.852s] -- Installing: /home/simon/Documents/ARO/ros2_ws/install/tutorial_interfaces/share/tutorial_interfaces/environment/ament_prefix_path.sh
[13.852s] -- Installing: /home/simon/Documents/ARO/ros2_ws/install/tutorial_interfaces/share/tutorial_interfaces/environment/ament_prefix_path.dsv
[13.852s] -- Installing: /home/simon/Documents/ARO/ros2_ws/install/tutorial_interfaces/share/tutorial_interfaces/environment/path.sh
[13.853s] -- Installing: /home/simon/Documents/ARO/ros2_ws/install/tutorial_interfaces/share/tutorial_interfaces/environment/path.dsv
[13.853s] -- Installing: /home/simon/Documents/ARO/ros2_ws/install/tutorial_interfaces/share/tutorial_interfaces/local_setup.bash
[13.853s] -- Installing: /home/simon/Documents/ARO/ros2_ws/install/tutorial_interfaces/share/tutorial_interfaces/local_setup.sh
[13.853s] -- Installing: /home/simon/Documents/ARO/ros2_ws/install/tutorial_interfaces/share/tutorial_interfaces/local_setup.zsh
[13.854s] -- Installing: /home/simon/Documents/ARO/ros2_ws/install/tutorial_interfaces/share/tutorial_interfaces/local_setup.dsv
[13.854s] -- Installing: /home/simon/Documents/ARO/ros2_ws/install/tutorial_interfaces/share/tutorial_interfaces/package.dsv
[13.854s] -- Installing: /home/simon/Documents/ARO/ros2_ws/install/tutorial_interfaces/share/ament_index/resource_index/packages/tutorial_interfaces
[13.855s] -- Installing: /home/simon/Documents/ARO/ros2_ws/install/tutorial_interfaces/share/tutorial_interfaces/cmake/export_tutorial_interfaces__rosidl_generator_cExport.cmake
[13.855s] -- Installing: /home/simon/Documents/ARO/ros2_ws/install/tutorial_interfaces/share/tutorial_interfaces/cmake/export_tutorial_interfaces__rosidl_generator_cExport-noconfig.cmake
[13.855s] -- Installing: /home/simon/Documents/ARO/ros2_ws/install/tutorial_interfaces/share/tutorial_interfaces/cmake/export_tutorial_interfaces__rosidl_typesupport_fastrtps_cExport.cmake
[13.855s] -- Installing: /home/simon/Documents/ARO/ros2_ws/install/tutorial_interfaces/share/tutorial_interfaces/cmake/export_tutorial_interfaces__rosidl_typesupport_fastrtps_cExport-noconfig.cmake
[13.856s] -- Installing: /home/simon/Documents/ARO/ros2_ws/install/tutorial_interfaces/share/tutorial_interfaces/cmake/tutorial_interfaces__rosidl_typesupport_introspection_cExport.cmake
[13.856s] -- Installing: /home/simon/Documents/ARO/ros2_ws/install/tutorial_interfaces/share/tutorial_interfaces/cmake/tutorial_interfaces__rosidl_typesupport_introspection_cExport-noconfig.cmake
[13.856s] -- Installing: /home/simon/Documents/ARO/ros2_ws/install/tutorial_interfaces/share/tutorial_interfaces/cmake/tutorial_interfaces__rosidl_typesupport_cExport.cmake
[13.856s] -- Installing: /home/simon/Documents/ARO/ros2_ws/install/tutorial_interfaces/share/tutorial_interfaces/cmake/tutorial_interfaces__rosidl_typesupport_cExport-noconfig.cmake
[13.857s] -- Installing: /home/simon/Documents/ARO/ros2_ws/install/tutorial_interfaces/share/tutorial_interfaces/cmake/export_tutorial_interfaces__rosidl_generator_cppExport.cmake
[13.857s] -- Installing: /home/simon/Documents/ARO/ros2_ws/install/tutorial_interfaces/share/tutorial_interfaces/cmake/export_tutorial_interfaces__rosidl_typesupport_fastrtps_cppExport.cmake
[13.857s] -- Installing: /home/simon/Documents/ARO/ros2_ws/install/tutorial_interfaces/share/tutorial_interfaces/cmake/export_tutorial_interfaces__rosidl_typesupport_fastrtps_cppExport-noconfig.cmake
[13.857s] -- Installing: /home/simon/Documents/ARO/ros2_ws/install/tutorial_interfaces/share/tutorial_interfaces/cmake/tutorial_interfaces__rosidl_typesupport_introspection_cppExport.cmake
[13.857s] -- Installing: /home/simon/Documents/ARO/ros2_ws/install/tutorial_interfaces/share/tutorial_interfaces/cmake/tutorial_interfaces__rosidl_typesupport_introspection_cppExport-noconfig.cmake
[13.858s] -- Installing: /home/simon/Documents/ARO/ros2_ws/install/tutorial_interfaces/share/tutorial_interfaces/cmake/tutorial_interfaces__rosidl_typesupport_cppExport.cmake
[13.858s] -- Installing: /home/simon/Documents/ARO/ros2_ws/install/tutorial_interfaces/share/tutorial_interfaces/cmake/tutorial_interfaces__rosidl_typesupport_cppExport-noconfig.cmake
[13.858s] -- Installing: /home/simon/Documents/ARO/ros2_ws/install/tutorial_interfaces/share/tutorial_interfaces/cmake/export_tutorial_interfaces__rosidl_generator_pyExport.cmake
[13.858s] -- Installing: /home/simon/Documents/ARO/ros2_ws/install/tutorial_interfaces/share/tutorial_interfaces/cmake/export_tutorial_interfaces__rosidl_generator_pyExport-noconfig.cmake
[13.859s] -- Installing: /home/simon/Documents/ARO/ros2_ws/install/tutorial_interfaces/share/tutorial_interfaces/cmake/rosidl_cmake-extras.cmake
[13.859s] -- Installing: /home/simon/Documents/ARO/ros2_ws/install/tutorial_interfaces/share/tutorial_interfaces/cmake/ament_cmake_export_dependencies-extras.cmake
[13.859s] -- Installing: /home/simon/Documents/ARO/ros2_ws/install/tutorial_interfaces/share/tutorial_interfaces/cmake/ament_cmake_export_include_directories-extras.cmake
[13.859s] -- Installing: /home/simon/Documents/ARO/ros2_ws/install/tutorial_interfaces/share/tutorial_interfaces/cmake/ament_cmake_export_libraries-extras.cmake
[13.860s] -- Installing: /home/simon/Documents/ARO/ros2_ws/install/tutorial_interfaces/share/tutorial_interfaces/cmake/ament_cmake_export_targets-extras.cmake
[13.860s] -- Installing: /home/simon/Documents/ARO/ros2_ws/install/tutorial_interfaces/share/tutorial_interfaces/cmake/rosidl_cmake_export_typesupport_targets-extras.cmake
[13.860s] -- Installing: /home/simon/Documents/ARO/ros2_ws/install/tutorial_interfaces/share/tutorial_interfaces/cmake/rosidl_cmake_export_typesupport_libraries-extras.cmake
[13.860s] -- Installing: /home/simon/Documents/ARO/ros2_ws/install/tutorial_interfaces/share/tutorial_interfaces/cmake/tutorial_interfacesConfig.cmake
[13.861s] -- Installing: /home/simon/Documents/ARO/ros2_ws/install/tutorial_interfaces/share/tutorial_interfaces/cmake/tutorial_interfacesConfig-version.cmake
[13.861s] -- Installing: /home/simon/Documents/ARO/ros2_ws/install/tutorial_interfaces/share/tutorial_interfaces/package.xml
[13.865s] Invoked command in '/home/simon/Documents/ARO/ros2_ws/build/tutorial_interfaces' returned '0': CMAKE_PREFIX_PATH=${CMAKE_PREFIX_PATH}:/home/simon/Documents/ARO/ros2_ws/install/project:/home/simon/Documents/ARO/ros2_ws/install/mi_paquete_python:/home/simon/Documents/ARO/ros2_ws/install/trabajo:/home/simon/Documents/ARO/ros2_ws/install/minimal_launch:/home/simon/Documents/ARO/ros2_ws/install/launch_testing_examples:/home/simon/Documents/ARO/ros2_ws/install/examples_rclpy_minimal_subscriber:/home/simon/Documents/ARO/ros2_ws/install/examples_rclpy_minimal_service:/home/simon/Documents/ARO/ros2_ws/install/examples_rclpy_minimal_publisher:/home/simon/Documents/ARO/ros2_ws/install/examples_rclpy_minimal_client:/home/simon/Documents/ARO/ros2_ws/install/examples_rclpy_minimal_action_server:/home/simon/Documents/ARO/ros2_ws/install/examples_rclpy_minimal_action_client:/home/simon/Documents/ARO/ros2_ws/src/install/mi_paquete_python:/home/simon/Documents/ARO/ros2_ws/src/install/launch_testing_examples:/home/simon/Documents/ARO/ros2_ws/src/install/examples_rclpy_minimal_subscriber:/home/simon/Documents/ARO/ros2_ws/src/install/examples_rclpy_minimal_service:/home/simon/Documents/ARO/ros2_ws/src/install/examples_rclpy_minimal_publisher:/home/simon/Documents/ARO/ros2_ws/src/install/examples_rclpy_minimal_client:/home/simon/Documents/ARO/ros2_ws/src/install/examples_rclpy_minimal_action_server:/home/simon/Documents/ARO/ros2_ws/src/install/examples_rclpy_minimal_action_client:/home/simon/Documents/ARO/turtlebot3_ws/install/turtlebot3_teleop:/home/simon/Documents/ARO/turtlebot3_ws/install/turtlebot3_example:/opt/ros/humble /usr/bin/cmake --install /home/simon/Documents/ARO/ros2_ws/build/tutorial_interfaces
