[0.036s] Invoking command in '/home/simon/Documents/ARO/turtlebot3_ws/build/turtlebot3_msgs': /usr/bin/cmake /home/simon/Documents/ARO/turtlebot3_ws/src/turtlebot3/turtlebot3_msgs -DAMENT_CMAKE_SYMLINK_INSTALL=1 -DCMAKE_INSTALL_PREFIX=/home/simon/Documents/ARO/turtlebot3_ws/install/turtlebot3_msgs
[0.137s] -- The C compiler identification is GNU 11.4.0
[0.236s] -- The CXX compiler identification is GNU 11.4.0
[0.247s] -- Detecting C compiler ABI info
[0.334s] -- Detecting C compiler ABI info - done
[0.344s] -- Check for working C compiler: /usr/bin/cc - skipped
[0.345s] -- Detecting C compile features
[0.345s] -- Detecting C compile features - done
[0.349s] -- Detecting CXX compiler ABI info
[0.468s] -- Detecting CXX compiler ABI info - done
[0.479s] -- Check for working CXX compiler: /usr/bin/c++ - skipped
[0.480s] -- Detecting CXX compile features
[0.480s] -- Detecting CXX compile features - done
[0.503s] -- Configuring incomplete, errors occurred!
[0.503s] See also "/home/simon/Documents/ARO/turtlebot3_ws/build/turtlebot3_msgs/CMakeFiles/CMakeOutput.log".
[0.504s] [31mCMake Error at CMakeLists.txt:18 (find_package):
[0.504s]   By not providing "Findaction_msgs.cmake" in CMAKE_MODULE_PATH this project
[0.504s]   has asked CMake to find a package configuration file provided by
[0.504s]   "action_msgs", but CMake did not find one.
[0.505s] 
[0.505s]   Could not find a package configuration file provided by "action_msgs" with
[0.505s]   any of the following names:
[0.505s] 
[0.506s]     action_msgsConfig.cmake
[0.506s]     action_msgs-config.cmake
[0.507s] 
[0.507s]   Add the installation prefix of "action_msgs" to CMAKE_PREFIX_PATH or set
[0.507s]   "action_msgs_DIR" to a directory containing one of the above files.  If
[0.507s]   "action_msgs" provides a separate development package or SDK, be sure it
[0.508s]   has been installed.
[0.509s] 
[0.510s] [0m
