[2.317s] Invoking command in '/home/simon/Documents/ARO/ros2_ws/build/minimal_interfaces': CMAKE_PREFIX_PATH=${CMAKE_PREFIX_PATH}:/home/simon/Documents/ARO/ros2_ws/src/install/mi_paquete_python:/home/simon/Documents/ARO/ros2_ws/src/install/launch_testing_examples:/home/simon/Documents/ARO/ros2_ws/src/install/examples_rclpy_minimal_subscriber:/home/simon/Documents/ARO/ros2_ws/src/install/examples_rclpy_minimal_service:/home/simon/Documents/ARO/ros2_ws/src/install/examples_rclpy_minimal_publisher:/home/simon/Documents/ARO/ros2_ws/src/install/examples_rclpy_minimal_client:/home/simon/Documents/ARO/ros2_ws/src/install/examples_rclpy_minimal_action_server:/home/simon/Documents/ARO/ros2_ws/src/install/examples_rclpy_minimal_action_client:/home/simon/Documents/ARO/turtlebot3_ws/install/turtlebot3_teleop:/home/simon/Documents/ARO/turtlebot3_ws/install/turtlebot3_example:/opt/ros/humble /usr/bin/cmake /home/simon/Documents/ARO/ros2_ws/src/ROS2_examples/rclpy/interfaces/minimal_interfaces -DCMAKE_INSTALL_PREFIX=/home/simon/Documents/ARO/ros2_ws/install/minimal_interfaces
[2.376s] -- The C compiler identification is GNU 11.4.0
[2.436s] -- The CXX compiler identification is GNU 11.4.0
[2.445s] -- Detecting C compiler ABI info
[2.524s] -- Detecting C compiler ABI info - done
[2.530s] -- Check for working C compiler: /usr/bin/cc - skipped
[2.530s] -- Detecting C compile features
[2.531s] -- Detecting C compile features - done
[2.533s] -- Detecting CXX compiler ABI info
[2.623s] -- Detecting CXX compiler ABI info - done
[2.630s] -- Check for working CXX compiler: /usr/bin/c++ - skipped
[2.630s] -- Detecting CXX compile features
[2.630s] -- Detecting CXX compile features - done
[2.637s] -- Found ament_cmake: 1.3.5 (/opt/ros/humble/share/ament_cmake/cmake)
[3.000s] -- Found Python3: /usr/bin/python3.10 (found version "3.10.12") found components: Interpreter 
[3.193s] -- Found rosidl_default_generators: 1.2.0 (/opt/ros/humble/share/rosidl_default_generators/cmake)
[3.208s] -- Using all available rosidl_typesupport_c: rosidl_typesupport_fastrtps_c;rosidl_typesupport_introspection_c
[3.233s] -- Found rosidl_adapter: 3.1.5 (/opt/ros/humble/share/rosidl_adapter/cmake)
[3.355s] -- Using all available rosidl_typesupport_cpp: rosidl_typesupport_fastrtps_cpp;rosidl_typesupport_introspection_cpp
[3.924s] -- Found ament_cmake_ros: 0.10.0 (/opt/ros/humble/share/ament_cmake_ros/cmake)
[4.234s] -- Using all available rosidl_typesupport_c: rosidl_typesupport_fastrtps_c;rosidl_typesupport_introspection_c
[4.596s] -- Using all available rosidl_typesupport_cpp: rosidl_typesupport_fastrtps_cpp;rosidl_typesupport_introspection_cpp
[4.652s] -- Found PythonInterp: /usr/bin/python3 (found suitable version "3.10.12", minimum required is "3.6") 
[4.660s] -- Found python_cmake_module: 0.10.0 (/opt/ros/humble/share/python_cmake_module/cmake)
[4.729s] -- Found PythonLibs: /usr/lib/x86_64-linux-gnu/libpython3.10.so (found suitable version "3.10.12", minimum required is "3.5") 
[4.730s] -- Using PYTHON_EXECUTABLE: /usr/bin/python3
[4.730s] -- Using PYTHON_INCLUDE_DIRS: /usr/include/python3.10
[4.730s] -- Using PYTHON_LIBRARIES: /usr/lib/x86_64-linux-gnu/libpython3.10.so
[4.787s] -- Found PythonExtra: .so  
[4.877s] -- Configuring done
[4.942s] -- Generating done
[4.949s] -- Build files have been written to: /home/simon/Documents/ARO/ros2_ws/build/minimal_interfaces
[4.976s] Invoked command in '/home/simon/Documents/ARO/ros2_ws/build/minimal_interfaces' returned '0': CMAKE_PREFIX_PATH=${CMAKE_PREFIX_PATH}:/home/simon/Documents/ARO/ros2_ws/src/install/mi_paquete_python:/home/simon/Documents/ARO/ros2_ws/src/install/launch_testing_examples:/home/simon/Documents/ARO/ros2_ws/src/install/examples_rclpy_minimal_subscriber:/home/simon/Documents/ARO/ros2_ws/src/install/examples_rclpy_minimal_service:/home/simon/Documents/ARO/ros2_ws/src/install/examples_rclpy_minimal_publisher:/home/simon/Documents/ARO/ros2_ws/src/install/examples_rclpy_minimal_client:/home/simon/Documents/ARO/ros2_ws/src/install/examples_rclpy_minimal_action_server:/home/simon/Documents/ARO/ros2_ws/src/install/examples_rclpy_minimal_action_client:/home/simon/Documents/ARO/turtlebot3_ws/install/turtlebot3_teleop:/home/simon/Documents/ARO/turtlebot3_ws/install/turtlebot3_example:/opt/ros/humble /usr/bin/cmake /home/simon/Documents/ARO/ros2_ws/src/ROS2_examples/rclpy/interfaces/minimal_interfaces -DCMAKE_INSTALL_PREFIX=/home/simon/Documents/ARO/ros2_ws/install/minimal_interfaces
[4.978s] Invoking command in '/home/simon/Documents/ARO/ros2_ws/build/minimal_interfaces': CMAKE_PREFIX_PATH=${CMAKE_PREFIX_PATH}:/home/simon/Documents/ARO/ros2_ws/src/install/mi_paquete_python:/home/simon/Documents/ARO/ros2_ws/src/install/launch_testing_examples:/home/simon/Documents/ARO/ros2_ws/src/install/examples_rclpy_minimal_subscriber:/home/simon/Documents/ARO/ros2_ws/src/install/examples_rclpy_minimal_service:/home/simon/Documents/ARO/ros2_ws/src/install/examples_rclpy_minimal_publisher:/home/simon/Documents/ARO/ros2_ws/src/install/examples_rclpy_minimal_client:/home/simon/Documents/ARO/ros2_ws/src/install/examples_rclpy_minimal_action_server:/home/simon/Documents/ARO/ros2_ws/src/install/examples_rclpy_minimal_action_client:/home/simon/Documents/ARO/turtlebot3_ws/install/turtlebot3_teleop:/home/simon/Documents/ARO/turtlebot3_ws/install/turtlebot3_example:/opt/ros/humble /usr/bin/cmake --build /home/simon/Documents/ARO/ros2_ws/build/minimal_interfaces -- -j16 -l16
[5.067s] [  3%] [34m[1mGenerating C code for ROS interfaces[0m
[5.103s] [  6%] [34m[1mGenerating C++ code for ROS interfaces[0m
[5.136s] [  6%] Built target ament_cmake_python_copy_minimal_interfaces
[5.701s] [  6%] Built target minimal_interfaces__cpp
[5.731s] [  9%] [34m[1mGenerating C++ type support dispatch for ROS interfaces[0m
[5.777s] [ 12%] [34m[1mGenerating C++ type support for eProsima Fast-RTPS[0m
[5.781s] [ 16%] [34m[1mGenerating C++ introspection for ROS interfaces[0m
[5.782s] running egg_info
[5.784s] creating minimal_interfaces.egg-info
[5.784s] writing minimal_interfaces.egg-info/PKG-INFO
[5.785s] writing dependency_links to minimal_interfaces.egg-info/dependency_links.txt
[5.785s] writing top-level names to minimal_interfaces.egg-info/top_level.txt
[5.786s] writing manifest file 'minimal_interfaces.egg-info/SOURCES.txt'
[5.791s] reading manifest file 'minimal_interfaces.egg-info/SOURCES.txt'
[5.793s] writing manifest file 'minimal_interfaces.egg-info/SOURCES.txt'
[5.886s] [ 19%] [32mBuilding C object CMakeFiles/minimal_interfaces__rosidl_generator_c.dir/rosidl_generator_c/minimal_interfaces/srv/detail/string_service__functions.c.o[0m
[5.896s] [ 19%] Built target ament_cmake_python_build_minimal_interfaces_egg
[6.064s] [ 22%] [32m[1mLinking C shared library libminimal_interfaces__rosidl_generator_c.so[0m
[6.170s] [ 22%] Built target minimal_interfaces__rosidl_generator_c
[6.191s] [ 25%] [34m[1mGenerating C type support dispatch for ROS interfaces[0m
[6.195s] [ 29%] [34m[1mGenerating C type support for eProsima Fast-RTPS[0m
[6.196s] [ 32%] [34m[1mGenerating C introspection for ROS interfaces[0m
[6.266s] [ 35%] [32mBuilding CXX object CMakeFiles/minimal_interfaces__rosidl_typesupport_cpp.dir/rosidl_typesupport_cpp/minimal_interfaces/srv/string_service__type_support.cpp.o[0m
[6.369s] [ 38%] [32mBuilding CXX object CMakeFiles/minimal_interfaces__rosidl_typesupport_fastrtps_cpp.dir/rosidl_typesupport_fastrtps_cpp/minimal_interfaces/srv/detail/dds_fastrtps/string_service__type_support.cpp.o[0m
[6.374s] [ 41%] [32mBuilding CXX object CMakeFiles/minimal_interfaces__rosidl_typesupport_introspection_cpp.dir/rosidl_typesupport_introspection_cpp/minimal_interfaces/srv/detail/string_service__type_support.cpp.o[0m
[6.524s] [ 45%] [32mBuilding CXX object CMakeFiles/minimal_interfaces__rosidl_typesupport_c.dir/rosidl_typesupport_c/minimal_interfaces/srv/string_service__type_support.cpp.o[0m
[6.564s] [ 48%] [32m[1mLinking CXX shared library libminimal_interfaces__rosidl_typesupport_c.so[0m
[6.569s] [ 51%] [32mBuilding CXX object CMakeFiles/minimal_interfaces__rosidl_typesupport_fastrtps_c.dir/rosidl_typesupport_fastrtps_c/minimal_interfaces/srv/detail/string_service__type_support_c.cpp.o[0m
[6.583s] [ 54%] [32mBuilding C object CMakeFiles/minimal_interfaces__rosidl_typesupport_introspection_c.dir/rosidl_typesupport_introspection_c/minimal_interfaces/srv/detail/string_service__type_support.c.o[0m
[6.618s] [ 54%] Built target minimal_interfaces__rosidl_typesupport_c
[6.628s] [ 58%] [32m[1mLinking C shared library libminimal_interfaces__rosidl_typesupport_introspection_c.so[0m
[6.642s] [ 61%] [32m[1mLinking CXX shared library libminimal_interfaces__rosidl_typesupport_cpp.so[0m
[6.668s] [ 61%] Built target minimal_interfaces__rosidl_typesupport_introspection_c
[6.696s] [ 61%] Built target minimal_interfaces__rosidl_typesupport_cpp
[6.772s] [ 64%] [32m[1mLinking CXX shared library libminimal_interfaces__rosidl_typesupport_introspection_cpp.so[0m
[6.801s] [ 67%] [32m[1mLinking CXX shared library libminimal_interfaces__rosidl_typesupport_fastrtps_cpp.so[0m
[6.857s] [ 67%] Built target minimal_interfaces__rosidl_typesupport_introspection_cpp
[6.897s] [ 70%] [32m[1mLinking CXX shared library libminimal_interfaces__rosidl_typesupport_fastrtps_c.so[0m
[6.902s] [ 70%] Built target minimal_interfaces__rosidl_typesupport_fastrtps_cpp
[6.990s] [ 70%] Built target minimal_interfaces__rosidl_typesupport_fastrtps_c
[7.015s] [ 70%] Built target minimal_interfaces
[7.039s] [ 74%] [34m[1mGenerating Python code for ROS interfaces[0m
[7.340s] [ 74%] Built target minimal_interfaces__py
[7.366s] [ 77%] [32mBuilding C object CMakeFiles/minimal_interfaces__rosidl_generator_py.dir/rosidl_generator_py/minimal_interfaces/srv/_string_service_s.c.o[0m
[7.462s] [ 80%] [32m[1mLinking C shared library rosidl_generator_py/minimal_interfaces/libminimal_interfaces__rosidl_generator_py.so[0m
[7.511s] [ 80%] Built target minimal_interfaces__rosidl_generator_py
[7.536s] [ 87%] [32mBuilding C object CMakeFiles/minimal_interfaces__rosidl_typesupport_fastrtps_c__pyext.dir/rosidl_generator_py/minimal_interfaces/_minimal_interfaces_s.ep.rosidl_typesupport_fastrtps_c.c.o[0m
[7.536s] [ 87%] [32mBuilding C object CMakeFiles/minimal_interfaces__rosidl_typesupport_introspection_c__pyext.dir/rosidl_generator_py/minimal_interfaces/_minimal_interfaces_s.ep.rosidl_typesupport_introspection_c.c.o[0m
[7.536s] [ 90%] [32mBuilding C object CMakeFiles/minimal_interfaces__rosidl_typesupport_c__pyext.dir/rosidl_generator_py/minimal_interfaces/_minimal_interfaces_s.ep.rosidl_typesupport_c.c.o[0m
[7.626s] [ 93%] [32m[1mLinking C shared library rosidl_generator_py/minimal_interfaces/minimal_interfaces_s__rosidl_typesupport_c.cpython-310-x86_64-linux-gnu.so[0m
[7.630s] [ 96%] [32m[1mLinking C shared library rosidl_generator_py/minimal_interfaces/minimal_interfaces_s__rosidl_typesupport_introspection_c.cpython-310-x86_64-linux-gnu.so[0m
[7.635s] [100%] [32m[1mLinking C shared library rosidl_generator_py/minimal_interfaces/minimal_interfaces_s__rosidl_typesupport_fastrtps_c.cpython-310-x86_64-linux-gnu.so[0m
[7.667s] [100%] Built target minimal_interfaces__rosidl_typesupport_c__pyext
[7.668s] [100%] Built target minimal_interfaces__rosidl_typesupport_introspection_c__pyext
[7.676s] [100%] Built target minimal_interfaces__rosidl_typesupport_fastrtps_c__pyext
[7.692s] Invoked command in '/home/simon/Documents/ARO/ros2_ws/build/minimal_interfaces' returned '0': CMAKE_PREFIX_PATH=${CMAKE_PREFIX_PATH}:/home/simon/Documents/ARO/ros2_ws/src/install/mi_paquete_python:/home/simon/Documents/ARO/ros2_ws/src/install/launch_testing_examples:/home/simon/Documents/ARO/ros2_ws/src/install/examples_rclpy_minimal_subscriber:/home/simon/Documents/ARO/ros2_ws/src/install/examples_rclpy_minimal_service:/home/simon/Documents/ARO/ros2_ws/src/install/examples_rclpy_minimal_publisher:/home/simon/Documents/ARO/ros2_ws/src/install/examples_rclpy_minimal_client:/home/simon/Documents/ARO/ros2_ws/src/install/examples_rclpy_minimal_action_server:/home/simon/Documents/ARO/ros2_ws/src/install/examples_rclpy_minimal_action_client:/home/simon/Documents/ARO/turtlebot3_ws/install/turtlebot3_teleop:/home/simon/Documents/ARO/turtlebot3_ws/install/turtlebot3_example:/opt/ros/humble /usr/bin/cmake --build /home/simon/Documents/ARO/ros2_ws/build/minimal_interfaces -- -j16 -l16
[7.807s] Invoking command in '/home/simon/Documents/ARO/ros2_ws/build/minimal_interfaces': CMAKE_PREFIX_PATH=${CMAKE_PREFIX_PATH}:/home/simon/Documents/ARO/ros2_ws/src/install/mi_paquete_python:/home/simon/Documents/ARO/ros2_ws/src/install/launch_testing_examples:/home/simon/Documents/ARO/ros2_ws/src/install/examples_rclpy_minimal_subscriber:/home/simon/Documents/ARO/ros2_ws/src/install/examples_rclpy_minimal_service:/home/simon/Documents/ARO/ros2_ws/src/install/examples_rclpy_minimal_publisher:/home/simon/Documents/ARO/ros2_ws/src/install/examples_rclpy_minimal_client:/home/simon/Documents/ARO/ros2_ws/src/install/examples_rclpy_minimal_action_server:/home/simon/Documents/ARO/ros2_ws/src/install/examples_rclpy_minimal_action_client:/home/simon/Documents/ARO/turtlebot3_ws/install/turtlebot3_teleop:/home/simon/Documents/ARO/turtlebot3_ws/install/turtlebot3_example:/opt/ros/humble /usr/bin/cmake --install /home/simon/Documents/ARO/ros2_ws/build/minimal_interfaces
[7.816s] -- Install configuration: ""
[7.816s] -- Installing: /home/simon/Documents/ARO/ros2_ws/install/minimal_interfaces/share/ament_index/resource_index/rosidl_interfaces/minimal_interfaces
[7.816s] -- Installing: /home/simon/Documents/ARO/ros2_ws/install/minimal_interfaces/include/minimal_interfaces/minimal_interfaces
[7.816s] -- Installing: /home/simon/Documents/ARO/ros2_ws/install/minimal_interfaces/include/minimal_interfaces/minimal_interfaces/srv
[7.816s] -- Installing: /home/simon/Documents/ARO/ros2_ws/install/minimal_interfaces/include/minimal_interfaces/minimal_interfaces/srv/detail
[7.817s] -- Installing: /home/simon/Documents/ARO/ros2_ws/install/minimal_interfaces/include/minimal_interfaces/minimal_interfaces/srv/detail/string_service__functions.c
[7.817s] -- Installing: /home/simon/Documents/ARO/ros2_ws/install/minimal_interfaces/include/minimal_interfaces/minimal_interfaces/srv/detail/string_service__struct.h
[7.817s] -- Installing: /home/simon/Documents/ARO/ros2_ws/install/minimal_interfaces/include/minimal_interfaces/minimal_interfaces/srv/detail/string_service__type_support.h
[7.817s] -- Installing: /home/simon/Documents/ARO/ros2_ws/install/minimal_interfaces/include/minimal_interfaces/minimal_interfaces/srv/detail/string_service__functions.h
[7.817s] -- Installing: /home/simon/Documents/ARO/ros2_ws/install/minimal_interfaces/include/minimal_interfaces/minimal_interfaces/srv/string_service.h
[7.817s] -- Installing: /home/simon/Documents/ARO/ros2_ws/install/minimal_interfaces/include/minimal_interfaces/minimal_interfaces/msg
[7.817s] -- Installing: /home/simon/Documents/ARO/ros2_ws/install/minimal_interfaces/include/minimal_interfaces/minimal_interfaces/msg/rosidl_generator_c__visibility_control.h
[7.817s] -- Installing: /home/simon/Documents/ARO/ros2_ws/install/minimal_interfaces/share/minimal_interfaces/environment/library_path.sh
[7.817s] -- Installing: /home/simon/Documents/ARO/ros2_ws/install/minimal_interfaces/share/minimal_interfaces/environment/library_path.dsv
[7.817s] -- Installing: /home/simon/Documents/ARO/ros2_ws/install/minimal_interfaces/lib/libminimal_interfaces__rosidl_generator_c.so
[7.818s] -- Set runtime path of "/home/simon/Documents/ARO/ros2_ws/install/minimal_interfaces/lib/libminimal_interfaces__rosidl_generator_c.so" to ""
[7.818s] -- Up-to-date: /home/simon/Documents/ARO/ros2_ws/install/minimal_interfaces/include/minimal_interfaces/minimal_interfaces
[7.818s] -- Up-to-date: /home/simon/Documents/ARO/ros2_ws/install/minimal_interfaces/include/minimal_interfaces/minimal_interfaces/srv
[7.818s] -- Up-to-date: /home/simon/Documents/ARO/ros2_ws/install/minimal_interfaces/include/minimal_interfaces/minimal_interfaces/srv/detail
[7.818s] -- Installing: /home/simon/Documents/ARO/ros2_ws/install/minimal_interfaces/include/minimal_interfaces/minimal_interfaces/srv/detail/string_service__rosidl_typesupport_fastrtps_c.h
[7.818s] -- Up-to-date: /home/simon/Documents/ARO/ros2_ws/install/minimal_interfaces/include/minimal_interfaces/minimal_interfaces/msg
[7.818s] -- Installing: /home/simon/Documents/ARO/ros2_ws/install/minimal_interfaces/include/minimal_interfaces/minimal_interfaces/msg/rosidl_typesupport_fastrtps_c__visibility_control.h
[7.818s] -- Installing: /home/simon/Documents/ARO/ros2_ws/install/minimal_interfaces/lib/libminimal_interfaces__rosidl_typesupport_fastrtps_c.so
[7.819s] -- Set runtime path of "/home/simon/Documents/ARO/ros2_ws/install/minimal_interfaces/lib/libminimal_interfaces__rosidl_typesupport_fastrtps_c.so" to ""
[7.819s] -- Up-to-date: /home/simon/Documents/ARO/ros2_ws/install/minimal_interfaces/include/minimal_interfaces/minimal_interfaces
[7.819s] -- Up-to-date: /home/simon/Documents/ARO/ros2_ws/install/minimal_interfaces/include/minimal_interfaces/minimal_interfaces/srv
[7.819s] -- Up-to-date: /home/simon/Documents/ARO/ros2_ws/install/minimal_interfaces/include/minimal_interfaces/minimal_interfaces/srv/detail
[7.819s] -- Installing: /home/simon/Documents/ARO/ros2_ws/install/minimal_interfaces/include/minimal_interfaces/minimal_interfaces/srv/detail/string_service__type_support.c
[7.820s] -- Installing: /home/simon/Documents/ARO/ros2_ws/install/minimal_interfaces/include/minimal_interfaces/minimal_interfaces/srv/detail/string_service__rosidl_typesupport_introspection_c.h
[7.820s] -- Up-to-date: /home/simon/Documents/ARO/ros2_ws/install/minimal_interfaces/include/minimal_interfaces/minimal_interfaces/msg
[7.820s] -- Installing: /home/simon/Documents/ARO/ros2_ws/install/minimal_interfaces/include/minimal_interfaces/minimal_interfaces/msg/rosidl_typesupport_introspection_c__visibility_control.h
[7.820s] -- Installing: /home/simon/Documents/ARO/ros2_ws/install/minimal_interfaces/lib/libminimal_interfaces__rosidl_typesupport_introspection_c.so
[7.820s] -- Set runtime path of "/home/simon/Documents/ARO/ros2_ws/install/minimal_interfaces/lib/libminimal_interfaces__rosidl_typesupport_introspection_c.so" to ""
[7.820s] -- Installing: /home/simon/Documents/ARO/ros2_ws/install/minimal_interfaces/lib/libminimal_interfaces__rosidl_typesupport_c.so
[7.820s] -- Set runtime path of "/home/simon/Documents/ARO/ros2_ws/install/minimal_interfaces/lib/libminimal_interfaces__rosidl_typesupport_c.so" to ""
[7.821s] -- Up-to-date: /home/simon/Documents/ARO/ros2_ws/install/minimal_interfaces/include/minimal_interfaces/minimal_interfaces
[7.821s] -- Up-to-date: /home/simon/Documents/ARO/ros2_ws/install/minimal_interfaces/include/minimal_interfaces/minimal_interfaces/srv
[7.821s] -- Installing: /home/simon/Documents/ARO/ros2_ws/install/minimal_interfaces/include/minimal_interfaces/minimal_interfaces/srv/string_service.hpp
[7.821s] -- Up-to-date: /home/simon/Documents/ARO/ros2_ws/install/minimal_interfaces/include/minimal_interfaces/minimal_interfaces/srv/detail
[7.821s] -- Installing: /home/simon/Documents/ARO/ros2_ws/install/minimal_interfaces/include/minimal_interfaces/minimal_interfaces/srv/detail/string_service__builder.hpp
[7.821s] -- Installing: /home/simon/Documents/ARO/ros2_ws/install/minimal_interfaces/include/minimal_interfaces/minimal_interfaces/srv/detail/string_service__struct.hpp
[7.821s] -- Installing: /home/simon/Documents/ARO/ros2_ws/install/minimal_interfaces/include/minimal_interfaces/minimal_interfaces/srv/detail/string_service__traits.hpp
[7.821s] -- Up-to-date: /home/simon/Documents/ARO/ros2_ws/install/minimal_interfaces/include/minimal_interfaces/minimal_interfaces
[7.821s] -- Up-to-date: /home/simon/Documents/ARO/ros2_ws/install/minimal_interfaces/include/minimal_interfaces/minimal_interfaces/srv
[7.821s] -- Up-to-date: /home/simon/Documents/ARO/ros2_ws/install/minimal_interfaces/include/minimal_interfaces/minimal_interfaces/srv/detail
[7.821s] -- Installing: /home/simon/Documents/ARO/ros2_ws/install/minimal_interfaces/include/minimal_interfaces/minimal_interfaces/srv/detail/dds_fastrtps
[7.821s] -- Installing: /home/simon/Documents/ARO/ros2_ws/install/minimal_interfaces/include/minimal_interfaces/minimal_interfaces/srv/detail/string_service__rosidl_typesupport_fastrtps_cpp.hpp
[7.821s] -- Up-to-date: /home/simon/Documents/ARO/ros2_ws/install/minimal_interfaces/include/minimal_interfaces/minimal_interfaces/msg
[7.821s] -- Installing: /home/simon/Documents/ARO/ros2_ws/install/minimal_interfaces/include/minimal_interfaces/minimal_interfaces/msg/rosidl_typesupport_fastrtps_cpp__visibility_control.h
[7.822s] -- Installing: /home/simon/Documents/ARO/ros2_ws/install/minimal_interfaces/lib/libminimal_interfaces__rosidl_typesupport_fastrtps_cpp.so
[7.822s] -- Set runtime path of "/home/simon/Documents/ARO/ros2_ws/install/minimal_interfaces/lib/libminimal_interfaces__rosidl_typesupport_fastrtps_cpp.so" to ""
[7.822s] -- Up-to-date: /home/simon/Documents/ARO/ros2_ws/install/minimal_interfaces/include/minimal_interfaces/minimal_interfaces
[7.822s] -- Up-to-date: /home/simon/Documents/ARO/ros2_ws/install/minimal_interfaces/include/minimal_interfaces/minimal_interfaces/srv
[7.822s] -- Up-to-date: /home/simon/Documents/ARO/ros2_ws/install/minimal_interfaces/include/minimal_interfaces/minimal_interfaces/srv/detail
[7.822s] -- Installing: /home/simon/Documents/ARO/ros2_ws/install/minimal_interfaces/include/minimal_interfaces/minimal_interfaces/srv/detail/string_service__type_support.cpp
[7.822s] -- Installing: /home/simon/Documents/ARO/ros2_ws/install/minimal_interfaces/include/minimal_interfaces/minimal_interfaces/srv/detail/string_service__rosidl_typesupport_introspection_cpp.hpp
[7.822s] -- Installing: /home/simon/Documents/ARO/ros2_ws/install/minimal_interfaces/lib/libminimal_interfaces__rosidl_typesupport_introspection_cpp.so
[7.823s] -- Set runtime path of "/home/simon/Documents/ARO/ros2_ws/install/minimal_interfaces/lib/libminimal_interfaces__rosidl_typesupport_introspection_cpp.so" to ""
[7.823s] -- Installing: /home/simon/Documents/ARO/ros2_ws/install/minimal_interfaces/lib/libminimal_interfaces__rosidl_typesupport_cpp.so
[7.823s] -- Set runtime path of "/home/simon/Documents/ARO/ros2_ws/install/minimal_interfaces/lib/libminimal_interfaces__rosidl_typesupport_cpp.so" to ""
[7.823s] -- Installing: /home/simon/Documents/ARO/ros2_ws/install/minimal_interfaces/share/minimal_interfaces/environment/pythonpath.sh
[7.823s] -- Installing: /home/simon/Documents/ARO/ros2_ws/install/minimal_interfaces/share/minimal_interfaces/environment/pythonpath.dsv
[7.824s] -- Installing: /home/simon/Documents/ARO/ros2_ws/install/minimal_interfaces/local/lib/python3.10/dist-packages/minimal_interfaces-0.0.0-py3.10.egg-info
[7.824s] -- Installing: /home/simon/Documents/ARO/ros2_ws/install/minimal_interfaces/local/lib/python3.10/dist-packages/minimal_interfaces-0.0.0-py3.10.egg-info/dependency_links.txt
[7.824s] -- Installing: /home/simon/Documents/ARO/ros2_ws/install/minimal_interfaces/local/lib/python3.10/dist-packages/minimal_interfaces-0.0.0-py3.10.egg-info/PKG-INFO
[7.824s] -- Installing: /home/simon/Documents/ARO/ros2_ws/install/minimal_interfaces/local/lib/python3.10/dist-packages/minimal_interfaces-0.0.0-py3.10.egg-info/top_level.txt
[7.824s] -- Installing: /home/simon/Documents/ARO/ros2_ws/install/minimal_interfaces/local/lib/python3.10/dist-packages/minimal_interfaces-0.0.0-py3.10.egg-info/SOURCES.txt
[7.824s] -- Installing: /home/simon/Documents/ARO/ros2_ws/install/minimal_interfaces/local/lib/python3.10/dist-packages/minimal_interfaces
[7.824s] -- Installing: /home/simon/Documents/ARO/ros2_ws/install/minimal_interfaces/local/lib/python3.10/dist-packages/minimal_interfaces/minimal_interfaces_s__rosidl_typesupport_c.cpython-310-x86_64-linux-gnu.so
[7.825s] -- Installing: /home/simon/Documents/ARO/ros2_ws/install/minimal_interfaces/local/lib/python3.10/dist-packages/minimal_interfaces/srv
[7.825s] -- Installing: /home/simon/Documents/ARO/ros2_ws/install/minimal_interfaces/local/lib/python3.10/dist-packages/minimal_interfaces/srv/__init__.py
[7.825s] -- Installing: /home/simon/Documents/ARO/ros2_ws/install/minimal_interfaces/local/lib/python3.10/dist-packages/minimal_interfaces/srv/_string_service_s.c
[7.825s] -- Installing: /home/simon/Documents/ARO/ros2_ws/install/minimal_interfaces/local/lib/python3.10/dist-packages/minimal_interfaces/srv/_string_service.py
[7.825s] -- Installing: /home/simon/Documents/ARO/ros2_ws/install/minimal_interfaces/local/lib/python3.10/dist-packages/minimal_interfaces/__init__.py
[7.825s] -- Installing: /home/simon/Documents/ARO/ros2_ws/install/minimal_interfaces/local/lib/python3.10/dist-packages/minimal_interfaces/_minimal_interfaces_s.ep.rosidl_typesupport_fastrtps_c.c
[7.826s] -- Installing: /home/simon/Documents/ARO/ros2_ws/install/minimal_interfaces/local/lib/python3.10/dist-packages/minimal_interfaces/minimal_interfaces_s__rosidl_typesupport_fastrtps_c.cpython-310-x86_64-linux-gnu.so
[7.826s] -- Installing: /home/simon/Documents/ARO/ros2_ws/install/minimal_interfaces/local/lib/python3.10/dist-packages/minimal_interfaces/libminimal_interfaces__rosidl_generator_py.so
[7.826s] -- Installing: /home/simon/Documents/ARO/ros2_ws/install/minimal_interfaces/local/lib/python3.10/dist-packages/minimal_interfaces/_minimal_interfaces_s.ep.rosidl_typesupport_c.c
[7.826s] -- Installing: /home/simon/Documents/ARO/ros2_ws/install/minimal_interfaces/local/lib/python3.10/dist-packages/minimal_interfaces/minimal_interfaces_s__rosidl_typesupport_introspection_c.cpython-310-x86_64-linux-gnu.so
[7.826s] -- Installing: /home/simon/Documents/ARO/ros2_ws/install/minimal_interfaces/local/lib/python3.10/dist-packages/minimal_interfaces/_minimal_interfaces_s.ep.rosidl_typesupport_introspection_c.c
[7.861s] Listing '/home/simon/Documents/ARO/ros2_ws/install/minimal_interfaces/local/lib/python3.10/dist-packages/minimal_interfaces'...
[7.861s] Compiling '/home/simon/Documents/ARO/ros2_ws/install/minimal_interfaces/local/lib/python3.10/dist-packages/minimal_interfaces/__init__.py'...
[7.861s] Listing '/home/simon/Documents/ARO/ros2_ws/install/minimal_interfaces/local/lib/python3.10/dist-packages/minimal_interfaces/srv'...
[7.861s] Compiling '/home/simon/Documents/ARO/ros2_ws/install/minimal_interfaces/local/lib/python3.10/dist-packages/minimal_interfaces/srv/__init__.py'...
[7.861s] Compiling '/home/simon/Documents/ARO/ros2_ws/install/minimal_interfaces/local/lib/python3.10/dist-packages/minimal_interfaces/srv/_string_service.py'...
[7.866s] -- Installing: /home/simon/Documents/ARO/ros2_ws/install/minimal_interfaces/local/lib/python3.10/dist-packages/minimal_interfaces/minimal_interfaces_s__rosidl_typesupport_fastrtps_c.cpython-310-x86_64-linux-gnu.so
[7.867s] -- Set runtime path of "/home/simon/Documents/ARO/ros2_ws/install/minimal_interfaces/local/lib/python3.10/dist-packages/minimal_interfaces/minimal_interfaces_s__rosidl_typesupport_fastrtps_c.cpython-310-x86_64-linux-gnu.so" to ""
[7.867s] -- Installing: /home/simon/Documents/ARO/ros2_ws/install/minimal_interfaces/local/lib/python3.10/dist-packages/minimal_interfaces/minimal_interfaces_s__rosidl_typesupport_introspection_c.cpython-310-x86_64-linux-gnu.so
[7.867s] -- Set runtime path of "/home/simon/Documents/ARO/ros2_ws/install/minimal_interfaces/local/lib/python3.10/dist-packages/minimal_interfaces/minimal_interfaces_s__rosidl_typesupport_introspection_c.cpython-310-x86_64-linux-gnu.so" to ""
[7.867s] -- Installing: /home/simon/Documents/ARO/ros2_ws/install/minimal_interfaces/local/lib/python3.10/dist-packages/minimal_interfaces/minimal_interfaces_s__rosidl_typesupport_c.cpython-310-x86_64-linux-gnu.so
[7.867s] -- Set runtime path of "/home/simon/Documents/ARO/ros2_ws/install/minimal_interfaces/local/lib/python3.10/dist-packages/minimal_interfaces/minimal_interfaces_s__rosidl_typesupport_c.cpython-310-x86_64-linux-gnu.so" to ""
[7.868s] -- Installing: /home/simon/Documents/ARO/ros2_ws/install/minimal_interfaces/lib/libminimal_interfaces__rosidl_generator_py.so
[7.868s] -- Set runtime path of "/home/simon/Documents/ARO/ros2_ws/install/minimal_interfaces/lib/libminimal_interfaces__rosidl_generator_py.so" to ""
[7.868s] -- Installing: /home/simon/Documents/ARO/ros2_ws/install/minimal_interfaces/share/minimal_interfaces/srv/StringService.idl
[7.868s] -- Installing: /home/simon/Documents/ARO/ros2_ws/install/minimal_interfaces/share/minimal_interfaces/srv/StringService.srv
[7.868s] -- Installing: /home/simon/Documents/ARO/ros2_ws/install/minimal_interfaces/share/minimal_interfaces/srv/StringService_Request.msg
[7.868s] -- Installing: /home/simon/Documents/ARO/ros2_ws/install/minimal_interfaces/share/minimal_interfaces/srv/StringService_Response.msg
[7.869s] -- Installing: /home/simon/Documents/ARO/ros2_ws/install/minimal_interfaces/share/ament_index/resource_index/package_run_dependencies/minimal_interfaces
[7.869s] -- Installing: /home/simon/Documents/ARO/ros2_ws/install/minimal_interfaces/share/ament_index/resource_index/parent_prefix_path/minimal_interfaces
[7.869s] -- Installing: /home/simon/Documents/ARO/ros2_ws/install/minimal_interfaces/share/minimal_interfaces/environment/ament_prefix_path.sh
[7.869s] -- Installing: /home/simon/Documents/ARO/ros2_ws/install/minimal_interfaces/share/minimal_interfaces/environment/ament_prefix_path.dsv
[7.869s] -- Installing: /home/simon/Documents/ARO/ros2_ws/install/minimal_interfaces/share/minimal_interfaces/environment/path.sh
[7.869s] -- Installing: /home/simon/Documents/ARO/ros2_ws/install/minimal_interfaces/share/minimal_interfaces/environment/path.dsv
[7.869s] -- Installing: /home/simon/Documents/ARO/ros2_ws/install/minimal_interfaces/share/minimal_interfaces/local_setup.bash
[7.870s] -- Installing: /home/simon/Documents/ARO/ros2_ws/install/minimal_interfaces/share/minimal_interfaces/local_setup.sh
[7.870s] -- Installing: /home/simon/Documents/ARO/ros2_ws/install/minimal_interfaces/share/minimal_interfaces/local_setup.zsh
[7.870s] -- Installing: /home/simon/Documents/ARO/ros2_ws/install/minimal_interfaces/share/minimal_interfaces/local_setup.dsv
[7.870s] -- Installing: /home/simon/Documents/ARO/ros2_ws/install/minimal_interfaces/share/minimal_interfaces/package.dsv
[7.870s] -- Installing: /home/simon/Documents/ARO/ros2_ws/install/minimal_interfaces/share/ament_index/resource_index/packages/minimal_interfaces
[7.870s] -- Installing: /home/simon/Documents/ARO/ros2_ws/install/minimal_interfaces/share/minimal_interfaces/cmake/export_minimal_interfaces__rosidl_generator_cExport.cmake
[7.871s] -- Installing: /home/simon/Documents/ARO/ros2_ws/install/minimal_interfaces/share/minimal_interfaces/cmake/export_minimal_interfaces__rosidl_generator_cExport-noconfig.cmake
[7.871s] -- Installing: /home/simon/Documents/ARO/ros2_ws/install/minimal_interfaces/share/minimal_interfaces/cmake/export_minimal_interfaces__rosidl_typesupport_fastrtps_cExport.cmake
[7.871s] -- Installing: /home/simon/Documents/ARO/ros2_ws/install/minimal_interfaces/share/minimal_interfaces/cmake/export_minimal_interfaces__rosidl_typesupport_fastrtps_cExport-noconfig.cmake
[7.871s] -- Installing: /home/simon/Documents/ARO/ros2_ws/install/minimal_interfaces/share/minimal_interfaces/cmake/minimal_interfaces__rosidl_typesupport_introspection_cExport.cmake
[7.871s] -- Installing: /home/simon/Documents/ARO/ros2_ws/install/minimal_interfaces/share/minimal_interfaces/cmake/minimal_interfaces__rosidl_typesupport_introspection_cExport-noconfig.cmake
[7.871s] -- Installing: /home/simon/Documents/ARO/ros2_ws/install/minimal_interfaces/share/minimal_interfaces/cmake/minimal_interfaces__rosidl_typesupport_cExport.cmake
[7.871s] -- Installing: /home/simon/Documents/ARO/ros2_ws/install/minimal_interfaces/share/minimal_interfaces/cmake/minimal_interfaces__rosidl_typesupport_cExport-noconfig.cmake
[7.872s] -- Installing: /home/simon/Documents/ARO/ros2_ws/install/minimal_interfaces/share/minimal_interfaces/cmake/export_minimal_interfaces__rosidl_generator_cppExport.cmake
[7.872s] -- Installing: /home/simon/Documents/ARO/ros2_ws/install/minimal_interfaces/share/minimal_interfaces/cmake/export_minimal_interfaces__rosidl_typesupport_fastrtps_cppExport.cmake
[7.872s] -- Installing: /home/simon/Documents/ARO/ros2_ws/install/minimal_interfaces/share/minimal_interfaces/cmake/export_minimal_interfaces__rosidl_typesupport_fastrtps_cppExport-noconfig.cmake
[7.872s] -- Installing: /home/simon/Documents/ARO/ros2_ws/install/minimal_interfaces/share/minimal_interfaces/cmake/minimal_interfaces__rosidl_typesupport_introspection_cppExport.cmake
[7.872s] -- Installing: /home/simon/Documents/ARO/ros2_ws/install/minimal_interfaces/share/minimal_interfaces/cmake/minimal_interfaces__rosidl_typesupport_introspection_cppExport-noconfig.cmake
[7.872s] -- Installing: /home/simon/Documents/ARO/ros2_ws/install/minimal_interfaces/share/minimal_interfaces/cmake/minimal_interfaces__rosidl_typesupport_cppExport.cmake
[7.872s] -- Installing: /home/simon/Documents/ARO/ros2_ws/install/minimal_interfaces/share/minimal_interfaces/cmake/minimal_interfaces__rosidl_typesupport_cppExport-noconfig.cmake
[7.873s] -- Installing: /home/simon/Documents/ARO/ros2_ws/install/minimal_interfaces/share/minimal_interfaces/cmake/export_minimal_interfaces__rosidl_generator_pyExport.cmake
[7.873s] -- Installing: /home/simon/Documents/ARO/ros2_ws/install/minimal_interfaces/share/minimal_interfaces/cmake/export_minimal_interfaces__rosidl_generator_pyExport-noconfig.cmake
[7.873s] -- Installing: /home/simon/Documents/ARO/ros2_ws/install/minimal_interfaces/share/minimal_interfaces/cmake/rosidl_cmake-extras.cmake
[7.873s] -- Installing: /home/simon/Documents/ARO/ros2_ws/install/minimal_interfaces/share/minimal_interfaces/cmake/ament_cmake_export_include_directories-extras.cmake
[7.873s] -- Installing: /home/simon/Documents/ARO/ros2_ws/install/minimal_interfaces/share/minimal_interfaces/cmake/ament_cmake_export_libraries-extras.cmake
[7.873s] -- Installing: /home/simon/Documents/ARO/ros2_ws/install/minimal_interfaces/share/minimal_interfaces/cmake/ament_cmake_export_targets-extras.cmake
[7.874s] -- Installing: /home/simon/Documents/ARO/ros2_ws/install/minimal_interfaces/share/minimal_interfaces/cmake/rosidl_cmake_export_typesupport_targets-extras.cmake
[7.874s] -- Installing: /home/simon/Documents/ARO/ros2_ws/install/minimal_interfaces/share/minimal_interfaces/cmake/ament_cmake_export_dependencies-extras.cmake
[7.874s] -- Installing: /home/simon/Documents/ARO/ros2_ws/install/minimal_interfaces/share/minimal_interfaces/cmake/rosidl_cmake_export_typesupport_libraries-extras.cmake
[7.874s] -- Installing: /home/simon/Documents/ARO/ros2_ws/install/minimal_interfaces/share/minimal_interfaces/cmake/minimal_interfacesConfig.cmake
[7.874s] -- Installing: /home/simon/Documents/ARO/ros2_ws/install/minimal_interfaces/share/minimal_interfaces/cmake/minimal_interfacesConfig-version.cmake
[7.874s] -- Installing: /home/simon/Documents/ARO/ros2_ws/install/minimal_interfaces/share/minimal_interfaces/package.xml
[7.878s] Invoked command in '/home/simon/Documents/ARO/ros2_ws/build/minimal_interfaces' returned '0': CMAKE_PREFIX_PATH=${CMAKE_PREFIX_PATH}:/home/simon/Documents/ARO/ros2_ws/src/install/mi_paquete_python:/home/simon/Documents/ARO/ros2_ws/src/install/launch_testing_examples:/home/simon/Documents/ARO/ros2_ws/src/install/examples_rclpy_minimal_subscriber:/home/simon/Documents/ARO/ros2_ws/src/install/examples_rclpy_minimal_service:/home/simon/Documents/ARO/ros2_ws/src/install/examples_rclpy_minimal_publisher:/home/simon/Documents/ARO/ros2_ws/src/install/examples_rclpy_minimal_client:/home/simon/Documents/ARO/ros2_ws/src/install/examples_rclpy_minimal_action_server:/home/simon/Documents/ARO/ros2_ws/src/install/examples_rclpy_minimal_action_client:/home/simon/Documents/ARO/turtlebot3_ws/install/turtlebot3_teleop:/home/simon/Documents/ARO/turtlebot3_ws/install/turtlebot3_example:/opt/ros/humble /usr/bin/cmake --install /home/simon/Documents/ARO/ros2_ws/build/minimal_interfaces
