[0.043s] Invoking command in '/home/simon/Documents/ARO/turtlebot3_ws/build/turtlebot3_cartographer': CMAKE_PREFIX_PATH=/opt/ros/humble /usr/bin/cmake /home/simon/Documents/ARO/turtlebot3_ws/src/turtlebot3/turtlebot3/turtlebot3_cartographer -DAMENT_CMAKE_SYMLINK_INSTALL=1 -DCMAKE_INSTALL_PREFIX=/home/simon/Documents/ARO/turtlebot3_ws/install/turtlebot3_cartographer
[0.061s] -- Found ament_cmake: 1.3.5 (/opt/ros/humble/share/ament_cmake/cmake)
[0.335s] -- Found Python3: /usr/bin/python3.10 (found version "3.10.12") found components: Interpreter 
[0.438s] -- Override CMake install command with custom implementation using symlinks instead of copying resources
[0.575s] -- Configuring done
[0.580s] -- Generating done
[0.582s] -- Build files have been written to: /home/simon/Documents/ARO/turtlebot3_ws/build/turtlebot3_cartographer
[0.588s] Invoked command in '/home/simon/Documents/ARO/turtlebot3_ws/build/turtlebot3_cartographer' returned '0': CMAKE_PREFIX_PATH=/opt/ros/humble /usr/bin/cmake /home/simon/Documents/ARO/turtlebot3_ws/src/turtlebot3/turtlebot3/turtlebot3_cartographer -DAMENT_CMAKE_SYMLINK_INSTALL=1 -DCMAKE_INSTALL_PREFIX=/home/simon/Documents/ARO/turtlebot3_ws/install/turtlebot3_cartographer
[0.593s] Invoking command in '/home/simon/Documents/ARO/turtlebot3_ws/build/turtlebot3_cartographer': CMAKE_PREFIX_PATH=/opt/ros/humble /usr/bin/cmake --build /home/simon/Documents/ARO/turtlebot3_ws/build/turtlebot3_cartographer -- -j16 -l16
[0.650s] Invoked command in '/home/simon/Documents/ARO/turtlebot3_ws/build/turtlebot3_cartographer' returned '0': CMAKE_PREFIX_PATH=/opt/ros/humble /usr/bin/cmake --build /home/simon/Documents/ARO/turtlebot3_ws/build/turtlebot3_cartographer -- -j16 -l16
[0.710s] Invoking command in '/home/simon/Documents/ARO/turtlebot3_ws/build/turtlebot3_cartographer': CMAKE_PREFIX_PATH=/opt/ros/humble /usr/bin/cmake --install /home/simon/Documents/ARO/turtlebot3_ws/build/turtlebot3_cartographer
[0.725s] -- Install configuration: ""
[0.726s] -- Execute custom install script
[0.727s] -- Symlinking: /home/simon/Documents/ARO/turtlebot3_ws/install/turtlebot3_cartographer/share/turtlebot3_cartographer/config/turtlebot3_lds_2d.lua
[0.747s] -- Symlinking: /home/simon/Documents/ARO/turtlebot3_ws/install/turtlebot3_cartographer/share/turtlebot3_cartographer/launch/cartographer.launch.py
[0.768s] -- Symlinking: /home/simon/Documents/ARO/turtlebot3_ws/install/turtlebot3_cartographer/share/turtlebot3_cartographer/launch/occupancy_grid.launch.py
[0.791s] -- Symlinking: /home/simon/Documents/ARO/turtlebot3_ws/install/turtlebot3_cartographer/share/turtlebot3_cartographer/rviz/tb3_cartographer.rviz
[0.814s] -- Symlinking: /home/simon/Documents/ARO/turtlebot3_ws/install/turtlebot3_cartographer/share/ament_index/resource_index/package_run_dependencies/turtlebot3_cartographer
[0.836s] -- Symlinking: /home/simon/Documents/ARO/turtlebot3_ws/install/turtlebot3_cartographer/share/ament_index/resource_index/parent_prefix_path/turtlebot3_cartographer
[0.858s] -- Symlinking: /home/simon/Documents/ARO/turtlebot3_ws/install/turtlebot3_cartographer/share/turtlebot3_cartographer/environment/ament_prefix_path.sh
[0.881s] -- Symlinking: /home/simon/Documents/ARO/turtlebot3_ws/install/turtlebot3_cartographer/share/turtlebot3_cartographer/environment/ament_prefix_path.dsv
[0.899s] -- Symlinking: /home/simon/Documents/ARO/turtlebot3_ws/install/turtlebot3_cartographer/share/turtlebot3_cartographer/environment/path.sh
[0.917s] -- Symlinking: /home/simon/Documents/ARO/turtlebot3_ws/install/turtlebot3_cartographer/share/turtlebot3_cartographer/environment/path.dsv
[0.938s] -- Symlinking: /home/simon/Documents/ARO/turtlebot3_ws/install/turtlebot3_cartographer/share/turtlebot3_cartographer/local_setup.bash
[0.957s] -- Symlinking: /home/simon/Documents/ARO/turtlebot3_ws/install/turtlebot3_cartographer/share/turtlebot3_cartographer/local_setup.sh
[0.976s] -- Symlinking: /home/simon/Documents/ARO/turtlebot3_ws/install/turtlebot3_cartographer/share/turtlebot3_cartographer/local_setup.zsh
[0.994s] -- Symlinking: /home/simon/Documents/ARO/turtlebot3_ws/install/turtlebot3_cartographer/share/turtlebot3_cartographer/local_setup.dsv
[1.014s] -- Symlinking: /home/simon/Documents/ARO/turtlebot3_ws/install/turtlebot3_cartographer/share/turtlebot3_cartographer/package.dsv
[1.032s] -- Symlinking: /home/simon/Documents/ARO/turtlebot3_ws/install/turtlebot3_cartographer/share/ament_index/resource_index/packages/turtlebot3_cartographer
[1.052s] -- Symlinking: /home/simon/Documents/ARO/turtlebot3_ws/install/turtlebot3_cartographer/share/turtlebot3_cartographer/cmake/turtlebot3_cartographerConfig.cmake
[1.071s] -- Symlinking: /home/simon/Documents/ARO/turtlebot3_ws/install/turtlebot3_cartographer/share/turtlebot3_cartographer/cmake/turtlebot3_cartographerConfig-version.cmake
[1.090s] -- Symlinking: /home/simon/Documents/ARO/turtlebot3_ws/install/turtlebot3_cartographer/share/turtlebot3_cartographer/package.xml
[1.113s] Invoked command in '/home/simon/Documents/ARO/turtlebot3_ws/build/turtlebot3_cartographer' returned '0': CMAKE_PREFIX_PATH=/opt/ros/humble /usr/bin/cmake --install /home/simon/Documents/ARO/turtlebot3_ws/build/turtlebot3_cartographer
