[2.394s] Invoking command in '/home/simon/Documents/ARO/ros2_ws/build/examples_rclpy_minimal_publisher': PYTHONPATH=/home/simon/Documents/ARO/ros2_ws/build/examples_rclpy_minimal_publisher/prefix_override:/home/simon/Documents/ARO/ros2_ws/install/examples_rclpy_minimal_publisher/lib/python3.10/site-packages:${PYTHONPATH} /usr/bin/python3 setup.py develop --editable --build-directory /home/simon/Documents/ARO/ros2_ws/build/examples_rclpy_minimal_publisher/build --no-deps install_data
[2.727s] running develop
[2.921s] running egg_info
[2.921s] creating examples_rclpy_minimal_publisher.egg-info
[2.922s] writing examples_rclpy_minimal_publisher.egg-info/PKG-INFO
[2.922s] writing dependency_links to examples_rclpy_minimal_publisher.egg-info/dependency_links.txt
[2.922s] writing entry points to examples_rclpy_minimal_publisher.egg-info/entry_points.txt
[2.922s] writing requirements to examples_rclpy_minimal_publisher.egg-info/requires.txt
[2.922s] writing top-level names to examples_rclpy_minimal_publisher.egg-info/top_level.txt
[2.922s] writing manifest file 'examples_rclpy_minimal_publisher.egg-info/SOURCES.txt'
[2.925s] reading manifest file 'examples_rclpy_minimal_publisher.egg-info/SOURCES.txt'
[2.926s] writing manifest file 'examples_rclpy_minimal_publisher.egg-info/SOURCES.txt'
[2.928s] running build_ext
[2.928s] Creating /home/simon/Documents/ARO/ros2_ws/install/examples_rclpy_minimal_publisher/lib/python3.10/site-packages/examples-rclpy-minimal-publisher.egg-link (link to .)
[2.929s] Installing publisher_member_function script to /home/simon/Documents/ARO/ros2_ws/install/examples_rclpy_minimal_publisher/lib/examples_rclpy_minimal_publisher
[2.929s] Installing publisher_old_school script to /home/simon/Documents/ARO/ros2_ws/install/examples_rclpy_minimal_publisher/lib/examples_rclpy_minimal_publisher
[2.929s] 
[2.929s] Installed /home/simon/Documents/ARO/ros2_ws/build/examples_rclpy_minimal_publisher
[2.930s] running install_data
[2.930s] creating /home/simon/Documents/ARO/ros2_ws/install/examples_rclpy_minimal_publisher/share/ament_index
[2.930s] creating /home/simon/Documents/ARO/ros2_ws/install/examples_rclpy_minimal_publisher/share/ament_index/resource_index
[2.930s] creating /home/simon/Documents/ARO/ros2_ws/install/examples_rclpy_minimal_publisher/share/ament_index/resource_index/packages
[2.930s] copying resource/examples_rclpy_minimal_publisher -> /home/simon/Documents/ARO/ros2_ws/install/examples_rclpy_minimal_publisher/share/ament_index/resource_index/packages
[2.931s] copying package.xml -> /home/simon/Documents/ARO/ros2_ws/install/examples_rclpy_minimal_publisher/share/examples_rclpy_minimal_publisher
[3.027s] Invoked command in '/home/simon/Documents/ARO/ros2_ws/build/examples_rclpy_minimal_publisher' returned '0': PYTHONPATH=/home/simon/Documents/ARO/ros2_ws/build/examples_rclpy_minimal_publisher/prefix_override:/home/simon/Documents/ARO/ros2_ws/install/examples_rclpy_minimal_publisher/lib/python3.10/site-packages:${PYTHONPATH} /usr/bin/python3 setup.py develop --editable --build-directory /home/simon/Documents/ARO/ros2_ws/build/examples_rclpy_minimal_publisher/build --no-deps install_data
