[0.779s] Invoking command in '/home/simon/Documents/ARO/ros2_ws/src/build/tutorial_interfaces': CMAKE_PREFIX_PATH=${CMAKE_PREFIX_PATH}:/home/simon/Documents/ARO/ros2_ws/src/install/mi_paquete_python:/home/simon/Documents/ARO/ros2_ws/src/install/launch_testing_examples:/home/simon/Documents/ARO/ros2_ws/src/install/examples_rclpy_minimal_subscriber:/home/simon/Documents/ARO/ros2_ws/src/install/examples_rclpy_minimal_service:/home/simon/Documents/ARO/ros2_ws/src/install/examples_rclpy_minimal_publisher:/home/simon/Documents/ARO/ros2_ws/src/install/examples_rclpy_minimal_client:/home/simon/Documents/ARO/ros2_ws/src/install/examples_rclpy_minimal_action_server:/home/simon/Documents/ARO/ros2_ws/src/install/examples_rclpy_minimal_action_client:/home/simon/Documents/ARO/turtlebot3_ws/install/turtlebot3_teleop:/home/simon/Documents/ARO/turtlebot3_ws/install/turtlebot3_example:/opt/ros/humble /usr/bin/cmake --build /home/simon/Documents/ARO/ros2_ws/src/build/tutorial_interfaces -- -j16 -l16
[2.920s] [35m[1mConsolidate compiler generated dependencies of target tutorial_interfaces__rosidl_generator_c[0m
[2.920s] [  1%] Built target tutorial_interfaces__cpp
[2.921s] [ 12%] Built target tutorial_interfaces__rosidl_generator_c
[2.921s] [ 12%] Built target ament_cmake_python_copy_tutorial_interfaces
[2.923s] [35m[1mConsolidate compiler generated dependencies of target tutorial_interfaces__rosidl_typesupport_introspection_cpp[0m
[2.923s] [35m[1mConsolidate compiler generated dependencies of target tutorial_interfaces__rosidl_typesupport_cpp[0m
[2.924s] [35m[1mConsolidate compiler generated dependencies of target tutorial_interfaces__rosidl_typesupport_fastrtps_cpp[0m
[2.924s] [35m[1mConsolidate compiler generated dependencies of target tutorial_interfaces__rosidl_typesupport_c[0m
[2.924s] [35m[1mConsolidate compiler generated dependencies of target tutorial_interfaces__rosidl_typesupport_introspection_c[0m
[2.924s] [35m[1mConsolidate compiler generated dependencies of target tutorial_interfaces__rosidl_typesupport_fastrtps_c[0m
[2.924s] [ 23%] Built target tutorial_interfaces__rosidl_typesupport_cpp
[2.924s] [ 35%] Built target tutorial_interfaces__rosidl_typesupport_introspection_cpp
[2.925s] [ 57%] Built target tutorial_interfaces__rosidl_typesupport_introspection_c
[2.925s] [ 57%] Built target tutorial_interfaces__rosidl_typesupport_fastrtps_cpp
[2.925s] [ 69%] Built target tutorial_interfaces__rosidl_typesupport_c
[2.925s] [ 80%] Built target tutorial_interfaces__rosidl_typesupport_fastrtps_c
[2.925s] [ 80%] Built target tutorial_interfaces
[2.925s] [ 81%] Built target tutorial_interfaces__py
[2.925s] [35m[1mConsolidate compiler generated dependencies of target tutorial_interfaces__rosidl_generator_py[0m
[2.925s] [ 91%] Built target tutorial_interfaces__rosidl_generator_py
[2.925s] [35m[1mConsolidate compiler generated dependencies of target tutorial_interfaces__rosidl_typesupport_fastrtps_c__pyext[0m
[2.926s] [35m[1mConsolidate compiler generated dependencies of target tutorial_interfaces__rosidl_typesupport_c__pyext[0m
[2.926s] [35m[1mConsolidate compiler generated dependencies of target tutorial_interfaces__rosidl_typesupport_introspection_c__pyext[0m
[2.926s] [ 95%] Built target tutorial_interfaces__rosidl_typesupport_c__pyext
[2.926s] [ 97%] Built target tutorial_interfaces__rosidl_typesupport_fastrtps_c__pyext
[2.926s] [100%] Built target tutorial_interfaces__rosidl_typesupport_introspection_c__pyext
[2.926s] running egg_info
[2.926s] writing tutorial_interfaces.egg-info/PKG-INFO
[2.926s] writing dependency_links to tutorial_interfaces.egg-info/dependency_links.txt
[2.926s] writing top-level names to tutorial_interfaces.egg-info/top_level.txt
[2.926s] reading manifest file 'tutorial_interfaces.egg-info/SOURCES.txt'
[2.927s] writing manifest file 'tutorial_interfaces.egg-info/SOURCES.txt'
[2.927s] [100%] Built target ament_cmake_python_build_tutorial_interfaces_egg
[2.927s] Invoked command in '/home/simon/Documents/ARO/ros2_ws/src/build/tutorial_interfaces' returned '0': CMAKE_PREFIX_PATH=${CMAKE_PREFIX_PATH}:/home/simon/Documents/ARO/ros2_ws/src/install/mi_paquete_python:/home/simon/Documents/ARO/ros2_ws/src/install/launch_testing_examples:/home/simon/Documents/ARO/ros2_ws/src/install/examples_rclpy_minimal_subscriber:/home/simon/Documents/ARO/ros2_ws/src/install/examples_rclpy_minimal_service:/home/simon/Documents/ARO/ros2_ws/src/install/examples_rclpy_minimal_publisher:/home/simon/Documents/ARO/ros2_ws/src/install/examples_rclpy_minimal_client:/home/simon/Documents/ARO/ros2_ws/src/install/examples_rclpy_minimal_action_server:/home/simon/Documents/ARO/ros2_ws/src/install/examples_rclpy_minimal_action_client:/home/simon/Documents/ARO/turtlebot3_ws/install/turtlebot3_teleop:/home/simon/Documents/ARO/turtlebot3_ws/install/turtlebot3_example:/opt/ros/humble /usr/bin/cmake --build /home/simon/Documents/ARO/ros2_ws/src/build/tutorial_interfaces -- -j16 -l16
[3.264s] Invoking command in '/home/simon/Documents/ARO/ros2_ws/src/build/tutorial_interfaces': CMAKE_PREFIX_PATH=${CMAKE_PREFIX_PATH}:/home/simon/Documents/ARO/ros2_ws/src/install/mi_paquete_python:/home/simon/Documents/ARO/ros2_ws/src/install/launch_testing_examples:/home/simon/Documents/ARO/ros2_ws/src/install/examples_rclpy_minimal_subscriber:/home/simon/Documents/ARO/ros2_ws/src/install/examples_rclpy_minimal_service:/home/simon/Documents/ARO/ros2_ws/src/install/examples_rclpy_minimal_publisher:/home/simon/Documents/ARO/ros2_ws/src/install/examples_rclpy_minimal_client:/home/simon/Documents/ARO/ros2_ws/src/install/examples_rclpy_minimal_action_server:/home/simon/Documents/ARO/ros2_ws/src/install/examples_rclpy_minimal_action_client:/home/simon/Documents/ARO/turtlebot3_ws/install/turtlebot3_teleop:/home/simon/Documents/ARO/turtlebot3_ws/install/turtlebot3_example:/opt/ros/humble /usr/bin/cmake --install /home/simon/Documents/ARO/ros2_ws/src/build/tutorial_interfaces
[3.278s] -- Install configuration: ""
[3.278s] -- Installing: /home/simon/Documents/ARO/ros2_ws/src/install/tutorial_interfaces/share/ament_index/resource_index/rosidl_interfaces/tutorial_interfaces
[3.279s] -- Installing: /home/simon/Documents/ARO/ros2_ws/src/install/tutorial_interfaces/include/tutorial_interfaces/tutorial_interfaces
[3.279s] -- Installing: /home/simon/Documents/ARO/ros2_ws/src/install/tutorial_interfaces/include/tutorial_interfaces/tutorial_interfaces/action
[3.279s] -- Installing: /home/simon/Documents/ARO/ros2_ws/src/install/tutorial_interfaces/include/tutorial_interfaces/tutorial_interfaces/action/circle.h
[3.279s] -- Installing: /home/simon/Documents/ARO/ros2_ws/src/install/tutorial_interfaces/include/tutorial_interfaces/tutorial_interfaces/action/compute_sum.h
[3.280s] -- Installing: /home/simon/Documents/ARO/ros2_ws/src/install/tutorial_interfaces/include/tutorial_interfaces/tutorial_interfaces/action/detail
[3.280s] -- Installing: /home/simon/Documents/ARO/ros2_ws/src/install/tutorial_interfaces/include/tutorial_interfaces/tutorial_interfaces/action/detail/compute_sum__struct.h
[3.280s] -- Installing: /home/simon/Documents/ARO/ros2_ws/src/install/tutorial_interfaces/include/tutorial_interfaces/tutorial_interfaces/action/detail/compute_sum__functions.c
[3.280s] -- Installing: /home/simon/Documents/ARO/ros2_ws/src/install/tutorial_interfaces/include/tutorial_interfaces/tutorial_interfaces/action/detail/circle__type_support.h
[3.281s] -- Installing: /home/simon/Documents/ARO/ros2_ws/src/install/tutorial_interfaces/include/tutorial_interfaces/tutorial_interfaces/action/detail/compute_sum__functions.h
[3.282s] -- Installing: /home/simon/Documents/ARO/ros2_ws/src/install/tutorial_interfaces/include/tutorial_interfaces/tutorial_interfaces/action/detail/circle__functions.h
[3.282s] -- Installing: /home/simon/Documents/ARO/ros2_ws/src/install/tutorial_interfaces/include/tutorial_interfaces/tutorial_interfaces/action/detail/compute_sum__type_support.h
[3.282s] -- Installing: /home/simon/Documents/ARO/ros2_ws/src/install/tutorial_interfaces/include/tutorial_interfaces/tutorial_interfaces/action/detail/circle__functions.c
[3.282s] -- Installing: /home/simon/Documents/ARO/ros2_ws/src/install/tutorial_interfaces/include/tutorial_interfaces/tutorial_interfaces/action/detail/circle__struct.h
[3.282s] -- Installing: /home/simon/Documents/ARO/ros2_ws/src/install/tutorial_interfaces/include/tutorial_interfaces/tutorial_interfaces/srv
[3.283s] -- Installing: /home/simon/Documents/ARO/ros2_ws/src/install/tutorial_interfaces/include/tutorial_interfaces/tutorial_interfaces/srv/add_three_ints.h
[3.283s] -- Installing: /home/simon/Documents/ARO/ros2_ws/src/install/tutorial_interfaces/include/tutorial_interfaces/tutorial_interfaces/srv/circle.h
[3.283s] -- Installing: /home/simon/Documents/ARO/ros2_ws/src/install/tutorial_interfaces/include/tutorial_interfaces/tutorial_interfaces/srv/detail
[3.283s] -- Installing: /home/simon/Documents/ARO/ros2_ws/src/install/tutorial_interfaces/include/tutorial_interfaces/tutorial_interfaces/srv/detail/add_three_ints__type_support.h
[3.284s] -- Installing: /home/simon/Documents/ARO/ros2_ws/src/install/tutorial_interfaces/include/tutorial_interfaces/tutorial_interfaces/srv/detail/add_three_ints__functions.h
[3.284s] -- Installing: /home/simon/Documents/ARO/ros2_ws/src/install/tutorial_interfaces/include/tutorial_interfaces/tutorial_interfaces/srv/detail/add_three_ints__functions.c
[3.284s] -- Installing: /home/simon/Documents/ARO/ros2_ws/src/install/tutorial_interfaces/include/tutorial_interfaces/tutorial_interfaces/srv/detail/circle__type_support.h
[3.284s] -- Installing: /home/simon/Documents/ARO/ros2_ws/src/install/tutorial_interfaces/include/tutorial_interfaces/tutorial_interfaces/srv/detail/circle__functions.h
[3.284s] -- Installing: /home/simon/Documents/ARO/ros2_ws/src/install/tutorial_interfaces/include/tutorial_interfaces/tutorial_interfaces/srv/detail/add_three_ints__struct.h
[3.285s] -- Installing: /home/simon/Documents/ARO/ros2_ws/src/install/tutorial_interfaces/include/tutorial_interfaces/tutorial_interfaces/srv/detail/circle__functions.c
[3.285s] -- Installing: /home/simon/Documents/ARO/ros2_ws/src/install/tutorial_interfaces/include/tutorial_interfaces/tutorial_interfaces/srv/detail/circle__struct.h
[3.285s] -- Installing: /home/simon/Documents/ARO/ros2_ws/src/install/tutorial_interfaces/include/tutorial_interfaces/tutorial_interfaces/msg
[3.286s] -- Installing: /home/simon/Documents/ARO/ros2_ws/src/install/tutorial_interfaces/include/tutorial_interfaces/tutorial_interfaces/msg/num.h
[3.286s] -- Installing: /home/simon/Documents/ARO/ros2_ws/src/install/tutorial_interfaces/include/tutorial_interfaces/tutorial_interfaces/msg/sphere.h
[3.286s] -- Installing: /home/simon/Documents/ARO/ros2_ws/src/install/tutorial_interfaces/include/tutorial_interfaces/tutorial_interfaces/msg/detail
[3.286s] -- Installing: /home/simon/Documents/ARO/ros2_ws/src/install/tutorial_interfaces/include/tutorial_interfaces/tutorial_interfaces/msg/detail/sphere__functions.c
[3.286s] -- Installing: /home/simon/Documents/ARO/ros2_ws/src/install/tutorial_interfaces/include/tutorial_interfaces/tutorial_interfaces/msg/detail/num__struct.h
[3.286s] -- Installing: /home/simon/Documents/ARO/ros2_ws/src/install/tutorial_interfaces/include/tutorial_interfaces/tutorial_interfaces/msg/detail/num__functions.h
[3.287s] -- Installing: /home/simon/Documents/ARO/ros2_ws/src/install/tutorial_interfaces/include/tutorial_interfaces/tutorial_interfaces/msg/detail/sphere__functions.h
[3.287s] -- Installing: /home/simon/Documents/ARO/ros2_ws/src/install/tutorial_interfaces/include/tutorial_interfaces/tutorial_interfaces/msg/detail/sphere__type_support.h
[3.287s] -- Installing: /home/simon/Documents/ARO/ros2_ws/src/install/tutorial_interfaces/include/tutorial_interfaces/tutorial_interfaces/msg/detail/num__functions.c
[3.287s] -- Installing: /home/simon/Documents/ARO/ros2_ws/src/install/tutorial_interfaces/include/tutorial_interfaces/tutorial_interfaces/msg/detail/num__type_support.h
[3.288s] -- Installing: /home/simon/Documents/ARO/ros2_ws/src/install/tutorial_interfaces/include/tutorial_interfaces/tutorial_interfaces/msg/detail/sphere__struct.h
[3.288s] -- Installing: /home/simon/Documents/ARO/ros2_ws/src/install/tutorial_interfaces/include/tutorial_interfaces/tutorial_interfaces/msg/rosidl_generator_c__visibility_control.h
[3.288s] -- Installing: /home/simon/Documents/ARO/ros2_ws/src/install/tutorial_interfaces/share/tutorial_interfaces/environment/library_path.sh
[3.288s] -- Installing: /home/simon/Documents/ARO/ros2_ws/src/install/tutorial_interfaces/share/tutorial_interfaces/environment/library_path.dsv
[3.289s] -- Installing: /home/simon/Documents/ARO/ros2_ws/src/install/tutorial_interfaces/lib/libtutorial_interfaces__rosidl_generator_c.so
[3.290s] -- Set runtime path of "/home/simon/Documents/ARO/ros2_ws/src/install/tutorial_interfaces/lib/libtutorial_interfaces__rosidl_generator_c.so" to ""
[3.290s] -- Up-to-date: /home/simon/Documents/ARO/ros2_ws/src/install/tutorial_interfaces/include/tutorial_interfaces/tutorial_interfaces
[3.290s] -- Up-to-date: /home/simon/Documents/ARO/ros2_ws/src/install/tutorial_interfaces/include/tutorial_interfaces/tutorial_interfaces/action
[3.290s] -- Up-to-date: /home/simon/Documents/ARO/ros2_ws/src/install/tutorial_interfaces/include/tutorial_interfaces/tutorial_interfaces/action/detail
[3.290s] -- Installing: /home/simon/Documents/ARO/ros2_ws/src/install/tutorial_interfaces/include/tutorial_interfaces/tutorial_interfaces/action/detail/circle__rosidl_typesupport_fastrtps_c.h
[3.290s] -- Installing: /home/simon/Documents/ARO/ros2_ws/src/install/tutorial_interfaces/include/tutorial_interfaces/tutorial_interfaces/action/detail/compute_sum__rosidl_typesupport_fastrtps_c.h
[3.291s] -- Up-to-date: /home/simon/Documents/ARO/ros2_ws/src/install/tutorial_interfaces/include/tutorial_interfaces/tutorial_interfaces/srv
[3.291s] -- Up-to-date: /home/simon/Documents/ARO/ros2_ws/src/install/tutorial_interfaces/include/tutorial_interfaces/tutorial_interfaces/srv/detail
[3.291s] -- Installing: /home/simon/Documents/ARO/ros2_ws/src/install/tutorial_interfaces/include/tutorial_interfaces/tutorial_interfaces/srv/detail/add_three_ints__rosidl_typesupport_fastrtps_c.h
[3.291s] -- Installing: /home/simon/Documents/ARO/ros2_ws/src/install/tutorial_interfaces/include/tutorial_interfaces/tutorial_interfaces/srv/detail/circle__rosidl_typesupport_fastrtps_c.h
[3.291s] -- Up-to-date: /home/simon/Documents/ARO/ros2_ws/src/install/tutorial_interfaces/include/tutorial_interfaces/tutorial_interfaces/msg
[3.292s] -- Up-to-date: /home/simon/Documents/ARO/ros2_ws/src/install/tutorial_interfaces/include/tutorial_interfaces/tutorial_interfaces/msg/detail
[3.292s] -- Installing: /home/simon/Documents/ARO/ros2_ws/src/install/tutorial_interfaces/include/tutorial_interfaces/tutorial_interfaces/msg/detail/num__rosidl_typesupport_fastrtps_c.h
[3.292s] -- Installing: /home/simon/Documents/ARO/ros2_ws/src/install/tutorial_interfaces/include/tutorial_interfaces/tutorial_interfaces/msg/detail/sphere__rosidl_typesupport_fastrtps_c.h
[3.292s] -- Installing: /home/simon/Documents/ARO/ros2_ws/src/install/tutorial_interfaces/include/tutorial_interfaces/tutorial_interfaces/msg/rosidl_typesupport_fastrtps_c__visibility_control.h
[3.292s] -- Installing: /home/simon/Documents/ARO/ros2_ws/src/install/tutorial_interfaces/lib/libtutorial_interfaces__rosidl_typesupport_fastrtps_c.so
[3.293s] -- Set runtime path of "/home/simon/Documents/ARO/ros2_ws/src/install/tutorial_interfaces/lib/libtutorial_interfaces__rosidl_typesupport_fastrtps_c.so" to ""
[3.293s] -- Up-to-date: /home/simon/Documents/ARO/ros2_ws/src/install/tutorial_interfaces/include/tutorial_interfaces/tutorial_interfaces
[3.293s] -- Up-to-date: /home/simon/Documents/ARO/ros2_ws/src/install/tutorial_interfaces/include/tutorial_interfaces/tutorial_interfaces/action
[3.293s] -- Up-to-date: /home/simon/Documents/ARO/ros2_ws/src/install/tutorial_interfaces/include/tutorial_interfaces/tutorial_interfaces/action/detail
[3.294s] -- Installing: /home/simon/Documents/ARO/ros2_ws/src/install/tutorial_interfaces/include/tutorial_interfaces/tutorial_interfaces/action/detail/circle__type_support.c
[3.294s] -- Installing: /home/simon/Documents/ARO/ros2_ws/src/install/tutorial_interfaces/include/tutorial_interfaces/tutorial_interfaces/action/detail/circle__rosidl_typesupport_introspection_c.h
[3.294s] -- Installing: /home/simon/Documents/ARO/ros2_ws/src/install/tutorial_interfaces/include/tutorial_interfaces/tutorial_interfaces/action/detail/compute_sum__type_support.c
[3.294s] -- Installing: /home/simon/Documents/ARO/ros2_ws/src/install/tutorial_interfaces/include/tutorial_interfaces/tutorial_interfaces/action/detail/compute_sum__rosidl_typesupport_introspection_c.h
[3.294s] -- Up-to-date: /home/simon/Documents/ARO/ros2_ws/src/install/tutorial_interfaces/include/tutorial_interfaces/tutorial_interfaces/srv
[3.294s] -- Up-to-date: /home/simon/Documents/ARO/ros2_ws/src/install/tutorial_interfaces/include/tutorial_interfaces/tutorial_interfaces/srv/detail
[3.295s] -- Installing: /home/simon/Documents/ARO/ros2_ws/src/install/tutorial_interfaces/include/tutorial_interfaces/tutorial_interfaces/srv/detail/circle__type_support.c
[3.295s] -- Installing: /home/simon/Documents/ARO/ros2_ws/src/install/tutorial_interfaces/include/tutorial_interfaces/tutorial_interfaces/srv/detail/circle__rosidl_typesupport_introspection_c.h
[3.295s] -- Installing: /home/simon/Documents/ARO/ros2_ws/src/install/tutorial_interfaces/include/tutorial_interfaces/tutorial_interfaces/srv/detail/add_three_ints__type_support.c
[3.295s] -- Installing: /home/simon/Documents/ARO/ros2_ws/src/install/tutorial_interfaces/include/tutorial_interfaces/tutorial_interfaces/srv/detail/add_three_ints__rosidl_typesupport_introspection_c.h
[3.296s] -- Up-to-date: /home/simon/Documents/ARO/ros2_ws/src/install/tutorial_interfaces/include/tutorial_interfaces/tutorial_interfaces/msg
[3.296s] -- Up-to-date: /home/simon/Documents/ARO/ros2_ws/src/install/tutorial_interfaces/include/tutorial_interfaces/tutorial_interfaces/msg/detail
[3.296s] -- Installing: /home/simon/Documents/ARO/ros2_ws/src/install/tutorial_interfaces/include/tutorial_interfaces/tutorial_interfaces/msg/detail/num__type_support.c
[3.296s] -- Installing: /home/simon/Documents/ARO/ros2_ws/src/install/tutorial_interfaces/include/tutorial_interfaces/tutorial_interfaces/msg/detail/sphere__type_support.c
[3.296s] -- Installing: /home/simon/Documents/ARO/ros2_ws/src/install/tutorial_interfaces/include/tutorial_interfaces/tutorial_interfaces/msg/detail/num__rosidl_typesupport_introspection_c.h
[3.297s] -- Installing: /home/simon/Documents/ARO/ros2_ws/src/install/tutorial_interfaces/include/tutorial_interfaces/tutorial_interfaces/msg/detail/sphere__rosidl_typesupport_introspection_c.h
[3.297s] -- Installing: /home/simon/Documents/ARO/ros2_ws/src/install/tutorial_interfaces/include/tutorial_interfaces/tutorial_interfaces/msg/rosidl_typesupport_introspection_c__visibility_control.h
[3.297s] -- Installing: /home/simon/Documents/ARO/ros2_ws/src/install/tutorial_interfaces/lib/libtutorial_interfaces__rosidl_typesupport_introspection_c.so
[3.298s] -- Set runtime path of "/home/simon/Documents/ARO/ros2_ws/src/install/tutorial_interfaces/lib/libtutorial_interfaces__rosidl_typesupport_introspection_c.so" to ""
[3.298s] -- Installing: /home/simon/Documents/ARO/ros2_ws/src/install/tutorial_interfaces/lib/libtutorial_interfaces__rosidl_typesupport_c.so
[3.299s] -- Set runtime path of "/home/simon/Documents/ARO/ros2_ws/src/install/tutorial_interfaces/lib/libtutorial_interfaces__rosidl_typesupport_c.so" to ""
[3.299s] -- Up-to-date: /home/simon/Documents/ARO/ros2_ws/src/install/tutorial_interfaces/include/tutorial_interfaces/tutorial_interfaces
[3.299s] -- Up-to-date: /home/simon/Documents/ARO/ros2_ws/src/install/tutorial_interfaces/include/tutorial_interfaces/tutorial_interfaces/action
[3.299s] -- Installing: /home/simon/Documents/ARO/ros2_ws/src/install/tutorial_interfaces/include/tutorial_interfaces/tutorial_interfaces/action/compute_sum.hpp
[3.300s] -- Installing: /home/simon/Documents/ARO/ros2_ws/src/install/tutorial_interfaces/include/tutorial_interfaces/tutorial_interfaces/action/circle.hpp
[3.300s] -- Up-to-date: /home/simon/Documents/ARO/ros2_ws/src/install/tutorial_interfaces/include/tutorial_interfaces/tutorial_interfaces/action/detail
[3.300s] -- Installing: /home/simon/Documents/ARO/ros2_ws/src/install/tutorial_interfaces/include/tutorial_interfaces/tutorial_interfaces/action/detail/circle__traits.hpp
[3.300s] -- Installing: /home/simon/Documents/ARO/ros2_ws/src/install/tutorial_interfaces/include/tutorial_interfaces/tutorial_interfaces/action/detail/circle__builder.hpp
[3.300s] -- Installing: /home/simon/Documents/ARO/ros2_ws/src/install/tutorial_interfaces/include/tutorial_interfaces/tutorial_interfaces/action/detail/circle__struct.hpp
[3.300s] -- Installing: /home/simon/Documents/ARO/ros2_ws/src/install/tutorial_interfaces/include/tutorial_interfaces/tutorial_interfaces/action/detail/compute_sum__builder.hpp
[3.300s] -- Installing: /home/simon/Documents/ARO/ros2_ws/src/install/tutorial_interfaces/include/tutorial_interfaces/tutorial_interfaces/action/detail/compute_sum__traits.hpp
[3.301s] -- Installing: /home/simon/Documents/ARO/ros2_ws/src/install/tutorial_interfaces/include/tutorial_interfaces/tutorial_interfaces/action/detail/compute_sum__struct.hpp
[3.301s] -- Up-to-date: /home/simon/Documents/ARO/ros2_ws/src/install/tutorial_interfaces/include/tutorial_interfaces/tutorial_interfaces/srv
[3.301s] -- Installing: /home/simon/Documents/ARO/ros2_ws/src/install/tutorial_interfaces/include/tutorial_interfaces/tutorial_interfaces/srv/circle.hpp
[3.301s] -- Installing: /home/simon/Documents/ARO/ros2_ws/src/install/tutorial_interfaces/include/tutorial_interfaces/tutorial_interfaces/srv/add_three_ints.hpp
[3.302s] -- Up-to-date: /home/simon/Documents/ARO/ros2_ws/src/install/tutorial_interfaces/include/tutorial_interfaces/tutorial_interfaces/srv/detail
[3.302s] -- Installing: /home/simon/Documents/ARO/ros2_ws/src/install/tutorial_interfaces/include/tutorial_interfaces/tutorial_interfaces/srv/detail/circle__traits.hpp
[3.302s] -- Installing: /home/simon/Documents/ARO/ros2_ws/src/install/tutorial_interfaces/include/tutorial_interfaces/tutorial_interfaces/srv/detail/circle__builder.hpp
[3.302s] -- Installing: /home/simon/Documents/ARO/ros2_ws/src/install/tutorial_interfaces/include/tutorial_interfaces/tutorial_interfaces/srv/detail/add_three_ints__builder.hpp
[3.302s] -- Installing: /home/simon/Documents/ARO/ros2_ws/src/install/tutorial_interfaces/include/tutorial_interfaces/tutorial_interfaces/srv/detail/circle__struct.hpp
[3.303s] -- Installing: /home/simon/Documents/ARO/ros2_ws/src/install/tutorial_interfaces/include/tutorial_interfaces/tutorial_interfaces/srv/detail/add_three_ints__struct.hpp
[3.303s] -- Installing: /home/simon/Documents/ARO/ros2_ws/src/install/tutorial_interfaces/include/tutorial_interfaces/tutorial_interfaces/srv/detail/add_three_ints__traits.hpp
[3.303s] -- Up-to-date: /home/simon/Documents/ARO/ros2_ws/src/install/tutorial_interfaces/include/tutorial_interfaces/tutorial_interfaces/msg
[3.303s] -- Installing: /home/simon/Documents/ARO/ros2_ws/src/install/tutorial_interfaces/include/tutorial_interfaces/tutorial_interfaces/msg/sphere.hpp
[3.303s] -- Up-to-date: /home/simon/Documents/ARO/ros2_ws/src/install/tutorial_interfaces/include/tutorial_interfaces/tutorial_interfaces/msg/detail
[3.304s] -- Installing: /home/simon/Documents/ARO/ros2_ws/src/install/tutorial_interfaces/include/tutorial_interfaces/tutorial_interfaces/msg/detail/num__struct.hpp
[3.304s] -- Installing: /home/simon/Documents/ARO/ros2_ws/src/install/tutorial_interfaces/include/tutorial_interfaces/tutorial_interfaces/msg/detail/sphere__struct.hpp
[3.304s] -- Installing: /home/simon/Documents/ARO/ros2_ws/src/install/tutorial_interfaces/include/tutorial_interfaces/tutorial_interfaces/msg/detail/num__builder.hpp
[3.304s] -- Installing: /home/simon/Documents/ARO/ros2_ws/src/install/tutorial_interfaces/include/tutorial_interfaces/tutorial_interfaces/msg/detail/num__traits.hpp
[3.304s] -- Installing: /home/simon/Documents/ARO/ros2_ws/src/install/tutorial_interfaces/include/tutorial_interfaces/tutorial_interfaces/msg/detail/sphere__traits.hpp
[3.305s] -- Installing: /home/simon/Documents/ARO/ros2_ws/src/install/tutorial_interfaces/include/tutorial_interfaces/tutorial_interfaces/msg/detail/sphere__builder.hpp
[3.305s] -- Installing: /home/simon/Documents/ARO/ros2_ws/src/install/tutorial_interfaces/include/tutorial_interfaces/tutorial_interfaces/msg/num.hpp
[3.305s] -- Up-to-date: /home/simon/Documents/ARO/ros2_ws/src/install/tutorial_interfaces/include/tutorial_interfaces/tutorial_interfaces
[3.306s] -- Up-to-date: /home/simon/Documents/ARO/ros2_ws/src/install/tutorial_interfaces/include/tutorial_interfaces/tutorial_interfaces/action
[3.306s] -- Up-to-date: /home/simon/Documents/ARO/ros2_ws/src/install/tutorial_interfaces/include/tutorial_interfaces/tutorial_interfaces/action/detail
[3.306s] -- Installing: /home/simon/Documents/ARO/ros2_ws/src/install/tutorial_interfaces/include/tutorial_interfaces/tutorial_interfaces/action/detail/compute_sum__rosidl_typesupport_fastrtps_cpp.hpp
[3.306s] -- Installing: /home/simon/Documents/ARO/ros2_ws/src/install/tutorial_interfaces/include/tutorial_interfaces/tutorial_interfaces/action/detail/circle__rosidl_typesupport_fastrtps_cpp.hpp
[3.306s] -- Installing: /home/simon/Documents/ARO/ros2_ws/src/install/tutorial_interfaces/include/tutorial_interfaces/tutorial_interfaces/action/detail/dds_fastrtps
[3.306s] -- Up-to-date: /home/simon/Documents/ARO/ros2_ws/src/install/tutorial_interfaces/include/tutorial_interfaces/tutorial_interfaces/srv
[3.306s] -- Up-to-date: /home/simon/Documents/ARO/ros2_ws/src/install/tutorial_interfaces/include/tutorial_interfaces/tutorial_interfaces/srv/detail
[3.307s] -- Installing: /home/simon/Documents/ARO/ros2_ws/src/install/tutorial_interfaces/include/tutorial_interfaces/tutorial_interfaces/srv/detail/circle__rosidl_typesupport_fastrtps_cpp.hpp
[3.307s] -- Installing: /home/simon/Documents/ARO/ros2_ws/src/install/tutorial_interfaces/include/tutorial_interfaces/tutorial_interfaces/srv/detail/dds_fastrtps
[3.307s] -- Installing: /home/simon/Documents/ARO/ros2_ws/src/install/tutorial_interfaces/include/tutorial_interfaces/tutorial_interfaces/srv/detail/add_three_ints__rosidl_typesupport_fastrtps_cpp.hpp
[3.307s] -- Up-to-date: /home/simon/Documents/ARO/ros2_ws/src/install/tutorial_interfaces/include/tutorial_interfaces/tutorial_interfaces/msg
[3.307s] -- Installing: /home/simon/Documents/ARO/ros2_ws/src/install/tutorial_interfaces/include/tutorial_interfaces/tutorial_interfaces/msg/rosidl_typesupport_fastrtps_cpp__visibility_control.h
[3.307s] -- Up-to-date: /home/simon/Documents/ARO/ros2_ws/src/install/tutorial_interfaces/include/tutorial_interfaces/tutorial_interfaces/msg/detail
[3.308s] -- Installing: /home/simon/Documents/ARO/ros2_ws/src/install/tutorial_interfaces/include/tutorial_interfaces/tutorial_interfaces/msg/detail/dds_fastrtps
[3.308s] -- Installing: /home/simon/Documents/ARO/ros2_ws/src/install/tutorial_interfaces/include/tutorial_interfaces/tutorial_interfaces/msg/detail/num__rosidl_typesupport_fastrtps_cpp.hpp
[3.308s] -- Installing: /home/simon/Documents/ARO/ros2_ws/src/install/tutorial_interfaces/include/tutorial_interfaces/tutorial_interfaces/msg/detail/sphere__rosidl_typesupport_fastrtps_cpp.hpp
[3.308s] -- Installing: /home/simon/Documents/ARO/ros2_ws/src/install/tutorial_interfaces/lib/libtutorial_interfaces__rosidl_typesupport_fastrtps_cpp.so
[3.309s] -- Set runtime path of "/home/simon/Documents/ARO/ros2_ws/src/install/tutorial_interfaces/lib/libtutorial_interfaces__rosidl_typesupport_fastrtps_cpp.so" to ""
[3.310s] -- Up-to-date: /home/simon/Documents/ARO/ros2_ws/src/install/tutorial_interfaces/include/tutorial_interfaces/tutorial_interfaces
[3.310s] -- Up-to-date: /home/simon/Documents/ARO/ros2_ws/src/install/tutorial_interfaces/include/tutorial_interfaces/tutorial_interfaces/action
[3.310s] -- Up-to-date: /home/simon/Documents/ARO/ros2_ws/src/install/tutorial_interfaces/include/tutorial_interfaces/tutorial_interfaces/action/detail
[3.310s] -- Installing: /home/simon/Documents/ARO/ros2_ws/src/install/tutorial_interfaces/include/tutorial_interfaces/tutorial_interfaces/action/detail/compute_sum__type_support.cpp
[3.310s] -- Installing: /home/simon/Documents/ARO/ros2_ws/src/install/tutorial_interfaces/include/tutorial_interfaces/tutorial_interfaces/action/detail/compute_sum__rosidl_typesupport_introspection_cpp.hpp
[3.310s] -- Installing: /home/simon/Documents/ARO/ros2_ws/src/install/tutorial_interfaces/include/tutorial_interfaces/tutorial_interfaces/action/detail/circle__type_support.cpp
[3.310s] -- Installing: /home/simon/Documents/ARO/ros2_ws/src/install/tutorial_interfaces/include/tutorial_interfaces/tutorial_interfaces/action/detail/circle__rosidl_typesupport_introspection_cpp.hpp
[3.311s] -- Up-to-date: /home/simon/Documents/ARO/ros2_ws/src/install/tutorial_interfaces/include/tutorial_interfaces/tutorial_interfaces/srv
[3.311s] -- Up-to-date: /home/simon/Documents/ARO/ros2_ws/src/install/tutorial_interfaces/include/tutorial_interfaces/tutorial_interfaces/srv/detail
[3.312s] -- Installing: /home/simon/Documents/ARO/ros2_ws/src/install/tutorial_interfaces/include/tutorial_interfaces/tutorial_interfaces/srv/detail/add_three_ints__type_support.cpp
[3.312s] -- Installing: /home/simon/Documents/ARO/ros2_ws/src/install/tutorial_interfaces/include/tutorial_interfaces/tutorial_interfaces/srv/detail/add_three_ints__rosidl_typesupport_introspection_cpp.hpp
[3.312s] -- Installing: /home/simon/Documents/ARO/ros2_ws/src/install/tutorial_interfaces/include/tutorial_interfaces/tutorial_interfaces/srv/detail/circle__type_support.cpp
[3.312s] -- Installing: /home/simon/Documents/ARO/ros2_ws/src/install/tutorial_interfaces/include/tutorial_interfaces/tutorial_interfaces/srv/detail/circle__rosidl_typesupport_introspection_cpp.hpp
[3.312s] -- Up-to-date: /home/simon/Documents/ARO/ros2_ws/src/install/tutorial_interfaces/include/tutorial_interfaces/tutorial_interfaces/msg
[3.312s] -- Up-to-date: /home/simon/Documents/ARO/ros2_ws/src/install/tutorial_interfaces/include/tutorial_interfaces/tutorial_interfaces/msg/detail
[3.312s] -- Installing: /home/simon/Documents/ARO/ros2_ws/src/install/tutorial_interfaces/include/tutorial_interfaces/tutorial_interfaces/msg/detail/num__rosidl_typesupport_introspection_cpp.hpp
[3.312s] -- Installing: /home/simon/Documents/ARO/ros2_ws/src/install/tutorial_interfaces/include/tutorial_interfaces/tutorial_interfaces/msg/detail/num__type_support.cpp
[3.313s] -- Installing: /home/simon/Documents/ARO/ros2_ws/src/install/tutorial_interfaces/include/tutorial_interfaces/tutorial_interfaces/msg/detail/sphere__type_support.cpp
[3.313s] -- Installing: /home/simon/Documents/ARO/ros2_ws/src/install/tutorial_interfaces/include/tutorial_interfaces/tutorial_interfaces/msg/detail/sphere__rosidl_typesupport_introspection_cpp.hpp
[3.313s] -- Installing: /home/simon/Documents/ARO/ros2_ws/src/install/tutorial_interfaces/lib/libtutorial_interfaces__rosidl_typesupport_introspection_cpp.so
[3.314s] -- Set runtime path of "/home/simon/Documents/ARO/ros2_ws/src/install/tutorial_interfaces/lib/libtutorial_interfaces__rosidl_typesupport_introspection_cpp.so" to ""
[3.314s] -- Installing: /home/simon/Documents/ARO/ros2_ws/src/install/tutorial_interfaces/lib/libtutorial_interfaces__rosidl_typesupport_cpp.so
[3.315s] -- Set runtime path of "/home/simon/Documents/ARO/ros2_ws/src/install/tutorial_interfaces/lib/libtutorial_interfaces__rosidl_typesupport_cpp.so" to ""
[3.315s] -- Installing: /home/simon/Documents/ARO/ros2_ws/src/install/tutorial_interfaces/share/tutorial_interfaces/environment/pythonpath.sh
[3.316s] -- Installing: /home/simon/Documents/ARO/ros2_ws/src/install/tutorial_interfaces/share/tutorial_interfaces/environment/pythonpath.dsv
[3.316s] -- Installing: /home/simon/Documents/ARO/ros2_ws/src/install/tutorial_interfaces/local/lib/python3.10/dist-packages/tutorial_interfaces-0.0.0-py3.10.egg-info
[3.316s] -- Installing: /home/simon/Documents/ARO/ros2_ws/src/install/tutorial_interfaces/local/lib/python3.10/dist-packages/tutorial_interfaces-0.0.0-py3.10.egg-info/dependency_links.txt
[3.316s] -- Installing: /home/simon/Documents/ARO/ros2_ws/src/install/tutorial_interfaces/local/lib/python3.10/dist-packages/tutorial_interfaces-0.0.0-py3.10.egg-info/PKG-INFO
[3.317s] -- Installing: /home/simon/Documents/ARO/ros2_ws/src/install/tutorial_interfaces/local/lib/python3.10/dist-packages/tutorial_interfaces-0.0.0-py3.10.egg-info/top_level.txt
[3.317s] -- Installing: /home/simon/Documents/ARO/ros2_ws/src/install/tutorial_interfaces/local/lib/python3.10/dist-packages/tutorial_interfaces-0.0.0-py3.10.egg-info/SOURCES.txt
[3.317s] -- Installing: /home/simon/Documents/ARO/ros2_ws/src/install/tutorial_interfaces/local/lib/python3.10/dist-packages/tutorial_interfaces
[3.317s] -- Installing: /home/simon/Documents/ARO/ros2_ws/src/install/tutorial_interfaces/local/lib/python3.10/dist-packages/tutorial_interfaces/tutorial_interfaces_s__rosidl_typesupport_introspection_c.cpython-310-x86_64-linux-gnu.so
[3.318s] -- Installing: /home/simon/Documents/ARO/ros2_ws/src/install/tutorial_interfaces/local/lib/python3.10/dist-packages/tutorial_interfaces/action
[3.318s] -- Installing: /home/simon/Documents/ARO/ros2_ws/src/install/tutorial_interfaces/local/lib/python3.10/dist-packages/tutorial_interfaces/action/_circle.py
[3.318s] -- Installing: /home/simon/Documents/ARO/ros2_ws/src/install/tutorial_interfaces/local/lib/python3.10/dist-packages/tutorial_interfaces/action/__init__.py
[3.319s] -- Installing: /home/simon/Documents/ARO/ros2_ws/src/install/tutorial_interfaces/local/lib/python3.10/dist-packages/tutorial_interfaces/action/_circle_s.c
[3.319s] -- Installing: /home/simon/Documents/ARO/ros2_ws/src/install/tutorial_interfaces/local/lib/python3.10/dist-packages/tutorial_interfaces/action/_compute_sum_s.c
[3.319s] -- Installing: /home/simon/Documents/ARO/ros2_ws/src/install/tutorial_interfaces/local/lib/python3.10/dist-packages/tutorial_interfaces/action/_compute_sum.py
[3.319s] -- Installing: /home/simon/Documents/ARO/ros2_ws/src/install/tutorial_interfaces/local/lib/python3.10/dist-packages/tutorial_interfaces/srv
[3.319s] -- Installing: /home/simon/Documents/ARO/ros2_ws/src/install/tutorial_interfaces/local/lib/python3.10/dist-packages/tutorial_interfaces/srv/_add_three_ints.py
[3.320s] -- Installing: /home/simon/Documents/ARO/ros2_ws/src/install/tutorial_interfaces/local/lib/python3.10/dist-packages/tutorial_interfaces/srv/_circle.py
[3.320s] -- Installing: /home/simon/Documents/ARO/ros2_ws/src/install/tutorial_interfaces/local/lib/python3.10/dist-packages/tutorial_interfaces/srv/__init__.py
[3.320s] -- Installing: /home/simon/Documents/ARO/ros2_ws/src/install/tutorial_interfaces/local/lib/python3.10/dist-packages/tutorial_interfaces/srv/_circle_s.c
[3.321s] -- Installing: /home/simon/Documents/ARO/ros2_ws/src/install/tutorial_interfaces/local/lib/python3.10/dist-packages/tutorial_interfaces/srv/_add_three_ints_s.c
[3.321s] -- Installing: /home/simon/Documents/ARO/ros2_ws/src/install/tutorial_interfaces/local/lib/python3.10/dist-packages/tutorial_interfaces/__init__.py
[3.321s] -- Installing: /home/simon/Documents/ARO/ros2_ws/src/install/tutorial_interfaces/local/lib/python3.10/dist-packages/tutorial_interfaces/tutorial_interfaces_s__rosidl_typesupport_c.cpython-310-x86_64-linux-gnu.so
[3.322s] -- Installing: /home/simon/Documents/ARO/ros2_ws/src/install/tutorial_interfaces/local/lib/python3.10/dist-packages/tutorial_interfaces/_tutorial_interfaces_s.ep.rosidl_typesupport_introspection_c.c
[3.322s] -- Installing: /home/simon/Documents/ARO/ros2_ws/src/install/tutorial_interfaces/local/lib/python3.10/dist-packages/tutorial_interfaces/msg
[3.322s] -- Installing: /home/simon/Documents/ARO/ros2_ws/src/install/tutorial_interfaces/local/lib/python3.10/dist-packages/tutorial_interfaces/msg/_num_s.c
[3.323s] -- Installing: /home/simon/Documents/ARO/ros2_ws/src/install/tutorial_interfaces/local/lib/python3.10/dist-packages/tutorial_interfaces/msg/_sphere.py
[3.323s] -- Installing: /home/simon/Documents/ARO/ros2_ws/src/install/tutorial_interfaces/local/lib/python3.10/dist-packages/tutorial_interfaces/msg/__init__.py
[3.323s] -- Installing: /home/simon/Documents/ARO/ros2_ws/src/install/tutorial_interfaces/local/lib/python3.10/dist-packages/tutorial_interfaces/msg/_num.py
[3.323s] -- Installing: /home/simon/Documents/ARO/ros2_ws/src/install/tutorial_interfaces/local/lib/python3.10/dist-packages/tutorial_interfaces/msg/_sphere_s.c
[3.323s] -- Installing: /home/simon/Documents/ARO/ros2_ws/src/install/tutorial_interfaces/local/lib/python3.10/dist-packages/tutorial_interfaces/_tutorial_interfaces_s.ep.rosidl_typesupport_c.c
[3.324s] -- Installing: /home/simon/Documents/ARO/ros2_ws/src/install/tutorial_interfaces/local/lib/python3.10/dist-packages/tutorial_interfaces/tutorial_interfaces_s__rosidl_typesupport_fastrtps_c.cpython-310-x86_64-linux-gnu.so
[3.324s] -- Installing: /home/simon/Documents/ARO/ros2_ws/src/install/tutorial_interfaces/local/lib/python3.10/dist-packages/tutorial_interfaces/_tutorial_interfaces_s.ep.rosidl_typesupport_fastrtps_c.c
[3.325s] -- Installing: /home/simon/Documents/ARO/ros2_ws/src/install/tutorial_interfaces/local/lib/python3.10/dist-packages/tutorial_interfaces/libtutorial_interfaces__rosidl_generator_py.so
[3.425s] Listing '/home/simon/Documents/ARO/ros2_ws/src/install/tutorial_interfaces/local/lib/python3.10/dist-packages/tutorial_interfaces'...
[3.426s] Compiling '/home/simon/Documents/ARO/ros2_ws/src/install/tutorial_interfaces/local/lib/python3.10/dist-packages/tutorial_interfaces/__init__.py'...
[3.426s] Listing '/home/simon/Documents/ARO/ros2_ws/src/install/tutorial_interfaces/local/lib/python3.10/dist-packages/tutorial_interfaces/action'...
[3.427s] Compiling '/home/simon/Documents/ARO/ros2_ws/src/install/tutorial_interfaces/local/lib/python3.10/dist-packages/tutorial_interfaces/action/__init__.py'...
[3.427s] Compiling '/home/simon/Documents/ARO/ros2_ws/src/install/tutorial_interfaces/local/lib/python3.10/dist-packages/tutorial_interfaces/action/_circle.py'...
[3.428s] Compiling '/home/simon/Documents/ARO/ros2_ws/src/install/tutorial_interfaces/local/lib/python3.10/dist-packages/tutorial_interfaces/action/_compute_sum.py'...
[3.428s] Listing '/home/simon/Documents/ARO/ros2_ws/src/install/tutorial_interfaces/local/lib/python3.10/dist-packages/tutorial_interfaces/msg'...
[3.429s] Compiling '/home/simon/Documents/ARO/ros2_ws/src/install/tutorial_interfaces/local/lib/python3.10/dist-packages/tutorial_interfaces/msg/__init__.py'...
[3.429s] Compiling '/home/simon/Documents/ARO/ros2_ws/src/install/tutorial_interfaces/local/lib/python3.10/dist-packages/tutorial_interfaces/msg/_num.py'...
[3.429s] Compiling '/home/simon/Documents/ARO/ros2_ws/src/install/tutorial_interfaces/local/lib/python3.10/dist-packages/tutorial_interfaces/msg/_sphere.py'...
[3.430s] Listing '/home/simon/Documents/ARO/ros2_ws/src/install/tutorial_interfaces/local/lib/python3.10/dist-packages/tutorial_interfaces/srv'...
[3.430s] Compiling '/home/simon/Documents/ARO/ros2_ws/src/install/tutorial_interfaces/local/lib/python3.10/dist-packages/tutorial_interfaces/srv/__init__.py'...
[3.430s] Compiling '/home/simon/Documents/ARO/ros2_ws/src/install/tutorial_interfaces/local/lib/python3.10/dist-packages/tutorial_interfaces/srv/_add_three_ints.py'...
[3.431s] Compiling '/home/simon/Documents/ARO/ros2_ws/src/install/tutorial_interfaces/local/lib/python3.10/dist-packages/tutorial_interfaces/srv/_circle.py'...
[3.437s] -- Installing: /home/simon/Documents/ARO/ros2_ws/src/install/tutorial_interfaces/local/lib/python3.10/dist-packages/tutorial_interfaces/tutorial_interfaces_s__rosidl_typesupport_fastrtps_c.cpython-310-x86_64-linux-gnu.so
[3.437s] -- Set runtime path of "/home/simon/Documents/ARO/ros2_ws/src/install/tutorial_interfaces/local/lib/python3.10/dist-packages/tutorial_interfaces/tutorial_interfaces_s__rosidl_typesupport_fastrtps_c.cpython-310-x86_64-linux-gnu.so" to ""
[3.438s] -- Installing: /home/simon/Documents/ARO/ros2_ws/src/install/tutorial_interfaces/local/lib/python3.10/dist-packages/tutorial_interfaces/tutorial_interfaces_s__rosidl_typesupport_introspection_c.cpython-310-x86_64-linux-gnu.so
[3.438s] -- Set runtime path of "/home/simon/Documents/ARO/ros2_ws/src/install/tutorial_interfaces/local/lib/python3.10/dist-packages/tutorial_interfaces/tutorial_interfaces_s__rosidl_typesupport_introspection_c.cpython-310-x86_64-linux-gnu.so" to ""
[3.439s] -- Installing: /home/simon/Documents/ARO/ros2_ws/src/install/tutorial_interfaces/local/lib/python3.10/dist-packages/tutorial_interfaces/tutorial_interfaces_s__rosidl_typesupport_c.cpython-310-x86_64-linux-gnu.so
[3.440s] -- Set runtime path of "/home/simon/Documents/ARO/ros2_ws/src/install/tutorial_interfaces/local/lib/python3.10/dist-packages/tutorial_interfaces/tutorial_interfaces_s__rosidl_typesupport_c.cpython-310-x86_64-linux-gnu.so" to ""
[3.440s] -- Installing: /home/simon/Documents/ARO/ros2_ws/src/install/tutorial_interfaces/lib/libtutorial_interfaces__rosidl_generator_py.so
[3.441s] -- Set runtime path of "/home/simon/Documents/ARO/ros2_ws/src/install/tutorial_interfaces/lib/libtutorial_interfaces__rosidl_generator_py.so" to ""
[3.442s] -- Installing: /home/simon/Documents/ARO/ros2_ws/src/install/tutorial_interfaces/share/tutorial_interfaces/msg/Num.idl
[3.442s] -- Installing: /home/simon/Documents/ARO/ros2_ws/src/install/tutorial_interfaces/share/tutorial_interfaces/msg/Sphere.idl
[3.442s] -- Installing: /home/simon/Documents/ARO/ros2_ws/src/install/tutorial_interfaces/share/tutorial_interfaces/srv/AddThreeInts.idl
[3.443s] -- Installing: /home/simon/Documents/ARO/ros2_ws/src/install/tutorial_interfaces/share/tutorial_interfaces/action/ComputeSum.idl
[3.443s] -- Installing: /home/simon/Documents/ARO/ros2_ws/src/install/tutorial_interfaces/share/tutorial_interfaces/action/Circle.idl
[3.444s] -- Installing: /home/simon/Documents/ARO/ros2_ws/src/install/tutorial_interfaces/share/tutorial_interfaces/srv/Circle.idl
[3.444s] -- Installing: /home/simon/Documents/ARO/ros2_ws/src/install/tutorial_interfaces/share/tutorial_interfaces/msg/Num.msg
[3.445s] -- Installing: /home/simon/Documents/ARO/ros2_ws/src/install/tutorial_interfaces/share/tutorial_interfaces/msg/Sphere.msg
[3.445s] -- Installing: /home/simon/Documents/ARO/ros2_ws/src/install/tutorial_interfaces/share/tutorial_interfaces/srv/AddThreeInts.srv
[3.445s] -- Installing: /home/simon/Documents/ARO/ros2_ws/src/install/tutorial_interfaces/share/tutorial_interfaces/srv/AddThreeInts_Request.msg
[3.445s] -- Installing: /home/simon/Documents/ARO/ros2_ws/src/install/tutorial_interfaces/share/tutorial_interfaces/srv/AddThreeInts_Response.msg
[3.446s] -- Installing: /home/simon/Documents/ARO/ros2_ws/src/install/tutorial_interfaces/share/tutorial_interfaces/action/ComputeSum.action
[3.446s] -- Installing: /home/simon/Documents/ARO/ros2_ws/src/install/tutorial_interfaces/share/tutorial_interfaces/action/Circle.action
[3.446s] -- Installing: /home/simon/Documents/ARO/ros2_ws/src/install/tutorial_interfaces/share/tutorial_interfaces/srv/Circle.srv
[3.446s] -- Installing: /home/simon/Documents/ARO/ros2_ws/src/install/tutorial_interfaces/share/tutorial_interfaces/srv/Circle_Request.msg
[3.447s] -- Installing: /home/simon/Documents/ARO/ros2_ws/src/install/tutorial_interfaces/share/tutorial_interfaces/srv/Circle_Response.msg
[3.447s] -- Installing: /home/simon/Documents/ARO/ros2_ws/src/install/tutorial_interfaces/share/ament_index/resource_index/package_run_dependencies/tutorial_interfaces
[3.447s] -- Installing: /home/simon/Documents/ARO/ros2_ws/src/install/tutorial_interfaces/share/ament_index/resource_index/parent_prefix_path/tutorial_interfaces
[3.448s] -- Installing: /home/simon/Documents/ARO/ros2_ws/src/install/tutorial_interfaces/share/tutorial_interfaces/environment/ament_prefix_path.sh
[3.448s] -- Installing: /home/simon/Documents/ARO/ros2_ws/src/install/tutorial_interfaces/share/tutorial_interfaces/environment/ament_prefix_path.dsv
[3.448s] -- Installing: /home/simon/Documents/ARO/ros2_ws/src/install/tutorial_interfaces/share/tutorial_interfaces/environment/path.sh
[3.449s] -- Installing: /home/simon/Documents/ARO/ros2_ws/src/install/tutorial_interfaces/share/tutorial_interfaces/environment/path.dsv
[3.449s] -- Installing: /home/simon/Documents/ARO/ros2_ws/src/install/tutorial_interfaces/share/tutorial_interfaces/local_setup.bash
[3.450s] -- Installing: /home/simon/Documents/ARO/ros2_ws/src/install/tutorial_interfaces/share/tutorial_interfaces/local_setup.sh
[3.450s] -- Installing: /home/simon/Documents/ARO/ros2_ws/src/install/tutorial_interfaces/share/tutorial_interfaces/local_setup.zsh
[3.450s] -- Installing: /home/simon/Documents/ARO/ros2_ws/src/install/tutorial_interfaces/share/tutorial_interfaces/local_setup.dsv
[3.451s] -- Installing: /home/simon/Documents/ARO/ros2_ws/src/install/tutorial_interfaces/share/tutorial_interfaces/package.dsv
[3.452s] -- Installing: /home/simon/Documents/ARO/ros2_ws/src/install/tutorial_interfaces/share/ament_index/resource_index/packages/tutorial_interfaces
[3.452s] -- Installing: /home/simon/Documents/ARO/ros2_ws/src/install/tutorial_interfaces/share/tutorial_interfaces/cmake/export_tutorial_interfaces__rosidl_generator_cExport.cmake
[3.452s] -- Installing: /home/simon/Documents/ARO/ros2_ws/src/install/tutorial_interfaces/share/tutorial_interfaces/cmake/export_tutorial_interfaces__rosidl_generator_cExport-noconfig.cmake
[3.453s] -- Installing: /home/simon/Documents/ARO/ros2_ws/src/install/tutorial_interfaces/share/tutorial_interfaces/cmake/export_tutorial_interfaces__rosidl_typesupport_fastrtps_cExport.cmake
[3.453s] -- Installing: /home/simon/Documents/ARO/ros2_ws/src/install/tutorial_interfaces/share/tutorial_interfaces/cmake/export_tutorial_interfaces__rosidl_typesupport_fastrtps_cExport-noconfig.cmake
[3.453s] -- Installing: /home/simon/Documents/ARO/ros2_ws/src/install/tutorial_interfaces/share/tutorial_interfaces/cmake/tutorial_interfaces__rosidl_typesupport_introspection_cExport.cmake
[3.453s] -- Installing: /home/simon/Documents/ARO/ros2_ws/src/install/tutorial_interfaces/share/tutorial_interfaces/cmake/tutorial_interfaces__rosidl_typesupport_introspection_cExport-noconfig.cmake
[3.454s] -- Installing: /home/simon/Documents/ARO/ros2_ws/src/install/tutorial_interfaces/share/tutorial_interfaces/cmake/tutorial_interfaces__rosidl_typesupport_cExport.cmake
[3.454s] -- Installing: /home/simon/Documents/ARO/ros2_ws/src/install/tutorial_interfaces/share/tutorial_interfaces/cmake/tutorial_interfaces__rosidl_typesupport_cExport-noconfig.cmake
[3.454s] -- Installing: /home/simon/Documents/ARO/ros2_ws/src/install/tutorial_interfaces/share/tutorial_interfaces/cmake/export_tutorial_interfaces__rosidl_generator_cppExport.cmake
[3.454s] -- Installing: /home/simon/Documents/ARO/ros2_ws/src/install/tutorial_interfaces/share/tutorial_interfaces/cmake/export_tutorial_interfaces__rosidl_typesupport_fastrtps_cppExport.cmake
[3.455s] -- Installing: /home/simon/Documents/ARO/ros2_ws/src/install/tutorial_interfaces/share/tutorial_interfaces/cmake/export_tutorial_interfaces__rosidl_typesupport_fastrtps_cppExport-noconfig.cmake
[3.455s] -- Installing: /home/simon/Documents/ARO/ros2_ws/src/install/tutorial_interfaces/share/tutorial_interfaces/cmake/tutorial_interfaces__rosidl_typesupport_introspection_cppExport.cmake
[3.455s] -- Installing: /home/simon/Documents/ARO/ros2_ws/src/install/tutorial_interfaces/share/tutorial_interfaces/cmake/tutorial_interfaces__rosidl_typesupport_introspection_cppExport-noconfig.cmake
[3.456s] -- Installing: /home/simon/Documents/ARO/ros2_ws/src/install/tutorial_interfaces/share/tutorial_interfaces/cmake/tutorial_interfaces__rosidl_typesupport_cppExport.cmake
[3.456s] -- Installing: /home/simon/Documents/ARO/ros2_ws/src/install/tutorial_interfaces/share/tutorial_interfaces/cmake/tutorial_interfaces__rosidl_typesupport_cppExport-noconfig.cmake
[3.456s] -- Installing: /home/simon/Documents/ARO/ros2_ws/src/install/tutorial_interfaces/share/tutorial_interfaces/cmake/export_tutorial_interfaces__rosidl_generator_pyExport.cmake
[3.457s] -- Installing: /home/simon/Documents/ARO/ros2_ws/src/install/tutorial_interfaces/share/tutorial_interfaces/cmake/export_tutorial_interfaces__rosidl_generator_pyExport-noconfig.cmake
[3.457s] -- Installing: /home/simon/Documents/ARO/ros2_ws/src/install/tutorial_interfaces/share/tutorial_interfaces/cmake/rosidl_cmake-extras.cmake
[3.457s] -- Installing: /home/simon/Documents/ARO/ros2_ws/src/install/tutorial_interfaces/share/tutorial_interfaces/cmake/ament_cmake_export_dependencies-extras.cmake
[3.458s] -- Installing: /home/simon/Documents/ARO/ros2_ws/src/install/tutorial_interfaces/share/tutorial_interfaces/cmake/ament_cmake_export_include_directories-extras.cmake
[3.458s] -- Installing: /home/simon/Documents/ARO/ros2_ws/src/install/tutorial_interfaces/share/tutorial_interfaces/cmake/ament_cmake_export_libraries-extras.cmake
[3.458s] -- Installing: /home/simon/Documents/ARO/ros2_ws/src/install/tutorial_interfaces/share/tutorial_interfaces/cmake/ament_cmake_export_targets-extras.cmake
[3.459s] -- Installing: /home/simon/Documents/ARO/ros2_ws/src/install/tutorial_interfaces/share/tutorial_interfaces/cmake/rosidl_cmake_export_typesupport_targets-extras.cmake
[3.459s] -- Installing: /home/simon/Documents/ARO/ros2_ws/src/install/tutorial_interfaces/share/tutorial_interfaces/cmake/rosidl_cmake_export_typesupport_libraries-extras.cmake
[3.459s] -- Installing: /home/simon/Documents/ARO/ros2_ws/src/install/tutorial_interfaces/share/tutorial_interfaces/cmake/tutorial_interfacesConfig.cmake
[3.459s] -- Installing: /home/simon/Documents/ARO/ros2_ws/src/install/tutorial_interfaces/share/tutorial_interfaces/cmake/tutorial_interfacesConfig-version.cmake
[3.460s] -- Installing: /home/simon/Documents/ARO/ros2_ws/src/install/tutorial_interfaces/share/tutorial_interfaces/package.xml
