[0.073s] Invoking command in '/home/simon/Documents/ARO/ros2_ws/build/tutorial_interfaces': CMAKE_PREFIX_PATH=${CMAKE_PREFIX_PATH}:/home/simon/Documents/ARO/ros2_ws/src/install/mi_paquete_python:/home/simon/Documents/ARO/ros2_ws/src/install/launch_testing_examples:/home/simon/Documents/ARO/ros2_ws/src/install/examples_rclpy_minimal_subscriber:/home/simon/Documents/ARO/ros2_ws/src/install/examples_rclpy_minimal_service:/home/simon/Documents/ARO/ros2_ws/src/install/examples_rclpy_minimal_publisher:/home/simon/Documents/ARO/ros2_ws/src/install/examples_rclpy_minimal_client:/home/simon/Documents/ARO/ros2_ws/src/install/examples_rclpy_minimal_action_server:/home/simon/Documents/ARO/ros2_ws/src/install/examples_rclpy_minimal_action_client:/home/simon/Documents/ARO/turtlebot3_ws/install/turtlebot3_teleop:/home/simon/Documents/ARO/turtlebot3_ws/install/turtlebot3_example:/opt/ros/humble /usr/bin/cmake /home/simon/Documents/ARO/ros2_ws/src/tutorial_interfaces -DCMAKE_INSTALL_PREFIX=/home/simon/Documents/ARO/ros2_ws/install/tutorial_interfaces
[0.084s] -- Found ament_cmake: 1.3.5 (/opt/ros/humble/share/ament_cmake/cmake)
[0.229s] -- Found ament_lint_auto: 0.12.8 (/opt/ros/humble/share/ament_lint_auto/cmake)
[0.300s] -- Found rosidl_default_generators: 1.2.0 (/opt/ros/humble/share/rosidl_default_generators/cmake)
[0.310s] -- Using all available rosidl_typesupport_c: rosidl_typesupport_fastrtps_c;rosidl_typesupport_introspection_c
[0.315s] -- Found rosidl_adapter: 3.1.5 (/opt/ros/humble/share/rosidl_adapter/cmake)
[0.346s] -- Using all available rosidl_typesupport_cpp: rosidl_typesupport_fastrtps_cpp;rosidl_typesupport_introspection_cpp
[0.369s] -- Found geometry_msgs: 4.2.3 (/opt/ros/humble/share/geometry_msgs/cmake)
[0.633s] [31mCMake Error at /opt/ros/humble/share/rosidl_adapter/cmake/rosidl_adapt_interfaces.cmake:59 (message):
[0.633s]   execute_process(/usr/bin/python3.10 -m rosidl_adapter --package-name
[0.634s]   tutorial_interfaces --arguments-file
[0.634s]   /home/simon/Documents/ARO/ros2_ws/build/tutorial_interfaces/rosidl_adapter__arguments__tutorial_interfaces.json
[0.634s]   --output-dir
[0.634s]   /home/simon/Documents/ARO/ros2_ws/build/tutorial_interfaces/rosidl_adapter/tutorial_interfaces
[0.634s]   --output-file
[0.634s]   /home/simon/Documents/ARO/ros2_ws/build/tutorial_interfaces/rosidl_adapter/tutorial_interfaces.idls)
[0.634s]   returned error code 1:
[0.635s] 
[0.635s]   Error processing 'float radius' of 'tutorial_interfaces/Sphere': ''float'
[0.635s]   is an invalid message name.  It should have the pattern
[0.635s]   '^[A-Z][A-Za-z0-9]*$''
[0.635s] 
[0.635s]   Traceback (most recent call last):
[0.636s] 
[0.636s]     File "/usr/lib/python3.10/runpy.py", line 196, in _run_module_as_main
[0.636s]       return _run_code(code, main_globals, None,
[0.636s]     File "/usr/lib/python3.10/runpy.py", line 86, in _run_code
[0.636s]       exec(code, run_globals)
[0.636s]     File "/opt/ros/humble/local/lib/python3.10/dist-packages/rosidl_adapter/__main__.py", line 19, in <module>
[0.636s]       sys.exit(main())
[0.637s]     File "/opt/ros/humble/local/lib/python3.10/dist-packages/rosidl_adapter/main.py", line 53, in main
[0.637s]       abs_idl_file = convert_to_idl(
[0.637s]     File "/opt/ros/humble/local/lib/python3.10/dist-packages/rosidl_adapter/__init__.py", line 19, in convert_to_idl
[0.637s]       return convert_msg_to_idl(
[0.637s]     File "/opt/ros/humble/local/lib/python3.10/dist-packages/rosidl_adapter/msg/__init__.py", line 28, in convert_msg_to_idl
[0.637s]       msg = parse_message_string(package_name, input_file.stem, content)
[0.637s]     File "/opt/ros/humble/local/lib/python3.10/dist-packages/rosidl_adapter/parser.py", line 520, in parse_message_string
[0.638s]       Type(type_string, context_package_name=pkg_name),
[0.638s]     File "/opt/ros/humble/local/lib/python3.10/dist-packages/rosidl_adapter/parser.py", line 277, in __init__
[0.638s]       super(Type, self).__init__(
[0.638s]     File "/opt/ros/humble/local/lib/python3.10/dist-packages/rosidl_adapter/parser.py", line 205, in __init__
[0.638s]       raise InvalidResourceName(
[0.638s] 
[0.639s]   rosidl_adapter.parser.InvalidResourceName: 'float' is an invalid message
[0.639s]   name.  It should have the pattern '^[A-Z][A-Za-z0-9]*$'
[0.639s] 
[0.639s] Call Stack (most recent call first):
[0.639s]   /opt/ros/humble/share/rosidl_cmake/cmake/rosidl_generate_interfaces.cmake:130 (rosidl_adapt_interfaces)
[0.639s]   CMakeLists.txt:28 (rosidl_generate_interfaces)
[0.639s] 
[0.640s] [0m
[0.640s] -- Configuring incomplete, errors occurred!
[0.640s] See also "/home/simon/Documents/ARO/ros2_ws/build/tutorial_interfaces/CMakeFiles/CMakeOutput.log".
[0.645s] Invoked command in '/home/simon/Documents/ARO/ros2_ws/build/tutorial_interfaces' returned '1': CMAKE_PREFIX_PATH=${CMAKE_PREFIX_PATH}:/home/simon/Documents/ARO/ros2_ws/src/install/mi_paquete_python:/home/simon/Documents/ARO/ros2_ws/src/install/launch_testing_examples:/home/simon/Documents/ARO/ros2_ws/src/install/examples_rclpy_minimal_subscriber:/home/simon/Documents/ARO/ros2_ws/src/install/examples_rclpy_minimal_service:/home/simon/Documents/ARO/ros2_ws/src/install/examples_rclpy_minimal_publisher:/home/simon/Documents/ARO/ros2_ws/src/install/examples_rclpy_minimal_client:/home/simon/Documents/ARO/ros2_ws/src/install/examples_rclpy_minimal_action_server:/home/simon/Documents/ARO/ros2_ws/src/install/examples_rclpy_minimal_action_client:/home/simon/Documents/ARO/turtlebot3_ws/install/turtlebot3_teleop:/home/simon/Documents/ARO/turtlebot3_ws/install/turtlebot3_example:/opt/ros/humble /usr/bin/cmake /home/simon/Documents/ARO/ros2_ws/src/tutorial_interfaces -DCMAKE_INSTALL_PREFIX=/home/simon/Documents/ARO/ros2_ws/install/tutorial_interfaces
