[3.573s] Invoking command in '/home/simon/Documents/ARO/ros2_ws/src/build/examples_rclpy_minimal_publisher': PYTHONPATH=/home/simon/Documents/ARO/ros2_ws/src/build/examples_rclpy_minimal_publisher/prefix_override:/home/simon/Documents/ARO/ros2_ws/src/install/examples_rclpy_minimal_publisher/lib/python3.10/site-packages:${PYTHONPATH} /usr/bin/python3 setup.py develop --uninstall --editable --build-directory /home/simon/Documents/ARO/ros2_ws/src/build/examples_rclpy_minimal_publisher/build
[4.160s] running develop
[4.495s] Removing /home/simon/Documents/ARO/ros2_ws/src/install/examples_rclpy_minimal_publisher/lib/python3.10/site-packages/examples-rclpy-minimal-publisher.egg-link (link to .)
[4.574s] Invoked command in '/home/simon/Documents/ARO/ros2_ws/src/build/examples_rclpy_minimal_publisher' returned '0': PYTHONPATH=/home/simon/Documents/ARO/ros2_ws/src/build/examples_rclpy_minimal_publisher/prefix_override:/home/simon/Documents/ARO/ros2_ws/src/install/examples_rclpy_minimal_publisher/lib/python3.10/site-packages:${PYTHONPATH} /usr/bin/python3 setup.py develop --uninstall --editable --build-directory /home/simon/Documents/ARO/ros2_ws/src/build/examples_rclpy_minimal_publisher/build
[4.577s] Invoking command in '/home/simon/Documents/ARO/ros2_ws/src/ROS2_examples/rclpy/topics/minimal_publisher': PYTHONPATH=/home/simon/Documents/ARO/ros2_ws/src/build/examples_rclpy_minimal_publisher/prefix_override:/home/simon/Documents/ARO/ros2_ws/src/install/examples_rclpy_minimal_publisher/lib/python3.10/site-packages:${PYTHONPATH} /usr/bin/python3 setup.py egg_info --egg-base ../../../../build/examples_rclpy_minimal_publisher build --build-base /home/simon/Documents/ARO/ros2_ws/src/build/examples_rclpy_minimal_publisher/build install --record /home/simon/Documents/ARO/ros2_ws/src/build/examples_rclpy_minimal_publisher/install.log --single-version-externally-managed
[4.977s] running egg_info
[4.977s] writing ../../../../build/examples_rclpy_minimal_publisher/examples_rclpy_minimal_publisher.egg-info/PKG-INFO
[4.978s] writing dependency_links to ../../../../build/examples_rclpy_minimal_publisher/examples_rclpy_minimal_publisher.egg-info/dependency_links.txt
[4.978s] writing entry points to ../../../../build/examples_rclpy_minimal_publisher/examples_rclpy_minimal_publisher.egg-info/entry_points.txt
[4.978s] writing requirements to ../../../../build/examples_rclpy_minimal_publisher/examples_rclpy_minimal_publisher.egg-info/requires.txt
[4.979s] writing top-level names to ../../../../build/examples_rclpy_minimal_publisher/examples_rclpy_minimal_publisher.egg-info/top_level.txt
[4.980s] reading manifest file '../../../../build/examples_rclpy_minimal_publisher/examples_rclpy_minimal_publisher.egg-info/SOURCES.txt'
[4.981s] writing manifest file '../../../../build/examples_rclpy_minimal_publisher/examples_rclpy_minimal_publisher.egg-info/SOURCES.txt'
[4.981s] running build
[4.981s] running build_py
[4.981s] running install
[4.982s] running install_lib
[4.982s] creating /home/simon/Documents/ARO/ros2_ws/src/install/examples_rclpy_minimal_publisher/lib/python3.10/site-packages/examples_rclpy_minimal_publisher
[4.983s] copying /home/simon/Documents/ARO/ros2_ws/src/build/examples_rclpy_minimal_publisher/build/lib/examples_rclpy_minimal_publisher/publisher_member_function.py -> /home/simon/Documents/ARO/ros2_ws/src/install/examples_rclpy_minimal_publisher/lib/python3.10/site-packages/examples_rclpy_minimal_publisher
[4.985s] copying /home/simon/Documents/ARO/ros2_ws/src/build/examples_rclpy_minimal_publisher/build/lib/examples_rclpy_minimal_publisher/__init__.py -> /home/simon/Documents/ARO/ros2_ws/src/install/examples_rclpy_minimal_publisher/lib/python3.10/site-packages/examples_rclpy_minimal_publisher
[4.985s] copying /home/simon/Documents/ARO/ros2_ws/src/build/examples_rclpy_minimal_publisher/build/lib/examples_rclpy_minimal_publisher/publisher_old_school.py -> /home/simon/Documents/ARO/ros2_ws/src/install/examples_rclpy_minimal_publisher/lib/python3.10/site-packages/examples_rclpy_minimal_publisher
[4.985s] byte-compiling /home/simon/Documents/ARO/ros2_ws/src/install/examples_rclpy_minimal_publisher/lib/python3.10/site-packages/examples_rclpy_minimal_publisher/publisher_member_function.py to publisher_member_function.cpython-310.pyc
[4.985s] byte-compiling /home/simon/Documents/ARO/ros2_ws/src/install/examples_rclpy_minimal_publisher/lib/python3.10/site-packages/examples_rclpy_minimal_publisher/__init__.py to __init__.cpython-310.pyc
[4.986s] byte-compiling /home/simon/Documents/ARO/ros2_ws/src/install/examples_rclpy_minimal_publisher/lib/python3.10/site-packages/examples_rclpy_minimal_publisher/publisher_old_school.py to publisher_old_school.cpython-310.pyc
[4.986s] running install_data
[4.986s] running install_egg_info
[4.987s] Copying ../../../../build/examples_rclpy_minimal_publisher/examples_rclpy_minimal_publisher.egg-info to /home/simon/Documents/ARO/ros2_ws/src/install/examples_rclpy_minimal_publisher/lib/python3.10/site-packages/examples_rclpy_minimal_publisher-0.15.1-py3.10.egg-info
[4.988s] running install_scripts
[5.010s] Installing publisher_member_function script to /home/simon/Documents/ARO/ros2_ws/src/install/examples_rclpy_minimal_publisher/lib/examples_rclpy_minimal_publisher
[5.011s] Installing publisher_old_school script to /home/simon/Documents/ARO/ros2_ws/src/install/examples_rclpy_minimal_publisher/lib/examples_rclpy_minimal_publisher
[5.012s] writing list of installed files to '/home/simon/Documents/ARO/ros2_ws/src/build/examples_rclpy_minimal_publisher/install.log'
[5.132s] Invoked command in '/home/simon/Documents/ARO/ros2_ws/src/ROS2_examples/rclpy/topics/minimal_publisher' returned '0': PYTHONPATH=/home/simon/Documents/ARO/ros2_ws/src/build/examples_rclpy_minimal_publisher/prefix_override:/home/simon/Documents/ARO/ros2_ws/src/install/examples_rclpy_minimal_publisher/lib/python3.10/site-packages:${PYTHONPATH} /usr/bin/python3 setup.py egg_info --egg-base ../../../../build/examples_rclpy_minimal_publisher build --build-base /home/simon/Documents/ARO/ros2_ws/src/build/examples_rclpy_minimal_publisher/build install --record /home/simon/Documents/ARO/ros2_ws/src/build/examples_rclpy_minimal_publisher/install.log --single-version-externally-managed
