[1.261s] DEBUG:colcon:Command line arguments: ['/usr/bin/colcon', 'build', '--packages-select', 'project', '--symlink-install']
[1.261s] DEBUG:colcon:Parsed command line arguments: Namespace(log_base=None, log_level=None, verb_name='build', build_base='build', install_base='install', merge_install=False, symlink_install=True, test_result_base=None, continue_on_error=False, executor='parallel', parallel_workers=16, event_handlers=None, ignore_user_meta=False, metas=['./colcon.meta'], base_paths=['.'], packages_ignore=None, packages_ignore_regex=None, paths=None, packages_up_to=None, packages_up_to_regex=None, packages_above=None, packages_above_and_dependencies=None, packages_above_depth=None, packages_select_by_dep=None, packages_skip_by_dep=None, packages_skip_up_to=None, packages_select_build_failed=False, packages_skip_build_finished=False, packages_select_test_failures=False, packages_skip_test_passed=False, packages_select=['project'], packages_skip=None, packages_select_regex=None, packages_skip_regex=None, packages_start=None, packages_end=None, allow_overriding=[], cmake_args=None, cmake_target=None, cmake_target_skip_unavailable=False, cmake_clean_cache=False, cmake_clean_first=False, cmake_force_configure=False, ament_cmake_args=None, catkin_cmake_args=None, catkin_skip_building_tests=False, verb_parser=<colcon_defaults.argument_parser.defaults.DefaultArgumentsDecorator object at 0x7f273f8a9cf0>, verb_extension=<colcon_core.verb.build.BuildVerb object at 0x7f273f70bfa0>, main=<bound method BuildVerb.main of <colcon_core.verb.build.BuildVerb object at 0x7f273f70bfa0>>)
[1.316s] Level 1:colcon.colcon_core.package_discovery:discover_packages(colcon_meta) check parameters
[1.316s] Level 1:colcon.colcon_core.package_discovery:discover_packages(recursive) check parameters
[1.316s] Level 1:colcon.colcon_core.package_discovery:discover_packages(ignore) check parameters
[1.316s] Level 1:colcon.colcon_core.package_discovery:discover_packages(path) check parameters
[1.316s] Level 1:colcon.colcon_core.package_discovery:discover_packages(colcon_meta) discover
[1.316s] Level 1:colcon.colcon_core.package_discovery:discover_packages(recursive) discover
[1.316s] INFO:colcon.colcon_core.package_discovery:Crawling recursively for packages in '/home/simon/Documents/ARO/ros2_ws'
[1.316s] Level 1:colcon.colcon_core.package_identification:_identify(.) by extensions ['ignore', 'ignore_ament_install']
[1.316s] Level 1:colcon.colcon_core.package_identification:_identify(.) by extension 'ignore'
[1.317s] Level 1:colcon.colcon_core.package_identification:_identify(.) by extension 'ignore_ament_install'
[1.317s] Level 1:colcon.colcon_core.package_identification:_identify(.) by extensions ['colcon_pkg']
[1.317s] Level 1:colcon.colcon_core.package_identification:_identify(.) by extension 'colcon_pkg'
[1.317s] Level 1:colcon.colcon_core.package_identification:_identify(.) by extensions ['colcon_meta']
[1.317s] Level 1:colcon.colcon_core.package_identification:_identify(.) by extension 'colcon_meta'
[1.317s] Level 1:colcon.colcon_core.package_identification:_identify(.) by extensions ['ros']
[1.317s] Level 1:colcon.colcon_core.package_identification:_identify(.) by extension 'ros'
[1.331s] Level 1:colcon.colcon_core.package_identification:_identify(.) by extensions ['cmake', 'python']
[1.331s] Level 1:colcon.colcon_core.package_identification:_identify(.) by extension 'cmake'
[1.331s] Level 1:colcon.colcon_core.package_identification:_identify(.) by extension 'python'
[1.331s] Level 1:colcon.colcon_core.package_identification:_identify(.) by extensions ['python_setup_py']
[1.331s] Level 1:colcon.colcon_core.package_identification:_identify(.) by extension 'python_setup_py'
[1.331s] Level 1:colcon.colcon_core.package_identification:_identify(build) by extensions ['ignore', 'ignore_ament_install']
[1.331s] Level 1:colcon.colcon_core.package_identification:_identify(build) by extension 'ignore'
[1.331s] Level 1:colcon.colcon_core.package_identification:_identify(build) ignored
[1.331s] Level 1:colcon.colcon_core.package_identification:_identify(install) by extensions ['ignore', 'ignore_ament_install']
[1.331s] Level 1:colcon.colcon_core.package_identification:_identify(install) by extension 'ignore'
[1.332s] Level 1:colcon.colcon_core.package_identification:_identify(install) ignored
[1.332s] Level 1:colcon.colcon_core.package_identification:_identify(log) by extensions ['ignore', 'ignore_ament_install']
[1.332s] Level 1:colcon.colcon_core.package_identification:_identify(log) by extension 'ignore'
[1.332s] Level 1:colcon.colcon_core.package_identification:_identify(log) ignored
[1.332s] Level 1:colcon.colcon_core.package_identification:_identify(src) by extensions ['ignore', 'ignore_ament_install']
[1.332s] Level 1:colcon.colcon_core.package_identification:_identify(src) by extension 'ignore'
[1.332s] Level 1:colcon.colcon_core.package_identification:_identify(src) by extension 'ignore_ament_install'
[1.332s] Level 1:colcon.colcon_core.package_identification:_identify(src) by extensions ['colcon_pkg']
[1.332s] Level 1:colcon.colcon_core.package_identification:_identify(src) by extension 'colcon_pkg'
[1.332s] Level 1:colcon.colcon_core.package_identification:_identify(src) by extensions ['colcon_meta']
[1.332s] Level 1:colcon.colcon_core.package_identification:_identify(src) by extension 'colcon_meta'
[1.332s] Level 1:colcon.colcon_core.package_identification:_identify(src) by extensions ['ros']
[1.332s] Level 1:colcon.colcon_core.package_identification:_identify(src) by extension 'ros'
[1.332s] Level 1:colcon.colcon_core.package_identification:_identify(src) by extensions ['cmake', 'python']
[1.332s] Level 1:colcon.colcon_core.package_identification:_identify(src) by extension 'cmake'
[1.332s] Level 1:colcon.colcon_core.package_identification:_identify(src) by extension 'python'
[1.332s] Level 1:colcon.colcon_core.package_identification:_identify(src) by extensions ['python_setup_py']
[1.332s] Level 1:colcon.colcon_core.package_identification:_identify(src) by extension 'python_setup_py'
[1.332s] Level 1:colcon.colcon_core.package_identification:_identify(src/ROS2_examples) by extensions ['ignore', 'ignore_ament_install']
[1.333s] Level 1:colcon.colcon_core.package_identification:_identify(src/ROS2_examples) by extension 'ignore'
[1.333s] Level 1:colcon.colcon_core.package_identification:_identify(src/ROS2_examples) by extension 'ignore_ament_install'
[1.333s] Level 1:colcon.colcon_core.package_identification:_identify(src/ROS2_examples) by extensions ['colcon_pkg']
[1.333s] Level 1:colcon.colcon_core.package_identification:_identify(src/ROS2_examples) by extension 'colcon_pkg'
[1.333s] Level 1:colcon.colcon_core.package_identification:_identify(src/ROS2_examples) by extensions ['colcon_meta']
[1.333s] Level 1:colcon.colcon_core.package_identification:_identify(src/ROS2_examples) by extension 'colcon_meta'
[1.333s] Level 1:colcon.colcon_core.package_identification:_identify(src/ROS2_examples) by extensions ['ros']
[1.333s] Level 1:colcon.colcon_core.package_identification:_identify(src/ROS2_examples) by extension 'ros'
[1.333s] Level 1:colcon.colcon_core.package_identification:_identify(src/ROS2_examples) by extensions ['cmake', 'python']
[1.333s] Level 1:colcon.colcon_core.package_identification:_identify(src/ROS2_examples) by extension 'cmake'
[1.333s] Level 1:colcon.colcon_core.package_identification:_identify(src/ROS2_examples) by extension 'python'
[1.333s] Level 1:colcon.colcon_core.package_identification:_identify(src/ROS2_examples) by extensions ['python_setup_py']
[1.333s] Level 1:colcon.colcon_core.package_identification:_identify(src/ROS2_examples) by extension 'python_setup_py'
[1.333s] Level 1:colcon.colcon_core.package_identification:_identify(src/ROS2_examples/launch_testing) by extensions ['ignore', 'ignore_ament_install']
[1.333s] Level 1:colcon.colcon_core.package_identification:_identify(src/ROS2_examples/launch_testing) by extension 'ignore'
[1.333s] Level 1:colcon.colcon_core.package_identification:_identify(src/ROS2_examples/launch_testing) by extension 'ignore_ament_install'
[1.333s] Level 1:colcon.colcon_core.package_identification:_identify(src/ROS2_examples/launch_testing) by extensions ['colcon_pkg']
[1.333s] Level 1:colcon.colcon_core.package_identification:_identify(src/ROS2_examples/launch_testing) by extension 'colcon_pkg'
[1.333s] Level 1:colcon.colcon_core.package_identification:_identify(src/ROS2_examples/launch_testing) by extensions ['colcon_meta']
[1.333s] Level 1:colcon.colcon_core.package_identification:_identify(src/ROS2_examples/launch_testing) by extension 'colcon_meta'
[1.334s] Level 1:colcon.colcon_core.package_identification:_identify(src/ROS2_examples/launch_testing) by extensions ['ros']
[1.334s] Level 1:colcon.colcon_core.package_identification:_identify(src/ROS2_examples/launch_testing) by extension 'ros'
[1.334s] Level 1:colcon.colcon_core.package_identification:_identify(src/ROS2_examples/launch_testing) by extensions ['cmake', 'python']
[1.334s] Level 1:colcon.colcon_core.package_identification:_identify(src/ROS2_examples/launch_testing) by extension 'cmake'
[1.334s] Level 1:colcon.colcon_core.package_identification:_identify(src/ROS2_examples/launch_testing) by extension 'python'
[1.334s] Level 1:colcon.colcon_core.package_identification:_identify(src/ROS2_examples/launch_testing) by extensions ['python_setup_py']
[1.334s] Level 1:colcon.colcon_core.package_identification:_identify(src/ROS2_examples/launch_testing) by extension 'python_setup_py'
[1.334s] Level 1:colcon.colcon_core.package_identification:_identify(src/ROS2_examples/launch_testing/launch_testing_examples) by extensions ['ignore', 'ignore_ament_install']
[1.334s] Level 1:colcon.colcon_core.package_identification:_identify(src/ROS2_examples/launch_testing/launch_testing_examples) by extension 'ignore'
[1.334s] Level 1:colcon.colcon_core.package_identification:_identify(src/ROS2_examples/launch_testing/launch_testing_examples) by extension 'ignore_ament_install'
[1.334s] Level 1:colcon.colcon_core.package_identification:_identify(src/ROS2_examples/launch_testing/launch_testing_examples) by extensions ['colcon_pkg']
[1.334s] Level 1:colcon.colcon_core.package_identification:_identify(src/ROS2_examples/launch_testing/launch_testing_examples) by extension 'colcon_pkg'
[1.334s] Level 1:colcon.colcon_core.package_identification:_identify(src/ROS2_examples/launch_testing/launch_testing_examples) by extensions ['colcon_meta']
[1.334s] Level 1:colcon.colcon_core.package_identification:_identify(src/ROS2_examples/launch_testing/launch_testing_examples) by extension 'colcon_meta'
[1.334s] Level 1:colcon.colcon_core.package_identification:_identify(src/ROS2_examples/launch_testing/launch_testing_examples) by extensions ['ros']
[1.334s] Level 1:colcon.colcon_core.package_identification:_identify(src/ROS2_examples/launch_testing/launch_testing_examples) by extension 'ros'
[1.337s] DEBUG:colcon.colcon_core.package_identification:Package 'src/ROS2_examples/launch_testing/launch_testing_examples' with type 'ros.ament_python' and name 'launch_testing_examples'
[1.337s] Level 1:colcon.colcon_core.package_identification:_identify(src/ROS2_examples/rclpy) by extensions ['ignore', 'ignore_ament_install']
[1.338s] Level 1:colcon.colcon_core.package_identification:_identify(src/ROS2_examples/rclpy) by extension 'ignore'
[1.338s] Level 1:colcon.colcon_core.package_identification:_identify(src/ROS2_examples/rclpy) by extension 'ignore_ament_install'
[1.338s] Level 1:colcon.colcon_core.package_identification:_identify(src/ROS2_examples/rclpy) by extensions ['colcon_pkg']
[1.338s] Level 1:colcon.colcon_core.package_identification:_identify(src/ROS2_examples/rclpy) by extension 'colcon_pkg'
[1.338s] Level 1:colcon.colcon_core.package_identification:_identify(src/ROS2_examples/rclpy) by extensions ['colcon_meta']
[1.338s] Level 1:colcon.colcon_core.package_identification:_identify(src/ROS2_examples/rclpy) by extension 'colcon_meta'
[1.338s] Level 1:colcon.colcon_core.package_identification:_identify(src/ROS2_examples/rclpy) by extensions ['ros']
[1.338s] Level 1:colcon.colcon_core.package_identification:_identify(src/ROS2_examples/rclpy) by extension 'ros'
[1.338s] Level 1:colcon.colcon_core.package_identification:_identify(src/ROS2_examples/rclpy) by extensions ['cmake', 'python']
[1.338s] Level 1:colcon.colcon_core.package_identification:_identify(src/ROS2_examples/rclpy) by extension 'cmake'
[1.338s] Level 1:colcon.colcon_core.package_identification:_identify(src/ROS2_examples/rclpy) by extension 'python'
[1.338s] Level 1:colcon.colcon_core.package_identification:_identify(src/ROS2_examples/rclpy) by extensions ['python_setup_py']
[1.338s] Level 1:colcon.colcon_core.package_identification:_identify(src/ROS2_examples/rclpy) by extension 'python_setup_py'
[1.338s] Level 1:colcon.colcon_core.package_identification:_identify(src/ROS2_examples/rclpy/actions) by extensions ['ignore', 'ignore_ament_install']
[1.339s] Level 1:colcon.colcon_core.package_identification:_identify(src/ROS2_examples/rclpy/actions) by extension 'ignore'
[1.339s] Level 1:colcon.colcon_core.package_identification:_identify(src/ROS2_examples/rclpy/actions) by extension 'ignore_ament_install'
[1.339s] Level 1:colcon.colcon_core.package_identification:_identify(src/ROS2_examples/rclpy/actions) by extensions ['colcon_pkg']
[1.339s] Level 1:colcon.colcon_core.package_identification:_identify(src/ROS2_examples/rclpy/actions) by extension 'colcon_pkg'
[1.339s] Level 1:colcon.colcon_core.package_identification:_identify(src/ROS2_examples/rclpy/actions) by extensions ['colcon_meta']
[1.339s] Level 1:colcon.colcon_core.package_identification:_identify(src/ROS2_examples/rclpy/actions) by extension 'colcon_meta'
[1.339s] Level 1:colcon.colcon_core.package_identification:_identify(src/ROS2_examples/rclpy/actions) by extensions ['ros']
[1.339s] Level 1:colcon.colcon_core.package_identification:_identify(src/ROS2_examples/rclpy/actions) by extension 'ros'
[1.339s] Level 1:colcon.colcon_core.package_identification:_identify(src/ROS2_examples/rclpy/actions) by extensions ['cmake', 'python']
[1.339s] Level 1:colcon.colcon_core.package_identification:_identify(src/ROS2_examples/rclpy/actions) by extension 'cmake'
[1.339s] Level 1:colcon.colcon_core.package_identification:_identify(src/ROS2_examples/rclpy/actions) by extension 'python'
[1.339s] Level 1:colcon.colcon_core.package_identification:_identify(src/ROS2_examples/rclpy/actions) by extensions ['python_setup_py']
[1.339s] Level 1:colcon.colcon_core.package_identification:_identify(src/ROS2_examples/rclpy/actions) by extension 'python_setup_py'
[1.339s] Level 1:colcon.colcon_core.package_identification:_identify(src/ROS2_examples/rclpy/actions/minimal_action_client) by extensions ['ignore', 'ignore_ament_install']
[1.339s] Level 1:colcon.colcon_core.package_identification:_identify(src/ROS2_examples/rclpy/actions/minimal_action_client) by extension 'ignore'
[1.339s] Level 1:colcon.colcon_core.package_identification:_identify(src/ROS2_examples/rclpy/actions/minimal_action_client) by extension 'ignore_ament_install'
[1.340s] Level 1:colcon.colcon_core.package_identification:_identify(src/ROS2_examples/rclpy/actions/minimal_action_client) by extensions ['colcon_pkg']
[1.340s] Level 1:colcon.colcon_core.package_identification:_identify(src/ROS2_examples/rclpy/actions/minimal_action_client) by extension 'colcon_pkg'
[1.340s] Level 1:colcon.colcon_core.package_identification:_identify(src/ROS2_examples/rclpy/actions/minimal_action_client) by extensions ['colcon_meta']
[1.340s] Level 1:colcon.colcon_core.package_identification:_identify(src/ROS2_examples/rclpy/actions/minimal_action_client) by extension 'colcon_meta'
[1.340s] Level 1:colcon.colcon_core.package_identification:_identify(src/ROS2_examples/rclpy/actions/minimal_action_client) by extensions ['ros']
[1.340s] Level 1:colcon.colcon_core.package_identification:_identify(src/ROS2_examples/rclpy/actions/minimal_action_client) by extension 'ros'
[1.341s] DEBUG:colcon.colcon_core.package_identification:Package 'src/ROS2_examples/rclpy/actions/minimal_action_client' with type 'ros.ament_python' and name 'examples_rclpy_minimal_action_client'
[1.341s] Level 1:colcon.colcon_core.package_identification:_identify(src/ROS2_examples/rclpy/actions/minimal_action_server) by extensions ['ignore', 'ignore_ament_install']
[1.341s] Level 1:colcon.colcon_core.package_identification:_identify(src/ROS2_examples/rclpy/actions/minimal_action_server) by extension 'ignore'
[1.341s] Level 1:colcon.colcon_core.package_identification:_identify(src/ROS2_examples/rclpy/actions/minimal_action_server) by extension 'ignore_ament_install'
[1.341s] Level 1:colcon.colcon_core.package_identification:_identify(src/ROS2_examples/rclpy/actions/minimal_action_server) by extensions ['colcon_pkg']
[1.341s] Level 1:colcon.colcon_core.package_identification:_identify(src/ROS2_examples/rclpy/actions/minimal_action_server) by extension 'colcon_pkg'
[1.341s] Level 1:colcon.colcon_core.package_identification:_identify(src/ROS2_examples/rclpy/actions/minimal_action_server) by extensions ['colcon_meta']
[1.342s] Level 1:colcon.colcon_core.package_identification:_identify(src/ROS2_examples/rclpy/actions/minimal_action_server) by extension 'colcon_meta'
[1.342s] Level 1:colcon.colcon_core.package_identification:_identify(src/ROS2_examples/rclpy/actions/minimal_action_server) by extensions ['ros']
[1.342s] Level 1:colcon.colcon_core.package_identification:_identify(src/ROS2_examples/rclpy/actions/minimal_action_server) by extension 'ros'
[1.342s] DEBUG:colcon.colcon_core.package_identification:Package 'src/ROS2_examples/rclpy/actions/minimal_action_server' with type 'ros.ament_python' and name 'examples_rclpy_minimal_action_server'
[1.343s] Level 1:colcon.colcon_core.package_identification:_identify(src/ROS2_examples/rclpy/interfaces) by extensions ['ignore', 'ignore_ament_install']
[1.343s] Level 1:colcon.colcon_core.package_identification:_identify(src/ROS2_examples/rclpy/interfaces) by extension 'ignore'
[1.343s] Level 1:colcon.colcon_core.package_identification:_identify(src/ROS2_examples/rclpy/interfaces) by extension 'ignore_ament_install'
[1.343s] Level 1:colcon.colcon_core.package_identification:_identify(src/ROS2_examples/rclpy/interfaces) by extensions ['colcon_pkg']
[1.343s] Level 1:colcon.colcon_core.package_identification:_identify(src/ROS2_examples/rclpy/interfaces) by extension 'colcon_pkg'
[1.343s] Level 1:colcon.colcon_core.package_identification:_identify(src/ROS2_examples/rclpy/interfaces) by extensions ['colcon_meta']
[1.343s] Level 1:colcon.colcon_core.package_identification:_identify(src/ROS2_examples/rclpy/interfaces) by extension 'colcon_meta'
[1.343s] Level 1:colcon.colcon_core.package_identification:_identify(src/ROS2_examples/rclpy/interfaces) by extensions ['ros']
[1.343s] Level 1:colcon.colcon_core.package_identification:_identify(src/ROS2_examples/rclpy/interfaces) by extension 'ros'
[1.343s] Level 1:colcon.colcon_core.package_identification:_identify(src/ROS2_examples/rclpy/interfaces) by extensions ['cmake', 'python']
[1.343s] Level 1:colcon.colcon_core.package_identification:_identify(src/ROS2_examples/rclpy/interfaces) by extension 'cmake'
[1.343s] Level 1:colcon.colcon_core.package_identification:_identify(src/ROS2_examples/rclpy/interfaces) by extension 'python'
[1.343s] Level 1:colcon.colcon_core.package_identification:_identify(src/ROS2_examples/rclpy/interfaces) by extensions ['python_setup_py']
[1.343s] Level 1:colcon.colcon_core.package_identification:_identify(src/ROS2_examples/rclpy/interfaces) by extension 'python_setup_py'
[1.344s] Level 1:colcon.colcon_core.package_identification:_identify(src/ROS2_examples/rclpy/interfaces/minimal_interfaces) by extensions ['ignore', 'ignore_ament_install']
[1.344s] Level 1:colcon.colcon_core.package_identification:_identify(src/ROS2_examples/rclpy/interfaces/minimal_interfaces) by extension 'ignore'
[1.344s] Level 1:colcon.colcon_core.package_identification:_identify(src/ROS2_examples/rclpy/interfaces/minimal_interfaces) by extension 'ignore_ament_install'
[1.344s] Level 1:colcon.colcon_core.package_identification:_identify(src/ROS2_examples/rclpy/interfaces/minimal_interfaces) by extensions ['colcon_pkg']
[1.344s] Level 1:colcon.colcon_core.package_identification:_identify(src/ROS2_examples/rclpy/interfaces/minimal_interfaces) by extension 'colcon_pkg'
[1.344s] Level 1:colcon.colcon_core.package_identification:_identify(src/ROS2_examples/rclpy/interfaces/minimal_interfaces) by extensions ['colcon_meta']
[1.344s] Level 1:colcon.colcon_core.package_identification:_identify(src/ROS2_examples/rclpy/interfaces/minimal_interfaces) by extension 'colcon_meta'
[1.344s] Level 1:colcon.colcon_core.package_identification:_identify(src/ROS2_examples/rclpy/interfaces/minimal_interfaces) by extensions ['ros']
[1.344s] Level 1:colcon.colcon_core.package_identification:_identify(src/ROS2_examples/rclpy/interfaces/minimal_interfaces) by extension 'ros'
[1.345s] DEBUG:colcon.colcon_core.package_identification:Package 'src/ROS2_examples/rclpy/interfaces/minimal_interfaces' with type 'ros.ament_cmake' and name 'minimal_interfaces'
[1.345s] Level 1:colcon.colcon_core.package_identification:_identify(src/ROS2_examples/rclpy/launch) by extensions ['ignore', 'ignore_ament_install']
[1.345s] Level 1:colcon.colcon_core.package_identification:_identify(src/ROS2_examples/rclpy/launch) by extension 'ignore'
[1.345s] Level 1:colcon.colcon_core.package_identification:_identify(src/ROS2_examples/rclpy/launch) by extension 'ignore_ament_install'
[1.345s] Level 1:colcon.colcon_core.package_identification:_identify(src/ROS2_examples/rclpy/launch) by extensions ['colcon_pkg']
[1.345s] Level 1:colcon.colcon_core.package_identification:_identify(src/ROS2_examples/rclpy/launch) by extension 'colcon_pkg'
[1.345s] Level 1:colcon.colcon_core.package_identification:_identify(src/ROS2_examples/rclpy/launch) by extensions ['colcon_meta']
[1.345s] Level 1:colcon.colcon_core.package_identification:_identify(src/ROS2_examples/rclpy/launch) by extension 'colcon_meta'
[1.346s] Level 1:colcon.colcon_core.package_identification:_identify(src/ROS2_examples/rclpy/launch) by extensions ['ros']
[1.346s] Level 1:colcon.colcon_core.package_identification:_identify(src/ROS2_examples/rclpy/launch) by extension 'ros'
[1.346s] Level 1:colcon.colcon_core.package_identification:_identify(src/ROS2_examples/rclpy/launch) by extensions ['cmake', 'python']
[1.346s] Level 1:colcon.colcon_core.package_identification:_identify(src/ROS2_examples/rclpy/launch) by extension 'cmake'
[1.346s] Level 1:colcon.colcon_core.package_identification:_identify(src/ROS2_examples/rclpy/launch) by extension 'python'
[1.346s] Level 1:colcon.colcon_core.package_identification:_identify(src/ROS2_examples/rclpy/launch) by extensions ['python_setup_py']
[1.346s] Level 1:colcon.colcon_core.package_identification:_identify(src/ROS2_examples/rclpy/launch) by extension 'python_setup_py'
[1.346s] Level 1:colcon.colcon_core.package_identification:_identify(src/ROS2_examples/rclpy/launch/minimal_launch) by extensions ['ignore', 'ignore_ament_install']
[1.346s] Level 1:colcon.colcon_core.package_identification:_identify(src/ROS2_examples/rclpy/launch/minimal_launch) by extension 'ignore'
[1.346s] Level 1:colcon.colcon_core.package_identification:_identify(src/ROS2_examples/rclpy/launch/minimal_launch) by extension 'ignore_ament_install'
[1.346s] Level 1:colcon.colcon_core.package_identification:_identify(src/ROS2_examples/rclpy/launch/minimal_launch) by extensions ['colcon_pkg']
[1.346s] Level 1:colcon.colcon_core.package_identification:_identify(src/ROS2_examples/rclpy/launch/minimal_launch) by extension 'colcon_pkg'
[1.346s] Level 1:colcon.colcon_core.package_identification:_identify(src/ROS2_examples/rclpy/launch/minimal_launch) by extensions ['colcon_meta']
[1.346s] Level 1:colcon.colcon_core.package_identification:_identify(src/ROS2_examples/rclpy/launch/minimal_launch) by extension 'colcon_meta'
[1.346s] Level 1:colcon.colcon_core.package_identification:_identify(src/ROS2_examples/rclpy/launch/minimal_launch) by extensions ['ros']
[1.346s] Level 1:colcon.colcon_core.package_identification:_identify(src/ROS2_examples/rclpy/launch/minimal_launch) by extension 'ros'
[1.348s] DEBUG:colcon.colcon_core.package_identification:Package 'src/ROS2_examples/rclpy/launch/minimal_launch' with type 'ros.ament_python' and name 'minimal_launch'
[1.348s] Level 1:colcon.colcon_core.package_identification:_identify(src/ROS2_examples/rclpy/services) by extensions ['ignore', 'ignore_ament_install']
[1.348s] Level 1:colcon.colcon_core.package_identification:_identify(src/ROS2_examples/rclpy/services) by extension 'ignore'
[1.348s] Level 1:colcon.colcon_core.package_identification:_identify(src/ROS2_examples/rclpy/services) by extension 'ignore_ament_install'
[1.348s] Level 1:colcon.colcon_core.package_identification:_identify(src/ROS2_examples/rclpy/services) by extensions ['colcon_pkg']
[1.348s] Level 1:colcon.colcon_core.package_identification:_identify(src/ROS2_examples/rclpy/services) by extension 'colcon_pkg'
[1.348s] Level 1:colcon.colcon_core.package_identification:_identify(src/ROS2_examples/rclpy/services) by extensions ['colcon_meta']
[1.348s] Level 1:colcon.colcon_core.package_identification:_identify(src/ROS2_examples/rclpy/services) by extension 'colcon_meta'
[1.348s] Level 1:colcon.colcon_core.package_identification:_identify(src/ROS2_examples/rclpy/services) by extensions ['ros']
[1.348s] Level 1:colcon.colcon_core.package_identification:_identify(src/ROS2_examples/rclpy/services) by extension 'ros'
[1.348s] Level 1:colcon.colcon_core.package_identification:_identify(src/ROS2_examples/rclpy/services) by extensions ['cmake', 'python']
[1.348s] Level 1:colcon.colcon_core.package_identification:_identify(src/ROS2_examples/rclpy/services) by extension 'cmake'
[1.348s] Level 1:colcon.colcon_core.package_identification:_identify(src/ROS2_examples/rclpy/services) by extension 'python'
[1.349s] Level 1:colcon.colcon_core.package_identification:_identify(src/ROS2_examples/rclpy/services) by extensions ['python_setup_py']
[1.349s] Level 1:colcon.colcon_core.package_identification:_identify(src/ROS2_examples/rclpy/services) by extension 'python_setup_py'
[1.349s] Level 1:colcon.colcon_core.package_identification:_identify(src/ROS2_examples/rclpy/services/minimal_client) by extensions ['ignore', 'ignore_ament_install']
[1.349s] Level 1:colcon.colcon_core.package_identification:_identify(src/ROS2_examples/rclpy/services/minimal_client) by extension 'ignore'
[1.349s] Level 1:colcon.colcon_core.package_identification:_identify(src/ROS2_examples/rclpy/services/minimal_client) by extension 'ignore_ament_install'
[1.349s] Level 1:colcon.colcon_core.package_identification:_identify(src/ROS2_examples/rclpy/services/minimal_client) by extensions ['colcon_pkg']
[1.349s] Level 1:colcon.colcon_core.package_identification:_identify(src/ROS2_examples/rclpy/services/minimal_client) by extension 'colcon_pkg'
[1.349s] Level 1:colcon.colcon_core.package_identification:_identify(src/ROS2_examples/rclpy/services/minimal_client) by extensions ['colcon_meta']
[1.349s] Level 1:colcon.colcon_core.package_identification:_identify(src/ROS2_examples/rclpy/services/minimal_client) by extension 'colcon_meta'
[1.349s] Level 1:colcon.colcon_core.package_identification:_identify(src/ROS2_examples/rclpy/services/minimal_client) by extensions ['ros']
[1.349s] Level 1:colcon.colcon_core.package_identification:_identify(src/ROS2_examples/rclpy/services/minimal_client) by extension 'ros'
[1.350s] DEBUG:colcon.colcon_core.package_identification:Package 'src/ROS2_examples/rclpy/services/minimal_client' with type 'ros.ament_python' and name 'examples_rclpy_minimal_client'
[1.350s] Level 1:colcon.colcon_core.package_identification:_identify(src/ROS2_examples/rclpy/services/minimal_service) by extensions ['ignore', 'ignore_ament_install']
[1.350s] Level 1:colcon.colcon_core.package_identification:_identify(src/ROS2_examples/rclpy/services/minimal_service) by extension 'ignore'
[1.350s] Level 1:colcon.colcon_core.package_identification:_identify(src/ROS2_examples/rclpy/services/minimal_service) by extension 'ignore_ament_install'
[1.350s] Level 1:colcon.colcon_core.package_identification:_identify(src/ROS2_examples/rclpy/services/minimal_service) by extensions ['colcon_pkg']
[1.350s] Level 1:colcon.colcon_core.package_identification:_identify(src/ROS2_examples/rclpy/services/minimal_service) by extension 'colcon_pkg'
[1.350s] Level 1:colcon.colcon_core.package_identification:_identify(src/ROS2_examples/rclpy/services/minimal_service) by extensions ['colcon_meta']
[1.350s] Level 1:colcon.colcon_core.package_identification:_identify(src/ROS2_examples/rclpy/services/minimal_service) by extension 'colcon_meta'
[1.350s] Level 1:colcon.colcon_core.package_identification:_identify(src/ROS2_examples/rclpy/services/minimal_service) by extensions ['ros']
[1.351s] Level 1:colcon.colcon_core.package_identification:_identify(src/ROS2_examples/rclpy/services/minimal_service) by extension 'ros'
[1.351s] DEBUG:colcon.colcon_core.package_identification:Package 'src/ROS2_examples/rclpy/services/minimal_service' with type 'ros.ament_python' and name 'examples_rclpy_minimal_service'
[1.351s] Level 1:colcon.colcon_core.package_identification:_identify(src/ROS2_examples/rclpy/topics) by extensions ['ignore', 'ignore_ament_install']
[1.351s] Level 1:colcon.colcon_core.package_identification:_identify(src/ROS2_examples/rclpy/topics) by extension 'ignore'
[1.351s] Level 1:colcon.colcon_core.package_identification:_identify(src/ROS2_examples/rclpy/topics) by extension 'ignore_ament_install'
[1.351s] Level 1:colcon.colcon_core.package_identification:_identify(src/ROS2_examples/rclpy/topics) by extensions ['colcon_pkg']
[1.351s] Level 1:colcon.colcon_core.package_identification:_identify(src/ROS2_examples/rclpy/topics) by extension 'colcon_pkg'
[1.351s] Level 1:colcon.colcon_core.package_identification:_identify(src/ROS2_examples/rclpy/topics) by extensions ['colcon_meta']
[1.351s] Level 1:colcon.colcon_core.package_identification:_identify(src/ROS2_examples/rclpy/topics) by extension 'colcon_meta'
[1.352s] Level 1:colcon.colcon_core.package_identification:_identify(src/ROS2_examples/rclpy/topics) by extensions ['ros']
[1.352s] Level 1:colcon.colcon_core.package_identification:_identify(src/ROS2_examples/rclpy/topics) by extension 'ros'
[1.352s] Level 1:colcon.colcon_core.package_identification:_identify(src/ROS2_examples/rclpy/topics) by extensions ['cmake', 'python']
[1.352s] Level 1:colcon.colcon_core.package_identification:_identify(src/ROS2_examples/rclpy/topics) by extension 'cmake'
[1.352s] Level 1:colcon.colcon_core.package_identification:_identify(src/ROS2_examples/rclpy/topics) by extension 'python'
[1.352s] Level 1:colcon.colcon_core.package_identification:_identify(src/ROS2_examples/rclpy/topics) by extensions ['python_setup_py']
[1.352s] Level 1:colcon.colcon_core.package_identification:_identify(src/ROS2_examples/rclpy/topics) by extension 'python_setup_py'
[1.352s] Level 1:colcon.colcon_core.package_identification:_identify(src/ROS2_examples/rclpy/topics/minimal_publisher) by extensions ['ignore', 'ignore_ament_install']
[1.352s] Level 1:colcon.colcon_core.package_identification:_identify(src/ROS2_examples/rclpy/topics/minimal_publisher) by extension 'ignore'
[1.352s] Level 1:colcon.colcon_core.package_identification:_identify(src/ROS2_examples/rclpy/topics/minimal_publisher) by extension 'ignore_ament_install'
[1.352s] Level 1:colcon.colcon_core.package_identification:_identify(src/ROS2_examples/rclpy/topics/minimal_publisher) by extensions ['colcon_pkg']
[1.352s] Level 1:colcon.colcon_core.package_identification:_identify(src/ROS2_examples/rclpy/topics/minimal_publisher) by extension 'colcon_pkg'
[1.352s] Level 1:colcon.colcon_core.package_identification:_identify(src/ROS2_examples/rclpy/topics/minimal_publisher) by extensions ['colcon_meta']
[1.352s] Level 1:colcon.colcon_core.package_identification:_identify(src/ROS2_examples/rclpy/topics/minimal_publisher) by extension 'colcon_meta'
[1.352s] Level 1:colcon.colcon_core.package_identification:_identify(src/ROS2_examples/rclpy/topics/minimal_publisher) by extensions ['ros']
[1.352s] Level 1:colcon.colcon_core.package_identification:_identify(src/ROS2_examples/rclpy/topics/minimal_publisher) by extension 'ros'
[1.353s] DEBUG:colcon.colcon_core.package_identification:Package 'src/ROS2_examples/rclpy/topics/minimal_publisher' with type 'ros.ament_python' and name 'examples_rclpy_minimal_publisher'
[1.353s] Level 1:colcon.colcon_core.package_identification:_identify(src/ROS2_examples/rclpy/topics/minimal_subscriber) by extensions ['ignore', 'ignore_ament_install']
[1.353s] Level 1:colcon.colcon_core.package_identification:_identify(src/ROS2_examples/rclpy/topics/minimal_subscriber) by extension 'ignore'
[1.353s] Level 1:colcon.colcon_core.package_identification:_identify(src/ROS2_examples/rclpy/topics/minimal_subscriber) by extension 'ignore_ament_install'
[1.353s] Level 1:colcon.colcon_core.package_identification:_identify(src/ROS2_examples/rclpy/topics/minimal_subscriber) by extensions ['colcon_pkg']
[1.353s] Level 1:colcon.colcon_core.package_identification:_identify(src/ROS2_examples/rclpy/topics/minimal_subscriber) by extension 'colcon_pkg'
[1.353s] Level 1:colcon.colcon_core.package_identification:_identify(src/ROS2_examples/rclpy/topics/minimal_subscriber) by extensions ['colcon_meta']
[1.353s] Level 1:colcon.colcon_core.package_identification:_identify(src/ROS2_examples/rclpy/topics/minimal_subscriber) by extension 'colcon_meta'
[1.353s] Level 1:colcon.colcon_core.package_identification:_identify(src/ROS2_examples/rclpy/topics/minimal_subscriber) by extensions ['ros']
[1.353s] Level 1:colcon.colcon_core.package_identification:_identify(src/ROS2_examples/rclpy/topics/minimal_subscriber) by extension 'ros'
[1.354s] DEBUG:colcon.colcon_core.package_identification:Package 'src/ROS2_examples/rclpy/topics/minimal_subscriber' with type 'ros.ament_python' and name 'examples_rclpy_minimal_subscriber'
[1.355s] Level 1:colcon.colcon_core.package_identification:_identify(src/build) by extensions ['ignore', 'ignore_ament_install']
[1.355s] Level 1:colcon.colcon_core.package_identification:_identify(src/build) by extension 'ignore'
[1.355s] Level 1:colcon.colcon_core.package_identification:_identify(src/build) ignored
[1.355s] Level 1:colcon.colcon_core.package_identification:_identify(src/install) by extensions ['ignore', 'ignore_ament_install']
[1.355s] Level 1:colcon.colcon_core.package_identification:_identify(src/install) by extension 'ignore'
[1.355s] Level 1:colcon.colcon_core.package_identification:_identify(src/install) ignored
[1.355s] Level 1:colcon.colcon_core.package_identification:_identify(src/log) by extensions ['ignore', 'ignore_ament_install']
[1.355s] Level 1:colcon.colcon_core.package_identification:_identify(src/log) by extension 'ignore'
[1.355s] Level 1:colcon.colcon_core.package_identification:_identify(src/log) ignored
[1.355s] Level 1:colcon.colcon_core.package_identification:_identify(src/mi_paquete_python) by extensions ['ignore', 'ignore_ament_install']
[1.356s] Level 1:colcon.colcon_core.package_identification:_identify(src/mi_paquete_python) by extension 'ignore'
[1.356s] Level 1:colcon.colcon_core.package_identification:_identify(src/mi_paquete_python) by extension 'ignore_ament_install'
[1.356s] Level 1:colcon.colcon_core.package_identification:_identify(src/mi_paquete_python) by extensions ['colcon_pkg']
[1.356s] Level 1:colcon.colcon_core.package_identification:_identify(src/mi_paquete_python) by extension 'colcon_pkg'
[1.356s] Level 1:colcon.colcon_core.package_identification:_identify(src/mi_paquete_python) by extensions ['colcon_meta']
[1.356s] Level 1:colcon.colcon_core.package_identification:_identify(src/mi_paquete_python) by extension 'colcon_meta'
[1.356s] Level 1:colcon.colcon_core.package_identification:_identify(src/mi_paquete_python) by extensions ['ros']
[1.356s] Level 1:colcon.colcon_core.package_identification:_identify(src/mi_paquete_python) by extension 'ros'
[1.357s] DEBUG:colcon.colcon_core.package_identification:Package 'src/mi_paquete_python' with type 'ros.ament_python' and name 'mi_paquete_python'
[1.357s] Level 1:colcon.colcon_core.package_identification:_identify(src/project) by extensions ['ignore', 'ignore_ament_install']
[1.358s] Level 1:colcon.colcon_core.package_identification:_identify(src/project) by extension 'ignore'
[1.358s] Level 1:colcon.colcon_core.package_identification:_identify(src/project) by extension 'ignore_ament_install'
[1.358s] Level 1:colcon.colcon_core.package_identification:_identify(src/project) by extensions ['colcon_pkg']
[1.358s] Level 1:colcon.colcon_core.package_identification:_identify(src/project) by extension 'colcon_pkg'
[1.358s] Level 1:colcon.colcon_core.package_identification:_identify(src/project) by extensions ['colcon_meta']
[1.358s] Level 1:colcon.colcon_core.package_identification:_identify(src/project) by extension 'colcon_meta'
[1.358s] Level 1:colcon.colcon_core.package_identification:_identify(src/project) by extensions ['ros']
[1.358s] Level 1:colcon.colcon_core.package_identification:_identify(src/project) by extension 'ros'
[1.359s] DEBUG:colcon.colcon_core.package_identification:Package 'src/project' with type 'ros.ament_python' and name 'project'
[1.359s] Level 1:colcon.colcon_core.package_identification:_identify(src/tutorial_interfaces) by extensions ['ignore', 'ignore_ament_install']
[1.359s] Level 1:colcon.colcon_core.package_identification:_identify(src/tutorial_interfaces) by extension 'ignore'
[1.359s] Level 1:colcon.colcon_core.package_identification:_identify(src/tutorial_interfaces) by extension 'ignore_ament_install'
[1.359s] Level 1:colcon.colcon_core.package_identification:_identify(src/tutorial_interfaces) by extensions ['colcon_pkg']
[1.359s] Level 1:colcon.colcon_core.package_identification:_identify(src/tutorial_interfaces) by extension 'colcon_pkg'
[1.359s] Level 1:colcon.colcon_core.package_identification:_identify(src/tutorial_interfaces) by extensions ['colcon_meta']
[1.359s] Level 1:colcon.colcon_core.package_identification:_identify(src/tutorial_interfaces) by extension 'colcon_meta'
[1.359s] Level 1:colcon.colcon_core.package_identification:_identify(src/tutorial_interfaces) by extensions ['ros']
[1.359s] Level 1:colcon.colcon_core.package_identification:_identify(src/tutorial_interfaces) by extension 'ros'
[1.360s] DEBUG:colcon.colcon_core.package_identification:Package 'src/tutorial_interfaces' with type 'ros.ament_cmake' and name 'tutorial_interfaces'
[1.360s] Level 1:colcon.colcon_core.package_discovery:discover_packages(recursive) using defaults
[1.360s] Level 1:colcon.colcon_core.package_discovery:discover_packages(ignore) discover
[1.360s] Level 1:colcon.colcon_core.package_discovery:discover_packages(ignore) using defaults
[1.360s] Level 1:colcon.colcon_core.package_discovery:discover_packages(path) discover
[1.360s] Level 1:colcon.colcon_core.package_discovery:discover_packages(path) using defaults
[1.440s] INFO:colcon.colcon_core.package_selection:Skipping not selected package 'examples_rclpy_minimal_action_client' in 'src/ROS2_examples/rclpy/actions/minimal_action_client'
[1.440s] INFO:colcon.colcon_core.package_selection:Skipping not selected package 'examples_rclpy_minimal_action_server' in 'src/ROS2_examples/rclpy/actions/minimal_action_server'
[1.440s] INFO:colcon.colcon_core.package_selection:Skipping not selected package 'examples_rclpy_minimal_client' in 'src/ROS2_examples/rclpy/services/minimal_client'
[1.441s] INFO:colcon.colcon_core.package_selection:Skipping not selected package 'examples_rclpy_minimal_publisher' in 'src/ROS2_examples/rclpy/topics/minimal_publisher'
[1.441s] INFO:colcon.colcon_core.package_selection:Skipping not selected package 'examples_rclpy_minimal_service' in 'src/ROS2_examples/rclpy/services/minimal_service'
[1.441s] INFO:colcon.colcon_core.package_selection:Skipping not selected package 'examples_rclpy_minimal_subscriber' in 'src/ROS2_examples/rclpy/topics/minimal_subscriber'
[1.441s] INFO:colcon.colcon_core.package_selection:Skipping not selected package 'launch_testing_examples' in 'src/ROS2_examples/launch_testing/launch_testing_examples'
[1.441s] INFO:colcon.colcon_core.package_selection:Skipping not selected package 'minimal_interfaces' in 'src/ROS2_examples/rclpy/interfaces/minimal_interfaces'
[1.441s] INFO:colcon.colcon_core.package_selection:Skipping not selected package 'minimal_launch' in 'src/ROS2_examples/rclpy/launch/minimal_launch'
[1.441s] INFO:colcon.colcon_core.package_selection:Skipping not selected package 'tutorial_interfaces' in 'src/tutorial_interfaces'
[1.441s] INFO:colcon.colcon_core.package_selection:Skipping not selected package 'mi_paquete_python' in 'src/mi_paquete_python'
[1.479s] Level 1:colcon.colcon_core.package_discovery:discover_packages(prefix_path) check parameters
[1.479s] Level 1:colcon.colcon_core.package_discovery:discover_packages(prefix_path) discover
[1.539s] DEBUG:colcon.colcon_installed_package_information.package_discovery:Found 12 installed packages in /home/simon/Documents/ARO/ros2_ws/install
[1.557s] DEBUG:colcon.colcon_installed_package_information.package_discovery:Found 1 installed packages in /home/simon/install
[1.575s] DEBUG:colcon.colcon_installed_package_information.package_discovery:Found 9 installed packages in /home/simon/Documents/ARO/ros2_ws/src/install
[1.593s] DEBUG:colcon.colcon_installed_package_information.package_discovery:Found 16 installed packages in /home/simon/Documents/ARO/turtlebot3_ws/install
[1.611s] DEBUG:colcon.colcon_installed_package_information.package_discovery:Found 365 installed packages in /opt/ros/humble
[1.614s] Level 1:colcon.colcon_core.package_discovery:discover_packages(prefix_path) using defaults
[1.736s] Level 5:colcon.colcon_core.verb:set package 'project' build argument 'cmake_args' from command line to 'None'
[1.736s] Level 5:colcon.colcon_core.verb:set package 'project' build argument 'cmake_target' from command line to 'None'
[1.736s] Level 5:colcon.colcon_core.verb:set package 'project' build argument 'cmake_target_skip_unavailable' from command line to 'False'
[1.736s] Level 5:colcon.colcon_core.verb:set package 'project' build argument 'cmake_clean_cache' from command line to 'False'
[1.736s] Level 5:colcon.colcon_core.verb:set package 'project' build argument 'cmake_clean_first' from command line to 'False'
[1.736s] Level 5:colcon.colcon_core.verb:set package 'project' build argument 'cmake_force_configure' from command line to 'False'
[1.736s] Level 5:colcon.colcon_core.verb:set package 'project' build argument 'ament_cmake_args' from command line to 'None'
[1.736s] Level 5:colcon.colcon_core.verb:set package 'project' build argument 'catkin_cmake_args' from command line to 'None'
[1.736s] Level 5:colcon.colcon_core.verb:set package 'project' build argument 'catkin_skip_building_tests' from command line to 'False'
[1.736s] DEBUG:colcon.colcon_core.verb:Building package 'project' with the following arguments: {'ament_cmake_args': None, 'build_base': '/home/simon/Documents/ARO/ros2_ws/build/project', 'catkin_cmake_args': None, 'catkin_skip_building_tests': False, 'cmake_args': None, 'cmake_clean_cache': False, 'cmake_clean_first': False, 'cmake_force_configure': False, 'cmake_target': None, 'cmake_target_skip_unavailable': False, 'install_base': '/home/simon/Documents/ARO/ros2_ws/install/project', 'merge_install': False, 'path': '/home/simon/Documents/ARO/ros2_ws/src/project', 'symlink_install': True, 'test_result_base': None}
[1.752s] INFO:colcon.colcon_core.executor:Executing jobs using 'parallel' executor
[1.770s] DEBUG:colcon.colcon_parallel_executor.executor.parallel:run_until_complete
[1.771s] INFO:colcon.colcon_ros.task.ament_python.build:Building ROS package in '/home/simon/Documents/ARO/ros2_ws/src/project' with build type 'ament_python'
[1.771s] Level 1:colcon.colcon_core.shell:create_environment_hook('project', 'ament_prefix_path')
[1.794s] INFO:colcon.colcon_core.plugin_system:Skipping extension 'colcon_core.shell.bat': Not used on non-Windows systems
[1.794s] INFO:colcon.colcon_core.shell:Creating environment hook '/home/simon/Documents/ARO/ros2_ws/install/project/share/project/hook/ament_prefix_path.ps1'
[1.795s] INFO:colcon.colcon_core.shell:Creating environment descriptor '/home/simon/Documents/ARO/ros2_ws/install/project/share/project/hook/ament_prefix_path.dsv'
[1.795s] INFO:colcon.colcon_core.shell:Creating environment hook '/home/simon/Documents/ARO/ros2_ws/install/project/share/project/hook/ament_prefix_path.sh'
[1.814s] INFO:colcon.colcon_core.shell:Skip shell extension 'powershell' for command environment: Not usable outside of PowerShell
[1.814s] DEBUG:colcon.colcon_core.shell:Skip shell extension 'dsv' for command environment
[2.335s] INFO:colcon.colcon_core.task.python.build:Building Python package in '/home/simon/Documents/ARO/ros2_ws/src/project'
[2.352s] INFO:colcon.colcon_core.shell:Skip shell extension 'powershell' for command environment: Not usable outside of PowerShell
[2.352s] DEBUG:colcon.colcon_core.shell:Skip shell extension 'dsv' for command environment
[3.043s] DEBUG:colcon.colcon_core.event_handler.log_command:Invoking command in '/home/simon/Documents/ARO/ros2_ws/build/project': PYTHONPATH=/home/simon/Documents/ARO/ros2_ws/build/project/prefix_override:/home/simon/Documents/ARO/ros2_ws/install/project/lib/python3.10/site-packages:${PYTHONPATH} /usr/bin/python3 setup.py develop --editable --build-directory /home/simon/Documents/ARO/ros2_ws/build/project/build --no-deps install_data
[3.752s] Level 1:colcon.colcon_core.shell:create_environment_hook('project', 'pythonpath_develop')
[3.753s] DEBUG:colcon.colcon_core.event_handler.log_command:Invoked command in '/home/simon/Documents/ARO/ros2_ws/build/project' returned '0': PYTHONPATH=/home/simon/Documents/ARO/ros2_ws/build/project/prefix_override:/home/simon/Documents/ARO/ros2_ws/install/project/lib/python3.10/site-packages:${PYTHONPATH} /usr/bin/python3 setup.py develop --editable --build-directory /home/simon/Documents/ARO/ros2_ws/build/project/build --no-deps install_data
[3.771s] INFO:colcon.colcon_core.shell:Creating environment hook '/home/simon/Documents/ARO/ros2_ws/build/project/share/project/hook/pythonpath_develop.ps1'
[3.772s] INFO:colcon.colcon_core.shell:Creating environment descriptor '/home/simon/Documents/ARO/ros2_ws/build/project/share/project/hook/pythonpath_develop.dsv'
[3.773s] INFO:colcon.colcon_core.shell:Creating environment hook '/home/simon/Documents/ARO/ros2_ws/build/project/share/project/hook/pythonpath_develop.sh'
[3.795s] Level 1:colcon.colcon_core.environment:checking '/home/simon/Documents/ARO/ros2_ws/install/project' for CMake module files
[3.795s] Level 1:colcon.colcon_core.environment:checking '/home/simon/Documents/ARO/ros2_ws/install/project' for CMake config files
[3.796s] Level 1:colcon.colcon_core.environment:checking '/home/simon/Documents/ARO/ros2_ws/install/project/lib'
[3.796s] Level 1:colcon.colcon_core.environment:checking '/home/simon/Documents/ARO/ros2_ws/install/project/bin'
[3.796s] Level 1:colcon.colcon_core.environment:checking '/home/simon/Documents/ARO/ros2_ws/install/project/lib/pkgconfig/project.pc'
[3.797s] Level 1:colcon.colcon_core.environment:checking '/home/simon/Documents/ARO/ros2_ws/install/project/lib/python3.10/site-packages'
[3.797s] Level 1:colcon.colcon_core.shell:create_environment_hook('project', 'pythonpath')
[3.819s] INFO:colcon.colcon_core.shell:Creating environment hook '/home/simon/Documents/ARO/ros2_ws/install/project/share/project/hook/pythonpath.ps1'
[3.820s] INFO:colcon.colcon_core.shell:Creating environment descriptor '/home/simon/Documents/ARO/ros2_ws/install/project/share/project/hook/pythonpath.dsv'
[3.820s] INFO:colcon.colcon_core.shell:Creating environment hook '/home/simon/Documents/ARO/ros2_ws/install/project/share/project/hook/pythonpath.sh'
[3.822s] Level 1:colcon.colcon_core.environment:checking '/home/simon/Documents/ARO/ros2_ws/install/project/bin'
[3.822s] Level 1:colcon.colcon_core.environment:create_environment_scripts_only(project)
[3.843s] INFO:colcon.colcon_core.shell:Creating package script '/home/simon/Documents/ARO/ros2_ws/install/project/share/project/package.ps1'
[3.845s] INFO:colcon.colcon_core.shell:Creating package descriptor '/home/simon/Documents/ARO/ros2_ws/install/project/share/project/package.dsv'
[3.847s] INFO:colcon.colcon_core.shell:Creating package script '/home/simon/Documents/ARO/ros2_ws/install/project/share/project/package.sh'
[3.848s] INFO:colcon.colcon_core.shell:Creating package script '/home/simon/Documents/ARO/ros2_ws/install/project/share/project/package.bash'
[3.849s] INFO:colcon.colcon_core.shell:Creating package script '/home/simon/Documents/ARO/ros2_ws/install/project/share/project/package.zsh'
[3.850s] Level 1:colcon.colcon_core.environment:create_file_with_runtime_dependencies(/home/simon/Documents/ARO/ros2_ws/install/project/share/colcon-core/packages/project)
[3.850s] DEBUG:colcon.colcon_parallel_executor.executor.parallel:closing loop
[3.850s] DEBUG:colcon.colcon_parallel_executor.executor.parallel:loop closed
[3.851s] DEBUG:colcon.colcon_parallel_executor.executor.parallel:run_until_complete finished with '0'
[3.851s] DEBUG:colcon.colcon_core.event_reactor:joining thread
[3.881s] INFO:colcon.colcon_core.plugin_system:Skipping extension 'colcon_notification.desktop_notification.terminal_notifier': Not used on non-Darwin systems
[3.881s] INFO:colcon.colcon_core.plugin_system:Skipping extension 'colcon_notification.desktop_notification.win32': Not used on non-Windows systems
[3.881s] INFO:colcon.colcon_notification.desktop_notification:Sending desktop notification using 'notify2'
[3.896s] DEBUG:colcon.colcon_core.event_reactor:joined thread
[3.916s] INFO:colcon.colcon_core.shell:Creating prefix script '/home/simon/Documents/ARO/ros2_ws/install/local_setup.ps1'
[3.916s] INFO:colcon.colcon_core.shell:Creating prefix util module '/home/simon/Documents/ARO/ros2_ws/install/_local_setup_util_ps1.py'
[3.918s] INFO:colcon.colcon_core.shell:Creating prefix chain script '/home/simon/Documents/ARO/ros2_ws/install/setup.ps1'
[3.937s] INFO:colcon.colcon_core.shell:Creating prefix script '/home/simon/Documents/ARO/ros2_ws/install/local_setup.sh'
[3.938s] INFO:colcon.colcon_core.shell:Creating prefix util module '/home/simon/Documents/ARO/ros2_ws/install/_local_setup_util_sh.py'
[3.939s] INFO:colcon.colcon_core.shell:Creating prefix chain script '/home/simon/Documents/ARO/ros2_ws/install/setup.sh'
[3.962s] INFO:colcon.colcon_core.shell:Creating prefix script '/home/simon/Documents/ARO/ros2_ws/install/local_setup.bash'
[3.963s] INFO:colcon.colcon_core.shell:Creating prefix chain script '/home/simon/Documents/ARO/ros2_ws/install/setup.bash'
[3.985s] INFO:colcon.colcon_core.shell:Creating prefix script '/home/simon/Documents/ARO/ros2_ws/install/local_setup.zsh'
[3.986s] INFO:colcon.colcon_core.shell:Creating prefix chain script '/home/simon/Documents/ARO/ros2_ws/install/setup.zsh'
