[0.048s] Invoking command in '/home/simon/Documents/ARO/turtlebot3_ws/build/dynamixel_sdk': CMAKE_PREFIX_PATH=/opt/ros/humble /usr/bin/cmake /home/simon/Documents/ARO/turtlebot3_ws/src/utils/DynamixelSDK/dynamixel_sdk -DAMENT_CMAKE_SYMLINK_INSTALL=1 -DCMAKE_INSTALL_PREFIX=/home/simon/Documents/ARO/turtlebot3_ws/install/dynamixel_sdk
[0.073s] -- Found ament_cmake: 1.3.5 (/opt/ros/humble/share/ament_cmake/cmake)
[0.342s] -- Found Python3: /usr/bin/python3.10 (found version "3.10.12") found components: Interpreter 
[0.469s] -- Override CMake install command with custom implementation using symlinks instead of copying resources
[0.630s] -- Configuring done
[0.640s] -- Generating done
[0.640s] -- Build files have been written to: /home/simon/Documents/ARO/turtlebot3_ws/build/dynamixel_sdk
[0.647s] Invoked command in '/home/simon/Documents/ARO/turtlebot3_ws/build/dynamixel_sdk' returned '0': CMAKE_PREFIX_PATH=/opt/ros/humble /usr/bin/cmake /home/simon/Documents/ARO/turtlebot3_ws/src/utils/DynamixelSDK/dynamixel_sdk -DAMENT_CMAKE_SYMLINK_INSTALL=1 -DCMAKE_INSTALL_PREFIX=/home/simon/Documents/ARO/turtlebot3_ws/install/dynamixel_sdk
[0.650s] Invoking command in '/home/simon/Documents/ARO/turtlebot3_ws/build/dynamixel_sdk': CMAKE_PREFIX_PATH=/opt/ros/humble /usr/bin/cmake --build /home/simon/Documents/ARO/turtlebot3_ws/build/dynamixel_sdk -- -j16 -l16
[0.721s] [ 10%] [32mBuilding CXX object CMakeFiles/dynamixel_sdk.dir/src/dynamixel_sdk/packet_handler.cpp.o[0m
[0.727s] [ 40%] [32mBuilding CXX object CMakeFiles/dynamixel_sdk.dir/src/dynamixel_sdk/protocol2_packet_handler.cpp.o[0m
[0.727s] [ 40%] [32mBuilding CXX object CMakeFiles/dynamixel_sdk.dir/src/dynamixel_sdk/protocol1_packet_handler.cpp.o[0m
[0.728s] [ 40%] [32mBuilding CXX object CMakeFiles/dynamixel_sdk.dir/src/dynamixel_sdk/group_sync_write.cpp.o[0m
[0.729s] [ 50%] [32mBuilding CXX object CMakeFiles/dynamixel_sdk.dir/src/dynamixel_sdk/group_sync_read.cpp.o[0m
[0.729s] [ 60%] [32mBuilding CXX object CMakeFiles/dynamixel_sdk.dir/src/dynamixel_sdk/group_bulk_read.cpp.o[0m
[0.729s] [ 70%] [32mBuilding CXX object CMakeFiles/dynamixel_sdk.dir/src/dynamixel_sdk/port_handler_linux.cpp.o[0m
[0.731s] [ 80%] [32mBuilding CXX object CMakeFiles/dynamixel_sdk.dir/src/dynamixel_sdk/port_handler.cpp.o[0m
[0.738s] [ 90%] [32mBuilding CXX object CMakeFiles/dynamixel_sdk.dir/src/dynamixel_sdk/group_bulk_write.cpp.o[0m
[1.577s] [100%] [32m[1mLinking CXX shared library libdynamixel_sdk.so[0m
[1.697s] [100%] Built target dynamixel_sdk
[1.708s] Invoked command in '/home/simon/Documents/ARO/turtlebot3_ws/build/dynamixel_sdk' returned '0': CMAKE_PREFIX_PATH=/opt/ros/humble /usr/bin/cmake --build /home/simon/Documents/ARO/turtlebot3_ws/build/dynamixel_sdk -- -j16 -l16
[1.752s] Invoking command in '/home/simon/Documents/ARO/turtlebot3_ws/build/dynamixel_sdk': CMAKE_PREFIX_PATH=/opt/ros/humble /usr/bin/cmake --install /home/simon/Documents/ARO/turtlebot3_ws/build/dynamixel_sdk
[1.759s] -- Install configuration: ""
[1.760s] -- Execute custom install script
[1.761s] -- Symlinking: /home/simon/Documents/ARO/turtlebot3_ws/install/dynamixel_sdk/include//dynamixel_sdk/dynamixel_sdk.h
[1.772s] -- Symlinking: /home/simon/Documents/ARO/turtlebot3_ws/install/dynamixel_sdk/include//dynamixel_sdk/group_bulk_read.h
[1.781s] -- Symlinking: /home/simon/Documents/ARO/turtlebot3_ws/install/dynamixel_sdk/include//dynamixel_sdk/group_bulk_write.h
[1.790s] -- Symlinking: /home/simon/Documents/ARO/turtlebot3_ws/install/dynamixel_sdk/include//dynamixel_sdk/group_sync_read.h
[1.799s] -- Symlinking: /home/simon/Documents/ARO/turtlebot3_ws/install/dynamixel_sdk/include//dynamixel_sdk/group_sync_write.h
[1.808s] -- Symlinking: /home/simon/Documents/ARO/turtlebot3_ws/install/dynamixel_sdk/include//dynamixel_sdk/packet_handler.h
[1.818s] -- Symlinking: /home/simon/Documents/ARO/turtlebot3_ws/install/dynamixel_sdk/include//dynamixel_sdk/port_handler.h
[1.826s] -- Symlinking: /home/simon/Documents/ARO/turtlebot3_ws/install/dynamixel_sdk/include//dynamixel_sdk/port_handler_arduino.h
[1.836s] -- Symlinking: /home/simon/Documents/ARO/turtlebot3_ws/install/dynamixel_sdk/include//dynamixel_sdk/port_handler_linux.h
[1.847s] -- Symlinking: /home/simon/Documents/ARO/turtlebot3_ws/install/dynamixel_sdk/include//dynamixel_sdk/port_handler_mac.h
[1.856s] -- Symlinking: /home/simon/Documents/ARO/turtlebot3_ws/install/dynamixel_sdk/include//dynamixel_sdk/port_handler_windows.h
[1.865s] -- Symlinking: /home/simon/Documents/ARO/turtlebot3_ws/install/dynamixel_sdk/include//dynamixel_sdk/protocol1_packet_handler.h
[1.874s] -- Symlinking: /home/simon/Documents/ARO/turtlebot3_ws/install/dynamixel_sdk/include//dynamixel_sdk/protocol2_packet_handler.h
[1.884s] -- Symlinking: /home/simon/Documents/ARO/turtlebot3_ws/install/dynamixel_sdk/lib/libdynamixel_sdk.so
[1.894s] -- Symlinking: /home/simon/Documents/ARO/turtlebot3_ws/install/dynamixel_sdk/share/dynamixel_sdk/environment/library_path.sh
[1.903s] -- Symlinking: /home/simon/Documents/ARO/turtlebot3_ws/install/dynamixel_sdk/share/dynamixel_sdk/environment/library_path.dsv
[1.913s] -- Symlinking: /home/simon/Documents/ARO/turtlebot3_ws/install/dynamixel_sdk/share/ament_index/resource_index/package_run_dependencies/dynamixel_sdk
[1.922s] -- Symlinking: /home/simon/Documents/ARO/turtlebot3_ws/install/dynamixel_sdk/share/ament_index/resource_index/parent_prefix_path/dynamixel_sdk
[1.931s] -- Symlinking: /home/simon/Documents/ARO/turtlebot3_ws/install/dynamixel_sdk/share/dynamixel_sdk/environment/ament_prefix_path.sh
[1.941s] -- Symlinking: /home/simon/Documents/ARO/turtlebot3_ws/install/dynamixel_sdk/share/dynamixel_sdk/environment/ament_prefix_path.dsv
[1.950s] -- Symlinking: /home/simon/Documents/ARO/turtlebot3_ws/install/dynamixel_sdk/share/dynamixel_sdk/environment/path.sh
[1.958s] -- Symlinking: /home/simon/Documents/ARO/turtlebot3_ws/install/dynamixel_sdk/share/dynamixel_sdk/environment/path.dsv
[1.966s] -- Symlinking: /home/simon/Documents/ARO/turtlebot3_ws/install/dynamixel_sdk/share/dynamixel_sdk/local_setup.bash
[1.974s] -- Symlinking: /home/simon/Documents/ARO/turtlebot3_ws/install/dynamixel_sdk/share/dynamixel_sdk/local_setup.sh
[1.983s] -- Symlinking: /home/simon/Documents/ARO/turtlebot3_ws/install/dynamixel_sdk/share/dynamixel_sdk/local_setup.zsh
[1.992s] -- Symlinking: /home/simon/Documents/ARO/turtlebot3_ws/install/dynamixel_sdk/share/dynamixel_sdk/local_setup.dsv
[2.000s] -- Symlinking: /home/simon/Documents/ARO/turtlebot3_ws/install/dynamixel_sdk/share/dynamixel_sdk/package.dsv
[2.009s] -- Symlinking: /home/simon/Documents/ARO/turtlebot3_ws/install/dynamixel_sdk/share/ament_index/resource_index/packages/dynamixel_sdk
[2.019s] -- Symlinking: /home/simon/Documents/ARO/turtlebot3_ws/install/dynamixel_sdk/share/dynamixel_sdk/cmake/ament_cmake_export_include_directories-extras.cmake
[2.029s] -- Symlinking: /home/simon/Documents/ARO/turtlebot3_ws/install/dynamixel_sdk/share/dynamixel_sdk/cmake/ament_cmake_export_libraries-extras.cmake
[2.038s] -- Symlinking: /home/simon/Documents/ARO/turtlebot3_ws/install/dynamixel_sdk/share/dynamixel_sdk/cmake/dynamixel_sdkConfig.cmake
[2.047s] -- Symlinking: /home/simon/Documents/ARO/turtlebot3_ws/install/dynamixel_sdk/share/dynamixel_sdk/cmake/dynamixel_sdkConfig-version.cmake
[2.058s] -- Symlinking: /home/simon/Documents/ARO/turtlebot3_ws/install/dynamixel_sdk/share/dynamixel_sdk/package.xml
[2.069s] Invoked command in '/home/simon/Documents/ARO/turtlebot3_ws/build/dynamixel_sdk' returned '0': CMAKE_PREFIX_PATH=/opt/ros/humble /usr/bin/cmake --install /home/simon/Documents/ARO/turtlebot3_ws/build/dynamixel_sdk
