[0.014s] Invoking command in '/home/simon/Documents/ARO/turtlebot3_ws/build/dynamixel_sdk_examples': AMENT_PREFIX_PATH=/home/simon/Documents/ARO/turtlebot3_ws/install/dynamixel_sdk_custom_interfaces:/home/simon/Documents/ARO/turtlebot3_ws/install/dynamixel_sdk:${AMENT_PREFIX_PATH} CMAKE_PREFIX_PATH=/home/simon/Documents/ARO/turtlebot3_ws/install/dynamixel_sdk_custom_interfaces:/home/simon/Documents/ARO/turtlebot3_ws/install/dynamixel_sdk:/opt/ros/humble LD_LIBRARY_PATH=/home/simon/Documents/ARO/turtlebot3_ws/install/dynamixel_sdk_custom_interfaces/lib:/home/simon/Documents/ARO/turtlebot3_ws/install/dynamixel_sdk/lib:${LD_LIBRARY_PATH} PYTHONPATH=/home/simon/Documents/ARO/turtlebot3_ws/install/dynamixel_sdk_custom_interfaces/local/lib/python3.10/dist-packages:${PYTHONPATH} /usr/bin/cmake /home/simon/Documents/ARO/turtlebot3_ws/src/utils/DynamixelSDK/dynamixel_sdk_examples -DAMENT_CMAKE_SYMLINK_INSTALL=1 -DCMAKE_INSTALL_PREFIX=/home/simon/Documents/ARO/turtlebot3_ws/install/dynamixel_sdk_examples
[0.082s] -- The C compiler identification is GNU 11.4.0
[0.149s] -- The CXX compiler identification is GNU 11.4.0
[0.159s] -- Detecting C compiler ABI info
[0.245s] -- Detecting C compiler ABI info - done
[0.260s] -- Check for working C compiler: /usr/bin/cc - skipped
[0.260s] -- Detecting C compile features
[0.261s] -- Detecting C compile features - done
[0.266s] -- Detecting CXX compiler ABI info
[0.357s] -- Detecting CXX compiler ABI info - done
[0.372s] -- Check for working CXX compiler: /usr/bin/c++ - skipped
[0.373s] -- Detecting CXX compile features
[0.374s] -- Detecting CXX compile features - done
[0.378s] -- Found ament_cmake: 1.3.5 (/opt/ros/humble/share/ament_cmake/cmake)
[0.583s] -- Found Python3: /usr/bin/python3.10 (found version "3.10.12") found components: Interpreter 
[0.664s] -- Override CMake install command with custom implementation using symlinks instead of copying resources
[0.703s] -- Found dynamixel_sdk: 3.7.60 (/home/simon/Documents/ARO/turtlebot3_ws/install/dynamixel_sdk/share/dynamixel_sdk/cmake)
[0.705s] -- Found dynamixel_sdk_custom_interfaces: 3.7.60 (/home/simon/Documents/ARO/turtlebot3_ws/install/dynamixel_sdk_custom_interfaces/share/dynamixel_sdk_custom_interfaces/cmake)
[0.750s] -- Found rosidl_generator_c: 3.1.5 (/opt/ros/humble/share/rosidl_generator_c/cmake)
[0.756s] -- Found rosidl_adapter: 3.1.5 (/opt/ros/humble/share/rosidl_adapter/cmake)
[0.768s] -- Found rosidl_generator_cpp: 3.1.5 (/opt/ros/humble/share/rosidl_generator_cpp/cmake)
[0.786s] -- Using all available rosidl_typesupport_c: rosidl_typesupport_fastrtps_c;rosidl_typesupport_introspection_c
[0.811s] -- Using all available rosidl_typesupport_cpp: rosidl_typesupport_fastrtps_cpp;rosidl_typesupport_introspection_cpp
[0.889s] -- Found rclcpp: 16.0.5 (/opt/ros/humble/share/rclcpp/cmake)
[0.980s] -- Found rmw_implementation_cmake: 6.1.1 (/opt/ros/humble/share/rmw_implementation_cmake/cmake)
[0.984s] -- Found rmw_fastrtps_cpp: 6.2.3 (/opt/ros/humble/share/rmw_fastrtps_cpp/cmake)
[1.131s] -- Found OpenSSL: /usr/lib/x86_64-linux-gnu/libcrypto.so (found version "3.0.2")  
[1.176s] -- Found FastRTPS: /opt/ros/humble/include  
[1.257s] -- Using RMW implementation 'rmw_fastrtps_cpp' as default
[1.275s] -- Looking for pthread.h
[1.366s] -- Looking for pthread.h - found
[1.366s] -- Performing Test CMAKE_HAVE_LIBC_PTHREAD
[1.459s] -- Performing Test CMAKE_HAVE_LIBC_PTHREAD - Success
[1.461s] -- Found Threads: TRUE  
[1.767s] -- Found ament_lint_auto: 0.12.7 (/opt/ros/humble/share/ament_lint_auto/cmake)
[1.892s] -- Added test 'copyright' to check source files copyright and LICENSE
[1.894s] -- Added test 'cppcheck' to perform static code analysis on C / C++ code
[1.894s] -- Configured cppcheck include dirs: /home/simon/Documents/ARO/turtlebot3_ws/src/utils/DynamixelSDK/dynamixel_sdk_examples/include
[1.894s] -- Configured cppcheck exclude dirs and/or files: 
[1.896s] -- Added test 'cpplint' to check C / C++ code against the Google style
[1.896s] -- Configured cpplint exclude dirs and/or files: 
[1.897s] -- Added test 'lint_cmake' to check CMake code style
[1.899s] -- Added test 'uncrustify' to check C / C++ code style
[1.899s] -- Configured uncrustify additional arguments: 
[1.900s] -- Added test 'xmllint' to check XML markup files
[1.903s] -- Configuring done
[1.921s] -- Generating done
[1.924s] -- Build files have been written to: /home/simon/Documents/ARO/turtlebot3_ws/build/dynamixel_sdk_examples
[1.944s] Invoked command in '/home/simon/Documents/ARO/turtlebot3_ws/build/dynamixel_sdk_examples' returned '0': AMENT_PREFIX_PATH=/home/simon/Documents/ARO/turtlebot3_ws/install/dynamixel_sdk_custom_interfaces:/home/simon/Documents/ARO/turtlebot3_ws/install/dynamixel_sdk:${AMENT_PREFIX_PATH} CMAKE_PREFIX_PATH=/home/simon/Documents/ARO/turtlebot3_ws/install/dynamixel_sdk_custom_interfaces:/home/simon/Documents/ARO/turtlebot3_ws/install/dynamixel_sdk:/opt/ros/humble LD_LIBRARY_PATH=/home/simon/Documents/ARO/turtlebot3_ws/install/dynamixel_sdk_custom_interfaces/lib:/home/simon/Documents/ARO/turtlebot3_ws/install/dynamixel_sdk/lib:${LD_LIBRARY_PATH} PYTHONPATH=/home/simon/Documents/ARO/turtlebot3_ws/install/dynamixel_sdk_custom_interfaces/local/lib/python3.10/dist-packages:${PYTHONPATH} /usr/bin/cmake /home/simon/Documents/ARO/turtlebot3_ws/src/utils/DynamixelSDK/dynamixel_sdk_examples -DAMENT_CMAKE_SYMLINK_INSTALL=1 -DCMAKE_INSTALL_PREFIX=/home/simon/Documents/ARO/turtlebot3_ws/install/dynamixel_sdk_examples
[1.947s] Invoking command in '/home/simon/Documents/ARO/turtlebot3_ws/build/dynamixel_sdk_examples': AMENT_PREFIX_PATH=/home/simon/Documents/ARO/turtlebot3_ws/install/dynamixel_sdk_custom_interfaces:/home/simon/Documents/ARO/turtlebot3_ws/install/dynamixel_sdk:${AMENT_PREFIX_PATH} CMAKE_PREFIX_PATH=/home/simon/Documents/ARO/turtlebot3_ws/install/dynamixel_sdk_custom_interfaces:/home/simon/Documents/ARO/turtlebot3_ws/install/dynamixel_sdk:/opt/ros/humble LD_LIBRARY_PATH=/home/simon/Documents/ARO/turtlebot3_ws/install/dynamixel_sdk_custom_interfaces/lib:/home/simon/Documents/ARO/turtlebot3_ws/install/dynamixel_sdk/lib:${LD_LIBRARY_PATH} PYTHONPATH=/home/simon/Documents/ARO/turtlebot3_ws/install/dynamixel_sdk_custom_interfaces/local/lib/python3.10/dist-packages:${PYTHONPATH} /usr/bin/cmake --build /home/simon/Documents/ARO/turtlebot3_ws/build/dynamixel_sdk_examples -- -j16 -l16
[2.016s] [ 50%] [32mBuilding CXX object CMakeFiles/read_write_node.dir/src/read_write_node.cpp.o[0m
[16.656s] [100%] [32m[1mLinking CXX executable read_write_node[0m
[17.176s] [100%] Built target read_write_node
[17.190s] Invoked command in '/home/simon/Documents/ARO/turtlebot3_ws/build/dynamixel_sdk_examples' returned '0': AMENT_PREFIX_PATH=/home/simon/Documents/ARO/turtlebot3_ws/install/dynamixel_sdk_custom_interfaces:/home/simon/Documents/ARO/turtlebot3_ws/install/dynamixel_sdk:${AMENT_PREFIX_PATH} CMAKE_PREFIX_PATH=/home/simon/Documents/ARO/turtlebot3_ws/install/dynamixel_sdk_custom_interfaces:/home/simon/Documents/ARO/turtlebot3_ws/install/dynamixel_sdk:/opt/ros/humble LD_LIBRARY_PATH=/home/simon/Documents/ARO/turtlebot3_ws/install/dynamixel_sdk_custom_interfaces/lib:/home/simon/Documents/ARO/turtlebot3_ws/install/dynamixel_sdk/lib:${LD_LIBRARY_PATH} PYTHONPATH=/home/simon/Documents/ARO/turtlebot3_ws/install/dynamixel_sdk_custom_interfaces/local/lib/python3.10/dist-packages:${PYTHONPATH} /usr/bin/cmake --build /home/simon/Documents/ARO/turtlebot3_ws/build/dynamixel_sdk_examples -- -j16 -l16
[17.219s] Invoking command in '/home/simon/Documents/ARO/turtlebot3_ws/build/dynamixel_sdk_examples': AMENT_PREFIX_PATH=/home/simon/Documents/ARO/turtlebot3_ws/install/dynamixel_sdk_custom_interfaces:/home/simon/Documents/ARO/turtlebot3_ws/install/dynamixel_sdk:${AMENT_PREFIX_PATH} CMAKE_PREFIX_PATH=/home/simon/Documents/ARO/turtlebot3_ws/install/dynamixel_sdk_custom_interfaces:/home/simon/Documents/ARO/turtlebot3_ws/install/dynamixel_sdk:/opt/ros/humble LD_LIBRARY_PATH=/home/simon/Documents/ARO/turtlebot3_ws/install/dynamixel_sdk_custom_interfaces/lib:/home/simon/Documents/ARO/turtlebot3_ws/install/dynamixel_sdk/lib:${LD_LIBRARY_PATH} PYTHONPATH=/home/simon/Documents/ARO/turtlebot3_ws/install/dynamixel_sdk_custom_interfaces/local/lib/python3.10/dist-packages:${PYTHONPATH} /usr/bin/cmake --install /home/simon/Documents/ARO/turtlebot3_ws/build/dynamixel_sdk_examples
[17.227s] -- Install configuration: ""
[17.228s] -- Execute custom install script
[17.229s] -- Symlinking: /home/simon/Documents/ARO/turtlebot3_ws/install/dynamixel_sdk_examples/lib/dynamixel_sdk_examples/read_write_node
[17.238s] -- Symlinking: /home/simon/Documents/ARO/turtlebot3_ws/install/dynamixel_sdk_examples/share/ament_index/resource_index/package_run_dependencies/dynamixel_sdk_examples
[17.248s] -- Symlinking: /home/simon/Documents/ARO/turtlebot3_ws/install/dynamixel_sdk_examples/share/ament_index/resource_index/parent_prefix_path/dynamixel_sdk_examples
[17.258s] -- Symlinking: /home/simon/Documents/ARO/turtlebot3_ws/install/dynamixel_sdk_examples/share/dynamixel_sdk_examples/environment/ament_prefix_path.sh
[17.267s] -- Symlinking: /home/simon/Documents/ARO/turtlebot3_ws/install/dynamixel_sdk_examples/share/dynamixel_sdk_examples/environment/ament_prefix_path.dsv
[17.276s] -- Symlinking: /home/simon/Documents/ARO/turtlebot3_ws/install/dynamixel_sdk_examples/share/dynamixel_sdk_examples/environment/path.sh
[17.286s] -- Symlinking: /home/simon/Documents/ARO/turtlebot3_ws/install/dynamixel_sdk_examples/share/dynamixel_sdk_examples/environment/path.dsv
[17.297s] -- Symlinking: /home/simon/Documents/ARO/turtlebot3_ws/install/dynamixel_sdk_examples/share/dynamixel_sdk_examples/local_setup.bash
[17.307s] -- Symlinking: /home/simon/Documents/ARO/turtlebot3_ws/install/dynamixel_sdk_examples/share/dynamixel_sdk_examples/local_setup.sh
[17.316s] -- Symlinking: /home/simon/Documents/ARO/turtlebot3_ws/install/dynamixel_sdk_examples/share/dynamixel_sdk_examples/local_setup.zsh
[17.326s] -- Symlinking: /home/simon/Documents/ARO/turtlebot3_ws/install/dynamixel_sdk_examples/share/dynamixel_sdk_examples/local_setup.dsv
[17.336s] -- Symlinking: /home/simon/Documents/ARO/turtlebot3_ws/install/dynamixel_sdk_examples/share/dynamixel_sdk_examples/package.dsv
[17.345s] -- Symlinking: /home/simon/Documents/ARO/turtlebot3_ws/install/dynamixel_sdk_examples/share/ament_index/resource_index/packages/dynamixel_sdk_examples
[17.356s] -- Symlinking: /home/simon/Documents/ARO/turtlebot3_ws/install/dynamixel_sdk_examples/share/dynamixel_sdk_examples/cmake/dynamixel_sdk_examplesConfig.cmake
[17.364s] -- Symlinking: /home/simon/Documents/ARO/turtlebot3_ws/install/dynamixel_sdk_examples/share/dynamixel_sdk_examples/cmake/dynamixel_sdk_examplesConfig-version.cmake
[17.374s] -- Symlinking: /home/simon/Documents/ARO/turtlebot3_ws/install/dynamixel_sdk_examples/share/dynamixel_sdk_examples/package.xml
[17.388s] Invoked command in '/home/simon/Documents/ARO/turtlebot3_ws/build/dynamixel_sdk_examples' returned '0': AMENT_PREFIX_PATH=/home/simon/Documents/ARO/turtlebot3_ws/install/dynamixel_sdk_custom_interfaces:/home/simon/Documents/ARO/turtlebot3_ws/install/dynamixel_sdk:${AMENT_PREFIX_PATH} CMAKE_PREFIX_PATH=/home/simon/Documents/ARO/turtlebot3_ws/install/dynamixel_sdk_custom_interfaces:/home/simon/Documents/ARO/turtlebot3_ws/install/dynamixel_sdk:/opt/ros/humble LD_LIBRARY_PATH=/home/simon/Documents/ARO/turtlebot3_ws/install/dynamixel_sdk_custom_interfaces/lib:/home/simon/Documents/ARO/turtlebot3_ws/install/dynamixel_sdk/lib:${LD_LIBRARY_PATH} PYTHONPATH=/home/simon/Documents/ARO/turtlebot3_ws/install/dynamixel_sdk_custom_interfaces/local/lib/python3.10/dist-packages:${PYTHONPATH} /usr/bin/cmake --install /home/simon/Documents/ARO/turtlebot3_ws/build/dynamixel_sdk_examples
