[5.793s] Invoking command in '/home/simon/Documents/ARO/ros2_ws/src/ROS2_examples/rclpy/services/minimal_service': PYTHONPATH=/home/simon/Documents/ARO/build/examples_rclpy_minimal_service/prefix_override:/home/simon/Documents/ARO/install/examples_rclpy_minimal_service/lib/python3.10/site-packages:${PYTHONPATH} /usr/bin/python3 setup.py egg_info --egg-base ../../../../../../build/examples_rclpy_minimal_service build --build-base /home/simon/Documents/ARO/build/examples_rclpy_minimal_service/build install --record /home/simon/Documents/ARO/build/examples_rclpy_minimal_service/install.log --single-version-externally-managed
[6.576s] running egg_info
[6.578s] creating ../../../../../../build/examples_rclpy_minimal_service/examples_rclpy_minimal_service.egg-info
[6.578s] writing ../../../../../../build/examples_rclpy_minimal_service/examples_rclpy_minimal_service.egg-info/PKG-INFO
[6.579s] writing dependency_links to ../../../../../../build/examples_rclpy_minimal_service/examples_rclpy_minimal_service.egg-info/dependency_links.txt
[6.579s] writing entry points to ../../../../../../build/examples_rclpy_minimal_service/examples_rclpy_minimal_service.egg-info/entry_points.txt
[6.580s] writing requirements to ../../../../../../build/examples_rclpy_minimal_service/examples_rclpy_minimal_service.egg-info/requires.txt
[6.580s] writing top-level names to ../../../../../../build/examples_rclpy_minimal_service/examples_rclpy_minimal_service.egg-info/top_level.txt
[6.580s] writing manifest file '../../../../../../build/examples_rclpy_minimal_service/examples_rclpy_minimal_service.egg-info/SOURCES.txt'
[6.584s] reading manifest file '../../../../../../build/examples_rclpy_minimal_service/examples_rclpy_minimal_service.egg-info/SOURCES.txt'
[6.586s] writing manifest file '../../../../../../build/examples_rclpy_minimal_service/examples_rclpy_minimal_service.egg-info/SOURCES.txt'
[6.587s] running build
[6.587s] running build_py
[6.587s] creating /home/simon/Documents/ARO/build/examples_rclpy_minimal_service/build
[6.588s] creating /home/simon/Documents/ARO/build/examples_rclpy_minimal_service/build/lib
[6.588s] creating /home/simon/Documents/ARO/build/examples_rclpy_minimal_service/build/lib/examples_rclpy_minimal_service
[6.588s] copying examples_rclpy_minimal_service/__init__.py -> /home/simon/Documents/ARO/build/examples_rclpy_minimal_service/build/lib/examples_rclpy_minimal_service
[6.590s] copying examples_rclpy_minimal_service/service.py -> /home/simon/Documents/ARO/build/examples_rclpy_minimal_service/build/lib/examples_rclpy_minimal_service
[6.591s] copying examples_rclpy_minimal_service/service_member_function.py -> /home/simon/Documents/ARO/build/examples_rclpy_minimal_service/build/lib/examples_rclpy_minimal_service
[6.592s] running install
[6.593s] running install_lib
[6.594s] creating /home/simon/Documents/ARO/install/examples_rclpy_minimal_service/lib/python3.10/site-packages/examples_rclpy_minimal_service
[6.594s] copying /home/simon/Documents/ARO/build/examples_rclpy_minimal_service/build/lib/examples_rclpy_minimal_service/__init__.py -> /home/simon/Documents/ARO/install/examples_rclpy_minimal_service/lib/python3.10/site-packages/examples_rclpy_minimal_service
[6.595s] copying /home/simon/Documents/ARO/build/examples_rclpy_minimal_service/build/lib/examples_rclpy_minimal_service/service.py -> /home/simon/Documents/ARO/install/examples_rclpy_minimal_service/lib/python3.10/site-packages/examples_rclpy_minimal_service
[6.595s] copying /home/simon/Documents/ARO/build/examples_rclpy_minimal_service/build/lib/examples_rclpy_minimal_service/service_member_function.py -> /home/simon/Documents/ARO/install/examples_rclpy_minimal_service/lib/python3.10/site-packages/examples_rclpy_minimal_service
[6.597s] byte-compiling /home/simon/Documents/ARO/install/examples_rclpy_minimal_service/lib/python3.10/site-packages/examples_rclpy_minimal_service/__init__.py to __init__.cpython-310.pyc
[6.597s] byte-compiling /home/simon/Documents/ARO/install/examples_rclpy_minimal_service/lib/python3.10/site-packages/examples_rclpy_minimal_service/service.py to service.cpython-310.pyc
[6.598s] byte-compiling /home/simon/Documents/ARO/install/examples_rclpy_minimal_service/lib/python3.10/site-packages/examples_rclpy_minimal_service/service_member_function.py to service_member_function.cpython-310.pyc
[6.599s] running install_data
[6.600s] creating /home/simon/Documents/ARO/install/examples_rclpy_minimal_service/share/ament_index
[6.600s] creating /home/simon/Documents/ARO/install/examples_rclpy_minimal_service/share/ament_index/resource_index
[6.601s] creating /home/simon/Documents/ARO/install/examples_rclpy_minimal_service/share/ament_index/resource_index/packages
[6.601s] copying resource/examples_rclpy_minimal_service -> /home/simon/Documents/ARO/install/examples_rclpy_minimal_service/share/ament_index/resource_index/packages
[6.601s] copying package.xml -> /home/simon/Documents/ARO/install/examples_rclpy_minimal_service/share/examples_rclpy_minimal_service
[6.601s] running install_egg_info
[6.605s] Copying ../../../../../../build/examples_rclpy_minimal_service/examples_rclpy_minimal_service.egg-info to /home/simon/Documents/ARO/install/examples_rclpy_minimal_service/lib/python3.10/site-packages/examples_rclpy_minimal_service-0.15.1-py3.10.egg-info
[6.607s] running install_scripts
[6.661s] Installing service script to /home/simon/Documents/ARO/install/examples_rclpy_minimal_service/lib/examples_rclpy_minimal_service
[6.661s] Installing service_member_function script to /home/simon/Documents/ARO/install/examples_rclpy_minimal_service/lib/examples_rclpy_minimal_service
[6.662s] writing list of installed files to '/home/simon/Documents/ARO/build/examples_rclpy_minimal_service/install.log'
[7.510s] Invoked command in '/home/simon/Documents/ARO/ros2_ws/src/ROS2_examples/rclpy/services/minimal_service' returned '0': PYTHONPATH=/home/simon/Documents/ARO/build/examples_rclpy_minimal_service/prefix_override:/home/simon/Documents/ARO/install/examples_rclpy_minimal_service/lib/python3.10/site-packages:${PYTHONPATH} /usr/bin/python3 setup.py egg_info --egg-base ../../../../../../build/examples_rclpy_minimal_service build --build-base /home/simon/Documents/ARO/build/examples_rclpy_minimal_service/build install --record /home/simon/Documents/ARO/build/examples_rclpy_minimal_service/install.log --single-version-externally-managed
