[1.353s] Invoking command in '/home/simon/Documents/ARO/build/dynamixel_sdk': CMAKE_PREFIX_PATH=${CMAKE_PREFIX_PATH}:/home/simon/Documents/ARO/ros2_ws/install/mi_paquete_python:/home/simon/Documents/ARO/ros2_ws/install/launch_testing_examples:/home/simon/Documents/ARO/ros2_ws/install/examples_rclpy_minimal_subscriber:/home/simon/Documents/ARO/ros2_ws/install/examples_rclpy_minimal_service:/home/simon/Documents/ARO/ros2_ws/install/examples_rclpy_minimal_publisher:/home/simon/Documents/ARO/ros2_ws/install/examples_rclpy_minimal_client:/home/simon/Documents/ARO/ros2_ws/install/examples_rclpy_minimal_action_server:/home/simon/Documents/ARO/ros2_ws/install/examples_rclpy_minimal_action_client:/home/simon/Documents/ARO/ros2_ws/src/install/mi_paquete_python:/home/simon/Documents/ARO/ros2_ws/src/install/launch_testing_examples:/home/simon/Documents/ARO/ros2_ws/src/install/examples_rclpy_minimal_subscriber:/home/simon/Documents/ARO/ros2_ws/src/install/examples_rclpy_minimal_service:/home/simon/Documents/ARO/ros2_ws/src/install/examples_rclpy_minimal_publisher:/home/simon/Documents/ARO/ros2_ws/src/install/examples_rclpy_minimal_client:/home/simon/Documents/ARO/ros2_ws/src/install/examples_rclpy_minimal_action_server:/home/simon/Documents/ARO/ros2_ws/src/install/examples_rclpy_minimal_action_client:/home/simon/Documents/ARO/turtlebot3_ws/install/turtlebot3_teleop:/home/simon/Documents/ARO/turtlebot3_ws/install/turtlebot3_example:/opt/ros/humble /usr/bin/cmake /home/simon/Documents/ARO/turtlebot3_ws/src/utils/DynamixelSDK/dynamixel_sdk -DCMAKE_INSTALL_PREFIX=/home/simon/Documents/ARO/install/dynamixel_sdk
[4.583s] -- The C compiler identification is GNU 11.4.0
[4.583s] -- The CXX compiler identification is GNU 11.4.0
[4.583s] -- Detecting C compiler ABI info
[4.583s] -- Detecting C compiler ABI info - done
[4.583s] -- Check for working C compiler: /usr/bin/cc - skipped
[4.583s] -- Detecting C compile features
[4.583s] -- Detecting C compile features - done
[4.583s] -- Detecting CXX compiler ABI info
[4.583s] -- Detecting CXX compiler ABI info - done
[4.583s] -- Check for working CXX compiler: /usr/bin/c++ - skipped
[4.583s] -- Detecting CXX compile features
[4.583s] -- Detecting CXX compile features - done
[4.583s] -- Found ament_cmake: 1.3.5 (/opt/ros/humble/share/ament_cmake/cmake)
[4.583s] -- Found Python3: /usr/bin/python3.10 (found version "3.10.12") found components: Interpreter 
[4.583s] -- Configuring done
[4.584s] -- Generating done
[4.584s] -- Build files have been written to: /home/simon/Documents/ARO/build/dynamixel_sdk
[4.619s] Invoked command in '/home/simon/Documents/ARO/build/dynamixel_sdk' returned '0': CMAKE_PREFIX_PATH=${CMAKE_PREFIX_PATH}:/home/simon/Documents/ARO/ros2_ws/install/mi_paquete_python:/home/simon/Documents/ARO/ros2_ws/install/launch_testing_examples:/home/simon/Documents/ARO/ros2_ws/install/examples_rclpy_minimal_subscriber:/home/simon/Documents/ARO/ros2_ws/install/examples_rclpy_minimal_service:/home/simon/Documents/ARO/ros2_ws/install/examples_rclpy_minimal_publisher:/home/simon/Documents/ARO/ros2_ws/install/examples_rclpy_minimal_client:/home/simon/Documents/ARO/ros2_ws/install/examples_rclpy_minimal_action_server:/home/simon/Documents/ARO/ros2_ws/install/examples_rclpy_minimal_action_client:/home/simon/Documents/ARO/ros2_ws/src/install/mi_paquete_python:/home/simon/Documents/ARO/ros2_ws/src/install/launch_testing_examples:/home/simon/Documents/ARO/ros2_ws/src/install/examples_rclpy_minimal_subscriber:/home/simon/Documents/ARO/ros2_ws/src/install/examples_rclpy_minimal_service:/home/simon/Documents/ARO/ros2_ws/src/install/examples_rclpy_minimal_publisher:/home/simon/Documents/ARO/ros2_ws/src/install/examples_rclpy_minimal_client:/home/simon/Documents/ARO/ros2_ws/src/install/examples_rclpy_minimal_action_server:/home/simon/Documents/ARO/ros2_ws/src/install/examples_rclpy_minimal_action_client:/home/simon/Documents/ARO/turtlebot3_ws/install/turtlebot3_teleop:/home/simon/Documents/ARO/turtlebot3_ws/install/turtlebot3_example:/opt/ros/humble /usr/bin/cmake /home/simon/Documents/ARO/turtlebot3_ws/src/utils/DynamixelSDK/dynamixel_sdk -DCMAKE_INSTALL_PREFIX=/home/simon/Documents/ARO/install/dynamixel_sdk
[4.620s] Invoking command in '/home/simon/Documents/ARO/build/dynamixel_sdk': CMAKE_PREFIX_PATH=${CMAKE_PREFIX_PATH}:/home/simon/Documents/ARO/ros2_ws/install/mi_paquete_python:/home/simon/Documents/ARO/ros2_ws/install/launch_testing_examples:/home/simon/Documents/ARO/ros2_ws/install/examples_rclpy_minimal_subscriber:/home/simon/Documents/ARO/ros2_ws/install/examples_rclpy_minimal_service:/home/simon/Documents/ARO/ros2_ws/install/examples_rclpy_minimal_publisher:/home/simon/Documents/ARO/ros2_ws/install/examples_rclpy_minimal_client:/home/simon/Documents/ARO/ros2_ws/install/examples_rclpy_minimal_action_server:/home/simon/Documents/ARO/ros2_ws/install/examples_rclpy_minimal_action_client:/home/simon/Documents/ARO/ros2_ws/src/install/mi_paquete_python:/home/simon/Documents/ARO/ros2_ws/src/install/launch_testing_examples:/home/simon/Documents/ARO/ros2_ws/src/install/examples_rclpy_minimal_subscriber:/home/simon/Documents/ARO/ros2_ws/src/install/examples_rclpy_minimal_service:/home/simon/Documents/ARO/ros2_ws/src/install/examples_rclpy_minimal_publisher:/home/simon/Documents/ARO/ros2_ws/src/install/examples_rclpy_minimal_client:/home/simon/Documents/ARO/ros2_ws/src/install/examples_rclpy_minimal_action_server:/home/simon/Documents/ARO/ros2_ws/src/install/examples_rclpy_minimal_action_client:/home/simon/Documents/ARO/turtlebot3_ws/install/turtlebot3_teleop:/home/simon/Documents/ARO/turtlebot3_ws/install/turtlebot3_example:/opt/ros/humble /usr/bin/cmake --build /home/simon/Documents/ARO/build/dynamixel_sdk -- -j16 -l16
[5.392s] [ 10%] [32mBuilding CXX object CMakeFiles/dynamixel_sdk.dir/src/dynamixel_sdk/packet_handler.cpp.o[0m
[5.392s] [ 30%] [32mBuilding CXX object CMakeFiles/dynamixel_sdk.dir/src/dynamixel_sdk/group_sync_read.cpp.o[0m
[5.392s] [ 30%] [32mBuilding CXX object CMakeFiles/dynamixel_sdk.dir/src/dynamixel_sdk/protocol2_packet_handler.cpp.o[0m
[5.392s] [ 40%] [32mBuilding CXX object CMakeFiles/dynamixel_sdk.dir/src/dynamixel_sdk/protocol1_packet_handler.cpp.o[0m
[5.392s] [ 50%] [32mBuilding CXX object CMakeFiles/dynamixel_sdk.dir/src/dynamixel_sdk/group_sync_write.cpp.o[0m
[5.392s] [ 70%] [32mBuilding CXX object CMakeFiles/dynamixel_sdk.dir/src/dynamixel_sdk/port_handler_linux.cpp.o[0m
[5.392s] [ 70%] [32mBuilding CXX object CMakeFiles/dynamixel_sdk.dir/src/dynamixel_sdk/group_bulk_write.cpp.o[0m
[5.393s] [ 90%] [32mBuilding CXX object CMakeFiles/dynamixel_sdk.dir/src/dynamixel_sdk/group_bulk_read.cpp.o[0m
[5.393s] [ 90%] [32mBuilding CXX object CMakeFiles/dynamixel_sdk.dir/src/dynamixel_sdk/port_handler.cpp.o[0m
[5.731s] [100%] [32m[1mLinking CXX shared library libdynamixel_sdk.so[0m
[6.022s] [100%] Built target dynamixel_sdk
[6.392s] Invoked command in '/home/simon/Documents/ARO/build/dynamixel_sdk' returned '0': CMAKE_PREFIX_PATH=${CMAKE_PREFIX_PATH}:/home/simon/Documents/ARO/ros2_ws/install/mi_paquete_python:/home/simon/Documents/ARO/ros2_ws/install/launch_testing_examples:/home/simon/Documents/ARO/ros2_ws/install/examples_rclpy_minimal_subscriber:/home/simon/Documents/ARO/ros2_ws/install/examples_rclpy_minimal_service:/home/simon/Documents/ARO/ros2_ws/install/examples_rclpy_minimal_publisher:/home/simon/Documents/ARO/ros2_ws/install/examples_rclpy_minimal_client:/home/simon/Documents/ARO/ros2_ws/install/examples_rclpy_minimal_action_server:/home/simon/Documents/ARO/ros2_ws/install/examples_rclpy_minimal_action_client:/home/simon/Documents/ARO/ros2_ws/src/install/mi_paquete_python:/home/simon/Documents/ARO/ros2_ws/src/install/launch_testing_examples:/home/simon/Documents/ARO/ros2_ws/src/install/examples_rclpy_minimal_subscriber:/home/simon/Documents/ARO/ros2_ws/src/install/examples_rclpy_minimal_service:/home/simon/Documents/ARO/ros2_ws/src/install/examples_rclpy_minimal_publisher:/home/simon/Documents/ARO/ros2_ws/src/install/examples_rclpy_minimal_client:/home/simon/Documents/ARO/ros2_ws/src/install/examples_rclpy_minimal_action_server:/home/simon/Documents/ARO/ros2_ws/src/install/examples_rclpy_minimal_action_client:/home/simon/Documents/ARO/turtlebot3_ws/install/turtlebot3_teleop:/home/simon/Documents/ARO/turtlebot3_ws/install/turtlebot3_example:/opt/ros/humble /usr/bin/cmake --build /home/simon/Documents/ARO/build/dynamixel_sdk -- -j16 -l16
[7.240s] Invoking command in '/home/simon/Documents/ARO/build/dynamixel_sdk': CMAKE_PREFIX_PATH=${CMAKE_PREFIX_PATH}:/home/simon/Documents/ARO/ros2_ws/install/mi_paquete_python:/home/simon/Documents/ARO/ros2_ws/install/launch_testing_examples:/home/simon/Documents/ARO/ros2_ws/install/examples_rclpy_minimal_subscriber:/home/simon/Documents/ARO/ros2_ws/install/examples_rclpy_minimal_service:/home/simon/Documents/ARO/ros2_ws/install/examples_rclpy_minimal_publisher:/home/simon/Documents/ARO/ros2_ws/install/examples_rclpy_minimal_client:/home/simon/Documents/ARO/ros2_ws/install/examples_rclpy_minimal_action_server:/home/simon/Documents/ARO/ros2_ws/install/examples_rclpy_minimal_action_client:/home/simon/Documents/ARO/ros2_ws/src/install/mi_paquete_python:/home/simon/Documents/ARO/ros2_ws/src/install/launch_testing_examples:/home/simon/Documents/ARO/ros2_ws/src/install/examples_rclpy_minimal_subscriber:/home/simon/Documents/ARO/ros2_ws/src/install/examples_rclpy_minimal_service:/home/simon/Documents/ARO/ros2_ws/src/install/examples_rclpy_minimal_publisher:/home/simon/Documents/ARO/ros2_ws/src/install/examples_rclpy_minimal_client:/home/simon/Documents/ARO/ros2_ws/src/install/examples_rclpy_minimal_action_server:/home/simon/Documents/ARO/ros2_ws/src/install/examples_rclpy_minimal_action_client:/home/simon/Documents/ARO/turtlebot3_ws/install/turtlebot3_teleop:/home/simon/Documents/ARO/turtlebot3_ws/install/turtlebot3_example:/opt/ros/humble /usr/bin/cmake --install /home/simon/Documents/ARO/build/dynamixel_sdk
[8.237s] -- Install configuration: ""
[8.237s] -- Installing: /home/simon/Documents/ARO/install/dynamixel_sdk/include/
[8.237s] -- Installing: /home/simon/Documents/ARO/install/dynamixel_sdk/include//dynamixel_sdk
[8.237s] -- Installing: /home/simon/Documents/ARO/install/dynamixel_sdk/include//dynamixel_sdk/group_sync_read.h
[8.237s] -- Installing: /home/simon/Documents/ARO/install/dynamixel_sdk/include//dynamixel_sdk/group_bulk_read.h
[8.238s] -- Installing: /home/simon/Documents/ARO/install/dynamixel_sdk/include//dynamixel_sdk/protocol1_packet_handler.h
[8.238s] -- Installing: /home/simon/Documents/ARO/install/dynamixel_sdk/include//dynamixel_sdk/group_bulk_write.h
[8.239s] -- Installing: /home/simon/Documents/ARO/install/dynamixel_sdk/include//dynamixel_sdk/packet_handler.h
[8.239s] -- Installing: /home/simon/Documents/ARO/install/dynamixel_sdk/include//dynamixel_sdk/port_handler_windows.h
[8.239s] -- Installing: /home/simon/Documents/ARO/install/dynamixel_sdk/include//dynamixel_sdk/port_handler_mac.h
[8.239s] -- Installing: /home/simon/Documents/ARO/install/dynamixel_sdk/include//dynamixel_sdk/port_handler_arduino.h
[8.240s] -- Installing: /home/simon/Documents/ARO/install/dynamixel_sdk/include//dynamixel_sdk/group_sync_write.h
[8.240s] -- Installing: /home/simon/Documents/ARO/install/dynamixel_sdk/include//dynamixel_sdk/dynamixel_sdk.h
[8.240s] -- Installing: /home/simon/Documents/ARO/install/dynamixel_sdk/include//dynamixel_sdk/protocol2_packet_handler.h
[8.241s] -- Installing: /home/simon/Documents/ARO/install/dynamixel_sdk/include//dynamixel_sdk/port_handler.h
[8.241s] -- Installing: /home/simon/Documents/ARO/install/dynamixel_sdk/include//dynamixel_sdk/port_handler_linux.h
[8.241s] -- Installing: /home/simon/Documents/ARO/install/dynamixel_sdk/lib/libdynamixel_sdk.so
[8.241s] -- Installing: /home/simon/Documents/ARO/install/dynamixel_sdk/share/dynamixel_sdk/environment/library_path.sh
[8.242s] -- Installing: /home/simon/Documents/ARO/install/dynamixel_sdk/share/dynamixel_sdk/environment/library_path.dsv
[8.242s] -- Installing: /home/simon/Documents/ARO/install/dynamixel_sdk/share/ament_index/resource_index/package_run_dependencies/dynamixel_sdk
[8.242s] -- Installing: /home/simon/Documents/ARO/install/dynamixel_sdk/share/ament_index/resource_index/parent_prefix_path/dynamixel_sdk
[8.243s] -- Installing: /home/simon/Documents/ARO/install/dynamixel_sdk/share/dynamixel_sdk/environment/ament_prefix_path.sh
[8.243s] -- Installing: /home/simon/Documents/ARO/install/dynamixel_sdk/share/dynamixel_sdk/environment/ament_prefix_path.dsv
[8.243s] -- Installing: /home/simon/Documents/ARO/install/dynamixel_sdk/share/dynamixel_sdk/environment/path.sh
[8.243s] -- Installing: /home/simon/Documents/ARO/install/dynamixel_sdk/share/dynamixel_sdk/environment/path.dsv
[8.244s] -- Installing: /home/simon/Documents/ARO/install/dynamixel_sdk/share/dynamixel_sdk/local_setup.bash
[8.244s] -- Installing: /home/simon/Documents/ARO/install/dynamixel_sdk/share/dynamixel_sdk/local_setup.sh
[8.244s] -- Installing: /home/simon/Documents/ARO/install/dynamixel_sdk/share/dynamixel_sdk/local_setup.zsh
[8.244s] -- Installing: /home/simon/Documents/ARO/install/dynamixel_sdk/share/dynamixel_sdk/local_setup.dsv
[8.245s] -- Installing: /home/simon/Documents/ARO/install/dynamixel_sdk/share/dynamixel_sdk/package.dsv
[8.245s] -- Installing: /home/simon/Documents/ARO/install/dynamixel_sdk/share/ament_index/resource_index/packages/dynamixel_sdk
[8.245s] -- Installing: /home/simon/Documents/ARO/install/dynamixel_sdk/share/dynamixel_sdk/cmake/ament_cmake_export_include_directories-extras.cmake
[8.245s] -- Installing: /home/simon/Documents/ARO/install/dynamixel_sdk/share/dynamixel_sdk/cmake/ament_cmake_export_libraries-extras.cmake
[8.245s] -- Installing: /home/simon/Documents/ARO/install/dynamixel_sdk/share/dynamixel_sdk/cmake/dynamixel_sdkConfig.cmake
[8.246s] -- Installing: /home/simon/Documents/ARO/install/dynamixel_sdk/share/dynamixel_sdk/cmake/dynamixel_sdkConfig-version.cmake
[8.246s] -- Installing: /home/simon/Documents/ARO/install/dynamixel_sdk/share/dynamixel_sdk/package.xml
[8.762s] Invoked command in '/home/simon/Documents/ARO/build/dynamixel_sdk' returned '0': CMAKE_PREFIX_PATH=${CMAKE_PREFIX_PATH}:/home/simon/Documents/ARO/ros2_ws/install/mi_paquete_python:/home/simon/Documents/ARO/ros2_ws/install/launch_testing_examples:/home/simon/Documents/ARO/ros2_ws/install/examples_rclpy_minimal_subscriber:/home/simon/Documents/ARO/ros2_ws/install/examples_rclpy_minimal_service:/home/simon/Documents/ARO/ros2_ws/install/examples_rclpy_minimal_publisher:/home/simon/Documents/ARO/ros2_ws/install/examples_rclpy_minimal_client:/home/simon/Documents/ARO/ros2_ws/install/examples_rclpy_minimal_action_server:/home/simon/Documents/ARO/ros2_ws/install/examples_rclpy_minimal_action_client:/home/simon/Documents/ARO/ros2_ws/src/install/mi_paquete_python:/home/simon/Documents/ARO/ros2_ws/src/install/launch_testing_examples:/home/simon/Documents/ARO/ros2_ws/src/install/examples_rclpy_minimal_subscriber:/home/simon/Documents/ARO/ros2_ws/src/install/examples_rclpy_minimal_service:/home/simon/Documents/ARO/ros2_ws/src/install/examples_rclpy_minimal_publisher:/home/simon/Documents/ARO/ros2_ws/src/install/examples_rclpy_minimal_client:/home/simon/Documents/ARO/ros2_ws/src/install/examples_rclpy_minimal_action_server:/home/simon/Documents/ARO/ros2_ws/src/install/examples_rclpy_minimal_action_client:/home/simon/Documents/ARO/turtlebot3_ws/install/turtlebot3_teleop:/home/simon/Documents/ARO/turtlebot3_ws/install/turtlebot3_example:/opt/ros/humble /usr/bin/cmake --install /home/simon/Documents/ARO/build/dynamixel_sdk
