running egg_info
creating ../../../../../build/minimal_launch/minimal_launch.egg-info
writing ../../../../../build/minimal_launch/minimal_launch.egg-info/PKG-INFO
writing dependency_links to ../../../../../build/minimal_launch/minimal_launch.egg-info/dependency_links.txt
writing entry points to ../../../../../build/minimal_launch/minimal_launch.egg-info/entry_points.txt
writing requirements to ../../../../../build/minimal_launch/minimal_launch.egg-info/requires.txt
writing top-level names to ../../../../../build/minimal_launch/minimal_launch.egg-info/top_level.txt
writing manifest file '../../../../../build/minimal_launch/minimal_launch.egg-info/SOURCES.txt'
reading manifest file '../../../../../build/minimal_launch/minimal_launch.egg-info/SOURCES.txt'
writing manifest file '../../../../../build/minimal_launch/minimal_launch.egg-info/SOURCES.txt'
running build
running build_py
creating /home/simon/Documents/ARO/ros2_ws/build/minimal_launch/build
creating /home/simon/Documents/ARO/ros2_ws/build/minimal_launch/build/lib
creating /home/simon/Documents/ARO/ros2_ws/build/minimal_launch/build/lib/minimal_launch
copying minimal_launch/__init__.py -> /home/simon/Documents/ARO/ros2_ws/build/minimal_launch/build/lib/minimal_launch
running install
running install_lib
creating /home/simon/Documents/ARO/ros2_ws/install/minimal_launch/lib/python3.10/site-packages/minimal_launch
copying /home/simon/Documents/ARO/ros2_ws/build/minimal_launch/build/lib/minimal_launch/__init__.py -> /home/simon/Documents/ARO/ros2_ws/install/minimal_launch/lib/python3.10/site-packages/minimal_launch
byte-compiling /home/simon/Documents/ARO/ros2_ws/install/minimal_launch/lib/python3.10/site-packages/minimal_launch/__init__.py to __init__.cpython-310.pyc
running install_data
creating /home/simon/Documents/ARO/ros2_ws/install/minimal_launch/share/ament_index
creating /home/simon/Documents/ARO/ros2_ws/install/minimal_launch/share/ament_index/resource_index
creating /home/simon/Documents/ARO/ros2_ws/install/minimal_launch/share/ament_index/resource_index/packages
copying resource/minimal_launch -> /home/simon/Documents/ARO/ros2_ws/install/minimal_launch/share/ament_index/resource_index/packages
copying package.xml -> /home/simon/Documents/ARO/ros2_ws/install/minimal_launch/share/minimal_launch
creating /home/simon/Documents/ARO/ros2_ws/install/minimal_launch/share/minimal_launch/launch
copying launch/example_Python.launch.py -> /home/simon/Documents/ARO/ros2_ws/install/minimal_launch/share/minimal_launch/launch
copying launch/example_XML.launch.xml -> /home/simon/Documents/ARO/ros2_ws/install/minimal_launch/share/minimal_launch/launch
copying launch/example_YAML.launch.yaml -> /home/simon/Documents/ARO/ros2_ws/install/minimal_launch/share/minimal_launch/launch
running install_egg_info
Copying ../../../../../build/minimal_launch/minimal_launch.egg-info to /home/simon/Documents/ARO/ros2_ws/install/minimal_launch/lib/python3.10/site-packages/minimal_launch-0.0.0-py3.10.egg-info
running install_scripts
writing list of installed files to '/home/simon/Documents/ARO/ros2_ws/build/minimal_launch/install.log'
