[5.877s] Invoking command in '/home/simon/Documents/ARO/ros2_ws/src/ROS2_examples/rclpy/topics/minimal_publisher': PYTHONPATH=/home/simon/Documents/ARO/build/examples_rclpy_minimal_publisher/prefix_override:/home/simon/Documents/ARO/install/examples_rclpy_minimal_publisher/lib/python3.10/site-packages:${PYTHONPATH} /usr/bin/python3 setup.py egg_info --egg-base ../../../../../../build/examples_rclpy_minimal_publisher build --build-base /home/simon/Documents/ARO/build/examples_rclpy_minimal_publisher/build install --record /home/simon/Documents/ARO/build/examples_rclpy_minimal_publisher/install.log --single-version-externally-managed
[6.623s] running egg_info
[6.625s] creating ../../../../../../build/examples_rclpy_minimal_publisher/examples_rclpy_minimal_publisher.egg-info
[6.629s] writing ../../../../../../build/examples_rclpy_minimal_publisher/examples_rclpy_minimal_publisher.egg-info/PKG-INFO
[6.631s] writing dependency_links to ../../../../../../build/examples_rclpy_minimal_publisher/examples_rclpy_minimal_publisher.egg-info/dependency_links.txt
[6.633s] writing entry points to ../../../../../../build/examples_rclpy_minimal_publisher/examples_rclpy_minimal_publisher.egg-info/entry_points.txt
[6.634s] writing requirements to ../../../../../../build/examples_rclpy_minimal_publisher/examples_rclpy_minimal_publisher.egg-info/requires.txt
[6.635s] writing top-level names to ../../../../../../build/examples_rclpy_minimal_publisher/examples_rclpy_minimal_publisher.egg-info/top_level.txt
[6.637s] writing manifest file '../../../../../../build/examples_rclpy_minimal_publisher/examples_rclpy_minimal_publisher.egg-info/SOURCES.txt'
[6.648s] reading manifest file '../../../../../../build/examples_rclpy_minimal_publisher/examples_rclpy_minimal_publisher.egg-info/SOURCES.txt'
[6.650s] writing manifest file '../../../../../../build/examples_rclpy_minimal_publisher/examples_rclpy_minimal_publisher.egg-info/SOURCES.txt'
[6.651s] running build
[6.651s] running build_py
[6.651s] creating /home/simon/Documents/ARO/build/examples_rclpy_minimal_publisher/build
[6.652s] creating /home/simon/Documents/ARO/build/examples_rclpy_minimal_publisher/build/lib
[6.652s] creating /home/simon/Documents/ARO/build/examples_rclpy_minimal_publisher/build/lib/examples_rclpy_minimal_publisher
[6.653s] copying examples_rclpy_minimal_publisher/publisher_member_function.py -> /home/simon/Documents/ARO/build/examples_rclpy_minimal_publisher/build/lib/examples_rclpy_minimal_publisher
[6.655s] copying examples_rclpy_minimal_publisher/__init__.py -> /home/simon/Documents/ARO/build/examples_rclpy_minimal_publisher/build/lib/examples_rclpy_minimal_publisher
[6.657s] copying examples_rclpy_minimal_publisher/publisher_old_school.py -> /home/simon/Documents/ARO/build/examples_rclpy_minimal_publisher/build/lib/examples_rclpy_minimal_publisher
[6.659s] running install
[6.661s] running install_lib
[6.665s] creating /home/simon/Documents/ARO/install/examples_rclpy_minimal_publisher/lib/python3.10/site-packages/examples_rclpy_minimal_publisher
[6.666s] copying /home/simon/Documents/ARO/build/examples_rclpy_minimal_publisher/build/lib/examples_rclpy_minimal_publisher/publisher_member_function.py -> /home/simon/Documents/ARO/install/examples_rclpy_minimal_publisher/lib/python3.10/site-packages/examples_rclpy_minimal_publisher
[6.666s] copying /home/simon/Documents/ARO/build/examples_rclpy_minimal_publisher/build/lib/examples_rclpy_minimal_publisher/__init__.py -> /home/simon/Documents/ARO/install/examples_rclpy_minimal_publisher/lib/python3.10/site-packages/examples_rclpy_minimal_publisher
[6.666s] copying /home/simon/Documents/ARO/build/examples_rclpy_minimal_publisher/build/lib/examples_rclpy_minimal_publisher/publisher_old_school.py -> /home/simon/Documents/ARO/install/examples_rclpy_minimal_publisher/lib/python3.10/site-packages/examples_rclpy_minimal_publisher
[6.672s] byte-compiling /home/simon/Documents/ARO/install/examples_rclpy_minimal_publisher/lib/python3.10/site-packages/examples_rclpy_minimal_publisher/publisher_member_function.py to publisher_member_function.cpython-310.pyc
[6.677s] byte-compiling /home/simon/Documents/ARO/install/examples_rclpy_minimal_publisher/lib/python3.10/site-packages/examples_rclpy_minimal_publisher/__init__.py to __init__.cpython-310.pyc
[6.677s] byte-compiling /home/simon/Documents/ARO/install/examples_rclpy_minimal_publisher/lib/python3.10/site-packages/examples_rclpy_minimal_publisher/publisher_old_school.py to publisher_old_school.cpython-310.pyc
[6.678s] running install_data
[6.680s] creating /home/simon/Documents/ARO/install/examples_rclpy_minimal_publisher/share/ament_index
[6.680s] creating /home/simon/Documents/ARO/install/examples_rclpy_minimal_publisher/share/ament_index/resource_index
[6.681s] creating /home/simon/Documents/ARO/install/examples_rclpy_minimal_publisher/share/ament_index/resource_index/packages
[6.681s] copying resource/examples_rclpy_minimal_publisher -> /home/simon/Documents/ARO/install/examples_rclpy_minimal_publisher/share/ament_index/resource_index/packages
[6.681s] copying package.xml -> /home/simon/Documents/ARO/install/examples_rclpy_minimal_publisher/share/examples_rclpy_minimal_publisher
[6.682s] running install_egg_info
[6.687s] Copying ../../../../../../build/examples_rclpy_minimal_publisher/examples_rclpy_minimal_publisher.egg-info to /home/simon/Documents/ARO/install/examples_rclpy_minimal_publisher/lib/python3.10/site-packages/examples_rclpy_minimal_publisher-0.15.1-py3.10.egg-info
[6.690s] running install_scripts
[6.772s] Installing publisher_member_function script to /home/simon/Documents/ARO/install/examples_rclpy_minimal_publisher/lib/examples_rclpy_minimal_publisher
[6.773s] Installing publisher_old_school script to /home/simon/Documents/ARO/install/examples_rclpy_minimal_publisher/lib/examples_rclpy_minimal_publisher
[6.774s] writing list of installed files to '/home/simon/Documents/ARO/build/examples_rclpy_minimal_publisher/install.log'
[7.293s] Invoked command in '/home/simon/Documents/ARO/ros2_ws/src/ROS2_examples/rclpy/topics/minimal_publisher' returned '0': PYTHONPATH=/home/simon/Documents/ARO/build/examples_rclpy_minimal_publisher/prefix_override:/home/simon/Documents/ARO/install/examples_rclpy_minimal_publisher/lib/python3.10/site-packages:${PYTHONPATH} /usr/bin/python3 setup.py egg_info --egg-base ../../../../../../build/examples_rclpy_minimal_publisher build --build-base /home/simon/Documents/ARO/build/examples_rclpy_minimal_publisher/build install --record /home/simon/Documents/ARO/build/examples_rclpy_minimal_publisher/install.log --single-version-externally-managed
