[0.033s] Invoking command in '/home/simon/Documents/ARO/turtlebot3_ws/build/dynamixel_sdk_custom_interfaces': /usr/bin/cmake /home/simon/Documents/ARO/turtlebot3_ws/src/utils/DynamixelSDK/dynamixel_sdk_custom_interfaces -DAMENT_CMAKE_SYMLINK_INSTALL=1 -DCMAKE_INSTALL_PREFIX=/home/simon/Documents/ARO/turtlebot3_ws/install/dynamixel_sdk_custom_interfaces
[0.135s] -- The C compiler identification is GNU 11.4.0
[0.226s] -- The CXX compiler identification is GNU 11.4.0
[0.235s] -- Detecting C compiler ABI info
[0.314s] -- Detecting C compiler ABI info - done
[0.324s] -- Check for working C compiler: /usr/bin/cc - skipped
[0.325s] -- Detecting C compile features
[0.325s] -- Detecting C compile features - done
[0.329s] -- Detecting CXX compiler ABI info
[0.446s] -- Detecting CXX compiler ABI info - done
[0.459s] -- Check for working CXX compiler: /usr/bin/c++ - skipped
[0.459s] -- Detecting CXX compile features
[0.459s] -- Detecting CXX compile features - done
[0.470s] [31mCMake Error at CMakeLists.txt:14 (find_package):
[0.471s]   By not providing "Findament_cmake.cmake" in CMAKE_MODULE_PATH this project
[0.471s]   has asked CMake to find a package configuration file provided by
[0.471s]   "ament_cmake", but CMake did not find one.
[0.472s] 
[0.472s]   Could not find a package configuration file provided by "ament_cmake" with
[0.473s]   any of the following names:
[0.473s] 
[0.474s]     ament_cmakeConfig.cmake
[0.474s]     ament_cmake-config.cmake
[0.474s] 
[0.474s]   Add the installation prefix of "ament_cmake" to CMAKE_PREFIX_PATH or set
[0.474s]   "ament_cmake_DIR" to a directory containing one of the above files.  If
[0.475s]   "ament_cmake" provides a separate development package or SDK, be sure it
[0.477s]   has been installed.
[0.477s] 
[0.477s] [0m
[0.478s] -- Configuring incomplete, errors occurred!
[0.478s] See also "/home/simon/Documents/ARO/turtlebot3_ws/build/dynamixel_sdk_custom_interfaces/CMakeFiles/CMakeOutput.log".
