[6.377s] Invoking command in '/home/simon/Documents/ARO/ros2_ws/src/ROS2_examples/rclpy/actions/minimal_action_server': PYTHONPATH=/home/simon/Documents/ARO/build/examples_rclpy_minimal_action_server/prefix_override:/home/simon/Documents/ARO/install/examples_rclpy_minimal_action_server/lib/python3.10/site-packages:${PYTHONPATH} /usr/bin/python3 setup.py egg_info --egg-base ../../../../../../build/examples_rclpy_minimal_action_server build --build-base /home/simon/Documents/ARO/build/examples_rclpy_minimal_action_server/build install --record /home/simon/Documents/ARO/build/examples_rclpy_minimal_action_server/install.log --single-version-externally-managed
[7.462s] running egg_info
[7.462s] creating ../../../../../../build/examples_rclpy_minimal_action_server/examples_rclpy_minimal_action_server.egg-info
[7.462s] writing ../../../../../../build/examples_rclpy_minimal_action_server/examples_rclpy_minimal_action_server.egg-info/PKG-INFO
[7.462s] writing dependency_links to ../../../../../../build/examples_rclpy_minimal_action_server/examples_rclpy_minimal_action_server.egg-info/dependency_links.txt
[7.462s] writing entry points to ../../../../../../build/examples_rclpy_minimal_action_server/examples_rclpy_minimal_action_server.egg-info/entry_points.txt
[7.463s] writing requirements to ../../../../../../build/examples_rclpy_minimal_action_server/examples_rclpy_minimal_action_server.egg-info/requires.txt
[7.463s] writing top-level names to ../../../../../../build/examples_rclpy_minimal_action_server/examples_rclpy_minimal_action_server.egg-info/top_level.txt
[7.463s] writing manifest file '../../../../../../build/examples_rclpy_minimal_action_server/examples_rclpy_minimal_action_server.egg-info/SOURCES.txt'
[7.463s] reading manifest file '../../../../../../build/examples_rclpy_minimal_action_server/examples_rclpy_minimal_action_server.egg-info/SOURCES.txt'
[7.464s] writing manifest file '../../../../../../build/examples_rclpy_minimal_action_server/examples_rclpy_minimal_action_server.egg-info/SOURCES.txt'
[7.464s] running build
[7.464s] running build_py
[7.464s] creating /home/simon/Documents/ARO/build/examples_rclpy_minimal_action_server/build
[7.464s] creating /home/simon/Documents/ARO/build/examples_rclpy_minimal_action_server/build/lib
[7.465s] creating /home/simon/Documents/ARO/build/examples_rclpy_minimal_action_server/build/lib/examples_rclpy_minimal_action_server
[7.465s] copying examples_rclpy_minimal_action_server/server_not_composable.py -> /home/simon/Documents/ARO/build/examples_rclpy_minimal_action_server/build/lib/examples_rclpy_minimal_action_server
[7.465s] copying examples_rclpy_minimal_action_server/server_defer.py -> /home/simon/Documents/ARO/build/examples_rclpy_minimal_action_server/build/lib/examples_rclpy_minimal_action_server
[7.465s] copying examples_rclpy_minimal_action_server/__init__.py -> /home/simon/Documents/ARO/build/examples_rclpy_minimal_action_server/build/lib/examples_rclpy_minimal_action_server
[7.465s] copying examples_rclpy_minimal_action_server/server_single_goal.py -> /home/simon/Documents/ARO/build/examples_rclpy_minimal_action_server/build/lib/examples_rclpy_minimal_action_server
[7.466s] copying examples_rclpy_minimal_action_server/server.py -> /home/simon/Documents/ARO/build/examples_rclpy_minimal_action_server/build/lib/examples_rclpy_minimal_action_server
[7.466s] copying examples_rclpy_minimal_action_server/server_queue_goals.py -> /home/simon/Documents/ARO/build/examples_rclpy_minimal_action_server/build/lib/examples_rclpy_minimal_action_server
[7.466s] running install
[7.466s] running install_lib
[7.467s] creating /home/simon/Documents/ARO/install/examples_rclpy_minimal_action_server/lib/python3.10/site-packages/examples_rclpy_minimal_action_server
[7.467s] copying /home/simon/Documents/ARO/build/examples_rclpy_minimal_action_server/build/lib/examples_rclpy_minimal_action_server/server_not_composable.py -> /home/simon/Documents/ARO/install/examples_rclpy_minimal_action_server/lib/python3.10/site-packages/examples_rclpy_minimal_action_server
[7.467s] copying /home/simon/Documents/ARO/build/examples_rclpy_minimal_action_server/build/lib/examples_rclpy_minimal_action_server/server_defer.py -> /home/simon/Documents/ARO/install/examples_rclpy_minimal_action_server/lib/python3.10/site-packages/examples_rclpy_minimal_action_server
[7.467s] copying /home/simon/Documents/ARO/build/examples_rclpy_minimal_action_server/build/lib/examples_rclpy_minimal_action_server/__init__.py -> /home/simon/Documents/ARO/install/examples_rclpy_minimal_action_server/lib/python3.10/site-packages/examples_rclpy_minimal_action_server
[7.468s] copying /home/simon/Documents/ARO/build/examples_rclpy_minimal_action_server/build/lib/examples_rclpy_minimal_action_server/server_single_goal.py -> /home/simon/Documents/ARO/install/examples_rclpy_minimal_action_server/lib/python3.10/site-packages/examples_rclpy_minimal_action_server
[7.477s] copying /home/simon/Documents/ARO/build/examples_rclpy_minimal_action_server/build/lib/examples_rclpy_minimal_action_server/server.py -> /home/simon/Documents/ARO/install/examples_rclpy_minimal_action_server/lib/python3.10/site-packages/examples_rclpy_minimal_action_server
[7.478s] copying /home/simon/Documents/ARO/build/examples_rclpy_minimal_action_server/build/lib/examples_rclpy_minimal_action_server/server_queue_goals.py -> /home/simon/Documents/ARO/install/examples_rclpy_minimal_action_server/lib/python3.10/site-packages/examples_rclpy_minimal_action_server
[7.478s] byte-compiling /home/simon/Documents/ARO/install/examples_rclpy_minimal_action_server/lib/python3.10/site-packages/examples_rclpy_minimal_action_server/server_not_composable.py to server_not_composable.cpython-310.pyc
[7.478s] byte-compiling /home/simon/Documents/ARO/install/examples_rclpy_minimal_action_server/lib/python3.10/site-packages/examples_rclpy_minimal_action_server/server_defer.py to server_defer.cpython-310.pyc
[7.478s] byte-compiling /home/simon/Documents/ARO/install/examples_rclpy_minimal_action_server/lib/python3.10/site-packages/examples_rclpy_minimal_action_server/__init__.py to __init__.cpython-310.pyc
[7.478s] byte-compiling /home/simon/Documents/ARO/install/examples_rclpy_minimal_action_server/lib/python3.10/site-packages/examples_rclpy_minimal_action_server/server_single_goal.py to server_single_goal.cpython-310.pyc
[7.478s] byte-compiling /home/simon/Documents/ARO/install/examples_rclpy_minimal_action_server/lib/python3.10/site-packages/examples_rclpy_minimal_action_server/server.py to server.cpython-310.pyc
[7.478s] byte-compiling /home/simon/Documents/ARO/install/examples_rclpy_minimal_action_server/lib/python3.10/site-packages/examples_rclpy_minimal_action_server/server_queue_goals.py to server_queue_goals.cpython-310.pyc
[7.478s] running install_data
[7.479s] creating /home/simon/Documents/ARO/install/examples_rclpy_minimal_action_server/share/ament_index
[7.479s] creating /home/simon/Documents/ARO/install/examples_rclpy_minimal_action_server/share/ament_index/resource_index
[7.479s] creating /home/simon/Documents/ARO/install/examples_rclpy_minimal_action_server/share/ament_index/resource_index/packages
[7.479s] copying resource/examples_rclpy_minimal_action_server -> /home/simon/Documents/ARO/install/examples_rclpy_minimal_action_server/share/ament_index/resource_index/packages
[7.479s] copying package.xml -> /home/simon/Documents/ARO/install/examples_rclpy_minimal_action_server/share/examples_rclpy_minimal_action_server
[7.479s] running install_egg_info
[7.479s] Copying ../../../../../../build/examples_rclpy_minimal_action_server/examples_rclpy_minimal_action_server.egg-info to /home/simon/Documents/ARO/install/examples_rclpy_minimal_action_server/lib/python3.10/site-packages/examples_rclpy_minimal_action_server-0.15.1-py3.10.egg-info
[7.480s] running install_scripts
[7.480s] Installing server script to /home/simon/Documents/ARO/install/examples_rclpy_minimal_action_server/lib/examples_rclpy_minimal_action_server
[7.480s] Installing server_defer script to /home/simon/Documents/ARO/install/examples_rclpy_minimal_action_server/lib/examples_rclpy_minimal_action_server
[7.480s] Installing server_not_composable script to /home/simon/Documents/ARO/install/examples_rclpy_minimal_action_server/lib/examples_rclpy_minimal_action_server
[7.480s] Installing server_queue_goals script to /home/simon/Documents/ARO/install/examples_rclpy_minimal_action_server/lib/examples_rclpy_minimal_action_server
[7.480s] Installing server_single_goal script to /home/simon/Documents/ARO/install/examples_rclpy_minimal_action_server/lib/examples_rclpy_minimal_action_server
[7.480s] writing list of installed files to '/home/simon/Documents/ARO/build/examples_rclpy_minimal_action_server/install.log'
[8.632s] Invoked command in '/home/simon/Documents/ARO/ros2_ws/src/ROS2_examples/rclpy/actions/minimal_action_server' returned '0': PYTHONPATH=/home/simon/Documents/ARO/build/examples_rclpy_minimal_action_server/prefix_override:/home/simon/Documents/ARO/install/examples_rclpy_minimal_action_server/lib/python3.10/site-packages:${PYTHONPATH} /usr/bin/python3 setup.py egg_info --egg-base ../../../../../../build/examples_rclpy_minimal_action_server build --build-base /home/simon/Documents/ARO/build/examples_rclpy_minimal_action_server/build install --record /home/simon/Documents/ARO/build/examples_rclpy_minimal_action_server/install.log --single-version-externally-managed
