[1.275s] Invoking command in '/home/simon/Documents/ARO/build/hls_lfcd_lds_driver': CMAKE_PREFIX_PATH=${CMAKE_PREFIX_PATH}:/home/simon/Documents/ARO/ros2_ws/install/mi_paquete_python:/home/simon/Documents/ARO/ros2_ws/install/launch_testing_examples:/home/simon/Documents/ARO/ros2_ws/install/examples_rclpy_minimal_subscriber:/home/simon/Documents/ARO/ros2_ws/install/examples_rclpy_minimal_service:/home/simon/Documents/ARO/ros2_ws/install/examples_rclpy_minimal_publisher:/home/simon/Documents/ARO/ros2_ws/install/examples_rclpy_minimal_client:/home/simon/Documents/ARO/ros2_ws/install/examples_rclpy_minimal_action_server:/home/simon/Documents/ARO/ros2_ws/install/examples_rclpy_minimal_action_client:/home/simon/Documents/ARO/ros2_ws/src/install/mi_paquete_python:/home/simon/Documents/ARO/ros2_ws/src/install/launch_testing_examples:/home/simon/Documents/ARO/ros2_ws/src/install/examples_rclpy_minimal_subscriber:/home/simon/Documents/ARO/ros2_ws/src/install/examples_rclpy_minimal_service:/home/simon/Documents/ARO/ros2_ws/src/install/examples_rclpy_minimal_publisher:/home/simon/Documents/ARO/ros2_ws/src/install/examples_rclpy_minimal_client:/home/simon/Documents/ARO/ros2_ws/src/install/examples_rclpy_minimal_action_server:/home/simon/Documents/ARO/ros2_ws/src/install/examples_rclpy_minimal_action_client:/home/simon/Documents/ARO/turtlebot3_ws/install/turtlebot3_teleop:/home/simon/Documents/ARO/turtlebot3_ws/install/turtlebot3_example:/opt/ros/humble /usr/bin/cmake /home/simon/Documents/ARO/turtlebot3_ws/src/utils/hls_lfcd_lds_driver -DCMAKE_INSTALL_PREFIX=/home/simon/Documents/ARO/install/hls_lfcd_lds_driver
[4.507s] -- The C compiler identification is GNU 11.4.0
[4.507s] -- The CXX compiler identification is GNU 11.4.0
[4.507s] -- Detecting C compiler ABI info
[4.507s] -- Detecting C compiler ABI info - done
[4.507s] -- Check for working C compiler: /usr/bin/cc - skipped
[4.507s] -- Detecting C compile features
[4.507s] -- Detecting C compile features - done
[4.508s] -- Detecting CXX compiler ABI info
[4.508s] -- Detecting CXX compiler ABI info - done
[4.508s] -- Check for working CXX compiler: /usr/bin/c++ - skipped
[4.508s] -- Detecting CXX compile features
[4.508s] -- Detecting CXX compile features - done
[4.508s] -- Found ament_cmake: 1.3.5 (/opt/ros/humble/share/ament_cmake/cmake)
[4.508s] -- Found Python3: /usr/bin/python3.10 (found version "3.10.12") found components: Interpreter 
[4.509s] -- Found rclcpp: 16.0.6 (/opt/ros/humble/share/rclcpp/cmake)
[4.509s] -- Found rosidl_generator_c: 3.1.5 (/opt/ros/humble/share/rosidl_generator_c/cmake)
[4.509s] -- Found rosidl_adapter: 3.1.5 (/opt/ros/humble/share/rosidl_adapter/cmake)
[4.509s] -- Found rosidl_generator_cpp: 3.1.5 (/opt/ros/humble/share/rosidl_generator_cpp/cmake)
[4.509s] -- Using all available rosidl_typesupport_c: rosidl_typesupport_fastrtps_c;rosidl_typesupport_introspection_c
[4.509s] -- Using all available rosidl_typesupport_cpp: rosidl_typesupport_fastrtps_cpp;rosidl_typesupport_introspection_cpp
[4.509s] -- Found rmw_implementation_cmake: 6.1.1 (/opt/ros/humble/share/rmw_implementation_cmake/cmake)
[4.509s] -- Found rmw_fastrtps_cpp: 6.2.4 (/opt/ros/humble/share/rmw_fastrtps_cpp/cmake)
[4.509s] -- Found OpenSSL: /usr/lib/x86_64-linux-gnu/libcrypto.so (found version "3.0.2")  
[4.509s] -- Found FastRTPS: /opt/ros/humble/include  
[4.509s] -- Using RMW implementation 'rmw_fastrtps_cpp' as default
[4.509s] -- Looking for pthread.h
[4.509s] -- Looking for pthread.h - found
[4.509s] -- Performing Test CMAKE_HAVE_LIBC_PTHREAD
[4.509s] -- Performing Test CMAKE_HAVE_LIBC_PTHREAD - Success
[4.509s] -- Found Threads: TRUE  
[4.509s] -- Found sensor_msgs: 4.2.3 (/opt/ros/humble/share/sensor_msgs/cmake)
[4.510s] -- Found Boost: /usr/lib/x86_64-linux-gnu/cmake/Boost-1.74.0/BoostConfig.cmake (found version "1.74.0") found components: system 
[4.510s] -- Configuring done
[4.510s] -- Generating done
[4.510s] -- Build files have been written to: /home/simon/Documents/ARO/build/hls_lfcd_lds_driver
[4.542s] Invoked command in '/home/simon/Documents/ARO/build/hls_lfcd_lds_driver' returned '0': CMAKE_PREFIX_PATH=${CMAKE_PREFIX_PATH}:/home/simon/Documents/ARO/ros2_ws/install/mi_paquete_python:/home/simon/Documents/ARO/ros2_ws/install/launch_testing_examples:/home/simon/Documents/ARO/ros2_ws/install/examples_rclpy_minimal_subscriber:/home/simon/Documents/ARO/ros2_ws/install/examples_rclpy_minimal_service:/home/simon/Documents/ARO/ros2_ws/install/examples_rclpy_minimal_publisher:/home/simon/Documents/ARO/ros2_ws/install/examples_rclpy_minimal_client:/home/simon/Documents/ARO/ros2_ws/install/examples_rclpy_minimal_action_server:/home/simon/Documents/ARO/ros2_ws/install/examples_rclpy_minimal_action_client:/home/simon/Documents/ARO/ros2_ws/src/install/mi_paquete_python:/home/simon/Documents/ARO/ros2_ws/src/install/launch_testing_examples:/home/simon/Documents/ARO/ros2_ws/src/install/examples_rclpy_minimal_subscriber:/home/simon/Documents/ARO/ros2_ws/src/install/examples_rclpy_minimal_service:/home/simon/Documents/ARO/ros2_ws/src/install/examples_rclpy_minimal_publisher:/home/simon/Documents/ARO/ros2_ws/src/install/examples_rclpy_minimal_client:/home/simon/Documents/ARO/ros2_ws/src/install/examples_rclpy_minimal_action_server:/home/simon/Documents/ARO/ros2_ws/src/install/examples_rclpy_minimal_action_client:/home/simon/Documents/ARO/turtlebot3_ws/install/turtlebot3_teleop:/home/simon/Documents/ARO/turtlebot3_ws/install/turtlebot3_example:/opt/ros/humble /usr/bin/cmake /home/simon/Documents/ARO/turtlebot3_ws/src/utils/hls_lfcd_lds_driver -DCMAKE_INSTALL_PREFIX=/home/simon/Documents/ARO/install/hls_lfcd_lds_driver
[4.542s] Invoking command in '/home/simon/Documents/ARO/build/hls_lfcd_lds_driver': CMAKE_PREFIX_PATH=${CMAKE_PREFIX_PATH}:/home/simon/Documents/ARO/ros2_ws/install/mi_paquete_python:/home/simon/Documents/ARO/ros2_ws/install/launch_testing_examples:/home/simon/Documents/ARO/ros2_ws/install/examples_rclpy_minimal_subscriber:/home/simon/Documents/ARO/ros2_ws/install/examples_rclpy_minimal_service:/home/simon/Documents/ARO/ros2_ws/install/examples_rclpy_minimal_publisher:/home/simon/Documents/ARO/ros2_ws/install/examples_rclpy_minimal_client:/home/simon/Documents/ARO/ros2_ws/install/examples_rclpy_minimal_action_server:/home/simon/Documents/ARO/ros2_ws/install/examples_rclpy_minimal_action_client:/home/simon/Documents/ARO/ros2_ws/src/install/mi_paquete_python:/home/simon/Documents/ARO/ros2_ws/src/install/launch_testing_examples:/home/simon/Documents/ARO/ros2_ws/src/install/examples_rclpy_minimal_subscriber:/home/simon/Documents/ARO/ros2_ws/src/install/examples_rclpy_minimal_service:/home/simon/Documents/ARO/ros2_ws/src/install/examples_rclpy_minimal_publisher:/home/simon/Documents/ARO/ros2_ws/src/install/examples_rclpy_minimal_client:/home/simon/Documents/ARO/ros2_ws/src/install/examples_rclpy_minimal_action_server:/home/simon/Documents/ARO/ros2_ws/src/install/examples_rclpy_minimal_action_client:/home/simon/Documents/ARO/turtlebot3_ws/install/turtlebot3_teleop:/home/simon/Documents/ARO/turtlebot3_ws/install/turtlebot3_example:/opt/ros/humble /usr/bin/cmake --build /home/simon/Documents/ARO/build/hls_lfcd_lds_driver -- -j16 -l16
[5.313s] [ 50%] [32mBuilding CXX object CMakeFiles/hlds_laser_publisher.dir/src/hlds_laser_publisher.cpp.o[0m
[16.293s] [100%] [32m[1mLinking CXX executable hlds_laser_publisher[0m
[16.731s] [100%] Built target hlds_laser_publisher
[16.757s] Invoked command in '/home/simon/Documents/ARO/build/hls_lfcd_lds_driver' returned '0': CMAKE_PREFIX_PATH=${CMAKE_PREFIX_PATH}:/home/simon/Documents/ARO/ros2_ws/install/mi_paquete_python:/home/simon/Documents/ARO/ros2_ws/install/launch_testing_examples:/home/simon/Documents/ARO/ros2_ws/install/examples_rclpy_minimal_subscriber:/home/simon/Documents/ARO/ros2_ws/install/examples_rclpy_minimal_service:/home/simon/Documents/ARO/ros2_ws/install/examples_rclpy_minimal_publisher:/home/simon/Documents/ARO/ros2_ws/install/examples_rclpy_minimal_client:/home/simon/Documents/ARO/ros2_ws/install/examples_rclpy_minimal_action_server:/home/simon/Documents/ARO/ros2_ws/install/examples_rclpy_minimal_action_client:/home/simon/Documents/ARO/ros2_ws/src/install/mi_paquete_python:/home/simon/Documents/ARO/ros2_ws/src/install/launch_testing_examples:/home/simon/Documents/ARO/ros2_ws/src/install/examples_rclpy_minimal_subscriber:/home/simon/Documents/ARO/ros2_ws/src/install/examples_rclpy_minimal_service:/home/simon/Documents/ARO/ros2_ws/src/install/examples_rclpy_minimal_publisher:/home/simon/Documents/ARO/ros2_ws/src/install/examples_rclpy_minimal_client:/home/simon/Documents/ARO/ros2_ws/src/install/examples_rclpy_minimal_action_server:/home/simon/Documents/ARO/ros2_ws/src/install/examples_rclpy_minimal_action_client:/home/simon/Documents/ARO/turtlebot3_ws/install/turtlebot3_teleop:/home/simon/Documents/ARO/turtlebot3_ws/install/turtlebot3_example:/opt/ros/humble /usr/bin/cmake --build /home/simon/Documents/ARO/build/hls_lfcd_lds_driver -- -j16 -l16
[16.809s] Invoking command in '/home/simon/Documents/ARO/build/hls_lfcd_lds_driver': CMAKE_PREFIX_PATH=${CMAKE_PREFIX_PATH}:/home/simon/Documents/ARO/ros2_ws/install/mi_paquete_python:/home/simon/Documents/ARO/ros2_ws/install/launch_testing_examples:/home/simon/Documents/ARO/ros2_ws/install/examples_rclpy_minimal_subscriber:/home/simon/Documents/ARO/ros2_ws/install/examples_rclpy_minimal_service:/home/simon/Documents/ARO/ros2_ws/install/examples_rclpy_minimal_publisher:/home/simon/Documents/ARO/ros2_ws/install/examples_rclpy_minimal_client:/home/simon/Documents/ARO/ros2_ws/install/examples_rclpy_minimal_action_server:/home/simon/Documents/ARO/ros2_ws/install/examples_rclpy_minimal_action_client:/home/simon/Documents/ARO/ros2_ws/src/install/mi_paquete_python:/home/simon/Documents/ARO/ros2_ws/src/install/launch_testing_examples:/home/simon/Documents/ARO/ros2_ws/src/install/examples_rclpy_minimal_subscriber:/home/simon/Documents/ARO/ros2_ws/src/install/examples_rclpy_minimal_service:/home/simon/Documents/ARO/ros2_ws/src/install/examples_rclpy_minimal_publisher:/home/simon/Documents/ARO/ros2_ws/src/install/examples_rclpy_minimal_client:/home/simon/Documents/ARO/ros2_ws/src/install/examples_rclpy_minimal_action_server:/home/simon/Documents/ARO/ros2_ws/src/install/examples_rclpy_minimal_action_client:/home/simon/Documents/ARO/turtlebot3_ws/install/turtlebot3_teleop:/home/simon/Documents/ARO/turtlebot3_ws/install/turtlebot3_example:/opt/ros/humble /usr/bin/cmake --install /home/simon/Documents/ARO/build/hls_lfcd_lds_driver
[16.824s] -- Install configuration: ""
[16.825s] -- Installing: /home/simon/Documents/ARO/install/hls_lfcd_lds_driver/share/hls_lfcd_lds_driver/launch
[16.825s] -- Installing: /home/simon/Documents/ARO/install/hls_lfcd_lds_driver/share/hls_lfcd_lds_driver/launch/view_hlds_laser.launch.py
[16.825s] -- Installing: /home/simon/Documents/ARO/install/hls_lfcd_lds_driver/share/hls_lfcd_lds_driver/launch/hlds_laser.launch.py
[16.826s] -- Installing: /home/simon/Documents/ARO/install/hls_lfcd_lds_driver/share/hls_lfcd_lds_driver/rviz
[16.826s] -- Installing: /home/simon/Documents/ARO/install/hls_lfcd_lds_driver/share/hls_lfcd_lds_driver/rviz/hlds_laser.rviz
[16.826s] -- Installing: /home/simon/Documents/ARO/install/hls_lfcd_lds_driver/lib/hls_lfcd_lds_driver/hlds_laser_publisher
[16.830s] -- Set runtime path of "/home/simon/Documents/ARO/install/hls_lfcd_lds_driver/lib/hls_lfcd_lds_driver/hlds_laser_publisher" to ""
[16.830s] -- Installing: /home/simon/Documents/ARO/install/hls_lfcd_lds_driver/share/ament_index/resource_index/package_run_dependencies/hls_lfcd_lds_driver
[16.830s] -- Installing: /home/simon/Documents/ARO/install/hls_lfcd_lds_driver/share/ament_index/resource_index/parent_prefix_path/hls_lfcd_lds_driver
[16.830s] -- Installing: /home/simon/Documents/ARO/install/hls_lfcd_lds_driver/share/hls_lfcd_lds_driver/environment/ament_prefix_path.sh
[16.831s] -- Installing: /home/simon/Documents/ARO/install/hls_lfcd_lds_driver/share/hls_lfcd_lds_driver/environment/ament_prefix_path.dsv
[16.831s] -- Installing: /home/simon/Documents/ARO/install/hls_lfcd_lds_driver/share/hls_lfcd_lds_driver/environment/path.sh
[16.831s] -- Installing: /home/simon/Documents/ARO/install/hls_lfcd_lds_driver/share/hls_lfcd_lds_driver/environment/path.dsv
[16.831s] -- Installing: /home/simon/Documents/ARO/install/hls_lfcd_lds_driver/share/hls_lfcd_lds_driver/local_setup.bash
[16.832s] -- Installing: /home/simon/Documents/ARO/install/hls_lfcd_lds_driver/share/hls_lfcd_lds_driver/local_setup.sh
[16.832s] -- Installing: /home/simon/Documents/ARO/install/hls_lfcd_lds_driver/share/hls_lfcd_lds_driver/local_setup.zsh
[16.832s] -- Installing: /home/simon/Documents/ARO/install/hls_lfcd_lds_driver/share/hls_lfcd_lds_driver/local_setup.dsv
[16.832s] -- Installing: /home/simon/Documents/ARO/install/hls_lfcd_lds_driver/share/hls_lfcd_lds_driver/package.dsv
[16.832s] -- Installing: /home/simon/Documents/ARO/install/hls_lfcd_lds_driver/share/ament_index/resource_index/packages/hls_lfcd_lds_driver
[16.833s] -- Installing: /home/simon/Documents/ARO/install/hls_lfcd_lds_driver/share/hls_lfcd_lds_driver/cmake/ament_cmake_export_dependencies-extras.cmake
[16.833s] -- Installing: /home/simon/Documents/ARO/install/hls_lfcd_lds_driver/share/hls_lfcd_lds_driver/cmake/ament_cmake_export_include_directories-extras.cmake
[16.833s] -- Installing: /home/simon/Documents/ARO/install/hls_lfcd_lds_driver/share/hls_lfcd_lds_driver/cmake/hls_lfcd_lds_driverConfig.cmake
[16.833s] -- Installing: /home/simon/Documents/ARO/install/hls_lfcd_lds_driver/share/hls_lfcd_lds_driver/cmake/hls_lfcd_lds_driverConfig-version.cmake
[16.834s] -- Installing: /home/simon/Documents/ARO/install/hls_lfcd_lds_driver/share/hls_lfcd_lds_driver/package.xml
[16.838s] Invoked command in '/home/simon/Documents/ARO/build/hls_lfcd_lds_driver' returned '0': CMAKE_PREFIX_PATH=${CMAKE_PREFIX_PATH}:/home/simon/Documents/ARO/ros2_ws/install/mi_paquete_python:/home/simon/Documents/ARO/ros2_ws/install/launch_testing_examples:/home/simon/Documents/ARO/ros2_ws/install/examples_rclpy_minimal_subscriber:/home/simon/Documents/ARO/ros2_ws/install/examples_rclpy_minimal_service:/home/simon/Documents/ARO/ros2_ws/install/examples_rclpy_minimal_publisher:/home/simon/Documents/ARO/ros2_ws/install/examples_rclpy_minimal_client:/home/simon/Documents/ARO/ros2_ws/install/examples_rclpy_minimal_action_server:/home/simon/Documents/ARO/ros2_ws/install/examples_rclpy_minimal_action_client:/home/simon/Documents/ARO/ros2_ws/src/install/mi_paquete_python:/home/simon/Documents/ARO/ros2_ws/src/install/launch_testing_examples:/home/simon/Documents/ARO/ros2_ws/src/install/examples_rclpy_minimal_subscriber:/home/simon/Documents/ARO/ros2_ws/src/install/examples_rclpy_minimal_service:/home/simon/Documents/ARO/ros2_ws/src/install/examples_rclpy_minimal_publisher:/home/simon/Documents/ARO/ros2_ws/src/install/examples_rclpy_minimal_client:/home/simon/Documents/ARO/ros2_ws/src/install/examples_rclpy_minimal_action_server:/home/simon/Documents/ARO/ros2_ws/src/install/examples_rclpy_minimal_action_client:/home/simon/Documents/ARO/turtlebot3_ws/install/turtlebot3_teleop:/home/simon/Documents/ARO/turtlebot3_ws/install/turtlebot3_example:/opt/ros/humble /usr/bin/cmake --install /home/simon/Documents/ARO/build/hls_lfcd_lds_driver
