[2.518s] Invoking command in '/home/simon/Documents/ARO/ros2_ws/src/build/minimal_interfaces': CMAKE_PREFIX_PATH=${CMAKE_PREFIX_PATH}:/home/simon/Documents/ARO/ros2_ws/src/install/mi_paquete_python:/home/simon/Documents/ARO/ros2_ws/src/install/launch_testing_examples:/home/simon/Documents/ARO/ros2_ws/src/install/examples_rclpy_minimal_subscriber:/home/simon/Documents/ARO/ros2_ws/src/install/examples_rclpy_minimal_service:/home/simon/Documents/ARO/ros2_ws/src/install/examples_rclpy_minimal_publisher:/home/simon/Documents/ARO/ros2_ws/src/install/examples_rclpy_minimal_client:/home/simon/Documents/ARO/ros2_ws/src/install/examples_rclpy_minimal_action_server:/home/simon/Documents/ARO/ros2_ws/src/install/examples_rclpy_minimal_action_client:/home/simon/Documents/ARO/turtlebot3_ws/install/turtlebot3_teleop:/home/simon/Documents/ARO/turtlebot3_ws/install/turtlebot3_example:/opt/ros/humble /usr/bin/cmake /home/simon/Documents/ARO/ros2_ws/src/interfaces/minimal_interfaces -DCMAKE_INSTALL_PREFIX=/home/simon/Documents/ARO/ros2_ws/src/install/minimal_interfaces
[2.636s] -- The C compiler identification is GNU 11.4.0
[2.760s] -- The CXX compiler identification is GNU 11.4.0
[2.776s] -- Detecting C compiler ABI info
[2.937s] -- Detecting C compiler ABI info - done
[2.952s] -- Check for working C compiler: /usr/bin/cc - skipped
[2.953s] -- Detecting C compile features
[2.953s] -- Detecting C compile features - done
[2.960s] -- Detecting CXX compiler ABI info
[3.154s] -- Detecting CXX compiler ABI info - done
[3.159s] -- Check for working CXX compiler: /usr/bin/c++ - skipped
[3.159s] -- Detecting CXX compile features
[3.160s] -- Detecting CXX compile features - done
[3.169s] -- Found ament_cmake: 1.3.5 (/opt/ros/humble/share/ament_cmake/cmake)
[3.485s] -- Found Python3: /usr/bin/python3.10 (found version "3.10.12") found components: Interpreter 
[3.693s] -- Found rosidl_default_generators: 1.2.0 (/opt/ros/humble/share/rosidl_default_generators/cmake)
[3.707s] -- Using all available rosidl_typesupport_c: rosidl_typesupport_fastrtps_c;rosidl_typesupport_introspection_c
[3.732s] -- Found rosidl_adapter: 3.1.5 (/opt/ros/humble/share/rosidl_adapter/cmake)
[3.834s] -- Using all available rosidl_typesupport_cpp: rosidl_typesupport_fastrtps_cpp;rosidl_typesupport_introspection_cpp
[4.336s] -- Found ament_cmake_ros: 0.10.0 (/opt/ros/humble/share/ament_cmake_ros/cmake)
[4.614s] -- Using all available rosidl_typesupport_c: rosidl_typesupport_fastrtps_c;rosidl_typesupport_introspection_c
[4.943s] -- Using all available rosidl_typesupport_cpp: rosidl_typesupport_fastrtps_cpp;rosidl_typesupport_introspection_cpp
[4.972s] -- Found PythonInterp: /usr/bin/python3 (found suitable version "3.10.12", minimum required is "3.6") 
[4.985s] -- Found python_cmake_module: 0.10.0 (/opt/ros/humble/share/python_cmake_module/cmake)
[5.023s] -- Found PythonLibs: /usr/lib/x86_64-linux-gnu/libpython3.10.so (found suitable version "3.10.12", minimum required is "3.5") 
[5.023s] -- Using PYTHON_EXECUTABLE: /usr/bin/python3
[5.023s] -- Using PYTHON_INCLUDE_DIRS: /usr/include/python3.10
[5.023s] -- Using PYTHON_LIBRARIES: /usr/lib/x86_64-linux-gnu/libpython3.10.so
[5.048s] -- Found PythonExtra: .so  
[5.113s] -- Configuring done
[5.145s] -- Generating done
[5.149s] -- Build files have been written to: /home/simon/Documents/ARO/ros2_ws/src/build/minimal_interfaces
[5.160s] Invoked command in '/home/simon/Documents/ARO/ros2_ws/src/build/minimal_interfaces' returned '0': CMAKE_PREFIX_PATH=${CMAKE_PREFIX_PATH}:/home/simon/Documents/ARO/ros2_ws/src/install/mi_paquete_python:/home/simon/Documents/ARO/ros2_ws/src/install/launch_testing_examples:/home/simon/Documents/ARO/ros2_ws/src/install/examples_rclpy_minimal_subscriber:/home/simon/Documents/ARO/ros2_ws/src/install/examples_rclpy_minimal_service:/home/simon/Documents/ARO/ros2_ws/src/install/examples_rclpy_minimal_publisher:/home/simon/Documents/ARO/ros2_ws/src/install/examples_rclpy_minimal_client:/home/simon/Documents/ARO/ros2_ws/src/install/examples_rclpy_minimal_action_server:/home/simon/Documents/ARO/ros2_ws/src/install/examples_rclpy_minimal_action_client:/home/simon/Documents/ARO/turtlebot3_ws/install/turtlebot3_teleop:/home/simon/Documents/ARO/turtlebot3_ws/install/turtlebot3_example:/opt/ros/humble /usr/bin/cmake /home/simon/Documents/ARO/ros2_ws/src/interfaces/minimal_interfaces -DCMAKE_INSTALL_PREFIX=/home/simon/Documents/ARO/ros2_ws/src/install/minimal_interfaces
[5.162s] Invoking command in '/home/simon/Documents/ARO/ros2_ws/src/build/minimal_interfaces': CMAKE_PREFIX_PATH=${CMAKE_PREFIX_PATH}:/home/simon/Documents/ARO/ros2_ws/src/install/mi_paquete_python:/home/simon/Documents/ARO/ros2_ws/src/install/launch_testing_examples:/home/simon/Documents/ARO/ros2_ws/src/install/examples_rclpy_minimal_subscriber:/home/simon/Documents/ARO/ros2_ws/src/install/examples_rclpy_minimal_service:/home/simon/Documents/ARO/ros2_ws/src/install/examples_rclpy_minimal_publisher:/home/simon/Documents/ARO/ros2_ws/src/install/examples_rclpy_minimal_client:/home/simon/Documents/ARO/ros2_ws/src/install/examples_rclpy_minimal_action_server:/home/simon/Documents/ARO/ros2_ws/src/install/examples_rclpy_minimal_action_client:/home/simon/Documents/ARO/turtlebot3_ws/install/turtlebot3_teleop:/home/simon/Documents/ARO/turtlebot3_ws/install/turtlebot3_example:/opt/ros/humble /usr/bin/cmake --build /home/simon/Documents/ARO/ros2_ws/src/build/minimal_interfaces -- -j16 -l16
[5.226s] [  3%] [34m[1mGenerating C code for ROS interfaces[0m
[5.240s] [  6%] [34m[1mGenerating C++ code for ROS interfaces[0m
[5.251s] [  6%] Built target ament_cmake_python_copy_minimal_interfaces
[5.576s] [  9%] [32mBuilding C object CMakeFiles/minimal_interfaces__rosidl_generator_c.dir/rosidl_generator_c/minimal_interfaces/srv/detail/string_service__functions.c.o[0m
[5.586s] [  9%] Built target minimal_interfaces__cpp
[5.603s] [ 12%] [34m[1mGenerating C++ type support for eProsima Fast-RTPS[0m
[5.603s] [ 19%] [34m[1mGenerating C++ introspection for ROS interfaces[0m
[5.603s] [ 19%] [34m[1mGenerating C++ type support dispatch for ROS interfaces[0m
[5.608s] running egg_info
[5.608s] creating minimal_interfaces.egg-info
[5.609s] writing minimal_interfaces.egg-info/PKG-INFO
[5.609s] writing dependency_links to minimal_interfaces.egg-info/dependency_links.txt
[5.609s] writing top-level names to minimal_interfaces.egg-info/top_level.txt
[5.610s] writing manifest file 'minimal_interfaces.egg-info/SOURCES.txt'
[5.613s] reading manifest file 'minimal_interfaces.egg-info/SOURCES.txt'
[5.614s] writing manifest file 'minimal_interfaces.egg-info/SOURCES.txt'
[5.656s] [ 22%] [32m[1mLinking C shared library libminimal_interfaces__rosidl_generator_c.so[0m
[5.659s] [ 22%] Built target ament_cmake_python_build_minimal_interfaces_egg
[5.716s] [ 22%] Built target minimal_interfaces__rosidl_generator_c
[5.732s] [ 29%] [34m[1mGenerating C type support dispatch for ROS interfaces[0m
[5.732s] [ 29%] [34m[1mGenerating C introspection for ROS interfaces[0m
[5.734s] [ 32%] [34m[1mGenerating C type support for eProsima Fast-RTPS[0m
[5.919s] [ 35%] [32mBuilding CXX object CMakeFiles/minimal_interfaces__rosidl_typesupport_cpp.dir/rosidl_typesupport_cpp/minimal_interfaces/srv/string_service__type_support.cpp.o[0m
[5.949s] [ 38%] [32mBuilding CXX object CMakeFiles/minimal_interfaces__rosidl_typesupport_introspection_cpp.dir/rosidl_typesupport_introspection_cpp/minimal_interfaces/srv/detail/string_service__type_support.cpp.o[0m
[5.963s] [ 41%] [32mBuilding CXX object CMakeFiles/minimal_interfaces__rosidl_typesupport_fastrtps_cpp.dir/rosidl_typesupport_fastrtps_cpp/minimal_interfaces/srv/detail/dds_fastrtps/string_service__type_support.cpp.o[0m
[6.076s] [ 48%] [32mBuilding C object CMakeFiles/minimal_interfaces__rosidl_typesupport_introspection_c.dir/rosidl_typesupport_introspection_c/minimal_interfaces/srv/detail/string_service__type_support.c.o[0m
[6.076s] [ 48%] [32mBuilding CXX object CMakeFiles/minimal_interfaces__rosidl_typesupport_c.dir/rosidl_typesupport_c/minimal_interfaces/srv/string_service__type_support.cpp.o[0m
[6.082s] [ 51%] [32mBuilding CXX object CMakeFiles/minimal_interfaces__rosidl_typesupport_fastrtps_c.dir/rosidl_typesupport_fastrtps_c/minimal_interfaces/srv/detail/string_service__type_support_c.cpp.o[0m
[6.125s] [ 54%] [32m[1mLinking CXX shared library libminimal_interfaces__rosidl_typesupport_c.so[0m
[6.130s] [ 58%] [32m[1mLinking C shared library libminimal_interfaces__rosidl_typesupport_introspection_c.so[0m
[6.182s] [ 58%] Built target minimal_interfaces__rosidl_typesupport_introspection_c
[6.189s] [ 58%] Built target minimal_interfaces__rosidl_typesupport_c
[6.276s] [ 61%] [32m[1mLinking CXX shared library libminimal_interfaces__rosidl_typesupport_cpp.so[0m
[6.338s] [ 61%] Built target minimal_interfaces__rosidl_typesupport_cpp
[6.374s] [ 64%] [32m[1mLinking CXX shared library libminimal_interfaces__rosidl_typesupport_introspection_cpp.so[0m
[6.417s] [ 67%] [32m[1mLinking CXX shared library libminimal_interfaces__rosidl_typesupport_fastrtps_cpp.so[0m
[6.465s] [ 67%] Built target minimal_interfaces__rosidl_typesupport_introspection_cpp
[6.497s] [ 70%] [32m[1mLinking CXX shared library libminimal_interfaces__rosidl_typesupport_fastrtps_c.so[0m
[6.529s] [ 70%] Built target minimal_interfaces__rosidl_typesupport_fastrtps_cpp
[6.599s] [ 70%] Built target minimal_interfaces__rosidl_typesupport_fastrtps_c
[6.629s] [ 70%] Built target minimal_interfaces
[6.659s] [ 74%] [34m[1mGenerating Python code for ROS interfaces[0m
[6.996s] [ 74%] Built target minimal_interfaces__py
[7.024s] [ 77%] [32mBuilding C object CMakeFiles/minimal_interfaces__rosidl_generator_py.dir/rosidl_generator_py/minimal_interfaces/srv/_string_service_s.c.o[0m
[7.126s] [ 80%] [32m[1mLinking C shared library rosidl_generator_py/minimal_interfaces/libminimal_interfaces__rosidl_generator_py.so[0m
[7.179s] [ 80%] Built target minimal_interfaces__rosidl_generator_py
[7.205s] [ 87%] [32mBuilding C object CMakeFiles/minimal_interfaces__rosidl_typesupport_fastrtps_c__pyext.dir/rosidl_generator_py/minimal_interfaces/_minimal_interfaces_s.ep.rosidl_typesupport_fastrtps_c.c.o[0m
[7.205s] [ 87%] [32mBuilding C object CMakeFiles/minimal_interfaces__rosidl_typesupport_c__pyext.dir/rosidl_generator_py/minimal_interfaces/_minimal_interfaces_s.ep.rosidl_typesupport_c.c.o[0m
[7.212s] [ 90%] [32mBuilding C object CMakeFiles/minimal_interfaces__rosidl_typesupport_introspection_c__pyext.dir/rosidl_generator_py/minimal_interfaces/_minimal_interfaces_s.ep.rosidl_typesupport_introspection_c.c.o[0m
[7.306s] [ 93%] [32m[1mLinking C shared library rosidl_generator_py/minimal_interfaces/minimal_interfaces_s__rosidl_typesupport_c.cpython-310-x86_64-linux-gnu.so[0m
[7.316s] [ 96%] [32m[1mLinking C shared library rosidl_generator_py/minimal_interfaces/minimal_interfaces_s__rosidl_typesupport_fastrtps_c.cpython-310-x86_64-linux-gnu.so[0m
[7.325s] [100%] [32m[1mLinking C shared library rosidl_generator_py/minimal_interfaces/minimal_interfaces_s__rosidl_typesupport_introspection_c.cpython-310-x86_64-linux-gnu.so[0m
[7.351s] [100%] Built target minimal_interfaces__rosidl_typesupport_c__pyext
[7.360s] [100%] Built target minimal_interfaces__rosidl_typesupport_fastrtps_c__pyext
[7.367s] [100%] Built target minimal_interfaces__rosidl_typesupport_introspection_c__pyext
[7.385s] Invoked command in '/home/simon/Documents/ARO/ros2_ws/src/build/minimal_interfaces' returned '0': CMAKE_PREFIX_PATH=${CMAKE_PREFIX_PATH}:/home/simon/Documents/ARO/ros2_ws/src/install/mi_paquete_python:/home/simon/Documents/ARO/ros2_ws/src/install/launch_testing_examples:/home/simon/Documents/ARO/ros2_ws/src/install/examples_rclpy_minimal_subscriber:/home/simon/Documents/ARO/ros2_ws/src/install/examples_rclpy_minimal_service:/home/simon/Documents/ARO/ros2_ws/src/install/examples_rclpy_minimal_publisher:/home/simon/Documents/ARO/ros2_ws/src/install/examples_rclpy_minimal_client:/home/simon/Documents/ARO/ros2_ws/src/install/examples_rclpy_minimal_action_server:/home/simon/Documents/ARO/ros2_ws/src/install/examples_rclpy_minimal_action_client:/home/simon/Documents/ARO/turtlebot3_ws/install/turtlebot3_teleop:/home/simon/Documents/ARO/turtlebot3_ws/install/turtlebot3_example:/opt/ros/humble /usr/bin/cmake --build /home/simon/Documents/ARO/ros2_ws/src/build/minimal_interfaces -- -j16 -l16
[7.467s] Invoking command in '/home/simon/Documents/ARO/ros2_ws/src/build/minimal_interfaces': CMAKE_PREFIX_PATH=${CMAKE_PREFIX_PATH}:/home/simon/Documents/ARO/ros2_ws/src/install/mi_paquete_python:/home/simon/Documents/ARO/ros2_ws/src/install/launch_testing_examples:/home/simon/Documents/ARO/ros2_ws/src/install/examples_rclpy_minimal_subscriber:/home/simon/Documents/ARO/ros2_ws/src/install/examples_rclpy_minimal_service:/home/simon/Documents/ARO/ros2_ws/src/install/examples_rclpy_minimal_publisher:/home/simon/Documents/ARO/ros2_ws/src/install/examples_rclpy_minimal_client:/home/simon/Documents/ARO/ros2_ws/src/install/examples_rclpy_minimal_action_server:/home/simon/Documents/ARO/ros2_ws/src/install/examples_rclpy_minimal_action_client:/home/simon/Documents/ARO/turtlebot3_ws/install/turtlebot3_teleop:/home/simon/Documents/ARO/turtlebot3_ws/install/turtlebot3_example:/opt/ros/humble /usr/bin/cmake --install /home/simon/Documents/ARO/ros2_ws/src/build/minimal_interfaces
[7.476s] -- Install configuration: ""
[7.477s] -- Installing: /home/simon/Documents/ARO/ros2_ws/src/install/minimal_interfaces/share/ament_index/resource_index/rosidl_interfaces/minimal_interfaces
[7.477s] -- Installing: /home/simon/Documents/ARO/ros2_ws/src/install/minimal_interfaces/include/minimal_interfaces/minimal_interfaces
[7.477s] -- Installing: /home/simon/Documents/ARO/ros2_ws/src/install/minimal_interfaces/include/minimal_interfaces/minimal_interfaces/srv
[7.477s] -- Installing: /home/simon/Documents/ARO/ros2_ws/src/install/minimal_interfaces/include/minimal_interfaces/minimal_interfaces/srv/detail
[7.477s] -- Installing: /home/simon/Documents/ARO/ros2_ws/src/install/minimal_interfaces/include/minimal_interfaces/minimal_interfaces/srv/detail/string_service__functions.c
[7.477s] -- Installing: /home/simon/Documents/ARO/ros2_ws/src/install/minimal_interfaces/include/minimal_interfaces/minimal_interfaces/srv/detail/string_service__struct.h
[7.477s] -- Installing: /home/simon/Documents/ARO/ros2_ws/src/install/minimal_interfaces/include/minimal_interfaces/minimal_interfaces/srv/detail/string_service__type_support.h
[7.477s] -- Installing: /home/simon/Documents/ARO/ros2_ws/src/install/minimal_interfaces/include/minimal_interfaces/minimal_interfaces/srv/detail/string_service__functions.h
[7.477s] -- Installing: /home/simon/Documents/ARO/ros2_ws/src/install/minimal_interfaces/include/minimal_interfaces/minimal_interfaces/srv/string_service.h
[7.477s] -- Installing: /home/simon/Documents/ARO/ros2_ws/src/install/minimal_interfaces/include/minimal_interfaces/minimal_interfaces/msg
[7.477s] -- Installing: /home/simon/Documents/ARO/ros2_ws/src/install/minimal_interfaces/include/minimal_interfaces/minimal_interfaces/msg/rosidl_generator_c__visibility_control.h
[7.477s] -- Installing: /home/simon/Documents/ARO/ros2_ws/src/install/minimal_interfaces/share/minimal_interfaces/environment/library_path.sh
[7.478s] -- Installing: /home/simon/Documents/ARO/ros2_ws/src/install/minimal_interfaces/share/minimal_interfaces/environment/library_path.dsv
[7.478s] -- Installing: /home/simon/Documents/ARO/ros2_ws/src/install/minimal_interfaces/lib/libminimal_interfaces__rosidl_generator_c.so
[7.478s] -- Set runtime path of "/home/simon/Documents/ARO/ros2_ws/src/install/minimal_interfaces/lib/libminimal_interfaces__rosidl_generator_c.so" to ""
[7.478s] -- Up-to-date: /home/simon/Documents/ARO/ros2_ws/src/install/minimal_interfaces/include/minimal_interfaces/minimal_interfaces
[7.478s] -- Up-to-date: /home/simon/Documents/ARO/ros2_ws/src/install/minimal_interfaces/include/minimal_interfaces/minimal_interfaces/srv
[7.478s] -- Up-to-date: /home/simon/Documents/ARO/ros2_ws/src/install/minimal_interfaces/include/minimal_interfaces/minimal_interfaces/srv/detail
[7.478s] -- Installing: /home/simon/Documents/ARO/ros2_ws/src/install/minimal_interfaces/include/minimal_interfaces/minimal_interfaces/srv/detail/string_service__rosidl_typesupport_fastrtps_c.h
[7.479s] -- Up-to-date: /home/simon/Documents/ARO/ros2_ws/src/install/minimal_interfaces/include/minimal_interfaces/minimal_interfaces/msg
[7.479s] -- Installing: /home/simon/Documents/ARO/ros2_ws/src/install/minimal_interfaces/include/minimal_interfaces/minimal_interfaces/msg/rosidl_typesupport_fastrtps_c__visibility_control.h
[7.479s] -- Installing: /home/simon/Documents/ARO/ros2_ws/src/install/minimal_interfaces/lib/libminimal_interfaces__rosidl_typesupport_fastrtps_c.so
[7.479s] -- Set runtime path of "/home/simon/Documents/ARO/ros2_ws/src/install/minimal_interfaces/lib/libminimal_interfaces__rosidl_typesupport_fastrtps_c.so" to ""
[7.479s] -- Up-to-date: /home/simon/Documents/ARO/ros2_ws/src/install/minimal_interfaces/include/minimal_interfaces/minimal_interfaces
[7.479s] -- Up-to-date: /home/simon/Documents/ARO/ros2_ws/src/install/minimal_interfaces/include/minimal_interfaces/minimal_interfaces/srv
[7.479s] -- Up-to-date: /home/simon/Documents/ARO/ros2_ws/src/install/minimal_interfaces/include/minimal_interfaces/minimal_interfaces/srv/detail
[7.479s] -- Installing: /home/simon/Documents/ARO/ros2_ws/src/install/minimal_interfaces/include/minimal_interfaces/minimal_interfaces/srv/detail/string_service__type_support.c
[7.479s] -- Installing: /home/simon/Documents/ARO/ros2_ws/src/install/minimal_interfaces/include/minimal_interfaces/minimal_interfaces/srv/detail/string_service__rosidl_typesupport_introspection_c.h
[7.479s] -- Up-to-date: /home/simon/Documents/ARO/ros2_ws/src/install/minimal_interfaces/include/minimal_interfaces/minimal_interfaces/msg
[7.480s] -- Installing: /home/simon/Documents/ARO/ros2_ws/src/install/minimal_interfaces/include/minimal_interfaces/minimal_interfaces/msg/rosidl_typesupport_introspection_c__visibility_control.h
[7.480s] -- Installing: /home/simon/Documents/ARO/ros2_ws/src/install/minimal_interfaces/lib/libminimal_interfaces__rosidl_typesupport_introspection_c.so
[7.480s] -- Set runtime path of "/home/simon/Documents/ARO/ros2_ws/src/install/minimal_interfaces/lib/libminimal_interfaces__rosidl_typesupport_introspection_c.so" to ""
[7.480s] -- Installing: /home/simon/Documents/ARO/ros2_ws/src/install/minimal_interfaces/lib/libminimal_interfaces__rosidl_typesupport_c.so
[7.480s] -- Set runtime path of "/home/simon/Documents/ARO/ros2_ws/src/install/minimal_interfaces/lib/libminimal_interfaces__rosidl_typesupport_c.so" to ""
[7.480s] -- Up-to-date: /home/simon/Documents/ARO/ros2_ws/src/install/minimal_interfaces/include/minimal_interfaces/minimal_interfaces
[7.480s] -- Up-to-date: /home/simon/Documents/ARO/ros2_ws/src/install/minimal_interfaces/include/minimal_interfaces/minimal_interfaces/srv
[7.481s] -- Installing: /home/simon/Documents/ARO/ros2_ws/src/install/minimal_interfaces/include/minimal_interfaces/minimal_interfaces/srv/string_service.hpp
[7.481s] -- Up-to-date: /home/simon/Documents/ARO/ros2_ws/src/install/minimal_interfaces/include/minimal_interfaces/minimal_interfaces/srv/detail
[7.481s] -- Installing: /home/simon/Documents/ARO/ros2_ws/src/install/minimal_interfaces/include/minimal_interfaces/minimal_interfaces/srv/detail/string_service__builder.hpp
[7.481s] -- Installing: /home/simon/Documents/ARO/ros2_ws/src/install/minimal_interfaces/include/minimal_interfaces/minimal_interfaces/srv/detail/string_service__struct.hpp
[7.481s] -- Installing: /home/simon/Documents/ARO/ros2_ws/src/install/minimal_interfaces/include/minimal_interfaces/minimal_interfaces/srv/detail/string_service__traits.hpp
[7.481s] -- Up-to-date: /home/simon/Documents/ARO/ros2_ws/src/install/minimal_interfaces/include/minimal_interfaces/minimal_interfaces
[7.481s] -- Up-to-date: /home/simon/Documents/ARO/ros2_ws/src/install/minimal_interfaces/include/minimal_interfaces/minimal_interfaces/srv
[7.481s] -- Up-to-date: /home/simon/Documents/ARO/ros2_ws/src/install/minimal_interfaces/include/minimal_interfaces/minimal_interfaces/srv/detail
[7.481s] -- Installing: /home/simon/Documents/ARO/ros2_ws/src/install/minimal_interfaces/include/minimal_interfaces/minimal_interfaces/srv/detail/dds_fastrtps
[7.481s] -- Installing: /home/simon/Documents/ARO/ros2_ws/src/install/minimal_interfaces/include/minimal_interfaces/minimal_interfaces/srv/detail/string_service__rosidl_typesupport_fastrtps_cpp.hpp
[7.481s] -- Up-to-date: /home/simon/Documents/ARO/ros2_ws/src/install/minimal_interfaces/include/minimal_interfaces/minimal_interfaces/msg
[7.481s] -- Installing: /home/simon/Documents/ARO/ros2_ws/src/install/minimal_interfaces/include/minimal_interfaces/minimal_interfaces/msg/rosidl_typesupport_fastrtps_cpp__visibility_control.h
[7.481s] -- Installing: /home/simon/Documents/ARO/ros2_ws/src/install/minimal_interfaces/lib/libminimal_interfaces__rosidl_typesupport_fastrtps_cpp.so
[7.482s] -- Set runtime path of "/home/simon/Documents/ARO/ros2_ws/src/install/minimal_interfaces/lib/libminimal_interfaces__rosidl_typesupport_fastrtps_cpp.so" to ""
[7.482s] -- Up-to-date: /home/simon/Documents/ARO/ros2_ws/src/install/minimal_interfaces/include/minimal_interfaces/minimal_interfaces
[7.482s] -- Up-to-date: /home/simon/Documents/ARO/ros2_ws/src/install/minimal_interfaces/include/minimal_interfaces/minimal_interfaces/srv
[7.482s] -- Up-to-date: /home/simon/Documents/ARO/ros2_ws/src/install/minimal_interfaces/include/minimal_interfaces/minimal_interfaces/srv/detail
[7.482s] -- Installing: /home/simon/Documents/ARO/ros2_ws/src/install/minimal_interfaces/include/minimal_interfaces/minimal_interfaces/srv/detail/string_service__type_support.cpp
[7.483s] -- Installing: /home/simon/Documents/ARO/ros2_ws/src/install/minimal_interfaces/include/minimal_interfaces/minimal_interfaces/srv/detail/string_service__rosidl_typesupport_introspection_cpp.hpp
[7.483s] -- Installing: /home/simon/Documents/ARO/ros2_ws/src/install/minimal_interfaces/lib/libminimal_interfaces__rosidl_typesupport_introspection_cpp.so
[7.483s] -- Set runtime path of "/home/simon/Documents/ARO/ros2_ws/src/install/minimal_interfaces/lib/libminimal_interfaces__rosidl_typesupport_introspection_cpp.so" to ""
[7.483s] -- Installing: /home/simon/Documents/ARO/ros2_ws/src/install/minimal_interfaces/lib/libminimal_interfaces__rosidl_typesupport_cpp.so
[7.483s] -- Set runtime path of "/home/simon/Documents/ARO/ros2_ws/src/install/minimal_interfaces/lib/libminimal_interfaces__rosidl_typesupport_cpp.so" to ""
[7.484s] -- Installing: /home/simon/Documents/ARO/ros2_ws/src/install/minimal_interfaces/share/minimal_interfaces/environment/pythonpath.sh
[7.484s] -- Installing: /home/simon/Documents/ARO/ros2_ws/src/install/minimal_interfaces/share/minimal_interfaces/environment/pythonpath.dsv
[7.484s] -- Installing: /home/simon/Documents/ARO/ros2_ws/src/install/minimal_interfaces/local/lib/python3.10/dist-packages/minimal_interfaces-0.0.0-py3.10.egg-info
[7.484s] -- Installing: /home/simon/Documents/ARO/ros2_ws/src/install/minimal_interfaces/local/lib/python3.10/dist-packages/minimal_interfaces-0.0.0-py3.10.egg-info/dependency_links.txt
[7.484s] -- Installing: /home/simon/Documents/ARO/ros2_ws/src/install/minimal_interfaces/local/lib/python3.10/dist-packages/minimal_interfaces-0.0.0-py3.10.egg-info/PKG-INFO
[7.485s] -- Installing: /home/simon/Documents/ARO/ros2_ws/src/install/minimal_interfaces/local/lib/python3.10/dist-packages/minimal_interfaces-0.0.0-py3.10.egg-info/top_level.txt
[7.485s] -- Installing: /home/simon/Documents/ARO/ros2_ws/src/install/minimal_interfaces/local/lib/python3.10/dist-packages/minimal_interfaces-0.0.0-py3.10.egg-info/SOURCES.txt
[7.485s] -- Installing: /home/simon/Documents/ARO/ros2_ws/src/install/minimal_interfaces/local/lib/python3.10/dist-packages/minimal_interfaces
[7.485s] -- Installing: /home/simon/Documents/ARO/ros2_ws/src/install/minimal_interfaces/local/lib/python3.10/dist-packages/minimal_interfaces/minimal_interfaces_s__rosidl_typesupport_c.cpython-310-x86_64-linux-gnu.so
[7.485s] -- Installing: /home/simon/Documents/ARO/ros2_ws/src/install/minimal_interfaces/local/lib/python3.10/dist-packages/minimal_interfaces/srv
[7.485s] -- Installing: /home/simon/Documents/ARO/ros2_ws/src/install/minimal_interfaces/local/lib/python3.10/dist-packages/minimal_interfaces/srv/__init__.py
[7.485s] -- Installing: /home/simon/Documents/ARO/ros2_ws/src/install/minimal_interfaces/local/lib/python3.10/dist-packages/minimal_interfaces/srv/_string_service_s.c
[7.486s] -- Installing: /home/simon/Documents/ARO/ros2_ws/src/install/minimal_interfaces/local/lib/python3.10/dist-packages/minimal_interfaces/srv/_string_service.py
[7.486s] -- Installing: /home/simon/Documents/ARO/ros2_ws/src/install/minimal_interfaces/local/lib/python3.10/dist-packages/minimal_interfaces/__init__.py
[7.486s] -- Installing: /home/simon/Documents/ARO/ros2_ws/src/install/minimal_interfaces/local/lib/python3.10/dist-packages/minimal_interfaces/_minimal_interfaces_s.ep.rosidl_typesupport_fastrtps_c.c
[7.486s] -- Installing: /home/simon/Documents/ARO/ros2_ws/src/install/minimal_interfaces/local/lib/python3.10/dist-packages/minimal_interfaces/minimal_interfaces_s__rosidl_typesupport_fastrtps_c.cpython-310-x86_64-linux-gnu.so
[7.486s] -- Installing: /home/simon/Documents/ARO/ros2_ws/src/install/minimal_interfaces/local/lib/python3.10/dist-packages/minimal_interfaces/libminimal_interfaces__rosidl_generator_py.so
[7.487s] -- Installing: /home/simon/Documents/ARO/ros2_ws/src/install/minimal_interfaces/local/lib/python3.10/dist-packages/minimal_interfaces/_minimal_interfaces_s.ep.rosidl_typesupport_c.c
[7.487s] -- Installing: /home/simon/Documents/ARO/ros2_ws/src/install/minimal_interfaces/local/lib/python3.10/dist-packages/minimal_interfaces/minimal_interfaces_s__rosidl_typesupport_introspection_c.cpython-310-x86_64-linux-gnu.so
[7.487s] -- Installing: /home/simon/Documents/ARO/ros2_ws/src/install/minimal_interfaces/local/lib/python3.10/dist-packages/minimal_interfaces/_minimal_interfaces_s.ep.rosidl_typesupport_introspection_c.c
[7.523s] Listing '/home/simon/Documents/ARO/ros2_ws/src/install/minimal_interfaces/local/lib/python3.10/dist-packages/minimal_interfaces'...
[7.523s] Compiling '/home/simon/Documents/ARO/ros2_ws/src/install/minimal_interfaces/local/lib/python3.10/dist-packages/minimal_interfaces/__init__.py'...
[7.523s] Listing '/home/simon/Documents/ARO/ros2_ws/src/install/minimal_interfaces/local/lib/python3.10/dist-packages/minimal_interfaces/srv'...
[7.523s] Compiling '/home/simon/Documents/ARO/ros2_ws/src/install/minimal_interfaces/local/lib/python3.10/dist-packages/minimal_interfaces/srv/__init__.py'...
[7.523s] Compiling '/home/simon/Documents/ARO/ros2_ws/src/install/minimal_interfaces/local/lib/python3.10/dist-packages/minimal_interfaces/srv/_string_service.py'...
[7.527s] -- Installing: /home/simon/Documents/ARO/ros2_ws/src/install/minimal_interfaces/local/lib/python3.10/dist-packages/minimal_interfaces/minimal_interfaces_s__rosidl_typesupport_fastrtps_c.cpython-310-x86_64-linux-gnu.so
[7.528s] -- Set runtime path of "/home/simon/Documents/ARO/ros2_ws/src/install/minimal_interfaces/local/lib/python3.10/dist-packages/minimal_interfaces/minimal_interfaces_s__rosidl_typesupport_fastrtps_c.cpython-310-x86_64-linux-gnu.so" to ""
[7.528s] -- Installing: /home/simon/Documents/ARO/ros2_ws/src/install/minimal_interfaces/local/lib/python3.10/dist-packages/minimal_interfaces/minimal_interfaces_s__rosidl_typesupport_introspection_c.cpython-310-x86_64-linux-gnu.so
[7.529s] -- Set runtime path of "/home/simon/Documents/ARO/ros2_ws/src/install/minimal_interfaces/local/lib/python3.10/dist-packages/minimal_interfaces/minimal_interfaces_s__rosidl_typesupport_introspection_c.cpython-310-x86_64-linux-gnu.so" to ""
[7.529s] -- Installing: /home/simon/Documents/ARO/ros2_ws/src/install/minimal_interfaces/local/lib/python3.10/dist-packages/minimal_interfaces/minimal_interfaces_s__rosidl_typesupport_c.cpython-310-x86_64-linux-gnu.so
[7.529s] -- Set runtime path of "/home/simon/Documents/ARO/ros2_ws/src/install/minimal_interfaces/local/lib/python3.10/dist-packages/minimal_interfaces/minimal_interfaces_s__rosidl_typesupport_c.cpython-310-x86_64-linux-gnu.so" to ""
[7.530s] -- Installing: /home/simon/Documents/ARO/ros2_ws/src/install/minimal_interfaces/lib/libminimal_interfaces__rosidl_generator_py.so
[7.530s] -- Set runtime path of "/home/simon/Documents/ARO/ros2_ws/src/install/minimal_interfaces/lib/libminimal_interfaces__rosidl_generator_py.so" to ""
[7.530s] -- Installing: /home/simon/Documents/ARO/ros2_ws/src/install/minimal_interfaces/share/minimal_interfaces/srv/StringService.idl
[7.531s] -- Installing: /home/simon/Documents/ARO/ros2_ws/src/install/minimal_interfaces/share/minimal_interfaces/srv/StringService.srv
[7.531s] -- Installing: /home/simon/Documents/ARO/ros2_ws/src/install/minimal_interfaces/share/minimal_interfaces/srv/StringService_Request.msg
[7.531s] -- Installing: /home/simon/Documents/ARO/ros2_ws/src/install/minimal_interfaces/share/minimal_interfaces/srv/StringService_Response.msg
[7.531s] -- Installing: /home/simon/Documents/ARO/ros2_ws/src/install/minimal_interfaces/share/ament_index/resource_index/package_run_dependencies/minimal_interfaces
[7.531s] -- Installing: /home/simon/Documents/ARO/ros2_ws/src/install/minimal_interfaces/share/ament_index/resource_index/parent_prefix_path/minimal_interfaces
[7.531s] -- Installing: /home/simon/Documents/ARO/ros2_ws/src/install/minimal_interfaces/share/minimal_interfaces/environment/ament_prefix_path.sh
[7.531s] -- Installing: /home/simon/Documents/ARO/ros2_ws/src/install/minimal_interfaces/share/minimal_interfaces/environment/ament_prefix_path.dsv
[7.531s] -- Installing: /home/simon/Documents/ARO/ros2_ws/src/install/minimal_interfaces/share/minimal_interfaces/environment/path.sh
[7.531s] -- Installing: /home/simon/Documents/ARO/ros2_ws/src/install/minimal_interfaces/share/minimal_interfaces/environment/path.dsv
[7.531s] -- Installing: /home/simon/Documents/ARO/ros2_ws/src/install/minimal_interfaces/share/minimal_interfaces/local_setup.bash
[7.532s] -- Installing: /home/simon/Documents/ARO/ros2_ws/src/install/minimal_interfaces/share/minimal_interfaces/local_setup.sh
[7.532s] -- Installing: /home/simon/Documents/ARO/ros2_ws/src/install/minimal_interfaces/share/minimal_interfaces/local_setup.zsh
[7.532s] -- Installing: /home/simon/Documents/ARO/ros2_ws/src/install/minimal_interfaces/share/minimal_interfaces/local_setup.dsv
[7.532s] -- Installing: /home/simon/Documents/ARO/ros2_ws/src/install/minimal_interfaces/share/minimal_interfaces/package.dsv
[7.532s] -- Installing: /home/simon/Documents/ARO/ros2_ws/src/install/minimal_interfaces/share/ament_index/resource_index/packages/minimal_interfaces
[7.532s] -- Installing: /home/simon/Documents/ARO/ros2_ws/src/install/minimal_interfaces/share/minimal_interfaces/cmake/export_minimal_interfaces__rosidl_generator_cExport.cmake
[7.532s] -- Installing: /home/simon/Documents/ARO/ros2_ws/src/install/minimal_interfaces/share/minimal_interfaces/cmake/export_minimal_interfaces__rosidl_generator_cExport-noconfig.cmake
[7.532s] -- Installing: /home/simon/Documents/ARO/ros2_ws/src/install/minimal_interfaces/share/minimal_interfaces/cmake/export_minimal_interfaces__rosidl_typesupport_fastrtps_cExport.cmake
[7.532s] -- Installing: /home/simon/Documents/ARO/ros2_ws/src/install/minimal_interfaces/share/minimal_interfaces/cmake/export_minimal_interfaces__rosidl_typesupport_fastrtps_cExport-noconfig.cmake
[7.533s] -- Installing: /home/simon/Documents/ARO/ros2_ws/src/install/minimal_interfaces/share/minimal_interfaces/cmake/minimal_interfaces__rosidl_typesupport_introspection_cExport.cmake
[7.533s] -- Installing: /home/simon/Documents/ARO/ros2_ws/src/install/minimal_interfaces/share/minimal_interfaces/cmake/minimal_interfaces__rosidl_typesupport_introspection_cExport-noconfig.cmake
[7.533s] -- Installing: /home/simon/Documents/ARO/ros2_ws/src/install/minimal_interfaces/share/minimal_interfaces/cmake/minimal_interfaces__rosidl_typesupport_cExport.cmake
[7.533s] -- Installing: /home/simon/Documents/ARO/ros2_ws/src/install/minimal_interfaces/share/minimal_interfaces/cmake/minimal_interfaces__rosidl_typesupport_cExport-noconfig.cmake
[7.533s] -- Installing: /home/simon/Documents/ARO/ros2_ws/src/install/minimal_interfaces/share/minimal_interfaces/cmake/export_minimal_interfaces__rosidl_generator_cppExport.cmake
[7.533s] -- Installing: /home/simon/Documents/ARO/ros2_ws/src/install/minimal_interfaces/share/minimal_interfaces/cmake/export_minimal_interfaces__rosidl_typesupport_fastrtps_cppExport.cmake
[7.533s] -- Installing: /home/simon/Documents/ARO/ros2_ws/src/install/minimal_interfaces/share/minimal_interfaces/cmake/export_minimal_interfaces__rosidl_typesupport_fastrtps_cppExport-noconfig.cmake
[7.534s] -- Installing: /home/simon/Documents/ARO/ros2_ws/src/install/minimal_interfaces/share/minimal_interfaces/cmake/minimal_interfaces__rosidl_typesupport_introspection_cppExport.cmake
[7.534s] -- Installing: /home/simon/Documents/ARO/ros2_ws/src/install/minimal_interfaces/share/minimal_interfaces/cmake/minimal_interfaces__rosidl_typesupport_introspection_cppExport-noconfig.cmake
[7.534s] -- Installing: /home/simon/Documents/ARO/ros2_ws/src/install/minimal_interfaces/share/minimal_interfaces/cmake/minimal_interfaces__rosidl_typesupport_cppExport.cmake
[7.534s] -- Installing: /home/simon/Documents/ARO/ros2_ws/src/install/minimal_interfaces/share/minimal_interfaces/cmake/minimal_interfaces__rosidl_typesupport_cppExport-noconfig.cmake
[7.534s] -- Installing: /home/simon/Documents/ARO/ros2_ws/src/install/minimal_interfaces/share/minimal_interfaces/cmake/export_minimal_interfaces__rosidl_generator_pyExport.cmake
[7.534s] -- Installing: /home/simon/Documents/ARO/ros2_ws/src/install/minimal_interfaces/share/minimal_interfaces/cmake/export_minimal_interfaces__rosidl_generator_pyExport-noconfig.cmake
[7.535s] -- Installing: /home/simon/Documents/ARO/ros2_ws/src/install/minimal_interfaces/share/minimal_interfaces/cmake/rosidl_cmake-extras.cmake
[7.535s] -- Installing: /home/simon/Documents/ARO/ros2_ws/src/install/minimal_interfaces/share/minimal_interfaces/cmake/ament_cmake_export_include_directories-extras.cmake
[7.535s] -- Installing: /home/simon/Documents/ARO/ros2_ws/src/install/minimal_interfaces/share/minimal_interfaces/cmake/ament_cmake_export_libraries-extras.cmake
[7.535s] -- Installing: /home/simon/Documents/ARO/ros2_ws/src/install/minimal_interfaces/share/minimal_interfaces/cmake/ament_cmake_export_targets-extras.cmake
[7.535s] -- Installing: /home/simon/Documents/ARO/ros2_ws/src/install/minimal_interfaces/share/minimal_interfaces/cmake/rosidl_cmake_export_typesupport_targets-extras.cmake
[7.535s] -- Installing: /home/simon/Documents/ARO/ros2_ws/src/install/minimal_interfaces/share/minimal_interfaces/cmake/ament_cmake_export_dependencies-extras.cmake
[7.535s] -- Installing: /home/simon/Documents/ARO/ros2_ws/src/install/minimal_interfaces/share/minimal_interfaces/cmake/rosidl_cmake_export_typesupport_libraries-extras.cmake
[7.536s] -- Installing: /home/simon/Documents/ARO/ros2_ws/src/install/minimal_interfaces/share/minimal_interfaces/cmake/minimal_interfacesConfig.cmake
[7.536s] -- Installing: /home/simon/Documents/ARO/ros2_ws/src/install/minimal_interfaces/share/minimal_interfaces/cmake/minimal_interfacesConfig-version.cmake
[7.536s] -- Installing: /home/simon/Documents/ARO/ros2_ws/src/install/minimal_interfaces/share/minimal_interfaces/package.xml
[7.539s] Invoked command in '/home/simon/Documents/ARO/ros2_ws/src/build/minimal_interfaces' returned '0': CMAKE_PREFIX_PATH=${CMAKE_PREFIX_PATH}:/home/simon/Documents/ARO/ros2_ws/src/install/mi_paquete_python:/home/simon/Documents/ARO/ros2_ws/src/install/launch_testing_examples:/home/simon/Documents/ARO/ros2_ws/src/install/examples_rclpy_minimal_subscriber:/home/simon/Documents/ARO/ros2_ws/src/install/examples_rclpy_minimal_service:/home/simon/Documents/ARO/ros2_ws/src/install/examples_rclpy_minimal_publisher:/home/simon/Documents/ARO/ros2_ws/src/install/examples_rclpy_minimal_client:/home/simon/Documents/ARO/ros2_ws/src/install/examples_rclpy_minimal_action_server:/home/simon/Documents/ARO/ros2_ws/src/install/examples_rclpy_minimal_action_client:/home/simon/Documents/ARO/turtlebot3_ws/install/turtlebot3_teleop:/home/simon/Documents/ARO/turtlebot3_ws/install/turtlebot3_example:/opt/ros/humble /usr/bin/cmake --install /home/simon/Documents/ARO/ros2_ws/src/build/minimal_interfaces
