[4.431s] Invoking command in '/home/simon/Documents/ARO/ros2_ws/src/project': PYTHONPATH=/home/simon/Documents/ARO/ros2_ws/build/project/prefix_override:/home/simon/Documents/ARO/ros2_ws/install/project/lib/python3.10/site-packages:${PYTHONPATH} /usr/bin/python3 setup.py egg_info --egg-base ../../build/project build --build-base /home/simon/Documents/ARO/ros2_ws/build/project/build install --record /home/simon/Documents/ARO/ros2_ws/build/project/install.log --single-version-externally-managed
[5.022s] running egg_info
[5.024s] creating ../../build/project/project.egg-info
[5.027s] writing ../../build/project/project.egg-info/PKG-INFO
[5.027s] writing dependency_links to ../../build/project/project.egg-info/dependency_links.txt
[5.027s] writing entry points to ../../build/project/project.egg-info/entry_points.txt
[5.027s] writing requirements to ../../build/project/project.egg-info/requires.txt
[5.028s] writing top-level names to ../../build/project/project.egg-info/top_level.txt
[5.029s] writing manifest file '../../build/project/project.egg-info/SOURCES.txt'
[5.030s] reading manifest file '../../build/project/project.egg-info/SOURCES.txt'
[5.030s] writing manifest file '../../build/project/project.egg-info/SOURCES.txt'
[5.030s] running build
[5.030s] running build_py
[5.030s] creating /home/simon/Documents/ARO/ros2_ws/build/project/build
[5.030s] creating /home/simon/Documents/ARO/ros2_ws/build/project/build/lib
[5.030s] creating /home/simon/Documents/ARO/ros2_ws/build/project/build/lib/project
[5.030s] copying project/service_server.py -> /home/simon/Documents/ARO/ros2_ws/build/project/build/lib/project
[5.030s] copying project/__init__.py -> /home/simon/Documents/ARO/ros2_ws/build/project/build/lib/project
[5.030s] copying project/test_client.py -> /home/simon/Documents/ARO/ros2_ws/build/project/build/lib/project
[5.030s] running install
[5.030s] running install_lib
[5.031s] creating /home/simon/Documents/ARO/ros2_ws/install/project/lib/python3.10/site-packages/project
[5.031s] copying /home/simon/Documents/ARO/ros2_ws/build/project/build/lib/project/service_server.py -> /home/simon/Documents/ARO/ros2_ws/install/project/lib/python3.10/site-packages/project
[5.031s] copying /home/simon/Documents/ARO/ros2_ws/build/project/build/lib/project/__init__.py -> /home/simon/Documents/ARO/ros2_ws/install/project/lib/python3.10/site-packages/project
[5.031s] copying /home/simon/Documents/ARO/ros2_ws/build/project/build/lib/project/test_client.py -> /home/simon/Documents/ARO/ros2_ws/install/project/lib/python3.10/site-packages/project
[5.031s] byte-compiling /home/simon/Documents/ARO/ros2_ws/install/project/lib/python3.10/site-packages/project/service_server.py to service_server.cpython-310.pyc
[5.031s] byte-compiling /home/simon/Documents/ARO/ros2_ws/install/project/lib/python3.10/site-packages/project/__init__.py to __init__.cpython-310.pyc
[5.032s] byte-compiling /home/simon/Documents/ARO/ros2_ws/install/project/lib/python3.10/site-packages/project/test_client.py to test_client.cpython-310.pyc
[5.032s] running install_data
[5.032s] creating /home/simon/Documents/ARO/ros2_ws/install/project/share/ament_index
[5.032s] creating /home/simon/Documents/ARO/ros2_ws/install/project/share/ament_index/resource_index
[5.032s] creating /home/simon/Documents/ARO/ros2_ws/install/project/share/ament_index/resource_index/packages
[5.032s] copying resource/project -> /home/simon/Documents/ARO/ros2_ws/install/project/share/ament_index/resource_index/packages
[5.032s] copying package.xml -> /home/simon/Documents/ARO/ros2_ws/install/project/share/project
[5.033s] running install_egg_info
[5.035s] Copying ../../build/project/project.egg-info to /home/simon/Documents/ARO/ros2_ws/install/project/lib/python3.10/site-packages/project-0.0.0-py3.10.egg-info
[5.035s] running install_scripts
[5.062s] Installing service_server script to /home/simon/Documents/ARO/ros2_ws/install/project/lib/project
[5.062s] Installing test_client script to /home/simon/Documents/ARO/ros2_ws/install/project/lib/project
[5.062s] writing list of installed files to '/home/simon/Documents/ARO/ros2_ws/build/project/install.log'
[5.503s] Invoked command in '/home/simon/Documents/ARO/ros2_ws/src/project' returned '0': PYTHONPATH=/home/simon/Documents/ARO/ros2_ws/build/project/prefix_override:/home/simon/Documents/ARO/ros2_ws/install/project/lib/python3.10/site-packages:${PYTHONPATH} /usr/bin/python3 setup.py egg_info --egg-base ../../build/project build --build-base /home/simon/Documents/ARO/ros2_ws/build/project/build install --record /home/simon/Documents/ARO/ros2_ws/build/project/install.log --single-version-externally-managed
