[0.814s] Invoking command in '/home/simon/Documents/ARO/ros2_ws/src/mi_paquete_python': PYTHONPATH=/home/simon/Documents/ARO/ros2_ws/build/mi_paquete_python/prefix_override:/home/simon/Documents/ARO/ros2_ws/install/mi_paquete_python/lib/python3.10/site-packages:${PYTHONPATH} /usr/bin/python3 setup.py egg_info --egg-base ../../build/mi_paquete_python build --build-base /home/simon/Documents/ARO/ros2_ws/build/mi_paquete_python/build install --record /home/simon/Documents/ARO/ros2_ws/build/mi_paquete_python/install.log --single-version-externally-managed
[1.061s] running egg_info
[1.062s] writing ../../build/mi_paquete_python/mi_paquete_python.egg-info/PKG-INFO
[1.062s] writing dependency_links to ../../build/mi_paquete_python/mi_paquete_python.egg-info/dependency_links.txt
[1.062s] writing entry points to ../../build/mi_paquete_python/mi_paquete_python.egg-info/entry_points.txt
[1.062s] writing requirements to ../../build/mi_paquete_python/mi_paquete_python.egg-info/requires.txt
[1.063s] writing top-level names to ../../build/mi_paquete_python/mi_paquete_python.egg-info/top_level.txt
[1.064s] reading manifest file '../../build/mi_paquete_python/mi_paquete_python.egg-info/SOURCES.txt'
[1.065s] writing manifest file '../../build/mi_paquete_python/mi_paquete_python.egg-info/SOURCES.txt'
[1.065s] running build
[1.065s] running build_py
[1.065s] running install
[1.066s] running install_lib
[1.068s] running install_data
[1.068s] running install_egg_info
[1.069s] removing '/home/simon/Documents/ARO/ros2_ws/install/mi_paquete_python/lib/python3.10/site-packages/mi_paquete_python-0.0.0-py3.10.egg-info' (and everything under it)
[1.070s] Copying ../../build/mi_paquete_python/mi_paquete_python.egg-info to /home/simon/Documents/ARO/ros2_ws/install/mi_paquete_python/lib/python3.10/site-packages/mi_paquete_python-0.0.0-py3.10.egg-info
[1.070s] running install_scripts
[1.089s] Installing add_three_ints_client script to /home/simon/Documents/ARO/ros2_ws/install/mi_paquete_python/lib/mi_paquete_python
[1.089s] Installing add_three_ints_server script to /home/simon/Documents/ARO/ros2_ws/install/mi_paquete_python/lib/mi_paquete_python
[1.089s] Installing circle_action_client script to /home/simon/Documents/ARO/ros2_ws/install/mi_paquete_python/lib/mi_paquete_python
[1.090s] Installing circle_action_server script to /home/simon/Documents/ARO/ros2_ws/install/mi_paquete_python/lib/mi_paquete_python
[1.090s] Installing minimal_param_node script to /home/simon/Documents/ARO/ros2_ws/install/mi_paquete_python/lib/mi_paquete_python
[1.090s] Installing move_donatello script to /home/simon/Documents/ARO/ros2_ws/install/mi_paquete_python/lib/mi_paquete_python
[1.090s] Installing move_leonardo script to /home/simon/Documents/ARO/ros2_ws/install/mi_paquete_python/lib/mi_paquete_python
[1.090s] Installing move_michelangelo script to /home/simon/Documents/ARO/ros2_ws/install/mi_paquete_python/lib/mi_paquete_python
[1.090s] Installing move_turtle script to /home/simon/Documents/ARO/ros2_ws/install/mi_paquete_python/lib/mi_paquete_python
[1.091s] Installing move_turtle_client script to /home/simon/Documents/ARO/ros2_ws/install/mi_paquete_python/lib/mi_paquete_python
[1.091s] Installing position_logger script to /home/simon/Documents/ARO/ros2_ws/install/mi_paquete_python/lib/mi_paquete_python
[1.091s] Installing robot_news_station script to /home/simon/Documents/ARO/ros2_ws/install/mi_paquete_python/lib/mi_paquete_python
[1.091s] Installing safe_zone_controller script to /home/simon/Documents/ARO/ros2_ws/install/mi_paquete_python/lib/mi_paquete_python
[1.091s] Installing smartphone script to /home/simon/Documents/ARO/ros2_ws/install/mi_paquete_python/lib/mi_paquete_python
[1.091s] Installing turtle_controller script to /home/simon/Documents/ARO/ros2_ws/install/mi_paquete_python/lib/mi_paquete_python
[1.091s] writing list of installed files to '/home/simon/Documents/ARO/ros2_ws/build/mi_paquete_python/install.log'
[1.123s] Invoked command in '/home/simon/Documents/ARO/ros2_ws/src/mi_paquete_python' returned '0': PYTHONPATH=/home/simon/Documents/ARO/ros2_ws/build/mi_paquete_python/prefix_override:/home/simon/Documents/ARO/ros2_ws/install/mi_paquete_python/lib/python3.10/site-packages:${PYTHONPATH} /usr/bin/python3 setup.py egg_info --egg-base ../../build/mi_paquete_python build --build-base /home/simon/Documents/ARO/ros2_ws/build/mi_paquete_python/build install --record /home/simon/Documents/ARO/ros2_ws/build/mi_paquete_python/install.log --single-version-externally-managed
