[0.045s] Invoking command in '/home/simon/Documents/ARO/turtlebot3_ws/build/turtlebot3_description': CMAKE_PREFIX_PATH=/opt/ros/humble /usr/bin/cmake /home/simon/Documents/ARO/turtlebot3_ws/src/turtlebot3/turtlebot3/turtlebot3_description -DAMENT_CMAKE_SYMLINK_INSTALL=1 -DCMAKE_INSTALL_PREFIX=/home/simon/Documents/ARO/turtlebot3_ws/install/turtlebot3_description
[0.067s] -- Found ament_cmake: 1.3.5 (/opt/ros/humble/share/ament_cmake/cmake)
[0.357s] -- Found Python3: /usr/bin/python3.10 (found version "3.10.12") found components: Interpreter 
[0.457s] -- Override CMake install command with custom implementation using symlinks instead of copying resources
[0.488s] -- Found urdf: 2.6.0 (/opt/ros/humble/share/urdf/cmake)
[0.700s] -- Configuring done
[0.706s] -- Generating done
[0.708s] -- Build files have been written to: /home/simon/Documents/ARO/turtlebot3_ws/build/turtlebot3_description
[0.726s] Invoked command in '/home/simon/Documents/ARO/turtlebot3_ws/build/turtlebot3_description' returned '0': CMAKE_PREFIX_PATH=/opt/ros/humble /usr/bin/cmake /home/simon/Documents/ARO/turtlebot3_ws/src/turtlebot3/turtlebot3/turtlebot3_description -DAMENT_CMAKE_SYMLINK_INSTALL=1 -DCMAKE_INSTALL_PREFIX=/home/simon/Documents/ARO/turtlebot3_ws/install/turtlebot3_description
[0.727s] Invoking command in '/home/simon/Documents/ARO/turtlebot3_ws/build/turtlebot3_description': CMAKE_PREFIX_PATH=/opt/ros/humble /usr/bin/cmake --build /home/simon/Documents/ARO/turtlebot3_ws/build/turtlebot3_description -- -j16 -l16
[0.816s] Invoked command in '/home/simon/Documents/ARO/turtlebot3_ws/build/turtlebot3_description' returned '0': CMAKE_PREFIX_PATH=/opt/ros/humble /usr/bin/cmake --build /home/simon/Documents/ARO/turtlebot3_ws/build/turtlebot3_description -- -j16 -l16
[0.873s] Invoking command in '/home/simon/Documents/ARO/turtlebot3_ws/build/turtlebot3_description': CMAKE_PREFIX_PATH=/opt/ros/humble /usr/bin/cmake --install /home/simon/Documents/ARO/turtlebot3_ws/build/turtlebot3_description
[0.890s] -- Install configuration: ""
[0.891s] -- Execute custom install script
[0.891s] -- Symlinking: /home/simon/Documents/ARO/turtlebot3_ws/install/turtlebot3_description/share/turtlebot3_description/meshes/bases/burger_base.stl
[0.907s] -- Symlinking: /home/simon/Documents/ARO/turtlebot3_ws/install/turtlebot3_description/share/turtlebot3_description/meshes/bases/waffle_base.stl
[0.925s] -- Symlinking: /home/simon/Documents/ARO/turtlebot3_ws/install/turtlebot3_description/share/turtlebot3_description/meshes/bases/waffle_pi_base.stl
[0.945s] -- Symlinking: /home/simon/Documents/ARO/turtlebot3_ws/install/turtlebot3_description/share/turtlebot3_description/meshes/sensors/astra.dae
[0.965s] -- Symlinking: /home/simon/Documents/ARO/turtlebot3_ws/install/turtlebot3_description/share/turtlebot3_description/meshes/sensors/astra.jpg
[0.986s] -- Symlinking: /home/simon/Documents/ARO/turtlebot3_ws/install/turtlebot3_description/share/turtlebot3_description/meshes/sensors/lds.stl
[1.008s] -- Symlinking: /home/simon/Documents/ARO/turtlebot3_ws/install/turtlebot3_description/share/turtlebot3_description/meshes/sensors/r200.dae
[1.027s] -- Symlinking: /home/simon/Documents/ARO/turtlebot3_ws/install/turtlebot3_description/share/turtlebot3_description/meshes/sensors/r200.jpg
[1.047s] -- Symlinking: /home/simon/Documents/ARO/turtlebot3_ws/install/turtlebot3_description/share/turtlebot3_description/meshes/wheels/left_tire.stl
[1.062s] -- Symlinking: /home/simon/Documents/ARO/turtlebot3_ws/install/turtlebot3_description/share/turtlebot3_description/meshes/wheels/right_tire.stl
[1.081s] -- Symlinking: /home/simon/Documents/ARO/turtlebot3_ws/install/turtlebot3_description/share/turtlebot3_description/rviz/model.rviz
[1.100s] -- Symlinking: /home/simon/Documents/ARO/turtlebot3_ws/install/turtlebot3_description/share/turtlebot3_description/urdf/common_properties.urdf
[1.120s] -- Symlinking: /home/simon/Documents/ARO/turtlebot3_ws/install/turtlebot3_description/share/turtlebot3_description/urdf/turtlebot3_burger.urdf
[1.141s] -- Symlinking: /home/simon/Documents/ARO/turtlebot3_ws/install/turtlebot3_description/share/turtlebot3_description/urdf/turtlebot3_waffle.urdf
[1.158s] -- Symlinking: /home/simon/Documents/ARO/turtlebot3_ws/install/turtlebot3_description/share/turtlebot3_description/urdf/turtlebot3_waffle_pi.urdf
[1.172s] -- Symlinking: /home/simon/Documents/ARO/turtlebot3_ws/install/turtlebot3_description/share/ament_index/resource_index/package_run_dependencies/turtlebot3_description
[1.188s] -- Symlinking: /home/simon/Documents/ARO/turtlebot3_ws/install/turtlebot3_description/share/ament_index/resource_index/parent_prefix_path/turtlebot3_description
[1.203s] -- Symlinking: /home/simon/Documents/ARO/turtlebot3_ws/install/turtlebot3_description/share/turtlebot3_description/environment/ament_prefix_path.sh
[1.224s] -- Symlinking: /home/simon/Documents/ARO/turtlebot3_ws/install/turtlebot3_description/share/turtlebot3_description/environment/ament_prefix_path.dsv
[1.246s] -- Symlinking: /home/simon/Documents/ARO/turtlebot3_ws/install/turtlebot3_description/share/turtlebot3_description/environment/path.sh
[1.256s] -- Symlinking: /home/simon/Documents/ARO/turtlebot3_ws/install/turtlebot3_description/share/turtlebot3_description/environment/path.dsv
[1.272s] -- Symlinking: /home/simon/Documents/ARO/turtlebot3_ws/install/turtlebot3_description/share/turtlebot3_description/local_setup.bash
[1.286s] -- Symlinking: /home/simon/Documents/ARO/turtlebot3_ws/install/turtlebot3_description/share/turtlebot3_description/local_setup.sh
[1.299s] -- Symlinking: /home/simon/Documents/ARO/turtlebot3_ws/install/turtlebot3_description/share/turtlebot3_description/local_setup.zsh
[1.316s] -- Symlinking: /home/simon/Documents/ARO/turtlebot3_ws/install/turtlebot3_description/share/turtlebot3_description/local_setup.dsv
[1.327s] -- Symlinking: /home/simon/Documents/ARO/turtlebot3_ws/install/turtlebot3_description/share/turtlebot3_description/package.dsv
[1.338s] -- Symlinking: /home/simon/Documents/ARO/turtlebot3_ws/install/turtlebot3_description/share/ament_index/resource_index/packages/turtlebot3_description
[1.348s] -- Symlinking: /home/simon/Documents/ARO/turtlebot3_ws/install/turtlebot3_description/share/turtlebot3_description/cmake/turtlebot3_descriptionConfig.cmake
[1.359s] -- Symlinking: /home/simon/Documents/ARO/turtlebot3_ws/install/turtlebot3_description/share/turtlebot3_description/cmake/turtlebot3_descriptionConfig-version.cmake
[1.370s] -- Symlinking: /home/simon/Documents/ARO/turtlebot3_ws/install/turtlebot3_description/share/turtlebot3_description/package.xml
[1.387s] Invoked command in '/home/simon/Documents/ARO/turtlebot3_ws/build/turtlebot3_description' returned '0': CMAKE_PREFIX_PATH=/opt/ros/humble /usr/bin/cmake --install /home/simon/Documents/ARO/turtlebot3_ws/build/turtlebot3_description
