running develop
running egg_info
writing mi_paquete_python.egg-info/PKG-INFO
writing dependency_links to mi_paquete_python.egg-info/dependency_links.txt
writing entry points to mi_paquete_python.egg-info/entry_points.txt
writing requirements to mi_paquete_python.egg-info/requires.txt
writing top-level names to mi_paquete_python.egg-info/top_level.txt
reading manifest file 'mi_paquete_python.egg-info/SOURCES.txt'
writing manifest file 'mi_paquete_python.egg-info/SOURCES.txt'
running build_ext
Creating /home/simon/Documents/ARO/ros2_ws/install/mi_paquete_python/lib/python3.10/site-packages/mi-paquete-python.egg-link (link to .)
Installing move_donatello script to /home/simon/Documents/ARO/ros2_ws/install/mi_paquete_python/lib/mi_paquete_python
Installing move_leonardo script to /home/simon/Documents/ARO/ros2_ws/install/mi_paquete_python/lib/mi_paquete_python
Installing move_michelangelo script to /home/simon/Documents/ARO/ros2_ws/install/mi_paquete_python/lib/mi_paquete_python
Installing move_turtle script to /home/simon/Documents/ARO/ros2_ws/install/mi_paquete_python/lib/mi_paquete_python
Installing position_logger script to /home/simon/Documents/ARO/ros2_ws/install/mi_paquete_python/lib/mi_paquete_python
Installing robot_news_station script to /home/simon/Documents/ARO/ros2_ws/install/mi_paquete_python/lib/mi_paquete_python
Installing smartphone script to /home/simon/Documents/ARO/ros2_ws/install/mi_paquete_python/lib/mi_paquete_python
Installing turtle_controller script to /home/simon/Documents/ARO/ros2_ws/install/mi_paquete_python/lib/mi_paquete_python

Installed /home/simon/Documents/ARO/ros2_ws/build/mi_paquete_python
running install_data
