[1.451s] Invoking command in '/home/simon/Documents/ARO/turtlebot3_ws/src/turtlebot3/turtlebot3/turtlebot3_example': AMENT_PREFIX_PATH=/home/simon/Documents/ARO/install/turtlebot3_msgs:${AMENT_PREFIX_PATH} CMAKE_PREFIX_PATH=/home/simon/Documents/ARO/install/turtlebot3_msgs:${CMAKE_PREFIX_PATH} LD_LIBRARY_PATH=/home/simon/Documents/ARO/install/turtlebot3_msgs/lib:${LD_LIBRARY_PATH} PYTHONPATH=/home/simon/Documents/ARO/build/turtlebot3_example/prefix_override:/home/simon/Documents/ARO/install/turtlebot3_example/lib/python3.10/site-packages:/home/simon/Documents/ARO/install/turtlebot3_msgs/local/lib/python3.10/dist-packages:${PYTHONPATH} /usr/bin/python3 setup.py egg_info --egg-base ../../../../../build/turtlebot3_example build --build-base /home/simon/Documents/ARO/build/turtlebot3_example/build install --record /home/simon/Documents/ARO/build/turtlebot3_example/install.log --single-version-externally-managed
[1.885s] running egg_info
[1.885s] creating ../../../../../build/turtlebot3_example/turtlebot3_example.egg-info
[1.885s] writing ../../../../../build/turtlebot3_example/turtlebot3_example.egg-info/PKG-INFO
[1.885s] writing dependency_links to ../../../../../build/turtlebot3_example/turtlebot3_example.egg-info/dependency_links.txt
[1.885s] writing entry points to ../../../../../build/turtlebot3_example/turtlebot3_example.egg-info/entry_points.txt
[1.886s] writing requirements to ../../../../../build/turtlebot3_example/turtlebot3_example.egg-info/requires.txt
[1.886s] writing top-level names to ../../../../../build/turtlebot3_example/turtlebot3_example.egg-info/top_level.txt
[1.886s] writing manifest file '../../../../../build/turtlebot3_example/turtlebot3_example.egg-info/SOURCES.txt'
[1.889s] reading manifest file '../../../../../build/turtlebot3_example/turtlebot3_example.egg-info/SOURCES.txt'
[1.890s] writing manifest file '../../../../../build/turtlebot3_example/turtlebot3_example.egg-info/SOURCES.txt'
[1.890s] running build
[1.891s] running build_py
[1.891s] creating /home/simon/Documents/ARO/build/turtlebot3_example/build
[1.891s] creating /home/simon/Documents/ARO/build/turtlebot3_example/build/lib
[1.891s] creating /home/simon/Documents/ARO/build/turtlebot3_example/build/lib/turtlebot3_example
[1.891s] copying turtlebot3_example/__init__.py -> /home/simon/Documents/ARO/build/turtlebot3_example/build/lib/turtlebot3_example
[1.891s] creating /home/simon/Documents/ARO/build/turtlebot3_example/build/lib/turtlebot3_example/turtlebot3_obstacle_detection
[1.891s] copying turtlebot3_example/turtlebot3_obstacle_detection/__init__.py -> /home/simon/Documents/ARO/build/turtlebot3_example/build/lib/turtlebot3_example/turtlebot3_obstacle_detection
[1.891s] copying turtlebot3_example/turtlebot3_obstacle_detection/turtlebot3_obstacle_detection.py -> /home/simon/Documents/ARO/build/turtlebot3_example/build/lib/turtlebot3_example/turtlebot3_obstacle_detection
[1.892s] copying turtlebot3_example/turtlebot3_obstacle_detection/main.py -> /home/simon/Documents/ARO/build/turtlebot3_example/build/lib/turtlebot3_example/turtlebot3_obstacle_detection
[1.892s] creating /home/simon/Documents/ARO/build/turtlebot3_example/build/lib/turtlebot3_example/turtlebot3_patrol_server
[1.893s] copying turtlebot3_example/turtlebot3_patrol_server/turtlebot3_path.py -> /home/simon/Documents/ARO/build/turtlebot3_example/build/lib/turtlebot3_example/turtlebot3_patrol_server
[1.893s] copying turtlebot3_example/turtlebot3_patrol_server/turtlebot3_patrol_server.py -> /home/simon/Documents/ARO/build/turtlebot3_example/build/lib/turtlebot3_example/turtlebot3_patrol_server
[1.894s] copying turtlebot3_example/turtlebot3_patrol_server/__init__.py -> /home/simon/Documents/ARO/build/turtlebot3_example/build/lib/turtlebot3_example/turtlebot3_patrol_server
[1.894s] copying turtlebot3_example/turtlebot3_patrol_server/main.py -> /home/simon/Documents/ARO/build/turtlebot3_example/build/lib/turtlebot3_example/turtlebot3_patrol_server
[1.894s] creating /home/simon/Documents/ARO/build/turtlebot3_example/build/lib/turtlebot3_example/turtlebot3_patrol_client
[1.894s] copying turtlebot3_example/turtlebot3_patrol_client/__init__.py -> /home/simon/Documents/ARO/build/turtlebot3_example/build/lib/turtlebot3_example/turtlebot3_patrol_client
[1.894s] copying turtlebot3_example/turtlebot3_patrol_client/turtlebot3_patrol_client.py -> /home/simon/Documents/ARO/build/turtlebot3_example/build/lib/turtlebot3_example/turtlebot3_patrol_client
[1.895s] copying turtlebot3_example/turtlebot3_patrol_client/main.py -> /home/simon/Documents/ARO/build/turtlebot3_example/build/lib/turtlebot3_example/turtlebot3_patrol_client
[1.896s] creating /home/simon/Documents/ARO/build/turtlebot3_example/build/lib/turtlebot3_example/turtlebot3_position_control
[1.896s] copying turtlebot3_example/turtlebot3_position_control/turtlebot3_path.py -> /home/simon/Documents/ARO/build/turtlebot3_example/build/lib/turtlebot3_example/turtlebot3_position_control
[1.896s] copying turtlebot3_example/turtlebot3_position_control/__init__.py -> /home/simon/Documents/ARO/build/turtlebot3_example/build/lib/turtlebot3_example/turtlebot3_position_control
[1.897s] copying turtlebot3_example/turtlebot3_position_control/turtlebot3_position_control.py -> /home/simon/Documents/ARO/build/turtlebot3_example/build/lib/turtlebot3_example/turtlebot3_position_control
[1.897s] copying turtlebot3_example/turtlebot3_position_control/main.py -> /home/simon/Documents/ARO/build/turtlebot3_example/build/lib/turtlebot3_example/turtlebot3_position_control
[1.898s] running install
[1.898s] running install_lib
[1.899s] creating /home/simon/Documents/ARO/install/turtlebot3_example/lib/python3.10/site-packages/turtlebot3_example
[1.899s] creating /home/simon/Documents/ARO/install/turtlebot3_example/lib/python3.10/site-packages/turtlebot3_example/turtlebot3_obstacle_detection
[1.900s] copying /home/simon/Documents/ARO/build/turtlebot3_example/build/lib/turtlebot3_example/turtlebot3_obstacle_detection/__init__.py -> /home/simon/Documents/ARO/install/turtlebot3_example/lib/python3.10/site-packages/turtlebot3_example/turtlebot3_obstacle_detection
[1.900s] copying /home/simon/Documents/ARO/build/turtlebot3_example/build/lib/turtlebot3_example/turtlebot3_obstacle_detection/turtlebot3_obstacle_detection.py -> /home/simon/Documents/ARO/install/turtlebot3_example/lib/python3.10/site-packages/turtlebot3_example/turtlebot3_obstacle_detection
[1.900s] copying /home/simon/Documents/ARO/build/turtlebot3_example/build/lib/turtlebot3_example/turtlebot3_obstacle_detection/main.py -> /home/simon/Documents/ARO/install/turtlebot3_example/lib/python3.10/site-packages/turtlebot3_example/turtlebot3_obstacle_detection
[1.900s] copying /home/simon/Documents/ARO/build/turtlebot3_example/build/lib/turtlebot3_example/__init__.py -> /home/simon/Documents/ARO/install/turtlebot3_example/lib/python3.10/site-packages/turtlebot3_example
[1.900s] creating /home/simon/Documents/ARO/install/turtlebot3_example/lib/python3.10/site-packages/turtlebot3_example/turtlebot3_patrol_server
[1.901s] copying /home/simon/Documents/ARO/build/turtlebot3_example/build/lib/turtlebot3_example/turtlebot3_patrol_server/turtlebot3_path.py -> /home/simon/Documents/ARO/install/turtlebot3_example/lib/python3.10/site-packages/turtlebot3_example/turtlebot3_patrol_server
[1.901s] copying /home/simon/Documents/ARO/build/turtlebot3_example/build/lib/turtlebot3_example/turtlebot3_patrol_server/turtlebot3_patrol_server.py -> /home/simon/Documents/ARO/install/turtlebot3_example/lib/python3.10/site-packages/turtlebot3_example/turtlebot3_patrol_server
[1.901s] copying /home/simon/Documents/ARO/build/turtlebot3_example/build/lib/turtlebot3_example/turtlebot3_patrol_server/__init__.py -> /home/simon/Documents/ARO/install/turtlebot3_example/lib/python3.10/site-packages/turtlebot3_example/turtlebot3_patrol_server
[1.901s] copying /home/simon/Documents/ARO/build/turtlebot3_example/build/lib/turtlebot3_example/turtlebot3_patrol_server/main.py -> /home/simon/Documents/ARO/install/turtlebot3_example/lib/python3.10/site-packages/turtlebot3_example/turtlebot3_patrol_server
[1.901s] creating /home/simon/Documents/ARO/install/turtlebot3_example/lib/python3.10/site-packages/turtlebot3_example/turtlebot3_patrol_client
[1.901s] copying /home/simon/Documents/ARO/build/turtlebot3_example/build/lib/turtlebot3_example/turtlebot3_patrol_client/__init__.py -> /home/simon/Documents/ARO/install/turtlebot3_example/lib/python3.10/site-packages/turtlebot3_example/turtlebot3_patrol_client
[1.901s] copying /home/simon/Documents/ARO/build/turtlebot3_example/build/lib/turtlebot3_example/turtlebot3_patrol_client/turtlebot3_patrol_client.py -> /home/simon/Documents/ARO/install/turtlebot3_example/lib/python3.10/site-packages/turtlebot3_example/turtlebot3_patrol_client
[1.902s] copying /home/simon/Documents/ARO/build/turtlebot3_example/build/lib/turtlebot3_example/turtlebot3_patrol_client/main.py -> /home/simon/Documents/ARO/install/turtlebot3_example/lib/python3.10/site-packages/turtlebot3_example/turtlebot3_patrol_client
[1.902s] creating /home/simon/Documents/ARO/install/turtlebot3_example/lib/python3.10/site-packages/turtlebot3_example/turtlebot3_position_control
[1.902s] copying /home/simon/Documents/ARO/build/turtlebot3_example/build/lib/turtlebot3_example/turtlebot3_position_control/turtlebot3_path.py -> /home/simon/Documents/ARO/install/turtlebot3_example/lib/python3.10/site-packages/turtlebot3_example/turtlebot3_position_control
[1.902s] copying /home/simon/Documents/ARO/build/turtlebot3_example/build/lib/turtlebot3_example/turtlebot3_position_control/__init__.py -> /home/simon/Documents/ARO/install/turtlebot3_example/lib/python3.10/site-packages/turtlebot3_example/turtlebot3_position_control
[1.902s] copying /home/simon/Documents/ARO/build/turtlebot3_example/build/lib/turtlebot3_example/turtlebot3_position_control/turtlebot3_position_control.py -> /home/simon/Documents/ARO/install/turtlebot3_example/lib/python3.10/site-packages/turtlebot3_example/turtlebot3_position_control
[1.903s] copying /home/simon/Documents/ARO/build/turtlebot3_example/build/lib/turtlebot3_example/turtlebot3_position_control/main.py -> /home/simon/Documents/ARO/install/turtlebot3_example/lib/python3.10/site-packages/turtlebot3_example/turtlebot3_position_control
[1.903s] byte-compiling /home/simon/Documents/ARO/install/turtlebot3_example/lib/python3.10/site-packages/turtlebot3_example/turtlebot3_obstacle_detection/__init__.py to __init__.cpython-310.pyc
[1.904s] byte-compiling /home/simon/Documents/ARO/install/turtlebot3_example/lib/python3.10/site-packages/turtlebot3_example/turtlebot3_obstacle_detection/turtlebot3_obstacle_detection.py to turtlebot3_obstacle_detection.cpython-310.pyc
[1.905s] byte-compiling /home/simon/Documents/ARO/install/turtlebot3_example/lib/python3.10/site-packages/turtlebot3_example/turtlebot3_obstacle_detection/main.py to main.cpython-310.pyc
[1.905s] byte-compiling /home/simon/Documents/ARO/install/turtlebot3_example/lib/python3.10/site-packages/turtlebot3_example/__init__.py to __init__.cpython-310.pyc
[1.906s] byte-compiling /home/simon/Documents/ARO/install/turtlebot3_example/lib/python3.10/site-packages/turtlebot3_example/turtlebot3_patrol_server/turtlebot3_path.py to turtlebot3_path.cpython-310.pyc
[1.906s] byte-compiling /home/simon/Documents/ARO/install/turtlebot3_example/lib/python3.10/site-packages/turtlebot3_example/turtlebot3_patrol_server/turtlebot3_patrol_server.py to turtlebot3_patrol_server.cpython-310.pyc
[1.907s] byte-compiling /home/simon/Documents/ARO/install/turtlebot3_example/lib/python3.10/site-packages/turtlebot3_example/turtlebot3_patrol_server/__init__.py to __init__.cpython-310.pyc
[1.907s] byte-compiling /home/simon/Documents/ARO/install/turtlebot3_example/lib/python3.10/site-packages/turtlebot3_example/turtlebot3_patrol_server/main.py to main.cpython-310.pyc
[1.908s] byte-compiling /home/simon/Documents/ARO/install/turtlebot3_example/lib/python3.10/site-packages/turtlebot3_example/turtlebot3_patrol_client/__init__.py to __init__.cpython-310.pyc
[1.908s] byte-compiling /home/simon/Documents/ARO/install/turtlebot3_example/lib/python3.10/site-packages/turtlebot3_example/turtlebot3_patrol_client/turtlebot3_patrol_client.py to turtlebot3_patrol_client.cpython-310.pyc
[1.909s] byte-compiling /home/simon/Documents/ARO/install/turtlebot3_example/lib/python3.10/site-packages/turtlebot3_example/turtlebot3_patrol_client/main.py to main.cpython-310.pyc
[1.910s] byte-compiling /home/simon/Documents/ARO/install/turtlebot3_example/lib/python3.10/site-packages/turtlebot3_example/turtlebot3_position_control/turtlebot3_path.py to turtlebot3_path.cpython-310.pyc
[1.911s] byte-compiling /home/simon/Documents/ARO/install/turtlebot3_example/lib/python3.10/site-packages/turtlebot3_example/turtlebot3_position_control/__init__.py to __init__.cpython-310.pyc
[1.911s] byte-compiling /home/simon/Documents/ARO/install/turtlebot3_example/lib/python3.10/site-packages/turtlebot3_example/turtlebot3_position_control/turtlebot3_position_control.py to turtlebot3_position_control.cpython-310.pyc
[1.912s] byte-compiling /home/simon/Documents/ARO/install/turtlebot3_example/lib/python3.10/site-packages/turtlebot3_example/turtlebot3_position_control/main.py to main.cpython-310.pyc
[1.912s] running install_data
[1.913s] creating /home/simon/Documents/ARO/install/turtlebot3_example/share/ament_index
[1.913s] creating /home/simon/Documents/ARO/install/turtlebot3_example/share/ament_index/resource_index
[1.914s] creating /home/simon/Documents/ARO/install/turtlebot3_example/share/ament_index/resource_index/packages
[1.914s] copying resource/turtlebot3_example -> /home/simon/Documents/ARO/install/turtlebot3_example/share/ament_index/resource_index/packages
[1.914s] copying package.xml -> /home/simon/Documents/ARO/install/turtlebot3_example/share/turtlebot3_example
[1.914s] running install_egg_info
[1.917s] Copying ../../../../../build/turtlebot3_example/turtlebot3_example.egg-info to /home/simon/Documents/ARO/install/turtlebot3_example/lib/python3.10/site-packages/turtlebot3_example-2.1.5-py3.10.egg-info
[1.918s] running install_scripts
[1.950s] Installing turtlebot3_obstacle_detection script to /home/simon/Documents/ARO/install/turtlebot3_example/lib/turtlebot3_example
[1.951s] Installing turtlebot3_patrol_client script to /home/simon/Documents/ARO/install/turtlebot3_example/lib/turtlebot3_example
[1.951s] Installing turtlebot3_patrol_server script to /home/simon/Documents/ARO/install/turtlebot3_example/lib/turtlebot3_example
[1.951s] Installing turtlebot3_position_control script to /home/simon/Documents/ARO/install/turtlebot3_example/lib/turtlebot3_example
[1.952s] writing list of installed files to '/home/simon/Documents/ARO/build/turtlebot3_example/install.log'
[2.019s] Invoked command in '/home/simon/Documents/ARO/turtlebot3_ws/src/turtlebot3/turtlebot3/turtlebot3_example' returned '0': AMENT_PREFIX_PATH=/home/simon/Documents/ARO/install/turtlebot3_msgs:${AMENT_PREFIX_PATH} CMAKE_PREFIX_PATH=/home/simon/Documents/ARO/install/turtlebot3_msgs:${CMAKE_PREFIX_PATH} LD_LIBRARY_PATH=/home/simon/Documents/ARO/install/turtlebot3_msgs/lib:${LD_LIBRARY_PATH} PYTHONPATH=/home/simon/Documents/ARO/build/turtlebot3_example/prefix_override:/home/simon/Documents/ARO/install/turtlebot3_example/lib/python3.10/site-packages:/home/simon/Documents/ARO/install/turtlebot3_msgs/local/lib/python3.10/dist-packages:${PYTHONPATH} /usr/bin/python3 setup.py egg_info --egg-base ../../../../../build/turtlebot3_example build --build-base /home/simon/Documents/ARO/build/turtlebot3_example/build install --record /home/simon/Documents/ARO/build/turtlebot3_example/install.log --single-version-externally-managed
