/home/simon/Documents/ARO/ros2_ws/src/install/mi_paquete_python/lib/python3.10/site-packages/mi_paquete_python/move_leonardo.py
/home/simon/Documents/ARO/ros2_ws/src/install/mi_paquete_python/lib/python3.10/site-packages/mi_paquete_python/__init__.py
/home/simon/Documents/ARO/ros2_ws/src/install/mi_paquete_python/lib/python3.10/site-packages/mi_paquete_python/robot_news_station.py
/home/simon/Documents/ARO/ros2_ws/src/install/mi_paquete_python/lib/python3.10/site-packages/mi_paquete_python/smartphone.py
/home/simon/Documents/ARO/ros2_ws/src/install/mi_paquete_python/lib/python3.10/site-packages/mi_paquete_python/turtle_controller.py
/home/simon/Documents/ARO/ros2_ws/src/install/mi_paquete_python/lib/python3.10/site-packages/mi_paquete_python/position_logger.py
/home/simon/Documents/ARO/ros2_ws/src/install/mi_paquete_python/lib/python3.10/site-packages/mi_paquete_python/move_raphael.py
/home/simon/Documents/ARO/ros2_ws/src/install/mi_paquete_python/lib/python3.10/site-packages/mi_paquete_python/move_donatello.py
/home/simon/Documents/ARO/ros2_ws/src/install/mi_paquete_python/lib/python3.10/site-packages/mi_paquete_python/move_michelangelo.py
/home/simon/Documents/ARO/ros2_ws/src/install/mi_paquete_python/lib/python3.10/site-packages/mi_paquete_python/__pycache__/move_leonardo.cpython-310.pyc
/home/simon/Documents/ARO/ros2_ws/src/install/mi_paquete_python/lib/python3.10/site-packages/mi_paquete_python/__pycache__/__init__.cpython-310.pyc
/home/simon/Documents/ARO/ros2_ws/src/install/mi_paquete_python/lib/python3.10/site-packages/mi_paquete_python/__pycache__/robot_news_station.cpython-310.pyc
/home/simon/Documents/ARO/ros2_ws/src/install/mi_paquete_python/lib/python3.10/site-packages/mi_paquete_python/__pycache__/smartphone.cpython-310.pyc
/home/simon/Documents/ARO/ros2_ws/src/install/mi_paquete_python/lib/python3.10/site-packages/mi_paquete_python/__pycache__/turtle_controller.cpython-310.pyc
/home/simon/Documents/ARO/ros2_ws/src/install/mi_paquete_python/lib/python3.10/site-packages/mi_paquete_python/__pycache__/position_logger.cpython-310.pyc
/home/simon/Documents/ARO/ros2_ws/src/install/mi_paquete_python/lib/python3.10/site-packages/mi_paquete_python/__pycache__/move_raphael.cpython-310.pyc
/home/simon/Documents/ARO/ros2_ws/src/install/mi_paquete_python/lib/python3.10/site-packages/mi_paquete_python/__pycache__/move_donatello.cpython-310.pyc
/home/simon/Documents/ARO/ros2_ws/src/install/mi_paquete_python/lib/python3.10/site-packages/mi_paquete_python/__pycache__/move_michelangelo.cpython-310.pyc
/home/simon/Documents/ARO/ros2_ws/src/install/mi_paquete_python/share/ament_index/resource_index/packages/mi_paquete_python
/home/simon/Documents/ARO/ros2_ws/src/install/mi_paquete_python/share/mi_paquete_python/package.xml
/home/simon/Documents/ARO/ros2_ws/src/install/mi_paquete_python/lib/python3.10/site-packages/mi_paquete_python-0.0.0-py3.10.egg-info/dependency_links.txt
/home/simon/Documents/ARO/ros2_ws/src/install/mi_paquete_python/lib/python3.10/site-packages/mi_paquete_python-0.0.0-py3.10.egg-info/PKG-INFO
/home/simon/Documents/ARO/ros2_ws/src/install/mi_paquete_python/lib/python3.10/site-packages/mi_paquete_python-0.0.0-py3.10.egg-info/top_level.txt
/home/simon/Documents/ARO/ros2_ws/src/install/mi_paquete_python/lib/python3.10/site-packages/mi_paquete_python-0.0.0-py3.10.egg-info/SOURCES.txt
/home/simon/Documents/ARO/ros2_ws/src/install/mi_paquete_python/lib/python3.10/site-packages/mi_paquete_python-0.0.0-py3.10.egg-info/zip-safe
/home/simon/Documents/ARO/ros2_ws/src/install/mi_paquete_python/lib/python3.10/site-packages/mi_paquete_python-0.0.0-py3.10.egg-info/requires.txt
/home/simon/Documents/ARO/ros2_ws/src/install/mi_paquete_python/lib/python3.10/site-packages/mi_paquete_python-0.0.0-py3.10.egg-info/entry_points.txt
/home/simon/Documents/ARO/ros2_ws/src/install/mi_paquete_python/lib/mi_paquete_python/move_donatello
/home/simon/Documents/ARO/ros2_ws/src/install/mi_paquete_python/lib/mi_paquete_python/move_leonardo
/home/simon/Documents/ARO/ros2_ws/src/install/mi_paquete_python/lib/mi_paquete_python/move_michelangelo
/home/simon/Documents/ARO/ros2_ws/src/install/mi_paquete_python/lib/mi_paquete_python/position_logger
/home/simon/Documents/ARO/ros2_ws/src/install/mi_paquete_python/lib/mi_paquete_python/robot_news_station
/home/simon/Documents/ARO/ros2_ws/src/install/mi_paquete_python/lib/mi_paquete_python/smartphone
/home/simon/Documents/ARO/ros2_ws/src/install/mi_paquete_python/lib/mi_paquete_python/turtle_controller
