[3.767s] Invoking command in '/home/simon/Documents/ARO/ros2_ws/src/ROS2_examples/rclpy/services/minimal_client': PYTHONPATH=/home/simon/Documents/ARO/ros2_ws/build/examples_rclpy_minimal_client/prefix_override:/home/simon/Documents/ARO/ros2_ws/install/examples_rclpy_minimal_client/lib/python3.10/site-packages:${PYTHONPATH} /usr/bin/python3 setup.py egg_info --egg-base ../../../../../build/examples_rclpy_minimal_client build --build-base /home/simon/Documents/ARO/ros2_ws/build/examples_rclpy_minimal_client/build install --record /home/simon/Documents/ARO/ros2_ws/build/examples_rclpy_minimal_client/install.log --single-version-externally-managed
[4.290s] running egg_info
[4.290s] creating ../../../../../build/examples_rclpy_minimal_client/examples_rclpy_minimal_client.egg-info
[4.290s] writing ../../../../../build/examples_rclpy_minimal_client/examples_rclpy_minimal_client.egg-info/PKG-INFO
[4.291s] writing dependency_links to ../../../../../build/examples_rclpy_minimal_client/examples_rclpy_minimal_client.egg-info/dependency_links.txt
[4.291s] writing entry points to ../../../../../build/examples_rclpy_minimal_client/examples_rclpy_minimal_client.egg-info/entry_points.txt
[4.291s] writing requirements to ../../../../../build/examples_rclpy_minimal_client/examples_rclpy_minimal_client.egg-info/requires.txt
[4.291s] writing top-level names to ../../../../../build/examples_rclpy_minimal_client/examples_rclpy_minimal_client.egg-info/top_level.txt
[4.292s] writing manifest file '../../../../../build/examples_rclpy_minimal_client/examples_rclpy_minimal_client.egg-info/SOURCES.txt'
[4.294s] reading manifest file '../../../../../build/examples_rclpy_minimal_client/examples_rclpy_minimal_client.egg-info/SOURCES.txt'
[4.296s] writing manifest file '../../../../../build/examples_rclpy_minimal_client/examples_rclpy_minimal_client.egg-info/SOURCES.txt'
[4.296s] running build
[4.296s] running build_py
[4.296s] creating /home/simon/Documents/ARO/ros2_ws/build/examples_rclpy_minimal_client/build
[4.297s] creating /home/simon/Documents/ARO/ros2_ws/build/examples_rclpy_minimal_client/build/lib
[4.297s] creating /home/simon/Documents/ARO/ros2_ws/build/examples_rclpy_minimal_client/build/lib/examples_rclpy_minimal_client
[4.297s] copying examples_rclpy_minimal_client/client.py -> /home/simon/Documents/ARO/ros2_ws/build/examples_rclpy_minimal_client/build/lib/examples_rclpy_minimal_client
[4.297s] copying examples_rclpy_minimal_client/client_async_member_function.py -> /home/simon/Documents/ARO/ros2_ws/build/examples_rclpy_minimal_client/build/lib/examples_rclpy_minimal_client
[4.297s] copying examples_rclpy_minimal_client/client_async.py -> /home/simon/Documents/ARO/ros2_ws/build/examples_rclpy_minimal_client/build/lib/examples_rclpy_minimal_client
[4.297s] copying examples_rclpy_minimal_client/__init__.py -> /home/simon/Documents/ARO/ros2_ws/build/examples_rclpy_minimal_client/build/lib/examples_rclpy_minimal_client
[4.297s] copying examples_rclpy_minimal_client/client_async_callback.py -> /home/simon/Documents/ARO/ros2_ws/build/examples_rclpy_minimal_client/build/lib/examples_rclpy_minimal_client
[4.298s] running install
[4.298s] running install_lib
[4.298s] creating /home/simon/Documents/ARO/ros2_ws/install/examples_rclpy_minimal_client/lib/python3.10/site-packages/examples_rclpy_minimal_client
[4.299s] copying /home/simon/Documents/ARO/ros2_ws/build/examples_rclpy_minimal_client/build/lib/examples_rclpy_minimal_client/client.py -> /home/simon/Documents/ARO/ros2_ws/install/examples_rclpy_minimal_client/lib/python3.10/site-packages/examples_rclpy_minimal_client
[4.299s] copying /home/simon/Documents/ARO/ros2_ws/build/examples_rclpy_minimal_client/build/lib/examples_rclpy_minimal_client/client_async_member_function.py -> /home/simon/Documents/ARO/ros2_ws/install/examples_rclpy_minimal_client/lib/python3.10/site-packages/examples_rclpy_minimal_client
[4.299s] copying /home/simon/Documents/ARO/ros2_ws/build/examples_rclpy_minimal_client/build/lib/examples_rclpy_minimal_client/client_async.py -> /home/simon/Documents/ARO/ros2_ws/install/examples_rclpy_minimal_client/lib/python3.10/site-packages/examples_rclpy_minimal_client
[4.299s] copying /home/simon/Documents/ARO/ros2_ws/build/examples_rclpy_minimal_client/build/lib/examples_rclpy_minimal_client/__init__.py -> /home/simon/Documents/ARO/ros2_ws/install/examples_rclpy_minimal_client/lib/python3.10/site-packages/examples_rclpy_minimal_client
[4.300s] copying /home/simon/Documents/ARO/ros2_ws/build/examples_rclpy_minimal_client/build/lib/examples_rclpy_minimal_client/client_async_callback.py -> /home/simon/Documents/ARO/ros2_ws/install/examples_rclpy_minimal_client/lib/python3.10/site-packages/examples_rclpy_minimal_client
[4.300s] byte-compiling /home/simon/Documents/ARO/ros2_ws/install/examples_rclpy_minimal_client/lib/python3.10/site-packages/examples_rclpy_minimal_client/client.py to client.cpython-310.pyc
[4.300s] byte-compiling /home/simon/Documents/ARO/ros2_ws/install/examples_rclpy_minimal_client/lib/python3.10/site-packages/examples_rclpy_minimal_client/client_async_member_function.py to client_async_member_function.cpython-310.pyc
[4.301s] byte-compiling /home/simon/Documents/ARO/ros2_ws/install/examples_rclpy_minimal_client/lib/python3.10/site-packages/examples_rclpy_minimal_client/client_async.py to client_async.cpython-310.pyc
[4.301s] byte-compiling /home/simon/Documents/ARO/ros2_ws/install/examples_rclpy_minimal_client/lib/python3.10/site-packages/examples_rclpy_minimal_client/__init__.py to __init__.cpython-310.pyc
[4.302s] byte-compiling /home/simon/Documents/ARO/ros2_ws/install/examples_rclpy_minimal_client/lib/python3.10/site-packages/examples_rclpy_minimal_client/client_async_callback.py to client_async_callback.cpython-310.pyc
[4.303s] running install_data
[4.304s] creating /home/simon/Documents/ARO/ros2_ws/install/examples_rclpy_minimal_client/share/ament_index
[4.304s] creating /home/simon/Documents/ARO/ros2_ws/install/examples_rclpy_minimal_client/share/ament_index/resource_index
[4.304s] creating /home/simon/Documents/ARO/ros2_ws/install/examples_rclpy_minimal_client/share/ament_index/resource_index/packages
[4.305s] copying resource/examples_rclpy_minimal_client -> /home/simon/Documents/ARO/ros2_ws/install/examples_rclpy_minimal_client/share/ament_index/resource_index/packages
[4.305s] copying package.xml -> /home/simon/Documents/ARO/ros2_ws/install/examples_rclpy_minimal_client/share/examples_rclpy_minimal_client
[4.305s] running install_egg_info
[4.309s] Copying ../../../../../build/examples_rclpy_minimal_client/examples_rclpy_minimal_client.egg-info to /home/simon/Documents/ARO/ros2_ws/install/examples_rclpy_minimal_client/lib/python3.10/site-packages/examples_rclpy_minimal_client-0.15.1-py3.10.egg-info
[4.310s] running install_scripts
[4.342s] Installing client script to /home/simon/Documents/ARO/ros2_ws/install/examples_rclpy_minimal_client/lib/examples_rclpy_minimal_client
[4.342s] Installing client_async script to /home/simon/Documents/ARO/ros2_ws/install/examples_rclpy_minimal_client/lib/examples_rclpy_minimal_client
[4.342s] Installing client_async_callback script to /home/simon/Documents/ARO/ros2_ws/install/examples_rclpy_minimal_client/lib/examples_rclpy_minimal_client
[4.342s] Installing client_async_member_function script to /home/simon/Documents/ARO/ros2_ws/install/examples_rclpy_minimal_client/lib/examples_rclpy_minimal_client
[4.343s] writing list of installed files to '/home/simon/Documents/ARO/ros2_ws/build/examples_rclpy_minimal_client/install.log'
[4.481s] Invoked command in '/home/simon/Documents/ARO/ros2_ws/src/ROS2_examples/rclpy/services/minimal_client' returned '0': PYTHONPATH=/home/simon/Documents/ARO/ros2_ws/build/examples_rclpy_minimal_client/prefix_override:/home/simon/Documents/ARO/ros2_ws/install/examples_rclpy_minimal_client/lib/python3.10/site-packages:${PYTHONPATH} /usr/bin/python3 setup.py egg_info --egg-base ../../../../../build/examples_rclpy_minimal_client build --build-base /home/simon/Documents/ARO/ros2_ws/build/examples_rclpy_minimal_client/build install --record /home/simon/Documents/ARO/ros2_ws/build/examples_rclpy_minimal_client/install.log --single-version-externally-managed
