[0.271s] DEBUG:colcon:Command line arguments: ['/usr/bin/colcon', 'build', '--packages-select', 'mi_paquete_python', '--symlink-install']
[0.272s] DEBUG:colcon:Parsed command line arguments: Namespace(log_base=None, log_level=None, verb_name='build', build_base='build', install_base='install', merge_install=False, symlink_install=True, test_result_base=None, continue_on_error=False, executor='parallel', parallel_workers=16, event_handlers=None, ignore_user_meta=False, metas=['./colcon.meta'], base_paths=['.'], packages_ignore=None, packages_ignore_regex=None, paths=None, packages_up_to=None, packages_up_to_regex=None, packages_above=None, packages_above_and_dependencies=None, packages_above_depth=None, packages_select_by_dep=None, packages_skip_by_dep=None, packages_skip_up_to=None, packages_select_build_failed=False, packages_skip_build_finished=False, packages_select_test_failures=False, packages_skip_test_passed=False, packages_select=['mi_paquete_python'], packages_skip=None, packages_select_regex=None, packages_skip_regex=None, packages_start=None, packages_end=None, allow_overriding=[], cmake_args=None, cmake_target=None, cmake_target_skip_unavailable=False, cmake_clean_cache=False, cmake_clean_first=False, cmake_force_configure=False, ament_cmake_args=None, catkin_cmake_args=None, catkin_skip_building_tests=False, verb_parser=<colcon_defaults.argument_parser.defaults.DefaultArgumentsDecorator object at 0x7f4566fd3520>, verb_extension=<colcon_core.verb.build.BuildVerb object at 0x7f4566e6b0a0>, main=<bound method BuildVerb.main of <colcon_core.verb.build.BuildVerb object at 0x7f4566e6b0a0>>)
[0.292s] Level 1:colcon.colcon_core.package_discovery:discover_packages(colcon_meta) check parameters
[0.292s] Level 1:colcon.colcon_core.package_discovery:discover_packages(recursive) check parameters
[0.292s] Level 1:colcon.colcon_core.package_discovery:discover_packages(ignore) check parameters
[0.292s] Level 1:colcon.colcon_core.package_discovery:discover_packages(path) check parameters
[0.292s] Level 1:colcon.colcon_core.package_discovery:discover_packages(colcon_meta) discover
[0.292s] Level 1:colcon.colcon_core.package_discovery:discover_packages(recursive) discover
[0.292s] INFO:colcon.colcon_core.package_discovery:Crawling recursively for packages in '/home/simon/Documents/ARO/ros2_ws/src'
[0.292s] Level 1:colcon.colcon_core.package_identification:_identify(.) by extensions ['ignore', 'ignore_ament_install']
[0.292s] Level 1:colcon.colcon_core.package_identification:_identify(.) by extension 'ignore'
[0.292s] Level 1:colcon.colcon_core.package_identification:_identify(.) by extension 'ignore_ament_install'
[0.293s] Level 1:colcon.colcon_core.package_identification:_identify(.) by extensions ['colcon_pkg']
[0.293s] Level 1:colcon.colcon_core.package_identification:_identify(.) by extension 'colcon_pkg'
[0.293s] Level 1:colcon.colcon_core.package_identification:_identify(.) by extensions ['colcon_meta']
[0.293s] Level 1:colcon.colcon_core.package_identification:_identify(.) by extension 'colcon_meta'
[0.293s] Level 1:colcon.colcon_core.package_identification:_identify(.) by extensions ['ros']
[0.293s] Level 1:colcon.colcon_core.package_identification:_identify(.) by extension 'ros'
[0.303s] Level 1:colcon.colcon_core.package_identification:_identify(.) by extensions ['cmake', 'python']
[0.303s] Level 1:colcon.colcon_core.package_identification:_identify(.) by extension 'cmake'
[0.303s] Level 1:colcon.colcon_core.package_identification:_identify(.) by extension 'python'
[0.303s] Level 1:colcon.colcon_core.package_identification:_identify(.) by extensions ['python_setup_py']
[0.303s] Level 1:colcon.colcon_core.package_identification:_identify(.) by extension 'python_setup_py'
[0.303s] Level 1:colcon.colcon_core.package_identification:_identify(ROS2_examples) by extensions ['ignore', 'ignore_ament_install']
[0.303s] Level 1:colcon.colcon_core.package_identification:_identify(ROS2_examples) by extension 'ignore'
[0.303s] Level 1:colcon.colcon_core.package_identification:_identify(ROS2_examples) by extension 'ignore_ament_install'
[0.303s] Level 1:colcon.colcon_core.package_identification:_identify(ROS2_examples) by extensions ['colcon_pkg']
[0.303s] Level 1:colcon.colcon_core.package_identification:_identify(ROS2_examples) by extension 'colcon_pkg'
[0.303s] Level 1:colcon.colcon_core.package_identification:_identify(ROS2_examples) by extensions ['colcon_meta']
[0.303s] Level 1:colcon.colcon_core.package_identification:_identify(ROS2_examples) by extension 'colcon_meta'
[0.303s] Level 1:colcon.colcon_core.package_identification:_identify(ROS2_examples) by extensions ['ros']
[0.303s] Level 1:colcon.colcon_core.package_identification:_identify(ROS2_examples) by extension 'ros'
[0.303s] Level 1:colcon.colcon_core.package_identification:_identify(ROS2_examples) by extensions ['cmake', 'python']
[0.303s] Level 1:colcon.colcon_core.package_identification:_identify(ROS2_examples) by extension 'cmake'
[0.303s] Level 1:colcon.colcon_core.package_identification:_identify(ROS2_examples) by extension 'python'
[0.303s] Level 1:colcon.colcon_core.package_identification:_identify(ROS2_examples) by extensions ['python_setup_py']
[0.303s] Level 1:colcon.colcon_core.package_identification:_identify(ROS2_examples) by extension 'python_setup_py'
[0.303s] Level 1:colcon.colcon_core.package_identification:_identify(ROS2_examples/launch_testing) by extensions ['ignore', 'ignore_ament_install']
[0.304s] Level 1:colcon.colcon_core.package_identification:_identify(ROS2_examples/launch_testing) by extension 'ignore'
[0.304s] Level 1:colcon.colcon_core.package_identification:_identify(ROS2_examples/launch_testing) by extension 'ignore_ament_install'
[0.304s] Level 1:colcon.colcon_core.package_identification:_identify(ROS2_examples/launch_testing) by extensions ['colcon_pkg']
[0.304s] Level 1:colcon.colcon_core.package_identification:_identify(ROS2_examples/launch_testing) by extension 'colcon_pkg'
[0.304s] Level 1:colcon.colcon_core.package_identification:_identify(ROS2_examples/launch_testing) by extensions ['colcon_meta']
[0.304s] Level 1:colcon.colcon_core.package_identification:_identify(ROS2_examples/launch_testing) by extension 'colcon_meta'
[0.304s] Level 1:colcon.colcon_core.package_identification:_identify(ROS2_examples/launch_testing) by extensions ['ros']
[0.304s] Level 1:colcon.colcon_core.package_identification:_identify(ROS2_examples/launch_testing) by extension 'ros'
[0.304s] Level 1:colcon.colcon_core.package_identification:_identify(ROS2_examples/launch_testing) by extensions ['cmake', 'python']
[0.304s] Level 1:colcon.colcon_core.package_identification:_identify(ROS2_examples/launch_testing) by extension 'cmake'
[0.304s] Level 1:colcon.colcon_core.package_identification:_identify(ROS2_examples/launch_testing) by extension 'python'
[0.304s] Level 1:colcon.colcon_core.package_identification:_identify(ROS2_examples/launch_testing) by extensions ['python_setup_py']
[0.304s] Level 1:colcon.colcon_core.package_identification:_identify(ROS2_examples/launch_testing) by extension 'python_setup_py'
[0.304s] Level 1:colcon.colcon_core.package_identification:_identify(ROS2_examples/launch_testing/launch_testing_examples) by extensions ['ignore', 'ignore_ament_install']
[0.304s] Level 1:colcon.colcon_core.package_identification:_identify(ROS2_examples/launch_testing/launch_testing_examples) by extension 'ignore'
[0.304s] Level 1:colcon.colcon_core.package_identification:_identify(ROS2_examples/launch_testing/launch_testing_examples) by extension 'ignore_ament_install'
[0.304s] Level 1:colcon.colcon_core.package_identification:_identify(ROS2_examples/launch_testing/launch_testing_examples) by extensions ['colcon_pkg']
[0.304s] Level 1:colcon.colcon_core.package_identification:_identify(ROS2_examples/launch_testing/launch_testing_examples) by extension 'colcon_pkg'
[0.304s] Level 1:colcon.colcon_core.package_identification:_identify(ROS2_examples/launch_testing/launch_testing_examples) by extensions ['colcon_meta']
[0.304s] Level 1:colcon.colcon_core.package_identification:_identify(ROS2_examples/launch_testing/launch_testing_examples) by extension 'colcon_meta'
[0.304s] Level 1:colcon.colcon_core.package_identification:_identify(ROS2_examples/launch_testing/launch_testing_examples) by extensions ['ros']
[0.304s] Level 1:colcon.colcon_core.package_identification:_identify(ROS2_examples/launch_testing/launch_testing_examples) by extension 'ros'
[0.306s] DEBUG:colcon.colcon_core.package_identification:Package 'ROS2_examples/launch_testing/launch_testing_examples' with type 'ros.ament_python' and name 'launch_testing_examples'
[0.307s] Level 1:colcon.colcon_core.package_identification:_identify(ROS2_examples/rclpy) by extensions ['ignore', 'ignore_ament_install']
[0.307s] Level 1:colcon.colcon_core.package_identification:_identify(ROS2_examples/rclpy) by extension 'ignore'
[0.307s] Level 1:colcon.colcon_core.package_identification:_identify(ROS2_examples/rclpy) by extension 'ignore_ament_install'
[0.307s] Level 1:colcon.colcon_core.package_identification:_identify(ROS2_examples/rclpy) by extensions ['colcon_pkg']
[0.307s] Level 1:colcon.colcon_core.package_identification:_identify(ROS2_examples/rclpy) by extension 'colcon_pkg'
[0.307s] Level 1:colcon.colcon_core.package_identification:_identify(ROS2_examples/rclpy) by extensions ['colcon_meta']
[0.307s] Level 1:colcon.colcon_core.package_identification:_identify(ROS2_examples/rclpy) by extension 'colcon_meta'
[0.307s] Level 1:colcon.colcon_core.package_identification:_identify(ROS2_examples/rclpy) by extensions ['ros']
[0.307s] Level 1:colcon.colcon_core.package_identification:_identify(ROS2_examples/rclpy) by extension 'ros'
[0.307s] Level 1:colcon.colcon_core.package_identification:_identify(ROS2_examples/rclpy) by extensions ['cmake', 'python']
[0.307s] Level 1:colcon.colcon_core.package_identification:_identify(ROS2_examples/rclpy) by extension 'cmake'
[0.307s] Level 1:colcon.colcon_core.package_identification:_identify(ROS2_examples/rclpy) by extension 'python'
[0.307s] Level 1:colcon.colcon_core.package_identification:_identify(ROS2_examples/rclpy) by extensions ['python_setup_py']
[0.307s] Level 1:colcon.colcon_core.package_identification:_identify(ROS2_examples/rclpy) by extension 'python_setup_py'
[0.307s] Level 1:colcon.colcon_core.package_identification:_identify(ROS2_examples/rclpy/actions) by extensions ['ignore', 'ignore_ament_install']
[0.307s] Level 1:colcon.colcon_core.package_identification:_identify(ROS2_examples/rclpy/actions) by extension 'ignore'
[0.307s] Level 1:colcon.colcon_core.package_identification:_identify(ROS2_examples/rclpy/actions) by extension 'ignore_ament_install'
[0.307s] Level 1:colcon.colcon_core.package_identification:_identify(ROS2_examples/rclpy/actions) by extensions ['colcon_pkg']
[0.307s] Level 1:colcon.colcon_core.package_identification:_identify(ROS2_examples/rclpy/actions) by extension 'colcon_pkg'
[0.307s] Level 1:colcon.colcon_core.package_identification:_identify(ROS2_examples/rclpy/actions) by extensions ['colcon_meta']
[0.307s] Level 1:colcon.colcon_core.package_identification:_identify(ROS2_examples/rclpy/actions) by extension 'colcon_meta'
[0.307s] Level 1:colcon.colcon_core.package_identification:_identify(ROS2_examples/rclpy/actions) by extensions ['ros']
[0.307s] Level 1:colcon.colcon_core.package_identification:_identify(ROS2_examples/rclpy/actions) by extension 'ros'
[0.307s] Level 1:colcon.colcon_core.package_identification:_identify(ROS2_examples/rclpy/actions) by extensions ['cmake', 'python']
[0.307s] Level 1:colcon.colcon_core.package_identification:_identify(ROS2_examples/rclpy/actions) by extension 'cmake'
[0.307s] Level 1:colcon.colcon_core.package_identification:_identify(ROS2_examples/rclpy/actions) by extension 'python'
[0.308s] Level 1:colcon.colcon_core.package_identification:_identify(ROS2_examples/rclpy/actions) by extensions ['python_setup_py']
[0.308s] Level 1:colcon.colcon_core.package_identification:_identify(ROS2_examples/rclpy/actions) by extension 'python_setup_py'
[0.308s] Level 1:colcon.colcon_core.package_identification:_identify(ROS2_examples/rclpy/actions/minimal_action_client) by extensions ['ignore', 'ignore_ament_install']
[0.308s] Level 1:colcon.colcon_core.package_identification:_identify(ROS2_examples/rclpy/actions/minimal_action_client) by extension 'ignore'
[0.308s] Level 1:colcon.colcon_core.package_identification:_identify(ROS2_examples/rclpy/actions/minimal_action_client) by extension 'ignore_ament_install'
[0.308s] Level 1:colcon.colcon_core.package_identification:_identify(ROS2_examples/rclpy/actions/minimal_action_client) by extensions ['colcon_pkg']
[0.308s] Level 1:colcon.colcon_core.package_identification:_identify(ROS2_examples/rclpy/actions/minimal_action_client) by extension 'colcon_pkg'
[0.308s] Level 1:colcon.colcon_core.package_identification:_identify(ROS2_examples/rclpy/actions/minimal_action_client) by extensions ['colcon_meta']
[0.308s] Level 1:colcon.colcon_core.package_identification:_identify(ROS2_examples/rclpy/actions/minimal_action_client) by extension 'colcon_meta'
[0.308s] Level 1:colcon.colcon_core.package_identification:_identify(ROS2_examples/rclpy/actions/minimal_action_client) by extensions ['ros']
[0.308s] Level 1:colcon.colcon_core.package_identification:_identify(ROS2_examples/rclpy/actions/minimal_action_client) by extension 'ros'
[0.308s] DEBUG:colcon.colcon_core.package_identification:Package 'ROS2_examples/rclpy/actions/minimal_action_client' with type 'ros.ament_python' and name 'examples_rclpy_minimal_action_client'
[0.308s] Level 1:colcon.colcon_core.package_identification:_identify(ROS2_examples/rclpy/actions/minimal_action_server) by extensions ['ignore', 'ignore_ament_install']
[0.309s] Level 1:colcon.colcon_core.package_identification:_identify(ROS2_examples/rclpy/actions/minimal_action_server) by extension 'ignore'
[0.309s] Level 1:colcon.colcon_core.package_identification:_identify(ROS2_examples/rclpy/actions/minimal_action_server) by extension 'ignore_ament_install'
[0.309s] Level 1:colcon.colcon_core.package_identification:_identify(ROS2_examples/rclpy/actions/minimal_action_server) by extensions ['colcon_pkg']
[0.309s] Level 1:colcon.colcon_core.package_identification:_identify(ROS2_examples/rclpy/actions/minimal_action_server) by extension 'colcon_pkg'
[0.309s] Level 1:colcon.colcon_core.package_identification:_identify(ROS2_examples/rclpy/actions/minimal_action_server) by extensions ['colcon_meta']
[0.309s] Level 1:colcon.colcon_core.package_identification:_identify(ROS2_examples/rclpy/actions/minimal_action_server) by extension 'colcon_meta'
[0.309s] Level 1:colcon.colcon_core.package_identification:_identify(ROS2_examples/rclpy/actions/minimal_action_server) by extensions ['ros']
[0.309s] Level 1:colcon.colcon_core.package_identification:_identify(ROS2_examples/rclpy/actions/minimal_action_server) by extension 'ros'
[0.309s] DEBUG:colcon.colcon_core.package_identification:Package 'ROS2_examples/rclpy/actions/minimal_action_server' with type 'ros.ament_python' and name 'examples_rclpy_minimal_action_server'
[0.309s] Level 1:colcon.colcon_core.package_identification:_identify(ROS2_examples/rclpy/services) by extensions ['ignore', 'ignore_ament_install']
[0.309s] Level 1:colcon.colcon_core.package_identification:_identify(ROS2_examples/rclpy/services) by extension 'ignore'
[0.309s] Level 1:colcon.colcon_core.package_identification:_identify(ROS2_examples/rclpy/services) by extension 'ignore_ament_install'
[0.309s] Level 1:colcon.colcon_core.package_identification:_identify(ROS2_examples/rclpy/services) by extensions ['colcon_pkg']
[0.309s] Level 1:colcon.colcon_core.package_identification:_identify(ROS2_examples/rclpy/services) by extension 'colcon_pkg'
[0.309s] Level 1:colcon.colcon_core.package_identification:_identify(ROS2_examples/rclpy/services) by extensions ['colcon_meta']
[0.309s] Level 1:colcon.colcon_core.package_identification:_identify(ROS2_examples/rclpy/services) by extension 'colcon_meta'
[0.309s] Level 1:colcon.colcon_core.package_identification:_identify(ROS2_examples/rclpy/services) by extensions ['ros']
[0.309s] Level 1:colcon.colcon_core.package_identification:_identify(ROS2_examples/rclpy/services) by extension 'ros'
[0.310s] Level 1:colcon.colcon_core.package_identification:_identify(ROS2_examples/rclpy/services) by extensions ['cmake', 'python']
[0.310s] Level 1:colcon.colcon_core.package_identification:_identify(ROS2_examples/rclpy/services) by extension 'cmake'
[0.310s] Level 1:colcon.colcon_core.package_identification:_identify(ROS2_examples/rclpy/services) by extension 'python'
[0.310s] Level 1:colcon.colcon_core.package_identification:_identify(ROS2_examples/rclpy/services) by extensions ['python_setup_py']
[0.310s] Level 1:colcon.colcon_core.package_identification:_identify(ROS2_examples/rclpy/services) by extension 'python_setup_py'
[0.310s] Level 1:colcon.colcon_core.package_identification:_identify(ROS2_examples/rclpy/services/minimal_client) by extensions ['ignore', 'ignore_ament_install']
[0.310s] Level 1:colcon.colcon_core.package_identification:_identify(ROS2_examples/rclpy/services/minimal_client) by extension 'ignore'
[0.310s] Level 1:colcon.colcon_core.package_identification:_identify(ROS2_examples/rclpy/services/minimal_client) by extension 'ignore_ament_install'
[0.310s] Level 1:colcon.colcon_core.package_identification:_identify(ROS2_examples/rclpy/services/minimal_client) by extensions ['colcon_pkg']
[0.310s] Level 1:colcon.colcon_core.package_identification:_identify(ROS2_examples/rclpy/services/minimal_client) by extension 'colcon_pkg'
[0.310s] Level 1:colcon.colcon_core.package_identification:_identify(ROS2_examples/rclpy/services/minimal_client) by extensions ['colcon_meta']
[0.310s] Level 1:colcon.colcon_core.package_identification:_identify(ROS2_examples/rclpy/services/minimal_client) by extension 'colcon_meta'
[0.310s] Level 1:colcon.colcon_core.package_identification:_identify(ROS2_examples/rclpy/services/minimal_client) by extensions ['ros']
[0.310s] Level 1:colcon.colcon_core.package_identification:_identify(ROS2_examples/rclpy/services/minimal_client) by extension 'ros'
[0.310s] DEBUG:colcon.colcon_core.package_identification:Package 'ROS2_examples/rclpy/services/minimal_client' with type 'ros.ament_python' and name 'examples_rclpy_minimal_client'
[0.310s] Level 1:colcon.colcon_core.package_identification:_identify(ROS2_examples/rclpy/services/minimal_service) by extensions ['ignore', 'ignore_ament_install']
[0.310s] Level 1:colcon.colcon_core.package_identification:_identify(ROS2_examples/rclpy/services/minimal_service) by extension 'ignore'
[0.311s] Level 1:colcon.colcon_core.package_identification:_identify(ROS2_examples/rclpy/services/minimal_service) by extension 'ignore_ament_install'
[0.311s] Level 1:colcon.colcon_core.package_identification:_identify(ROS2_examples/rclpy/services/minimal_service) by extensions ['colcon_pkg']
[0.311s] Level 1:colcon.colcon_core.package_identification:_identify(ROS2_examples/rclpy/services/minimal_service) by extension 'colcon_pkg'
[0.311s] Level 1:colcon.colcon_core.package_identification:_identify(ROS2_examples/rclpy/services/minimal_service) by extensions ['colcon_meta']
[0.311s] Level 1:colcon.colcon_core.package_identification:_identify(ROS2_examples/rclpy/services/minimal_service) by extension 'colcon_meta'
[0.311s] Level 1:colcon.colcon_core.package_identification:_identify(ROS2_examples/rclpy/services/minimal_service) by extensions ['ros']
[0.311s] Level 1:colcon.colcon_core.package_identification:_identify(ROS2_examples/rclpy/services/minimal_service) by extension 'ros'
[0.311s] DEBUG:colcon.colcon_core.package_identification:Package 'ROS2_examples/rclpy/services/minimal_service' with type 'ros.ament_python' and name 'examples_rclpy_minimal_service'
[0.311s] Level 1:colcon.colcon_core.package_identification:_identify(ROS2_examples/rclpy/topics) by extensions ['ignore', 'ignore_ament_install']
[0.311s] Level 1:colcon.colcon_core.package_identification:_identify(ROS2_examples/rclpy/topics) by extension 'ignore'
[0.311s] Level 1:colcon.colcon_core.package_identification:_identify(ROS2_examples/rclpy/topics) by extension 'ignore_ament_install'
[0.311s] Level 1:colcon.colcon_core.package_identification:_identify(ROS2_examples/rclpy/topics) by extensions ['colcon_pkg']
[0.311s] Level 1:colcon.colcon_core.package_identification:_identify(ROS2_examples/rclpy/topics) by extension 'colcon_pkg'
[0.311s] Level 1:colcon.colcon_core.package_identification:_identify(ROS2_examples/rclpy/topics) by extensions ['colcon_meta']
[0.311s] Level 1:colcon.colcon_core.package_identification:_identify(ROS2_examples/rclpy/topics) by extension 'colcon_meta'
[0.312s] Level 1:colcon.colcon_core.package_identification:_identify(ROS2_examples/rclpy/topics) by extensions ['ros']
[0.312s] Level 1:colcon.colcon_core.package_identification:_identify(ROS2_examples/rclpy/topics) by extension 'ros'
[0.312s] Level 1:colcon.colcon_core.package_identification:_identify(ROS2_examples/rclpy/topics) by extensions ['cmake', 'python']
[0.312s] Level 1:colcon.colcon_core.package_identification:_identify(ROS2_examples/rclpy/topics) by extension 'cmake'
[0.312s] Level 1:colcon.colcon_core.package_identification:_identify(ROS2_examples/rclpy/topics) by extension 'python'
[0.312s] Level 1:colcon.colcon_core.package_identification:_identify(ROS2_examples/rclpy/topics) by extensions ['python_setup_py']
[0.312s] Level 1:colcon.colcon_core.package_identification:_identify(ROS2_examples/rclpy/topics) by extension 'python_setup_py'
[0.312s] Level 1:colcon.colcon_core.package_identification:_identify(ROS2_examples/rclpy/topics/minimal_publisher) by extensions ['ignore', 'ignore_ament_install']
[0.312s] Level 1:colcon.colcon_core.package_identification:_identify(ROS2_examples/rclpy/topics/minimal_publisher) by extension 'ignore'
[0.312s] Level 1:colcon.colcon_core.package_identification:_identify(ROS2_examples/rclpy/topics/minimal_publisher) by extension 'ignore_ament_install'
[0.312s] Level 1:colcon.colcon_core.package_identification:_identify(ROS2_examples/rclpy/topics/minimal_publisher) by extensions ['colcon_pkg']
[0.312s] Level 1:colcon.colcon_core.package_identification:_identify(ROS2_examples/rclpy/topics/minimal_publisher) by extension 'colcon_pkg'
[0.312s] Level 1:colcon.colcon_core.package_identification:_identify(ROS2_examples/rclpy/topics/minimal_publisher) by extensions ['colcon_meta']
[0.312s] Level 1:colcon.colcon_core.package_identification:_identify(ROS2_examples/rclpy/topics/minimal_publisher) by extension 'colcon_meta'
[0.312s] Level 1:colcon.colcon_core.package_identification:_identify(ROS2_examples/rclpy/topics/minimal_publisher) by extensions ['ros']
[0.312s] Level 1:colcon.colcon_core.package_identification:_identify(ROS2_examples/rclpy/topics/minimal_publisher) by extension 'ros'
[0.312s] DEBUG:colcon.colcon_core.package_identification:Package 'ROS2_examples/rclpy/topics/minimal_publisher' with type 'ros.ament_python' and name 'examples_rclpy_minimal_publisher'
[0.313s] Level 1:colcon.colcon_core.package_identification:_identify(ROS2_examples/rclpy/topics/minimal_subscriber) by extensions ['ignore', 'ignore_ament_install']
[0.313s] Level 1:colcon.colcon_core.package_identification:_identify(ROS2_examples/rclpy/topics/minimal_subscriber) by extension 'ignore'
[0.313s] Level 1:colcon.colcon_core.package_identification:_identify(ROS2_examples/rclpy/topics/minimal_subscriber) by extension 'ignore_ament_install'
[0.313s] Level 1:colcon.colcon_core.package_identification:_identify(ROS2_examples/rclpy/topics/minimal_subscriber) by extensions ['colcon_pkg']
[0.313s] Level 1:colcon.colcon_core.package_identification:_identify(ROS2_examples/rclpy/topics/minimal_subscriber) by extension 'colcon_pkg'
[0.313s] Level 1:colcon.colcon_core.package_identification:_identify(ROS2_examples/rclpy/topics/minimal_subscriber) by extensions ['colcon_meta']
[0.313s] Level 1:colcon.colcon_core.package_identification:_identify(ROS2_examples/rclpy/topics/minimal_subscriber) by extension 'colcon_meta'
[0.313s] Level 1:colcon.colcon_core.package_identification:_identify(ROS2_examples/rclpy/topics/minimal_subscriber) by extensions ['ros']
[0.313s] Level 1:colcon.colcon_core.package_identification:_identify(ROS2_examples/rclpy/topics/minimal_subscriber) by extension 'ros'
[0.313s] DEBUG:colcon.colcon_core.package_identification:Package 'ROS2_examples/rclpy/topics/minimal_subscriber' with type 'ros.ament_python' and name 'examples_rclpy_minimal_subscriber'
[0.313s] Level 1:colcon.colcon_core.package_identification:_identify(build) by extensions ['ignore', 'ignore_ament_install']
[0.313s] Level 1:colcon.colcon_core.package_identification:_identify(build) by extension 'ignore'
[0.313s] Level 1:colcon.colcon_core.package_identification:_identify(build) ignored
[0.313s] Level 1:colcon.colcon_core.package_identification:_identify(install) by extensions ['ignore', 'ignore_ament_install']
[0.313s] Level 1:colcon.colcon_core.package_identification:_identify(install) by extension 'ignore'
[0.314s] Level 1:colcon.colcon_core.package_identification:_identify(install) ignored
[0.314s] Level 1:colcon.colcon_core.package_identification:_identify(log) by extensions ['ignore', 'ignore_ament_install']
[0.314s] Level 1:colcon.colcon_core.package_identification:_identify(log) by extension 'ignore'
[0.314s] Level 1:colcon.colcon_core.package_identification:_identify(log) ignored
[0.314s] Level 1:colcon.colcon_core.package_identification:_identify(mi_paquete_python) by extensions ['ignore', 'ignore_ament_install']
[0.314s] Level 1:colcon.colcon_core.package_identification:_identify(mi_paquete_python) by extension 'ignore'
[0.314s] Level 1:colcon.colcon_core.package_identification:_identify(mi_paquete_python) by extension 'ignore_ament_install'
[0.314s] Level 1:colcon.colcon_core.package_identification:_identify(mi_paquete_python) by extensions ['colcon_pkg']
[0.314s] Level 1:colcon.colcon_core.package_identification:_identify(mi_paquete_python) by extension 'colcon_pkg'
[0.314s] Level 1:colcon.colcon_core.package_identification:_identify(mi_paquete_python) by extensions ['colcon_meta']
[0.314s] Level 1:colcon.colcon_core.package_identification:_identify(mi_paquete_python) by extension 'colcon_meta'
[0.314s] Level 1:colcon.colcon_core.package_identification:_identify(mi_paquete_python) by extensions ['ros']
[0.314s] Level 1:colcon.colcon_core.package_identification:_identify(mi_paquete_python) by extension 'ros'
[0.315s] DEBUG:colcon.colcon_core.package_identification:Found ROS schema reference in package manifest in 'mi_paquete_python'
[0.315s] WARNING:colcon.colcon_core.package_identification:Failed to parse ROS package manifest in 'mi_paquete_python': Error(s) in package 'mi_paquete_python/package.xml':
Error(s):
- The generic dependency on 'rclpy' is redundant with: exec_depend
[0.315s] Level 1:colcon.colcon_core.package_identification:_identify(mi_paquete_python) by extensions ['cmake', 'python']
[0.315s] Level 1:colcon.colcon_core.package_identification:_identify(mi_paquete_python) by extension 'cmake'
[0.315s] Level 1:colcon.colcon_core.package_identification:_identify(mi_paquete_python) by extension 'python'
[0.315s] DEBUG:colcon.colcon_core.package_identification:Python package in 'mi_paquete_python' passes arguments to the setup() function which requires a different identification extension than 'python'
[0.315s] Level 1:colcon.colcon_core.package_identification:_identify(mi_paquete_python) by extensions ['python_setup_py']
[0.315s] Level 1:colcon.colcon_core.package_identification:_identify(mi_paquete_python) by extension 'python_setup_py'
[0.591s] ERROR:colcon.colcon_core.package_identification:Exception in package identification extension 'python_setup_py' in 'mi_paquete_python': Command '['/usr/bin/python3', '-c', 'import sys;from contextlib import suppress;exec("with suppress(ImportError):    from setuptools.extern.packaging.specifiers    import SpecifierSet");exec("with suppress(ImportError):    from packaging.specifiers import SpecifierSet");from distutils.core import run_setup;dist = run_setup(    \'setup.py\', script_args=(\'--dry-run\',), stop_after=\'config\');skip_keys = (\'cmdclass\', \'distclass\', \'ext_modules\', \'metadata\');data = {    key: value for key, value in dist.__dict__.items()     if (        not key.startswith(\'_\') and         not callable(value) and         key not in skip_keys and         key not in dist.display_option_names    )};data[\'metadata\'] = {    k: v for k, v in dist.metadata.__dict__.items()     if k not in (\'license_files\', \'provides_extras\')};sys.stdout.buffer.write(repr(data).encode(\'utf-8\'))']' returned non-zero exit status 1.
Traceback (most recent call last):
  File "/usr/lib/python3/dist-packages/colcon_core/package_identification/__init__.py", line 142, in _identify
    retval = extension.identify(_reused_descriptor_instance)
  File "/usr/lib/python3/dist-packages/colcon_python_setup_py/package_identification/python_setup_py.py", line 48, in identify
    config = get_setup_information(setup_py)
  File "/usr/lib/python3/dist-packages/colcon_python_setup_py/package_identification/python_setup_py.py", line 241, in get_setup_information
    _setup_information_cache[hashable_env] = _get_setup_information(
  File "/usr/lib/python3/dist-packages/colcon_python_setup_py/package_identification/python_setup_py.py", line 288, in _get_setup_information
    result = subprocess.run(
  File "/usr/lib/python3.10/subprocess.py", line 526, in run
    raise CalledProcessError(retcode, process.args,
subprocess.CalledProcessError: Command '['/usr/bin/python3', '-c', 'import sys;from contextlib import suppress;exec("with suppress(ImportError):    from setuptools.extern.packaging.specifiers    import SpecifierSet");exec("with suppress(ImportError):    from packaging.specifiers import SpecifierSet");from distutils.core import run_setup;dist = run_setup(    \'setup.py\', script_args=(\'--dry-run\',), stop_after=\'config\');skip_keys = (\'cmdclass\', \'distclass\', \'ext_modules\', \'metadata\');data = {    key: value for key, value in dist.__dict__.items()     if (        not key.startswith(\'_\') and         not callable(value) and         key not in skip_keys and         key not in dist.display_option_names    )};data[\'metadata\'] = {    k: v for k, v in dist.metadata.__dict__.items()     if k not in (\'license_files\', \'provides_extras\')};sys.stdout.buffer.write(repr(data).encode(\'utf-8\'))']' returned non-zero exit status 1.

[0.591s] Level 1:colcon.colcon_core.package_identification:_identify(mi_paquete_python/build) by extensions ['ignore', 'ignore_ament_install']
[0.592s] Level 1:colcon.colcon_core.package_identification:_identify(mi_paquete_python/build) by extension 'ignore'
[0.592s] Level 1:colcon.colcon_core.package_identification:_identify(mi_paquete_python/build) ignored
[0.592s] Level 1:colcon.colcon_core.package_identification:_identify(mi_paquete_python/install) by extensions ['ignore', 'ignore_ament_install']
[0.592s] Level 1:colcon.colcon_core.package_identification:_identify(mi_paquete_python/install) by extension 'ignore'
[0.592s] Level 1:colcon.colcon_core.package_identification:_identify(mi_paquete_python/install) ignored
[0.592s] Level 1:colcon.colcon_core.package_identification:_identify(mi_paquete_python/log) by extensions ['ignore', 'ignore_ament_install']
[0.592s] Level 1:colcon.colcon_core.package_identification:_identify(mi_paquete_python/log) by extension 'ignore'
[0.592s] Level 1:colcon.colcon_core.package_identification:_identify(mi_paquete_python/log) ignored
[0.592s] Level 1:colcon.colcon_core.package_identification:_identify(mi_paquete_python/mi_paquete_python) by extensions ['ignore', 'ignore_ament_install']
[0.593s] Level 1:colcon.colcon_core.package_identification:_identify(mi_paquete_python/mi_paquete_python) by extension 'ignore'
[0.593s] Level 1:colcon.colcon_core.package_identification:_identify(mi_paquete_python/mi_paquete_python) by extension 'ignore_ament_install'
[0.593s] Level 1:colcon.colcon_core.package_identification:_identify(mi_paquete_python/mi_paquete_python) by extensions ['colcon_pkg']
[0.593s] Level 1:colcon.colcon_core.package_identification:_identify(mi_paquete_python/mi_paquete_python) by extension 'colcon_pkg'
[0.593s] Level 1:colcon.colcon_core.package_identification:_identify(mi_paquete_python/mi_paquete_python) by extensions ['colcon_meta']
[0.593s] Level 1:colcon.colcon_core.package_identification:_identify(mi_paquete_python/mi_paquete_python) by extension 'colcon_meta'
[0.593s] Level 1:colcon.colcon_core.package_identification:_identify(mi_paquete_python/mi_paquete_python) by extensions ['ros']
[0.593s] Level 1:colcon.colcon_core.package_identification:_identify(mi_paquete_python/mi_paquete_python) by extension 'ros'
[0.593s] Level 1:colcon.colcon_core.package_identification:_identify(mi_paquete_python/mi_paquete_python) by extensions ['cmake', 'python']
[0.593s] Level 1:colcon.colcon_core.package_identification:_identify(mi_paquete_python/mi_paquete_python) by extension 'cmake'
[0.593s] Level 1:colcon.colcon_core.package_identification:_identify(mi_paquete_python/mi_paquete_python) by extension 'python'
[0.593s] Level 1:colcon.colcon_core.package_identification:_identify(mi_paquete_python/mi_paquete_python) by extensions ['python_setup_py']
[0.593s] Level 1:colcon.colcon_core.package_identification:_identify(mi_paquete_python/mi_paquete_python) by extension 'python_setup_py'
[0.594s] Level 1:colcon.colcon_core.package_identification:_identify(mi_paquete_python/mi_paquete_python/build) by extensions ['ignore', 'ignore_ament_install']
[0.594s] Level 1:colcon.colcon_core.package_identification:_identify(mi_paquete_python/mi_paquete_python/build) by extension 'ignore'
[0.594s] Level 1:colcon.colcon_core.package_identification:_identify(mi_paquete_python/mi_paquete_python/build) ignored
[0.594s] Level 1:colcon.colcon_core.package_identification:_identify(mi_paquete_python/mi_paquete_python/install) by extensions ['ignore', 'ignore_ament_install']
[0.594s] Level 1:colcon.colcon_core.package_identification:_identify(mi_paquete_python/mi_paquete_python/install) by extension 'ignore'
[0.594s] Level 1:colcon.colcon_core.package_identification:_identify(mi_paquete_python/mi_paquete_python/install) ignored
[0.594s] Level 1:colcon.colcon_core.package_identification:_identify(mi_paquete_python/mi_paquete_python/log) by extensions ['ignore', 'ignore_ament_install']
[0.594s] Level 1:colcon.colcon_core.package_identification:_identify(mi_paquete_python/mi_paquete_python/log) by extension 'ignore'
[0.594s] Level 1:colcon.colcon_core.package_identification:_identify(mi_paquete_python/mi_paquete_python/log) ignored
[0.594s] Level 1:colcon.colcon_core.package_identification:_identify(mi_paquete_python/resource) by extensions ['ignore', 'ignore_ament_install']
[0.594s] Level 1:colcon.colcon_core.package_identification:_identify(mi_paquete_python/resource) by extension 'ignore'
[0.594s] Level 1:colcon.colcon_core.package_identification:_identify(mi_paquete_python/resource) by extension 'ignore_ament_install'
[0.594s] Level 1:colcon.colcon_core.package_identification:_identify(mi_paquete_python/resource) by extensions ['colcon_pkg']
[0.594s] Level 1:colcon.colcon_core.package_identification:_identify(mi_paquete_python/resource) by extension 'colcon_pkg'
[0.594s] Level 1:colcon.colcon_core.package_identification:_identify(mi_paquete_python/resource) by extensions ['colcon_meta']
[0.594s] Level 1:colcon.colcon_core.package_identification:_identify(mi_paquete_python/resource) by extension 'colcon_meta'
[0.594s] Level 1:colcon.colcon_core.package_identification:_identify(mi_paquete_python/resource) by extensions ['ros']
[0.594s] Level 1:colcon.colcon_core.package_identification:_identify(mi_paquete_python/resource) by extension 'ros'
[0.594s] Level 1:colcon.colcon_core.package_identification:_identify(mi_paquete_python/resource) by extensions ['cmake', 'python']
[0.594s] Level 1:colcon.colcon_core.package_identification:_identify(mi_paquete_python/resource) by extension 'cmake'
[0.595s] Level 1:colcon.colcon_core.package_identification:_identify(mi_paquete_python/resource) by extension 'python'
[0.595s] Level 1:colcon.colcon_core.package_identification:_identify(mi_paquete_python/resource) by extensions ['python_setup_py']
[0.595s] Level 1:colcon.colcon_core.package_identification:_identify(mi_paquete_python/resource) by extension 'python_setup_py'
[0.595s] Level 1:colcon.colcon_core.package_identification:_identify(mi_paquete_python/test) by extensions ['ignore', 'ignore_ament_install']
[0.595s] Level 1:colcon.colcon_core.package_identification:_identify(mi_paquete_python/test) by extension 'ignore'
[0.595s] Level 1:colcon.colcon_core.package_identification:_identify(mi_paquete_python/test) by extension 'ignore_ament_install'
[0.595s] Level 1:colcon.colcon_core.package_identification:_identify(mi_paquete_python/test) by extensions ['colcon_pkg']
[0.595s] Level 1:colcon.colcon_core.package_identification:_identify(mi_paquete_python/test) by extension 'colcon_pkg'
[0.595s] Level 1:colcon.colcon_core.package_identification:_identify(mi_paquete_python/test) by extensions ['colcon_meta']
[0.595s] Level 1:colcon.colcon_core.package_identification:_identify(mi_paquete_python/test) by extension 'colcon_meta'
[0.595s] Level 1:colcon.colcon_core.package_identification:_identify(mi_paquete_python/test) by extensions ['ros']
[0.595s] Level 1:colcon.colcon_core.package_identification:_identify(mi_paquete_python/test) by extension 'ros'
[0.595s] Level 1:colcon.colcon_core.package_identification:_identify(mi_paquete_python/test) by extensions ['cmake', 'python']
[0.595s] Level 1:colcon.colcon_core.package_identification:_identify(mi_paquete_python/test) by extension 'cmake'
[0.595s] Level 1:colcon.colcon_core.package_identification:_identify(mi_paquete_python/test) by extension 'python'
[0.595s] Level 1:colcon.colcon_core.package_identification:_identify(mi_paquete_python/test) by extensions ['python_setup_py']
[0.595s] Level 1:colcon.colcon_core.package_identification:_identify(mi_paquete_python/test) by extension 'python_setup_py'
[0.595s] Level 1:colcon.colcon_core.package_discovery:discover_packages(recursive) using defaults
[0.595s] Level 1:colcon.colcon_core.package_discovery:discover_packages(ignore) discover
[0.595s] Level 1:colcon.colcon_core.package_discovery:discover_packages(ignore) using defaults
[0.595s] Level 1:colcon.colcon_core.package_discovery:discover_packages(path) discover
[0.595s] Level 1:colcon.colcon_core.package_discovery:discover_packages(path) using defaults
[0.597s] WARNING:colcon.colcon_core.package_selection:ignoring unknown package 'mi_paquete_python' in --packages-select
[0.615s] INFO:colcon.colcon_core.package_selection:Skipping not selected package 'examples_rclpy_minimal_action_client' in 'ROS2_examples/rclpy/actions/minimal_action_client'
[0.615s] INFO:colcon.colcon_core.package_selection:Skipping not selected package 'examples_rclpy_minimal_action_server' in 'ROS2_examples/rclpy/actions/minimal_action_server'
[0.615s] INFO:colcon.colcon_core.package_selection:Skipping not selected package 'examples_rclpy_minimal_client' in 'ROS2_examples/rclpy/services/minimal_client'
[0.615s] INFO:colcon.colcon_core.package_selection:Skipping not selected package 'examples_rclpy_minimal_publisher' in 'ROS2_examples/rclpy/topics/minimal_publisher'
[0.615s] INFO:colcon.colcon_core.package_selection:Skipping not selected package 'examples_rclpy_minimal_service' in 'ROS2_examples/rclpy/services/minimal_service'
[0.615s] INFO:colcon.colcon_core.package_selection:Skipping not selected package 'examples_rclpy_minimal_subscriber' in 'ROS2_examples/rclpy/topics/minimal_subscriber'
[0.615s] INFO:colcon.colcon_core.package_selection:Skipping not selected package 'launch_testing_examples' in 'ROS2_examples/launch_testing/launch_testing_examples'
[0.615s] Level 1:colcon.colcon_core.package_discovery:discover_packages(prefix_path) check parameters
[0.616s] Level 1:colcon.colcon_core.package_discovery:discover_packages(prefix_path) discover
[0.618s] DEBUG:colcon.colcon_installed_package_information.package_discovery:Found 8 installed packages in /home/simon/Documents/ARO/ros2_ws/src/install
[0.618s] DEBUG:colcon.colcon_installed_package_information.package_discovery:Found 1 installed packages in /home/simon/Documents/ARO/ros2_ws/src/mi_paquete_python/install
[0.619s] DEBUG:colcon.colcon_installed_package_information.package_discovery:Found 0 installed packages in /home/simon/Documents/ARO/ros2_ws/src/mi_paquete_python/mi_paquete_python/install
[0.620s] DEBUG:colcon.colcon_installed_package_information.package_discovery:Found 362 installed packages in /opt/ros/humble
[0.623s] Level 1:colcon.colcon_core.package_discovery:discover_packages(prefix_path) using defaults
[0.672s] INFO:colcon.colcon_core.executor:Executing jobs using 'parallel' executor
[0.676s] DEBUG:colcon.colcon_parallel_executor.executor.parallel:run_until_complete
[0.676s] DEBUG:colcon.colcon_parallel_executor.executor.parallel:closing loop
[0.676s] DEBUG:colcon.colcon_parallel_executor.executor.parallel:loop closed
[0.676s] DEBUG:colcon.colcon_parallel_executor.executor.parallel:run_until_complete finished with '0'
[0.677s] DEBUG:colcon.colcon_core.event_reactor:joining thread
[0.682s] INFO:colcon.colcon_core.plugin_system:Skipping extension 'colcon_notification.desktop_notification.terminal_notifier': Not used on non-Darwin systems
[0.682s] INFO:colcon.colcon_core.plugin_system:Skipping extension 'colcon_notification.desktop_notification.win32': Not used on non-Windows systems
[0.682s] INFO:colcon.colcon_notification.desktop_notification:Sending desktop notification using 'notify2'
[0.704s] DEBUG:colcon.colcon_core.event_reactor:joined thread
[0.709s] INFO:colcon.colcon_core.plugin_system:Skipping extension 'colcon_core.shell.bat': Not used on non-Windows systems
[0.709s] INFO:colcon.colcon_core.shell:Creating prefix script '/home/simon/Documents/ARO/ros2_ws/src/install/local_setup.ps1'
[0.710s] INFO:colcon.colcon_core.shell:Creating prefix util module '/home/simon/Documents/ARO/ros2_ws/src/install/_local_setup_util_ps1.py'
[0.711s] INFO:colcon.colcon_core.shell:Creating prefix chain script '/home/simon/Documents/ARO/ros2_ws/src/install/setup.ps1'
[0.712s] INFO:colcon.colcon_core.shell:Creating prefix script '/home/simon/Documents/ARO/ros2_ws/src/install/local_setup.sh'
[0.713s] INFO:colcon.colcon_core.shell:Creating prefix util module '/home/simon/Documents/ARO/ros2_ws/src/install/_local_setup_util_sh.py'
[0.714s] INFO:colcon.colcon_core.shell:Creating prefix chain script '/home/simon/Documents/ARO/ros2_ws/src/install/setup.sh'
[0.716s] INFO:colcon.colcon_core.shell:Creating prefix script '/home/simon/Documents/ARO/ros2_ws/src/install/local_setup.bash'
[0.716s] INFO:colcon.colcon_core.shell:Creating prefix chain script '/home/simon/Documents/ARO/ros2_ws/src/install/setup.bash'
[0.718s] INFO:colcon.colcon_core.shell:Creating prefix script '/home/simon/Documents/ARO/ros2_ws/src/install/local_setup.zsh'
[0.718s] INFO:colcon.colcon_core.shell:Creating prefix chain script '/home/simon/Documents/ARO/ros2_ws/src/install/setup.zsh'
