[0.385s] Invoking command in '/home/simon/Documents/ARO/build/turtlebot3_node': AMENT_PREFIX_PATH=/home/simon/Documents/ARO/install/turtlebot3_msgs:/home/simon/Documents/ARO/install/dynamixel_sdk:${AMENT_PREFIX_PATH} CMAKE_PREFIX_PATH=/home/simon/Documents/ARO/install/turtlebot3_msgs:/home/simon/Documents/ARO/install/dynamixel_sdk:/home/simon/Documents/ARO/turtlebot3_ws/install/turtlebot3:/home/simon/Documents/ARO/turtlebot3_ws/install/turtlebot3_simulations:/home/simon/Documents/ARO/turtlebot3_ws/install/turtlebot3_bringup:/home/simon/Documents/ARO/turtlebot3_ws/install/turtlebot3_node:/home/simon/Documents/ARO/turtlebot3_ws/install/turtlebot3_navigation2:/home/simon/Documents/ARO/turtlebot3_ws/install/turtlebot3_fake_node:/home/simon/Documents/ARO/turtlebot3_ws/install/turtlebot3_msgs:/home/simon/Documents/ARO/turtlebot3_ws/install/turtlebot3_gazebo:/home/simon/Documents/ARO/turtlebot3_ws/install/turtlebot3_description:/home/simon/Documents/ARO/turtlebot3_ws/install/turtlebot3_cartographer:/home/simon/Documents/ARO/turtlebot3_ws/install/hls_lfcd_lds_driver:/home/simon/Documents/ARO/turtlebot3_ws/install/dynamixel_sdk_examples:/home/simon/Documents/ARO/turtlebot3_ws/install/dynamixel_sdk_custom_interfaces:/home/simon/Documents/ARO/turtlebot3_ws/install/dynamixel_sdk:/home/simon/Documents/ARO/ros2_ws/install/mi_paquete_python:/home/simon/Documents/ARO/ros2_ws/install/launch_testing_examples:/home/simon/Documents/ARO/ros2_ws/install/examples_rclpy_minimal_subscriber:/home/simon/Documents/ARO/ros2_ws/install/examples_rclpy_minimal_service:/home/simon/Documents/ARO/ros2_ws/install/examples_rclpy_minimal_publisher:/home/simon/Documents/ARO/ros2_ws/install/examples_rclpy_minimal_client:/home/simon/Documents/ARO/ros2_ws/install/examples_rclpy_minimal_action_server:/home/simon/Documents/ARO/ros2_ws/install/examples_rclpy_minimal_action_client:/home/simon/Documents/ARO/ros2_ws/src/install/mi_paquete_python:/home/simon/Documents/ARO/ros2_ws/src/install/launch_testing_examples:/home/simon/Documents/ARO/ros2_ws/src/install/examples_rclpy_minimal_subscriber:/home/simon/Documents/ARO/ros2_ws/src/install/examples_rclpy_minimal_service:/home/simon/Documents/ARO/ros2_ws/src/install/examples_rclpy_minimal_publisher:/home/simon/Documents/ARO/ros2_ws/src/install/examples_rclpy_minimal_client:/home/simon/Documents/ARO/ros2_ws/src/install/examples_rclpy_minimal_action_server:/home/simon/Documents/ARO/ros2_ws/src/install/examples_rclpy_minimal_action_client:/home/simon/Documents/ARO/turtlebot3_ws/install/turtlebot3_teleop:/home/simon/Documents/ARO/turtlebot3_ws/install/turtlebot3_example:/opt/ros/humble LD_LIBRARY_PATH=/home/simon/Documents/ARO/install/turtlebot3_msgs/lib:/home/simon/Documents/ARO/install/dynamixel_sdk/lib:${LD_LIBRARY_PATH} PYTHONPATH=/home/simon/Documents/ARO/install/turtlebot3_msgs/local/lib/python3.10/dist-packages:${PYTHONPATH} /usr/bin/cmake /home/simon/Documents/ARO/turtlebot3_ws/src/turtlebot3/turtlebot3/turtlebot3_node -DCMAKE_INSTALL_PREFIX=/home/simon/Documents/ARO/install/turtlebot3_node
[0.951s] -- The C compiler identification is GNU 11.4.0
[0.951s] -- The CXX compiler identification is GNU 11.4.0
[0.952s] -- Detecting C compiler ABI info
[0.952s] -- Detecting C compiler ABI info - done
[0.952s] -- Check for working C compiler: /usr/bin/cc - skipped
[0.953s] -- Detecting C compile features
[0.954s] -- Detecting C compile features - done
[0.955s] -- Detecting CXX compiler ABI info
[0.955s] -- Detecting CXX compiler ABI info - done
[0.955s] -- Check for working CXX compiler: /usr/bin/c++ - skipped
[0.955s] -- Detecting CXX compile features
[0.955s] -- Detecting CXX compile features - done
[0.955s] -- Found ament_cmake: 1.3.5 (/opt/ros/humble/share/ament_cmake/cmake)
[1.292s] -- Found Python3: /usr/bin/python3.10 (found version "3.10.12") found components: Interpreter 
[1.552s] -- Found dynamixel_sdk: 3.7.60 (/home/simon/Documents/ARO/install/dynamixel_sdk/share/dynamixel_sdk/cmake)
[1.563s] -- Found geometry_msgs: 4.2.3 (/opt/ros/humble/share/geometry_msgs/cmake)
[1.688s] -- Found rosidl_generator_c: 3.1.5 (/opt/ros/humble/share/rosidl_generator_c/cmake)
[1.709s] -- Found rosidl_adapter: 3.1.5 (/opt/ros/humble/share/rosidl_adapter/cmake)
[1.734s] -- Found rosidl_generator_cpp: 3.1.5 (/opt/ros/humble/share/rosidl_generator_cpp/cmake)
[1.769s] -- Using all available rosidl_typesupport_c: rosidl_typesupport_fastrtps_c;rosidl_typesupport_introspection_c
[1.821s] -- Using all available rosidl_typesupport_cpp: rosidl_typesupport_fastrtps_cpp;rosidl_typesupport_introspection_cpp
[2.019s] -- Found message_filters: 4.3.3 (/opt/ros/humble/share/message_filters/cmake)
[2.182s] -- Found rmw_implementation_cmake: 6.1.1 (/opt/ros/humble/share/rmw_implementation_cmake/cmake)
[2.194s] -- Found rmw_fastrtps_cpp: 6.2.4 (/opt/ros/humble/share/rmw_fastrtps_cpp/cmake)
[2.424s] -- Found OpenSSL: /usr/lib/x86_64-linux-gnu/libcrypto.so (found version "3.0.2")  
[2.484s] -- Found FastRTPS: /opt/ros/humble/include  
[2.584s] -- Using RMW implementation 'rmw_fastrtps_cpp' as default
[2.620s] -- Looking for pthread.h
[2.742s] -- Looking for pthread.h - found
[2.742s] -- Performing Test CMAKE_HAVE_LIBC_PTHREAD
[2.868s] -- Performing Test CMAKE_HAVE_LIBC_PTHREAD - Success
[2.870s] -- Found Threads: TRUE  
[3.106s] -- Found nav_msgs: 4.2.3 (/opt/ros/humble/share/nav_msgs/cmake)
[3.220s] -- Found sensor_msgs: 4.2.3 (/opt/ros/humble/share/sensor_msgs/cmake)
[3.345s] -- Found std_srvs: 4.2.3 (/opt/ros/humble/share/std_srvs/cmake)
[3.383s] -- Found tf2: 0.25.4 (/opt/ros/humble/share/tf2/cmake)
[3.417s] -- Found tf2_ros: 0.25.4 (/opt/ros/humble/share/tf2_ros/cmake)
[3.936s] -- Found turtlebot3_msgs: 2.2.3 (/home/simon/Documents/ARO/install/turtlebot3_msgs/share/turtlebot3_msgs/cmake)
[4.176s] -- Configuring done
[4.207s] -- Generating done
[4.209s] -- Build files have been written to: /home/simon/Documents/ARO/build/turtlebot3_node
[4.225s] Invoked command in '/home/simon/Documents/ARO/build/turtlebot3_node' returned '0': AMENT_PREFIX_PATH=/home/simon/Documents/ARO/install/turtlebot3_msgs:/home/simon/Documents/ARO/install/dynamixel_sdk:${AMENT_PREFIX_PATH} CMAKE_PREFIX_PATH=/home/simon/Documents/ARO/install/turtlebot3_msgs:/home/simon/Documents/ARO/install/dynamixel_sdk:/home/simon/Documents/ARO/turtlebot3_ws/install/turtlebot3:/home/simon/Documents/ARO/turtlebot3_ws/install/turtlebot3_simulations:/home/simon/Documents/ARO/turtlebot3_ws/install/turtlebot3_bringup:/home/simon/Documents/ARO/turtlebot3_ws/install/turtlebot3_node:/home/simon/Documents/ARO/turtlebot3_ws/install/turtlebot3_navigation2:/home/simon/Documents/ARO/turtlebot3_ws/install/turtlebot3_fake_node:/home/simon/Documents/ARO/turtlebot3_ws/install/turtlebot3_msgs:/home/simon/Documents/ARO/turtlebot3_ws/install/turtlebot3_gazebo:/home/simon/Documents/ARO/turtlebot3_ws/install/turtlebot3_description:/home/simon/Documents/ARO/turtlebot3_ws/install/turtlebot3_cartographer:/home/simon/Documents/ARO/turtlebot3_ws/install/hls_lfcd_lds_driver:/home/simon/Documents/ARO/turtlebot3_ws/install/dynamixel_sdk_examples:/home/simon/Documents/ARO/turtlebot3_ws/install/dynamixel_sdk_custom_interfaces:/home/simon/Documents/ARO/turtlebot3_ws/install/dynamixel_sdk:/home/simon/Documents/ARO/ros2_ws/install/mi_paquete_python:/home/simon/Documents/ARO/ros2_ws/install/launch_testing_examples:/home/simon/Documents/ARO/ros2_ws/install/examples_rclpy_minimal_subscriber:/home/simon/Documents/ARO/ros2_ws/install/examples_rclpy_minimal_service:/home/simon/Documents/ARO/ros2_ws/install/examples_rclpy_minimal_publisher:/home/simon/Documents/ARO/ros2_ws/install/examples_rclpy_minimal_client:/home/simon/Documents/ARO/ros2_ws/install/examples_rclpy_minimal_action_server:/home/simon/Documents/ARO/ros2_ws/install/examples_rclpy_minimal_action_client:/home/simon/Documents/ARO/ros2_ws/src/install/mi_paquete_python:/home/simon/Documents/ARO/ros2_ws/src/install/launch_testing_examples:/home/simon/Documents/ARO/ros2_ws/src/install/examples_rclpy_minimal_subscriber:/home/simon/Documents/ARO/ros2_ws/src/install/examples_rclpy_minimal_service:/home/simon/Documents/ARO/ros2_ws/src/install/examples_rclpy_minimal_publisher:/home/simon/Documents/ARO/ros2_ws/src/install/examples_rclpy_minimal_client:/home/simon/Documents/ARO/ros2_ws/src/install/examples_rclpy_minimal_action_server:/home/simon/Documents/ARO/ros2_ws/src/install/examples_rclpy_minimal_action_client:/home/simon/Documents/ARO/turtlebot3_ws/install/turtlebot3_teleop:/home/simon/Documents/ARO/turtlebot3_ws/install/turtlebot3_example:/opt/ros/humble LD_LIBRARY_PATH=/home/simon/Documents/ARO/install/turtlebot3_msgs/lib:/home/simon/Documents/ARO/install/dynamixel_sdk/lib:${LD_LIBRARY_PATH} PYTHONPATH=/home/simon/Documents/ARO/install/turtlebot3_msgs/local/lib/python3.10/dist-packages:${PYTHONPATH} /usr/bin/cmake /home/simon/Documents/ARO/turtlebot3_ws/src/turtlebot3/turtlebot3/turtlebot3_node -DCMAKE_INSTALL_PREFIX=/home/simon/Documents/ARO/install/turtlebot3_node
[4.229s] Invoking command in '/home/simon/Documents/ARO/build/turtlebot3_node': AMENT_PREFIX_PATH=/home/simon/Documents/ARO/install/turtlebot3_msgs:/home/simon/Documents/ARO/install/dynamixel_sdk:${AMENT_PREFIX_PATH} CMAKE_PREFIX_PATH=/home/simon/Documents/ARO/install/turtlebot3_msgs:/home/simon/Documents/ARO/install/dynamixel_sdk:/home/simon/Documents/ARO/turtlebot3_ws/install/turtlebot3:/home/simon/Documents/ARO/turtlebot3_ws/install/turtlebot3_simulations:/home/simon/Documents/ARO/turtlebot3_ws/install/turtlebot3_bringup:/home/simon/Documents/ARO/turtlebot3_ws/install/turtlebot3_node:/home/simon/Documents/ARO/turtlebot3_ws/install/turtlebot3_navigation2:/home/simon/Documents/ARO/turtlebot3_ws/install/turtlebot3_fake_node:/home/simon/Documents/ARO/turtlebot3_ws/install/turtlebot3_msgs:/home/simon/Documents/ARO/turtlebot3_ws/install/turtlebot3_gazebo:/home/simon/Documents/ARO/turtlebot3_ws/install/turtlebot3_description:/home/simon/Documents/ARO/turtlebot3_ws/install/turtlebot3_cartographer:/home/simon/Documents/ARO/turtlebot3_ws/install/hls_lfcd_lds_driver:/home/simon/Documents/ARO/turtlebot3_ws/install/dynamixel_sdk_examples:/home/simon/Documents/ARO/turtlebot3_ws/install/dynamixel_sdk_custom_interfaces:/home/simon/Documents/ARO/turtlebot3_ws/install/dynamixel_sdk:/home/simon/Documents/ARO/ros2_ws/install/mi_paquete_python:/home/simon/Documents/ARO/ros2_ws/install/launch_testing_examples:/home/simon/Documents/ARO/ros2_ws/install/examples_rclpy_minimal_subscriber:/home/simon/Documents/ARO/ros2_ws/install/examples_rclpy_minimal_service:/home/simon/Documents/ARO/ros2_ws/install/examples_rclpy_minimal_publisher:/home/simon/Documents/ARO/ros2_ws/install/examples_rclpy_minimal_client:/home/simon/Documents/ARO/ros2_ws/install/examples_rclpy_minimal_action_server:/home/simon/Documents/ARO/ros2_ws/install/examples_rclpy_minimal_action_client:/home/simon/Documents/ARO/ros2_ws/src/install/mi_paquete_python:/home/simon/Documents/ARO/ros2_ws/src/install/launch_testing_examples:/home/simon/Documents/ARO/ros2_ws/src/install/examples_rclpy_minimal_subscriber:/home/simon/Documents/ARO/ros2_ws/src/install/examples_rclpy_minimal_service:/home/simon/Documents/ARO/ros2_ws/src/install/examples_rclpy_minimal_publisher:/home/simon/Documents/ARO/ros2_ws/src/install/examples_rclpy_minimal_client:/home/simon/Documents/ARO/ros2_ws/src/install/examples_rclpy_minimal_action_server:/home/simon/Documents/ARO/ros2_ws/src/install/examples_rclpy_minimal_action_client:/home/simon/Documents/ARO/turtlebot3_ws/install/turtlebot3_teleop:/home/simon/Documents/ARO/turtlebot3_ws/install/turtlebot3_example:/opt/ros/humble LD_LIBRARY_PATH=/home/simon/Documents/ARO/install/turtlebot3_msgs/lib:/home/simon/Documents/ARO/install/dynamixel_sdk/lib:${LD_LIBRARY_PATH} PYTHONPATH=/home/simon/Documents/ARO/install/turtlebot3_msgs/local/lib/python3.10/dist-packages:${PYTHONPATH} /usr/bin/cmake --build /home/simon/Documents/ARO/build/turtlebot3_node -- -j16 -l16
[4.319s] [ 14%] [32mBuilding CXX object CMakeFiles/turtlebot3_node_lib.dir/src/devices/reset.cpp.o[0m
[4.319s] [ 14%] [32mBuilding CXX object CMakeFiles/turtlebot3_node_lib.dir/src/devices/sound.cpp.o[0m
[4.319s] [ 35%] [32mBuilding CXX object CMakeFiles/turtlebot3_node_lib.dir/src/dynamixel_sdk_wrapper.cpp.o[0m
[4.320s] [ 35%] [32mBuilding CXX object CMakeFiles/turtlebot3_node_lib.dir/src/odometry.cpp.o[0m
[4.320s] [ 35%] [32mBuilding CXX object CMakeFiles/turtlebot3_node_lib.dir/src/diff_drive_controller.cpp.o[0m
[4.321s] [ 50%] [32mBuilding CXX object CMakeFiles/turtlebot3_node_lib.dir/src/sensors/imu.cpp.o[0m
[4.322s] [ 42%] [32mBuilding CXX object CMakeFiles/turtlebot3_node_lib.dir/src/turtlebot3.cpp.o[0m
[4.322s] [ 57%] [32mBuilding CXX object CMakeFiles/turtlebot3_node_lib.dir/src/sensors/battery_state.cpp.o[0m
[4.325s] [ 64%] [32mBuilding CXX object CMakeFiles/turtlebot3_node_lib.dir/src/sensors/joint_state.cpp.o[0m
[4.325s] [ 71%] [32mBuilding CXX object CMakeFiles/turtlebot3_node_lib.dir/src/devices/motor_power.cpp.o[0m
[4.332s] [ 78%] [32mBuilding CXX object CMakeFiles/turtlebot3_node_lib.dir/src/sensors/sensor_state.cpp.o[0m
[22.708s] [ 85%] [32m[1mLinking CXX static library libturtlebot3_node_lib.a[0m
[23.543s] [ 85%] Built target turtlebot3_node_lib
[23.570s] [ 92%] [32mBuilding CXX object CMakeFiles/turtlebot3_ros.dir/src/node_main.cpp.o[0m
[26.347s] [100%] [32m[1mLinking CXX executable turtlebot3_ros[0m
[28.199s] [100%] Built target turtlebot3_ros
[28.213s] Invoked command in '/home/simon/Documents/ARO/build/turtlebot3_node' returned '0': AMENT_PREFIX_PATH=/home/simon/Documents/ARO/install/turtlebot3_msgs:/home/simon/Documents/ARO/install/dynamixel_sdk:${AMENT_PREFIX_PATH} CMAKE_PREFIX_PATH=/home/simon/Documents/ARO/install/turtlebot3_msgs:/home/simon/Documents/ARO/install/dynamixel_sdk:/home/simon/Documents/ARO/turtlebot3_ws/install/turtlebot3:/home/simon/Documents/ARO/turtlebot3_ws/install/turtlebot3_simulations:/home/simon/Documents/ARO/turtlebot3_ws/install/turtlebot3_bringup:/home/simon/Documents/ARO/turtlebot3_ws/install/turtlebot3_node:/home/simon/Documents/ARO/turtlebot3_ws/install/turtlebot3_navigation2:/home/simon/Documents/ARO/turtlebot3_ws/install/turtlebot3_fake_node:/home/simon/Documents/ARO/turtlebot3_ws/install/turtlebot3_msgs:/home/simon/Documents/ARO/turtlebot3_ws/install/turtlebot3_gazebo:/home/simon/Documents/ARO/turtlebot3_ws/install/turtlebot3_description:/home/simon/Documents/ARO/turtlebot3_ws/install/turtlebot3_cartographer:/home/simon/Documents/ARO/turtlebot3_ws/install/hls_lfcd_lds_driver:/home/simon/Documents/ARO/turtlebot3_ws/install/dynamixel_sdk_examples:/home/simon/Documents/ARO/turtlebot3_ws/install/dynamixel_sdk_custom_interfaces:/home/simon/Documents/ARO/turtlebot3_ws/install/dynamixel_sdk:/home/simon/Documents/ARO/ros2_ws/install/mi_paquete_python:/home/simon/Documents/ARO/ros2_ws/install/launch_testing_examples:/home/simon/Documents/ARO/ros2_ws/install/examples_rclpy_minimal_subscriber:/home/simon/Documents/ARO/ros2_ws/install/examples_rclpy_minimal_service:/home/simon/Documents/ARO/ros2_ws/install/examples_rclpy_minimal_publisher:/home/simon/Documents/ARO/ros2_ws/install/examples_rclpy_minimal_client:/home/simon/Documents/ARO/ros2_ws/install/examples_rclpy_minimal_action_server:/home/simon/Documents/ARO/ros2_ws/install/examples_rclpy_minimal_action_client:/home/simon/Documents/ARO/ros2_ws/src/install/mi_paquete_python:/home/simon/Documents/ARO/ros2_ws/src/install/launch_testing_examples:/home/simon/Documents/ARO/ros2_ws/src/install/examples_rclpy_minimal_subscriber:/home/simon/Documents/ARO/ros2_ws/src/install/examples_rclpy_minimal_service:/home/simon/Documents/ARO/ros2_ws/src/install/examples_rclpy_minimal_publisher:/home/simon/Documents/ARO/ros2_ws/src/install/examples_rclpy_minimal_client:/home/simon/Documents/ARO/ros2_ws/src/install/examples_rclpy_minimal_action_server:/home/simon/Documents/ARO/ros2_ws/src/install/examples_rclpy_minimal_action_client:/home/simon/Documents/ARO/turtlebot3_ws/install/turtlebot3_teleop:/home/simon/Documents/ARO/turtlebot3_ws/install/turtlebot3_example:/opt/ros/humble LD_LIBRARY_PATH=/home/simon/Documents/ARO/install/turtlebot3_msgs/lib:/home/simon/Documents/ARO/install/dynamixel_sdk/lib:${LD_LIBRARY_PATH} PYTHONPATH=/home/simon/Documents/ARO/install/turtlebot3_msgs/local/lib/python3.10/dist-packages:${PYTHONPATH} /usr/bin/cmake --build /home/simon/Documents/ARO/build/turtlebot3_node -- -j16 -l16
[28.297s] Invoking command in '/home/simon/Documents/ARO/build/turtlebot3_node': AMENT_PREFIX_PATH=/home/simon/Documents/ARO/install/turtlebot3_msgs:/home/simon/Documents/ARO/install/dynamixel_sdk:${AMENT_PREFIX_PATH} CMAKE_PREFIX_PATH=/home/simon/Documents/ARO/install/turtlebot3_msgs:/home/simon/Documents/ARO/install/dynamixel_sdk:/home/simon/Documents/ARO/turtlebot3_ws/install/turtlebot3:/home/simon/Documents/ARO/turtlebot3_ws/install/turtlebot3_simulations:/home/simon/Documents/ARO/turtlebot3_ws/install/turtlebot3_bringup:/home/simon/Documents/ARO/turtlebot3_ws/install/turtlebot3_node:/home/simon/Documents/ARO/turtlebot3_ws/install/turtlebot3_navigation2:/home/simon/Documents/ARO/turtlebot3_ws/install/turtlebot3_fake_node:/home/simon/Documents/ARO/turtlebot3_ws/install/turtlebot3_msgs:/home/simon/Documents/ARO/turtlebot3_ws/install/turtlebot3_gazebo:/home/simon/Documents/ARO/turtlebot3_ws/install/turtlebot3_description:/home/simon/Documents/ARO/turtlebot3_ws/install/turtlebot3_cartographer:/home/simon/Documents/ARO/turtlebot3_ws/install/hls_lfcd_lds_driver:/home/simon/Documents/ARO/turtlebot3_ws/install/dynamixel_sdk_examples:/home/simon/Documents/ARO/turtlebot3_ws/install/dynamixel_sdk_custom_interfaces:/home/simon/Documents/ARO/turtlebot3_ws/install/dynamixel_sdk:/home/simon/Documents/ARO/ros2_ws/install/mi_paquete_python:/home/simon/Documents/ARO/ros2_ws/install/launch_testing_examples:/home/simon/Documents/ARO/ros2_ws/install/examples_rclpy_minimal_subscriber:/home/simon/Documents/ARO/ros2_ws/install/examples_rclpy_minimal_service:/home/simon/Documents/ARO/ros2_ws/install/examples_rclpy_minimal_publisher:/home/simon/Documents/ARO/ros2_ws/install/examples_rclpy_minimal_client:/home/simon/Documents/ARO/ros2_ws/install/examples_rclpy_minimal_action_server:/home/simon/Documents/ARO/ros2_ws/install/examples_rclpy_minimal_action_client:/home/simon/Documents/ARO/ros2_ws/src/install/mi_paquete_python:/home/simon/Documents/ARO/ros2_ws/src/install/launch_testing_examples:/home/simon/Documents/ARO/ros2_ws/src/install/examples_rclpy_minimal_subscriber:/home/simon/Documents/ARO/ros2_ws/src/install/examples_rclpy_minimal_service:/home/simon/Documents/ARO/ros2_ws/src/install/examples_rclpy_minimal_publisher:/home/simon/Documents/ARO/ros2_ws/src/install/examples_rclpy_minimal_client:/home/simon/Documents/ARO/ros2_ws/src/install/examples_rclpy_minimal_action_server:/home/simon/Documents/ARO/ros2_ws/src/install/examples_rclpy_minimal_action_client:/home/simon/Documents/ARO/turtlebot3_ws/install/turtlebot3_teleop:/home/simon/Documents/ARO/turtlebot3_ws/install/turtlebot3_example:/opt/ros/humble LD_LIBRARY_PATH=/home/simon/Documents/ARO/install/turtlebot3_msgs/lib:/home/simon/Documents/ARO/install/dynamixel_sdk/lib:${LD_LIBRARY_PATH} PYTHONPATH=/home/simon/Documents/ARO/install/turtlebot3_msgs/local/lib/python3.10/dist-packages:${PYTHONPATH} /usr/bin/cmake --install /home/simon/Documents/ARO/build/turtlebot3_node
[28.305s] -- Install configuration: ""
[28.305s] -- Installing: /home/simon/Documents/ARO/install/turtlebot3_node/share/turtlebot3_node/param
[28.305s] -- Installing: /home/simon/Documents/ARO/install/turtlebot3_node/share/turtlebot3_node/param/burger.yaml
[28.306s] -- Installing: /home/simon/Documents/ARO/install/turtlebot3_node/share/turtlebot3_node/param/waffle_pi.yaml
[28.306s] -- Installing: /home/simon/Documents/ARO/install/turtlebot3_node/share/turtlebot3_node/param/waffle.yaml
[28.306s] -- Installing: /home/simon/Documents/ARO/install/turtlebot3_node/lib/turtlebot3_node/turtlebot3_ros
[28.322s] -- Set runtime path of "/home/simon/Documents/ARO/install/turtlebot3_node/lib/turtlebot3_node/turtlebot3_ros" to ""
[28.322s] -- Installing: /home/simon/Documents/ARO/install/turtlebot3_node/share/ament_index/resource_index/package_run_dependencies/turtlebot3_node
[28.323s] -- Installing: /home/simon/Documents/ARO/install/turtlebot3_node/share/ament_index/resource_index/parent_prefix_path/turtlebot3_node
[28.323s] -- Installing: /home/simon/Documents/ARO/install/turtlebot3_node/share/turtlebot3_node/environment/ament_prefix_path.sh
[28.323s] -- Installing: /home/simon/Documents/ARO/install/turtlebot3_node/share/turtlebot3_node/environment/ament_prefix_path.dsv
[28.323s] -- Installing: /home/simon/Documents/ARO/install/turtlebot3_node/share/turtlebot3_node/environment/path.sh
[28.324s] -- Installing: /home/simon/Documents/ARO/install/turtlebot3_node/share/turtlebot3_node/environment/path.dsv
[28.324s] -- Installing: /home/simon/Documents/ARO/install/turtlebot3_node/share/turtlebot3_node/local_setup.bash
[28.324s] -- Installing: /home/simon/Documents/ARO/install/turtlebot3_node/share/turtlebot3_node/local_setup.sh
[28.324s] -- Installing: /home/simon/Documents/ARO/install/turtlebot3_node/share/turtlebot3_node/local_setup.zsh
[28.324s] -- Installing: /home/simon/Documents/ARO/install/turtlebot3_node/share/turtlebot3_node/local_setup.dsv
[28.324s] -- Installing: /home/simon/Documents/ARO/install/turtlebot3_node/share/turtlebot3_node/package.dsv
[28.325s] -- Installing: /home/simon/Documents/ARO/install/turtlebot3_node/share/ament_index/resource_index/packages/turtlebot3_node
[28.325s] -- Installing: /home/simon/Documents/ARO/install/turtlebot3_node/share/turtlebot3_node/cmake/ament_cmake_export_include_directories-extras.cmake
[28.325s] -- Installing: /home/simon/Documents/ARO/install/turtlebot3_node/share/turtlebot3_node/cmake/turtlebot3_nodeConfig.cmake
[28.325s] -- Installing: /home/simon/Documents/ARO/install/turtlebot3_node/share/turtlebot3_node/cmake/turtlebot3_nodeConfig-version.cmake
[28.325s] -- Installing: /home/simon/Documents/ARO/install/turtlebot3_node/share/turtlebot3_node/package.xml
[28.327s] Invoked command in '/home/simon/Documents/ARO/build/turtlebot3_node' returned '0': AMENT_PREFIX_PATH=/home/simon/Documents/ARO/install/turtlebot3_msgs:/home/simon/Documents/ARO/install/dynamixel_sdk:${AMENT_PREFIX_PATH} CMAKE_PREFIX_PATH=/home/simon/Documents/ARO/install/turtlebot3_msgs:/home/simon/Documents/ARO/install/dynamixel_sdk:/home/simon/Documents/ARO/turtlebot3_ws/install/turtlebot3:/home/simon/Documents/ARO/turtlebot3_ws/install/turtlebot3_simulations:/home/simon/Documents/ARO/turtlebot3_ws/install/turtlebot3_bringup:/home/simon/Documents/ARO/turtlebot3_ws/install/turtlebot3_node:/home/simon/Documents/ARO/turtlebot3_ws/install/turtlebot3_navigation2:/home/simon/Documents/ARO/turtlebot3_ws/install/turtlebot3_fake_node:/home/simon/Documents/ARO/turtlebot3_ws/install/turtlebot3_msgs:/home/simon/Documents/ARO/turtlebot3_ws/install/turtlebot3_gazebo:/home/simon/Documents/ARO/turtlebot3_ws/install/turtlebot3_description:/home/simon/Documents/ARO/turtlebot3_ws/install/turtlebot3_cartographer:/home/simon/Documents/ARO/turtlebot3_ws/install/hls_lfcd_lds_driver:/home/simon/Documents/ARO/turtlebot3_ws/install/dynamixel_sdk_examples:/home/simon/Documents/ARO/turtlebot3_ws/install/dynamixel_sdk_custom_interfaces:/home/simon/Documents/ARO/turtlebot3_ws/install/dynamixel_sdk:/home/simon/Documents/ARO/ros2_ws/install/mi_paquete_python:/home/simon/Documents/ARO/ros2_ws/install/launch_testing_examples:/home/simon/Documents/ARO/ros2_ws/install/examples_rclpy_minimal_subscriber:/home/simon/Documents/ARO/ros2_ws/install/examples_rclpy_minimal_service:/home/simon/Documents/ARO/ros2_ws/install/examples_rclpy_minimal_publisher:/home/simon/Documents/ARO/ros2_ws/install/examples_rclpy_minimal_client:/home/simon/Documents/ARO/ros2_ws/install/examples_rclpy_minimal_action_server:/home/simon/Documents/ARO/ros2_ws/install/examples_rclpy_minimal_action_client:/home/simon/Documents/ARO/ros2_ws/src/install/mi_paquete_python:/home/simon/Documents/ARO/ros2_ws/src/install/launch_testing_examples:/home/simon/Documents/ARO/ros2_ws/src/install/examples_rclpy_minimal_subscriber:/home/simon/Documents/ARO/ros2_ws/src/install/examples_rclpy_minimal_service:/home/simon/Documents/ARO/ros2_ws/src/install/examples_rclpy_minimal_publisher:/home/simon/Documents/ARO/ros2_ws/src/install/examples_rclpy_minimal_client:/home/simon/Documents/ARO/ros2_ws/src/install/examples_rclpy_minimal_action_server:/home/simon/Documents/ARO/ros2_ws/src/install/examples_rclpy_minimal_action_client:/home/simon/Documents/ARO/turtlebot3_ws/install/turtlebot3_teleop:/home/simon/Documents/ARO/turtlebot3_ws/install/turtlebot3_example:/opt/ros/humble LD_LIBRARY_PATH=/home/simon/Documents/ARO/install/turtlebot3_msgs/lib:/home/simon/Documents/ARO/install/dynamixel_sdk/lib:${LD_LIBRARY_PATH} PYTHONPATH=/home/simon/Documents/ARO/install/turtlebot3_msgs/local/lib/python3.10/dist-packages:${PYTHONPATH} /usr/bin/cmake --install /home/simon/Documents/ARO/build/turtlebot3_node
