[3.698s] Invoking command in '/home/simon/Documents/ARO/ros2_ws/build/examples_rclpy_minimal_service': PYTHONPATH=/home/simon/Documents/ARO/ros2_ws/build/examples_rclpy_minimal_service/prefix_override:/home/simon/Documents/ARO/ros2_ws/install/examples_rclpy_minimal_service/lib/python3.10/site-packages:${PYTHONPATH} /usr/bin/python3 setup.py develop --uninstall --editable --build-directory /home/simon/Documents/ARO/ros2_ws/build/examples_rclpy_minimal_service/build
[4.095s] running develop
[4.323s] Removing /home/simon/Documents/ARO/ros2_ws/install/examples_rclpy_minimal_service/lib/python3.10/site-packages/examples-rclpy-minimal-service.egg-link (link to .)
[4.421s] Invoked command in '/home/simon/Documents/ARO/ros2_ws/build/examples_rclpy_minimal_service' returned '0': PYTHONPATH=/home/simon/Documents/ARO/ros2_ws/build/examples_rclpy_minimal_service/prefix_override:/home/simon/Documents/ARO/ros2_ws/install/examples_rclpy_minimal_service/lib/python3.10/site-packages:${PYTHONPATH} /usr/bin/python3 setup.py develop --uninstall --editable --build-directory /home/simon/Documents/ARO/ros2_ws/build/examples_rclpy_minimal_service/build
[4.423s] Invoking command in '/home/simon/Documents/ARO/ros2_ws/src/ROS2_examples/rclpy/services/minimal_service': PYTHONPATH=/home/simon/Documents/ARO/ros2_ws/build/examples_rclpy_minimal_service/prefix_override:/home/simon/Documents/ARO/ros2_ws/install/examples_rclpy_minimal_service/lib/python3.10/site-packages:${PYTHONPATH} /usr/bin/python3 setup.py egg_info --egg-base ../../../../../build/examples_rclpy_minimal_service build --build-base /home/simon/Documents/ARO/ros2_ws/build/examples_rclpy_minimal_service/build install --record /home/simon/Documents/ARO/ros2_ws/build/examples_rclpy_minimal_service/install.log --single-version-externally-managed
[4.860s] running egg_info
[4.861s] writing ../../../../../build/examples_rclpy_minimal_service/examples_rclpy_minimal_service.egg-info/PKG-INFO
[4.861s] writing dependency_links to ../../../../../build/examples_rclpy_minimal_service/examples_rclpy_minimal_service.egg-info/dependency_links.txt
[4.861s] writing entry points to ../../../../../build/examples_rclpy_minimal_service/examples_rclpy_minimal_service.egg-info/entry_points.txt
[4.862s] writing requirements to ../../../../../build/examples_rclpy_minimal_service/examples_rclpy_minimal_service.egg-info/requires.txt
[4.862s] writing top-level names to ../../../../../build/examples_rclpy_minimal_service/examples_rclpy_minimal_service.egg-info/top_level.txt
[4.865s] reading manifest file '../../../../../build/examples_rclpy_minimal_service/examples_rclpy_minimal_service.egg-info/SOURCES.txt'
[4.867s] writing manifest file '../../../../../build/examples_rclpy_minimal_service/examples_rclpy_minimal_service.egg-info/SOURCES.txt'
[4.867s] running build
[4.868s] running build_py
[4.869s] creating /home/simon/Documents/ARO/ros2_ws/build/examples_rclpy_minimal_service/build
[4.869s] creating /home/simon/Documents/ARO/ros2_ws/build/examples_rclpy_minimal_service/build/lib
[4.869s] creating /home/simon/Documents/ARO/ros2_ws/build/examples_rclpy_minimal_service/build/lib/examples_rclpy_minimal_service
[4.869s] copying examples_rclpy_minimal_service/__init__.py -> /home/simon/Documents/ARO/ros2_ws/build/examples_rclpy_minimal_service/build/lib/examples_rclpy_minimal_service
[4.869s] copying examples_rclpy_minimal_service/service.py -> /home/simon/Documents/ARO/ros2_ws/build/examples_rclpy_minimal_service/build/lib/examples_rclpy_minimal_service
[4.869s] copying examples_rclpy_minimal_service/service_member_function.py -> /home/simon/Documents/ARO/ros2_ws/build/examples_rclpy_minimal_service/build/lib/examples_rclpy_minimal_service
[4.870s] running install
[4.870s] running install_lib
[4.871s] creating /home/simon/Documents/ARO/ros2_ws/install/examples_rclpy_minimal_service/lib/python3.10/site-packages/examples_rclpy_minimal_service
[4.871s] copying /home/simon/Documents/ARO/ros2_ws/build/examples_rclpy_minimal_service/build/lib/examples_rclpy_minimal_service/__init__.py -> /home/simon/Documents/ARO/ros2_ws/install/examples_rclpy_minimal_service/lib/python3.10/site-packages/examples_rclpy_minimal_service
[4.871s] copying /home/simon/Documents/ARO/ros2_ws/build/examples_rclpy_minimal_service/build/lib/examples_rclpy_minimal_service/service.py -> /home/simon/Documents/ARO/ros2_ws/install/examples_rclpy_minimal_service/lib/python3.10/site-packages/examples_rclpy_minimal_service
[4.872s] copying /home/simon/Documents/ARO/ros2_ws/build/examples_rclpy_minimal_service/build/lib/examples_rclpy_minimal_service/service_member_function.py -> /home/simon/Documents/ARO/ros2_ws/install/examples_rclpy_minimal_service/lib/python3.10/site-packages/examples_rclpy_minimal_service
[4.872s] byte-compiling /home/simon/Documents/ARO/ros2_ws/install/examples_rclpy_minimal_service/lib/python3.10/site-packages/examples_rclpy_minimal_service/__init__.py to __init__.cpython-310.pyc
[4.873s] byte-compiling /home/simon/Documents/ARO/ros2_ws/install/examples_rclpy_minimal_service/lib/python3.10/site-packages/examples_rclpy_minimal_service/service.py to service.cpython-310.pyc
[4.873s] byte-compiling /home/simon/Documents/ARO/ros2_ws/install/examples_rclpy_minimal_service/lib/python3.10/site-packages/examples_rclpy_minimal_service/service_member_function.py to service_member_function.cpython-310.pyc
[4.874s] running install_data
[4.875s] running install_egg_info
[4.878s] Copying ../../../../../build/examples_rclpy_minimal_service/examples_rclpy_minimal_service.egg-info to /home/simon/Documents/ARO/ros2_ws/install/examples_rclpy_minimal_service/lib/python3.10/site-packages/examples_rclpy_minimal_service-0.15.1-py3.10.egg-info
[4.880s] running install_scripts
[4.916s] Installing service script to /home/simon/Documents/ARO/ros2_ws/install/examples_rclpy_minimal_service/lib/examples_rclpy_minimal_service
[4.916s] Installing service_member_function script to /home/simon/Documents/ARO/ros2_ws/install/examples_rclpy_minimal_service/lib/examples_rclpy_minimal_service
[4.916s] writing list of installed files to '/home/simon/Documents/ARO/ros2_ws/build/examples_rclpy_minimal_service/install.log'
[5.124s] Invoked command in '/home/simon/Documents/ARO/ros2_ws/src/ROS2_examples/rclpy/services/minimal_service' returned '0': PYTHONPATH=/home/simon/Documents/ARO/ros2_ws/build/examples_rclpy_minimal_service/prefix_override:/home/simon/Documents/ARO/ros2_ws/install/examples_rclpy_minimal_service/lib/python3.10/site-packages:${PYTHONPATH} /usr/bin/python3 setup.py egg_info --egg-base ../../../../../build/examples_rclpy_minimal_service build --build-base /home/simon/Documents/ARO/ros2_ws/build/examples_rclpy_minimal_service/build install --record /home/simon/Documents/ARO/ros2_ws/build/examples_rclpy_minimal_service/install.log --single-version-externally-managed
