[2.288s] Invoking command in '/home/simon/Documents/ARO/ros2_ws/src/build/examples_rclpy_minimal_client': PYTHONPATH=/home/simon/Documents/ARO/ros2_ws/src/build/examples_rclpy_minimal_client/prefix_override:/home/simon/Documents/ARO/ros2_ws/src/install/examples_rclpy_minimal_client/lib/python3.10/site-packages:${PYTHONPATH} /usr/bin/python3 setup.py develop --editable --build-directory /home/simon/Documents/ARO/ros2_ws/src/build/examples_rclpy_minimal_client/build --no-deps install_data
[2.653s] running develop
[2.828s] running egg_info
[2.829s] creating examples_rclpy_minimal_client.egg-info
[2.829s] writing examples_rclpy_minimal_client.egg-info/PKG-INFO
[2.829s] writing dependency_links to examples_rclpy_minimal_client.egg-info/dependency_links.txt
[2.829s] writing entry points to examples_rclpy_minimal_client.egg-info/entry_points.txt
[2.829s] writing requirements to examples_rclpy_minimal_client.egg-info/requires.txt
[2.829s] writing top-level names to examples_rclpy_minimal_client.egg-info/top_level.txt
[2.829s] writing manifest file 'examples_rclpy_minimal_client.egg-info/SOURCES.txt'
[2.832s] reading manifest file 'examples_rclpy_minimal_client.egg-info/SOURCES.txt'
[2.832s] writing manifest file 'examples_rclpy_minimal_client.egg-info/SOURCES.txt'
[2.834s] running build_ext
[2.834s] Creating /home/simon/Documents/ARO/ros2_ws/src/install/examples_rclpy_minimal_client/lib/python3.10/site-packages/examples-rclpy-minimal-client.egg-link (link to .)
[2.835s] Installing client script to /home/simon/Documents/ARO/ros2_ws/src/install/examples_rclpy_minimal_client/lib/examples_rclpy_minimal_client
[2.836s] Installing client_async script to /home/simon/Documents/ARO/ros2_ws/src/install/examples_rclpy_minimal_client/lib/examples_rclpy_minimal_client
[2.836s] Installing client_async_callback script to /home/simon/Documents/ARO/ros2_ws/src/install/examples_rclpy_minimal_client/lib/examples_rclpy_minimal_client
[2.836s] Installing client_async_member_function script to /home/simon/Documents/ARO/ros2_ws/src/install/examples_rclpy_minimal_client/lib/examples_rclpy_minimal_client
[2.836s] 
[2.836s] Installed /home/simon/Documents/ARO/ros2_ws/src/build/examples_rclpy_minimal_client
[2.836s] running install_data
[2.836s] creating /home/simon/Documents/ARO/ros2_ws/src/install/examples_rclpy_minimal_client/share/ament_index
[2.837s] creating /home/simon/Documents/ARO/ros2_ws/src/install/examples_rclpy_minimal_client/share/ament_index/resource_index
[2.837s] creating /home/simon/Documents/ARO/ros2_ws/src/install/examples_rclpy_minimal_client/share/ament_index/resource_index/packages
[2.837s] copying resource/examples_rclpy_minimal_client -> /home/simon/Documents/ARO/ros2_ws/src/install/examples_rclpy_minimal_client/share/ament_index/resource_index/packages
[2.837s] copying package.xml -> /home/simon/Documents/ARO/ros2_ws/src/install/examples_rclpy_minimal_client/share/examples_rclpy_minimal_client
[2.918s] Invoked command in '/home/simon/Documents/ARO/ros2_ws/src/build/examples_rclpy_minimal_client' returned '0': PYTHONPATH=/home/simon/Documents/ARO/ros2_ws/src/build/examples_rclpy_minimal_client/prefix_override:/home/simon/Documents/ARO/ros2_ws/src/install/examples_rclpy_minimal_client/lib/python3.10/site-packages:${PYTHONPATH} /usr/bin/python3 setup.py develop --editable --build-directory /home/simon/Documents/ARO/ros2_ws/src/build/examples_rclpy_minimal_client/build --no-deps install_data
