[2.506s] Invoking command in '/home/simon/Documents/ARO/ros2_ws/build/minimal_interfaces': CMAKE_PREFIX_PATH=${CMAKE_PREFIX_PATH}:/home/simon/Documents/ARO/ros2_ws/install/mi_paquete_python:/home/simon/Documents/ARO/ros2_ws/install/launch_testing_examples:/home/simon/Documents/ARO/ros2_ws/install/examples_rclpy_minimal_subscriber:/home/simon/Documents/ARO/ros2_ws/install/examples_rclpy_minimal_service:/home/simon/Documents/ARO/ros2_ws/install/examples_rclpy_minimal_publisher:/home/simon/Documents/ARO/ros2_ws/install/examples_rclpy_minimal_client:/home/simon/Documents/ARO/ros2_ws/install/examples_rclpy_minimal_action_server:/home/simon/Documents/ARO/ros2_ws/install/examples_rclpy_minimal_action_client:/home/simon/Documents/ARO/ros2_ws/src/install/mi_paquete_python:/home/simon/Documents/ARO/ros2_ws/src/install/launch_testing_examples:/home/simon/Documents/ARO/ros2_ws/src/install/examples_rclpy_minimal_subscriber:/home/simon/Documents/ARO/ros2_ws/src/install/examples_rclpy_minimal_service:/home/simon/Documents/ARO/ros2_ws/src/install/examples_rclpy_minimal_publisher:/home/simon/Documents/ARO/ros2_ws/src/install/examples_rclpy_minimal_client:/home/simon/Documents/ARO/ros2_ws/src/install/examples_rclpy_minimal_action_server:/home/simon/Documents/ARO/ros2_ws/src/install/examples_rclpy_minimal_action_client:/home/simon/Documents/ARO/turtlebot3_ws/install/turtlebot3_teleop:/home/simon/Documents/ARO/turtlebot3_ws/install/turtlebot3_example:/opt/ros/humble /usr/bin/cmake --build /home/simon/Documents/ARO/ros2_ws/build/minimal_interfaces -- -j16 -l16
[2.568s] [35m[1mConsolidate compiler generated dependencies of target minimal_interfaces__rosidl_generator_c[0m
[2.591s] [  3%] Built target minimal_interfaces__cpp
[2.595s] [ 12%] Built target minimal_interfaces__rosidl_generator_c
[2.613s] [ 12%] Built target ament_cmake_python_copy_minimal_interfaces
[2.618s] [35m[1mConsolidate compiler generated dependencies of target minimal_interfaces__rosidl_typesupport_introspection_cpp[0m
[2.618s] [35m[1mConsolidate compiler generated dependencies of target minimal_interfaces__rosidl_typesupport_fastrtps_cpp[0m
[2.619s] [35m[1mConsolidate compiler generated dependencies of target minimal_interfaces__rosidl_typesupport_cpp[0m
[2.622s] [35m[1mConsolidate compiler generated dependencies of target minimal_interfaces__rosidl_typesupport_fastrtps_c[0m
[2.622s] [35m[1mConsolidate compiler generated dependencies of target minimal_interfaces__rosidl_typesupport_c[0m
[2.623s] [35m[1mConsolidate compiler generated dependencies of target minimal_interfaces__rosidl_typesupport_introspection_c[0m
[2.651s] [ 22%] Built target minimal_interfaces__rosidl_typesupport_c
[2.653s] [ 32%] Built target minimal_interfaces__rosidl_typesupport_introspection_cpp
[2.654s] [ 41%] Built target minimal_interfaces__rosidl_typesupport_cpp
[2.654s] [ 61%] Built target minimal_interfaces__rosidl_typesupport_fastrtps_cpp
[2.655s] [ 61%] Built target minimal_interfaces__rosidl_typesupport_introspection_c
[2.658s] [ 70%] Built target minimal_interfaces__rosidl_typesupport_fastrtps_c
[2.698s] [ 70%] Built target minimal_interfaces
[2.742s] [ 74%] Built target minimal_interfaces__py
[2.765s] [35m[1mConsolidate compiler generated dependencies of target minimal_interfaces__rosidl_generator_py[0m
[2.794s] [ 80%] Built target minimal_interfaces__rosidl_generator_py
[2.819s] [35m[1mConsolidate compiler generated dependencies of target minimal_interfaces__rosidl_typesupport_introspection_c__pyext[0m
[2.819s] [35m[1mConsolidate compiler generated dependencies of target minimal_interfaces__rosidl_typesupport_fastrtps_c__pyext[0m
[2.822s] [35m[1mConsolidate compiler generated dependencies of target minimal_interfaces__rosidl_typesupport_c__pyext[0m
[2.853s] [ 87%] Built target minimal_interfaces__rosidl_typesupport_introspection_c__pyext
[2.855s] [100%] Built target minimal_interfaces__rosidl_typesupport_fastrtps_c__pyext
[2.855s] [100%] Built target minimal_interfaces__rosidl_typesupport_c__pyext
[3.203s] running egg_info
[3.204s] writing minimal_interfaces.egg-info/PKG-INFO
[3.205s] writing dependency_links to minimal_interfaces.egg-info/dependency_links.txt
[3.206s] writing top-level names to minimal_interfaces.egg-info/top_level.txt
[3.209s] reading manifest file 'minimal_interfaces.egg-info/SOURCES.txt'
[3.210s] writing manifest file 'minimal_interfaces.egg-info/SOURCES.txt'
[3.268s] [100%] Built target ament_cmake_python_build_minimal_interfaces_egg
[3.294s] Invoked command in '/home/simon/Documents/ARO/ros2_ws/build/minimal_interfaces' returned '0': CMAKE_PREFIX_PATH=${CMAKE_PREFIX_PATH}:/home/simon/Documents/ARO/ros2_ws/install/mi_paquete_python:/home/simon/Documents/ARO/ros2_ws/install/launch_testing_examples:/home/simon/Documents/ARO/ros2_ws/install/examples_rclpy_minimal_subscriber:/home/simon/Documents/ARO/ros2_ws/install/examples_rclpy_minimal_service:/home/simon/Documents/ARO/ros2_ws/install/examples_rclpy_minimal_publisher:/home/simon/Documents/ARO/ros2_ws/install/examples_rclpy_minimal_client:/home/simon/Documents/ARO/ros2_ws/install/examples_rclpy_minimal_action_server:/home/simon/Documents/ARO/ros2_ws/install/examples_rclpy_minimal_action_client:/home/simon/Documents/ARO/ros2_ws/src/install/mi_paquete_python:/home/simon/Documents/ARO/ros2_ws/src/install/launch_testing_examples:/home/simon/Documents/ARO/ros2_ws/src/install/examples_rclpy_minimal_subscriber:/home/simon/Documents/ARO/ros2_ws/src/install/examples_rclpy_minimal_service:/home/simon/Documents/ARO/ros2_ws/src/install/examples_rclpy_minimal_publisher:/home/simon/Documents/ARO/ros2_ws/src/install/examples_rclpy_minimal_client:/home/simon/Documents/ARO/ros2_ws/src/install/examples_rclpy_minimal_action_server:/home/simon/Documents/ARO/ros2_ws/src/install/examples_rclpy_minimal_action_client:/home/simon/Documents/ARO/turtlebot3_ws/install/turtlebot3_teleop:/home/simon/Documents/ARO/turtlebot3_ws/install/turtlebot3_example:/opt/ros/humble /usr/bin/cmake --build /home/simon/Documents/ARO/ros2_ws/build/minimal_interfaces -- -j16 -l16
[3.462s] Invoking command in '/home/simon/Documents/ARO/ros2_ws/build/minimal_interfaces': CMAKE_PREFIX_PATH=${CMAKE_PREFIX_PATH}:/home/simon/Documents/ARO/ros2_ws/install/mi_paquete_python:/home/simon/Documents/ARO/ros2_ws/install/launch_testing_examples:/home/simon/Documents/ARO/ros2_ws/install/examples_rclpy_minimal_subscriber:/home/simon/Documents/ARO/ros2_ws/install/examples_rclpy_minimal_service:/home/simon/Documents/ARO/ros2_ws/install/examples_rclpy_minimal_publisher:/home/simon/Documents/ARO/ros2_ws/install/examples_rclpy_minimal_client:/home/simon/Documents/ARO/ros2_ws/install/examples_rclpy_minimal_action_server:/home/simon/Documents/ARO/ros2_ws/install/examples_rclpy_minimal_action_client:/home/simon/Documents/ARO/ros2_ws/src/install/mi_paquete_python:/home/simon/Documents/ARO/ros2_ws/src/install/launch_testing_examples:/home/simon/Documents/ARO/ros2_ws/src/install/examples_rclpy_minimal_subscriber:/home/simon/Documents/ARO/ros2_ws/src/install/examples_rclpy_minimal_service:/home/simon/Documents/ARO/ros2_ws/src/install/examples_rclpy_minimal_publisher:/home/simon/Documents/ARO/ros2_ws/src/install/examples_rclpy_minimal_client:/home/simon/Documents/ARO/ros2_ws/src/install/examples_rclpy_minimal_action_server:/home/simon/Documents/ARO/ros2_ws/src/install/examples_rclpy_minimal_action_client:/home/simon/Documents/ARO/turtlebot3_ws/install/turtlebot3_teleop:/home/simon/Documents/ARO/turtlebot3_ws/install/turtlebot3_example:/opt/ros/humble /usr/bin/cmake --install /home/simon/Documents/ARO/ros2_ws/build/minimal_interfaces
[3.481s] -- Install configuration: ""
[3.481s] -- Up-to-date: /home/simon/Documents/ARO/ros2_ws/install/minimal_interfaces/share/ament_index/resource_index/rosidl_interfaces/minimal_interfaces
[3.482s] -- Up-to-date: /home/simon/Documents/ARO/ros2_ws/install/minimal_interfaces/include/minimal_interfaces/minimal_interfaces
[3.482s] -- Up-to-date: /home/simon/Documents/ARO/ros2_ws/install/minimal_interfaces/include/minimal_interfaces/minimal_interfaces/srv
[3.482s] -- Up-to-date: /home/simon/Documents/ARO/ros2_ws/install/minimal_interfaces/include/minimal_interfaces/minimal_interfaces/srv/detail
[3.482s] -- Up-to-date: /home/simon/Documents/ARO/ros2_ws/install/minimal_interfaces/include/minimal_interfaces/minimal_interfaces/srv/detail/string_service__functions.c
[3.482s] -- Up-to-date: /home/simon/Documents/ARO/ros2_ws/install/minimal_interfaces/include/minimal_interfaces/minimal_interfaces/srv/detail/string_service__struct.h
[3.483s] -- Up-to-date: /home/simon/Documents/ARO/ros2_ws/install/minimal_interfaces/include/minimal_interfaces/minimal_interfaces/srv/detail/string_service__type_support.h
[3.483s] -- Up-to-date: /home/simon/Documents/ARO/ros2_ws/install/minimal_interfaces/include/minimal_interfaces/minimal_interfaces/srv/detail/string_service__functions.h
[3.484s] -- Up-to-date: /home/simon/Documents/ARO/ros2_ws/install/minimal_interfaces/include/minimal_interfaces/minimal_interfaces/srv/string_service.h
[3.484s] -- Up-to-date: /home/simon/Documents/ARO/ros2_ws/install/minimal_interfaces/include/minimal_interfaces/minimal_interfaces/msg
[3.485s] -- Up-to-date: /home/simon/Documents/ARO/ros2_ws/install/minimal_interfaces/include/minimal_interfaces/minimal_interfaces/msg/rosidl_generator_c__visibility_control.h
[3.485s] -- Up-to-date: /home/simon/Documents/ARO/ros2_ws/install/minimal_interfaces/share/minimal_interfaces/environment/library_path.sh
[3.485s] -- Up-to-date: /home/simon/Documents/ARO/ros2_ws/install/minimal_interfaces/share/minimal_interfaces/environment/library_path.dsv
[3.485s] -- Up-to-date: /home/simon/Documents/ARO/ros2_ws/install/minimal_interfaces/lib/libminimal_interfaces__rosidl_generator_c.so
[3.485s] -- Up-to-date: /home/simon/Documents/ARO/ros2_ws/install/minimal_interfaces/include/minimal_interfaces/minimal_interfaces
[3.486s] -- Up-to-date: /home/simon/Documents/ARO/ros2_ws/install/minimal_interfaces/include/minimal_interfaces/minimal_interfaces/srv
[3.486s] -- Up-to-date: /home/simon/Documents/ARO/ros2_ws/install/minimal_interfaces/include/minimal_interfaces/minimal_interfaces/srv/detail
[3.486s] -- Up-to-date: /home/simon/Documents/ARO/ros2_ws/install/minimal_interfaces/include/minimal_interfaces/minimal_interfaces/srv/detail/string_service__rosidl_typesupport_fastrtps_c.h
[3.486s] -- Up-to-date: /home/simon/Documents/ARO/ros2_ws/install/minimal_interfaces/include/minimal_interfaces/minimal_interfaces/msg
[3.487s] -- Up-to-date: /home/simon/Documents/ARO/ros2_ws/install/minimal_interfaces/include/minimal_interfaces/minimal_interfaces/msg/rosidl_typesupport_fastrtps_c__visibility_control.h
[3.487s] -- Up-to-date: /home/simon/Documents/ARO/ros2_ws/install/minimal_interfaces/lib/libminimal_interfaces__rosidl_typesupport_fastrtps_c.so
[3.487s] -- Up-to-date: /home/simon/Documents/ARO/ros2_ws/install/minimal_interfaces/include/minimal_interfaces/minimal_interfaces
[3.488s] -- Up-to-date: /home/simon/Documents/ARO/ros2_ws/install/minimal_interfaces/include/minimal_interfaces/minimal_interfaces/srv
[3.488s] -- Up-to-date: /home/simon/Documents/ARO/ros2_ws/install/minimal_interfaces/include/minimal_interfaces/minimal_interfaces/srv/detail
[3.488s] -- Up-to-date: /home/simon/Documents/ARO/ros2_ws/install/minimal_interfaces/include/minimal_interfaces/minimal_interfaces/srv/detail/string_service__type_support.c
[3.488s] -- Up-to-date: /home/simon/Documents/ARO/ros2_ws/install/minimal_interfaces/include/minimal_interfaces/minimal_interfaces/srv/detail/string_service__rosidl_typesupport_introspection_c.h
[3.488s] -- Up-to-date: /home/simon/Documents/ARO/ros2_ws/install/minimal_interfaces/include/minimal_interfaces/minimal_interfaces/msg
[3.489s] -- Up-to-date: /home/simon/Documents/ARO/ros2_ws/install/minimal_interfaces/include/minimal_interfaces/minimal_interfaces/msg/rosidl_typesupport_introspection_c__visibility_control.h
[3.489s] -- Up-to-date: /home/simon/Documents/ARO/ros2_ws/install/minimal_interfaces/lib/libminimal_interfaces__rosidl_typesupport_introspection_c.so
[3.489s] -- Up-to-date: /home/simon/Documents/ARO/ros2_ws/install/minimal_interfaces/lib/libminimal_interfaces__rosidl_typesupport_c.so
[3.489s] -- Up-to-date: /home/simon/Documents/ARO/ros2_ws/install/minimal_interfaces/include/minimal_interfaces/minimal_interfaces
[3.489s] -- Up-to-date: /home/simon/Documents/ARO/ros2_ws/install/minimal_interfaces/include/minimal_interfaces/minimal_interfaces/srv
[3.490s] -- Up-to-date: /home/simon/Documents/ARO/ros2_ws/install/minimal_interfaces/include/minimal_interfaces/minimal_interfaces/srv/string_service.hpp
[3.490s] -- Up-to-date: /home/simon/Documents/ARO/ros2_ws/install/minimal_interfaces/include/minimal_interfaces/minimal_interfaces/srv/detail
[3.490s] -- Up-to-date: /home/simon/Documents/ARO/ros2_ws/install/minimal_interfaces/include/minimal_interfaces/minimal_interfaces/srv/detail/string_service__builder.hpp
[3.490s] -- Up-to-date: /home/simon/Documents/ARO/ros2_ws/install/minimal_interfaces/include/minimal_interfaces/minimal_interfaces/srv/detail/string_service__struct.hpp
[3.490s] -- Up-to-date: /home/simon/Documents/ARO/ros2_ws/install/minimal_interfaces/include/minimal_interfaces/minimal_interfaces/srv/detail/string_service__traits.hpp
[3.490s] -- Up-to-date: /home/simon/Documents/ARO/ros2_ws/install/minimal_interfaces/include/minimal_interfaces/minimal_interfaces
[3.491s] -- Up-to-date: /home/simon/Documents/ARO/ros2_ws/install/minimal_interfaces/include/minimal_interfaces/minimal_interfaces/srv
[3.491s] -- Up-to-date: /home/simon/Documents/ARO/ros2_ws/install/minimal_interfaces/include/minimal_interfaces/minimal_interfaces/srv/detail
[3.491s] -- Up-to-date: /home/simon/Documents/ARO/ros2_ws/install/minimal_interfaces/include/minimal_interfaces/minimal_interfaces/srv/detail/dds_fastrtps
[3.492s] -- Up-to-date: /home/simon/Documents/ARO/ros2_ws/install/minimal_interfaces/include/minimal_interfaces/minimal_interfaces/srv/detail/string_service__rosidl_typesupport_fastrtps_cpp.hpp
[3.492s] -- Up-to-date: /home/simon/Documents/ARO/ros2_ws/install/minimal_interfaces/include/minimal_interfaces/minimal_interfaces/msg
[3.492s] -- Up-to-date: /home/simon/Documents/ARO/ros2_ws/install/minimal_interfaces/include/minimal_interfaces/minimal_interfaces/msg/rosidl_typesupport_fastrtps_cpp__visibility_control.h
[3.492s] -- Up-to-date: /home/simon/Documents/ARO/ros2_ws/install/minimal_interfaces/lib/libminimal_interfaces__rosidl_typesupport_fastrtps_cpp.so
[3.492s] -- Up-to-date: /home/simon/Documents/ARO/ros2_ws/install/minimal_interfaces/include/minimal_interfaces/minimal_interfaces
[3.492s] -- Up-to-date: /home/simon/Documents/ARO/ros2_ws/install/minimal_interfaces/include/minimal_interfaces/minimal_interfaces/srv
[3.492s] -- Up-to-date: /home/simon/Documents/ARO/ros2_ws/install/minimal_interfaces/include/minimal_interfaces/minimal_interfaces/srv/detail
[3.492s] -- Up-to-date: /home/simon/Documents/ARO/ros2_ws/install/minimal_interfaces/include/minimal_interfaces/minimal_interfaces/srv/detail/string_service__type_support.cpp
[3.493s] -- Up-to-date: /home/simon/Documents/ARO/ros2_ws/install/minimal_interfaces/include/minimal_interfaces/minimal_interfaces/srv/detail/string_service__rosidl_typesupport_introspection_cpp.hpp
[3.493s] -- Up-to-date: /home/simon/Documents/ARO/ros2_ws/install/minimal_interfaces/lib/libminimal_interfaces__rosidl_typesupport_introspection_cpp.so
[3.493s] -- Up-to-date: /home/simon/Documents/ARO/ros2_ws/install/minimal_interfaces/lib/libminimal_interfaces__rosidl_typesupport_cpp.so
[3.493s] -- Up-to-date: /home/simon/Documents/ARO/ros2_ws/install/minimal_interfaces/share/minimal_interfaces/environment/pythonpath.sh
[3.493s] -- Up-to-date: /home/simon/Documents/ARO/ros2_ws/install/minimal_interfaces/share/minimal_interfaces/environment/pythonpath.dsv
[3.493s] -- Up-to-date: /home/simon/Documents/ARO/ros2_ws/install/minimal_interfaces/local/lib/python3.10/dist-packages/minimal_interfaces-0.0.0-py3.10.egg-info
[3.494s] -- Installing: /home/simon/Documents/ARO/ros2_ws/install/minimal_interfaces/local/lib/python3.10/dist-packages/minimal_interfaces-0.0.0-py3.10.egg-info/dependency_links.txt
[3.494s] -- Installing: /home/simon/Documents/ARO/ros2_ws/install/minimal_interfaces/local/lib/python3.10/dist-packages/minimal_interfaces-0.0.0-py3.10.egg-info/PKG-INFO
[3.494s] -- Installing: /home/simon/Documents/ARO/ros2_ws/install/minimal_interfaces/local/lib/python3.10/dist-packages/minimal_interfaces-0.0.0-py3.10.egg-info/top_level.txt
[3.494s] -- Installing: /home/simon/Documents/ARO/ros2_ws/install/minimal_interfaces/local/lib/python3.10/dist-packages/minimal_interfaces-0.0.0-py3.10.egg-info/SOURCES.txt
[3.494s] -- Up-to-date: /home/simon/Documents/ARO/ros2_ws/install/minimal_interfaces/local/lib/python3.10/dist-packages/minimal_interfaces
[3.494s] -- Up-to-date: /home/simon/Documents/ARO/ros2_ws/install/minimal_interfaces/local/lib/python3.10/dist-packages/minimal_interfaces/minimal_interfaces_s__rosidl_typesupport_c.cpython-310-x86_64-linux-gnu.so
[3.495s] -- Up-to-date: /home/simon/Documents/ARO/ros2_ws/install/minimal_interfaces/local/lib/python3.10/dist-packages/minimal_interfaces/srv
[3.495s] -- Up-to-date: /home/simon/Documents/ARO/ros2_ws/install/minimal_interfaces/local/lib/python3.10/dist-packages/minimal_interfaces/srv/__init__.py
[3.495s] -- Up-to-date: /home/simon/Documents/ARO/ros2_ws/install/minimal_interfaces/local/lib/python3.10/dist-packages/minimal_interfaces/srv/_string_service_s.c
[3.495s] -- Up-to-date: /home/simon/Documents/ARO/ros2_ws/install/minimal_interfaces/local/lib/python3.10/dist-packages/minimal_interfaces/srv/_string_service.py
[3.495s] -- Up-to-date: /home/simon/Documents/ARO/ros2_ws/install/minimal_interfaces/local/lib/python3.10/dist-packages/minimal_interfaces/__init__.py
[3.496s] -- Up-to-date: /home/simon/Documents/ARO/ros2_ws/install/minimal_interfaces/local/lib/python3.10/dist-packages/minimal_interfaces/_minimal_interfaces_s.ep.rosidl_typesupport_fastrtps_c.c
[3.496s] -- Up-to-date: /home/simon/Documents/ARO/ros2_ws/install/minimal_interfaces/local/lib/python3.10/dist-packages/minimal_interfaces/minimal_interfaces_s__rosidl_typesupport_fastrtps_c.cpython-310-x86_64-linux-gnu.so
[3.496s] -- Up-to-date: /home/simon/Documents/ARO/ros2_ws/install/minimal_interfaces/local/lib/python3.10/dist-packages/minimal_interfaces/libminimal_interfaces__rosidl_generator_py.so
[3.496s] -- Up-to-date: /home/simon/Documents/ARO/ros2_ws/install/minimal_interfaces/local/lib/python3.10/dist-packages/minimal_interfaces/_minimal_interfaces_s.ep.rosidl_typesupport_c.c
[3.496s] -- Up-to-date: /home/simon/Documents/ARO/ros2_ws/install/minimal_interfaces/local/lib/python3.10/dist-packages/minimal_interfaces/minimal_interfaces_s__rosidl_typesupport_introspection_c.cpython-310-x86_64-linux-gnu.so
[3.496s] -- Up-to-date: /home/simon/Documents/ARO/ros2_ws/install/minimal_interfaces/local/lib/python3.10/dist-packages/minimal_interfaces/_minimal_interfaces_s.ep.rosidl_typesupport_introspection_c.c
[3.594s] Listing '/home/simon/Documents/ARO/ros2_ws/install/minimal_interfaces/local/lib/python3.10/dist-packages/minimal_interfaces'...
[3.594s] Listing '/home/simon/Documents/ARO/ros2_ws/install/minimal_interfaces/local/lib/python3.10/dist-packages/minimal_interfaces/srv'...
[3.608s] -- Up-to-date: /home/simon/Documents/ARO/ros2_ws/install/minimal_interfaces/local/lib/python3.10/dist-packages/minimal_interfaces/minimal_interfaces_s__rosidl_typesupport_fastrtps_c.cpython-310-x86_64-linux-gnu.so
[3.609s] -- Up-to-date: /home/simon/Documents/ARO/ros2_ws/install/minimal_interfaces/local/lib/python3.10/dist-packages/minimal_interfaces/minimal_interfaces_s__rosidl_typesupport_introspection_c.cpython-310-x86_64-linux-gnu.so
[3.610s] -- Up-to-date: /home/simon/Documents/ARO/ros2_ws/install/minimal_interfaces/local/lib/python3.10/dist-packages/minimal_interfaces/minimal_interfaces_s__rosidl_typesupport_c.cpython-310-x86_64-linux-gnu.so
[3.611s] -- Up-to-date: /home/simon/Documents/ARO/ros2_ws/install/minimal_interfaces/lib/libminimal_interfaces__rosidl_generator_py.so
[3.611s] -- Up-to-date: /home/simon/Documents/ARO/ros2_ws/install/minimal_interfaces/share/minimal_interfaces/srv/StringService.idl
[3.612s] -- Up-to-date: /home/simon/Documents/ARO/ros2_ws/install/minimal_interfaces/share/minimal_interfaces/srv/StringService.srv
[3.612s] -- Up-to-date: /home/simon/Documents/ARO/ros2_ws/install/minimal_interfaces/share/minimal_interfaces/srv/StringService_Request.msg
[3.612s] -- Up-to-date: /home/simon/Documents/ARO/ros2_ws/install/minimal_interfaces/share/minimal_interfaces/srv/StringService_Response.msg
[3.612s] -- Up-to-date: /home/simon/Documents/ARO/ros2_ws/install/minimal_interfaces/share/ament_index/resource_index/package_run_dependencies/minimal_interfaces
[3.612s] -- Up-to-date: /home/simon/Documents/ARO/ros2_ws/install/minimal_interfaces/share/ament_index/resource_index/parent_prefix_path/minimal_interfaces
[3.613s] -- Up-to-date: /home/simon/Documents/ARO/ros2_ws/install/minimal_interfaces/share/minimal_interfaces/environment/ament_prefix_path.sh
[3.613s] -- Up-to-date: /home/simon/Documents/ARO/ros2_ws/install/minimal_interfaces/share/minimal_interfaces/environment/ament_prefix_path.dsv
[3.613s] -- Up-to-date: /home/simon/Documents/ARO/ros2_ws/install/minimal_interfaces/share/minimal_interfaces/environment/path.sh
[3.613s] -- Up-to-date: /home/simon/Documents/ARO/ros2_ws/install/minimal_interfaces/share/minimal_interfaces/environment/path.dsv
[3.613s] -- Up-to-date: /home/simon/Documents/ARO/ros2_ws/install/minimal_interfaces/share/minimal_interfaces/local_setup.bash
[3.613s] -- Up-to-date: /home/simon/Documents/ARO/ros2_ws/install/minimal_interfaces/share/minimal_interfaces/local_setup.sh
[3.614s] -- Up-to-date: /home/simon/Documents/ARO/ros2_ws/install/minimal_interfaces/share/minimal_interfaces/local_setup.zsh
[3.614s] -- Up-to-date: /home/simon/Documents/ARO/ros2_ws/install/minimal_interfaces/share/minimal_interfaces/local_setup.dsv
[3.614s] -- Installing: /home/simon/Documents/ARO/ros2_ws/install/minimal_interfaces/share/minimal_interfaces/package.dsv
[3.614s] -- Up-to-date: /home/simon/Documents/ARO/ros2_ws/install/minimal_interfaces/share/ament_index/resource_index/packages/minimal_interfaces
[3.615s] -- Up-to-date: /home/simon/Documents/ARO/ros2_ws/install/minimal_interfaces/share/minimal_interfaces/cmake/export_minimal_interfaces__rosidl_generator_cExport.cmake
[3.615s] -- Up-to-date: /home/simon/Documents/ARO/ros2_ws/install/minimal_interfaces/share/minimal_interfaces/cmake/export_minimal_interfaces__rosidl_generator_cExport-noconfig.cmake
[3.615s] -- Up-to-date: /home/simon/Documents/ARO/ros2_ws/install/minimal_interfaces/share/minimal_interfaces/cmake/export_minimal_interfaces__rosidl_typesupport_fastrtps_cExport.cmake
[3.615s] -- Up-to-date: /home/simon/Documents/ARO/ros2_ws/install/minimal_interfaces/share/minimal_interfaces/cmake/export_minimal_interfaces__rosidl_typesupport_fastrtps_cExport-noconfig.cmake
[3.615s] -- Up-to-date: /home/simon/Documents/ARO/ros2_ws/install/minimal_interfaces/share/minimal_interfaces/cmake/minimal_interfaces__rosidl_typesupport_introspection_cExport.cmake
[3.616s] -- Up-to-date: /home/simon/Documents/ARO/ros2_ws/install/minimal_interfaces/share/minimal_interfaces/cmake/minimal_interfaces__rosidl_typesupport_introspection_cExport-noconfig.cmake
[3.616s] -- Up-to-date: /home/simon/Documents/ARO/ros2_ws/install/minimal_interfaces/share/minimal_interfaces/cmake/minimal_interfaces__rosidl_typesupport_cExport.cmake
[3.616s] -- Up-to-date: /home/simon/Documents/ARO/ros2_ws/install/minimal_interfaces/share/minimal_interfaces/cmake/minimal_interfaces__rosidl_typesupport_cExport-noconfig.cmake
[3.617s] -- Up-to-date: /home/simon/Documents/ARO/ros2_ws/install/minimal_interfaces/share/minimal_interfaces/cmake/export_minimal_interfaces__rosidl_generator_cppExport.cmake
[3.617s] -- Up-to-date: /home/simon/Documents/ARO/ros2_ws/install/minimal_interfaces/share/minimal_interfaces/cmake/export_minimal_interfaces__rosidl_typesupport_fastrtps_cppExport.cmake
[3.618s] -- Up-to-date: /home/simon/Documents/ARO/ros2_ws/install/minimal_interfaces/share/minimal_interfaces/cmake/export_minimal_interfaces__rosidl_typesupport_fastrtps_cppExport-noconfig.cmake
[3.618s] -- Up-to-date: /home/simon/Documents/ARO/ros2_ws/install/minimal_interfaces/share/minimal_interfaces/cmake/minimal_interfaces__rosidl_typesupport_introspection_cppExport.cmake
[3.618s] -- Up-to-date: /home/simon/Documents/ARO/ros2_ws/install/minimal_interfaces/share/minimal_interfaces/cmake/minimal_interfaces__rosidl_typesupport_introspection_cppExport-noconfig.cmake
[3.618s] -- Up-to-date: /home/simon/Documents/ARO/ros2_ws/install/minimal_interfaces/share/minimal_interfaces/cmake/minimal_interfaces__rosidl_typesupport_cppExport.cmake
[3.619s] -- Up-to-date: /home/simon/Documents/ARO/ros2_ws/install/minimal_interfaces/share/minimal_interfaces/cmake/minimal_interfaces__rosidl_typesupport_cppExport-noconfig.cmake
[3.619s] -- Up-to-date: /home/simon/Documents/ARO/ros2_ws/install/minimal_interfaces/share/minimal_interfaces/cmake/export_minimal_interfaces__rosidl_generator_pyExport.cmake
[3.619s] -- Up-to-date: /home/simon/Documents/ARO/ros2_ws/install/minimal_interfaces/share/minimal_interfaces/cmake/export_minimal_interfaces__rosidl_generator_pyExport-noconfig.cmake
[3.619s] -- Up-to-date: /home/simon/Documents/ARO/ros2_ws/install/minimal_interfaces/share/minimal_interfaces/cmake/rosidl_cmake-extras.cmake
[3.619s] -- Up-to-date: /home/simon/Documents/ARO/ros2_ws/install/minimal_interfaces/share/minimal_interfaces/cmake/ament_cmake_export_include_directories-extras.cmake
[3.619s] -- Up-to-date: /home/simon/Documents/ARO/ros2_ws/install/minimal_interfaces/share/minimal_interfaces/cmake/ament_cmake_export_libraries-extras.cmake
[3.619s] -- Up-to-date: /home/simon/Documents/ARO/ros2_ws/install/minimal_interfaces/share/minimal_interfaces/cmake/ament_cmake_export_targets-extras.cmake
[3.620s] -- Up-to-date: /home/simon/Documents/ARO/ros2_ws/install/minimal_interfaces/share/minimal_interfaces/cmake/rosidl_cmake_export_typesupport_targets-extras.cmake
[3.620s] -- Up-to-date: /home/simon/Documents/ARO/ros2_ws/install/minimal_interfaces/share/minimal_interfaces/cmake/ament_cmake_export_dependencies-extras.cmake
[3.620s] -- Up-to-date: /home/simon/Documents/ARO/ros2_ws/install/minimal_interfaces/share/minimal_interfaces/cmake/rosidl_cmake_export_typesupport_libraries-extras.cmake
[3.620s] -- Up-to-date: /home/simon/Documents/ARO/ros2_ws/install/minimal_interfaces/share/minimal_interfaces/cmake/minimal_interfacesConfig.cmake
[3.620s] -- Up-to-date: /home/simon/Documents/ARO/ros2_ws/install/minimal_interfaces/share/minimal_interfaces/cmake/minimal_interfacesConfig-version.cmake
[3.620s] -- Up-to-date: /home/simon/Documents/ARO/ros2_ws/install/minimal_interfaces/share/minimal_interfaces/package.xml
[3.624s] Invoked command in '/home/simon/Documents/ARO/ros2_ws/build/minimal_interfaces' returned '0': CMAKE_PREFIX_PATH=${CMAKE_PREFIX_PATH}:/home/simon/Documents/ARO/ros2_ws/install/mi_paquete_python:/home/simon/Documents/ARO/ros2_ws/install/launch_testing_examples:/home/simon/Documents/ARO/ros2_ws/install/examples_rclpy_minimal_subscriber:/home/simon/Documents/ARO/ros2_ws/install/examples_rclpy_minimal_service:/home/simon/Documents/ARO/ros2_ws/install/examples_rclpy_minimal_publisher:/home/simon/Documents/ARO/ros2_ws/install/examples_rclpy_minimal_client:/home/simon/Documents/ARO/ros2_ws/install/examples_rclpy_minimal_action_server:/home/simon/Documents/ARO/ros2_ws/install/examples_rclpy_minimal_action_client:/home/simon/Documents/ARO/ros2_ws/src/install/mi_paquete_python:/home/simon/Documents/ARO/ros2_ws/src/install/launch_testing_examples:/home/simon/Documents/ARO/ros2_ws/src/install/examples_rclpy_minimal_subscriber:/home/simon/Documents/ARO/ros2_ws/src/install/examples_rclpy_minimal_service:/home/simon/Documents/ARO/ros2_ws/src/install/examples_rclpy_minimal_publisher:/home/simon/Documents/ARO/ros2_ws/src/install/examples_rclpy_minimal_client:/home/simon/Documents/ARO/ros2_ws/src/install/examples_rclpy_minimal_action_server:/home/simon/Documents/ARO/ros2_ws/src/install/examples_rclpy_minimal_action_client:/home/simon/Documents/ARO/turtlebot3_ws/install/turtlebot3_teleop:/home/simon/Documents/ARO/turtlebot3_ws/install/turtlebot3_example:/opt/ros/humble /usr/bin/cmake --install /home/simon/Documents/ARO/ros2_ws/build/minimal_interfaces
