[2.511s] Invoking command in '/home/simon/Documents/ARO/ros2_ws/build/minimal_interfaces': CMAKE_PREFIX_PATH=${CMAKE_PREFIX_PATH}:/home/simon/Documents/ARO/ros2_ws/src/install/mi_paquete_python:/home/simon/Documents/ARO/ros2_ws/src/install/launch_testing_examples:/home/simon/Documents/ARO/ros2_ws/src/install/examples_rclpy_minimal_subscriber:/home/simon/Documents/ARO/ros2_ws/src/install/examples_rclpy_minimal_service:/home/simon/Documents/ARO/ros2_ws/src/install/examples_rclpy_minimal_publisher:/home/simon/Documents/ARO/ros2_ws/src/install/examples_rclpy_minimal_client:/home/simon/Documents/ARO/ros2_ws/src/install/examples_rclpy_minimal_action_server:/home/simon/Documents/ARO/ros2_ws/src/install/examples_rclpy_minimal_action_client:/home/simon/Documents/ARO/turtlebot3_ws/install/turtlebot3_teleop:/home/simon/Documents/ARO/turtlebot3_ws/install/turtlebot3_example:/opt/ros/humble /usr/bin/cmake /home/simon/Documents/ARO/ros2_ws/src/ROS2_examples/rclpy/interfaces/minimal_interfaces -DCMAKE_INSTALL_PREFIX=/home/simon/Documents/ARO/ros2_ws/install/minimal_interfaces
[2.626s] -- The C compiler identification is GNU 11.4.0
[2.753s] -- The CXX compiler identification is GNU 11.4.0
[2.769s] -- Detecting C compiler ABI info
[2.931s] -- Detecting C compiler ABI info - done
[2.946s] -- Check for working C compiler: /usr/bin/cc - skipped
[2.947s] -- Detecting C compile features
[2.948s] -- Detecting C compile features - done
[2.954s] -- Detecting CXX compiler ABI info
[3.128s] -- Detecting CXX compiler ABI info - done
[3.143s] -- Check for working CXX compiler: /usr/bin/c++ - skipped
[3.144s] -- Detecting CXX compile features
[3.144s] -- Detecting CXX compile features - done
[3.155s] -- Found ament_cmake: 1.3.5 (/opt/ros/humble/share/ament_cmake/cmake)
[3.607s] -- Found Python3: /usr/bin/python3.10 (found version "3.10.12") found components: Interpreter 
[3.772s] -- Found rosidl_default_generators: 1.2.0 (/opt/ros/humble/share/rosidl_default_generators/cmake)
[3.772s] -- Using all available rosidl_typesupport_c: rosidl_typesupport_fastrtps_c;rosidl_typesupport_introspection_c
[3.786s] -- Found rosidl_adapter: 3.1.5 (/opt/ros/humble/share/rosidl_adapter/cmake)
[3.857s] -- Using all available rosidl_typesupport_cpp: rosidl_typesupport_fastrtps_cpp;rosidl_typesupport_introspection_cpp
[4.167s] -- Found ament_cmake_ros: 0.10.0 (/opt/ros/humble/share/ament_cmake_ros/cmake)
[4.380s] -- Using all available rosidl_typesupport_c: rosidl_typesupport_fastrtps_c;rosidl_typesupport_introspection_c
[4.634s] -- Using all available rosidl_typesupport_cpp: rosidl_typesupport_fastrtps_cpp;rosidl_typesupport_introspection_cpp
[4.666s] -- Found PythonInterp: /usr/bin/python3 (found suitable version "3.10.12", minimum required is "3.6") 
[4.680s] -- Found python_cmake_module: 0.10.0 (/opt/ros/humble/share/python_cmake_module/cmake)
[4.720s] -- Found PythonLibs: /usr/lib/x86_64-linux-gnu/libpython3.10.so (found suitable version "3.10.12", minimum required is "3.5") 
[4.720s] -- Using PYTHON_EXECUTABLE: /usr/bin/python3
[4.720s] -- Using PYTHON_INCLUDE_DIRS: /usr/include/python3.10
[4.720s] -- Using PYTHON_LIBRARIES: /usr/lib/x86_64-linux-gnu/libpython3.10.so
[4.744s] -- Found PythonExtra: .so  
[4.798s] -- Configuring done
[4.828s] -- Generating done
[4.830s] -- Build files have been written to: /home/simon/Documents/ARO/ros2_ws/build/minimal_interfaces
[4.838s] Invoked command in '/home/simon/Documents/ARO/ros2_ws/build/minimal_interfaces' returned '0': CMAKE_PREFIX_PATH=${CMAKE_PREFIX_PATH}:/home/simon/Documents/ARO/ros2_ws/src/install/mi_paquete_python:/home/simon/Documents/ARO/ros2_ws/src/install/launch_testing_examples:/home/simon/Documents/ARO/ros2_ws/src/install/examples_rclpy_minimal_subscriber:/home/simon/Documents/ARO/ros2_ws/src/install/examples_rclpy_minimal_service:/home/simon/Documents/ARO/ros2_ws/src/install/examples_rclpy_minimal_publisher:/home/simon/Documents/ARO/ros2_ws/src/install/examples_rclpy_minimal_client:/home/simon/Documents/ARO/ros2_ws/src/install/examples_rclpy_minimal_action_server:/home/simon/Documents/ARO/ros2_ws/src/install/examples_rclpy_minimal_action_client:/home/simon/Documents/ARO/turtlebot3_ws/install/turtlebot3_teleop:/home/simon/Documents/ARO/turtlebot3_ws/install/turtlebot3_example:/opt/ros/humble /usr/bin/cmake /home/simon/Documents/ARO/ros2_ws/src/ROS2_examples/rclpy/interfaces/minimal_interfaces -DCMAKE_INSTALL_PREFIX=/home/simon/Documents/ARO/ros2_ws/install/minimal_interfaces
[4.840s] Invoking command in '/home/simon/Documents/ARO/ros2_ws/build/minimal_interfaces': CMAKE_PREFIX_PATH=${CMAKE_PREFIX_PATH}:/home/simon/Documents/ARO/ros2_ws/src/install/mi_paquete_python:/home/simon/Documents/ARO/ros2_ws/src/install/launch_testing_examples:/home/simon/Documents/ARO/ros2_ws/src/install/examples_rclpy_minimal_subscriber:/home/simon/Documents/ARO/ros2_ws/src/install/examples_rclpy_minimal_service:/home/simon/Documents/ARO/ros2_ws/src/install/examples_rclpy_minimal_publisher:/home/simon/Documents/ARO/ros2_ws/src/install/examples_rclpy_minimal_client:/home/simon/Documents/ARO/ros2_ws/src/install/examples_rclpy_minimal_action_server:/home/simon/Documents/ARO/ros2_ws/src/install/examples_rclpy_minimal_action_client:/home/simon/Documents/ARO/turtlebot3_ws/install/turtlebot3_teleop:/home/simon/Documents/ARO/turtlebot3_ws/install/turtlebot3_example:/opt/ros/humble /usr/bin/cmake --build /home/simon/Documents/ARO/ros2_ws/build/minimal_interfaces -- -j16 -l16
[4.886s] [  3%] [34m[1mGenerating C code for ROS interfaces[0m
[4.900s] [  6%] [34m[1mGenerating C++ code for ROS interfaces[0m
[4.911s] [  6%] Built target ament_cmake_python_copy_minimal_interfaces
[5.192s] [  9%] [32mBuilding C object CMakeFiles/minimal_interfaces__rosidl_generator_c.dir/rosidl_generator_c/minimal_interfaces/srv/detail/string_service__functions.c.o[0m
[5.202s] [  9%] Built target minimal_interfaces__cpp
[5.218s] [ 16%] [34m[1mGenerating C++ type support dispatch for ROS interfaces[0m
[5.218s] [ 16%] [34m[1mGenerating C++ introspection for ROS interfaces[0m
[5.219s] [ 19%] [34m[1mGenerating C++ type support for eProsima Fast-RTPS[0m
[5.221s] running egg_info
[5.221s] creating minimal_interfaces.egg-info
[5.221s] writing minimal_interfaces.egg-info/PKG-INFO
[5.222s] writing dependency_links to minimal_interfaces.egg-info/dependency_links.txt
[5.222s] writing top-level names to minimal_interfaces.egg-info/top_level.txt
[5.222s] writing manifest file 'minimal_interfaces.egg-info/SOURCES.txt'
[5.225s] reading manifest file 'minimal_interfaces.egg-info/SOURCES.txt'
[5.226s] writing manifest file 'minimal_interfaces.egg-info/SOURCES.txt'
[5.271s] [ 22%] [32m[1mLinking C shared library libminimal_interfaces__rosidl_generator_c.so[0m
[5.275s] [ 22%] Built target ament_cmake_python_build_minimal_interfaces_egg
[5.334s] [ 22%] Built target minimal_interfaces__rosidl_generator_c
[5.350s] [ 32%] [34m[1mGenerating C introspection for ROS interfaces[0m
[5.350s] [ 32%] [34m[1mGenerating C type support dispatch for ROS interfaces[0m
[5.351s] [ 32%] [34m[1mGenerating C type support for eProsima Fast-RTPS[0m
[5.531s] [ 35%] [32mBuilding CXX object CMakeFiles/minimal_interfaces__rosidl_typesupport_cpp.dir/rosidl_typesupport_cpp/minimal_interfaces/srv/string_service__type_support.cpp.o[0m
[5.562s] [ 38%] [32mBuilding CXX object CMakeFiles/minimal_interfaces__rosidl_typesupport_introspection_cpp.dir/rosidl_typesupport_introspection_cpp/minimal_interfaces/srv/detail/string_service__type_support.cpp.o[0m
[5.586s] [ 41%] [32mBuilding CXX object CMakeFiles/minimal_interfaces__rosidl_typesupport_fastrtps_cpp.dir/rosidl_typesupport_fastrtps_cpp/minimal_interfaces/srv/detail/dds_fastrtps/string_service__type_support.cpp.o[0m
[5.702s] [ 45%] [32mBuilding CXX object CMakeFiles/minimal_interfaces__rosidl_typesupport_c.dir/rosidl_typesupport_c/minimal_interfaces/srv/string_service__type_support.cpp.o[0m
[5.720s] [ 48%] [32mBuilding C object CMakeFiles/minimal_interfaces__rosidl_typesupport_introspection_c.dir/rosidl_typesupport_introspection_c/minimal_interfaces/srv/detail/string_service__type_support.c.o[0m
[5.754s] [ 51%] [32m[1mLinking CXX shared library libminimal_interfaces__rosidl_typesupport_c.so[0m
[5.777s] [ 54%] [32m[1mLinking C shared library libminimal_interfaces__rosidl_typesupport_introspection_c.so[0m
[5.798s] [ 58%] [32mBuilding CXX object CMakeFiles/minimal_interfaces__rosidl_typesupport_fastrtps_c.dir/rosidl_typesupport_fastrtps_c/minimal_interfaces/srv/detail/string_service__type_support_c.cpp.o[0m
[5.821s] [ 58%] Built target minimal_interfaces__rosidl_typesupport_c
[5.831s] [ 58%] Built target minimal_interfaces__rosidl_typesupport_introspection_c
[5.867s] [ 61%] [32m[1mLinking CXX shared library libminimal_interfaces__rosidl_typesupport_cpp.so[0m
[5.934s] [ 61%] Built target minimal_interfaces__rosidl_typesupport_cpp
[6.014s] [ 64%] [32m[1mLinking CXX shared library libminimal_interfaces__rosidl_typesupport_introspection_cpp.so[0m
[6.058s] [ 67%] [32m[1mLinking CXX shared library libminimal_interfaces__rosidl_typesupport_fastrtps_cpp.so[0m
[6.112s] [ 67%] Built target minimal_interfaces__rosidl_typesupport_introspection_cpp
[6.171s] [ 67%] Built target minimal_interfaces__rosidl_typesupport_fastrtps_cpp
[6.186s] [ 70%] [32m[1mLinking CXX shared library libminimal_interfaces__rosidl_typesupport_fastrtps_c.so[0m
[6.289s] [ 70%] Built target minimal_interfaces__rosidl_typesupport_fastrtps_c
[6.316s] [ 70%] Built target minimal_interfaces
[6.346s] [ 74%] [34m[1mGenerating Python code for ROS interfaces[0m
[6.673s] [ 74%] Built target minimal_interfaces__py
[6.703s] [ 77%] [32mBuilding C object CMakeFiles/minimal_interfaces__rosidl_generator_py.dir/rosidl_generator_py/minimal_interfaces/srv/_string_service_s.c.o[0m
[6.820s] [ 80%] [32m[1mLinking C shared library rosidl_generator_py/minimal_interfaces/libminimal_interfaces__rosidl_generator_py.so[0m
[6.872s] [ 80%] Built target minimal_interfaces__rosidl_generator_py
[6.901s] [ 83%] [32mBuilding C object CMakeFiles/minimal_interfaces__rosidl_typesupport_fastrtps_c__pyext.dir/rosidl_generator_py/minimal_interfaces/_minimal_interfaces_s.ep.rosidl_typesupport_fastrtps_c.c.o[0m
[6.903s] [ 90%] [32mBuilding C object CMakeFiles/minimal_interfaces__rosidl_typesupport_introspection_c__pyext.dir/rosidl_generator_py/minimal_interfaces/_minimal_interfaces_s.ep.rosidl_typesupport_introspection_c.c.o[0m
[6.903s] [ 90%] [32mBuilding C object CMakeFiles/minimal_interfaces__rosidl_typesupport_c__pyext.dir/rosidl_generator_py/minimal_interfaces/_minimal_interfaces_s.ep.rosidl_typesupport_c.c.o[0m
[7.007s] [ 93%] [32m[1mLinking C shared library rosidl_generator_py/minimal_interfaces/minimal_interfaces_s__rosidl_typesupport_introspection_c.cpython-310-x86_64-linux-gnu.so[0m
[7.007s] [ 96%] [32m[1mLinking C shared library rosidl_generator_py/minimal_interfaces/minimal_interfaces_s__rosidl_typesupport_c.cpython-310-x86_64-linux-gnu.so[0m
[7.020s] [100%] [32m[1mLinking C shared library rosidl_generator_py/minimal_interfaces/minimal_interfaces_s__rosidl_typesupport_fastrtps_c.cpython-310-x86_64-linux-gnu.so[0m
[7.054s] [100%] Built target minimal_interfaces__rosidl_typesupport_c__pyext
[7.054s] [100%] Built target minimal_interfaces__rosidl_typesupport_introspection_c__pyext
[7.073s] [100%] Built target minimal_interfaces__rosidl_typesupport_fastrtps_c__pyext
[7.090s] Invoked command in '/home/simon/Documents/ARO/ros2_ws/build/minimal_interfaces' returned '0': CMAKE_PREFIX_PATH=${CMAKE_PREFIX_PATH}:/home/simon/Documents/ARO/ros2_ws/src/install/mi_paquete_python:/home/simon/Documents/ARO/ros2_ws/src/install/launch_testing_examples:/home/simon/Documents/ARO/ros2_ws/src/install/examples_rclpy_minimal_subscriber:/home/simon/Documents/ARO/ros2_ws/src/install/examples_rclpy_minimal_service:/home/simon/Documents/ARO/ros2_ws/src/install/examples_rclpy_minimal_publisher:/home/simon/Documents/ARO/ros2_ws/src/install/examples_rclpy_minimal_client:/home/simon/Documents/ARO/ros2_ws/src/install/examples_rclpy_minimal_action_server:/home/simon/Documents/ARO/ros2_ws/src/install/examples_rclpy_minimal_action_client:/home/simon/Documents/ARO/turtlebot3_ws/install/turtlebot3_teleop:/home/simon/Documents/ARO/turtlebot3_ws/install/turtlebot3_example:/opt/ros/humble /usr/bin/cmake --build /home/simon/Documents/ARO/ros2_ws/build/minimal_interfaces -- -j16 -l16
[7.208s] Invoking command in '/home/simon/Documents/ARO/ros2_ws/build/minimal_interfaces': CMAKE_PREFIX_PATH=${CMAKE_PREFIX_PATH}:/home/simon/Documents/ARO/ros2_ws/src/install/mi_paquete_python:/home/simon/Documents/ARO/ros2_ws/src/install/launch_testing_examples:/home/simon/Documents/ARO/ros2_ws/src/install/examples_rclpy_minimal_subscriber:/home/simon/Documents/ARO/ros2_ws/src/install/examples_rclpy_minimal_service:/home/simon/Documents/ARO/ros2_ws/src/install/examples_rclpy_minimal_publisher:/home/simon/Documents/ARO/ros2_ws/src/install/examples_rclpy_minimal_client:/home/simon/Documents/ARO/ros2_ws/src/install/examples_rclpy_minimal_action_server:/home/simon/Documents/ARO/ros2_ws/src/install/examples_rclpy_minimal_action_client:/home/simon/Documents/ARO/turtlebot3_ws/install/turtlebot3_teleop:/home/simon/Documents/ARO/turtlebot3_ws/install/turtlebot3_example:/opt/ros/humble /usr/bin/cmake --install /home/simon/Documents/ARO/ros2_ws/build/minimal_interfaces
[7.217s] -- Install configuration: ""
[7.217s] -- Installing: /home/simon/Documents/ARO/ros2_ws/install/minimal_interfaces/share/ament_index/resource_index/rosidl_interfaces/minimal_interfaces
[7.217s] -- Installing: /home/simon/Documents/ARO/ros2_ws/install/minimal_interfaces/include/minimal_interfaces/minimal_interfaces
[7.218s] -- Installing: /home/simon/Documents/ARO/ros2_ws/install/minimal_interfaces/include/minimal_interfaces/minimal_interfaces/srv
[7.218s] -- Installing: /home/simon/Documents/ARO/ros2_ws/install/minimal_interfaces/include/minimal_interfaces/minimal_interfaces/srv/detail
[7.218s] -- Installing: /home/simon/Documents/ARO/ros2_ws/install/minimal_interfaces/include/minimal_interfaces/minimal_interfaces/srv/detail/string_service__functions.c
[7.218s] -- Installing: /home/simon/Documents/ARO/ros2_ws/install/minimal_interfaces/include/minimal_interfaces/minimal_interfaces/srv/detail/string_service__struct.h
[7.218s] -- Installing: /home/simon/Documents/ARO/ros2_ws/install/minimal_interfaces/include/minimal_interfaces/minimal_interfaces/srv/detail/string_service__type_support.h
[7.218s] -- Installing: /home/simon/Documents/ARO/ros2_ws/install/minimal_interfaces/include/minimal_interfaces/minimal_interfaces/srv/detail/string_service__functions.h
[7.218s] -- Installing: /home/simon/Documents/ARO/ros2_ws/install/minimal_interfaces/include/minimal_interfaces/minimal_interfaces/srv/string_service.h
[7.219s] -- Installing: /home/simon/Documents/ARO/ros2_ws/install/minimal_interfaces/include/minimal_interfaces/minimal_interfaces/msg
[7.219s] -- Installing: /home/simon/Documents/ARO/ros2_ws/install/minimal_interfaces/include/minimal_interfaces/minimal_interfaces/msg/rosidl_generator_c__visibility_control.h
[7.219s] -- Installing: /home/simon/Documents/ARO/ros2_ws/install/minimal_interfaces/share/minimal_interfaces/environment/library_path.sh
[7.219s] -- Installing: /home/simon/Documents/ARO/ros2_ws/install/minimal_interfaces/share/minimal_interfaces/environment/library_path.dsv
[7.220s] -- Installing: /home/simon/Documents/ARO/ros2_ws/install/minimal_interfaces/lib/libminimal_interfaces__rosidl_generator_c.so
[7.220s] -- Set runtime path of "/home/simon/Documents/ARO/ros2_ws/install/minimal_interfaces/lib/libminimal_interfaces__rosidl_generator_c.so" to ""
[7.220s] -- Up-to-date: /home/simon/Documents/ARO/ros2_ws/install/minimal_interfaces/include/minimal_interfaces/minimal_interfaces
[7.220s] -- Up-to-date: /home/simon/Documents/ARO/ros2_ws/install/minimal_interfaces/include/minimal_interfaces/minimal_interfaces/srv
[7.221s] -- Up-to-date: /home/simon/Documents/ARO/ros2_ws/install/minimal_interfaces/include/minimal_interfaces/minimal_interfaces/srv/detail
[7.221s] -- Installing: /home/simon/Documents/ARO/ros2_ws/install/minimal_interfaces/include/minimal_interfaces/minimal_interfaces/srv/detail/string_service__rosidl_typesupport_fastrtps_c.h
[7.221s] -- Up-to-date: /home/simon/Documents/ARO/ros2_ws/install/minimal_interfaces/include/minimal_interfaces/minimal_interfaces/msg
[7.221s] -- Installing: /home/simon/Documents/ARO/ros2_ws/install/minimal_interfaces/include/minimal_interfaces/minimal_interfaces/msg/rosidl_typesupport_fastrtps_c__visibility_control.h
[7.221s] -- Installing: /home/simon/Documents/ARO/ros2_ws/install/minimal_interfaces/lib/libminimal_interfaces__rosidl_typesupport_fastrtps_c.so
[7.222s] -- Set runtime path of "/home/simon/Documents/ARO/ros2_ws/install/minimal_interfaces/lib/libminimal_interfaces__rosidl_typesupport_fastrtps_c.so" to ""
[7.222s] -- Up-to-date: /home/simon/Documents/ARO/ros2_ws/install/minimal_interfaces/include/minimal_interfaces/minimal_interfaces
[7.222s] -- Up-to-date: /home/simon/Documents/ARO/ros2_ws/install/minimal_interfaces/include/minimal_interfaces/minimal_interfaces/srv
[7.222s] -- Up-to-date: /home/simon/Documents/ARO/ros2_ws/install/minimal_interfaces/include/minimal_interfaces/minimal_interfaces/srv/detail
[7.222s] -- Installing: /home/simon/Documents/ARO/ros2_ws/install/minimal_interfaces/include/minimal_interfaces/minimal_interfaces/srv/detail/string_service__type_support.c
[7.222s] -- Installing: /home/simon/Documents/ARO/ros2_ws/install/minimal_interfaces/include/minimal_interfaces/minimal_interfaces/srv/detail/string_service__rosidl_typesupport_introspection_c.h
[7.222s] -- Up-to-date: /home/simon/Documents/ARO/ros2_ws/install/minimal_interfaces/include/minimal_interfaces/minimal_interfaces/msg
[7.222s] -- Installing: /home/simon/Documents/ARO/ros2_ws/install/minimal_interfaces/include/minimal_interfaces/minimal_interfaces/msg/rosidl_typesupport_introspection_c__visibility_control.h
[7.223s] -- Installing: /home/simon/Documents/ARO/ros2_ws/install/minimal_interfaces/lib/libminimal_interfaces__rosidl_typesupport_introspection_c.so
[7.223s] -- Set runtime path of "/home/simon/Documents/ARO/ros2_ws/install/minimal_interfaces/lib/libminimal_interfaces__rosidl_typesupport_introspection_c.so" to ""
[7.223s] -- Installing: /home/simon/Documents/ARO/ros2_ws/install/minimal_interfaces/lib/libminimal_interfaces__rosidl_typesupport_c.so
[7.224s] -- Set runtime path of "/home/simon/Documents/ARO/ros2_ws/install/minimal_interfaces/lib/libminimal_interfaces__rosidl_typesupport_c.so" to ""
[7.224s] -- Up-to-date: /home/simon/Documents/ARO/ros2_ws/install/minimal_interfaces/include/minimal_interfaces/minimal_interfaces
[7.224s] -- Up-to-date: /home/simon/Documents/ARO/ros2_ws/install/minimal_interfaces/include/minimal_interfaces/minimal_interfaces/srv
[7.224s] -- Installing: /home/simon/Documents/ARO/ros2_ws/install/minimal_interfaces/include/minimal_interfaces/minimal_interfaces/srv/string_service.hpp
[7.224s] -- Up-to-date: /home/simon/Documents/ARO/ros2_ws/install/minimal_interfaces/include/minimal_interfaces/minimal_interfaces/srv/detail
[7.224s] -- Installing: /home/simon/Documents/ARO/ros2_ws/install/minimal_interfaces/include/minimal_interfaces/minimal_interfaces/srv/detail/string_service__builder.hpp
[7.224s] -- Installing: /home/simon/Documents/ARO/ros2_ws/install/minimal_interfaces/include/minimal_interfaces/minimal_interfaces/srv/detail/string_service__struct.hpp
[7.224s] -- Installing: /home/simon/Documents/ARO/ros2_ws/install/minimal_interfaces/include/minimal_interfaces/minimal_interfaces/srv/detail/string_service__traits.hpp
[7.224s] -- Up-to-date: /home/simon/Documents/ARO/ros2_ws/install/minimal_interfaces/include/minimal_interfaces/minimal_interfaces
[7.224s] -- Up-to-date: /home/simon/Documents/ARO/ros2_ws/install/minimal_interfaces/include/minimal_interfaces/minimal_interfaces/srv
[7.225s] -- Up-to-date: /home/simon/Documents/ARO/ros2_ws/install/minimal_interfaces/include/minimal_interfaces/minimal_interfaces/srv/detail
[7.225s] -- Installing: /home/simon/Documents/ARO/ros2_ws/install/minimal_interfaces/include/minimal_interfaces/minimal_interfaces/srv/detail/dds_fastrtps
[7.225s] -- Installing: /home/simon/Documents/ARO/ros2_ws/install/minimal_interfaces/include/minimal_interfaces/minimal_interfaces/srv/detail/string_service__rosidl_typesupport_fastrtps_cpp.hpp
[7.225s] -- Up-to-date: /home/simon/Documents/ARO/ros2_ws/install/minimal_interfaces/include/minimal_interfaces/minimal_interfaces/msg
[7.225s] -- Installing: /home/simon/Documents/ARO/ros2_ws/install/minimal_interfaces/include/minimal_interfaces/minimal_interfaces/msg/rosidl_typesupport_fastrtps_cpp__visibility_control.h
[7.225s] -- Installing: /home/simon/Documents/ARO/ros2_ws/install/minimal_interfaces/lib/libminimal_interfaces__rosidl_typesupport_fastrtps_cpp.so
[7.225s] -- Set runtime path of "/home/simon/Documents/ARO/ros2_ws/install/minimal_interfaces/lib/libminimal_interfaces__rosidl_typesupport_fastrtps_cpp.so" to ""
[7.226s] -- Up-to-date: /home/simon/Documents/ARO/ros2_ws/install/minimal_interfaces/include/minimal_interfaces/minimal_interfaces
[7.226s] -- Up-to-date: /home/simon/Documents/ARO/ros2_ws/install/minimal_interfaces/include/minimal_interfaces/minimal_interfaces/srv
[7.226s] -- Up-to-date: /home/simon/Documents/ARO/ros2_ws/install/minimal_interfaces/include/minimal_interfaces/minimal_interfaces/srv/detail
[7.226s] -- Installing: /home/simon/Documents/ARO/ros2_ws/install/minimal_interfaces/include/minimal_interfaces/minimal_interfaces/srv/detail/string_service__type_support.cpp
[7.226s] -- Installing: /home/simon/Documents/ARO/ros2_ws/install/minimal_interfaces/include/minimal_interfaces/minimal_interfaces/srv/detail/string_service__rosidl_typesupport_introspection_cpp.hpp
[7.226s] -- Installing: /home/simon/Documents/ARO/ros2_ws/install/minimal_interfaces/lib/libminimal_interfaces__rosidl_typesupport_introspection_cpp.so
[7.227s] -- Set runtime path of "/home/simon/Documents/ARO/ros2_ws/install/minimal_interfaces/lib/libminimal_interfaces__rosidl_typesupport_introspection_cpp.so" to ""
[7.227s] -- Installing: /home/simon/Documents/ARO/ros2_ws/install/minimal_interfaces/lib/libminimal_interfaces__rosidl_typesupport_cpp.so
[7.227s] -- Set runtime path of "/home/simon/Documents/ARO/ros2_ws/install/minimal_interfaces/lib/libminimal_interfaces__rosidl_typesupport_cpp.so" to ""
[7.227s] -- Installing: /home/simon/Documents/ARO/ros2_ws/install/minimal_interfaces/share/minimal_interfaces/environment/pythonpath.sh
[7.227s] -- Installing: /home/simon/Documents/ARO/ros2_ws/install/minimal_interfaces/share/minimal_interfaces/environment/pythonpath.dsv
[7.227s] -- Installing: /home/simon/Documents/ARO/ros2_ws/install/minimal_interfaces/local/lib/python3.10/dist-packages/minimal_interfaces-0.0.0-py3.10.egg-info
[7.228s] -- Installing: /home/simon/Documents/ARO/ros2_ws/install/minimal_interfaces/local/lib/python3.10/dist-packages/minimal_interfaces-0.0.0-py3.10.egg-info/dependency_links.txt
[7.228s] -- Installing: /home/simon/Documents/ARO/ros2_ws/install/minimal_interfaces/local/lib/python3.10/dist-packages/minimal_interfaces-0.0.0-py3.10.egg-info/PKG-INFO
[7.228s] -- Installing: /home/simon/Documents/ARO/ros2_ws/install/minimal_interfaces/local/lib/python3.10/dist-packages/minimal_interfaces-0.0.0-py3.10.egg-info/top_level.txt
[7.228s] -- Installing: /home/simon/Documents/ARO/ros2_ws/install/minimal_interfaces/local/lib/python3.10/dist-packages/minimal_interfaces-0.0.0-py3.10.egg-info/SOURCES.txt
[7.228s] -- Installing: /home/simon/Documents/ARO/ros2_ws/install/minimal_interfaces/local/lib/python3.10/dist-packages/minimal_interfaces
[7.228s] -- Installing: /home/simon/Documents/ARO/ros2_ws/install/minimal_interfaces/local/lib/python3.10/dist-packages/minimal_interfaces/minimal_interfaces_s__rosidl_typesupport_c.cpython-310-x86_64-linux-gnu.so
[7.228s] -- Installing: /home/simon/Documents/ARO/ros2_ws/install/minimal_interfaces/local/lib/python3.10/dist-packages/minimal_interfaces/srv
[7.229s] -- Installing: /home/simon/Documents/ARO/ros2_ws/install/minimal_interfaces/local/lib/python3.10/dist-packages/minimal_interfaces/srv/__init__.py
[7.229s] -- Installing: /home/simon/Documents/ARO/ros2_ws/install/minimal_interfaces/local/lib/python3.10/dist-packages/minimal_interfaces/srv/_string_service_s.c
[7.229s] -- Installing: /home/simon/Documents/ARO/ros2_ws/install/minimal_interfaces/local/lib/python3.10/dist-packages/minimal_interfaces/srv/_string_service.py
[7.229s] -- Installing: /home/simon/Documents/ARO/ros2_ws/install/minimal_interfaces/local/lib/python3.10/dist-packages/minimal_interfaces/__init__.py
[7.229s] -- Installing: /home/simon/Documents/ARO/ros2_ws/install/minimal_interfaces/local/lib/python3.10/dist-packages/minimal_interfaces/_minimal_interfaces_s.ep.rosidl_typesupport_fastrtps_c.c
[7.229s] -- Installing: /home/simon/Documents/ARO/ros2_ws/install/minimal_interfaces/local/lib/python3.10/dist-packages/minimal_interfaces/minimal_interfaces_s__rosidl_typesupport_fastrtps_c.cpython-310-x86_64-linux-gnu.so
[7.230s] -- Installing: /home/simon/Documents/ARO/ros2_ws/install/minimal_interfaces/local/lib/python3.10/dist-packages/minimal_interfaces/libminimal_interfaces__rosidl_generator_py.so
[7.230s] -- Installing: /home/simon/Documents/ARO/ros2_ws/install/minimal_interfaces/local/lib/python3.10/dist-packages/minimal_interfaces/_minimal_interfaces_s.ep.rosidl_typesupport_c.c
[7.230s] -- Installing: /home/simon/Documents/ARO/ros2_ws/install/minimal_interfaces/local/lib/python3.10/dist-packages/minimal_interfaces/minimal_interfaces_s__rosidl_typesupport_introspection_c.cpython-310-x86_64-linux-gnu.so
[7.230s] -- Installing: /home/simon/Documents/ARO/ros2_ws/install/minimal_interfaces/local/lib/python3.10/dist-packages/minimal_interfaces/_minimal_interfaces_s.ep.rosidl_typesupport_introspection_c.c
[7.270s] Listing '/home/simon/Documents/ARO/ros2_ws/install/minimal_interfaces/local/lib/python3.10/dist-packages/minimal_interfaces'...
[7.270s] Compiling '/home/simon/Documents/ARO/ros2_ws/install/minimal_interfaces/local/lib/python3.10/dist-packages/minimal_interfaces/__init__.py'...
[7.270s] Listing '/home/simon/Documents/ARO/ros2_ws/install/minimal_interfaces/local/lib/python3.10/dist-packages/minimal_interfaces/srv'...
[7.270s] Compiling '/home/simon/Documents/ARO/ros2_ws/install/minimal_interfaces/local/lib/python3.10/dist-packages/minimal_interfaces/srv/__init__.py'...
[7.270s] Compiling '/home/simon/Documents/ARO/ros2_ws/install/minimal_interfaces/local/lib/python3.10/dist-packages/minimal_interfaces/srv/_string_service.py'...
[7.276s] -- Installing: /home/simon/Documents/ARO/ros2_ws/install/minimal_interfaces/local/lib/python3.10/dist-packages/minimal_interfaces/minimal_interfaces_s__rosidl_typesupport_fastrtps_c.cpython-310-x86_64-linux-gnu.so
[7.276s] -- Set runtime path of "/home/simon/Documents/ARO/ros2_ws/install/minimal_interfaces/local/lib/python3.10/dist-packages/minimal_interfaces/minimal_interfaces_s__rosidl_typesupport_fastrtps_c.cpython-310-x86_64-linux-gnu.so" to ""
[7.277s] -- Installing: /home/simon/Documents/ARO/ros2_ws/install/minimal_interfaces/local/lib/python3.10/dist-packages/minimal_interfaces/minimal_interfaces_s__rosidl_typesupport_introspection_c.cpython-310-x86_64-linux-gnu.so
[7.277s] -- Set runtime path of "/home/simon/Documents/ARO/ros2_ws/install/minimal_interfaces/local/lib/python3.10/dist-packages/minimal_interfaces/minimal_interfaces_s__rosidl_typesupport_introspection_c.cpython-310-x86_64-linux-gnu.so" to ""
[7.277s] -- Installing: /home/simon/Documents/ARO/ros2_ws/install/minimal_interfaces/local/lib/python3.10/dist-packages/minimal_interfaces/minimal_interfaces_s__rosidl_typesupport_c.cpython-310-x86_64-linux-gnu.so
[7.277s] -- Set runtime path of "/home/simon/Documents/ARO/ros2_ws/install/minimal_interfaces/local/lib/python3.10/dist-packages/minimal_interfaces/minimal_interfaces_s__rosidl_typesupport_c.cpython-310-x86_64-linux-gnu.so" to ""
[7.277s] -- Installing: /home/simon/Documents/ARO/ros2_ws/install/minimal_interfaces/lib/libminimal_interfaces__rosidl_generator_py.so
[7.278s] -- Set runtime path of "/home/simon/Documents/ARO/ros2_ws/install/minimal_interfaces/lib/libminimal_interfaces__rosidl_generator_py.so" to ""
[7.278s] -- Installing: /home/simon/Documents/ARO/ros2_ws/install/minimal_interfaces/share/minimal_interfaces/srv/StringService.idl
[7.278s] -- Installing: /home/simon/Documents/ARO/ros2_ws/install/minimal_interfaces/share/minimal_interfaces/srv/StringService.srv
[7.278s] -- Installing: /home/simon/Documents/ARO/ros2_ws/install/minimal_interfaces/share/minimal_interfaces/srv/StringService_Request.msg
[7.278s] -- Installing: /home/simon/Documents/ARO/ros2_ws/install/minimal_interfaces/share/minimal_interfaces/srv/StringService_Response.msg
[7.279s] -- Installing: /home/simon/Documents/ARO/ros2_ws/install/minimal_interfaces/share/ament_index/resource_index/package_run_dependencies/minimal_interfaces
[7.279s] -- Installing: /home/simon/Documents/ARO/ros2_ws/install/minimal_interfaces/share/ament_index/resource_index/parent_prefix_path/minimal_interfaces
[7.279s] -- Installing: /home/simon/Documents/ARO/ros2_ws/install/minimal_interfaces/share/minimal_interfaces/environment/ament_prefix_path.sh
[7.279s] -- Installing: /home/simon/Documents/ARO/ros2_ws/install/minimal_interfaces/share/minimal_interfaces/environment/ament_prefix_path.dsv
[7.279s] -- Installing: /home/simon/Documents/ARO/ros2_ws/install/minimal_interfaces/share/minimal_interfaces/environment/path.sh
[7.280s] -- Installing: /home/simon/Documents/ARO/ros2_ws/install/minimal_interfaces/share/minimal_interfaces/environment/path.dsv
[7.280s] -- Installing: /home/simon/Documents/ARO/ros2_ws/install/minimal_interfaces/share/minimal_interfaces/local_setup.bash
[7.280s] -- Installing: /home/simon/Documents/ARO/ros2_ws/install/minimal_interfaces/share/minimal_interfaces/local_setup.sh
[7.280s] -- Installing: /home/simon/Documents/ARO/ros2_ws/install/minimal_interfaces/share/minimal_interfaces/local_setup.zsh
[7.280s] -- Installing: /home/simon/Documents/ARO/ros2_ws/install/minimal_interfaces/share/minimal_interfaces/local_setup.dsv
[7.280s] -- Installing: /home/simon/Documents/ARO/ros2_ws/install/minimal_interfaces/share/minimal_interfaces/package.dsv
[7.281s] -- Installing: /home/simon/Documents/ARO/ros2_ws/install/minimal_interfaces/share/ament_index/resource_index/packages/minimal_interfaces
[7.281s] -- Installing: /home/simon/Documents/ARO/ros2_ws/install/minimal_interfaces/share/minimal_interfaces/cmake/export_minimal_interfaces__rosidl_generator_cExport.cmake
[7.281s] -- Installing: /home/simon/Documents/ARO/ros2_ws/install/minimal_interfaces/share/minimal_interfaces/cmake/export_minimal_interfaces__rosidl_generator_cExport-noconfig.cmake
[7.281s] -- Installing: /home/simon/Documents/ARO/ros2_ws/install/minimal_interfaces/share/minimal_interfaces/cmake/export_minimal_interfaces__rosidl_typesupport_fastrtps_cExport.cmake
[7.281s] -- Installing: /home/simon/Documents/ARO/ros2_ws/install/minimal_interfaces/share/minimal_interfaces/cmake/export_minimal_interfaces__rosidl_typesupport_fastrtps_cExport-noconfig.cmake
[7.281s] -- Installing: /home/simon/Documents/ARO/ros2_ws/install/minimal_interfaces/share/minimal_interfaces/cmake/minimal_interfaces__rosidl_typesupport_introspection_cExport.cmake
[7.282s] -- Installing: /home/simon/Documents/ARO/ros2_ws/install/minimal_interfaces/share/minimal_interfaces/cmake/minimal_interfaces__rosidl_typesupport_introspection_cExport-noconfig.cmake
[7.282s] -- Installing: /home/simon/Documents/ARO/ros2_ws/install/minimal_interfaces/share/minimal_interfaces/cmake/minimal_interfaces__rosidl_typesupport_cExport.cmake
[7.282s] -- Installing: /home/simon/Documents/ARO/ros2_ws/install/minimal_interfaces/share/minimal_interfaces/cmake/minimal_interfaces__rosidl_typesupport_cExport-noconfig.cmake
[7.282s] -- Installing: /home/simon/Documents/ARO/ros2_ws/install/minimal_interfaces/share/minimal_interfaces/cmake/export_minimal_interfaces__rosidl_generator_cppExport.cmake
[7.282s] -- Installing: /home/simon/Documents/ARO/ros2_ws/install/minimal_interfaces/share/minimal_interfaces/cmake/export_minimal_interfaces__rosidl_typesupport_fastrtps_cppExport.cmake
[7.283s] -- Installing: /home/simon/Documents/ARO/ros2_ws/install/minimal_interfaces/share/minimal_interfaces/cmake/export_minimal_interfaces__rosidl_typesupport_fastrtps_cppExport-noconfig.cmake
[7.283s] -- Installing: /home/simon/Documents/ARO/ros2_ws/install/minimal_interfaces/share/minimal_interfaces/cmake/minimal_interfaces__rosidl_typesupport_introspection_cppExport.cmake
[7.283s] -- Installing: /home/simon/Documents/ARO/ros2_ws/install/minimal_interfaces/share/minimal_interfaces/cmake/minimal_interfaces__rosidl_typesupport_introspection_cppExport-noconfig.cmake
[7.283s] -- Installing: /home/simon/Documents/ARO/ros2_ws/install/minimal_interfaces/share/minimal_interfaces/cmake/minimal_interfaces__rosidl_typesupport_cppExport.cmake
[7.283s] -- Installing: /home/simon/Documents/ARO/ros2_ws/install/minimal_interfaces/share/minimal_interfaces/cmake/minimal_interfaces__rosidl_typesupport_cppExport-noconfig.cmake
[7.283s] -- Installing: /home/simon/Documents/ARO/ros2_ws/install/minimal_interfaces/share/minimal_interfaces/cmake/export_minimal_interfaces__rosidl_generator_pyExport.cmake
[7.284s] -- Installing: /home/simon/Documents/ARO/ros2_ws/install/minimal_interfaces/share/minimal_interfaces/cmake/export_minimal_interfaces__rosidl_generator_pyExport-noconfig.cmake
[7.284s] -- Installing: /home/simon/Documents/ARO/ros2_ws/install/minimal_interfaces/share/minimal_interfaces/cmake/rosidl_cmake-extras.cmake
[7.284s] -- Installing: /home/simon/Documents/ARO/ros2_ws/install/minimal_interfaces/share/minimal_interfaces/cmake/ament_cmake_export_include_directories-extras.cmake
[7.284s] -- Installing: /home/simon/Documents/ARO/ros2_ws/install/minimal_interfaces/share/minimal_interfaces/cmake/ament_cmake_export_libraries-extras.cmake
[7.284s] -- Installing: /home/simon/Documents/ARO/ros2_ws/install/minimal_interfaces/share/minimal_interfaces/cmake/ament_cmake_export_targets-extras.cmake
[7.284s] -- Installing: /home/simon/Documents/ARO/ros2_ws/install/minimal_interfaces/share/minimal_interfaces/cmake/rosidl_cmake_export_typesupport_targets-extras.cmake
[7.285s] -- Installing: /home/simon/Documents/ARO/ros2_ws/install/minimal_interfaces/share/minimal_interfaces/cmake/ament_cmake_export_dependencies-extras.cmake
[7.285s] -- Installing: /home/simon/Documents/ARO/ros2_ws/install/minimal_interfaces/share/minimal_interfaces/cmake/rosidl_cmake_export_typesupport_libraries-extras.cmake
[7.285s] -- Installing: /home/simon/Documents/ARO/ros2_ws/install/minimal_interfaces/share/minimal_interfaces/cmake/minimal_interfacesConfig.cmake
[7.285s] -- Installing: /home/simon/Documents/ARO/ros2_ws/install/minimal_interfaces/share/minimal_interfaces/cmake/minimal_interfacesConfig-version.cmake
[7.285s] -- Installing: /home/simon/Documents/ARO/ros2_ws/install/minimal_interfaces/share/minimal_interfaces/package.xml
[7.288s] Invoked command in '/home/simon/Documents/ARO/ros2_ws/build/minimal_interfaces' returned '0': CMAKE_PREFIX_PATH=${CMAKE_PREFIX_PATH}:/home/simon/Documents/ARO/ros2_ws/src/install/mi_paquete_python:/home/simon/Documents/ARO/ros2_ws/src/install/launch_testing_examples:/home/simon/Documents/ARO/ros2_ws/src/install/examples_rclpy_minimal_subscriber:/home/simon/Documents/ARO/ros2_ws/src/install/examples_rclpy_minimal_service:/home/simon/Documents/ARO/ros2_ws/src/install/examples_rclpy_minimal_publisher:/home/simon/Documents/ARO/ros2_ws/src/install/examples_rclpy_minimal_client:/home/simon/Documents/ARO/ros2_ws/src/install/examples_rclpy_minimal_action_server:/home/simon/Documents/ARO/ros2_ws/src/install/examples_rclpy_minimal_action_client:/home/simon/Documents/ARO/turtlebot3_ws/install/turtlebot3_teleop:/home/simon/Documents/ARO/turtlebot3_ws/install/turtlebot3_example:/opt/ros/humble /usr/bin/cmake --install /home/simon/Documents/ARO/ros2_ws/build/minimal_interfaces
