running egg_info
writing ../../build/trabajo/trabajo.egg-info/PKG-INFO
writing dependency_links to ../../build/trabajo/trabajo.egg-info/dependency_links.txt
writing entry points to ../../build/trabajo/trabajo.egg-info/entry_points.txt
writing requirements to ../../build/trabajo/trabajo.egg-info/requires.txt
writing top-level names to ../../build/trabajo/trabajo.egg-info/top_level.txt
reading manifest file '../../build/trabajo/trabajo.egg-info/SOURCES.txt'
writing manifest file '../../build/trabajo/trabajo.egg-info/SOURCES.txt'
running build
running build_py
copying trabajo/service_server.py -> /home/simon/Documents/ARO/ros2_ws/build/trabajo/build/lib/trabajo
running install
running install_lib
copying /home/simon/Documents/ARO/ros2_ws/build/trabajo/build/lib/trabajo/service_server.py -> /home/simon/Documents/ARO/ros2_ws/install/trabajo/lib/python3.10/site-packages/trabajo
byte-compiling /home/simon/Documents/ARO/ros2_ws/install/trabajo/lib/python3.10/site-packages/trabajo/service_server.py to service_server.cpython-310.pyc
running install_data
running install_egg_info
removing '/home/simon/Documents/ARO/ros2_ws/install/trabajo/lib/python3.10/site-packages/trabajo-0.0.0-py3.10.egg-info' (and everything under it)
Copying ../../build/trabajo/trabajo.egg-info to /home/simon/Documents/ARO/ros2_ws/install/trabajo/lib/python3.10/site-packages/trabajo-0.0.0-py3.10.egg-info
running install_scripts
writing list of installed files to '/home/simon/Documents/ARO/ros2_ws/build/trabajo/install.log'
