[5.405s] Invoking command in '/home/simon/Documents/ARO/ros2_ws/src/trabajo': PYTHONPATH=/home/simon/Documents/ARO/ros2_ws/build/trabajo/prefix_override:/home/simon/Documents/ARO/ros2_ws/install/trabajo/lib/python3.10/site-packages:${PYTHONPATH} /usr/bin/python3 setup.py egg_info --egg-base ../../build/trabajo build --build-base /home/simon/Documents/ARO/ros2_ws/build/trabajo/build install --record /home/simon/Documents/ARO/ros2_ws/build/trabajo/install.log --single-version-externally-managed
[6.129s] running egg_info
[6.132s] writing ../../build/trabajo/trabajo.egg-info/PKG-INFO
[6.132s] writing dependency_links to ../../build/trabajo/trabajo.egg-info/dependency_links.txt
[6.133s] writing entry points to ../../build/trabajo/trabajo.egg-info/entry_points.txt
[6.133s] writing requirements to ../../build/trabajo/trabajo.egg-info/requires.txt
[6.133s] writing top-level names to ../../build/trabajo/trabajo.egg-info/top_level.txt
[6.136s] reading manifest file '../../build/trabajo/trabajo.egg-info/SOURCES.txt'
[6.151s] writing manifest file '../../build/trabajo/trabajo.egg-info/SOURCES.txt'
[6.151s] running build
[6.151s] running build_py
[6.151s] copying trabajo/service_server.py -> /home/simon/Documents/ARO/ros2_ws/build/trabajo/build/lib/trabajo
[6.151s] running install
[6.152s] running install_lib
[6.152s] copying /home/simon/Documents/ARO/ros2_ws/build/trabajo/build/lib/trabajo/service_server.py -> /home/simon/Documents/ARO/ros2_ws/install/trabajo/lib/python3.10/site-packages/trabajo
[6.152s] byte-compiling /home/simon/Documents/ARO/ros2_ws/install/trabajo/lib/python3.10/site-packages/trabajo/service_server.py to service_server.cpython-310.pyc
[6.152s] running install_data
[6.152s] running install_egg_info
[6.156s] removing '/home/simon/Documents/ARO/ros2_ws/install/trabajo/lib/python3.10/site-packages/trabajo-0.0.0-py3.10.egg-info' (and everything under it)
[6.156s] Copying ../../build/trabajo/trabajo.egg-info to /home/simon/Documents/ARO/ros2_ws/install/trabajo/lib/python3.10/site-packages/trabajo-0.0.0-py3.10.egg-info
[6.156s] running install_scripts
[6.199s] writing list of installed files to '/home/simon/Documents/ARO/ros2_ws/build/trabajo/install.log'
[6.819s] Invoked command in '/home/simon/Documents/ARO/ros2_ws/src/trabajo' returned '0': PYTHONPATH=/home/simon/Documents/ARO/ros2_ws/build/trabajo/prefix_override:/home/simon/Documents/ARO/ros2_ws/install/trabajo/lib/python3.10/site-packages:${PYTHONPATH} /usr/bin/python3 setup.py egg_info --egg-base ../../build/trabajo build --build-base /home/simon/Documents/ARO/ros2_ws/build/trabajo/build install --record /home/simon/Documents/ARO/ros2_ws/build/trabajo/install.log --single-version-externally-managed
