[2.399s] Invoking command in '/home/simon/Documents/ARO/ros2_ws/build/examples_rclpy_minimal_action_server': PYTHONPATH=/home/simon/Documents/ARO/ros2_ws/build/examples_rclpy_minimal_action_server/prefix_override:/home/simon/Documents/ARO/ros2_ws/install/examples_rclpy_minimal_action_server/lib/python3.10/site-packages:${PYTHONPATH} /usr/bin/python3 setup.py develop --editable --build-directory /home/simon/Documents/ARO/ros2_ws/build/examples_rclpy_minimal_action_server/build --no-deps install_data
[2.735s] running develop
[2.928s] running egg_info
[2.928s] creating examples_rclpy_minimal_action_server.egg-info
[2.928s] writing examples_rclpy_minimal_action_server.egg-info/PKG-INFO
[2.928s] writing dependency_links to examples_rclpy_minimal_action_server.egg-info/dependency_links.txt
[2.928s] writing entry points to examples_rclpy_minimal_action_server.egg-info/entry_points.txt
[2.928s] writing requirements to examples_rclpy_minimal_action_server.egg-info/requires.txt
[2.929s] writing top-level names to examples_rclpy_minimal_action_server.egg-info/top_level.txt
[2.929s] writing manifest file 'examples_rclpy_minimal_action_server.egg-info/SOURCES.txt'
[2.931s] reading manifest file 'examples_rclpy_minimal_action_server.egg-info/SOURCES.txt'
[2.932s] writing manifest file 'examples_rclpy_minimal_action_server.egg-info/SOURCES.txt'
[2.933s] running build_ext
[2.934s] Creating /home/simon/Documents/ARO/ros2_ws/install/examples_rclpy_minimal_action_server/lib/python3.10/site-packages/examples-rclpy-minimal-action-server.egg-link (link to .)
[2.935s] Installing server script to /home/simon/Documents/ARO/ros2_ws/install/examples_rclpy_minimal_action_server/lib/examples_rclpy_minimal_action_server
[2.935s] Installing server_defer script to /home/simon/Documents/ARO/ros2_ws/install/examples_rclpy_minimal_action_server/lib/examples_rclpy_minimal_action_server
[2.935s] Installing server_not_composable script to /home/simon/Documents/ARO/ros2_ws/install/examples_rclpy_minimal_action_server/lib/examples_rclpy_minimal_action_server
[2.935s] Installing server_queue_goals script to /home/simon/Documents/ARO/ros2_ws/install/examples_rclpy_minimal_action_server/lib/examples_rclpy_minimal_action_server
[2.936s] Installing server_single_goal script to /home/simon/Documents/ARO/ros2_ws/install/examples_rclpy_minimal_action_server/lib/examples_rclpy_minimal_action_server
[2.936s] 
[2.936s] Installed /home/simon/Documents/ARO/ros2_ws/build/examples_rclpy_minimal_action_server
[2.936s] running install_data
[2.936s] creating /home/simon/Documents/ARO/ros2_ws/install/examples_rclpy_minimal_action_server/share/ament_index
[2.936s] creating /home/simon/Documents/ARO/ros2_ws/install/examples_rclpy_minimal_action_server/share/ament_index/resource_index
[2.937s] creating /home/simon/Documents/ARO/ros2_ws/install/examples_rclpy_minimal_action_server/share/ament_index/resource_index/packages
[2.937s] copying resource/examples_rclpy_minimal_action_server -> /home/simon/Documents/ARO/ros2_ws/install/examples_rclpy_minimal_action_server/share/ament_index/resource_index/packages
[2.937s] copying package.xml -> /home/simon/Documents/ARO/ros2_ws/install/examples_rclpy_minimal_action_server/share/examples_rclpy_minimal_action_server
[3.015s] Invoked command in '/home/simon/Documents/ARO/ros2_ws/build/examples_rclpy_minimal_action_server' returned '0': PYTHONPATH=/home/simon/Documents/ARO/ros2_ws/build/examples_rclpy_minimal_action_server/prefix_override:/home/simon/Documents/ARO/ros2_ws/install/examples_rclpy_minimal_action_server/lib/python3.10/site-packages:${PYTHONPATH} /usr/bin/python3 setup.py develop --editable --build-directory /home/simon/Documents/ARO/ros2_ws/build/examples_rclpy_minimal_action_server/build --no-deps install_data
