[1.198s] Invoking command in '/home/simon/Documents/ARO/build/turtlebot3_description': CMAKE_PREFIX_PATH=${CMAKE_PREFIX_PATH}:/home/simon/Documents/ARO/ros2_ws/install/mi_paquete_python:/home/simon/Documents/ARO/ros2_ws/install/launch_testing_examples:/home/simon/Documents/ARO/ros2_ws/install/examples_rclpy_minimal_subscriber:/home/simon/Documents/ARO/ros2_ws/install/examples_rclpy_minimal_service:/home/simon/Documents/ARO/ros2_ws/install/examples_rclpy_minimal_publisher:/home/simon/Documents/ARO/ros2_ws/install/examples_rclpy_minimal_client:/home/simon/Documents/ARO/ros2_ws/install/examples_rclpy_minimal_action_server:/home/simon/Documents/ARO/ros2_ws/install/examples_rclpy_minimal_action_client:/home/simon/Documents/ARO/ros2_ws/src/install/mi_paquete_python:/home/simon/Documents/ARO/ros2_ws/src/install/launch_testing_examples:/home/simon/Documents/ARO/ros2_ws/src/install/examples_rclpy_minimal_subscriber:/home/simon/Documents/ARO/ros2_ws/src/install/examples_rclpy_minimal_service:/home/simon/Documents/ARO/ros2_ws/src/install/examples_rclpy_minimal_publisher:/home/simon/Documents/ARO/ros2_ws/src/install/examples_rclpy_minimal_client:/home/simon/Documents/ARO/ros2_ws/src/install/examples_rclpy_minimal_action_server:/home/simon/Documents/ARO/ros2_ws/src/install/examples_rclpy_minimal_action_client:/home/simon/Documents/ARO/turtlebot3_ws/install/turtlebot3_teleop:/home/simon/Documents/ARO/turtlebot3_ws/install/turtlebot3_example:/opt/ros/humble /usr/bin/cmake /home/simon/Documents/ARO/turtlebot3_ws/src/turtlebot3/turtlebot3/turtlebot3_description -DCMAKE_INSTALL_PREFIX=/home/simon/Documents/ARO/install/turtlebot3_description
[4.424s] -- The C compiler identification is GNU 11.4.0
[4.424s] -- The CXX compiler identification is GNU 11.4.0
[4.424s] -- Detecting C compiler ABI info
[4.424s] -- Detecting C compiler ABI info - done
[4.424s] -- Check for working C compiler: /usr/bin/cc - skipped
[4.424s] -- Detecting C compile features
[4.426s] -- Detecting C compile features - done
[4.426s] -- Detecting CXX compiler ABI info
[4.426s] -- Detecting CXX compiler ABI info - done
[4.426s] -- Check for working CXX compiler: /usr/bin/c++ - skipped
[4.426s] -- Detecting CXX compile features
[4.426s] -- Detecting CXX compile features - done
[4.426s] -- Found ament_cmake: 1.3.5 (/opt/ros/humble/share/ament_cmake/cmake)
[4.426s] -- Found Python3: /usr/bin/python3.10 (found version "3.10.12") found components: Interpreter 
[4.426s] -- Found urdf: 2.6.0 (/opt/ros/humble/share/urdf/cmake)
[4.427s] -- Configuring done
[4.427s] -- Generating done
[4.427s] -- Build files have been written to: /home/simon/Documents/ARO/build/turtlebot3_description
[4.458s] Invoked command in '/home/simon/Documents/ARO/build/turtlebot3_description' returned '0': CMAKE_PREFIX_PATH=${CMAKE_PREFIX_PATH}:/home/simon/Documents/ARO/ros2_ws/install/mi_paquete_python:/home/simon/Documents/ARO/ros2_ws/install/launch_testing_examples:/home/simon/Documents/ARO/ros2_ws/install/examples_rclpy_minimal_subscriber:/home/simon/Documents/ARO/ros2_ws/install/examples_rclpy_minimal_service:/home/simon/Documents/ARO/ros2_ws/install/examples_rclpy_minimal_publisher:/home/simon/Documents/ARO/ros2_ws/install/examples_rclpy_minimal_client:/home/simon/Documents/ARO/ros2_ws/install/examples_rclpy_minimal_action_server:/home/simon/Documents/ARO/ros2_ws/install/examples_rclpy_minimal_action_client:/home/simon/Documents/ARO/ros2_ws/src/install/mi_paquete_python:/home/simon/Documents/ARO/ros2_ws/src/install/launch_testing_examples:/home/simon/Documents/ARO/ros2_ws/src/install/examples_rclpy_minimal_subscriber:/home/simon/Documents/ARO/ros2_ws/src/install/examples_rclpy_minimal_service:/home/simon/Documents/ARO/ros2_ws/src/install/examples_rclpy_minimal_publisher:/home/simon/Documents/ARO/ros2_ws/src/install/examples_rclpy_minimal_client:/home/simon/Documents/ARO/ros2_ws/src/install/examples_rclpy_minimal_action_server:/home/simon/Documents/ARO/ros2_ws/src/install/examples_rclpy_minimal_action_client:/home/simon/Documents/ARO/turtlebot3_ws/install/turtlebot3_teleop:/home/simon/Documents/ARO/turtlebot3_ws/install/turtlebot3_example:/opt/ros/humble /usr/bin/cmake /home/simon/Documents/ARO/turtlebot3_ws/src/turtlebot3/turtlebot3/turtlebot3_description -DCMAKE_INSTALL_PREFIX=/home/simon/Documents/ARO/install/turtlebot3_description
[4.459s] Invoking command in '/home/simon/Documents/ARO/build/turtlebot3_description': CMAKE_PREFIX_PATH=${CMAKE_PREFIX_PATH}:/home/simon/Documents/ARO/ros2_ws/install/mi_paquete_python:/home/simon/Documents/ARO/ros2_ws/install/launch_testing_examples:/home/simon/Documents/ARO/ros2_ws/install/examples_rclpy_minimal_subscriber:/home/simon/Documents/ARO/ros2_ws/install/examples_rclpy_minimal_service:/home/simon/Documents/ARO/ros2_ws/install/examples_rclpy_minimal_publisher:/home/simon/Documents/ARO/ros2_ws/install/examples_rclpy_minimal_client:/home/simon/Documents/ARO/ros2_ws/install/examples_rclpy_minimal_action_server:/home/simon/Documents/ARO/ros2_ws/install/examples_rclpy_minimal_action_client:/home/simon/Documents/ARO/ros2_ws/src/install/mi_paquete_python:/home/simon/Documents/ARO/ros2_ws/src/install/launch_testing_examples:/home/simon/Documents/ARO/ros2_ws/src/install/examples_rclpy_minimal_subscriber:/home/simon/Documents/ARO/ros2_ws/src/install/examples_rclpy_minimal_service:/home/simon/Documents/ARO/ros2_ws/src/install/examples_rclpy_minimal_publisher:/home/simon/Documents/ARO/ros2_ws/src/install/examples_rclpy_minimal_client:/home/simon/Documents/ARO/ros2_ws/src/install/examples_rclpy_minimal_action_server:/home/simon/Documents/ARO/ros2_ws/src/install/examples_rclpy_minimal_action_client:/home/simon/Documents/ARO/turtlebot3_ws/install/turtlebot3_teleop:/home/simon/Documents/ARO/turtlebot3_ws/install/turtlebot3_example:/opt/ros/humble /usr/bin/cmake --build /home/simon/Documents/ARO/build/turtlebot3_description -- -j16 -l16
[5.318s] Invoked command in '/home/simon/Documents/ARO/build/turtlebot3_description' returned '0': CMAKE_PREFIX_PATH=${CMAKE_PREFIX_PATH}:/home/simon/Documents/ARO/ros2_ws/install/mi_paquete_python:/home/simon/Documents/ARO/ros2_ws/install/launch_testing_examples:/home/simon/Documents/ARO/ros2_ws/install/examples_rclpy_minimal_subscriber:/home/simon/Documents/ARO/ros2_ws/install/examples_rclpy_minimal_service:/home/simon/Documents/ARO/ros2_ws/install/examples_rclpy_minimal_publisher:/home/simon/Documents/ARO/ros2_ws/install/examples_rclpy_minimal_client:/home/simon/Documents/ARO/ros2_ws/install/examples_rclpy_minimal_action_server:/home/simon/Documents/ARO/ros2_ws/install/examples_rclpy_minimal_action_client:/home/simon/Documents/ARO/ros2_ws/src/install/mi_paquete_python:/home/simon/Documents/ARO/ros2_ws/src/install/launch_testing_examples:/home/simon/Documents/ARO/ros2_ws/src/install/examples_rclpy_minimal_subscriber:/home/simon/Documents/ARO/ros2_ws/src/install/examples_rclpy_minimal_service:/home/simon/Documents/ARO/ros2_ws/src/install/examples_rclpy_minimal_publisher:/home/simon/Documents/ARO/ros2_ws/src/install/examples_rclpy_minimal_client:/home/simon/Documents/ARO/ros2_ws/src/install/examples_rclpy_minimal_action_server:/home/simon/Documents/ARO/ros2_ws/src/install/examples_rclpy_minimal_action_client:/home/simon/Documents/ARO/turtlebot3_ws/install/turtlebot3_teleop:/home/simon/Documents/ARO/turtlebot3_ws/install/turtlebot3_example:/opt/ros/humble /usr/bin/cmake --build /home/simon/Documents/ARO/build/turtlebot3_description -- -j16 -l16
[5.532s] Invoking command in '/home/simon/Documents/ARO/build/turtlebot3_description': CMAKE_PREFIX_PATH=${CMAKE_PREFIX_PATH}:/home/simon/Documents/ARO/ros2_ws/install/mi_paquete_python:/home/simon/Documents/ARO/ros2_ws/install/launch_testing_examples:/home/simon/Documents/ARO/ros2_ws/install/examples_rclpy_minimal_subscriber:/home/simon/Documents/ARO/ros2_ws/install/examples_rclpy_minimal_service:/home/simon/Documents/ARO/ros2_ws/install/examples_rclpy_minimal_publisher:/home/simon/Documents/ARO/ros2_ws/install/examples_rclpy_minimal_client:/home/simon/Documents/ARO/ros2_ws/install/examples_rclpy_minimal_action_server:/home/simon/Documents/ARO/ros2_ws/install/examples_rclpy_minimal_action_client:/home/simon/Documents/ARO/ros2_ws/src/install/mi_paquete_python:/home/simon/Documents/ARO/ros2_ws/src/install/launch_testing_examples:/home/simon/Documents/ARO/ros2_ws/src/install/examples_rclpy_minimal_subscriber:/home/simon/Documents/ARO/ros2_ws/src/install/examples_rclpy_minimal_service:/home/simon/Documents/ARO/ros2_ws/src/install/examples_rclpy_minimal_publisher:/home/simon/Documents/ARO/ros2_ws/src/install/examples_rclpy_minimal_client:/home/simon/Documents/ARO/ros2_ws/src/install/examples_rclpy_minimal_action_server:/home/simon/Documents/ARO/ros2_ws/src/install/examples_rclpy_minimal_action_client:/home/simon/Documents/ARO/turtlebot3_ws/install/turtlebot3_teleop:/home/simon/Documents/ARO/turtlebot3_ws/install/turtlebot3_example:/opt/ros/humble /usr/bin/cmake --install /home/simon/Documents/ARO/build/turtlebot3_description
[5.572s] -- Install configuration: ""
[5.573s] -- Installing: /home/simon/Documents/ARO/install/turtlebot3_description/share/turtlebot3_description/meshes
[5.574s] -- Installing: /home/simon/Documents/ARO/install/turtlebot3_description/share/turtlebot3_description/meshes/sensors
[5.574s] -- Installing: /home/simon/Documents/ARO/install/turtlebot3_description/share/turtlebot3_description/meshes/sensors/lds.stl
[5.583s] -- Installing: /home/simon/Documents/ARO/install/turtlebot3_description/share/turtlebot3_description/meshes/sensors/astra.jpg
[5.584s] -- Installing: /home/simon/Documents/ARO/install/turtlebot3_description/share/turtlebot3_description/meshes/sensors/r200.dae
[5.585s] -- Installing: /home/simon/Documents/ARO/install/turtlebot3_description/share/turtlebot3_description/meshes/sensors/r200.jpg
[5.590s] -- Installing: /home/simon/Documents/ARO/install/turtlebot3_description/share/turtlebot3_description/meshes/sensors/astra.dae
[5.621s] -- Installing: /home/simon/Documents/ARO/install/turtlebot3_description/share/turtlebot3_description/meshes/bases
[5.621s] -- Installing: /home/simon/Documents/ARO/install/turtlebot3_description/share/turtlebot3_description/meshes/bases/waffle_base.stl
[5.748s] -- Installing: /home/simon/Documents/ARO/install/turtlebot3_description/share/turtlebot3_description/meshes/bases/waffle_pi_base.stl
[5.788s] -- Installing: /home/simon/Documents/ARO/install/turtlebot3_description/share/turtlebot3_description/meshes/bases/burger_base.stl
[5.815s] -- Installing: /home/simon/Documents/ARO/install/turtlebot3_description/share/turtlebot3_description/meshes/wheels
[5.816s] -- Installing: /home/simon/Documents/ARO/install/turtlebot3_description/share/turtlebot3_description/meshes/wheels/left_tire.stl
[5.825s] -- Installing: /home/simon/Documents/ARO/install/turtlebot3_description/share/turtlebot3_description/meshes/wheels/right_tire.stl
[5.837s] -- Installing: /home/simon/Documents/ARO/install/turtlebot3_description/share/turtlebot3_description/rviz
[5.837s] -- Installing: /home/simon/Documents/ARO/install/turtlebot3_description/share/turtlebot3_description/rviz/model.rviz
[5.841s] -- Installing: /home/simon/Documents/ARO/install/turtlebot3_description/share/turtlebot3_description/urdf
[5.842s] -- Installing: /home/simon/Documents/ARO/install/turtlebot3_description/share/turtlebot3_description/urdf/turtlebot3_waffle_pi.urdf
[5.844s] -- Installing: /home/simon/Documents/ARO/install/turtlebot3_description/share/turtlebot3_description/urdf/turtlebot3_waffle.urdf
[5.845s] -- Installing: /home/simon/Documents/ARO/install/turtlebot3_description/share/turtlebot3_description/urdf/turtlebot3_burger.urdf
[5.846s] -- Installing: /home/simon/Documents/ARO/install/turtlebot3_description/share/turtlebot3_description/urdf/common_properties.urdf
[5.848s] -- Installing: /home/simon/Documents/ARO/install/turtlebot3_description/share/ament_index/resource_index/package_run_dependencies/turtlebot3_description
[5.849s] -- Installing: /home/simon/Documents/ARO/install/turtlebot3_description/share/ament_index/resource_index/parent_prefix_path/turtlebot3_description
[5.849s] -- Installing: /home/simon/Documents/ARO/install/turtlebot3_description/share/turtlebot3_description/environment/ament_prefix_path.sh
[5.850s] -- Installing: /home/simon/Documents/ARO/install/turtlebot3_description/share/turtlebot3_description/environment/ament_prefix_path.dsv
[5.850s] -- Installing: /home/simon/Documents/ARO/install/turtlebot3_description/share/turtlebot3_description/environment/path.sh
[5.856s] -- Installing: /home/simon/Documents/ARO/install/turtlebot3_description/share/turtlebot3_description/environment/path.dsv
[5.856s] -- Installing: /home/simon/Documents/ARO/install/turtlebot3_description/share/turtlebot3_description/local_setup.bash
[5.857s] -- Installing: /home/simon/Documents/ARO/install/turtlebot3_description/share/turtlebot3_description/local_setup.sh
[5.857s] -- Installing: /home/simon/Documents/ARO/install/turtlebot3_description/share/turtlebot3_description/local_setup.zsh
[5.857s] -- Installing: /home/simon/Documents/ARO/install/turtlebot3_description/share/turtlebot3_description/local_setup.dsv
[5.858s] -- Installing: /home/simon/Documents/ARO/install/turtlebot3_description/share/turtlebot3_description/package.dsv
[5.859s] -- Installing: /home/simon/Documents/ARO/install/turtlebot3_description/share/ament_index/resource_index/packages/turtlebot3_description
[5.859s] -- Installing: /home/simon/Documents/ARO/install/turtlebot3_description/share/turtlebot3_description/cmake/turtlebot3_descriptionConfig.cmake
[5.860s] -- Installing: /home/simon/Documents/ARO/install/turtlebot3_description/share/turtlebot3_description/cmake/turtlebot3_descriptionConfig-version.cmake
[5.861s] -- Installing: /home/simon/Documents/ARO/install/turtlebot3_description/share/turtlebot3_description/package.xml
[5.975s] Invoked command in '/home/simon/Documents/ARO/build/turtlebot3_description' returned '0': CMAKE_PREFIX_PATH=${CMAKE_PREFIX_PATH}:/home/simon/Documents/ARO/ros2_ws/install/mi_paquete_python:/home/simon/Documents/ARO/ros2_ws/install/launch_testing_examples:/home/simon/Documents/ARO/ros2_ws/install/examples_rclpy_minimal_subscriber:/home/simon/Documents/ARO/ros2_ws/install/examples_rclpy_minimal_service:/home/simon/Documents/ARO/ros2_ws/install/examples_rclpy_minimal_publisher:/home/simon/Documents/ARO/ros2_ws/install/examples_rclpy_minimal_client:/home/simon/Documents/ARO/ros2_ws/install/examples_rclpy_minimal_action_server:/home/simon/Documents/ARO/ros2_ws/install/examples_rclpy_minimal_action_client:/home/simon/Documents/ARO/ros2_ws/src/install/mi_paquete_python:/home/simon/Documents/ARO/ros2_ws/src/install/launch_testing_examples:/home/simon/Documents/ARO/ros2_ws/src/install/examples_rclpy_minimal_subscriber:/home/simon/Documents/ARO/ros2_ws/src/install/examples_rclpy_minimal_service:/home/simon/Documents/ARO/ros2_ws/src/install/examples_rclpy_minimal_publisher:/home/simon/Documents/ARO/ros2_ws/src/install/examples_rclpy_minimal_client:/home/simon/Documents/ARO/ros2_ws/src/install/examples_rclpy_minimal_action_server:/home/simon/Documents/ARO/ros2_ws/src/install/examples_rclpy_minimal_action_client:/home/simon/Documents/ARO/turtlebot3_ws/install/turtlebot3_teleop:/home/simon/Documents/ARO/turtlebot3_ws/install/turtlebot3_example:/opt/ros/humble /usr/bin/cmake --install /home/simon/Documents/ARO/build/turtlebot3_description
