[0.720s] Invoking command in '/home/simon/Documents/ARO/ros2_ws/build/mi_paquete_python': PYTHONPATH=/home/simon/Documents/ARO/ros2_ws/build/mi_paquete_python/prefix_override:/home/simon/Documents/ARO/ros2_ws/install/mi_paquete_python/lib/python3.10/site-packages:${PYTHONPATH} /usr/bin/python3 setup.py develop --editable --build-directory /home/simon/Documents/ARO/ros2_ws/build/mi_paquete_python/build --no-deps install_data
[0.954s] running develop
[1.091s] running egg_info
[1.091s] writing mi_paquete_python.egg-info/PKG-INFO
[1.091s] writing dependency_links to mi_paquete_python.egg-info/dependency_links.txt
[1.091s] writing entry points to mi_paquete_python.egg-info/entry_points.txt
[1.092s] writing requirements to mi_paquete_python.egg-info/requires.txt
[1.092s] writing top-level names to mi_paquete_python.egg-info/top_level.txt
[1.093s] reading manifest file 'mi_paquete_python.egg-info/SOURCES.txt'
[1.093s] writing manifest file 'mi_paquete_python.egg-info/SOURCES.txt'
[1.094s] running build_ext
[1.095s] Creating /home/simon/Documents/ARO/ros2_ws/install/mi_paquete_python/lib/python3.10/site-packages/mi-paquete-python.egg-link (link to .)
[1.095s] Installing move_donatello script to /home/simon/Documents/ARO/ros2_ws/install/mi_paquete_python/lib/mi_paquete_python
[1.095s] Installing move_leonardo script to /home/simon/Documents/ARO/ros2_ws/install/mi_paquete_python/lib/mi_paquete_python
[1.096s] Installing move_michelangelo script to /home/simon/Documents/ARO/ros2_ws/install/mi_paquete_python/lib/mi_paquete_python
[1.096s] Installing move_turtle script to /home/simon/Documents/ARO/ros2_ws/install/mi_paquete_python/lib/mi_paquete_python
[1.096s] Installing move_turtle_client script to /home/simon/Documents/ARO/ros2_ws/install/mi_paquete_python/lib/mi_paquete_python
[1.096s] Installing position_logger script to /home/simon/Documents/ARO/ros2_ws/install/mi_paquete_python/lib/mi_paquete_python
[1.096s] Installing robot_news_station script to /home/simon/Documents/ARO/ros2_ws/install/mi_paquete_python/lib/mi_paquete_python
[1.096s] Installing smartphone script to /home/simon/Documents/ARO/ros2_ws/install/mi_paquete_python/lib/mi_paquete_python
[1.096s] Installing turtle_controller script to /home/simon/Documents/ARO/ros2_ws/install/mi_paquete_python/lib/mi_paquete_python
[1.096s] 
[1.097s] Installed /home/simon/Documents/ARO/ros2_ws/build/mi_paquete_python
[1.097s] running install_data
[1.134s] Invoked command in '/home/simon/Documents/ARO/ros2_ws/build/mi_paquete_python' returned '0': PYTHONPATH=/home/simon/Documents/ARO/ros2_ws/build/mi_paquete_python/prefix_override:/home/simon/Documents/ARO/ros2_ws/install/mi_paquete_python/lib/python3.10/site-packages:${PYTHONPATH} /usr/bin/python3 setup.py develop --editable --build-directory /home/simon/Documents/ARO/ros2_ws/build/mi_paquete_python/build --no-deps install_data
