[3.588s] Invoking command in '/home/simon/Documents/ARO/ros2_ws/src/ROS2_examples/rclpy/topics/minimal_publisher': PYTHONPATH=/home/simon/Documents/ARO/ros2_ws/build/examples_rclpy_minimal_publisher/prefix_override:/home/simon/Documents/ARO/ros2_ws/install/examples_rclpy_minimal_publisher/lib/python3.10/site-packages:${PYTHONPATH} /usr/bin/python3 setup.py egg_info --egg-base ../../../../../build/examples_rclpy_minimal_publisher build --build-base /home/simon/Documents/ARO/ros2_ws/build/examples_rclpy_minimal_publisher/build install --record /home/simon/Documents/ARO/ros2_ws/build/examples_rclpy_minimal_publisher/install.log --single-version-externally-managed
[4.155s] running egg_info
[4.156s] creating ../../../../../build/examples_rclpy_minimal_publisher/examples_rclpy_minimal_publisher.egg-info
[4.157s] writing ../../../../../build/examples_rclpy_minimal_publisher/examples_rclpy_minimal_publisher.egg-info/PKG-INFO
[4.158s] writing dependency_links to ../../../../../build/examples_rclpy_minimal_publisher/examples_rclpy_minimal_publisher.egg-info/dependency_links.txt
[4.159s] writing entry points to ../../../../../build/examples_rclpy_minimal_publisher/examples_rclpy_minimal_publisher.egg-info/entry_points.txt
[4.159s] writing requirements to ../../../../../build/examples_rclpy_minimal_publisher/examples_rclpy_minimal_publisher.egg-info/requires.txt
[4.160s] writing top-level names to ../../../../../build/examples_rclpy_minimal_publisher/examples_rclpy_minimal_publisher.egg-info/top_level.txt
[4.161s] writing manifest file '../../../../../build/examples_rclpy_minimal_publisher/examples_rclpy_minimal_publisher.egg-info/SOURCES.txt'
[4.161s] reading manifest file '../../../../../build/examples_rclpy_minimal_publisher/examples_rclpy_minimal_publisher.egg-info/SOURCES.txt'
[4.162s] writing manifest file '../../../../../build/examples_rclpy_minimal_publisher/examples_rclpy_minimal_publisher.egg-info/SOURCES.txt'
[4.162s] running build
[4.163s] running build_py
[4.163s] creating /home/simon/Documents/ARO/ros2_ws/build/examples_rclpy_minimal_publisher/build
[4.164s] creating /home/simon/Documents/ARO/ros2_ws/build/examples_rclpy_minimal_publisher/build/lib
[4.165s] creating /home/simon/Documents/ARO/ros2_ws/build/examples_rclpy_minimal_publisher/build/lib/examples_rclpy_minimal_publisher
[4.166s] copying examples_rclpy_minimal_publisher/publisher_member_function.py -> /home/simon/Documents/ARO/ros2_ws/build/examples_rclpy_minimal_publisher/build/lib/examples_rclpy_minimal_publisher
[4.166s] copying examples_rclpy_minimal_publisher/__init__.py -> /home/simon/Documents/ARO/ros2_ws/build/examples_rclpy_minimal_publisher/build/lib/examples_rclpy_minimal_publisher
[4.167s] copying examples_rclpy_minimal_publisher/publisher_old_school.py -> /home/simon/Documents/ARO/ros2_ws/build/examples_rclpy_minimal_publisher/build/lib/examples_rclpy_minimal_publisher
[4.167s] running install
[4.168s] running install_lib
[4.168s] creating /home/simon/Documents/ARO/ros2_ws/install/examples_rclpy_minimal_publisher/lib/python3.10/site-packages/examples_rclpy_minimal_publisher
[4.169s] copying /home/simon/Documents/ARO/ros2_ws/build/examples_rclpy_minimal_publisher/build/lib/examples_rclpy_minimal_publisher/publisher_member_function.py -> /home/simon/Documents/ARO/ros2_ws/install/examples_rclpy_minimal_publisher/lib/python3.10/site-packages/examples_rclpy_minimal_publisher
[4.170s] copying /home/simon/Documents/ARO/ros2_ws/build/examples_rclpy_minimal_publisher/build/lib/examples_rclpy_minimal_publisher/__init__.py -> /home/simon/Documents/ARO/ros2_ws/install/examples_rclpy_minimal_publisher/lib/python3.10/site-packages/examples_rclpy_minimal_publisher
[4.170s] copying /home/simon/Documents/ARO/ros2_ws/build/examples_rclpy_minimal_publisher/build/lib/examples_rclpy_minimal_publisher/publisher_old_school.py -> /home/simon/Documents/ARO/ros2_ws/install/examples_rclpy_minimal_publisher/lib/python3.10/site-packages/examples_rclpy_minimal_publisher
[4.171s] byte-compiling /home/simon/Documents/ARO/ros2_ws/install/examples_rclpy_minimal_publisher/lib/python3.10/site-packages/examples_rclpy_minimal_publisher/publisher_member_function.py to publisher_member_function.cpython-310.pyc
[4.171s] byte-compiling /home/simon/Documents/ARO/ros2_ws/install/examples_rclpy_minimal_publisher/lib/python3.10/site-packages/examples_rclpy_minimal_publisher/__init__.py to __init__.cpython-310.pyc
[4.171s] byte-compiling /home/simon/Documents/ARO/ros2_ws/install/examples_rclpy_minimal_publisher/lib/python3.10/site-packages/examples_rclpy_minimal_publisher/publisher_old_school.py to publisher_old_school.cpython-310.pyc
[4.171s] running install_data
[4.171s] creating /home/simon/Documents/ARO/ros2_ws/install/examples_rclpy_minimal_publisher/share/ament_index
[4.172s] creating /home/simon/Documents/ARO/ros2_ws/install/examples_rclpy_minimal_publisher/share/ament_index/resource_index
[4.172s] creating /home/simon/Documents/ARO/ros2_ws/install/examples_rclpy_minimal_publisher/share/ament_index/resource_index/packages
[4.173s] copying resource/examples_rclpy_minimal_publisher -> /home/simon/Documents/ARO/ros2_ws/install/examples_rclpy_minimal_publisher/share/ament_index/resource_index/packages
[4.173s] copying package.xml -> /home/simon/Documents/ARO/ros2_ws/install/examples_rclpy_minimal_publisher/share/examples_rclpy_minimal_publisher
[4.174s] running install_egg_info
[4.174s] Copying ../../../../../build/examples_rclpy_minimal_publisher/examples_rclpy_minimal_publisher.egg-info to /home/simon/Documents/ARO/ros2_ws/install/examples_rclpy_minimal_publisher/lib/python3.10/site-packages/examples_rclpy_minimal_publisher-0.15.1-py3.10.egg-info
[4.175s] running install_scripts
[4.202s] Installing publisher_member_function script to /home/simon/Documents/ARO/ros2_ws/install/examples_rclpy_minimal_publisher/lib/examples_rclpy_minimal_publisher
[4.202s] Installing publisher_old_school script to /home/simon/Documents/ARO/ros2_ws/install/examples_rclpy_minimal_publisher/lib/examples_rclpy_minimal_publisher
[4.204s] writing list of installed files to '/home/simon/Documents/ARO/ros2_ws/build/examples_rclpy_minimal_publisher/install.log'
[4.458s] Invoked command in '/home/simon/Documents/ARO/ros2_ws/src/ROS2_examples/rclpy/topics/minimal_publisher' returned '0': PYTHONPATH=/home/simon/Documents/ARO/ros2_ws/build/examples_rclpy_minimal_publisher/prefix_override:/home/simon/Documents/ARO/ros2_ws/install/examples_rclpy_minimal_publisher/lib/python3.10/site-packages:${PYTHONPATH} /usr/bin/python3 setup.py egg_info --egg-base ../../../../../build/examples_rclpy_minimal_publisher build --build-base /home/simon/Documents/ARO/ros2_ws/build/examples_rclpy_minimal_publisher/build install --record /home/simon/Documents/ARO/ros2_ws/build/examples_rclpy_minimal_publisher/install.log --single-version-externally-managed
