[1.383s] Invoking command in '/home/simon/Documents/ARO/turtlebot3_ws/build/turtlebot3_teleop': PYTHONPATH=/home/simon/Documents/ARO/turtlebot3_ws/build/turtlebot3_teleop/prefix_override:/home/simon/Documents/ARO/turtlebot3_ws/install/turtlebot3_teleop/lib/python3.10/site-packages:${PYTHONPATH} /usr/bin/python3 setup.py develop --editable --build-directory /home/simon/Documents/ARO/turtlebot3_ws/build/turtlebot3_teleop/build --no-deps install_data
[1.682s] running develop
[1.844s] running egg_info
[1.844s] creating turtlebot3_teleop.egg-info
[1.845s] writing turtlebot3_teleop.egg-info/PKG-INFO
[1.845s] writing dependency_links to turtlebot3_teleop.egg-info/dependency_links.txt
[1.845s] writing entry points to turtlebot3_teleop.egg-info/entry_points.txt
[1.845s] writing requirements to turtlebot3_teleop.egg-info/requires.txt
[1.845s] writing top-level names to turtlebot3_teleop.egg-info/top_level.txt
[1.845s] writing manifest file 'turtlebot3_teleop.egg-info/SOURCES.txt'
[1.848s] reading manifest file 'turtlebot3_teleop.egg-info/SOURCES.txt'
[1.850s] writing manifest file 'turtlebot3_teleop.egg-info/SOURCES.txt'
[1.850s] running build_ext
[1.850s] Creating /home/simon/Documents/ARO/turtlebot3_ws/install/turtlebot3_teleop/lib/python3.10/site-packages/turtlebot3-teleop.egg-link (link to .)
[1.850s] Installing teleop_keyboard script to /home/simon/Documents/ARO/turtlebot3_ws/install/turtlebot3_teleop/lib/turtlebot3_teleop
[1.851s] 
[1.851s] Installed /home/simon/Documents/ARO/turtlebot3_ws/build/turtlebot3_teleop
[1.851s] running install_data
[1.851s] creating /home/simon/Documents/ARO/turtlebot3_ws/install/turtlebot3_teleop/share/ament_index
[1.851s] creating /home/simon/Documents/ARO/turtlebot3_ws/install/turtlebot3_teleop/share/ament_index/resource_index
[1.851s] creating /home/simon/Documents/ARO/turtlebot3_ws/install/turtlebot3_teleop/share/ament_index/resource_index/packages
[1.851s] copying resource/turtlebot3_teleop -> /home/simon/Documents/ARO/turtlebot3_ws/install/turtlebot3_teleop/share/ament_index/resource_index/packages
[1.851s] copying package.xml -> /home/simon/Documents/ARO/turtlebot3_ws/install/turtlebot3_teleop/share/turtlebot3_teleop
[1.909s] Invoked command in '/home/simon/Documents/ARO/turtlebot3_ws/build/turtlebot3_teleop' returned '0': PYTHONPATH=/home/simon/Documents/ARO/turtlebot3_ws/build/turtlebot3_teleop/prefix_override:/home/simon/Documents/ARO/turtlebot3_ws/install/turtlebot3_teleop/lib/python3.10/site-packages:${PYTHONPATH} /usr/bin/python3 setup.py develop --editable --build-directory /home/simon/Documents/ARO/turtlebot3_ws/build/turtlebot3_teleop/build --no-deps install_data
