[0.829s] DEBUG:colcon:Command line arguments: ['/usr/bin/colcon', 'build', '--packages-select', 'tutorial_interfaces']
[0.829s] DEBUG:colcon:Parsed command line arguments: Namespace(log_base=None, log_level=None, verb_name='build', build_base='build', install_base='install', merge_install=False, symlink_install=False, test_result_base=None, continue_on_error=False, executor='parallel', parallel_workers=16, event_handlers=None, ignore_user_meta=False, metas=['./colcon.meta'], base_paths=['.'], packages_ignore=None, packages_ignore_regex=None, paths=None, packages_up_to=None, packages_up_to_regex=None, packages_above=None, packages_above_and_dependencies=None, packages_above_depth=None, packages_select_by_dep=None, packages_skip_by_dep=None, packages_skip_up_to=None, packages_select_build_failed=False, packages_skip_build_finished=False, packages_select_test_failures=False, packages_skip_test_passed=False, packages_select=['tutorial_interfaces'], packages_skip=None, packages_select_regex=None, packages_skip_regex=None, packages_start=None, packages_end=None, allow_overriding=[], cmake_args=None, cmake_target=None, cmake_target_skip_unavailable=False, cmake_clean_cache=False, cmake_clean_first=False, cmake_force_configure=False, ament_cmake_args=None, catkin_cmake_args=None, catkin_skip_building_tests=False, verb_parser=<colcon_defaults.argument_parser.defaults.DefaultArgumentsDecorator object at 0x7fa08298d8a0>, verb_extension=<colcon_core.verb.build.BuildVerb object at 0x7fa0829ed840>, main=<bound method BuildVerb.main of <colcon_core.verb.build.BuildVerb object at 0x7fa0829ed840>>)
[0.867s] Level 1:colcon.colcon_core.package_discovery:discover_packages(colcon_meta) check parameters
[0.867s] Level 1:colcon.colcon_core.package_discovery:discover_packages(recursive) check parameters
[0.867s] Level 1:colcon.colcon_core.package_discovery:discover_packages(ignore) check parameters
[0.867s] Level 1:colcon.colcon_core.package_discovery:discover_packages(path) check parameters
[0.867s] Level 1:colcon.colcon_core.package_discovery:discover_packages(colcon_meta) discover
[0.867s] Level 1:colcon.colcon_core.package_discovery:discover_packages(recursive) discover
[0.867s] INFO:colcon.colcon_core.package_discovery:Crawling recursively for packages in '/home/simon/Documents/ARO/ros2_ws'
[0.867s] Level 1:colcon.colcon_core.package_identification:_identify(.) by extensions ['ignore', 'ignore_ament_install']
[0.867s] Level 1:colcon.colcon_core.package_identification:_identify(.) by extension 'ignore'
[0.867s] Level 1:colcon.colcon_core.package_identification:_identify(.) by extension 'ignore_ament_install'
[0.867s] Level 1:colcon.colcon_core.package_identification:_identify(.) by extensions ['colcon_pkg']
[0.867s] Level 1:colcon.colcon_core.package_identification:_identify(.) by extension 'colcon_pkg'
[0.867s] Level 1:colcon.colcon_core.package_identification:_identify(.) by extensions ['colcon_meta']
[0.867s] Level 1:colcon.colcon_core.package_identification:_identify(.) by extension 'colcon_meta'
[0.867s] Level 1:colcon.colcon_core.package_identification:_identify(.) by extensions ['ros']
[0.867s] Level 1:colcon.colcon_core.package_identification:_identify(.) by extension 'ros'
[0.876s] Level 1:colcon.colcon_core.package_identification:_identify(.) by extensions ['cmake', 'python']
[0.876s] Level 1:colcon.colcon_core.package_identification:_identify(.) by extension 'cmake'
[0.876s] Level 1:colcon.colcon_core.package_identification:_identify(.) by extension 'python'
[0.876s] Level 1:colcon.colcon_core.package_identification:_identify(.) by extensions ['python_setup_py']
[0.876s] Level 1:colcon.colcon_core.package_identification:_identify(.) by extension 'python_setup_py'
[0.876s] Level 1:colcon.colcon_core.package_identification:_identify(build) by extensions ['ignore', 'ignore_ament_install']
[0.876s] Level 1:colcon.colcon_core.package_identification:_identify(build) by extension 'ignore'
[0.876s] Level 1:colcon.colcon_core.package_identification:_identify(build) ignored
[0.876s] Level 1:colcon.colcon_core.package_identification:_identify(install) by extensions ['ignore', 'ignore_ament_install']
[0.876s] Level 1:colcon.colcon_core.package_identification:_identify(install) by extension 'ignore'
[0.876s] Level 1:colcon.colcon_core.package_identification:_identify(install) ignored
[0.876s] Level 1:colcon.colcon_core.package_identification:_identify(log) by extensions ['ignore', 'ignore_ament_install']
[0.876s] Level 1:colcon.colcon_core.package_identification:_identify(log) by extension 'ignore'
[0.877s] Level 1:colcon.colcon_core.package_identification:_identify(log) ignored
[0.877s] Level 1:colcon.colcon_core.package_identification:_identify(src) by extensions ['ignore', 'ignore_ament_install']
[0.877s] Level 1:colcon.colcon_core.package_identification:_identify(src) by extension 'ignore'
[0.877s] Level 1:colcon.colcon_core.package_identification:_identify(src) by extension 'ignore_ament_install'
[0.877s] Level 1:colcon.colcon_core.package_identification:_identify(src) by extensions ['colcon_pkg']
[0.877s] Level 1:colcon.colcon_core.package_identification:_identify(src) by extension 'colcon_pkg'
[0.877s] Level 1:colcon.colcon_core.package_identification:_identify(src) by extensions ['colcon_meta']
[0.877s] Level 1:colcon.colcon_core.package_identification:_identify(src) by extension 'colcon_meta'
[0.877s] Level 1:colcon.colcon_core.package_identification:_identify(src) by extensions ['ros']
[0.877s] Level 1:colcon.colcon_core.package_identification:_identify(src) by extension 'ros'
[0.877s] Level 1:colcon.colcon_core.package_identification:_identify(src) by extensions ['cmake', 'python']
[0.877s] Level 1:colcon.colcon_core.package_identification:_identify(src) by extension 'cmake'
[0.877s] Level 1:colcon.colcon_core.package_identification:_identify(src) by extension 'python'
[0.877s] Level 1:colcon.colcon_core.package_identification:_identify(src) by extensions ['python_setup_py']
[0.877s] Level 1:colcon.colcon_core.package_identification:_identify(src) by extension 'python_setup_py'
[0.877s] Level 1:colcon.colcon_core.package_identification:_identify(src/ROS2_examples) by extensions ['ignore', 'ignore_ament_install']
[0.877s] Level 1:colcon.colcon_core.package_identification:_identify(src/ROS2_examples) by extension 'ignore'
[0.877s] Level 1:colcon.colcon_core.package_identification:_identify(src/ROS2_examples) by extension 'ignore_ament_install'
[0.877s] Level 1:colcon.colcon_core.package_identification:_identify(src/ROS2_examples) by extensions ['colcon_pkg']
[0.877s] Level 1:colcon.colcon_core.package_identification:_identify(src/ROS2_examples) by extension 'colcon_pkg'
[0.877s] Level 1:colcon.colcon_core.package_identification:_identify(src/ROS2_examples) by extensions ['colcon_meta']
[0.877s] Level 1:colcon.colcon_core.package_identification:_identify(src/ROS2_examples) by extension 'colcon_meta'
[0.877s] Level 1:colcon.colcon_core.package_identification:_identify(src/ROS2_examples) by extensions ['ros']
[0.877s] Level 1:colcon.colcon_core.package_identification:_identify(src/ROS2_examples) by extension 'ros'
[0.877s] Level 1:colcon.colcon_core.package_identification:_identify(src/ROS2_examples) by extensions ['cmake', 'python']
[0.877s] Level 1:colcon.colcon_core.package_identification:_identify(src/ROS2_examples) by extension 'cmake'
[0.877s] Level 1:colcon.colcon_core.package_identification:_identify(src/ROS2_examples) by extension 'python'
[0.878s] Level 1:colcon.colcon_core.package_identification:_identify(src/ROS2_examples) by extensions ['python_setup_py']
[0.878s] Level 1:colcon.colcon_core.package_identification:_identify(src/ROS2_examples) by extension 'python_setup_py'
[0.878s] Level 1:colcon.colcon_core.package_identification:_identify(src/ROS2_examples/launch_testing) by extensions ['ignore', 'ignore_ament_install']
[0.878s] Level 1:colcon.colcon_core.package_identification:_identify(src/ROS2_examples/launch_testing) by extension 'ignore'
[0.878s] Level 1:colcon.colcon_core.package_identification:_identify(src/ROS2_examples/launch_testing) by extension 'ignore_ament_install'
[0.878s] Level 1:colcon.colcon_core.package_identification:_identify(src/ROS2_examples/launch_testing) by extensions ['colcon_pkg']
[0.878s] Level 1:colcon.colcon_core.package_identification:_identify(src/ROS2_examples/launch_testing) by extension 'colcon_pkg'
[0.878s] Level 1:colcon.colcon_core.package_identification:_identify(src/ROS2_examples/launch_testing) by extensions ['colcon_meta']
[0.878s] Level 1:colcon.colcon_core.package_identification:_identify(src/ROS2_examples/launch_testing) by extension 'colcon_meta'
[0.878s] Level 1:colcon.colcon_core.package_identification:_identify(src/ROS2_examples/launch_testing) by extensions ['ros']
[0.878s] Level 1:colcon.colcon_core.package_identification:_identify(src/ROS2_examples/launch_testing) by extension 'ros'
[0.878s] Level 1:colcon.colcon_core.package_identification:_identify(src/ROS2_examples/launch_testing) by extensions ['cmake', 'python']
[0.878s] Level 1:colcon.colcon_core.package_identification:_identify(src/ROS2_examples/launch_testing) by extension 'cmake'
[0.878s] Level 1:colcon.colcon_core.package_identification:_identify(src/ROS2_examples/launch_testing) by extension 'python'
[0.878s] Level 1:colcon.colcon_core.package_identification:_identify(src/ROS2_examples/launch_testing) by extensions ['python_setup_py']
[0.878s] Level 1:colcon.colcon_core.package_identification:_identify(src/ROS2_examples/launch_testing) by extension 'python_setup_py'
[0.878s] Level 1:colcon.colcon_core.package_identification:_identify(src/ROS2_examples/launch_testing/launch_testing_examples) by extensions ['ignore', 'ignore_ament_install']
[0.878s] Level 1:colcon.colcon_core.package_identification:_identify(src/ROS2_examples/launch_testing/launch_testing_examples) by extension 'ignore'
[0.878s] Level 1:colcon.colcon_core.package_identification:_identify(src/ROS2_examples/launch_testing/launch_testing_examples) by extension 'ignore_ament_install'
[0.878s] Level 1:colcon.colcon_core.package_identification:_identify(src/ROS2_examples/launch_testing/launch_testing_examples) by extensions ['colcon_pkg']
[0.878s] Level 1:colcon.colcon_core.package_identification:_identify(src/ROS2_examples/launch_testing/launch_testing_examples) by extension 'colcon_pkg'
[0.878s] Level 1:colcon.colcon_core.package_identification:_identify(src/ROS2_examples/launch_testing/launch_testing_examples) by extensions ['colcon_meta']
[0.878s] Level 1:colcon.colcon_core.package_identification:_identify(src/ROS2_examples/launch_testing/launch_testing_examples) by extension 'colcon_meta'
[0.878s] Level 1:colcon.colcon_core.package_identification:_identify(src/ROS2_examples/launch_testing/launch_testing_examples) by extensions ['ros']
[0.878s] Level 1:colcon.colcon_core.package_identification:_identify(src/ROS2_examples/launch_testing/launch_testing_examples) by extension 'ros'
[0.881s] DEBUG:colcon.colcon_core.package_identification:Package 'src/ROS2_examples/launch_testing/launch_testing_examples' with type 'ros.ament_python' and name 'launch_testing_examples'
[0.881s] Level 1:colcon.colcon_core.package_identification:_identify(src/ROS2_examples/rclpy) by extensions ['ignore', 'ignore_ament_install']
[0.882s] Level 1:colcon.colcon_core.package_identification:_identify(src/ROS2_examples/rclpy) by extension 'ignore'
[0.882s] Level 1:colcon.colcon_core.package_identification:_identify(src/ROS2_examples/rclpy) by extension 'ignore_ament_install'
[0.882s] Level 1:colcon.colcon_core.package_identification:_identify(src/ROS2_examples/rclpy) by extensions ['colcon_pkg']
[0.882s] Level 1:colcon.colcon_core.package_identification:_identify(src/ROS2_examples/rclpy) by extension 'colcon_pkg'
[0.882s] Level 1:colcon.colcon_core.package_identification:_identify(src/ROS2_examples/rclpy) by extensions ['colcon_meta']
[0.882s] Level 1:colcon.colcon_core.package_identification:_identify(src/ROS2_examples/rclpy) by extension 'colcon_meta'
[0.882s] Level 1:colcon.colcon_core.package_identification:_identify(src/ROS2_examples/rclpy) by extensions ['ros']
[0.882s] Level 1:colcon.colcon_core.package_identification:_identify(src/ROS2_examples/rclpy) by extension 'ros'
[0.882s] Level 1:colcon.colcon_core.package_identification:_identify(src/ROS2_examples/rclpy) by extensions ['cmake', 'python']
[0.882s] Level 1:colcon.colcon_core.package_identification:_identify(src/ROS2_examples/rclpy) by extension 'cmake'
[0.882s] Level 1:colcon.colcon_core.package_identification:_identify(src/ROS2_examples/rclpy) by extension 'python'
[0.882s] Level 1:colcon.colcon_core.package_identification:_identify(src/ROS2_examples/rclpy) by extensions ['python_setup_py']
[0.882s] Level 1:colcon.colcon_core.package_identification:_identify(src/ROS2_examples/rclpy) by extension 'python_setup_py'
[0.882s] Level 1:colcon.colcon_core.package_identification:_identify(src/ROS2_examples/rclpy/actions) by extensions ['ignore', 'ignore_ament_install']
[0.882s] Level 1:colcon.colcon_core.package_identification:_identify(src/ROS2_examples/rclpy/actions) by extension 'ignore'
[0.882s] Level 1:colcon.colcon_core.package_identification:_identify(src/ROS2_examples/rclpy/actions) by extension 'ignore_ament_install'
[0.882s] Level 1:colcon.colcon_core.package_identification:_identify(src/ROS2_examples/rclpy/actions) by extensions ['colcon_pkg']
[0.882s] Level 1:colcon.colcon_core.package_identification:_identify(src/ROS2_examples/rclpy/actions) by extension 'colcon_pkg'
[0.882s] Level 1:colcon.colcon_core.package_identification:_identify(src/ROS2_examples/rclpy/actions) by extensions ['colcon_meta']
[0.882s] Level 1:colcon.colcon_core.package_identification:_identify(src/ROS2_examples/rclpy/actions) by extension 'colcon_meta'
[0.882s] Level 1:colcon.colcon_core.package_identification:_identify(src/ROS2_examples/rclpy/actions) by extensions ['ros']
[0.882s] Level 1:colcon.colcon_core.package_identification:_identify(src/ROS2_examples/rclpy/actions) by extension 'ros'
[0.882s] Level 1:colcon.colcon_core.package_identification:_identify(src/ROS2_examples/rclpy/actions) by extensions ['cmake', 'python']
[0.882s] Level 1:colcon.colcon_core.package_identification:_identify(src/ROS2_examples/rclpy/actions) by extension 'cmake'
[0.882s] Level 1:colcon.colcon_core.package_identification:_identify(src/ROS2_examples/rclpy/actions) by extension 'python'
[0.883s] Level 1:colcon.colcon_core.package_identification:_identify(src/ROS2_examples/rclpy/actions) by extensions ['python_setup_py']
[0.883s] Level 1:colcon.colcon_core.package_identification:_identify(src/ROS2_examples/rclpy/actions) by extension 'python_setup_py'
[0.883s] Level 1:colcon.colcon_core.package_identification:_identify(src/ROS2_examples/rclpy/actions/minimal_action_client) by extensions ['ignore', 'ignore_ament_install']
[0.883s] Level 1:colcon.colcon_core.package_identification:_identify(src/ROS2_examples/rclpy/actions/minimal_action_client) by extension 'ignore'
[0.883s] Level 1:colcon.colcon_core.package_identification:_identify(src/ROS2_examples/rclpy/actions/minimal_action_client) by extension 'ignore_ament_install'
[0.883s] Level 1:colcon.colcon_core.package_identification:_identify(src/ROS2_examples/rclpy/actions/minimal_action_client) by extensions ['colcon_pkg']
[0.883s] Level 1:colcon.colcon_core.package_identification:_identify(src/ROS2_examples/rclpy/actions/minimal_action_client) by extension 'colcon_pkg'
[0.883s] Level 1:colcon.colcon_core.package_identification:_identify(src/ROS2_examples/rclpy/actions/minimal_action_client) by extensions ['colcon_meta']
[0.883s] Level 1:colcon.colcon_core.package_identification:_identify(src/ROS2_examples/rclpy/actions/minimal_action_client) by extension 'colcon_meta'
[0.883s] Level 1:colcon.colcon_core.package_identification:_identify(src/ROS2_examples/rclpy/actions/minimal_action_client) by extensions ['ros']
[0.883s] Level 1:colcon.colcon_core.package_identification:_identify(src/ROS2_examples/rclpy/actions/minimal_action_client) by extension 'ros'
[0.883s] DEBUG:colcon.colcon_core.package_identification:Package 'src/ROS2_examples/rclpy/actions/minimal_action_client' with type 'ros.ament_python' and name 'examples_rclpy_minimal_action_client'
[0.883s] Level 1:colcon.colcon_core.package_identification:_identify(src/ROS2_examples/rclpy/actions/minimal_action_server) by extensions ['ignore', 'ignore_ament_install']
[0.884s] Level 1:colcon.colcon_core.package_identification:_identify(src/ROS2_examples/rclpy/actions/minimal_action_server) by extension 'ignore'
[0.884s] Level 1:colcon.colcon_core.package_identification:_identify(src/ROS2_examples/rclpy/actions/minimal_action_server) by extension 'ignore_ament_install'
[0.884s] Level 1:colcon.colcon_core.package_identification:_identify(src/ROS2_examples/rclpy/actions/minimal_action_server) by extensions ['colcon_pkg']
[0.884s] Level 1:colcon.colcon_core.package_identification:_identify(src/ROS2_examples/rclpy/actions/minimal_action_server) by extension 'colcon_pkg'
[0.884s] Level 1:colcon.colcon_core.package_identification:_identify(src/ROS2_examples/rclpy/actions/minimal_action_server) by extensions ['colcon_meta']
[0.884s] Level 1:colcon.colcon_core.package_identification:_identify(src/ROS2_examples/rclpy/actions/minimal_action_server) by extension 'colcon_meta'
[0.884s] Level 1:colcon.colcon_core.package_identification:_identify(src/ROS2_examples/rclpy/actions/minimal_action_server) by extensions ['ros']
[0.884s] Level 1:colcon.colcon_core.package_identification:_identify(src/ROS2_examples/rclpy/actions/minimal_action_server) by extension 'ros'
[0.884s] DEBUG:colcon.colcon_core.package_identification:Package 'src/ROS2_examples/rclpy/actions/minimal_action_server' with type 'ros.ament_python' and name 'examples_rclpy_minimal_action_server'
[0.884s] Level 1:colcon.colcon_core.package_identification:_identify(src/ROS2_examples/rclpy/interfaces) by extensions ['ignore', 'ignore_ament_install']
[0.884s] Level 1:colcon.colcon_core.package_identification:_identify(src/ROS2_examples/rclpy/interfaces) by extension 'ignore'
[0.884s] Level 1:colcon.colcon_core.package_identification:_identify(src/ROS2_examples/rclpy/interfaces) by extension 'ignore_ament_install'
[0.884s] Level 1:colcon.colcon_core.package_identification:_identify(src/ROS2_examples/rclpy/interfaces) by extensions ['colcon_pkg']
[0.884s] Level 1:colcon.colcon_core.package_identification:_identify(src/ROS2_examples/rclpy/interfaces) by extension 'colcon_pkg'
[0.884s] Level 1:colcon.colcon_core.package_identification:_identify(src/ROS2_examples/rclpy/interfaces) by extensions ['colcon_meta']
[0.884s] Level 1:colcon.colcon_core.package_identification:_identify(src/ROS2_examples/rclpy/interfaces) by extension 'colcon_meta'
[0.884s] Level 1:colcon.colcon_core.package_identification:_identify(src/ROS2_examples/rclpy/interfaces) by extensions ['ros']
[0.884s] Level 1:colcon.colcon_core.package_identification:_identify(src/ROS2_examples/rclpy/interfaces) by extension 'ros'
[0.885s] Level 1:colcon.colcon_core.package_identification:_identify(src/ROS2_examples/rclpy/interfaces) by extensions ['cmake', 'python']
[0.885s] Level 1:colcon.colcon_core.package_identification:_identify(src/ROS2_examples/rclpy/interfaces) by extension 'cmake'
[0.885s] Level 1:colcon.colcon_core.package_identification:_identify(src/ROS2_examples/rclpy/interfaces) by extension 'python'
[0.885s] Level 1:colcon.colcon_core.package_identification:_identify(src/ROS2_examples/rclpy/interfaces) by extensions ['python_setup_py']
[0.885s] Level 1:colcon.colcon_core.package_identification:_identify(src/ROS2_examples/rclpy/interfaces) by extension 'python_setup_py'
[0.885s] Level 1:colcon.colcon_core.package_identification:_identify(src/ROS2_examples/rclpy/interfaces/minimal_interfaces) by extensions ['ignore', 'ignore_ament_install']
[0.885s] Level 1:colcon.colcon_core.package_identification:_identify(src/ROS2_examples/rclpy/interfaces/minimal_interfaces) by extension 'ignore'
[0.885s] Level 1:colcon.colcon_core.package_identification:_identify(src/ROS2_examples/rclpy/interfaces/minimal_interfaces) by extension 'ignore_ament_install'
[0.885s] Level 1:colcon.colcon_core.package_identification:_identify(src/ROS2_examples/rclpy/interfaces/minimal_interfaces) by extensions ['colcon_pkg']
[0.885s] Level 1:colcon.colcon_core.package_identification:_identify(src/ROS2_examples/rclpy/interfaces/minimal_interfaces) by extension 'colcon_pkg'
[0.885s] Level 1:colcon.colcon_core.package_identification:_identify(src/ROS2_examples/rclpy/interfaces/minimal_interfaces) by extensions ['colcon_meta']
[0.885s] Level 1:colcon.colcon_core.package_identification:_identify(src/ROS2_examples/rclpy/interfaces/minimal_interfaces) by extension 'colcon_meta'
[0.885s] Level 1:colcon.colcon_core.package_identification:_identify(src/ROS2_examples/rclpy/interfaces/minimal_interfaces) by extensions ['ros']
[0.885s] Level 1:colcon.colcon_core.package_identification:_identify(src/ROS2_examples/rclpy/interfaces/minimal_interfaces) by extension 'ros'
[0.885s] DEBUG:colcon.colcon_core.package_identification:Package 'src/ROS2_examples/rclpy/interfaces/minimal_interfaces' with type 'ros.ament_cmake' and name 'minimal_interfaces'
[0.885s] Level 1:colcon.colcon_core.package_identification:_identify(src/ROS2_examples/rclpy/services) by extensions ['ignore', 'ignore_ament_install']
[0.886s] Level 1:colcon.colcon_core.package_identification:_identify(src/ROS2_examples/rclpy/services) by extension 'ignore'
[0.886s] Level 1:colcon.colcon_core.package_identification:_identify(src/ROS2_examples/rclpy/services) by extension 'ignore_ament_install'
[0.886s] Level 1:colcon.colcon_core.package_identification:_identify(src/ROS2_examples/rclpy/services) by extensions ['colcon_pkg']
[0.886s] Level 1:colcon.colcon_core.package_identification:_identify(src/ROS2_examples/rclpy/services) by extension 'colcon_pkg'
[0.886s] Level 1:colcon.colcon_core.package_identification:_identify(src/ROS2_examples/rclpy/services) by extensions ['colcon_meta']
[0.886s] Level 1:colcon.colcon_core.package_identification:_identify(src/ROS2_examples/rclpy/services) by extension 'colcon_meta'
[0.886s] Level 1:colcon.colcon_core.package_identification:_identify(src/ROS2_examples/rclpy/services) by extensions ['ros']
[0.886s] Level 1:colcon.colcon_core.package_identification:_identify(src/ROS2_examples/rclpy/services) by extension 'ros'
[0.886s] Level 1:colcon.colcon_core.package_identification:_identify(src/ROS2_examples/rclpy/services) by extensions ['cmake', 'python']
[0.886s] Level 1:colcon.colcon_core.package_identification:_identify(src/ROS2_examples/rclpy/services) by extension 'cmake'
[0.886s] Level 1:colcon.colcon_core.package_identification:_identify(src/ROS2_examples/rclpy/services) by extension 'python'
[0.886s] Level 1:colcon.colcon_core.package_identification:_identify(src/ROS2_examples/rclpy/services) by extensions ['python_setup_py']
[0.886s] Level 1:colcon.colcon_core.package_identification:_identify(src/ROS2_examples/rclpy/services) by extension 'python_setup_py'
[0.886s] Level 1:colcon.colcon_core.package_identification:_identify(src/ROS2_examples/rclpy/services/minimal_client) by extensions ['ignore', 'ignore_ament_install']
[0.886s] Level 1:colcon.colcon_core.package_identification:_identify(src/ROS2_examples/rclpy/services/minimal_client) by extension 'ignore'
[0.886s] Level 1:colcon.colcon_core.package_identification:_identify(src/ROS2_examples/rclpy/services/minimal_client) by extension 'ignore_ament_install'
[0.886s] Level 1:colcon.colcon_core.package_identification:_identify(src/ROS2_examples/rclpy/services/minimal_client) by extensions ['colcon_pkg']
[0.886s] Level 1:colcon.colcon_core.package_identification:_identify(src/ROS2_examples/rclpy/services/minimal_client) by extension 'colcon_pkg'
[0.886s] Level 1:colcon.colcon_core.package_identification:_identify(src/ROS2_examples/rclpy/services/minimal_client) by extensions ['colcon_meta']
[0.886s] Level 1:colcon.colcon_core.package_identification:_identify(src/ROS2_examples/rclpy/services/minimal_client) by extension 'colcon_meta'
[0.886s] Level 1:colcon.colcon_core.package_identification:_identify(src/ROS2_examples/rclpy/services/minimal_client) by extensions ['ros']
[0.886s] Level 1:colcon.colcon_core.package_identification:_identify(src/ROS2_examples/rclpy/services/minimal_client) by extension 'ros'
[0.887s] DEBUG:colcon.colcon_core.package_identification:Package 'src/ROS2_examples/rclpy/services/minimal_client' with type 'ros.ament_python' and name 'examples_rclpy_minimal_client'
[0.887s] Level 1:colcon.colcon_core.package_identification:_identify(src/ROS2_examples/rclpy/services/minimal_service) by extensions ['ignore', 'ignore_ament_install']
[0.887s] Level 1:colcon.colcon_core.package_identification:_identify(src/ROS2_examples/rclpy/services/minimal_service) by extension 'ignore'
[0.887s] Level 1:colcon.colcon_core.package_identification:_identify(src/ROS2_examples/rclpy/services/minimal_service) by extension 'ignore_ament_install'
[0.887s] Level 1:colcon.colcon_core.package_identification:_identify(src/ROS2_examples/rclpy/services/minimal_service) by extensions ['colcon_pkg']
[0.887s] Level 1:colcon.colcon_core.package_identification:_identify(src/ROS2_examples/rclpy/services/minimal_service) by extension 'colcon_pkg'
[0.887s] Level 1:colcon.colcon_core.package_identification:_identify(src/ROS2_examples/rclpy/services/minimal_service) by extensions ['colcon_meta']
[0.887s] Level 1:colcon.colcon_core.package_identification:_identify(src/ROS2_examples/rclpy/services/minimal_service) by extension 'colcon_meta'
[0.887s] Level 1:colcon.colcon_core.package_identification:_identify(src/ROS2_examples/rclpy/services/minimal_service) by extensions ['ros']
[0.887s] Level 1:colcon.colcon_core.package_identification:_identify(src/ROS2_examples/rclpy/services/minimal_service) by extension 'ros'
[0.887s] DEBUG:colcon.colcon_core.package_identification:Package 'src/ROS2_examples/rclpy/services/minimal_service' with type 'ros.ament_python' and name 'examples_rclpy_minimal_service'
[0.888s] Level 1:colcon.colcon_core.package_identification:_identify(src/ROS2_examples/rclpy/topics) by extensions ['ignore', 'ignore_ament_install']
[0.888s] Level 1:colcon.colcon_core.package_identification:_identify(src/ROS2_examples/rclpy/topics) by extension 'ignore'
[0.888s] Level 1:colcon.colcon_core.package_identification:_identify(src/ROS2_examples/rclpy/topics) by extension 'ignore_ament_install'
[0.888s] Level 1:colcon.colcon_core.package_identification:_identify(src/ROS2_examples/rclpy/topics) by extensions ['colcon_pkg']
[0.888s] Level 1:colcon.colcon_core.package_identification:_identify(src/ROS2_examples/rclpy/topics) by extension 'colcon_pkg'
[0.888s] Level 1:colcon.colcon_core.package_identification:_identify(src/ROS2_examples/rclpy/topics) by extensions ['colcon_meta']
[0.888s] Level 1:colcon.colcon_core.package_identification:_identify(src/ROS2_examples/rclpy/topics) by extension 'colcon_meta'
[0.888s] Level 1:colcon.colcon_core.package_identification:_identify(src/ROS2_examples/rclpy/topics) by extensions ['ros']
[0.888s] Level 1:colcon.colcon_core.package_identification:_identify(src/ROS2_examples/rclpy/topics) by extension 'ros'
[0.888s] Level 1:colcon.colcon_core.package_identification:_identify(src/ROS2_examples/rclpy/topics) by extensions ['cmake', 'python']
[0.888s] Level 1:colcon.colcon_core.package_identification:_identify(src/ROS2_examples/rclpy/topics) by extension 'cmake'
[0.888s] Level 1:colcon.colcon_core.package_identification:_identify(src/ROS2_examples/rclpy/topics) by extension 'python'
[0.888s] Level 1:colcon.colcon_core.package_identification:_identify(src/ROS2_examples/rclpy/topics) by extensions ['python_setup_py']
[0.888s] Level 1:colcon.colcon_core.package_identification:_identify(src/ROS2_examples/rclpy/topics) by extension 'python_setup_py'
[0.888s] Level 1:colcon.colcon_core.package_identification:_identify(src/ROS2_examples/rclpy/topics/minimal_publisher) by extensions ['ignore', 'ignore_ament_install']
[0.888s] Level 1:colcon.colcon_core.package_identification:_identify(src/ROS2_examples/rclpy/topics/minimal_publisher) by extension 'ignore'
[0.888s] Level 1:colcon.colcon_core.package_identification:_identify(src/ROS2_examples/rclpy/topics/minimal_publisher) by extension 'ignore_ament_install'
[0.888s] Level 1:colcon.colcon_core.package_identification:_identify(src/ROS2_examples/rclpy/topics/minimal_publisher) by extensions ['colcon_pkg']
[0.888s] Level 1:colcon.colcon_core.package_identification:_identify(src/ROS2_examples/rclpy/topics/minimal_publisher) by extension 'colcon_pkg'
[0.888s] Level 1:colcon.colcon_core.package_identification:_identify(src/ROS2_examples/rclpy/topics/minimal_publisher) by extensions ['colcon_meta']
[0.888s] Level 1:colcon.colcon_core.package_identification:_identify(src/ROS2_examples/rclpy/topics/minimal_publisher) by extension 'colcon_meta'
[0.888s] Level 1:colcon.colcon_core.package_identification:_identify(src/ROS2_examples/rclpy/topics/minimal_publisher) by extensions ['ros']
[0.888s] Level 1:colcon.colcon_core.package_identification:_identify(src/ROS2_examples/rclpy/topics/minimal_publisher) by extension 'ros'
[0.889s] DEBUG:colcon.colcon_core.package_identification:Package 'src/ROS2_examples/rclpy/topics/minimal_publisher' with type 'ros.ament_python' and name 'examples_rclpy_minimal_publisher'
[0.889s] Level 1:colcon.colcon_core.package_identification:_identify(src/ROS2_examples/rclpy/topics/minimal_subscriber) by extensions ['ignore', 'ignore_ament_install']
[0.889s] Level 1:colcon.colcon_core.package_identification:_identify(src/ROS2_examples/rclpy/topics/minimal_subscriber) by extension 'ignore'
[0.889s] Level 1:colcon.colcon_core.package_identification:_identify(src/ROS2_examples/rclpy/topics/minimal_subscriber) by extension 'ignore_ament_install'
[0.889s] Level 1:colcon.colcon_core.package_identification:_identify(src/ROS2_examples/rclpy/topics/minimal_subscriber) by extensions ['colcon_pkg']
[0.889s] Level 1:colcon.colcon_core.package_identification:_identify(src/ROS2_examples/rclpy/topics/minimal_subscriber) by extension 'colcon_pkg'
[0.889s] Level 1:colcon.colcon_core.package_identification:_identify(src/ROS2_examples/rclpy/topics/minimal_subscriber) by extensions ['colcon_meta']
[0.889s] Level 1:colcon.colcon_core.package_identification:_identify(src/ROS2_examples/rclpy/topics/minimal_subscriber) by extension 'colcon_meta'
[0.889s] Level 1:colcon.colcon_core.package_identification:_identify(src/ROS2_examples/rclpy/topics/minimal_subscriber) by extensions ['ros']
[0.889s] Level 1:colcon.colcon_core.package_identification:_identify(src/ROS2_examples/rclpy/topics/minimal_subscriber) by extension 'ros'
[0.889s] DEBUG:colcon.colcon_core.package_identification:Package 'src/ROS2_examples/rclpy/topics/minimal_subscriber' with type 'ros.ament_python' and name 'examples_rclpy_minimal_subscriber'
[0.890s] Level 1:colcon.colcon_core.package_identification:_identify(src/build) by extensions ['ignore', 'ignore_ament_install']
[0.890s] Level 1:colcon.colcon_core.package_identification:_identify(src/build) by extension 'ignore'
[0.890s] Level 1:colcon.colcon_core.package_identification:_identify(src/build) ignored
[0.890s] Level 1:colcon.colcon_core.package_identification:_identify(src/install) by extensions ['ignore', 'ignore_ament_install']
[0.890s] Level 1:colcon.colcon_core.package_identification:_identify(src/install) by extension 'ignore'
[0.890s] Level 1:colcon.colcon_core.package_identification:_identify(src/install) ignored
[0.890s] Level 1:colcon.colcon_core.package_identification:_identify(src/log) by extensions ['ignore', 'ignore_ament_install']
[0.890s] Level 1:colcon.colcon_core.package_identification:_identify(src/log) by extension 'ignore'
[0.890s] Level 1:colcon.colcon_core.package_identification:_identify(src/log) ignored
[0.890s] Level 1:colcon.colcon_core.package_identification:_identify(src/mi_paquete_python) by extensions ['ignore', 'ignore_ament_install']
[0.890s] Level 1:colcon.colcon_core.package_identification:_identify(src/mi_paquete_python) by extension 'ignore'
[0.890s] Level 1:colcon.colcon_core.package_identification:_identify(src/mi_paquete_python) by extension 'ignore_ament_install'
[0.890s] Level 1:colcon.colcon_core.package_identification:_identify(src/mi_paquete_python) by extensions ['colcon_pkg']
[0.890s] Level 1:colcon.colcon_core.package_identification:_identify(src/mi_paquete_python) by extension 'colcon_pkg'
[0.890s] Level 1:colcon.colcon_core.package_identification:_identify(src/mi_paquete_python) by extensions ['colcon_meta']
[0.890s] Level 1:colcon.colcon_core.package_identification:_identify(src/mi_paquete_python) by extension 'colcon_meta'
[0.890s] Level 1:colcon.colcon_core.package_identification:_identify(src/mi_paquete_python) by extensions ['ros']
[0.890s] Level 1:colcon.colcon_core.package_identification:_identify(src/mi_paquete_python) by extension 'ros'
[0.891s] DEBUG:colcon.colcon_core.package_identification:Package 'src/mi_paquete_python' with type 'ros.ament_python' and name 'mi_paquete_python'
[0.891s] Level 1:colcon.colcon_core.package_identification:_identify(src/tutorial_interfaces) by extensions ['ignore', 'ignore_ament_install']
[0.891s] Level 1:colcon.colcon_core.package_identification:_identify(src/tutorial_interfaces) by extension 'ignore'
[0.891s] Level 1:colcon.colcon_core.package_identification:_identify(src/tutorial_interfaces) by extension 'ignore_ament_install'
[0.891s] Level 1:colcon.colcon_core.package_identification:_identify(src/tutorial_interfaces) by extensions ['colcon_pkg']
[0.891s] Level 1:colcon.colcon_core.package_identification:_identify(src/tutorial_interfaces) by extension 'colcon_pkg'
[0.891s] Level 1:colcon.colcon_core.package_identification:_identify(src/tutorial_interfaces) by extensions ['colcon_meta']
[0.891s] Level 1:colcon.colcon_core.package_identification:_identify(src/tutorial_interfaces) by extension 'colcon_meta'
[0.891s] Level 1:colcon.colcon_core.package_identification:_identify(src/tutorial_interfaces) by extensions ['ros']
[0.891s] Level 1:colcon.colcon_core.package_identification:_identify(src/tutorial_interfaces) by extension 'ros'
[0.892s] DEBUG:colcon.colcon_core.package_identification:Package 'src/tutorial_interfaces' with type 'ros.ament_cmake' and name 'tutorial_interfaces'
[0.892s] Level 1:colcon.colcon_core.package_discovery:discover_packages(recursive) using defaults
[0.892s] Level 1:colcon.colcon_core.package_discovery:discover_packages(ignore) discover
[0.892s] Level 1:colcon.colcon_core.package_discovery:discover_packages(ignore) using defaults
[0.892s] Level 1:colcon.colcon_core.package_discovery:discover_packages(path) discover
[0.892s] Level 1:colcon.colcon_core.package_discovery:discover_packages(path) using defaults
[0.944s] INFO:colcon.colcon_core.package_selection:Skipping not selected package 'examples_rclpy_minimal_action_client' in 'src/ROS2_examples/rclpy/actions/minimal_action_client'
[0.944s] INFO:colcon.colcon_core.package_selection:Skipping not selected package 'examples_rclpy_minimal_action_server' in 'src/ROS2_examples/rclpy/actions/minimal_action_server'
[0.944s] INFO:colcon.colcon_core.package_selection:Skipping not selected package 'examples_rclpy_minimal_client' in 'src/ROS2_examples/rclpy/services/minimal_client'
[0.944s] INFO:colcon.colcon_core.package_selection:Skipping not selected package 'examples_rclpy_minimal_publisher' in 'src/ROS2_examples/rclpy/topics/minimal_publisher'
[0.944s] INFO:colcon.colcon_core.package_selection:Skipping not selected package 'examples_rclpy_minimal_service' in 'src/ROS2_examples/rclpy/services/minimal_service'
[0.944s] INFO:colcon.colcon_core.package_selection:Skipping not selected package 'examples_rclpy_minimal_subscriber' in 'src/ROS2_examples/rclpy/topics/minimal_subscriber'
[0.944s] INFO:colcon.colcon_core.package_selection:Skipping not selected package 'launch_testing_examples' in 'src/ROS2_examples/launch_testing/launch_testing_examples'
[0.944s] INFO:colcon.colcon_core.package_selection:Skipping not selected package 'mi_paquete_python' in 'src/mi_paquete_python'
[0.944s] INFO:colcon.colcon_core.package_selection:Skipping not selected package 'minimal_interfaces' in 'src/ROS2_examples/rclpy/interfaces/minimal_interfaces'
[0.967s] Level 1:colcon.colcon_core.package_discovery:discover_packages(prefix_path) check parameters
[0.967s] Level 1:colcon.colcon_core.package_discovery:discover_packages(prefix_path) discover
[0.992s] DEBUG:colcon.colcon_installed_package_information.package_discovery:Found 9 installed packages in /home/simon/Documents/ARO/ros2_ws/src/install
[1.017s] DEBUG:colcon.colcon_installed_package_information.package_discovery:Found 16 installed packages in /home/simon/Documents/ARO/turtlebot3_ws/install
[1.030s] DEBUG:colcon.colcon_installed_package_information.package_discovery:Found 363 installed packages in /opt/ros/humble
[1.031s] Level 1:colcon.colcon_core.package_discovery:discover_packages(prefix_path) using defaults
[1.110s] Level 5:colcon.colcon_core.verb:set package 'tutorial_interfaces' build argument 'cmake_args' from command line to 'None'
[1.110s] Level 5:colcon.colcon_core.verb:set package 'tutorial_interfaces' build argument 'cmake_target' from command line to 'None'
[1.110s] Level 5:colcon.colcon_core.verb:set package 'tutorial_interfaces' build argument 'cmake_target_skip_unavailable' from command line to 'False'
[1.110s] Level 5:colcon.colcon_core.verb:set package 'tutorial_interfaces' build argument 'cmake_clean_cache' from command line to 'False'
[1.110s] Level 5:colcon.colcon_core.verb:set package 'tutorial_interfaces' build argument 'cmake_clean_first' from command line to 'False'
[1.110s] Level 5:colcon.colcon_core.verb:set package 'tutorial_interfaces' build argument 'cmake_force_configure' from command line to 'False'
[1.110s] Level 5:colcon.colcon_core.verb:set package 'tutorial_interfaces' build argument 'ament_cmake_args' from command line to 'None'
[1.111s] Level 5:colcon.colcon_core.verb:set package 'tutorial_interfaces' build argument 'catkin_cmake_args' from command line to 'None'
[1.111s] Level 5:colcon.colcon_core.verb:set package 'tutorial_interfaces' build argument 'catkin_skip_building_tests' from command line to 'False'
[1.111s] DEBUG:colcon.colcon_core.verb:Building package 'tutorial_interfaces' with the following arguments: {'ament_cmake_args': None, 'build_base': '/home/simon/Documents/ARO/ros2_ws/build/tutorial_interfaces', 'catkin_cmake_args': None, 'catkin_skip_building_tests': False, 'cmake_args': None, 'cmake_clean_cache': False, 'cmake_clean_first': False, 'cmake_force_configure': False, 'cmake_target': None, 'cmake_target_skip_unavailable': False, 'install_base': '/home/simon/Documents/ARO/ros2_ws/install/tutorial_interfaces', 'merge_install': False, 'path': '/home/simon/Documents/ARO/ros2_ws/src/tutorial_interfaces', 'symlink_install': False, 'test_result_base': None}
[1.122s] INFO:colcon.colcon_core.executor:Executing jobs using 'parallel' executor
[1.135s] DEBUG:colcon.colcon_parallel_executor.executor.parallel:run_until_complete
[1.135s] INFO:colcon.colcon_ros.task.ament_cmake.build:Building ROS package in '/home/simon/Documents/ARO/ros2_ws/src/tutorial_interfaces' with build type 'ament_cmake'
[1.135s] INFO:colcon.colcon_cmake.task.cmake.build:Building CMake package in '/home/simon/Documents/ARO/ros2_ws/src/tutorial_interfaces'
[1.149s] INFO:colcon.colcon_core.plugin_system:Skipping extension 'colcon_core.shell.bat': Not used on non-Windows systems
[1.149s] INFO:colcon.colcon_core.shell:Skip shell extension 'powershell' for command environment: Not usable outside of PowerShell
[1.149s] DEBUG:colcon.colcon_core.shell:Skip shell extension 'dsv' for command environment
[1.209s] DEBUG:colcon.colcon_core.event_handler.log_command:Invoking command in '/home/simon/Documents/ARO/ros2_ws/build/tutorial_interfaces': CMAKE_PREFIX_PATH=${CMAKE_PREFIX_PATH}:/home/simon/Documents/ARO/ros2_ws/src/install/mi_paquete_python:/home/simon/Documents/ARO/ros2_ws/src/install/launch_testing_examples:/home/simon/Documents/ARO/ros2_ws/src/install/examples_rclpy_minimal_subscriber:/home/simon/Documents/ARO/ros2_ws/src/install/examples_rclpy_minimal_service:/home/simon/Documents/ARO/ros2_ws/src/install/examples_rclpy_minimal_publisher:/home/simon/Documents/ARO/ros2_ws/src/install/examples_rclpy_minimal_client:/home/simon/Documents/ARO/ros2_ws/src/install/examples_rclpy_minimal_action_server:/home/simon/Documents/ARO/ros2_ws/src/install/examples_rclpy_minimal_action_client:/home/simon/Documents/ARO/turtlebot3_ws/install/turtlebot3_teleop:/home/simon/Documents/ARO/turtlebot3_ws/install/turtlebot3_example:/opt/ros/humble /usr/bin/cmake /home/simon/Documents/ARO/ros2_ws/src/tutorial_interfaces -DCMAKE_INSTALL_PREFIX=/home/simon/Documents/ARO/ros2_ws/install/tutorial_interfaces
[2.724s] DEBUG:colcon.colcon_core.event_handler.log_command:Invoked command in '/home/simon/Documents/ARO/ros2_ws/build/tutorial_interfaces' returned '0': CMAKE_PREFIX_PATH=${CMAKE_PREFIX_PATH}:/home/simon/Documents/ARO/ros2_ws/src/install/mi_paquete_python:/home/simon/Documents/ARO/ros2_ws/src/install/launch_testing_examples:/home/simon/Documents/ARO/ros2_ws/src/install/examples_rclpy_minimal_subscriber:/home/simon/Documents/ARO/ros2_ws/src/install/examples_rclpy_minimal_service:/home/simon/Documents/ARO/ros2_ws/src/install/examples_rclpy_minimal_publisher:/home/simon/Documents/ARO/ros2_ws/src/install/examples_rclpy_minimal_client:/home/simon/Documents/ARO/ros2_ws/src/install/examples_rclpy_minimal_action_server:/home/simon/Documents/ARO/ros2_ws/src/install/examples_rclpy_minimal_action_client:/home/simon/Documents/ARO/turtlebot3_ws/install/turtlebot3_teleop:/home/simon/Documents/ARO/turtlebot3_ws/install/turtlebot3_example:/opt/ros/humble /usr/bin/cmake /home/simon/Documents/ARO/ros2_ws/src/tutorial_interfaces -DCMAKE_INSTALL_PREFIX=/home/simon/Documents/ARO/ros2_ws/install/tutorial_interfaces
[2.727s] DEBUG:colcon.colcon_core.event_handler.log_command:Invoking command in '/home/simon/Documents/ARO/ros2_ws/build/tutorial_interfaces': CMAKE_PREFIX_PATH=${CMAKE_PREFIX_PATH}:/home/simon/Documents/ARO/ros2_ws/src/install/mi_paquete_python:/home/simon/Documents/ARO/ros2_ws/src/install/launch_testing_examples:/home/simon/Documents/ARO/ros2_ws/src/install/examples_rclpy_minimal_subscriber:/home/simon/Documents/ARO/ros2_ws/src/install/examples_rclpy_minimal_service:/home/simon/Documents/ARO/ros2_ws/src/install/examples_rclpy_minimal_publisher:/home/simon/Documents/ARO/ros2_ws/src/install/examples_rclpy_minimal_client:/home/simon/Documents/ARO/ros2_ws/src/install/examples_rclpy_minimal_action_server:/home/simon/Documents/ARO/ros2_ws/src/install/examples_rclpy_minimal_action_client:/home/simon/Documents/ARO/turtlebot3_ws/install/turtlebot3_teleop:/home/simon/Documents/ARO/turtlebot3_ws/install/turtlebot3_example:/opt/ros/humble /usr/bin/cmake --build /home/simon/Documents/ARO/ros2_ws/build/tutorial_interfaces -- -j16 -l16
[5.987s] DEBUG:colcon.colcon_core.event_handler.log_command:Invoked command in '/home/simon/Documents/ARO/ros2_ws/build/tutorial_interfaces' returned '0': CMAKE_PREFIX_PATH=${CMAKE_PREFIX_PATH}:/home/simon/Documents/ARO/ros2_ws/src/install/mi_paquete_python:/home/simon/Documents/ARO/ros2_ws/src/install/launch_testing_examples:/home/simon/Documents/ARO/ros2_ws/src/install/examples_rclpy_minimal_subscriber:/home/simon/Documents/ARO/ros2_ws/src/install/examples_rclpy_minimal_service:/home/simon/Documents/ARO/ros2_ws/src/install/examples_rclpy_minimal_publisher:/home/simon/Documents/ARO/ros2_ws/src/install/examples_rclpy_minimal_client:/home/simon/Documents/ARO/ros2_ws/src/install/examples_rclpy_minimal_action_server:/home/simon/Documents/ARO/ros2_ws/src/install/examples_rclpy_minimal_action_client:/home/simon/Documents/ARO/turtlebot3_ws/install/turtlebot3_teleop:/home/simon/Documents/ARO/turtlebot3_ws/install/turtlebot3_example:/opt/ros/humble /usr/bin/cmake --build /home/simon/Documents/ARO/ros2_ws/build/tutorial_interfaces -- -j16 -l16
[6.153s] DEBUG:colcon.colcon_core.event_handler.log_command:Invoking command in '/home/simon/Documents/ARO/ros2_ws/build/tutorial_interfaces': CMAKE_PREFIX_PATH=${CMAKE_PREFIX_PATH}:/home/simon/Documents/ARO/ros2_ws/src/install/mi_paquete_python:/home/simon/Documents/ARO/ros2_ws/src/install/launch_testing_examples:/home/simon/Documents/ARO/ros2_ws/src/install/examples_rclpy_minimal_subscriber:/home/simon/Documents/ARO/ros2_ws/src/install/examples_rclpy_minimal_service:/home/simon/Documents/ARO/ros2_ws/src/install/examples_rclpy_minimal_publisher:/home/simon/Documents/ARO/ros2_ws/src/install/examples_rclpy_minimal_client:/home/simon/Documents/ARO/ros2_ws/src/install/examples_rclpy_minimal_action_server:/home/simon/Documents/ARO/ros2_ws/src/install/examples_rclpy_minimal_action_client:/home/simon/Documents/ARO/turtlebot3_ws/install/turtlebot3_teleop:/home/simon/Documents/ARO/turtlebot3_ws/install/turtlebot3_example:/opt/ros/humble /usr/bin/cmake --install /home/simon/Documents/ARO/ros2_ws/build/tutorial_interfaces
[6.247s] Level 1:colcon.colcon_core.environment:create_environment_scripts_only(tutorial_interfaces)
[6.247s] DEBUG:colcon.colcon_core.event_handler.log_command:Invoked command in '/home/simon/Documents/ARO/ros2_ws/build/tutorial_interfaces' returned '0': CMAKE_PREFIX_PATH=${CMAKE_PREFIX_PATH}:/home/simon/Documents/ARO/ros2_ws/src/install/mi_paquete_python:/home/simon/Documents/ARO/ros2_ws/src/install/launch_testing_examples:/home/simon/Documents/ARO/ros2_ws/src/install/examples_rclpy_minimal_subscriber:/home/simon/Documents/ARO/ros2_ws/src/install/examples_rclpy_minimal_service:/home/simon/Documents/ARO/ros2_ws/src/install/examples_rclpy_minimal_publisher:/home/simon/Documents/ARO/ros2_ws/src/install/examples_rclpy_minimal_client:/home/simon/Documents/ARO/ros2_ws/src/install/examples_rclpy_minimal_action_server:/home/simon/Documents/ARO/ros2_ws/src/install/examples_rclpy_minimal_action_client:/home/simon/Documents/ARO/turtlebot3_ws/install/turtlebot3_teleop:/home/simon/Documents/ARO/turtlebot3_ws/install/turtlebot3_example:/opt/ros/humble /usr/bin/cmake --install /home/simon/Documents/ARO/ros2_ws/build/tutorial_interfaces
[6.260s] Level 1:colcon.colcon_core.environment:checking '/home/simon/Documents/ARO/ros2_ws/install/tutorial_interfaces' for CMake module files
[6.261s] Level 1:colcon.colcon_core.environment:checking '/home/simon/Documents/ARO/ros2_ws/install/tutorial_interfaces' for CMake config files
[6.262s] Level 1:colcon.colcon_core.shell:create_environment_hook('tutorial_interfaces', 'cmake_prefix_path')
[6.273s] INFO:colcon.colcon_core.shell:Creating environment hook '/home/simon/Documents/ARO/ros2_ws/install/tutorial_interfaces/share/tutorial_interfaces/hook/cmake_prefix_path.ps1'
[6.274s] INFO:colcon.colcon_core.shell:Creating environment descriptor '/home/simon/Documents/ARO/ros2_ws/install/tutorial_interfaces/share/tutorial_interfaces/hook/cmake_prefix_path.dsv'
[6.274s] INFO:colcon.colcon_core.shell:Creating environment hook '/home/simon/Documents/ARO/ros2_ws/install/tutorial_interfaces/share/tutorial_interfaces/hook/cmake_prefix_path.sh'
[6.275s] Level 1:colcon.colcon_core.environment:checking '/home/simon/Documents/ARO/ros2_ws/install/tutorial_interfaces/lib'
[6.275s] Level 1:colcon.colcon_core.shell:create_environment_hook('tutorial_interfaces', 'ld_library_path_lib')
[6.288s] INFO:colcon.colcon_core.shell:Creating environment hook '/home/simon/Documents/ARO/ros2_ws/install/tutorial_interfaces/share/tutorial_interfaces/hook/ld_library_path_lib.ps1'
[6.288s] INFO:colcon.colcon_core.shell:Creating environment descriptor '/home/simon/Documents/ARO/ros2_ws/install/tutorial_interfaces/share/tutorial_interfaces/hook/ld_library_path_lib.dsv'
[6.288s] INFO:colcon.colcon_core.shell:Creating environment hook '/home/simon/Documents/ARO/ros2_ws/install/tutorial_interfaces/share/tutorial_interfaces/hook/ld_library_path_lib.sh'
[6.288s] Level 1:colcon.colcon_core.environment:checking '/home/simon/Documents/ARO/ros2_ws/install/tutorial_interfaces/bin'
[6.289s] Level 1:colcon.colcon_core.environment:checking '/home/simon/Documents/ARO/ros2_ws/install/tutorial_interfaces/lib/pkgconfig/tutorial_interfaces.pc'
[6.289s] Level 1:colcon.colcon_core.environment:checking '/home/simon/Documents/ARO/ros2_ws/install/tutorial_interfaces/lib/python3.10/site-packages'
[6.289s] Level 1:colcon.colcon_core.environment:checking '/home/simon/Documents/ARO/ros2_ws/install/tutorial_interfaces/bin'
[6.301s] INFO:colcon.colcon_core.shell:Creating package script '/home/simon/Documents/ARO/ros2_ws/install/tutorial_interfaces/share/tutorial_interfaces/package.ps1'
[6.301s] INFO:colcon.colcon_core.shell:Creating package descriptor '/home/simon/Documents/ARO/ros2_ws/install/tutorial_interfaces/share/tutorial_interfaces/package.dsv'
[6.302s] INFO:colcon.colcon_core.shell:Creating package script '/home/simon/Documents/ARO/ros2_ws/install/tutorial_interfaces/share/tutorial_interfaces/package.sh'
[6.302s] INFO:colcon.colcon_core.shell:Creating package script '/home/simon/Documents/ARO/ros2_ws/install/tutorial_interfaces/share/tutorial_interfaces/package.bash'
[6.303s] INFO:colcon.colcon_core.shell:Creating package script '/home/simon/Documents/ARO/ros2_ws/install/tutorial_interfaces/share/tutorial_interfaces/package.zsh'
[6.303s] Level 1:colcon.colcon_core.environment:create_file_with_runtime_dependencies(/home/simon/Documents/ARO/ros2_ws/install/tutorial_interfaces/share/colcon-core/packages/tutorial_interfaces)
[6.464s] Level 1:colcon.colcon_core.environment:create_environment_scripts_only(tutorial_interfaces)
[6.476s] Level 1:colcon.colcon_core.environment:checking '/home/simon/Documents/ARO/ros2_ws/install/tutorial_interfaces' for CMake module files
[6.476s] Level 1:colcon.colcon_core.environment:checking '/home/simon/Documents/ARO/ros2_ws/install/tutorial_interfaces' for CMake config files
[6.477s] Level 1:colcon.colcon_core.shell:create_environment_hook('tutorial_interfaces', 'cmake_prefix_path')
[6.489s] INFO:colcon.colcon_core.shell:Creating environment hook '/home/simon/Documents/ARO/ros2_ws/install/tutorial_interfaces/share/tutorial_interfaces/hook/cmake_prefix_path.ps1'
[6.489s] INFO:colcon.colcon_core.shell:Creating environment descriptor '/home/simon/Documents/ARO/ros2_ws/install/tutorial_interfaces/share/tutorial_interfaces/hook/cmake_prefix_path.dsv'
[6.489s] INFO:colcon.colcon_core.shell:Creating environment hook '/home/simon/Documents/ARO/ros2_ws/install/tutorial_interfaces/share/tutorial_interfaces/hook/cmake_prefix_path.sh'
[6.490s] Level 1:colcon.colcon_core.environment:checking '/home/simon/Documents/ARO/ros2_ws/install/tutorial_interfaces/lib'
[6.490s] Level 1:colcon.colcon_core.shell:create_environment_hook('tutorial_interfaces', 'ld_library_path_lib')
[6.502s] INFO:colcon.colcon_core.shell:Creating environment hook '/home/simon/Documents/ARO/ros2_ws/install/tutorial_interfaces/share/tutorial_interfaces/hook/ld_library_path_lib.ps1'
[6.502s] INFO:colcon.colcon_core.shell:Creating environment descriptor '/home/simon/Documents/ARO/ros2_ws/install/tutorial_interfaces/share/tutorial_interfaces/hook/ld_library_path_lib.dsv'
[6.502s] INFO:colcon.colcon_core.shell:Creating environment hook '/home/simon/Documents/ARO/ros2_ws/install/tutorial_interfaces/share/tutorial_interfaces/hook/ld_library_path_lib.sh'
[6.502s] Level 1:colcon.colcon_core.environment:checking '/home/simon/Documents/ARO/ros2_ws/install/tutorial_interfaces/bin'
[6.503s] Level 1:colcon.colcon_core.environment:checking '/home/simon/Documents/ARO/ros2_ws/install/tutorial_interfaces/lib/pkgconfig/tutorial_interfaces.pc'
[6.503s] Level 1:colcon.colcon_core.environment:checking '/home/simon/Documents/ARO/ros2_ws/install/tutorial_interfaces/lib/python3.10/site-packages'
[6.503s] Level 1:colcon.colcon_core.environment:checking '/home/simon/Documents/ARO/ros2_ws/install/tutorial_interfaces/bin'
[6.515s] INFO:colcon.colcon_core.shell:Creating package script '/home/simon/Documents/ARO/ros2_ws/install/tutorial_interfaces/share/tutorial_interfaces/package.ps1'
[6.515s] INFO:colcon.colcon_core.shell:Creating package descriptor '/home/simon/Documents/ARO/ros2_ws/install/tutorial_interfaces/share/tutorial_interfaces/package.dsv'
[6.516s] INFO:colcon.colcon_core.shell:Creating package script '/home/simon/Documents/ARO/ros2_ws/install/tutorial_interfaces/share/tutorial_interfaces/package.sh'
[6.516s] INFO:colcon.colcon_core.shell:Creating package script '/home/simon/Documents/ARO/ros2_ws/install/tutorial_interfaces/share/tutorial_interfaces/package.bash'
[6.516s] INFO:colcon.colcon_core.shell:Creating package script '/home/simon/Documents/ARO/ros2_ws/install/tutorial_interfaces/share/tutorial_interfaces/package.zsh'
[6.517s] Level 1:colcon.colcon_core.environment:create_file_with_runtime_dependencies(/home/simon/Documents/ARO/ros2_ws/install/tutorial_interfaces/share/colcon-core/packages/tutorial_interfaces)
[6.517s] DEBUG:colcon.colcon_parallel_executor.executor.parallel:closing loop
[6.517s] DEBUG:colcon.colcon_parallel_executor.executor.parallel:loop closed
[6.517s] DEBUG:colcon.colcon_parallel_executor.executor.parallel:run_until_complete finished with '0'
[6.517s] DEBUG:colcon.colcon_core.event_reactor:joining thread
[6.557s] INFO:colcon.colcon_core.plugin_system:Skipping extension 'colcon_notification.desktop_notification.terminal_notifier': Not used on non-Darwin systems
[6.557s] INFO:colcon.colcon_core.plugin_system:Skipping extension 'colcon_notification.desktop_notification.win32': Not used on non-Windows systems
[6.557s] INFO:colcon.colcon_notification.desktop_notification:Sending desktop notification using 'notify2'
[6.579s] DEBUG:colcon.colcon_core.event_reactor:joined thread
[6.592s] INFO:colcon.colcon_core.shell:Creating prefix script '/home/simon/Documents/ARO/ros2_ws/install/local_setup.ps1'
[6.593s] INFO:colcon.colcon_core.shell:Creating prefix util module '/home/simon/Documents/ARO/ros2_ws/install/_local_setup_util_ps1.py'
[6.594s] INFO:colcon.colcon_core.shell:Creating prefix chain script '/home/simon/Documents/ARO/ros2_ws/install/setup.ps1'
[6.607s] INFO:colcon.colcon_core.shell:Creating prefix script '/home/simon/Documents/ARO/ros2_ws/install/local_setup.sh'
[6.608s] INFO:colcon.colcon_core.shell:Creating prefix util module '/home/simon/Documents/ARO/ros2_ws/install/_local_setup_util_sh.py'
[6.608s] INFO:colcon.colcon_core.shell:Creating prefix chain script '/home/simon/Documents/ARO/ros2_ws/install/setup.sh'
[6.622s] INFO:colcon.colcon_core.shell:Creating prefix script '/home/simon/Documents/ARO/ros2_ws/install/local_setup.bash'
[6.622s] INFO:colcon.colcon_core.shell:Creating prefix chain script '/home/simon/Documents/ARO/ros2_ws/install/setup.bash'
[6.635s] INFO:colcon.colcon_core.shell:Creating prefix script '/home/simon/Documents/ARO/ros2_ws/install/local_setup.zsh'
[6.636s] INFO:colcon.colcon_core.shell:Creating prefix chain script '/home/simon/Documents/ARO/ros2_ws/install/setup.zsh'
