[2.526s] Invoking command in '/home/simon/Documents/ARO/ros2_ws/build/minimal_interfaces': CMAKE_PREFIX_PATH=${CMAKE_PREFIX_PATH}:/home/simon/Documents/ARO/ros2_ws/install/mi_paquete_python:/home/simon/Documents/ARO/ros2_ws/install/launch_testing_examples:/home/simon/Documents/ARO/ros2_ws/install/examples_rclpy_minimal_subscriber:/home/simon/Documents/ARO/ros2_ws/install/examples_rclpy_minimal_service:/home/simon/Documents/ARO/ros2_ws/install/examples_rclpy_minimal_publisher:/home/simon/Documents/ARO/ros2_ws/install/examples_rclpy_minimal_client:/home/simon/Documents/ARO/ros2_ws/install/examples_rclpy_minimal_action_server:/home/simon/Documents/ARO/ros2_ws/install/examples_rclpy_minimal_action_client:/home/simon/Documents/ARO/ros2_ws/src/install/mi_paquete_python:/home/simon/Documents/ARO/ros2_ws/src/install/launch_testing_examples:/home/simon/Documents/ARO/ros2_ws/src/install/examples_rclpy_minimal_subscriber:/home/simon/Documents/ARO/ros2_ws/src/install/examples_rclpy_minimal_service:/home/simon/Documents/ARO/ros2_ws/src/install/examples_rclpy_minimal_publisher:/home/simon/Documents/ARO/ros2_ws/src/install/examples_rclpy_minimal_client:/home/simon/Documents/ARO/ros2_ws/src/install/examples_rclpy_minimal_action_server:/home/simon/Documents/ARO/ros2_ws/src/install/examples_rclpy_minimal_action_client:/home/simon/Documents/ARO/turtlebot3_ws/install/turtlebot3_teleop:/home/simon/Documents/ARO/turtlebot3_ws/install/turtlebot3_example:/opt/ros/humble /usr/bin/cmake /home/simon/Documents/ARO/ros2_ws/src/ROS2_examples/rclpy/interfaces/minimal_interfaces -DCMAKE_INSTALL_PREFIX=/home/simon/Documents/ARO/ros2_ws/install/minimal_interfaces
[2.635s] -- The C compiler identification is GNU 11.4.0
[2.770s] -- The CXX compiler identification is GNU 11.4.0
[2.788s] -- Detecting C compiler ABI info
[2.969s] -- Detecting C compiler ABI info - done
[2.985s] -- Check for working C compiler: /usr/bin/cc - skipped
[2.985s] -- Detecting C compile features
[2.986s] -- Detecting C compile features - done
[2.993s] -- Detecting CXX compiler ABI info
[3.188s] -- Detecting CXX compiler ABI info - done
[3.199s] -- Check for working CXX compiler: /usr/bin/c++ - skipped
[3.200s] -- Detecting CXX compile features
[3.200s] -- Detecting CXX compile features - done
[3.209s] -- Found ament_cmake: 1.3.5 (/opt/ros/humble/share/ament_cmake/cmake)
[3.551s] -- Found Python3: /usr/bin/python3.10 (found version "3.10.12") found components: Interpreter 
[3.829s] -- Found rosidl_default_generators: 1.2.0 (/opt/ros/humble/share/rosidl_default_generators/cmake)
[3.844s] -- Using all available rosidl_typesupport_c: rosidl_typesupport_fastrtps_c;rosidl_typesupport_introspection_c
[3.874s] -- Found rosidl_adapter: 3.1.5 (/opt/ros/humble/share/rosidl_adapter/cmake)
[3.980s] -- Using all available rosidl_typesupport_cpp: rosidl_typesupport_fastrtps_cpp;rosidl_typesupport_introspection_cpp
[4.491s] -- Found ament_cmake_ros: 0.10.0 (/opt/ros/humble/share/ament_cmake_ros/cmake)
[4.828s] -- Using all available rosidl_typesupport_c: rosidl_typesupport_fastrtps_c;rosidl_typesupport_introspection_c
[5.624s] -- Using all available rosidl_typesupport_cpp: rosidl_typesupport_fastrtps_cpp;rosidl_typesupport_introspection_cpp
[5.729s] -- Found PythonInterp: /usr/bin/python3 (found suitable version "3.10.12", minimum required is "3.6") 
[5.742s] -- Found python_cmake_module: 0.10.0 (/opt/ros/humble/share/python_cmake_module/cmake)
[5.833s] -- Found PythonLibs: /usr/lib/x86_64-linux-gnu/libpython3.10.so (found suitable version "3.10.12", minimum required is "3.5") 
[5.833s] -- Using PYTHON_EXECUTABLE: /usr/bin/python3
[5.833s] -- Using PYTHON_INCLUDE_DIRS: /usr/include/python3.10
[5.834s] -- Using PYTHON_LIBRARIES: /usr/lib/x86_64-linux-gnu/libpython3.10.so
[5.899s] -- Found PythonExtra: .so  
[6.102s] -- Configuring done
[6.194s] -- Generating done
[6.201s] -- Build files have been written to: /home/simon/Documents/ARO/ros2_ws/build/minimal_interfaces
[6.226s] Invoked command in '/home/simon/Documents/ARO/ros2_ws/build/minimal_interfaces' returned '0': CMAKE_PREFIX_PATH=${CMAKE_PREFIX_PATH}:/home/simon/Documents/ARO/ros2_ws/install/mi_paquete_python:/home/simon/Documents/ARO/ros2_ws/install/launch_testing_examples:/home/simon/Documents/ARO/ros2_ws/install/examples_rclpy_minimal_subscriber:/home/simon/Documents/ARO/ros2_ws/install/examples_rclpy_minimal_service:/home/simon/Documents/ARO/ros2_ws/install/examples_rclpy_minimal_publisher:/home/simon/Documents/ARO/ros2_ws/install/examples_rclpy_minimal_client:/home/simon/Documents/ARO/ros2_ws/install/examples_rclpy_minimal_action_server:/home/simon/Documents/ARO/ros2_ws/install/examples_rclpy_minimal_action_client:/home/simon/Documents/ARO/ros2_ws/src/install/mi_paquete_python:/home/simon/Documents/ARO/ros2_ws/src/install/launch_testing_examples:/home/simon/Documents/ARO/ros2_ws/src/install/examples_rclpy_minimal_subscriber:/home/simon/Documents/ARO/ros2_ws/src/install/examples_rclpy_minimal_service:/home/simon/Documents/ARO/ros2_ws/src/install/examples_rclpy_minimal_publisher:/home/simon/Documents/ARO/ros2_ws/src/install/examples_rclpy_minimal_client:/home/simon/Documents/ARO/ros2_ws/src/install/examples_rclpy_minimal_action_server:/home/simon/Documents/ARO/ros2_ws/src/install/examples_rclpy_minimal_action_client:/home/simon/Documents/ARO/turtlebot3_ws/install/turtlebot3_teleop:/home/simon/Documents/ARO/turtlebot3_ws/install/turtlebot3_example:/opt/ros/humble /usr/bin/cmake /home/simon/Documents/ARO/ros2_ws/src/ROS2_examples/rclpy/interfaces/minimal_interfaces -DCMAKE_INSTALL_PREFIX=/home/simon/Documents/ARO/ros2_ws/install/minimal_interfaces
[6.227s] Invoking command in '/home/simon/Documents/ARO/ros2_ws/build/minimal_interfaces': CMAKE_PREFIX_PATH=${CMAKE_PREFIX_PATH}:/home/simon/Documents/ARO/ros2_ws/install/mi_paquete_python:/home/simon/Documents/ARO/ros2_ws/install/launch_testing_examples:/home/simon/Documents/ARO/ros2_ws/install/examples_rclpy_minimal_subscriber:/home/simon/Documents/ARO/ros2_ws/install/examples_rclpy_minimal_service:/home/simon/Documents/ARO/ros2_ws/install/examples_rclpy_minimal_publisher:/home/simon/Documents/ARO/ros2_ws/install/examples_rclpy_minimal_client:/home/simon/Documents/ARO/ros2_ws/install/examples_rclpy_minimal_action_server:/home/simon/Documents/ARO/ros2_ws/install/examples_rclpy_minimal_action_client:/home/simon/Documents/ARO/ros2_ws/src/install/mi_paquete_python:/home/simon/Documents/ARO/ros2_ws/src/install/launch_testing_examples:/home/simon/Documents/ARO/ros2_ws/src/install/examples_rclpy_minimal_subscriber:/home/simon/Documents/ARO/ros2_ws/src/install/examples_rclpy_minimal_service:/home/simon/Documents/ARO/ros2_ws/src/install/examples_rclpy_minimal_publisher:/home/simon/Documents/ARO/ros2_ws/src/install/examples_rclpy_minimal_client:/home/simon/Documents/ARO/ros2_ws/src/install/examples_rclpy_minimal_action_server:/home/simon/Documents/ARO/ros2_ws/src/install/examples_rclpy_minimal_action_client:/home/simon/Documents/ARO/turtlebot3_ws/install/turtlebot3_teleop:/home/simon/Documents/ARO/turtlebot3_ws/install/turtlebot3_example:/opt/ros/humble /usr/bin/cmake --build /home/simon/Documents/ARO/ros2_ws/build/minimal_interfaces -- -j16 -l16
[6.305s] [  3%] [34m[1mGenerating C code for ROS interfaces[0m
[6.330s] [  6%] [34m[1mGenerating C++ code for ROS interfaces[0m
[6.357s] [  6%] Built target ament_cmake_python_copy_minimal_interfaces
[6.780s] [  6%] Built target minimal_interfaces__cpp
[6.790s] running egg_info
[6.790s] creating minimal_interfaces.egg-info
[6.791s] writing minimal_interfaces.egg-info/PKG-INFO
[6.791s] writing dependency_links to minimal_interfaces.egg-info/dependency_links.txt
[6.791s] writing top-level names to minimal_interfaces.egg-info/top_level.txt
[6.792s] writing manifest file 'minimal_interfaces.egg-info/SOURCES.txt'
[6.794s] reading manifest file 'minimal_interfaces.egg-info/SOURCES.txt'
[6.795s] writing manifest file 'minimal_interfaces.egg-info/SOURCES.txt'
[6.797s] [ 16%] [34m[1mGenerating C++ type support for eProsima Fast-RTPS[0m
[6.797s] [ 16%] [34m[1mGenerating C++ introspection for ROS interfaces[0m
[6.798s] [ 16%] [34m[1mGenerating C++ type support dispatch for ROS interfaces[0m
[6.810s] [ 19%] [32mBuilding C object CMakeFiles/minimal_interfaces__rosidl_generator_c.dir/rosidl_generator_c/minimal_interfaces/srv/detail/string_service__functions.c.o[0m
[6.840s] [ 19%] Built target ament_cmake_python_build_minimal_interfaces_egg
[6.886s] [ 22%] [32m[1mLinking C shared library libminimal_interfaces__rosidl_generator_c.so[0m
[6.942s] [ 22%] Built target minimal_interfaces__rosidl_generator_c
[6.959s] [ 29%] [34m[1mGenerating C type support for eProsima Fast-RTPS[0m
[6.960s] [ 29%] [34m[1mGenerating C introspection for ROS interfaces[0m
[6.962s] [ 32%] [34m[1mGenerating C type support dispatch for ROS interfaces[0m
[7.099s] [ 35%] [32mBuilding CXX object CMakeFiles/minimal_interfaces__rosidl_typesupport_cpp.dir/rosidl_typesupport_cpp/minimal_interfaces/srv/string_service__type_support.cpp.o[0m
[7.128s] [ 38%] [32mBuilding CXX object CMakeFiles/minimal_interfaces__rosidl_typesupport_introspection_cpp.dir/rosidl_typesupport_introspection_cpp/minimal_interfaces/srv/detail/string_service__type_support.cpp.o[0m
[7.133s] [ 41%] [32mBuilding CXX object CMakeFiles/minimal_interfaces__rosidl_typesupport_fastrtps_cpp.dir/rosidl_typesupport_fastrtps_cpp/minimal_interfaces/srv/detail/dds_fastrtps/string_service__type_support.cpp.o[0m
[7.278s] [ 45%] [32mBuilding CXX object CMakeFiles/minimal_interfaces__rosidl_typesupport_c.dir/rosidl_typesupport_c/minimal_interfaces/srv/string_service__type_support.cpp.o[0m
[7.313s] [ 48%] [32mBuilding C object CMakeFiles/minimal_interfaces__rosidl_typesupport_introspection_c.dir/rosidl_typesupport_introspection_c/minimal_interfaces/srv/detail/string_service__type_support.c.o[0m
[7.319s] [ 51%] [32mBuilding CXX object CMakeFiles/minimal_interfaces__rosidl_typesupport_fastrtps_c.dir/rosidl_typesupport_fastrtps_c/minimal_interfaces/srv/detail/string_service__type_support_c.cpp.o[0m
[7.327s] [ 54%] [32m[1mLinking CXX shared library libminimal_interfaces__rosidl_typesupport_c.so[0m
[7.368s] [ 58%] [32m[1mLinking C shared library libminimal_interfaces__rosidl_typesupport_introspection_c.so[0m
[7.394s] [ 58%] Built target minimal_interfaces__rosidl_typesupport_c
[7.412s] [ 61%] [32m[1mLinking CXX shared library libminimal_interfaces__rosidl_typesupport_cpp.so[0m
[7.418s] [ 61%] Built target minimal_interfaces__rosidl_typesupport_introspection_c
[7.475s] [ 61%] Built target minimal_interfaces__rosidl_typesupport_cpp
[7.547s] [ 64%] [32m[1mLinking CXX shared library libminimal_interfaces__rosidl_typesupport_introspection_cpp.so[0m
[7.575s] [ 67%] [32m[1mLinking CXX shared library libminimal_interfaces__rosidl_typesupport_fastrtps_cpp.so[0m
[7.643s] [ 67%] Built target minimal_interfaces__rosidl_typesupport_introspection_cpp
[7.687s] [ 70%] [32m[1mLinking CXX shared library libminimal_interfaces__rosidl_typesupport_fastrtps_c.so[0m
[7.687s] [ 70%] Built target minimal_interfaces__rosidl_typesupport_fastrtps_cpp
[7.789s] [ 70%] Built target minimal_interfaces__rosidl_typesupport_fastrtps_c
[7.820s] [ 70%] Built target minimal_interfaces
[7.851s] [ 74%] [34m[1mGenerating Python code for ROS interfaces[0m
[8.194s] [ 74%] Built target minimal_interfaces__py
[8.227s] [ 77%] [32mBuilding C object CMakeFiles/minimal_interfaces__rosidl_generator_py.dir/rosidl_generator_py/minimal_interfaces/srv/_string_service_s.c.o[0m
[8.339s] [ 80%] [32m[1mLinking C shared library rosidl_generator_py/minimal_interfaces/libminimal_interfaces__rosidl_generator_py.so[0m
[8.399s] [ 80%] Built target minimal_interfaces__rosidl_generator_py
[8.433s] [ 90%] [32mBuilding C object CMakeFiles/minimal_interfaces__rosidl_typesupport_fastrtps_c__pyext.dir/rosidl_generator_py/minimal_interfaces/_minimal_interfaces_s.ep.rosidl_typesupport_fastrtps_c.c.o[0m
[8.433s] [ 90%] [32mBuilding C object CMakeFiles/minimal_interfaces__rosidl_typesupport_introspection_c__pyext.dir/rosidl_generator_py/minimal_interfaces/_minimal_interfaces_s.ep.rosidl_typesupport_introspection_c.c.o[0m
[8.434s] [ 90%] [32mBuilding C object CMakeFiles/minimal_interfaces__rosidl_typesupport_c__pyext.dir/rosidl_generator_py/minimal_interfaces/_minimal_interfaces_s.ep.rosidl_typesupport_c.c.o[0m
[8.554s] [ 93%] [32m[1mLinking C shared library rosidl_generator_py/minimal_interfaces/minimal_interfaces_s__rosidl_typesupport_c.cpython-310-x86_64-linux-gnu.so[0m
[8.556s] [ 96%] [32m[1mLinking C shared library rosidl_generator_py/minimal_interfaces/minimal_interfaces_s__rosidl_typesupport_introspection_c.cpython-310-x86_64-linux-gnu.so[0m
[8.572s] [100%] [32m[1mLinking C shared library rosidl_generator_py/minimal_interfaces/minimal_interfaces_s__rosidl_typesupport_fastrtps_c.cpython-310-x86_64-linux-gnu.so[0m
[8.607s] [100%] Built target minimal_interfaces__rosidl_typesupport_c__pyext
[8.615s] [100%] Built target minimal_interfaces__rosidl_typesupport_introspection_c__pyext
[8.627s] [100%] Built target minimal_interfaces__rosidl_typesupport_fastrtps_c__pyext
[8.647s] Invoked command in '/home/simon/Documents/ARO/ros2_ws/build/minimal_interfaces' returned '0': CMAKE_PREFIX_PATH=${CMAKE_PREFIX_PATH}:/home/simon/Documents/ARO/ros2_ws/install/mi_paquete_python:/home/simon/Documents/ARO/ros2_ws/install/launch_testing_examples:/home/simon/Documents/ARO/ros2_ws/install/examples_rclpy_minimal_subscriber:/home/simon/Documents/ARO/ros2_ws/install/examples_rclpy_minimal_service:/home/simon/Documents/ARO/ros2_ws/install/examples_rclpy_minimal_publisher:/home/simon/Documents/ARO/ros2_ws/install/examples_rclpy_minimal_client:/home/simon/Documents/ARO/ros2_ws/install/examples_rclpy_minimal_action_server:/home/simon/Documents/ARO/ros2_ws/install/examples_rclpy_minimal_action_client:/home/simon/Documents/ARO/ros2_ws/src/install/mi_paquete_python:/home/simon/Documents/ARO/ros2_ws/src/install/launch_testing_examples:/home/simon/Documents/ARO/ros2_ws/src/install/examples_rclpy_minimal_subscriber:/home/simon/Documents/ARO/ros2_ws/src/install/examples_rclpy_minimal_service:/home/simon/Documents/ARO/ros2_ws/src/install/examples_rclpy_minimal_publisher:/home/simon/Documents/ARO/ros2_ws/src/install/examples_rclpy_minimal_client:/home/simon/Documents/ARO/ros2_ws/src/install/examples_rclpy_minimal_action_server:/home/simon/Documents/ARO/ros2_ws/src/install/examples_rclpy_minimal_action_client:/home/simon/Documents/ARO/turtlebot3_ws/install/turtlebot3_teleop:/home/simon/Documents/ARO/turtlebot3_ws/install/turtlebot3_example:/opt/ros/humble /usr/bin/cmake --build /home/simon/Documents/ARO/ros2_ws/build/minimal_interfaces -- -j16 -l16
[8.803s] Invoking command in '/home/simon/Documents/ARO/ros2_ws/build/minimal_interfaces': CMAKE_PREFIX_PATH=${CMAKE_PREFIX_PATH}:/home/simon/Documents/ARO/ros2_ws/install/mi_paquete_python:/home/simon/Documents/ARO/ros2_ws/install/launch_testing_examples:/home/simon/Documents/ARO/ros2_ws/install/examples_rclpy_minimal_subscriber:/home/simon/Documents/ARO/ros2_ws/install/examples_rclpy_minimal_service:/home/simon/Documents/ARO/ros2_ws/install/examples_rclpy_minimal_publisher:/home/simon/Documents/ARO/ros2_ws/install/examples_rclpy_minimal_client:/home/simon/Documents/ARO/ros2_ws/install/examples_rclpy_minimal_action_server:/home/simon/Documents/ARO/ros2_ws/install/examples_rclpy_minimal_action_client:/home/simon/Documents/ARO/ros2_ws/src/install/mi_paquete_python:/home/simon/Documents/ARO/ros2_ws/src/install/launch_testing_examples:/home/simon/Documents/ARO/ros2_ws/src/install/examples_rclpy_minimal_subscriber:/home/simon/Documents/ARO/ros2_ws/src/install/examples_rclpy_minimal_service:/home/simon/Documents/ARO/ros2_ws/src/install/examples_rclpy_minimal_publisher:/home/simon/Documents/ARO/ros2_ws/src/install/examples_rclpy_minimal_client:/home/simon/Documents/ARO/ros2_ws/src/install/examples_rclpy_minimal_action_server:/home/simon/Documents/ARO/ros2_ws/src/install/examples_rclpy_minimal_action_client:/home/simon/Documents/ARO/turtlebot3_ws/install/turtlebot3_teleop:/home/simon/Documents/ARO/turtlebot3_ws/install/turtlebot3_example:/opt/ros/humble /usr/bin/cmake --install /home/simon/Documents/ARO/ros2_ws/build/minimal_interfaces
[8.817s] -- Install configuration: ""
[8.817s] -- Installing: /home/simon/Documents/ARO/ros2_ws/install/minimal_interfaces/share/ament_index/resource_index/rosidl_interfaces/minimal_interfaces
[8.817s] -- Installing: /home/simon/Documents/ARO/ros2_ws/install/minimal_interfaces/include/minimal_interfaces/minimal_interfaces
[8.818s] -- Installing: /home/simon/Documents/ARO/ros2_ws/install/minimal_interfaces/include/minimal_interfaces/minimal_interfaces/srv
[8.818s] -- Installing: /home/simon/Documents/ARO/ros2_ws/install/minimal_interfaces/include/minimal_interfaces/minimal_interfaces/srv/detail
[8.818s] -- Installing: /home/simon/Documents/ARO/ros2_ws/install/minimal_interfaces/include/minimal_interfaces/minimal_interfaces/srv/detail/string_service__functions.c
[8.818s] -- Installing: /home/simon/Documents/ARO/ros2_ws/install/minimal_interfaces/include/minimal_interfaces/minimal_interfaces/srv/detail/string_service__struct.h
[8.818s] -- Installing: /home/simon/Documents/ARO/ros2_ws/install/minimal_interfaces/include/minimal_interfaces/minimal_interfaces/srv/detail/string_service__type_support.h
[8.819s] -- Installing: /home/simon/Documents/ARO/ros2_ws/install/minimal_interfaces/include/minimal_interfaces/minimal_interfaces/srv/detail/string_service__functions.h
[8.819s] -- Installing: /home/simon/Documents/ARO/ros2_ws/install/minimal_interfaces/include/minimal_interfaces/minimal_interfaces/srv/string_service.h
[8.819s] -- Installing: /home/simon/Documents/ARO/ros2_ws/install/minimal_interfaces/include/minimal_interfaces/minimal_interfaces/msg
[8.819s] -- Installing: /home/simon/Documents/ARO/ros2_ws/install/minimal_interfaces/include/minimal_interfaces/minimal_interfaces/msg/rosidl_generator_c__visibility_control.h
[8.820s] -- Installing: /home/simon/Documents/ARO/ros2_ws/install/minimal_interfaces/share/minimal_interfaces/environment/library_path.sh
[8.820s] -- Installing: /home/simon/Documents/ARO/ros2_ws/install/minimal_interfaces/share/minimal_interfaces/environment/library_path.dsv
[8.820s] -- Installing: /home/simon/Documents/ARO/ros2_ws/install/minimal_interfaces/lib/libminimal_interfaces__rosidl_generator_c.so
[8.821s] -- Set runtime path of "/home/simon/Documents/ARO/ros2_ws/install/minimal_interfaces/lib/libminimal_interfaces__rosidl_generator_c.so" to ""
[8.821s] -- Up-to-date: /home/simon/Documents/ARO/ros2_ws/install/minimal_interfaces/include/minimal_interfaces/minimal_interfaces
[8.821s] -- Up-to-date: /home/simon/Documents/ARO/ros2_ws/install/minimal_interfaces/include/minimal_interfaces/minimal_interfaces/srv
[8.822s] -- Up-to-date: /home/simon/Documents/ARO/ros2_ws/install/minimal_interfaces/include/minimal_interfaces/minimal_interfaces/srv/detail
[8.822s] -- Installing: /home/simon/Documents/ARO/ros2_ws/install/minimal_interfaces/include/minimal_interfaces/minimal_interfaces/srv/detail/string_service__rosidl_typesupport_fastrtps_c.h
[8.822s] -- Up-to-date: /home/simon/Documents/ARO/ros2_ws/install/minimal_interfaces/include/minimal_interfaces/minimal_interfaces/msg
[8.822s] -- Installing: /home/simon/Documents/ARO/ros2_ws/install/minimal_interfaces/include/minimal_interfaces/minimal_interfaces/msg/rosidl_typesupport_fastrtps_c__visibility_control.h
[8.822s] -- Installing: /home/simon/Documents/ARO/ros2_ws/install/minimal_interfaces/lib/libminimal_interfaces__rosidl_typesupport_fastrtps_c.so
[8.823s] -- Set runtime path of "/home/simon/Documents/ARO/ros2_ws/install/minimal_interfaces/lib/libminimal_interfaces__rosidl_typesupport_fastrtps_c.so" to ""
[8.823s] -- Up-to-date: /home/simon/Documents/ARO/ros2_ws/install/minimal_interfaces/include/minimal_interfaces/minimal_interfaces
[8.823s] -- Up-to-date: /home/simon/Documents/ARO/ros2_ws/install/minimal_interfaces/include/minimal_interfaces/minimal_interfaces/srv
[8.824s] -- Up-to-date: /home/simon/Documents/ARO/ros2_ws/install/minimal_interfaces/include/minimal_interfaces/minimal_interfaces/srv/detail
[8.824s] -- Installing: /home/simon/Documents/ARO/ros2_ws/install/minimal_interfaces/include/minimal_interfaces/minimal_interfaces/srv/detail/string_service__type_support.c
[8.824s] -- Installing: /home/simon/Documents/ARO/ros2_ws/install/minimal_interfaces/include/minimal_interfaces/minimal_interfaces/srv/detail/string_service__rosidl_typesupport_introspection_c.h
[8.824s] -- Up-to-date: /home/simon/Documents/ARO/ros2_ws/install/minimal_interfaces/include/minimal_interfaces/minimal_interfaces/msg
[8.825s] -- Installing: /home/simon/Documents/ARO/ros2_ws/install/minimal_interfaces/include/minimal_interfaces/minimal_interfaces/msg/rosidl_typesupport_introspection_c__visibility_control.h
[8.825s] -- Installing: /home/simon/Documents/ARO/ros2_ws/install/minimal_interfaces/lib/libminimal_interfaces__rosidl_typesupport_introspection_c.so
[8.826s] -- Set runtime path of "/home/simon/Documents/ARO/ros2_ws/install/minimal_interfaces/lib/libminimal_interfaces__rosidl_typesupport_introspection_c.so" to ""
[8.826s] -- Installing: /home/simon/Documents/ARO/ros2_ws/install/minimal_interfaces/lib/libminimal_interfaces__rosidl_typesupport_c.so
[8.827s] -- Set runtime path of "/home/simon/Documents/ARO/ros2_ws/install/minimal_interfaces/lib/libminimal_interfaces__rosidl_typesupport_c.so" to ""
[8.827s] -- Up-to-date: /home/simon/Documents/ARO/ros2_ws/install/minimal_interfaces/include/minimal_interfaces/minimal_interfaces
[8.827s] -- Up-to-date: /home/simon/Documents/ARO/ros2_ws/install/minimal_interfaces/include/minimal_interfaces/minimal_interfaces/srv
[8.827s] -- Installing: /home/simon/Documents/ARO/ros2_ws/install/minimal_interfaces/include/minimal_interfaces/minimal_interfaces/srv/string_service.hpp
[8.827s] -- Up-to-date: /home/simon/Documents/ARO/ros2_ws/install/minimal_interfaces/include/minimal_interfaces/minimal_interfaces/srv/detail
[8.827s] -- Installing: /home/simon/Documents/ARO/ros2_ws/install/minimal_interfaces/include/minimal_interfaces/minimal_interfaces/srv/detail/string_service__builder.hpp
[8.827s] -- Installing: /home/simon/Documents/ARO/ros2_ws/install/minimal_interfaces/include/minimal_interfaces/minimal_interfaces/srv/detail/string_service__struct.hpp
[8.828s] -- Installing: /home/simon/Documents/ARO/ros2_ws/install/minimal_interfaces/include/minimal_interfaces/minimal_interfaces/srv/detail/string_service__traits.hpp
[8.828s] -- Up-to-date: /home/simon/Documents/ARO/ros2_ws/install/minimal_interfaces/include/minimal_interfaces/minimal_interfaces
[8.828s] -- Up-to-date: /home/simon/Documents/ARO/ros2_ws/install/minimal_interfaces/include/minimal_interfaces/minimal_interfaces/srv
[8.828s] -- Up-to-date: /home/simon/Documents/ARO/ros2_ws/install/minimal_interfaces/include/minimal_interfaces/minimal_interfaces/srv/detail
[8.829s] -- Installing: /home/simon/Documents/ARO/ros2_ws/install/minimal_interfaces/include/minimal_interfaces/minimal_interfaces/srv/detail/dds_fastrtps
[8.829s] -- Installing: /home/simon/Documents/ARO/ros2_ws/install/minimal_interfaces/include/minimal_interfaces/minimal_interfaces/srv/detail/string_service__rosidl_typesupport_fastrtps_cpp.hpp
[8.829s] -- Up-to-date: /home/simon/Documents/ARO/ros2_ws/install/minimal_interfaces/include/minimal_interfaces/minimal_interfaces/msg
[8.829s] -- Installing: /home/simon/Documents/ARO/ros2_ws/install/minimal_interfaces/include/minimal_interfaces/minimal_interfaces/msg/rosidl_typesupport_fastrtps_cpp__visibility_control.h
[8.829s] -- Installing: /home/simon/Documents/ARO/ros2_ws/install/minimal_interfaces/lib/libminimal_interfaces__rosidl_typesupport_fastrtps_cpp.so
[8.830s] -- Set runtime path of "/home/simon/Documents/ARO/ros2_ws/install/minimal_interfaces/lib/libminimal_interfaces__rosidl_typesupport_fastrtps_cpp.so" to ""
[8.831s] -- Up-to-date: /home/simon/Documents/ARO/ros2_ws/install/minimal_interfaces/include/minimal_interfaces/minimal_interfaces
[8.831s] -- Up-to-date: /home/simon/Documents/ARO/ros2_ws/install/minimal_interfaces/include/minimal_interfaces/minimal_interfaces/srv
[8.831s] -- Up-to-date: /home/simon/Documents/ARO/ros2_ws/install/minimal_interfaces/include/minimal_interfaces/minimal_interfaces/srv/detail
[8.831s] -- Installing: /home/simon/Documents/ARO/ros2_ws/install/minimal_interfaces/include/minimal_interfaces/minimal_interfaces/srv/detail/string_service__type_support.cpp
[8.831s] -- Installing: /home/simon/Documents/ARO/ros2_ws/install/minimal_interfaces/include/minimal_interfaces/minimal_interfaces/srv/detail/string_service__rosidl_typesupport_introspection_cpp.hpp
[8.832s] -- Installing: /home/simon/Documents/ARO/ros2_ws/install/minimal_interfaces/lib/libminimal_interfaces__rosidl_typesupport_introspection_cpp.so
[8.832s] -- Set runtime path of "/home/simon/Documents/ARO/ros2_ws/install/minimal_interfaces/lib/libminimal_interfaces__rosidl_typesupport_introspection_cpp.so" to ""
[8.832s] -- Installing: /home/simon/Documents/ARO/ros2_ws/install/minimal_interfaces/lib/libminimal_interfaces__rosidl_typesupport_cpp.so
[8.833s] -- Set runtime path of "/home/simon/Documents/ARO/ros2_ws/install/minimal_interfaces/lib/libminimal_interfaces__rosidl_typesupport_cpp.so" to ""
[8.833s] -- Installing: /home/simon/Documents/ARO/ros2_ws/install/minimal_interfaces/share/minimal_interfaces/environment/pythonpath.sh
[8.833s] -- Installing: /home/simon/Documents/ARO/ros2_ws/install/minimal_interfaces/share/minimal_interfaces/environment/pythonpath.dsv
[8.834s] -- Installing: /home/simon/Documents/ARO/ros2_ws/install/minimal_interfaces/local/lib/python3.10/dist-packages/minimal_interfaces-0.0.0-py3.10.egg-info
[8.835s] -- Installing: /home/simon/Documents/ARO/ros2_ws/install/minimal_interfaces/local/lib/python3.10/dist-packages/minimal_interfaces-0.0.0-py3.10.egg-info/dependency_links.txt
[8.835s] -- Installing: /home/simon/Documents/ARO/ros2_ws/install/minimal_interfaces/local/lib/python3.10/dist-packages/minimal_interfaces-0.0.0-py3.10.egg-info/PKG-INFO
[8.835s] -- Installing: /home/simon/Documents/ARO/ros2_ws/install/minimal_interfaces/local/lib/python3.10/dist-packages/minimal_interfaces-0.0.0-py3.10.egg-info/top_level.txt
[8.835s] -- Installing: /home/simon/Documents/ARO/ros2_ws/install/minimal_interfaces/local/lib/python3.10/dist-packages/minimal_interfaces-0.0.0-py3.10.egg-info/SOURCES.txt
[8.835s] -- Installing: /home/simon/Documents/ARO/ros2_ws/install/minimal_interfaces/local/lib/python3.10/dist-packages/minimal_interfaces
[8.835s] -- Installing: /home/simon/Documents/ARO/ros2_ws/install/minimal_interfaces/local/lib/python3.10/dist-packages/minimal_interfaces/minimal_interfaces_s__rosidl_typesupport_c.cpython-310-x86_64-linux-gnu.so
[8.836s] -- Installing: /home/simon/Documents/ARO/ros2_ws/install/minimal_interfaces/local/lib/python3.10/dist-packages/minimal_interfaces/srv
[8.836s] -- Installing: /home/simon/Documents/ARO/ros2_ws/install/minimal_interfaces/local/lib/python3.10/dist-packages/minimal_interfaces/srv/__init__.py
[8.836s] -- Installing: /home/simon/Documents/ARO/ros2_ws/install/minimal_interfaces/local/lib/python3.10/dist-packages/minimal_interfaces/srv/_string_service_s.c
[8.836s] -- Installing: /home/simon/Documents/ARO/ros2_ws/install/minimal_interfaces/local/lib/python3.10/dist-packages/minimal_interfaces/srv/_string_service.py
[8.836s] -- Installing: /home/simon/Documents/ARO/ros2_ws/install/minimal_interfaces/local/lib/python3.10/dist-packages/minimal_interfaces/__init__.py
[8.836s] -- Installing: /home/simon/Documents/ARO/ros2_ws/install/minimal_interfaces/local/lib/python3.10/dist-packages/minimal_interfaces/_minimal_interfaces_s.ep.rosidl_typesupport_fastrtps_c.c
[8.837s] -- Installing: /home/simon/Documents/ARO/ros2_ws/install/minimal_interfaces/local/lib/python3.10/dist-packages/minimal_interfaces/minimal_interfaces_s__rosidl_typesupport_fastrtps_c.cpython-310-x86_64-linux-gnu.so
[8.837s] -- Installing: /home/simon/Documents/ARO/ros2_ws/install/minimal_interfaces/local/lib/python3.10/dist-packages/minimal_interfaces/libminimal_interfaces__rosidl_generator_py.so
[8.837s] -- Installing: /home/simon/Documents/ARO/ros2_ws/install/minimal_interfaces/local/lib/python3.10/dist-packages/minimal_interfaces/_minimal_interfaces_s.ep.rosidl_typesupport_c.c
[8.837s] -- Installing: /home/simon/Documents/ARO/ros2_ws/install/minimal_interfaces/local/lib/python3.10/dist-packages/minimal_interfaces/minimal_interfaces_s__rosidl_typesupport_introspection_c.cpython-310-x86_64-linux-gnu.so
[8.838s] -- Installing: /home/simon/Documents/ARO/ros2_ws/install/minimal_interfaces/local/lib/python3.10/dist-packages/minimal_interfaces/_minimal_interfaces_s.ep.rosidl_typesupport_introspection_c.c
[8.912s] Listing '/home/simon/Documents/ARO/ros2_ws/install/minimal_interfaces/local/lib/python3.10/dist-packages/minimal_interfaces'...
[8.912s] Compiling '/home/simon/Documents/ARO/ros2_ws/install/minimal_interfaces/local/lib/python3.10/dist-packages/minimal_interfaces/__init__.py'...
[8.912s] Listing '/home/simon/Documents/ARO/ros2_ws/install/minimal_interfaces/local/lib/python3.10/dist-packages/minimal_interfaces/srv'...
[8.913s] Compiling '/home/simon/Documents/ARO/ros2_ws/install/minimal_interfaces/local/lib/python3.10/dist-packages/minimal_interfaces/srv/__init__.py'...
[8.913s] Compiling '/home/simon/Documents/ARO/ros2_ws/install/minimal_interfaces/local/lib/python3.10/dist-packages/minimal_interfaces/srv/_string_service.py'...
[8.924s] -- Installing: /home/simon/Documents/ARO/ros2_ws/install/minimal_interfaces/local/lib/python3.10/dist-packages/minimal_interfaces/minimal_interfaces_s__rosidl_typesupport_fastrtps_c.cpython-310-x86_64-linux-gnu.so
[8.924s] -- Set runtime path of "/home/simon/Documents/ARO/ros2_ws/install/minimal_interfaces/local/lib/python3.10/dist-packages/minimal_interfaces/minimal_interfaces_s__rosidl_typesupport_fastrtps_c.cpython-310-x86_64-linux-gnu.so" to ""
[8.925s] -- Installing: /home/simon/Documents/ARO/ros2_ws/install/minimal_interfaces/local/lib/python3.10/dist-packages/minimal_interfaces/minimal_interfaces_s__rosidl_typesupport_introspection_c.cpython-310-x86_64-linux-gnu.so
[8.925s] -- Set runtime path of "/home/simon/Documents/ARO/ros2_ws/install/minimal_interfaces/local/lib/python3.10/dist-packages/minimal_interfaces/minimal_interfaces_s__rosidl_typesupport_introspection_c.cpython-310-x86_64-linux-gnu.so" to ""
[8.926s] -- Installing: /home/simon/Documents/ARO/ros2_ws/install/minimal_interfaces/local/lib/python3.10/dist-packages/minimal_interfaces/minimal_interfaces_s__rosidl_typesupport_c.cpython-310-x86_64-linux-gnu.so
[8.926s] -- Set runtime path of "/home/simon/Documents/ARO/ros2_ws/install/minimal_interfaces/local/lib/python3.10/dist-packages/minimal_interfaces/minimal_interfaces_s__rosidl_typesupport_c.cpython-310-x86_64-linux-gnu.so" to ""
[8.927s] -- Installing: /home/simon/Documents/ARO/ros2_ws/install/minimal_interfaces/lib/libminimal_interfaces__rosidl_generator_py.so
[8.927s] -- Set runtime path of "/home/simon/Documents/ARO/ros2_ws/install/minimal_interfaces/lib/libminimal_interfaces__rosidl_generator_py.so" to ""
[8.928s] -- Installing: /home/simon/Documents/ARO/ros2_ws/install/minimal_interfaces/share/minimal_interfaces/srv/StringService.idl
[8.928s] -- Installing: /home/simon/Documents/ARO/ros2_ws/install/minimal_interfaces/share/minimal_interfaces/srv/StringService.srv
[8.928s] -- Installing: /home/simon/Documents/ARO/ros2_ws/install/minimal_interfaces/share/minimal_interfaces/srv/StringService_Request.msg
[8.928s] -- Installing: /home/simon/Documents/ARO/ros2_ws/install/minimal_interfaces/share/minimal_interfaces/srv/StringService_Response.msg
[8.929s] -- Installing: /home/simon/Documents/ARO/ros2_ws/install/minimal_interfaces/share/ament_index/resource_index/package_run_dependencies/minimal_interfaces
[8.929s] -- Installing: /home/simon/Documents/ARO/ros2_ws/install/minimal_interfaces/share/ament_index/resource_index/parent_prefix_path/minimal_interfaces
[8.929s] -- Installing: /home/simon/Documents/ARO/ros2_ws/install/minimal_interfaces/share/minimal_interfaces/environment/ament_prefix_path.sh
[8.930s] -- Installing: /home/simon/Documents/ARO/ros2_ws/install/minimal_interfaces/share/minimal_interfaces/environment/ament_prefix_path.dsv
[8.930s] -- Installing: /home/simon/Documents/ARO/ros2_ws/install/minimal_interfaces/share/minimal_interfaces/environment/path.sh
[8.930s] -- Installing: /home/simon/Documents/ARO/ros2_ws/install/minimal_interfaces/share/minimal_interfaces/environment/path.dsv
[8.930s] -- Installing: /home/simon/Documents/ARO/ros2_ws/install/minimal_interfaces/share/minimal_interfaces/local_setup.bash
[8.931s] -- Installing: /home/simon/Documents/ARO/ros2_ws/install/minimal_interfaces/share/minimal_interfaces/local_setup.sh
[8.931s] -- Installing: /home/simon/Documents/ARO/ros2_ws/install/minimal_interfaces/share/minimal_interfaces/local_setup.zsh
[8.931s] -- Installing: /home/simon/Documents/ARO/ros2_ws/install/minimal_interfaces/share/minimal_interfaces/local_setup.dsv
[8.931s] -- Installing: /home/simon/Documents/ARO/ros2_ws/install/minimal_interfaces/share/minimal_interfaces/package.dsv
[8.932s] -- Installing: /home/simon/Documents/ARO/ros2_ws/install/minimal_interfaces/share/ament_index/resource_index/packages/minimal_interfaces
[8.932s] -- Installing: /home/simon/Documents/ARO/ros2_ws/install/minimal_interfaces/share/minimal_interfaces/cmake/export_minimal_interfaces__rosidl_generator_cExport.cmake
[8.932s] -- Installing: /home/simon/Documents/ARO/ros2_ws/install/minimal_interfaces/share/minimal_interfaces/cmake/export_minimal_interfaces__rosidl_generator_cExport-noconfig.cmake
[8.932s] -- Installing: /home/simon/Documents/ARO/ros2_ws/install/minimal_interfaces/share/minimal_interfaces/cmake/export_minimal_interfaces__rosidl_typesupport_fastrtps_cExport.cmake
[8.933s] -- Installing: /home/simon/Documents/ARO/ros2_ws/install/minimal_interfaces/share/minimal_interfaces/cmake/export_minimal_interfaces__rosidl_typesupport_fastrtps_cExport-noconfig.cmake
[8.933s] -- Installing: /home/simon/Documents/ARO/ros2_ws/install/minimal_interfaces/share/minimal_interfaces/cmake/minimal_interfaces__rosidl_typesupport_introspection_cExport.cmake
[8.933s] -- Installing: /home/simon/Documents/ARO/ros2_ws/install/minimal_interfaces/share/minimal_interfaces/cmake/minimal_interfaces__rosidl_typesupport_introspection_cExport-noconfig.cmake
[8.934s] -- Installing: /home/simon/Documents/ARO/ros2_ws/install/minimal_interfaces/share/minimal_interfaces/cmake/minimal_interfaces__rosidl_typesupport_cExport.cmake
[8.934s] -- Installing: /home/simon/Documents/ARO/ros2_ws/install/minimal_interfaces/share/minimal_interfaces/cmake/minimal_interfaces__rosidl_typesupport_cExport-noconfig.cmake
[8.934s] -- Installing: /home/simon/Documents/ARO/ros2_ws/install/minimal_interfaces/share/minimal_interfaces/cmake/export_minimal_interfaces__rosidl_generator_cppExport.cmake
[8.934s] -- Installing: /home/simon/Documents/ARO/ros2_ws/install/minimal_interfaces/share/minimal_interfaces/cmake/export_minimal_interfaces__rosidl_typesupport_fastrtps_cppExport.cmake
[8.935s] -- Installing: /home/simon/Documents/ARO/ros2_ws/install/minimal_interfaces/share/minimal_interfaces/cmake/export_minimal_interfaces__rosidl_typesupport_fastrtps_cppExport-noconfig.cmake
[8.935s] -- Installing: /home/simon/Documents/ARO/ros2_ws/install/minimal_interfaces/share/minimal_interfaces/cmake/minimal_interfaces__rosidl_typesupport_introspection_cppExport.cmake
[8.935s] -- Installing: /home/simon/Documents/ARO/ros2_ws/install/minimal_interfaces/share/minimal_interfaces/cmake/minimal_interfaces__rosidl_typesupport_introspection_cppExport-noconfig.cmake
[8.935s] -- Installing: /home/simon/Documents/ARO/ros2_ws/install/minimal_interfaces/share/minimal_interfaces/cmake/minimal_interfaces__rosidl_typesupport_cppExport.cmake
[8.936s] -- Installing: /home/simon/Documents/ARO/ros2_ws/install/minimal_interfaces/share/minimal_interfaces/cmake/minimal_interfaces__rosidl_typesupport_cppExport-noconfig.cmake
[8.936s] -- Installing: /home/simon/Documents/ARO/ros2_ws/install/minimal_interfaces/share/minimal_interfaces/cmake/export_minimal_interfaces__rosidl_generator_pyExport.cmake
[8.937s] -- Installing: /home/simon/Documents/ARO/ros2_ws/install/minimal_interfaces/share/minimal_interfaces/cmake/export_minimal_interfaces__rosidl_generator_pyExport-noconfig.cmake
[8.937s] -- Installing: /home/simon/Documents/ARO/ros2_ws/install/minimal_interfaces/share/minimal_interfaces/cmake/rosidl_cmake-extras.cmake
[8.937s] -- Installing: /home/simon/Documents/ARO/ros2_ws/install/minimal_interfaces/share/minimal_interfaces/cmake/ament_cmake_export_include_directories-extras.cmake
[8.937s] -- Installing: /home/simon/Documents/ARO/ros2_ws/install/minimal_interfaces/share/minimal_interfaces/cmake/ament_cmake_export_libraries-extras.cmake
[8.937s] -- Installing: /home/simon/Documents/ARO/ros2_ws/install/minimal_interfaces/share/minimal_interfaces/cmake/ament_cmake_export_targets-extras.cmake
[8.938s] -- Installing: /home/simon/Documents/ARO/ros2_ws/install/minimal_interfaces/share/minimal_interfaces/cmake/rosidl_cmake_export_typesupport_targets-extras.cmake
[8.938s] -- Installing: /home/simon/Documents/ARO/ros2_ws/install/minimal_interfaces/share/minimal_interfaces/cmake/ament_cmake_export_dependencies-extras.cmake
[8.938s] -- Installing: /home/simon/Documents/ARO/ros2_ws/install/minimal_interfaces/share/minimal_interfaces/cmake/rosidl_cmake_export_typesupport_libraries-extras.cmake
[8.938s] -- Installing: /home/simon/Documents/ARO/ros2_ws/install/minimal_interfaces/share/minimal_interfaces/cmake/minimal_interfacesConfig.cmake
[8.938s] -- Installing: /home/simon/Documents/ARO/ros2_ws/install/minimal_interfaces/share/minimal_interfaces/cmake/minimal_interfacesConfig-version.cmake
[8.939s] -- Installing: /home/simon/Documents/ARO/ros2_ws/install/minimal_interfaces/share/minimal_interfaces/package.xml
[8.944s] Invoked command in '/home/simon/Documents/ARO/ros2_ws/build/minimal_interfaces' returned '0': CMAKE_PREFIX_PATH=${CMAKE_PREFIX_PATH}:/home/simon/Documents/ARO/ros2_ws/install/mi_paquete_python:/home/simon/Documents/ARO/ros2_ws/install/launch_testing_examples:/home/simon/Documents/ARO/ros2_ws/install/examples_rclpy_minimal_subscriber:/home/simon/Documents/ARO/ros2_ws/install/examples_rclpy_minimal_service:/home/simon/Documents/ARO/ros2_ws/install/examples_rclpy_minimal_publisher:/home/simon/Documents/ARO/ros2_ws/install/examples_rclpy_minimal_client:/home/simon/Documents/ARO/ros2_ws/install/examples_rclpy_minimal_action_server:/home/simon/Documents/ARO/ros2_ws/install/examples_rclpy_minimal_action_client:/home/simon/Documents/ARO/ros2_ws/src/install/mi_paquete_python:/home/simon/Documents/ARO/ros2_ws/src/install/launch_testing_examples:/home/simon/Documents/ARO/ros2_ws/src/install/examples_rclpy_minimal_subscriber:/home/simon/Documents/ARO/ros2_ws/src/install/examples_rclpy_minimal_service:/home/simon/Documents/ARO/ros2_ws/src/install/examples_rclpy_minimal_publisher:/home/simon/Documents/ARO/ros2_ws/src/install/examples_rclpy_minimal_client:/home/simon/Documents/ARO/ros2_ws/src/install/examples_rclpy_minimal_action_server:/home/simon/Documents/ARO/ros2_ws/src/install/examples_rclpy_minimal_action_client:/home/simon/Documents/ARO/turtlebot3_ws/install/turtlebot3_teleop:/home/simon/Documents/ARO/turtlebot3_ws/install/turtlebot3_example:/opt/ros/humble /usr/bin/cmake --install /home/simon/Documents/ARO/ros2_ws/build/minimal_interfaces
