[0.770s] Invoking command in '/home/simon/Documents/ARO/ros2_ws/build/mi_paquete_python': PYTHONPATH=/home/simon/Documents/ARO/ros2_ws/build/mi_paquete_python/prefix_override:/home/simon/Documents/ARO/ros2_ws/install/mi_paquete_python/lib/python3.10/site-packages:${PYTHONPATH} /usr/bin/python3 setup.py develop --editable --build-directory /home/simon/Documents/ARO/ros2_ws/build/mi_paquete_python/build --no-deps install_data
[1.018s] running develop
[1.175s] running egg_info
[1.175s] writing mi_paquete_python.egg-info/PKG-INFO
[1.175s] writing dependency_links to mi_paquete_python.egg-info/dependency_links.txt
[1.175s] writing entry points to mi_paquete_python.egg-info/entry_points.txt
[1.175s] writing requirements to mi_paquete_python.egg-info/requires.txt
[1.176s] writing top-level names to mi_paquete_python.egg-info/top_level.txt
[1.176s] reading manifest file 'mi_paquete_python.egg-info/SOURCES.txt'
[1.177s] writing manifest file 'mi_paquete_python.egg-info/SOURCES.txt'
[1.179s] running build_ext
[1.179s] Creating /home/simon/Documents/ARO/ros2_ws/install/mi_paquete_python/lib/python3.10/site-packages/mi-paquete-python.egg-link (link to .)
[1.179s] Installing move_donatello script to /home/simon/Documents/ARO/ros2_ws/install/mi_paquete_python/lib/mi_paquete_python
[1.180s] Installing move_leonardo script to /home/simon/Documents/ARO/ros2_ws/install/mi_paquete_python/lib/mi_paquete_python
[1.180s] Installing move_michelangelo script to /home/simon/Documents/ARO/ros2_ws/install/mi_paquete_python/lib/mi_paquete_python
[1.180s] Installing robot_news_station script to /home/simon/Documents/ARO/ros2_ws/install/mi_paquete_python/lib/mi_paquete_python
[1.180s] Installing smartphone script to /home/simon/Documents/ARO/ros2_ws/install/mi_paquete_python/lib/mi_paquete_python
[1.180s] 
[1.181s] Installed /home/simon/Documents/ARO/ros2_ws/build/mi_paquete_python
[1.181s] running install_data
[1.218s] Invoked command in '/home/simon/Documents/ARO/ros2_ws/build/mi_paquete_python' returned '0': PYTHONPATH=/home/simon/Documents/ARO/ros2_ws/build/mi_paquete_python/prefix_override:/home/simon/Documents/ARO/ros2_ws/install/mi_paquete_python/lib/python3.10/site-packages:${PYTHONPATH} /usr/bin/python3 setup.py develop --editable --build-directory /home/simon/Documents/ARO/ros2_ws/build/mi_paquete_python/build --no-deps install_data
