[0.901s] Invoking command in '/home/simon/Documents/ARO/ros2_ws/build/mi_paquete_python': PYTHONPATH=/home/simon/Documents/ARO/ros2_ws/build/mi_paquete_python/prefix_override:/home/simon/Documents/ARO/ros2_ws/install/mi_paquete_python/lib/python3.10/site-packages:${PYTHONPATH} /usr/bin/python3 setup.py develop --editable --build-directory /home/simon/Documents/ARO/ros2_ws/build/mi_paquete_python/build --no-deps install_data
[1.162s] running develop
[1.313s] running egg_info
[1.313s] writing mi_paquete_python.egg-info/PKG-INFO
[1.313s] writing dependency_links to mi_paquete_python.egg-info/dependency_links.txt
[1.313s] writing entry points to mi_paquete_python.egg-info/entry_points.txt
[1.314s] writing requirements to mi_paquete_python.egg-info/requires.txt
[1.314s] writing top-level names to mi_paquete_python.egg-info/top_level.txt
[1.315s] reading manifest file 'mi_paquete_python.egg-info/SOURCES.txt'
[1.316s] writing manifest file 'mi_paquete_python.egg-info/SOURCES.txt'
[1.318s] running build_ext
[1.318s] Creating /home/simon/Documents/ARO/ros2_ws/install/mi_paquete_python/lib/python3.10/site-packages/mi-paquete-python.egg-link (link to .)
[1.319s] Installing add_three_ints_client script to /home/simon/Documents/ARO/ros2_ws/install/mi_paquete_python/lib/mi_paquete_python
[1.319s] Installing add_three_ints_server script to /home/simon/Documents/ARO/ros2_ws/install/mi_paquete_python/lib/mi_paquete_python
[1.319s] Installing circle_action_client script to /home/simon/Documents/ARO/ros2_ws/install/mi_paquete_python/lib/mi_paquete_python
[1.320s] Installing circle_action_server script to /home/simon/Documents/ARO/ros2_ws/install/mi_paquete_python/lib/mi_paquete_python
[1.320s] Installing minimal_param_node script to /home/simon/Documents/ARO/ros2_ws/install/mi_paquete_python/lib/mi_paquete_python
[1.320s] Installing move_donatello script to /home/simon/Documents/ARO/ros2_ws/install/mi_paquete_python/lib/mi_paquete_python
[1.320s] Installing move_leonardo script to /home/simon/Documents/ARO/ros2_ws/install/mi_paquete_python/lib/mi_paquete_python
[1.321s] Installing move_michelangelo script to /home/simon/Documents/ARO/ros2_ws/install/mi_paquete_python/lib/mi_paquete_python
[1.321s] Installing move_turtle script to /home/simon/Documents/ARO/ros2_ws/install/mi_paquete_python/lib/mi_paquete_python
[1.321s] Installing move_turtle_client script to /home/simon/Documents/ARO/ros2_ws/install/mi_paquete_python/lib/mi_paquete_python
[1.321s] Installing nav2_test script to /home/simon/Documents/ARO/ros2_ws/install/mi_paquete_python/lib/mi_paquete_python
[1.321s] Installing position_logger script to /home/simon/Documents/ARO/ros2_ws/install/mi_paquete_python/lib/mi_paquete_python
[1.321s] Installing robot_news_station script to /home/simon/Documents/ARO/ros2_ws/install/mi_paquete_python/lib/mi_paquete_python
[1.322s] Installing safe_zone_controller script to /home/simon/Documents/ARO/ros2_ws/install/mi_paquete_python/lib/mi_paquete_python
[1.322s] Installing smartphone script to /home/simon/Documents/ARO/ros2_ws/install/mi_paquete_python/lib/mi_paquete_python
[1.322s] Installing turtle_controller script to /home/simon/Documents/ARO/ros2_ws/install/mi_paquete_python/lib/mi_paquete_python
[1.322s] 
[1.322s] Installed /home/simon/Documents/ARO/ros2_ws/build/mi_paquete_python
[1.322s] running install_data
[1.323s] copying package.xml -> /home/simon/Documents/ARO/ros2_ws/install/mi_paquete_python/share/mi_paquete_python
[1.379s] Invoked command in '/home/simon/Documents/ARO/ros2_ws/build/mi_paquete_python' returned '0': PYTHONPATH=/home/simon/Documents/ARO/ros2_ws/build/mi_paquete_python/prefix_override:/home/simon/Documents/ARO/ros2_ws/install/mi_paquete_python/lib/python3.10/site-packages:${PYTHONPATH} /usr/bin/python3 setup.py develop --editable --build-directory /home/simon/Documents/ARO/ros2_ws/build/mi_paquete_python/build --no-deps install_data
