[0.033s] Invoking command in '/home/simon/Documents/ARO/turtlebot3_ws/build/dynamixel_sdk': /usr/bin/cmake /home/simon/Documents/ARO/turtlebot3_ws/src/utils/DynamixelSDK/dynamixel_sdk -DAMENT_CMAKE_SYMLINK_INSTALL=1 -DCMAKE_INSTALL_PREFIX=/home/simon/Documents/ARO/turtlebot3_ws/install/dynamixel_sdk
[0.154s] -- The C compiler identification is GNU 11.4.0
[0.246s] -- The CXX compiler identification is GNU 11.4.0
[0.256s] -- Detecting C compiler ABI info
[0.343s] -- Detecting C compiler ABI info - done
[0.354s] -- Check for working C compiler: /usr/bin/cc - skipped
[0.355s] -- Detecting C compile features
[0.355s] -- Detecting C compile features - done
[0.359s] -- Detecting CXX compiler ABI info
[0.460s] -- Detecting CXX compiler ABI info - done
[0.475s] -- Check for working CXX compiler: /usr/bin/c++ - skipped
[0.476s] -- Detecting CXX compile features
[0.479s] -- Detecting CXX compile features - done
[0.506s] [31mCMake Error at CMakeLists.txt:18 (find_package):
[0.506s]   By not providing "Findament_cmake.cmake" in CMAKE_MODULE_PATH this project
[0.506s]   has asked CMake to find a package configuration file provided by
[0.506s]   "ament_cmake", but CMake did not find one.
[0.506s] 
[0.506s]   Could not find a package configuration file provided by "ament_cmake" with
[0.506s]   any of the following names:
[0.507s] 
[0.507s]     ament_cmakeConfig.cmake
[0.507s]     ament_cmake-config.cmake
[0.507s] 
[0.507s]   Add the installation prefix of "ament_cmake" to CMAKE_PREFIX_PATH or set
[0.507s]   "ament_cmake_DIR" to a directory containing one of the above files.  If
[0.507s]   "ament_cmake" provides a separate development package or SDK, be sure it
[0.507s]   has been installed.
[0.507s] 
[0.507s] [0m
[0.507s] -- Configuring incomplete, errors occurred!
[0.507s] See also "/home/simon/Documents/ARO/turtlebot3_ws/build/dynamixel_sdk/CMakeFiles/CMakeOutput.log".
