[0.035s] Invoking command in '/home/simon/Documents/ARO/turtlebot3_ws/build/turtlebot3_description': /usr/bin/cmake /home/simon/Documents/ARO/turtlebot3_ws/src/turtlebot3/turtlebot3/turtlebot3_description -DAMENT_CMAKE_SYMLINK_INSTALL=1 -DCMAKE_INSTALL_PREFIX=/home/simon/Documents/ARO/turtlebot3_ws/install/turtlebot3_description
[0.153s] -- The C compiler identification is GNU 11.4.0
[0.226s] -- The CXX compiler identification is GNU 11.4.0
[0.235s] -- Detecting C compiler ABI info
[0.336s] -- Detecting C compiler ABI info - done
[0.348s] -- Check for working C compiler: /usr/bin/cc - skipped
[0.348s] -- Detecting C compile features
[0.349s] -- Detecting C compile features - done
[0.352s] -- Detecting CXX compiler ABI info
[0.454s] -- Detecting CXX compiler ABI info - done
[0.470s] -- Check for working CXX compiler: /usr/bin/c++ - skipped
[0.470s] -- Detecting CXX compile features
[0.471s] -- Detecting CXX compile features - done
[0.501s] [31mCMake Error at CMakeLists.txt:18 (find_package):
[0.501s]   By not providing "Findament_cmake.cmake" in CMAKE_MODULE_PATH this project
[0.501s]   has asked CMake to find a package configuration file provided by
[0.501s]   "ament_cmake", but CMake did not find one.
[0.501s] 
[0.501s]   Could not find a package configuration file provided by "ament_cmake" with
[0.501s]   any of the following names:
[0.501s] 
[0.501s]     ament_cmakeConfig.cmake
[0.502s]     ament_cmake-config.cmake
[0.502s] 
[0.502s]   Add the installation prefix of "ament_cmake" to CMAKE_PREFIX_PATH or set
[0.502s]   "ament_cmake_DIR" to a directory containing one of the above files.  If
[0.502s]   "ament_cmake" provides a separate development package or SDK, be sure it
[0.502s]   has been installed.
[0.502s] 
[0.502s] -- Configuring incomplete, errors occurred!
[0.502s] See also "/home/simon/Documents/ARO/turtlebot3_ws/build/turtlebot3_description/CMakeFiles/CMakeOutput.log".
[0.502s] [0m
