[3.859s] Invoking command in '/home/simon/Documents/ARO/ros2_ws/src/ROS2_examples/rclpy/actions/minimal_action_client': PYTHONPATH=/home/simon/Documents/ARO/ros2_ws/build/examples_rclpy_minimal_action_client/prefix_override:/home/simon/Documents/ARO/ros2_ws/install/examples_rclpy_minimal_action_client/lib/python3.10/site-packages:${PYTHONPATH} /usr/bin/python3 setup.py egg_info --egg-base ../../../../../build/examples_rclpy_minimal_action_client build --build-base /home/simon/Documents/ARO/ros2_ws/build/examples_rclpy_minimal_action_client/build install --record /home/simon/Documents/ARO/ros2_ws/build/examples_rclpy_minimal_action_client/install.log --single-version-externally-managed
[4.243s] running egg_info
[4.244s] creating ../../../../../build/examples_rclpy_minimal_action_client/examples_rclpy_minimal_action_client.egg-info
[4.246s] writing ../../../../../build/examples_rclpy_minimal_action_client/examples_rclpy_minimal_action_client.egg-info/PKG-INFO
[4.246s] writing dependency_links to ../../../../../build/examples_rclpy_minimal_action_client/examples_rclpy_minimal_action_client.egg-info/dependency_links.txt
[4.247s] writing entry points to ../../../../../build/examples_rclpy_minimal_action_client/examples_rclpy_minimal_action_client.egg-info/entry_points.txt
[4.247s] writing requirements to ../../../../../build/examples_rclpy_minimal_action_client/examples_rclpy_minimal_action_client.egg-info/requires.txt
[4.247s] writing top-level names to ../../../../../build/examples_rclpy_minimal_action_client/examples_rclpy_minimal_action_client.egg-info/top_level.txt
[4.248s] writing manifest file '../../../../../build/examples_rclpy_minimal_action_client/examples_rclpy_minimal_action_client.egg-info/SOURCES.txt'
[4.248s] reading manifest file '../../../../../build/examples_rclpy_minimal_action_client/examples_rclpy_minimal_action_client.egg-info/SOURCES.txt'
[4.248s] writing manifest file '../../../../../build/examples_rclpy_minimal_action_client/examples_rclpy_minimal_action_client.egg-info/SOURCES.txt'
[4.249s] running build
[4.249s] running build_py
[4.250s] creating /home/simon/Documents/ARO/ros2_ws/build/examples_rclpy_minimal_action_client/build
[4.251s] creating /home/simon/Documents/ARO/ros2_ws/build/examples_rclpy_minimal_action_client/build/lib
[4.251s] creating /home/simon/Documents/ARO/ros2_ws/build/examples_rclpy_minimal_action_client/build/lib/examples_rclpy_minimal_action_client
[4.251s] copying examples_rclpy_minimal_action_client/client.py -> /home/simon/Documents/ARO/ros2_ws/build/examples_rclpy_minimal_action_client/build/lib/examples_rclpy_minimal_action_client
[4.252s] copying examples_rclpy_minimal_action_client/client_cancel.py -> /home/simon/Documents/ARO/ros2_ws/build/examples_rclpy_minimal_action_client/build/lib/examples_rclpy_minimal_action_client
[4.252s] copying examples_rclpy_minimal_action_client/client_asyncio.py -> /home/simon/Documents/ARO/ros2_ws/build/examples_rclpy_minimal_action_client/build/lib/examples_rclpy_minimal_action_client
[4.252s] copying examples_rclpy_minimal_action_client/__init__.py -> /home/simon/Documents/ARO/ros2_ws/build/examples_rclpy_minimal_action_client/build/lib/examples_rclpy_minimal_action_client
[4.253s] copying examples_rclpy_minimal_action_client/client_not_composable.py -> /home/simon/Documents/ARO/ros2_ws/build/examples_rclpy_minimal_action_client/build/lib/examples_rclpy_minimal_action_client
[4.253s] running install
[4.253s] running install_lib
[4.254s] creating /home/simon/Documents/ARO/ros2_ws/install/examples_rclpy_minimal_action_client/lib/python3.10/site-packages/examples_rclpy_minimal_action_client
[4.254s] copying /home/simon/Documents/ARO/ros2_ws/build/examples_rclpy_minimal_action_client/build/lib/examples_rclpy_minimal_action_client/client.py -> /home/simon/Documents/ARO/ros2_ws/install/examples_rclpy_minimal_action_client/lib/python3.10/site-packages/examples_rclpy_minimal_action_client
[4.254s] copying /home/simon/Documents/ARO/ros2_ws/build/examples_rclpy_minimal_action_client/build/lib/examples_rclpy_minimal_action_client/client_cancel.py -> /home/simon/Documents/ARO/ros2_ws/install/examples_rclpy_minimal_action_client/lib/python3.10/site-packages/examples_rclpy_minimal_action_client
[4.255s] copying /home/simon/Documents/ARO/ros2_ws/build/examples_rclpy_minimal_action_client/build/lib/examples_rclpy_minimal_action_client/client_asyncio.py -> /home/simon/Documents/ARO/ros2_ws/install/examples_rclpy_minimal_action_client/lib/python3.10/site-packages/examples_rclpy_minimal_action_client
[4.255s] copying /home/simon/Documents/ARO/ros2_ws/build/examples_rclpy_minimal_action_client/build/lib/examples_rclpy_minimal_action_client/__init__.py -> /home/simon/Documents/ARO/ros2_ws/install/examples_rclpy_minimal_action_client/lib/python3.10/site-packages/examples_rclpy_minimal_action_client
[4.256s] copying /home/simon/Documents/ARO/ros2_ws/build/examples_rclpy_minimal_action_client/build/lib/examples_rclpy_minimal_action_client/client_not_composable.py -> /home/simon/Documents/ARO/ros2_ws/install/examples_rclpy_minimal_action_client/lib/python3.10/site-packages/examples_rclpy_minimal_action_client
[4.256s] byte-compiling /home/simon/Documents/ARO/ros2_ws/install/examples_rclpy_minimal_action_client/lib/python3.10/site-packages/examples_rclpy_minimal_action_client/client.py to client.cpython-310.pyc
[4.256s] byte-compiling /home/simon/Documents/ARO/ros2_ws/install/examples_rclpy_minimal_action_client/lib/python3.10/site-packages/examples_rclpy_minimal_action_client/client_cancel.py to client_cancel.cpython-310.pyc
[4.257s] byte-compiling /home/simon/Documents/ARO/ros2_ws/install/examples_rclpy_minimal_action_client/lib/python3.10/site-packages/examples_rclpy_minimal_action_client/client_asyncio.py to client_asyncio.cpython-310.pyc
[4.257s] byte-compiling /home/simon/Documents/ARO/ros2_ws/install/examples_rclpy_minimal_action_client/lib/python3.10/site-packages/examples_rclpy_minimal_action_client/__init__.py to __init__.cpython-310.pyc
[4.258s] byte-compiling /home/simon/Documents/ARO/ros2_ws/install/examples_rclpy_minimal_action_client/lib/python3.10/site-packages/examples_rclpy_minimal_action_client/client_not_composable.py to client_not_composable.cpython-310.pyc
[4.258s] running install_data
[4.259s] creating /home/simon/Documents/ARO/ros2_ws/install/examples_rclpy_minimal_action_client/share/ament_index
[4.259s] creating /home/simon/Documents/ARO/ros2_ws/install/examples_rclpy_minimal_action_client/share/ament_index/resource_index
[4.260s] creating /home/simon/Documents/ARO/ros2_ws/install/examples_rclpy_minimal_action_client/share/ament_index/resource_index/packages
[4.260s] copying resource/examples_rclpy_minimal_action_client -> /home/simon/Documents/ARO/ros2_ws/install/examples_rclpy_minimal_action_client/share/ament_index/resource_index/packages
[4.260s] copying package.xml -> /home/simon/Documents/ARO/ros2_ws/install/examples_rclpy_minimal_action_client/share/examples_rclpy_minimal_action_client
[4.261s] running install_egg_info
[4.261s] Copying ../../../../../build/examples_rclpy_minimal_action_client/examples_rclpy_minimal_action_client.egg-info to /home/simon/Documents/ARO/ros2_ws/install/examples_rclpy_minimal_action_client/lib/python3.10/site-packages/examples_rclpy_minimal_action_client-0.15.1-py3.10.egg-info
[4.261s] running install_scripts
[4.290s] Installing client script to /home/simon/Documents/ARO/ros2_ws/install/examples_rclpy_minimal_action_client/lib/examples_rclpy_minimal_action_client
[4.292s] Installing client_asyncio script to /home/simon/Documents/ARO/ros2_ws/install/examples_rclpy_minimal_action_client/lib/examples_rclpy_minimal_action_client
[4.292s] Installing client_cancel script to /home/simon/Documents/ARO/ros2_ws/install/examples_rclpy_minimal_action_client/lib/examples_rclpy_minimal_action_client
[4.292s] Installing client_not_composable script to /home/simon/Documents/ARO/ros2_ws/install/examples_rclpy_minimal_action_client/lib/examples_rclpy_minimal_action_client
[4.292s] writing list of installed files to '/home/simon/Documents/ARO/ros2_ws/build/examples_rclpy_minimal_action_client/install.log'
[4.526s] Invoked command in '/home/simon/Documents/ARO/ros2_ws/src/ROS2_examples/rclpy/actions/minimal_action_client' returned '0': PYTHONPATH=/home/simon/Documents/ARO/ros2_ws/build/examples_rclpy_minimal_action_client/prefix_override:/home/simon/Documents/ARO/ros2_ws/install/examples_rclpy_minimal_action_client/lib/python3.10/site-packages:${PYTHONPATH} /usr/bin/python3 setup.py egg_info --egg-base ../../../../../build/examples_rclpy_minimal_action_client build --build-base /home/simon/Documents/ARO/ros2_ws/build/examples_rclpy_minimal_action_client/build install --record /home/simon/Documents/ARO/ros2_ws/build/examples_rclpy_minimal_action_client/install.log --single-version-externally-managed
