running egg_info
creating ../../build/trabajo/trabajo.egg-info
writing ../../build/trabajo/trabajo.egg-info/PKG-INFO
writing dependency_links to ../../build/trabajo/trabajo.egg-info/dependency_links.txt
writing entry points to ../../build/trabajo/trabajo.egg-info/entry_points.txt
writing requirements to ../../build/trabajo/trabajo.egg-info/requires.txt
writing top-level names to ../../build/trabajo/trabajo.egg-info/top_level.txt
writing manifest file '../../build/trabajo/trabajo.egg-info/SOURCES.txt'
reading manifest file '../../build/trabajo/trabajo.egg-info/SOURCES.txt'
writing manifest file '../../build/trabajo/trabajo.egg-info/SOURCES.txt'
running build
running build_py
creating /home/simon/Documents/ARO/ros2_ws/build/trabajo/build
creating /home/simon/Documents/ARO/ros2_ws/build/trabajo/build/lib
creating /home/simon/Documents/ARO/ros2_ws/build/trabajo/build/lib/trabajo
copying trabajo/__init__.py -> /home/simon/Documents/ARO/ros2_ws/build/trabajo/build/lib/trabajo
running install
running install_lib
creating /home/simon/Documents/ARO/ros2_ws/install/trabajo/lib/python3.10/site-packages/trabajo
copying /home/simon/Documents/ARO/ros2_ws/build/trabajo/build/lib/trabajo/__init__.py -> /home/simon/Documents/ARO/ros2_ws/install/trabajo/lib/python3.10/site-packages/trabajo
byte-compiling /home/simon/Documents/ARO/ros2_ws/install/trabajo/lib/python3.10/site-packages/trabajo/__init__.py to __init__.cpython-310.pyc
running install_data
creating /home/simon/Documents/ARO/ros2_ws/install/trabajo/share/ament_index
creating /home/simon/Documents/ARO/ros2_ws/install/trabajo/share/ament_index/resource_index
creating /home/simon/Documents/ARO/ros2_ws/install/trabajo/share/ament_index/resource_index/packages
copying resource/trabajo -> /home/simon/Documents/ARO/ros2_ws/install/trabajo/share/ament_index/resource_index/packages
copying package.xml -> /home/simon/Documents/ARO/ros2_ws/install/trabajo/share/trabajo
running install_egg_info
Copying ../../build/trabajo/trabajo.egg-info to /home/simon/Documents/ARO/ros2_ws/install/trabajo/lib/python3.10/site-packages/trabajo-0.0.0-py3.10.egg-info
running install_scripts
writing list of installed files to '/home/simon/Documents/ARO/ros2_ws/build/trabajo/install.log'
