[0.822s] Invoking command in '/home/simon/Documents/ARO/ros2_ws/src/trabajo': PYTHONPATH=/home/simon/Documents/ARO/ros2_ws/build/trabajo/prefix_override:/home/simon/Documents/ARO/ros2_ws/install/trabajo/lib/python3.10/site-packages:${PYTHONPATH} /usr/bin/python3 setup.py egg_info --egg-base ../../build/trabajo build --build-base /home/simon/Documents/ARO/ros2_ws/build/trabajo/build install --record /home/simon/Documents/ARO/ros2_ws/build/trabajo/install.log --single-version-externally-managed
[1.051s] running egg_info
[1.051s] creating ../../build/trabajo/trabajo.egg-info
[1.051s] writing ../../build/trabajo/trabajo.egg-info/PKG-INFO
[1.051s] writing dependency_links to ../../build/trabajo/trabajo.egg-info/dependency_links.txt
[1.052s] writing entry points to ../../build/trabajo/trabajo.egg-info/entry_points.txt
[1.052s] writing requirements to ../../build/trabajo/trabajo.egg-info/requires.txt
[1.052s] writing top-level names to ../../build/trabajo/trabajo.egg-info/top_level.txt
[1.052s] writing manifest file '../../build/trabajo/trabajo.egg-info/SOURCES.txt'
[1.053s] reading manifest file '../../build/trabajo/trabajo.egg-info/SOURCES.txt'
[1.054s] writing manifest file '../../build/trabajo/trabajo.egg-info/SOURCES.txt'
[1.054s] running build
[1.054s] running build_py
[1.054s] creating /home/simon/Documents/ARO/ros2_ws/build/trabajo/build
[1.054s] creating /home/simon/Documents/ARO/ros2_ws/build/trabajo/build/lib
[1.054s] creating /home/simon/Documents/ARO/ros2_ws/build/trabajo/build/lib/trabajo
[1.054s] copying trabajo/__init__.py -> /home/simon/Documents/ARO/ros2_ws/build/trabajo/build/lib/trabajo
[1.055s] running install
[1.055s] running install_lib
[1.055s] creating /home/simon/Documents/ARO/ros2_ws/install/trabajo/lib/python3.10/site-packages/trabajo
[1.055s] copying /home/simon/Documents/ARO/ros2_ws/build/trabajo/build/lib/trabajo/__init__.py -> /home/simon/Documents/ARO/ros2_ws/install/trabajo/lib/python3.10/site-packages/trabajo
[1.056s] byte-compiling /home/simon/Documents/ARO/ros2_ws/install/trabajo/lib/python3.10/site-packages/trabajo/__init__.py to __init__.cpython-310.pyc
[1.056s] running install_data
[1.056s] creating /home/simon/Documents/ARO/ros2_ws/install/trabajo/share/ament_index
[1.056s] creating /home/simon/Documents/ARO/ros2_ws/install/trabajo/share/ament_index/resource_index
[1.056s] creating /home/simon/Documents/ARO/ros2_ws/install/trabajo/share/ament_index/resource_index/packages
[1.056s] copying resource/trabajo -> /home/simon/Documents/ARO/ros2_ws/install/trabajo/share/ament_index/resource_index/packages
[1.057s] copying package.xml -> /home/simon/Documents/ARO/ros2_ws/install/trabajo/share/trabajo
[1.057s] running install_egg_info
[1.058s] Copying ../../build/trabajo/trabajo.egg-info to /home/simon/Documents/ARO/ros2_ws/install/trabajo/lib/python3.10/site-packages/trabajo-0.0.0-py3.10.egg-info
[1.059s] running install_scripts
[1.076s] writing list of installed files to '/home/simon/Documents/ARO/ros2_ws/build/trabajo/install.log'
[1.107s] Invoked command in '/home/simon/Documents/ARO/ros2_ws/src/trabajo' returned '0': PYTHONPATH=/home/simon/Documents/ARO/ros2_ws/build/trabajo/prefix_override:/home/simon/Documents/ARO/ros2_ws/install/trabajo/lib/python3.10/site-packages:${PYTHONPATH} /usr/bin/python3 setup.py egg_info --egg-base ../../build/trabajo build --build-base /home/simon/Documents/ARO/ros2_ws/build/trabajo/build install --record /home/simon/Documents/ARO/ros2_ws/build/trabajo/install.log --single-version-externally-managed
