[1.023s] Invoking command in '/home/simon/Documents/ARO/build/turtlebot3_cartographer': CMAKE_PREFIX_PATH=${CMAKE_PREFIX_PATH}:/home/simon/Documents/ARO/ros2_ws/install/mi_paquete_python:/home/simon/Documents/ARO/ros2_ws/install/launch_testing_examples:/home/simon/Documents/ARO/ros2_ws/install/examples_rclpy_minimal_subscriber:/home/simon/Documents/ARO/ros2_ws/install/examples_rclpy_minimal_service:/home/simon/Documents/ARO/ros2_ws/install/examples_rclpy_minimal_publisher:/home/simon/Documents/ARO/ros2_ws/install/examples_rclpy_minimal_client:/home/simon/Documents/ARO/ros2_ws/install/examples_rclpy_minimal_action_server:/home/simon/Documents/ARO/ros2_ws/install/examples_rclpy_minimal_action_client:/home/simon/Documents/ARO/ros2_ws/src/install/mi_paquete_python:/home/simon/Documents/ARO/ros2_ws/src/install/launch_testing_examples:/home/simon/Documents/ARO/ros2_ws/src/install/examples_rclpy_minimal_subscriber:/home/simon/Documents/ARO/ros2_ws/src/install/examples_rclpy_minimal_service:/home/simon/Documents/ARO/ros2_ws/src/install/examples_rclpy_minimal_publisher:/home/simon/Documents/ARO/ros2_ws/src/install/examples_rclpy_minimal_client:/home/simon/Documents/ARO/ros2_ws/src/install/examples_rclpy_minimal_action_server:/home/simon/Documents/ARO/ros2_ws/src/install/examples_rclpy_minimal_action_client:/home/simon/Documents/ARO/turtlebot3_ws/install/turtlebot3_teleop:/home/simon/Documents/ARO/turtlebot3_ws/install/turtlebot3_example:/opt/ros/humble /usr/bin/cmake /home/simon/Documents/ARO/turtlebot3_ws/src/turtlebot3/turtlebot3/turtlebot3_cartographer -DCMAKE_INSTALL_PREFIX=/home/simon/Documents/ARO/install/turtlebot3_cartographer
[4.255s] -- The C compiler identification is GNU 11.4.0
[4.256s] -- The CXX compiler identification is GNU 11.4.0
[4.256s] -- Detecting C compiler ABI info
[4.256s] -- Detecting C compiler ABI info - done
[4.256s] -- Check for working C compiler: /usr/bin/cc - skipped
[4.256s] -- Detecting C compile features
[4.256s] -- Detecting C compile features - done
[4.256s] -- Detecting CXX compiler ABI info
[4.256s] -- Detecting CXX compiler ABI info - done
[4.256s] -- Check for working CXX compiler: /usr/bin/c++ - skipped
[4.256s] -- Detecting CXX compile features
[4.256s] -- Detecting CXX compile features - done
[4.256s] -- Found ament_cmake: 1.3.5 (/opt/ros/humble/share/ament_cmake/cmake)
[4.256s] -- Found Python3: /usr/bin/python3.10 (found version "3.10.12") found components: Interpreter 
[4.257s] -- Configuring done
[4.257s] -- Generating done
[4.257s] -- Build files have been written to: /home/simon/Documents/ARO/build/turtlebot3_cartographer
[4.276s] Invoked command in '/home/simon/Documents/ARO/build/turtlebot3_cartographer' returned '0': CMAKE_PREFIX_PATH=${CMAKE_PREFIX_PATH}:/home/simon/Documents/ARO/ros2_ws/install/mi_paquete_python:/home/simon/Documents/ARO/ros2_ws/install/launch_testing_examples:/home/simon/Documents/ARO/ros2_ws/install/examples_rclpy_minimal_subscriber:/home/simon/Documents/ARO/ros2_ws/install/examples_rclpy_minimal_service:/home/simon/Documents/ARO/ros2_ws/install/examples_rclpy_minimal_publisher:/home/simon/Documents/ARO/ros2_ws/install/examples_rclpy_minimal_client:/home/simon/Documents/ARO/ros2_ws/install/examples_rclpy_minimal_action_server:/home/simon/Documents/ARO/ros2_ws/install/examples_rclpy_minimal_action_client:/home/simon/Documents/ARO/ros2_ws/src/install/mi_paquete_python:/home/simon/Documents/ARO/ros2_ws/src/install/launch_testing_examples:/home/simon/Documents/ARO/ros2_ws/src/install/examples_rclpy_minimal_subscriber:/home/simon/Documents/ARO/ros2_ws/src/install/examples_rclpy_minimal_service:/home/simon/Documents/ARO/ros2_ws/src/install/examples_rclpy_minimal_publisher:/home/simon/Documents/ARO/ros2_ws/src/install/examples_rclpy_minimal_client:/home/simon/Documents/ARO/ros2_ws/src/install/examples_rclpy_minimal_action_server:/home/simon/Documents/ARO/ros2_ws/src/install/examples_rclpy_minimal_action_client:/home/simon/Documents/ARO/turtlebot3_ws/install/turtlebot3_teleop:/home/simon/Documents/ARO/turtlebot3_ws/install/turtlebot3_example:/opt/ros/humble /usr/bin/cmake /home/simon/Documents/ARO/turtlebot3_ws/src/turtlebot3/turtlebot3/turtlebot3_cartographer -DCMAKE_INSTALL_PREFIX=/home/simon/Documents/ARO/install/turtlebot3_cartographer
[4.276s] Invoking command in '/home/simon/Documents/ARO/build/turtlebot3_cartographer': CMAKE_PREFIX_PATH=${CMAKE_PREFIX_PATH}:/home/simon/Documents/ARO/ros2_ws/install/mi_paquete_python:/home/simon/Documents/ARO/ros2_ws/install/launch_testing_examples:/home/simon/Documents/ARO/ros2_ws/install/examples_rclpy_minimal_subscriber:/home/simon/Documents/ARO/ros2_ws/install/examples_rclpy_minimal_service:/home/simon/Documents/ARO/ros2_ws/install/examples_rclpy_minimal_publisher:/home/simon/Documents/ARO/ros2_ws/install/examples_rclpy_minimal_client:/home/simon/Documents/ARO/ros2_ws/install/examples_rclpy_minimal_action_server:/home/simon/Documents/ARO/ros2_ws/install/examples_rclpy_minimal_action_client:/home/simon/Documents/ARO/ros2_ws/src/install/mi_paquete_python:/home/simon/Documents/ARO/ros2_ws/src/install/launch_testing_examples:/home/simon/Documents/ARO/ros2_ws/src/install/examples_rclpy_minimal_subscriber:/home/simon/Documents/ARO/ros2_ws/src/install/examples_rclpy_minimal_service:/home/simon/Documents/ARO/ros2_ws/src/install/examples_rclpy_minimal_publisher:/home/simon/Documents/ARO/ros2_ws/src/install/examples_rclpy_minimal_client:/home/simon/Documents/ARO/ros2_ws/src/install/examples_rclpy_minimal_action_server:/home/simon/Documents/ARO/ros2_ws/src/install/examples_rclpy_minimal_action_client:/home/simon/Documents/ARO/turtlebot3_ws/install/turtlebot3_teleop:/home/simon/Documents/ARO/turtlebot3_ws/install/turtlebot3_example:/opt/ros/humble /usr/bin/cmake --build /home/simon/Documents/ARO/build/turtlebot3_cartographer -- -j16 -l16
[5.103s] Invoked command in '/home/simon/Documents/ARO/build/turtlebot3_cartographer' returned '0': CMAKE_PREFIX_PATH=${CMAKE_PREFIX_PATH}:/home/simon/Documents/ARO/ros2_ws/install/mi_paquete_python:/home/simon/Documents/ARO/ros2_ws/install/launch_testing_examples:/home/simon/Documents/ARO/ros2_ws/install/examples_rclpy_minimal_subscriber:/home/simon/Documents/ARO/ros2_ws/install/examples_rclpy_minimal_service:/home/simon/Documents/ARO/ros2_ws/install/examples_rclpy_minimal_publisher:/home/simon/Documents/ARO/ros2_ws/install/examples_rclpy_minimal_client:/home/simon/Documents/ARO/ros2_ws/install/examples_rclpy_minimal_action_server:/home/simon/Documents/ARO/ros2_ws/install/examples_rclpy_minimal_action_client:/home/simon/Documents/ARO/ros2_ws/src/install/mi_paquete_python:/home/simon/Documents/ARO/ros2_ws/src/install/launch_testing_examples:/home/simon/Documents/ARO/ros2_ws/src/install/examples_rclpy_minimal_subscriber:/home/simon/Documents/ARO/ros2_ws/src/install/examples_rclpy_minimal_service:/home/simon/Documents/ARO/ros2_ws/src/install/examples_rclpy_minimal_publisher:/home/simon/Documents/ARO/ros2_ws/src/install/examples_rclpy_minimal_client:/home/simon/Documents/ARO/ros2_ws/src/install/examples_rclpy_minimal_action_server:/home/simon/Documents/ARO/ros2_ws/src/install/examples_rclpy_minimal_action_client:/home/simon/Documents/ARO/turtlebot3_ws/install/turtlebot3_teleop:/home/simon/Documents/ARO/turtlebot3_ws/install/turtlebot3_example:/opt/ros/humble /usr/bin/cmake --build /home/simon/Documents/ARO/build/turtlebot3_cartographer -- -j16 -l16
[5.269s] Invoking command in '/home/simon/Documents/ARO/build/turtlebot3_cartographer': CMAKE_PREFIX_PATH=${CMAKE_PREFIX_PATH}:/home/simon/Documents/ARO/ros2_ws/install/mi_paquete_python:/home/simon/Documents/ARO/ros2_ws/install/launch_testing_examples:/home/simon/Documents/ARO/ros2_ws/install/examples_rclpy_minimal_subscriber:/home/simon/Documents/ARO/ros2_ws/install/examples_rclpy_minimal_service:/home/simon/Documents/ARO/ros2_ws/install/examples_rclpy_minimal_publisher:/home/simon/Documents/ARO/ros2_ws/install/examples_rclpy_minimal_client:/home/simon/Documents/ARO/ros2_ws/install/examples_rclpy_minimal_action_server:/home/simon/Documents/ARO/ros2_ws/install/examples_rclpy_minimal_action_client:/home/simon/Documents/ARO/ros2_ws/src/install/mi_paquete_python:/home/simon/Documents/ARO/ros2_ws/src/install/launch_testing_examples:/home/simon/Documents/ARO/ros2_ws/src/install/examples_rclpy_minimal_subscriber:/home/simon/Documents/ARO/ros2_ws/src/install/examples_rclpy_minimal_service:/home/simon/Documents/ARO/ros2_ws/src/install/examples_rclpy_minimal_publisher:/home/simon/Documents/ARO/ros2_ws/src/install/examples_rclpy_minimal_client:/home/simon/Documents/ARO/ros2_ws/src/install/examples_rclpy_minimal_action_server:/home/simon/Documents/ARO/ros2_ws/src/install/examples_rclpy_minimal_action_client:/home/simon/Documents/ARO/turtlebot3_ws/install/turtlebot3_teleop:/home/simon/Documents/ARO/turtlebot3_ws/install/turtlebot3_example:/opt/ros/humble /usr/bin/cmake --install /home/simon/Documents/ARO/build/turtlebot3_cartographer
[5.320s] -- Install configuration: ""
[5.320s] -- Installing: /home/simon/Documents/ARO/install/turtlebot3_cartographer/share/turtlebot3_cartographer/config
[5.320s] -- Installing: /home/simon/Documents/ARO/install/turtlebot3_cartographer/share/turtlebot3_cartographer/config/turtlebot3_lds_2d.lua
[5.320s] -- Installing: /home/simon/Documents/ARO/install/turtlebot3_cartographer/share/turtlebot3_cartographer/launch
[5.320s] -- Installing: /home/simon/Documents/ARO/install/turtlebot3_cartographer/share/turtlebot3_cartographer/launch/occupancy_grid.launch.py
[5.323s] -- Installing: /home/simon/Documents/ARO/install/turtlebot3_cartographer/share/turtlebot3_cartographer/launch/cartographer.launch.py
[5.323s] -- Installing: /home/simon/Documents/ARO/install/turtlebot3_cartographer/share/turtlebot3_cartographer/rviz
[5.323s] -- Installing: /home/simon/Documents/ARO/install/turtlebot3_cartographer/share/turtlebot3_cartographer/rviz/tb3_cartographer.rviz
[5.324s] -- Installing: /home/simon/Documents/ARO/install/turtlebot3_cartographer/share/ament_index/resource_index/package_run_dependencies/turtlebot3_cartographer
[5.324s] -- Installing: /home/simon/Documents/ARO/install/turtlebot3_cartographer/share/ament_index/resource_index/parent_prefix_path/turtlebot3_cartographer
[5.325s] -- Installing: /home/simon/Documents/ARO/install/turtlebot3_cartographer/share/turtlebot3_cartographer/environment/ament_prefix_path.sh
[5.325s] -- Installing: /home/simon/Documents/ARO/install/turtlebot3_cartographer/share/turtlebot3_cartographer/environment/ament_prefix_path.dsv
[5.326s] -- Installing: /home/simon/Documents/ARO/install/turtlebot3_cartographer/share/turtlebot3_cartographer/environment/path.sh
[5.326s] -- Installing: /home/simon/Documents/ARO/install/turtlebot3_cartographer/share/turtlebot3_cartographer/environment/path.dsv
[5.326s] -- Installing: /home/simon/Documents/ARO/install/turtlebot3_cartographer/share/turtlebot3_cartographer/local_setup.bash
[5.327s] -- Installing: /home/simon/Documents/ARO/install/turtlebot3_cartographer/share/turtlebot3_cartographer/local_setup.sh
[5.327s] -- Installing: /home/simon/Documents/ARO/install/turtlebot3_cartographer/share/turtlebot3_cartographer/local_setup.zsh
[5.328s] -- Installing: /home/simon/Documents/ARO/install/turtlebot3_cartographer/share/turtlebot3_cartographer/local_setup.dsv
[5.328s] -- Installing: /home/simon/Documents/ARO/install/turtlebot3_cartographer/share/turtlebot3_cartographer/package.dsv
[5.329s] -- Installing: /home/simon/Documents/ARO/install/turtlebot3_cartographer/share/ament_index/resource_index/packages/turtlebot3_cartographer
[5.329s] -- Installing: /home/simon/Documents/ARO/install/turtlebot3_cartographer/share/turtlebot3_cartographer/cmake/turtlebot3_cartographerConfig.cmake
[5.329s] -- Installing: /home/simon/Documents/ARO/install/turtlebot3_cartographer/share/turtlebot3_cartographer/cmake/turtlebot3_cartographerConfig-version.cmake
[5.331s] -- Installing: /home/simon/Documents/ARO/install/turtlebot3_cartographer/share/turtlebot3_cartographer/package.xml
[5.369s] Invoked command in '/home/simon/Documents/ARO/build/turtlebot3_cartographer' returned '0': CMAKE_PREFIX_PATH=${CMAKE_PREFIX_PATH}:/home/simon/Documents/ARO/ros2_ws/install/mi_paquete_python:/home/simon/Documents/ARO/ros2_ws/install/launch_testing_examples:/home/simon/Documents/ARO/ros2_ws/install/examples_rclpy_minimal_subscriber:/home/simon/Documents/ARO/ros2_ws/install/examples_rclpy_minimal_service:/home/simon/Documents/ARO/ros2_ws/install/examples_rclpy_minimal_publisher:/home/simon/Documents/ARO/ros2_ws/install/examples_rclpy_minimal_client:/home/simon/Documents/ARO/ros2_ws/install/examples_rclpy_minimal_action_server:/home/simon/Documents/ARO/ros2_ws/install/examples_rclpy_minimal_action_client:/home/simon/Documents/ARO/ros2_ws/src/install/mi_paquete_python:/home/simon/Documents/ARO/ros2_ws/src/install/launch_testing_examples:/home/simon/Documents/ARO/ros2_ws/src/install/examples_rclpy_minimal_subscriber:/home/simon/Documents/ARO/ros2_ws/src/install/examples_rclpy_minimal_service:/home/simon/Documents/ARO/ros2_ws/src/install/examples_rclpy_minimal_publisher:/home/simon/Documents/ARO/ros2_ws/src/install/examples_rclpy_minimal_client:/home/simon/Documents/ARO/ros2_ws/src/install/examples_rclpy_minimal_action_server:/home/simon/Documents/ARO/ros2_ws/src/install/examples_rclpy_minimal_action_client:/home/simon/Documents/ARO/turtlebot3_ws/install/turtlebot3_teleop:/home/simon/Documents/ARO/turtlebot3_ws/install/turtlebot3_example:/opt/ros/humble /usr/bin/cmake --install /home/simon/Documents/ARO/build/turtlebot3_cartographer
