[0.087s] Invoking command in '/home/simon/Documents/ARO/ros2_ws/build/tutorial_interfaces': CMAKE_PREFIX_PATH=${CMAKE_PREFIX_PATH}:/home/simon/Documents/ARO/ros2_ws/install/mi_paquete_python:/home/simon/Documents/ARO/ros2_ws/install/launch_testing_examples:/home/simon/Documents/ARO/ros2_ws/install/examples_rclpy_minimal_subscriber:/home/simon/Documents/ARO/ros2_ws/install/examples_rclpy_minimal_service:/home/simon/Documents/ARO/ros2_ws/install/examples_rclpy_minimal_publisher:/home/simon/Documents/ARO/ros2_ws/install/examples_rclpy_minimal_client:/home/simon/Documents/ARO/ros2_ws/install/examples_rclpy_minimal_action_server:/home/simon/Documents/ARO/ros2_ws/install/examples_rclpy_minimal_action_client:/home/simon/Documents/ARO/ros2_ws/src/install/mi_paquete_python:/home/simon/Documents/ARO/ros2_ws/src/install/launch_testing_examples:/home/simon/Documents/ARO/ros2_ws/src/install/examples_rclpy_minimal_subscriber:/home/simon/Documents/ARO/ros2_ws/src/install/examples_rclpy_minimal_service:/home/simon/Documents/ARO/ros2_ws/src/install/examples_rclpy_minimal_publisher:/home/simon/Documents/ARO/ros2_ws/src/install/examples_rclpy_minimal_client:/home/simon/Documents/ARO/ros2_ws/src/install/examples_rclpy_minimal_action_server:/home/simon/Documents/ARO/ros2_ws/src/install/examples_rclpy_minimal_action_client:/home/simon/Documents/ARO/turtlebot3_ws/install/turtlebot3_teleop:/home/simon/Documents/ARO/turtlebot3_ws/install/turtlebot3_example:/opt/ros/humble /usr/bin/cmake --build /home/simon/Documents/ARO/ros2_ws/build/tutorial_interfaces -- -j16 -l16
[0.141s] [35m[1mConsolidate compiler generated dependencies of target tutorial_interfaces__rosidl_generator_c[0m
[0.151s] [  1%] Built target tutorial_interfaces__cpp
[0.158s] [ 12%] Built target tutorial_interfaces__rosidl_generator_c
[0.163s] [ 12%] Built target ament_cmake_python_copy_tutorial_interfaces
[0.164s] [35m[1mConsolidate compiler generated dependencies of target tutorial_interfaces__rosidl_typesupport_cpp[0m
[0.164s] [35m[1mConsolidate compiler generated dependencies of target tutorial_interfaces__rosidl_typesupport_introspection_cpp[0m
[0.164s] [35m[1mConsolidate compiler generated dependencies of target tutorial_interfaces__rosidl_typesupport_fastrtps_cpp[0m
[0.171s] [35m[1mConsolidate compiler generated dependencies of target tutorial_interfaces__rosidl_typesupport_c[0m
[0.172s] [35m[1mConsolidate compiler generated dependencies of target tutorial_interfaces__rosidl_typesupport_introspection_c[0m
[0.172s] [35m[1mConsolidate compiler generated dependencies of target tutorial_interfaces__rosidl_typesupport_fastrtps_c[0m
[0.186s] [ 34%] Built target tutorial_interfaces__rosidl_typesupport_cpp
[0.186s] [ 34%] Built target tutorial_interfaces__rosidl_typesupport_introspection_cpp
[0.188s] [ 52%] Built target tutorial_interfaces__rosidl_typesupport_fastrtps_cpp
[0.188s] [ 67%] Built target tutorial_interfaces__rosidl_typesupport_introspection_c
[0.188s] [ 67%] Built target tutorial_interfaces__rosidl_typesupport_c
[0.194s] [ 78%] Built target tutorial_interfaces__rosidl_typesupport_fastrtps_c
[0.219s] [ 78%] Built target tutorial_interfaces
[0.245s] [ 80%] Built target tutorial_interfaces__py
[0.257s] [35m[1mConsolidate compiler generated dependencies of target tutorial_interfaces__rosidl_generator_py[0m
[0.278s] [ 89%] Built target tutorial_interfaces__rosidl_generator_py
[0.292s] [35m[1mConsolidate compiler generated dependencies of target tutorial_interfaces__rosidl_typesupport_fastrtps_c__pyext[0m
[0.293s] [35m[1mConsolidate compiler generated dependencies of target tutorial_interfaces__rosidl_typesupport_c__pyext[0m
[0.294s] [35m[1mConsolidate compiler generated dependencies of target tutorial_interfaces__rosidl_typesupport_introspection_c__pyext[0m
[0.310s] [ 96%] Built target tutorial_interfaces__rosidl_typesupport_fastrtps_c__pyext
[0.310s] [ 96%] Built target tutorial_interfaces__rosidl_typesupport_c__pyext
[0.313s] [100%] Built target tutorial_interfaces__rosidl_typesupport_introspection_c__pyext
[0.414s] running egg_info
[0.414s] writing tutorial_interfaces.egg-info/PKG-INFO
[0.415s] writing dependency_links to tutorial_interfaces.egg-info/dependency_links.txt
[0.415s] writing top-level names to tutorial_interfaces.egg-info/top_level.txt
[0.416s] reading manifest file 'tutorial_interfaces.egg-info/SOURCES.txt'
[0.417s] writing manifest file 'tutorial_interfaces.egg-info/SOURCES.txt'
[0.448s] [100%] Built target ament_cmake_python_build_tutorial_interfaces_egg
[0.462s] Invoked command in '/home/simon/Documents/ARO/ros2_ws/build/tutorial_interfaces' returned '0': CMAKE_PREFIX_PATH=${CMAKE_PREFIX_PATH}:/home/simon/Documents/ARO/ros2_ws/install/mi_paquete_python:/home/simon/Documents/ARO/ros2_ws/install/launch_testing_examples:/home/simon/Documents/ARO/ros2_ws/install/examples_rclpy_minimal_subscriber:/home/simon/Documents/ARO/ros2_ws/install/examples_rclpy_minimal_service:/home/simon/Documents/ARO/ros2_ws/install/examples_rclpy_minimal_publisher:/home/simon/Documents/ARO/ros2_ws/install/examples_rclpy_minimal_client:/home/simon/Documents/ARO/ros2_ws/install/examples_rclpy_minimal_action_server:/home/simon/Documents/ARO/ros2_ws/install/examples_rclpy_minimal_action_client:/home/simon/Documents/ARO/ros2_ws/src/install/mi_paquete_python:/home/simon/Documents/ARO/ros2_ws/src/install/launch_testing_examples:/home/simon/Documents/ARO/ros2_ws/src/install/examples_rclpy_minimal_subscriber:/home/simon/Documents/ARO/ros2_ws/src/install/examples_rclpy_minimal_service:/home/simon/Documents/ARO/ros2_ws/src/install/examples_rclpy_minimal_publisher:/home/simon/Documents/ARO/ros2_ws/src/install/examples_rclpy_minimal_client:/home/simon/Documents/ARO/ros2_ws/src/install/examples_rclpy_minimal_action_server:/home/simon/Documents/ARO/ros2_ws/src/install/examples_rclpy_minimal_action_client:/home/simon/Documents/ARO/turtlebot3_ws/install/turtlebot3_teleop:/home/simon/Documents/ARO/turtlebot3_ws/install/turtlebot3_example:/opt/ros/humble /usr/bin/cmake --build /home/simon/Documents/ARO/ros2_ws/build/tutorial_interfaces -- -j16 -l16
[0.707s] Invoking command in '/home/simon/Documents/ARO/ros2_ws/build/tutorial_interfaces': CMAKE_PREFIX_PATH=${CMAKE_PREFIX_PATH}:/home/simon/Documents/ARO/ros2_ws/install/mi_paquete_python:/home/simon/Documents/ARO/ros2_ws/install/launch_testing_examples:/home/simon/Documents/ARO/ros2_ws/install/examples_rclpy_minimal_subscriber:/home/simon/Documents/ARO/ros2_ws/install/examples_rclpy_minimal_service:/home/simon/Documents/ARO/ros2_ws/install/examples_rclpy_minimal_publisher:/home/simon/Documents/ARO/ros2_ws/install/examples_rclpy_minimal_client:/home/simon/Documents/ARO/ros2_ws/install/examples_rclpy_minimal_action_server:/home/simon/Documents/ARO/ros2_ws/install/examples_rclpy_minimal_action_client:/home/simon/Documents/ARO/ros2_ws/src/install/mi_paquete_python:/home/simon/Documents/ARO/ros2_ws/src/install/launch_testing_examples:/home/simon/Documents/ARO/ros2_ws/src/install/examples_rclpy_minimal_subscriber:/home/simon/Documents/ARO/ros2_ws/src/install/examples_rclpy_minimal_service:/home/simon/Documents/ARO/ros2_ws/src/install/examples_rclpy_minimal_publisher:/home/simon/Documents/ARO/ros2_ws/src/install/examples_rclpy_minimal_client:/home/simon/Documents/ARO/ros2_ws/src/install/examples_rclpy_minimal_action_server:/home/simon/Documents/ARO/ros2_ws/src/install/examples_rclpy_minimal_action_client:/home/simon/Documents/ARO/turtlebot3_ws/install/turtlebot3_teleop:/home/simon/Documents/ARO/turtlebot3_ws/install/turtlebot3_example:/opt/ros/humble /usr/bin/cmake --install /home/simon/Documents/ARO/ros2_ws/build/tutorial_interfaces
[0.715s] -- Install configuration: ""
[0.715s] -- Up-to-date: /home/simon/Documents/ARO/ros2_ws/install/tutorial_interfaces/share/ament_index/resource_index/rosidl_interfaces/tutorial_interfaces
[0.715s] -- Up-to-date: /home/simon/Documents/ARO/ros2_ws/install/tutorial_interfaces/include/tutorial_interfaces/tutorial_interfaces
[0.715s] -- Up-to-date: /home/simon/Documents/ARO/ros2_ws/install/tutorial_interfaces/include/tutorial_interfaces/tutorial_interfaces/action
[0.715s] -- Up-to-date: /home/simon/Documents/ARO/ros2_ws/install/tutorial_interfaces/include/tutorial_interfaces/tutorial_interfaces/action/compute_sum.h
[0.716s] -- Up-to-date: /home/simon/Documents/ARO/ros2_ws/install/tutorial_interfaces/include/tutorial_interfaces/tutorial_interfaces/action/detail
[0.716s] -- Up-to-date: /home/simon/Documents/ARO/ros2_ws/install/tutorial_interfaces/include/tutorial_interfaces/tutorial_interfaces/action/detail/compute_sum__struct.h
[0.716s] -- Up-to-date: /home/simon/Documents/ARO/ros2_ws/install/tutorial_interfaces/include/tutorial_interfaces/tutorial_interfaces/action/detail/compute_sum__functions.c
[0.716s] -- Up-to-date: /home/simon/Documents/ARO/ros2_ws/install/tutorial_interfaces/include/tutorial_interfaces/tutorial_interfaces/action/detail/compute_sum__functions.h
[0.716s] -- Up-to-date: /home/simon/Documents/ARO/ros2_ws/install/tutorial_interfaces/include/tutorial_interfaces/tutorial_interfaces/action/detail/compute_sum__type_support.h
[0.716s] -- Up-to-date: /home/simon/Documents/ARO/ros2_ws/install/tutorial_interfaces/include/tutorial_interfaces/tutorial_interfaces/srv
[0.716s] -- Up-to-date: /home/simon/Documents/ARO/ros2_ws/install/tutorial_interfaces/include/tutorial_interfaces/tutorial_interfaces/srv/add_three_ints.h
[0.716s] -- Up-to-date: /home/simon/Documents/ARO/ros2_ws/install/tutorial_interfaces/include/tutorial_interfaces/tutorial_interfaces/srv/detail
[0.716s] -- Up-to-date: /home/simon/Documents/ARO/ros2_ws/install/tutorial_interfaces/include/tutorial_interfaces/tutorial_interfaces/srv/detail/add_three_ints__type_support.h
[0.716s] -- Up-to-date: /home/simon/Documents/ARO/ros2_ws/install/tutorial_interfaces/include/tutorial_interfaces/tutorial_interfaces/srv/detail/add_three_ints__functions.h
[0.716s] -- Up-to-date: /home/simon/Documents/ARO/ros2_ws/install/tutorial_interfaces/include/tutorial_interfaces/tutorial_interfaces/srv/detail/add_three_ints__functions.c
[0.716s] -- Up-to-date: /home/simon/Documents/ARO/ros2_ws/install/tutorial_interfaces/include/tutorial_interfaces/tutorial_interfaces/srv/detail/add_three_ints__struct.h
[0.716s] -- Up-to-date: /home/simon/Documents/ARO/ros2_ws/install/tutorial_interfaces/include/tutorial_interfaces/tutorial_interfaces/msg
[0.716s] -- Up-to-date: /home/simon/Documents/ARO/ros2_ws/install/tutorial_interfaces/include/tutorial_interfaces/tutorial_interfaces/msg/num.h
[0.716s] -- Up-to-date: /home/simon/Documents/ARO/ros2_ws/install/tutorial_interfaces/include/tutorial_interfaces/tutorial_interfaces/msg/sphere.h
[0.716s] -- Up-to-date: /home/simon/Documents/ARO/ros2_ws/install/tutorial_interfaces/include/tutorial_interfaces/tutorial_interfaces/msg/detail
[0.716s] -- Up-to-date: /home/simon/Documents/ARO/ros2_ws/install/tutorial_interfaces/include/tutorial_interfaces/tutorial_interfaces/msg/detail/sphere__functions.c
[0.716s] -- Up-to-date: /home/simon/Documents/ARO/ros2_ws/install/tutorial_interfaces/include/tutorial_interfaces/tutorial_interfaces/msg/detail/num__struct.h
[0.716s] -- Up-to-date: /home/simon/Documents/ARO/ros2_ws/install/tutorial_interfaces/include/tutorial_interfaces/tutorial_interfaces/msg/detail/num__functions.h
[0.717s] -- Up-to-date: /home/simon/Documents/ARO/ros2_ws/install/tutorial_interfaces/include/tutorial_interfaces/tutorial_interfaces/msg/detail/sphere__functions.h
[0.717s] -- Up-to-date: /home/simon/Documents/ARO/ros2_ws/install/tutorial_interfaces/include/tutorial_interfaces/tutorial_interfaces/msg/detail/sphere__type_support.h
[0.717s] -- Up-to-date: /home/simon/Documents/ARO/ros2_ws/install/tutorial_interfaces/include/tutorial_interfaces/tutorial_interfaces/msg/detail/num__functions.c
[0.717s] -- Up-to-date: /home/simon/Documents/ARO/ros2_ws/install/tutorial_interfaces/include/tutorial_interfaces/tutorial_interfaces/msg/detail/num__type_support.h
[0.717s] -- Up-to-date: /home/simon/Documents/ARO/ros2_ws/install/tutorial_interfaces/include/tutorial_interfaces/tutorial_interfaces/msg/detail/sphere__struct.h
[0.717s] -- Up-to-date: /home/simon/Documents/ARO/ros2_ws/install/tutorial_interfaces/include/tutorial_interfaces/tutorial_interfaces/msg/rosidl_generator_c__visibility_control.h
[0.717s] -- Up-to-date: /home/simon/Documents/ARO/ros2_ws/install/tutorial_interfaces/share/tutorial_interfaces/environment/library_path.sh
[0.717s] -- Up-to-date: /home/simon/Documents/ARO/ros2_ws/install/tutorial_interfaces/share/tutorial_interfaces/environment/library_path.dsv
[0.717s] -- Up-to-date: /home/simon/Documents/ARO/ros2_ws/install/tutorial_interfaces/lib/libtutorial_interfaces__rosidl_generator_c.so
[0.717s] -- Up-to-date: /home/simon/Documents/ARO/ros2_ws/install/tutorial_interfaces/include/tutorial_interfaces/tutorial_interfaces
[0.717s] -- Up-to-date: /home/simon/Documents/ARO/ros2_ws/install/tutorial_interfaces/include/tutorial_interfaces/tutorial_interfaces/action
[0.717s] -- Up-to-date: /home/simon/Documents/ARO/ros2_ws/install/tutorial_interfaces/include/tutorial_interfaces/tutorial_interfaces/action/detail
[0.717s] -- Up-to-date: /home/simon/Documents/ARO/ros2_ws/install/tutorial_interfaces/include/tutorial_interfaces/tutorial_interfaces/action/detail/compute_sum__rosidl_typesupport_fastrtps_c.h
[0.717s] -- Up-to-date: /home/simon/Documents/ARO/ros2_ws/install/tutorial_interfaces/include/tutorial_interfaces/tutorial_interfaces/srv
[0.717s] -- Up-to-date: /home/simon/Documents/ARO/ros2_ws/install/tutorial_interfaces/include/tutorial_interfaces/tutorial_interfaces/srv/detail
[0.717s] -- Up-to-date: /home/simon/Documents/ARO/ros2_ws/install/tutorial_interfaces/include/tutorial_interfaces/tutorial_interfaces/srv/detail/add_three_ints__rosidl_typesupport_fastrtps_c.h
[0.718s] -- Up-to-date: /home/simon/Documents/ARO/ros2_ws/install/tutorial_interfaces/include/tutorial_interfaces/tutorial_interfaces/msg
[0.718s] -- Up-to-date: /home/simon/Documents/ARO/ros2_ws/install/tutorial_interfaces/include/tutorial_interfaces/tutorial_interfaces/msg/detail
[0.718s] -- Up-to-date: /home/simon/Documents/ARO/ros2_ws/install/tutorial_interfaces/include/tutorial_interfaces/tutorial_interfaces/msg/detail/num__rosidl_typesupport_fastrtps_c.h
[0.718s] -- Up-to-date: /home/simon/Documents/ARO/ros2_ws/install/tutorial_interfaces/include/tutorial_interfaces/tutorial_interfaces/msg/detail/sphere__rosidl_typesupport_fastrtps_c.h
[0.718s] -- Up-to-date: /home/simon/Documents/ARO/ros2_ws/install/tutorial_interfaces/include/tutorial_interfaces/tutorial_interfaces/msg/rosidl_typesupport_fastrtps_c__visibility_control.h
[0.718s] -- Up-to-date: /home/simon/Documents/ARO/ros2_ws/install/tutorial_interfaces/lib/libtutorial_interfaces__rosidl_typesupport_fastrtps_c.so
[0.718s] -- Up-to-date: /home/simon/Documents/ARO/ros2_ws/install/tutorial_interfaces/include/tutorial_interfaces/tutorial_interfaces
[0.718s] -- Up-to-date: /home/simon/Documents/ARO/ros2_ws/install/tutorial_interfaces/include/tutorial_interfaces/tutorial_interfaces/action
[0.718s] -- Up-to-date: /home/simon/Documents/ARO/ros2_ws/install/tutorial_interfaces/include/tutorial_interfaces/tutorial_interfaces/action/detail
[0.718s] -- Up-to-date: /home/simon/Documents/ARO/ros2_ws/install/tutorial_interfaces/include/tutorial_interfaces/tutorial_interfaces/action/detail/compute_sum__type_support.c
[0.718s] -- Up-to-date: /home/simon/Documents/ARO/ros2_ws/install/tutorial_interfaces/include/tutorial_interfaces/tutorial_interfaces/action/detail/compute_sum__rosidl_typesupport_introspection_c.h
[0.718s] -- Up-to-date: /home/simon/Documents/ARO/ros2_ws/install/tutorial_interfaces/include/tutorial_interfaces/tutorial_interfaces/srv
[0.718s] -- Up-to-date: /home/simon/Documents/ARO/ros2_ws/install/tutorial_interfaces/include/tutorial_interfaces/tutorial_interfaces/srv/detail
[0.718s] -- Up-to-date: /home/simon/Documents/ARO/ros2_ws/install/tutorial_interfaces/include/tutorial_interfaces/tutorial_interfaces/srv/detail/add_three_ints__type_support.c
[0.718s] -- Up-to-date: /home/simon/Documents/ARO/ros2_ws/install/tutorial_interfaces/include/tutorial_interfaces/tutorial_interfaces/srv/detail/add_three_ints__rosidl_typesupport_introspection_c.h
[0.718s] -- Up-to-date: /home/simon/Documents/ARO/ros2_ws/install/tutorial_interfaces/include/tutorial_interfaces/tutorial_interfaces/msg
[0.718s] -- Up-to-date: /home/simon/Documents/ARO/ros2_ws/install/tutorial_interfaces/include/tutorial_interfaces/tutorial_interfaces/msg/detail
[0.719s] -- Up-to-date: /home/simon/Documents/ARO/ros2_ws/install/tutorial_interfaces/include/tutorial_interfaces/tutorial_interfaces/msg/detail/num__type_support.c
[0.719s] -- Up-to-date: /home/simon/Documents/ARO/ros2_ws/install/tutorial_interfaces/include/tutorial_interfaces/tutorial_interfaces/msg/detail/sphere__type_support.c
[0.719s] -- Up-to-date: /home/simon/Documents/ARO/ros2_ws/install/tutorial_interfaces/include/tutorial_interfaces/tutorial_interfaces/msg/detail/num__rosidl_typesupport_introspection_c.h
[0.719s] -- Up-to-date: /home/simon/Documents/ARO/ros2_ws/install/tutorial_interfaces/include/tutorial_interfaces/tutorial_interfaces/msg/detail/sphere__rosidl_typesupport_introspection_c.h
[0.719s] -- Up-to-date: /home/simon/Documents/ARO/ros2_ws/install/tutorial_interfaces/include/tutorial_interfaces/tutorial_interfaces/msg/rosidl_typesupport_introspection_c__visibility_control.h
[0.719s] -- Up-to-date: /home/simon/Documents/ARO/ros2_ws/install/tutorial_interfaces/lib/libtutorial_interfaces__rosidl_typesupport_introspection_c.so
[0.719s] -- Up-to-date: /home/simon/Documents/ARO/ros2_ws/install/tutorial_interfaces/lib/libtutorial_interfaces__rosidl_typesupport_c.so
[0.719s] -- Up-to-date: /home/simon/Documents/ARO/ros2_ws/install/tutorial_interfaces/include/tutorial_interfaces/tutorial_interfaces
[0.719s] -- Up-to-date: /home/simon/Documents/ARO/ros2_ws/install/tutorial_interfaces/include/tutorial_interfaces/tutorial_interfaces/action
[0.719s] -- Up-to-date: /home/simon/Documents/ARO/ros2_ws/install/tutorial_interfaces/include/tutorial_interfaces/tutorial_interfaces/action/compute_sum.hpp
[0.719s] -- Up-to-date: /home/simon/Documents/ARO/ros2_ws/install/tutorial_interfaces/include/tutorial_interfaces/tutorial_interfaces/action/detail
[0.719s] -- Up-to-date: /home/simon/Documents/ARO/ros2_ws/install/tutorial_interfaces/include/tutorial_interfaces/tutorial_interfaces/action/detail/compute_sum__builder.hpp
[0.719s] -- Up-to-date: /home/simon/Documents/ARO/ros2_ws/install/tutorial_interfaces/include/tutorial_interfaces/tutorial_interfaces/action/detail/compute_sum__traits.hpp
[0.719s] -- Up-to-date: /home/simon/Documents/ARO/ros2_ws/install/tutorial_interfaces/include/tutorial_interfaces/tutorial_interfaces/action/detail/compute_sum__struct.hpp
[0.719s] -- Up-to-date: /home/simon/Documents/ARO/ros2_ws/install/tutorial_interfaces/include/tutorial_interfaces/tutorial_interfaces/srv
[0.719s] -- Up-to-date: /home/simon/Documents/ARO/ros2_ws/install/tutorial_interfaces/include/tutorial_interfaces/tutorial_interfaces/srv/add_three_ints.hpp
[0.719s] -- Up-to-date: /home/simon/Documents/ARO/ros2_ws/install/tutorial_interfaces/include/tutorial_interfaces/tutorial_interfaces/srv/detail
[0.720s] -- Up-to-date: /home/simon/Documents/ARO/ros2_ws/install/tutorial_interfaces/include/tutorial_interfaces/tutorial_interfaces/srv/detail/add_three_ints__builder.hpp
[0.720s] -- Up-to-date: /home/simon/Documents/ARO/ros2_ws/install/tutorial_interfaces/include/tutorial_interfaces/tutorial_interfaces/srv/detail/add_three_ints__struct.hpp
[0.720s] -- Up-to-date: /home/simon/Documents/ARO/ros2_ws/install/tutorial_interfaces/include/tutorial_interfaces/tutorial_interfaces/srv/detail/add_three_ints__traits.hpp
[0.720s] -- Up-to-date: /home/simon/Documents/ARO/ros2_ws/install/tutorial_interfaces/include/tutorial_interfaces/tutorial_interfaces/msg
[0.720s] -- Up-to-date: /home/simon/Documents/ARO/ros2_ws/install/tutorial_interfaces/include/tutorial_interfaces/tutorial_interfaces/msg/sphere.hpp
[0.720s] -- Up-to-date: /home/simon/Documents/ARO/ros2_ws/install/tutorial_interfaces/include/tutorial_interfaces/tutorial_interfaces/msg/detail
[0.720s] -- Up-to-date: /home/simon/Documents/ARO/ros2_ws/install/tutorial_interfaces/include/tutorial_interfaces/tutorial_interfaces/msg/detail/num__struct.hpp
[0.720s] -- Up-to-date: /home/simon/Documents/ARO/ros2_ws/install/tutorial_interfaces/include/tutorial_interfaces/tutorial_interfaces/msg/detail/sphere__struct.hpp
[0.720s] -- Up-to-date: /home/simon/Documents/ARO/ros2_ws/install/tutorial_interfaces/include/tutorial_interfaces/tutorial_interfaces/msg/detail/num__builder.hpp
[0.720s] -- Up-to-date: /home/simon/Documents/ARO/ros2_ws/install/tutorial_interfaces/include/tutorial_interfaces/tutorial_interfaces/msg/detail/num__traits.hpp
[0.720s] -- Up-to-date: /home/simon/Documents/ARO/ros2_ws/install/tutorial_interfaces/include/tutorial_interfaces/tutorial_interfaces/msg/detail/sphere__traits.hpp
[0.720s] -- Up-to-date: /home/simon/Documents/ARO/ros2_ws/install/tutorial_interfaces/include/tutorial_interfaces/tutorial_interfaces/msg/detail/sphere__builder.hpp
[0.720s] -- Up-to-date: /home/simon/Documents/ARO/ros2_ws/install/tutorial_interfaces/include/tutorial_interfaces/tutorial_interfaces/msg/num.hpp
[0.720s] -- Up-to-date: /home/simon/Documents/ARO/ros2_ws/install/tutorial_interfaces/include/tutorial_interfaces/tutorial_interfaces
[0.720s] -- Up-to-date: /home/simon/Documents/ARO/ros2_ws/install/tutorial_interfaces/include/tutorial_interfaces/tutorial_interfaces/action
[0.720s] -- Up-to-date: /home/simon/Documents/ARO/ros2_ws/install/tutorial_interfaces/include/tutorial_interfaces/tutorial_interfaces/action/detail
[0.720s] -- Up-to-date: /home/simon/Documents/ARO/ros2_ws/install/tutorial_interfaces/include/tutorial_interfaces/tutorial_interfaces/action/detail/compute_sum__rosidl_typesupport_fastrtps_cpp.hpp
[0.721s] -- Up-to-date: /home/simon/Documents/ARO/ros2_ws/install/tutorial_interfaces/include/tutorial_interfaces/tutorial_interfaces/action/detail/dds_fastrtps
[0.721s] -- Up-to-date: /home/simon/Documents/ARO/ros2_ws/install/tutorial_interfaces/include/tutorial_interfaces/tutorial_interfaces/srv
[0.721s] -- Up-to-date: /home/simon/Documents/ARO/ros2_ws/install/tutorial_interfaces/include/tutorial_interfaces/tutorial_interfaces/srv/detail
[0.721s] -- Up-to-date: /home/simon/Documents/ARO/ros2_ws/install/tutorial_interfaces/include/tutorial_interfaces/tutorial_interfaces/srv/detail/dds_fastrtps
[0.721s] -- Up-to-date: /home/simon/Documents/ARO/ros2_ws/install/tutorial_interfaces/include/tutorial_interfaces/tutorial_interfaces/srv/detail/add_three_ints__rosidl_typesupport_fastrtps_cpp.hpp
[0.721s] -- Up-to-date: /home/simon/Documents/ARO/ros2_ws/install/tutorial_interfaces/include/tutorial_interfaces/tutorial_interfaces/msg
[0.721s] -- Up-to-date: /home/simon/Documents/ARO/ros2_ws/install/tutorial_interfaces/include/tutorial_interfaces/tutorial_interfaces/msg/rosidl_typesupport_fastrtps_cpp__visibility_control.h
[0.721s] -- Up-to-date: /home/simon/Documents/ARO/ros2_ws/install/tutorial_interfaces/include/tutorial_interfaces/tutorial_interfaces/msg/detail
[0.721s] -- Up-to-date: /home/simon/Documents/ARO/ros2_ws/install/tutorial_interfaces/include/tutorial_interfaces/tutorial_interfaces/msg/detail/dds_fastrtps
[0.721s] -- Up-to-date: /home/simon/Documents/ARO/ros2_ws/install/tutorial_interfaces/include/tutorial_interfaces/tutorial_interfaces/msg/detail/num__rosidl_typesupport_fastrtps_cpp.hpp
[0.721s] -- Up-to-date: /home/simon/Documents/ARO/ros2_ws/install/tutorial_interfaces/include/tutorial_interfaces/tutorial_interfaces/msg/detail/sphere__rosidl_typesupport_fastrtps_cpp.hpp
[0.721s] -- Up-to-date: /home/simon/Documents/ARO/ros2_ws/install/tutorial_interfaces/lib/libtutorial_interfaces__rosidl_typesupport_fastrtps_cpp.so
[0.721s] -- Up-to-date: /home/simon/Documents/ARO/ros2_ws/install/tutorial_interfaces/include/tutorial_interfaces/tutorial_interfaces
[0.721s] -- Up-to-date: /home/simon/Documents/ARO/ros2_ws/install/tutorial_interfaces/include/tutorial_interfaces/tutorial_interfaces/action
[0.721s] -- Up-to-date: /home/simon/Documents/ARO/ros2_ws/install/tutorial_interfaces/include/tutorial_interfaces/tutorial_interfaces/action/detail
[0.722s] -- Up-to-date: /home/simon/Documents/ARO/ros2_ws/install/tutorial_interfaces/include/tutorial_interfaces/tutorial_interfaces/action/detail/compute_sum__type_support.cpp
[0.722s] -- Up-to-date: /home/simon/Documents/ARO/ros2_ws/install/tutorial_interfaces/include/tutorial_interfaces/tutorial_interfaces/action/detail/compute_sum__rosidl_typesupport_introspection_cpp.hpp
[0.722s] -- Up-to-date: /home/simon/Documents/ARO/ros2_ws/install/tutorial_interfaces/include/tutorial_interfaces/tutorial_interfaces/srv
[0.722s] -- Up-to-date: /home/simon/Documents/ARO/ros2_ws/install/tutorial_interfaces/include/tutorial_interfaces/tutorial_interfaces/srv/detail
[0.722s] -- Up-to-date: /home/simon/Documents/ARO/ros2_ws/install/tutorial_interfaces/include/tutorial_interfaces/tutorial_interfaces/srv/detail/add_three_ints__type_support.cpp
[0.722s] -- Up-to-date: /home/simon/Documents/ARO/ros2_ws/install/tutorial_interfaces/include/tutorial_interfaces/tutorial_interfaces/srv/detail/add_three_ints__rosidl_typesupport_introspection_cpp.hpp
[0.722s] -- Up-to-date: /home/simon/Documents/ARO/ros2_ws/install/tutorial_interfaces/include/tutorial_interfaces/tutorial_interfaces/msg
[0.722s] -- Up-to-date: /home/simon/Documents/ARO/ros2_ws/install/tutorial_interfaces/include/tutorial_interfaces/tutorial_interfaces/msg/detail
[0.722s] -- Up-to-date: /home/simon/Documents/ARO/ros2_ws/install/tutorial_interfaces/include/tutorial_interfaces/tutorial_interfaces/msg/detail/num__rosidl_typesupport_introspection_cpp.hpp
[0.722s] -- Up-to-date: /home/simon/Documents/ARO/ros2_ws/install/tutorial_interfaces/include/tutorial_interfaces/tutorial_interfaces/msg/detail/num__type_support.cpp
[0.722s] -- Up-to-date: /home/simon/Documents/ARO/ros2_ws/install/tutorial_interfaces/include/tutorial_interfaces/tutorial_interfaces/msg/detail/sphere__type_support.cpp
[0.722s] -- Up-to-date: /home/simon/Documents/ARO/ros2_ws/install/tutorial_interfaces/include/tutorial_interfaces/tutorial_interfaces/msg/detail/sphere__rosidl_typesupport_introspection_cpp.hpp
[0.722s] -- Up-to-date: /home/simon/Documents/ARO/ros2_ws/install/tutorial_interfaces/lib/libtutorial_interfaces__rosidl_typesupport_introspection_cpp.so
[0.722s] -- Up-to-date: /home/simon/Documents/ARO/ros2_ws/install/tutorial_interfaces/lib/libtutorial_interfaces__rosidl_typesupport_cpp.so
[0.722s] -- Up-to-date: /home/simon/Documents/ARO/ros2_ws/install/tutorial_interfaces/share/tutorial_interfaces/environment/pythonpath.sh
[0.722s] -- Up-to-date: /home/simon/Documents/ARO/ros2_ws/install/tutorial_interfaces/share/tutorial_interfaces/environment/pythonpath.dsv
[0.722s] -- Up-to-date: /home/simon/Documents/ARO/ros2_ws/install/tutorial_interfaces/local/lib/python3.10/dist-packages/tutorial_interfaces-0.0.0-py3.10.egg-info
[0.722s] -- Installing: /home/simon/Documents/ARO/ros2_ws/install/tutorial_interfaces/local/lib/python3.10/dist-packages/tutorial_interfaces-0.0.0-py3.10.egg-info/dependency_links.txt
[0.722s] -- Installing: /home/simon/Documents/ARO/ros2_ws/install/tutorial_interfaces/local/lib/python3.10/dist-packages/tutorial_interfaces-0.0.0-py3.10.egg-info/PKG-INFO
[0.722s] -- Installing: /home/simon/Documents/ARO/ros2_ws/install/tutorial_interfaces/local/lib/python3.10/dist-packages/tutorial_interfaces-0.0.0-py3.10.egg-info/top_level.txt
[0.723s] -- Installing: /home/simon/Documents/ARO/ros2_ws/install/tutorial_interfaces/local/lib/python3.10/dist-packages/tutorial_interfaces-0.0.0-py3.10.egg-info/SOURCES.txt
[0.723s] -- Up-to-date: /home/simon/Documents/ARO/ros2_ws/install/tutorial_interfaces/local/lib/python3.10/dist-packages/tutorial_interfaces
[0.723s] -- Up-to-date: /home/simon/Documents/ARO/ros2_ws/install/tutorial_interfaces/local/lib/python3.10/dist-packages/tutorial_interfaces/tutorial_interfaces_s__rosidl_typesupport_introspection_c.cpython-310-x86_64-linux-gnu.so
[0.723s] -- Up-to-date: /home/simon/Documents/ARO/ros2_ws/install/tutorial_interfaces/local/lib/python3.10/dist-packages/tutorial_interfaces/action
[0.723s] -- Up-to-date: /home/simon/Documents/ARO/ros2_ws/install/tutorial_interfaces/local/lib/python3.10/dist-packages/tutorial_interfaces/action/__init__.py
[0.723s] -- Up-to-date: /home/simon/Documents/ARO/ros2_ws/install/tutorial_interfaces/local/lib/python3.10/dist-packages/tutorial_interfaces/action/_compute_sum_s.c
[0.723s] -- Up-to-date: /home/simon/Documents/ARO/ros2_ws/install/tutorial_interfaces/local/lib/python3.10/dist-packages/tutorial_interfaces/action/_compute_sum.py
[0.723s] -- Up-to-date: /home/simon/Documents/ARO/ros2_ws/install/tutorial_interfaces/local/lib/python3.10/dist-packages/tutorial_interfaces/srv
[0.723s] -- Up-to-date: /home/simon/Documents/ARO/ros2_ws/install/tutorial_interfaces/local/lib/python3.10/dist-packages/tutorial_interfaces/srv/_add_three_ints.py
[0.723s] -- Up-to-date: /home/simon/Documents/ARO/ros2_ws/install/tutorial_interfaces/local/lib/python3.10/dist-packages/tutorial_interfaces/srv/__init__.py
[0.723s] -- Up-to-date: /home/simon/Documents/ARO/ros2_ws/install/tutorial_interfaces/local/lib/python3.10/dist-packages/tutorial_interfaces/srv/_add_three_ints_s.c
[0.723s] -- Up-to-date: /home/simon/Documents/ARO/ros2_ws/install/tutorial_interfaces/local/lib/python3.10/dist-packages/tutorial_interfaces/__init__.py
[0.723s] -- Up-to-date: /home/simon/Documents/ARO/ros2_ws/install/tutorial_interfaces/local/lib/python3.10/dist-packages/tutorial_interfaces/tutorial_interfaces_s__rosidl_typesupport_c.cpython-310-x86_64-linux-gnu.so
[0.723s] -- Up-to-date: /home/simon/Documents/ARO/ros2_ws/install/tutorial_interfaces/local/lib/python3.10/dist-packages/tutorial_interfaces/_tutorial_interfaces_s.ep.rosidl_typesupport_introspection_c.c
[0.723s] -- Up-to-date: /home/simon/Documents/ARO/ros2_ws/install/tutorial_interfaces/local/lib/python3.10/dist-packages/tutorial_interfaces/msg
[0.723s] -- Up-to-date: /home/simon/Documents/ARO/ros2_ws/install/tutorial_interfaces/local/lib/python3.10/dist-packages/tutorial_interfaces/msg/_num_s.c
[0.723s] -- Up-to-date: /home/simon/Documents/ARO/ros2_ws/install/tutorial_interfaces/local/lib/python3.10/dist-packages/tutorial_interfaces/msg/_sphere.py
[0.723s] -- Up-to-date: /home/simon/Documents/ARO/ros2_ws/install/tutorial_interfaces/local/lib/python3.10/dist-packages/tutorial_interfaces/msg/__init__.py
[0.723s] -- Up-to-date: /home/simon/Documents/ARO/ros2_ws/install/tutorial_interfaces/local/lib/python3.10/dist-packages/tutorial_interfaces/msg/_num.py
[0.724s] -- Up-to-date: /home/simon/Documents/ARO/ros2_ws/install/tutorial_interfaces/local/lib/python3.10/dist-packages/tutorial_interfaces/msg/_sphere_s.c
[0.724s] -- Up-to-date: /home/simon/Documents/ARO/ros2_ws/install/tutorial_interfaces/local/lib/python3.10/dist-packages/tutorial_interfaces/_tutorial_interfaces_s.ep.rosidl_typesupport_c.c
[0.724s] -- Up-to-date: /home/simon/Documents/ARO/ros2_ws/install/tutorial_interfaces/local/lib/python3.10/dist-packages/tutorial_interfaces/tutorial_interfaces_s__rosidl_typesupport_fastrtps_c.cpython-310-x86_64-linux-gnu.so
[0.724s] -- Up-to-date: /home/simon/Documents/ARO/ros2_ws/install/tutorial_interfaces/local/lib/python3.10/dist-packages/tutorial_interfaces/_tutorial_interfaces_s.ep.rosidl_typesupport_fastrtps_c.c
[0.724s] -- Up-to-date: /home/simon/Documents/ARO/ros2_ws/install/tutorial_interfaces/local/lib/python3.10/dist-packages/tutorial_interfaces/libtutorial_interfaces__rosidl_generator_py.so
[0.759s] Listing '/home/simon/Documents/ARO/ros2_ws/install/tutorial_interfaces/local/lib/python3.10/dist-packages/tutorial_interfaces'...
[0.759s] Listing '/home/simon/Documents/ARO/ros2_ws/install/tutorial_interfaces/local/lib/python3.10/dist-packages/tutorial_interfaces/action'...
[0.759s] Listing '/home/simon/Documents/ARO/ros2_ws/install/tutorial_interfaces/local/lib/python3.10/dist-packages/tutorial_interfaces/msg'...
[0.759s] Listing '/home/simon/Documents/ARO/ros2_ws/install/tutorial_interfaces/local/lib/python3.10/dist-packages/tutorial_interfaces/srv'...
[0.763s] -- Up-to-date: /home/simon/Documents/ARO/ros2_ws/install/tutorial_interfaces/local/lib/python3.10/dist-packages/tutorial_interfaces/tutorial_interfaces_s__rosidl_typesupport_fastrtps_c.cpython-310-x86_64-linux-gnu.so
[0.763s] -- Up-to-date: /home/simon/Documents/ARO/ros2_ws/install/tutorial_interfaces/local/lib/python3.10/dist-packages/tutorial_interfaces/tutorial_interfaces_s__rosidl_typesupport_introspection_c.cpython-310-x86_64-linux-gnu.so
[0.764s] -- Up-to-date: /home/simon/Documents/ARO/ros2_ws/install/tutorial_interfaces/local/lib/python3.10/dist-packages/tutorial_interfaces/tutorial_interfaces_s__rosidl_typesupport_c.cpython-310-x86_64-linux-gnu.so
[0.764s] -- Up-to-date: /home/simon/Documents/ARO/ros2_ws/install/tutorial_interfaces/lib/libtutorial_interfaces__rosidl_generator_py.so
[0.764s] -- Up-to-date: /home/simon/Documents/ARO/ros2_ws/install/tutorial_interfaces/share/tutorial_interfaces/msg/Num.idl
[0.764s] -- Up-to-date: /home/simon/Documents/ARO/ros2_ws/install/tutorial_interfaces/share/tutorial_interfaces/msg/Sphere.idl
[0.764s] -- Up-to-date: /home/simon/Documents/ARO/ros2_ws/install/tutorial_interfaces/share/tutorial_interfaces/srv/AddThreeInts.idl
[0.765s] -- Up-to-date: /home/simon/Documents/ARO/ros2_ws/install/tutorial_interfaces/share/tutorial_interfaces/action/ComputeSum.idl
[0.765s] -- Up-to-date: /home/simon/Documents/ARO/ros2_ws/install/tutorial_interfaces/share/tutorial_interfaces/msg/Num.msg
[0.765s] -- Up-to-date: /home/simon/Documents/ARO/ros2_ws/install/tutorial_interfaces/share/tutorial_interfaces/msg/Sphere.msg
[0.765s] -- Up-to-date: /home/simon/Documents/ARO/ros2_ws/install/tutorial_interfaces/share/tutorial_interfaces/srv/AddThreeInts.srv
[0.765s] -- Up-to-date: /home/simon/Documents/ARO/ros2_ws/install/tutorial_interfaces/share/tutorial_interfaces/srv/AddThreeInts_Request.msg
[0.765s] -- Up-to-date: /home/simon/Documents/ARO/ros2_ws/install/tutorial_interfaces/share/tutorial_interfaces/srv/AddThreeInts_Response.msg
[0.765s] -- Up-to-date: /home/simon/Documents/ARO/ros2_ws/install/tutorial_interfaces/share/tutorial_interfaces/action/ComputeSum.action
[0.765s] -- Up-to-date: /home/simon/Documents/ARO/ros2_ws/install/tutorial_interfaces/share/ament_index/resource_index/package_run_dependencies/tutorial_interfaces
[0.765s] -- Up-to-date: /home/simon/Documents/ARO/ros2_ws/install/tutorial_interfaces/share/ament_index/resource_index/parent_prefix_path/tutorial_interfaces
[0.765s] -- Up-to-date: /home/simon/Documents/ARO/ros2_ws/install/tutorial_interfaces/share/tutorial_interfaces/environment/ament_prefix_path.sh
[0.765s] -- Up-to-date: /home/simon/Documents/ARO/ros2_ws/install/tutorial_interfaces/share/tutorial_interfaces/environment/ament_prefix_path.dsv
[0.765s] -- Up-to-date: /home/simon/Documents/ARO/ros2_ws/install/tutorial_interfaces/share/tutorial_interfaces/environment/path.sh
[0.765s] -- Up-to-date: /home/simon/Documents/ARO/ros2_ws/install/tutorial_interfaces/share/tutorial_interfaces/environment/path.dsv
[0.765s] -- Up-to-date: /home/simon/Documents/ARO/ros2_ws/install/tutorial_interfaces/share/tutorial_interfaces/local_setup.bash
[0.765s] -- Up-to-date: /home/simon/Documents/ARO/ros2_ws/install/tutorial_interfaces/share/tutorial_interfaces/local_setup.sh
[0.766s] -- Up-to-date: /home/simon/Documents/ARO/ros2_ws/install/tutorial_interfaces/share/tutorial_interfaces/local_setup.zsh
[0.766s] -- Up-to-date: /home/simon/Documents/ARO/ros2_ws/install/tutorial_interfaces/share/tutorial_interfaces/local_setup.dsv
[0.766s] -- Installing: /home/simon/Documents/ARO/ros2_ws/install/tutorial_interfaces/share/tutorial_interfaces/package.dsv
[0.766s] -- Up-to-date: /home/simon/Documents/ARO/ros2_ws/install/tutorial_interfaces/share/ament_index/resource_index/packages/tutorial_interfaces
[0.766s] -- Up-to-date: /home/simon/Documents/ARO/ros2_ws/install/tutorial_interfaces/share/tutorial_interfaces/cmake/export_tutorial_interfaces__rosidl_generator_cExport.cmake
[0.766s] -- Up-to-date: /home/simon/Documents/ARO/ros2_ws/install/tutorial_interfaces/share/tutorial_interfaces/cmake/export_tutorial_interfaces__rosidl_generator_cExport-noconfig.cmake
[0.766s] -- Up-to-date: /home/simon/Documents/ARO/ros2_ws/install/tutorial_interfaces/share/tutorial_interfaces/cmake/export_tutorial_interfaces__rosidl_typesupport_fastrtps_cExport.cmake
[0.766s] -- Up-to-date: /home/simon/Documents/ARO/ros2_ws/install/tutorial_interfaces/share/tutorial_interfaces/cmake/export_tutorial_interfaces__rosidl_typesupport_fastrtps_cExport-noconfig.cmake
[0.766s] -- Up-to-date: /home/simon/Documents/ARO/ros2_ws/install/tutorial_interfaces/share/tutorial_interfaces/cmake/tutorial_interfaces__rosidl_typesupport_introspection_cExport.cmake
[0.766s] -- Up-to-date: /home/simon/Documents/ARO/ros2_ws/install/tutorial_interfaces/share/tutorial_interfaces/cmake/tutorial_interfaces__rosidl_typesupport_introspection_cExport-noconfig.cmake
[0.766s] -- Up-to-date: /home/simon/Documents/ARO/ros2_ws/install/tutorial_interfaces/share/tutorial_interfaces/cmake/tutorial_interfaces__rosidl_typesupport_cExport.cmake
[0.766s] -- Up-to-date: /home/simon/Documents/ARO/ros2_ws/install/tutorial_interfaces/share/tutorial_interfaces/cmake/tutorial_interfaces__rosidl_typesupport_cExport-noconfig.cmake
[0.766s] -- Up-to-date: /home/simon/Documents/ARO/ros2_ws/install/tutorial_interfaces/share/tutorial_interfaces/cmake/export_tutorial_interfaces__rosidl_generator_cppExport.cmake
[0.766s] -- Up-to-date: /home/simon/Documents/ARO/ros2_ws/install/tutorial_interfaces/share/tutorial_interfaces/cmake/export_tutorial_interfaces__rosidl_typesupport_fastrtps_cppExport.cmake
[0.766s] -- Up-to-date: /home/simon/Documents/ARO/ros2_ws/install/tutorial_interfaces/share/tutorial_interfaces/cmake/export_tutorial_interfaces__rosidl_typesupport_fastrtps_cppExport-noconfig.cmake
[0.766s] -- Up-to-date: /home/simon/Documents/ARO/ros2_ws/install/tutorial_interfaces/share/tutorial_interfaces/cmake/tutorial_interfaces__rosidl_typesupport_introspection_cppExport.cmake
[0.766s] -- Up-to-date: /home/simon/Documents/ARO/ros2_ws/install/tutorial_interfaces/share/tutorial_interfaces/cmake/tutorial_interfaces__rosidl_typesupport_introspection_cppExport-noconfig.cmake
[0.767s] -- Up-to-date: /home/simon/Documents/ARO/ros2_ws/install/tutorial_interfaces/share/tutorial_interfaces/cmake/tutorial_interfaces__rosidl_typesupport_cppExport.cmake
[0.767s] -- Up-to-date: /home/simon/Documents/ARO/ros2_ws/install/tutorial_interfaces/share/tutorial_interfaces/cmake/tutorial_interfaces__rosidl_typesupport_cppExport-noconfig.cmake
[0.767s] -- Up-to-date: /home/simon/Documents/ARO/ros2_ws/install/tutorial_interfaces/share/tutorial_interfaces/cmake/export_tutorial_interfaces__rosidl_generator_pyExport.cmake
[0.767s] -- Up-to-date: /home/simon/Documents/ARO/ros2_ws/install/tutorial_interfaces/share/tutorial_interfaces/cmake/export_tutorial_interfaces__rosidl_generator_pyExport-noconfig.cmake
[0.767s] -- Up-to-date: /home/simon/Documents/ARO/ros2_ws/install/tutorial_interfaces/share/tutorial_interfaces/cmake/rosidl_cmake-extras.cmake
[0.767s] -- Up-to-date: /home/simon/Documents/ARO/ros2_ws/install/tutorial_interfaces/share/tutorial_interfaces/cmake/ament_cmake_export_dependencies-extras.cmake
[0.767s] -- Up-to-date: /home/simon/Documents/ARO/ros2_ws/install/tutorial_interfaces/share/tutorial_interfaces/cmake/ament_cmake_export_include_directories-extras.cmake
[0.767s] -- Up-to-date: /home/simon/Documents/ARO/ros2_ws/install/tutorial_interfaces/share/tutorial_interfaces/cmake/ament_cmake_export_libraries-extras.cmake
[0.767s] -- Up-to-date: /home/simon/Documents/ARO/ros2_ws/install/tutorial_interfaces/share/tutorial_interfaces/cmake/ament_cmake_export_targets-extras.cmake
[0.767s] -- Up-to-date: /home/simon/Documents/ARO/ros2_ws/install/tutorial_interfaces/share/tutorial_interfaces/cmake/rosidl_cmake_export_typesupport_targets-extras.cmake
[0.767s] -- Up-to-date: /home/simon/Documents/ARO/ros2_ws/install/tutorial_interfaces/share/tutorial_interfaces/cmake/rosidl_cmake_export_typesupport_libraries-extras.cmake
[0.767s] -- Up-to-date: /home/simon/Documents/ARO/ros2_ws/install/tutorial_interfaces/share/tutorial_interfaces/cmake/tutorial_interfacesConfig.cmake
[0.767s] -- Up-to-date: /home/simon/Documents/ARO/ros2_ws/install/tutorial_interfaces/share/tutorial_interfaces/cmake/tutorial_interfacesConfig-version.cmake
[0.767s] -- Up-to-date: /home/simon/Documents/ARO/ros2_ws/install/tutorial_interfaces/share/tutorial_interfaces/package.xml
[0.770s] Invoked command in '/home/simon/Documents/ARO/ros2_ws/build/tutorial_interfaces' returned '0': CMAKE_PREFIX_PATH=${CMAKE_PREFIX_PATH}:/home/simon/Documents/ARO/ros2_ws/install/mi_paquete_python:/home/simon/Documents/ARO/ros2_ws/install/launch_testing_examples:/home/simon/Documents/ARO/ros2_ws/install/examples_rclpy_minimal_subscriber:/home/simon/Documents/ARO/ros2_ws/install/examples_rclpy_minimal_service:/home/simon/Documents/ARO/ros2_ws/install/examples_rclpy_minimal_publisher:/home/simon/Documents/ARO/ros2_ws/install/examples_rclpy_minimal_client:/home/simon/Documents/ARO/ros2_ws/install/examples_rclpy_minimal_action_server:/home/simon/Documents/ARO/ros2_ws/install/examples_rclpy_minimal_action_client:/home/simon/Documents/ARO/ros2_ws/src/install/mi_paquete_python:/home/simon/Documents/ARO/ros2_ws/src/install/launch_testing_examples:/home/simon/Documents/ARO/ros2_ws/src/install/examples_rclpy_minimal_subscriber:/home/simon/Documents/ARO/ros2_ws/src/install/examples_rclpy_minimal_service:/home/simon/Documents/ARO/ros2_ws/src/install/examples_rclpy_minimal_publisher:/home/simon/Documents/ARO/ros2_ws/src/install/examples_rclpy_minimal_client:/home/simon/Documents/ARO/ros2_ws/src/install/examples_rclpy_minimal_action_server:/home/simon/Documents/ARO/ros2_ws/src/install/examples_rclpy_minimal_action_client:/home/simon/Documents/ARO/turtlebot3_ws/install/turtlebot3_teleop:/home/simon/Documents/ARO/turtlebot3_ws/install/turtlebot3_example:/opt/ros/humble /usr/bin/cmake --install /home/simon/Documents/ARO/ros2_ws/build/tutorial_interfaces
