[3.692s] Invoking command in '/home/simon/Documents/ARO/ros2_ws/src/ROS2_examples/rclpy/services/minimal_service': PYTHONPATH=/home/simon/Documents/ARO/ros2_ws/build/examples_rclpy_minimal_service/prefix_override:/home/simon/Documents/ARO/ros2_ws/install/examples_rclpy_minimal_service/lib/python3.10/site-packages:${PYTHONPATH} /usr/bin/python3 setup.py egg_info --egg-base ../../../../../build/examples_rclpy_minimal_service build --build-base /home/simon/Documents/ARO/ros2_ws/build/examples_rclpy_minimal_service/build install --record /home/simon/Documents/ARO/ros2_ws/build/examples_rclpy_minimal_service/install.log --single-version-externally-managed
[4.161s] running egg_info
[4.163s] writing ../../../../../build/examples_rclpy_minimal_service/examples_rclpy_minimal_service.egg-info/PKG-INFO
[4.163s] writing dependency_links to ../../../../../build/examples_rclpy_minimal_service/examples_rclpy_minimal_service.egg-info/dependency_links.txt
[4.163s] writing entry points to ../../../../../build/examples_rclpy_minimal_service/examples_rclpy_minimal_service.egg-info/entry_points.txt
[4.164s] writing requirements to ../../../../../build/examples_rclpy_minimal_service/examples_rclpy_minimal_service.egg-info/requires.txt
[4.164s] writing top-level names to ../../../../../build/examples_rclpy_minimal_service/examples_rclpy_minimal_service.egg-info/top_level.txt
[4.167s] reading manifest file '../../../../../build/examples_rclpy_minimal_service/examples_rclpy_minimal_service.egg-info/SOURCES.txt'
[4.168s] writing manifest file '../../../../../build/examples_rclpy_minimal_service/examples_rclpy_minimal_service.egg-info/SOURCES.txt'
[4.169s] running build
[4.169s] running build_py
[4.169s] running install
[4.170s] running install_lib
[4.171s] running install_data
[4.171s] running install_egg_info
[4.175s] removing '/home/simon/Documents/ARO/ros2_ws/install/examples_rclpy_minimal_service/lib/python3.10/site-packages/examples_rclpy_minimal_service-0.15.1-py3.10.egg-info' (and everything under it)
[4.176s] Copying ../../../../../build/examples_rclpy_minimal_service/examples_rclpy_minimal_service.egg-info to /home/simon/Documents/ARO/ros2_ws/install/examples_rclpy_minimal_service/lib/python3.10/site-packages/examples_rclpy_minimal_service-0.15.1-py3.10.egg-info
[4.177s] running install_scripts
[4.210s] Installing service script to /home/simon/Documents/ARO/ros2_ws/install/examples_rclpy_minimal_service/lib/examples_rclpy_minimal_service
[4.211s] Installing service_member_function script to /home/simon/Documents/ARO/ros2_ws/install/examples_rclpy_minimal_service/lib/examples_rclpy_minimal_service
[4.211s] writing list of installed files to '/home/simon/Documents/ARO/ros2_ws/build/examples_rclpy_minimal_service/install.log'
[4.414s] Invoked command in '/home/simon/Documents/ARO/ros2_ws/src/ROS2_examples/rclpy/services/minimal_service' returned '0': PYTHONPATH=/home/simon/Documents/ARO/ros2_ws/build/examples_rclpy_minimal_service/prefix_override:/home/simon/Documents/ARO/ros2_ws/install/examples_rclpy_minimal_service/lib/python3.10/site-packages:${PYTHONPATH} /usr/bin/python3 setup.py egg_info --egg-base ../../../../../build/examples_rclpy_minimal_service build --build-base /home/simon/Documents/ARO/ros2_ws/build/examples_rclpy_minimal_service/build install --record /home/simon/Documents/ARO/ros2_ws/build/examples_rclpy_minimal_service/install.log --single-version-externally-managed
