[2.643s] Invoking command in '/home/simon/Documents/ARO/ros2_ws/build/minimal_interfaces': CMAKE_PREFIX_PATH=${CMAKE_PREFIX_PATH}:/home/simon/Documents/ARO/ros2_ws/install/mi_paquete_python:/home/simon/Documents/ARO/ros2_ws/install/minimal_launch:/home/simon/Documents/ARO/ros2_ws/install/launch_testing_examples:/home/simon/Documents/ARO/ros2_ws/install/examples_rclpy_minimal_subscriber:/home/simon/Documents/ARO/ros2_ws/install/examples_rclpy_minimal_service:/home/simon/Documents/ARO/ros2_ws/install/examples_rclpy_minimal_publisher:/home/simon/Documents/ARO/ros2_ws/install/examples_rclpy_minimal_client:/home/simon/Documents/ARO/ros2_ws/install/examples_rclpy_minimal_action_server:/home/simon/Documents/ARO/ros2_ws/install/examples_rclpy_minimal_action_client:/home/simon/Documents/ARO/ros2_ws/src/install/mi_paquete_python:/home/simon/Documents/ARO/ros2_ws/src/install/launch_testing_examples:/home/simon/Documents/ARO/ros2_ws/src/install/examples_rclpy_minimal_subscriber:/home/simon/Documents/ARO/ros2_ws/src/install/examples_rclpy_minimal_service:/home/simon/Documents/ARO/ros2_ws/src/install/examples_rclpy_minimal_publisher:/home/simon/Documents/ARO/ros2_ws/src/install/examples_rclpy_minimal_client:/home/simon/Documents/ARO/ros2_ws/src/install/examples_rclpy_minimal_action_server:/home/simon/Documents/ARO/ros2_ws/src/install/examples_rclpy_minimal_action_client:/home/simon/Documents/ARO/turtlebot3_ws/install/turtlebot3_teleop:/home/simon/Documents/ARO/turtlebot3_ws/install/turtlebot3_example:/opt/ros/humble /usr/bin/cmake --build /home/simon/Documents/ARO/ros2_ws/build/minimal_interfaces -- -j16 -l16
[3.268s] [35m[1mConsolidate compiler generated dependencies of target minimal_interfaces__rosidl_generator_c[0m
[3.268s] [  3%] Built target minimal_interfaces__cpp
[3.268s] [ 12%] Built target minimal_interfaces__rosidl_generator_c
[3.268s] [ 12%] Built target ament_cmake_python_copy_minimal_interfaces
[3.268s] [35m[1mConsolidate compiler generated dependencies of target minimal_interfaces__rosidl_typesupport_cpp[0m
[3.268s] [35m[1mConsolidate compiler generated dependencies of target minimal_interfaces__rosidl_typesupport_introspection_cpp[0m
[3.268s] [35m[1mConsolidate compiler generated dependencies of target minimal_interfaces__rosidl_typesupport_fastrtps_cpp[0m
[3.269s] [35m[1mConsolidate compiler generated dependencies of target minimal_interfaces__rosidl_typesupport_c[0m
[3.269s] [35m[1mConsolidate compiler generated dependencies of target minimal_interfaces__rosidl_typesupport_introspection_c[0m
[3.269s] [35m[1mConsolidate compiler generated dependencies of target minimal_interfaces__rosidl_typesupport_fastrtps_c[0m
[3.269s] [ 32%] Built target minimal_interfaces__rosidl_typesupport_introspection_cpp
[3.269s] [ 32%] Built target minimal_interfaces__rosidl_typesupport_c
[3.269s] [ 51%] Built target minimal_interfaces__rosidl_typesupport_cpp
[3.270s] [ 51%] Built target minimal_interfaces__rosidl_typesupport_introspection_c
[3.270s] [ 61%] Built target minimal_interfaces__rosidl_typesupport_fastrtps_cpp
[3.270s] [ 70%] Built target minimal_interfaces__rosidl_typesupport_fastrtps_c
[3.270s] [ 70%] Built target minimal_interfaces
[3.270s] [ 74%] Built target minimal_interfaces__py
[3.270s] [35m[1mConsolidate compiler generated dependencies of target minimal_interfaces__rosidl_generator_py[0m
[3.270s] [ 80%] Built target minimal_interfaces__rosidl_generator_py
[3.270s] [35m[1mConsolidate compiler generated dependencies of target minimal_interfaces__rosidl_typesupport_c__pyext[0m
[3.270s] [35m[1mConsolidate compiler generated dependencies of target minimal_interfaces__rosidl_typesupport_introspection_c__pyext[0m
[3.270s] [35m[1mConsolidate compiler generated dependencies of target minimal_interfaces__rosidl_typesupport_fastrtps_c__pyext[0m
[3.270s] [ 87%] Built target minimal_interfaces__rosidl_typesupport_introspection_c__pyext
[3.271s] [ 93%] Built target minimal_interfaces__rosidl_typesupport_c__pyext
[3.271s] [100%] Built target minimal_interfaces__rosidl_typesupport_fastrtps_c__pyext
[3.271s] running egg_info
[3.271s] writing minimal_interfaces.egg-info/PKG-INFO
[3.271s] writing dependency_links to minimal_interfaces.egg-info/dependency_links.txt
[3.271s] writing top-level names to minimal_interfaces.egg-info/top_level.txt
[3.271s] reading manifest file 'minimal_interfaces.egg-info/SOURCES.txt'
[3.271s] writing manifest file 'minimal_interfaces.egg-info/SOURCES.txt'
[3.280s] [100%] Built target ament_cmake_python_build_minimal_interfaces_egg
[3.983s] Invoked command in '/home/simon/Documents/ARO/ros2_ws/build/minimal_interfaces' returned '0': CMAKE_PREFIX_PATH=${CMAKE_PREFIX_PATH}:/home/simon/Documents/ARO/ros2_ws/install/mi_paquete_python:/home/simon/Documents/ARO/ros2_ws/install/minimal_launch:/home/simon/Documents/ARO/ros2_ws/install/launch_testing_examples:/home/simon/Documents/ARO/ros2_ws/install/examples_rclpy_minimal_subscriber:/home/simon/Documents/ARO/ros2_ws/install/examples_rclpy_minimal_service:/home/simon/Documents/ARO/ros2_ws/install/examples_rclpy_minimal_publisher:/home/simon/Documents/ARO/ros2_ws/install/examples_rclpy_minimal_client:/home/simon/Documents/ARO/ros2_ws/install/examples_rclpy_minimal_action_server:/home/simon/Documents/ARO/ros2_ws/install/examples_rclpy_minimal_action_client:/home/simon/Documents/ARO/ros2_ws/src/install/mi_paquete_python:/home/simon/Documents/ARO/ros2_ws/src/install/launch_testing_examples:/home/simon/Documents/ARO/ros2_ws/src/install/examples_rclpy_minimal_subscriber:/home/simon/Documents/ARO/ros2_ws/src/install/examples_rclpy_minimal_service:/home/simon/Documents/ARO/ros2_ws/src/install/examples_rclpy_minimal_publisher:/home/simon/Documents/ARO/ros2_ws/src/install/examples_rclpy_minimal_client:/home/simon/Documents/ARO/ros2_ws/src/install/examples_rclpy_minimal_action_server:/home/simon/Documents/ARO/ros2_ws/src/install/examples_rclpy_minimal_action_client:/home/simon/Documents/ARO/turtlebot3_ws/install/turtlebot3_teleop:/home/simon/Documents/ARO/turtlebot3_ws/install/turtlebot3_example:/opt/ros/humble /usr/bin/cmake --build /home/simon/Documents/ARO/ros2_ws/build/minimal_interfaces -- -j16 -l16
[5.336s] Invoking command in '/home/simon/Documents/ARO/ros2_ws/build/minimal_interfaces': CMAKE_PREFIX_PATH=${CMAKE_PREFIX_PATH}:/home/simon/Documents/ARO/ros2_ws/install/mi_paquete_python:/home/simon/Documents/ARO/ros2_ws/install/minimal_launch:/home/simon/Documents/ARO/ros2_ws/install/launch_testing_examples:/home/simon/Documents/ARO/ros2_ws/install/examples_rclpy_minimal_subscriber:/home/simon/Documents/ARO/ros2_ws/install/examples_rclpy_minimal_service:/home/simon/Documents/ARO/ros2_ws/install/examples_rclpy_minimal_publisher:/home/simon/Documents/ARO/ros2_ws/install/examples_rclpy_minimal_client:/home/simon/Documents/ARO/ros2_ws/install/examples_rclpy_minimal_action_server:/home/simon/Documents/ARO/ros2_ws/install/examples_rclpy_minimal_action_client:/home/simon/Documents/ARO/ros2_ws/src/install/mi_paquete_python:/home/simon/Documents/ARO/ros2_ws/src/install/launch_testing_examples:/home/simon/Documents/ARO/ros2_ws/src/install/examples_rclpy_minimal_subscriber:/home/simon/Documents/ARO/ros2_ws/src/install/examples_rclpy_minimal_service:/home/simon/Documents/ARO/ros2_ws/src/install/examples_rclpy_minimal_publisher:/home/simon/Documents/ARO/ros2_ws/src/install/examples_rclpy_minimal_client:/home/simon/Documents/ARO/ros2_ws/src/install/examples_rclpy_minimal_action_server:/home/simon/Documents/ARO/ros2_ws/src/install/examples_rclpy_minimal_action_client:/home/simon/Documents/ARO/turtlebot3_ws/install/turtlebot3_teleop:/home/simon/Documents/ARO/turtlebot3_ws/install/turtlebot3_example:/opt/ros/humble /usr/bin/cmake --install /home/simon/Documents/ARO/ros2_ws/build/minimal_interfaces
[5.386s] -- Install configuration: ""
[5.386s] -- Up-to-date: /home/simon/Documents/ARO/ros2_ws/install/minimal_interfaces/share/ament_index/resource_index/rosidl_interfaces/minimal_interfaces
[5.387s] -- Up-to-date: /home/simon/Documents/ARO/ros2_ws/install/minimal_interfaces/include/minimal_interfaces/minimal_interfaces
[5.387s] -- Up-to-date: /home/simon/Documents/ARO/ros2_ws/install/minimal_interfaces/include/minimal_interfaces/minimal_interfaces/srv
[5.387s] -- Up-to-date: /home/simon/Documents/ARO/ros2_ws/install/minimal_interfaces/include/minimal_interfaces/minimal_interfaces/srv/detail
[5.387s] -- Up-to-date: /home/simon/Documents/ARO/ros2_ws/install/minimal_interfaces/include/minimal_interfaces/minimal_interfaces/srv/detail/string_service__functions.c
[5.387s] -- Up-to-date: /home/simon/Documents/ARO/ros2_ws/install/minimal_interfaces/include/minimal_interfaces/minimal_interfaces/srv/detail/string_service__struct.h
[5.387s] -- Up-to-date: /home/simon/Documents/ARO/ros2_ws/install/minimal_interfaces/include/minimal_interfaces/minimal_interfaces/srv/detail/string_service__type_support.h
[5.387s] -- Up-to-date: /home/simon/Documents/ARO/ros2_ws/install/minimal_interfaces/include/minimal_interfaces/minimal_interfaces/srv/detail/string_service__functions.h
[5.387s] -- Up-to-date: /home/simon/Documents/ARO/ros2_ws/install/minimal_interfaces/include/minimal_interfaces/minimal_interfaces/srv/string_service.h
[5.387s] -- Up-to-date: /home/simon/Documents/ARO/ros2_ws/install/minimal_interfaces/include/minimal_interfaces/minimal_interfaces/msg
[5.387s] -- Up-to-date: /home/simon/Documents/ARO/ros2_ws/install/minimal_interfaces/include/minimal_interfaces/minimal_interfaces/msg/rosidl_generator_c__visibility_control.h
[5.387s] -- Up-to-date: /home/simon/Documents/ARO/ros2_ws/install/minimal_interfaces/share/minimal_interfaces/environment/library_path.sh
[5.388s] -- Up-to-date: /home/simon/Documents/ARO/ros2_ws/install/minimal_interfaces/share/minimal_interfaces/environment/library_path.dsv
[5.388s] -- Up-to-date: /home/simon/Documents/ARO/ros2_ws/install/minimal_interfaces/lib/libminimal_interfaces__rosidl_generator_c.so
[5.388s] -- Up-to-date: /home/simon/Documents/ARO/ros2_ws/install/minimal_interfaces/include/minimal_interfaces/minimal_interfaces
[5.389s] -- Up-to-date: /home/simon/Documents/ARO/ros2_ws/install/minimal_interfaces/include/minimal_interfaces/minimal_interfaces/srv
[5.389s] -- Up-to-date: /home/simon/Documents/ARO/ros2_ws/install/minimal_interfaces/include/minimal_interfaces/minimal_interfaces/srv/detail
[5.389s] -- Up-to-date: /home/simon/Documents/ARO/ros2_ws/install/minimal_interfaces/include/minimal_interfaces/minimal_interfaces/srv/detail/string_service__rosidl_typesupport_fastrtps_c.h
[5.389s] -- Up-to-date: /home/simon/Documents/ARO/ros2_ws/install/minimal_interfaces/include/minimal_interfaces/minimal_interfaces/msg
[5.389s] -- Up-to-date: /home/simon/Documents/ARO/ros2_ws/install/minimal_interfaces/include/minimal_interfaces/minimal_interfaces/msg/rosidl_typesupport_fastrtps_c__visibility_control.h
[5.389s] -- Up-to-date: /home/simon/Documents/ARO/ros2_ws/install/minimal_interfaces/lib/libminimal_interfaces__rosidl_typesupport_fastrtps_c.so
[5.389s] -- Up-to-date: /home/simon/Documents/ARO/ros2_ws/install/minimal_interfaces/include/minimal_interfaces/minimal_interfaces
[5.389s] -- Up-to-date: /home/simon/Documents/ARO/ros2_ws/install/minimal_interfaces/include/minimal_interfaces/minimal_interfaces/srv
[5.389s] -- Up-to-date: /home/simon/Documents/ARO/ros2_ws/install/minimal_interfaces/include/minimal_interfaces/minimal_interfaces/srv/detail
[5.389s] -- Up-to-date: /home/simon/Documents/ARO/ros2_ws/install/minimal_interfaces/include/minimal_interfaces/minimal_interfaces/srv/detail/string_service__type_support.c
[5.390s] -- Up-to-date: /home/simon/Documents/ARO/ros2_ws/install/minimal_interfaces/include/minimal_interfaces/minimal_interfaces/srv/detail/string_service__rosidl_typesupport_introspection_c.h
[5.390s] -- Up-to-date: /home/simon/Documents/ARO/ros2_ws/install/minimal_interfaces/include/minimal_interfaces/minimal_interfaces/msg
[5.390s] -- Up-to-date: /home/simon/Documents/ARO/ros2_ws/install/minimal_interfaces/include/minimal_interfaces/minimal_interfaces/msg/rosidl_typesupport_introspection_c__visibility_control.h
[5.410s] -- Up-to-date: /home/simon/Documents/ARO/ros2_ws/install/minimal_interfaces/lib/libminimal_interfaces__rosidl_typesupport_introspection_c.so
[5.410s] -- Up-to-date: /home/simon/Documents/ARO/ros2_ws/install/minimal_interfaces/lib/libminimal_interfaces__rosidl_typesupport_c.so
[5.410s] -- Up-to-date: /home/simon/Documents/ARO/ros2_ws/install/minimal_interfaces/include/minimal_interfaces/minimal_interfaces
[5.411s] -- Up-to-date: /home/simon/Documents/ARO/ros2_ws/install/minimal_interfaces/include/minimal_interfaces/minimal_interfaces/srv
[5.411s] -- Up-to-date: /home/simon/Documents/ARO/ros2_ws/install/minimal_interfaces/include/minimal_interfaces/minimal_interfaces/srv/string_service.hpp
[5.411s] -- Up-to-date: /home/simon/Documents/ARO/ros2_ws/install/minimal_interfaces/include/minimal_interfaces/minimal_interfaces/srv/detail
[5.411s] -- Up-to-date: /home/simon/Documents/ARO/ros2_ws/install/minimal_interfaces/include/minimal_interfaces/minimal_interfaces/srv/detail/string_service__builder.hpp
[5.411s] -- Up-to-date: /home/simon/Documents/ARO/ros2_ws/install/minimal_interfaces/include/minimal_interfaces/minimal_interfaces/srv/detail/string_service__struct.hpp
[5.411s] -- Up-to-date: /home/simon/Documents/ARO/ros2_ws/install/minimal_interfaces/include/minimal_interfaces/minimal_interfaces/srv/detail/string_service__traits.hpp
[5.411s] -- Up-to-date: /home/simon/Documents/ARO/ros2_ws/install/minimal_interfaces/include/minimal_interfaces/minimal_interfaces
[5.411s] -- Up-to-date: /home/simon/Documents/ARO/ros2_ws/install/minimal_interfaces/include/minimal_interfaces/minimal_interfaces/srv
[5.411s] -- Up-to-date: /home/simon/Documents/ARO/ros2_ws/install/minimal_interfaces/include/minimal_interfaces/minimal_interfaces/srv/detail
[5.411s] -- Up-to-date: /home/simon/Documents/ARO/ros2_ws/install/minimal_interfaces/include/minimal_interfaces/minimal_interfaces/srv/detail/dds_fastrtps
[5.412s] -- Up-to-date: /home/simon/Documents/ARO/ros2_ws/install/minimal_interfaces/include/minimal_interfaces/minimal_interfaces/srv/detail/string_service__rosidl_typesupport_fastrtps_cpp.hpp
[5.412s] -- Up-to-date: /home/simon/Documents/ARO/ros2_ws/install/minimal_interfaces/include/minimal_interfaces/minimal_interfaces/msg
[5.412s] -- Up-to-date: /home/simon/Documents/ARO/ros2_ws/install/minimal_interfaces/include/minimal_interfaces/minimal_interfaces/msg/rosidl_typesupport_fastrtps_cpp__visibility_control.h
[5.412s] -- Up-to-date: /home/simon/Documents/ARO/ros2_ws/install/minimal_interfaces/lib/libminimal_interfaces__rosidl_typesupport_fastrtps_cpp.so
[5.412s] -- Up-to-date: /home/simon/Documents/ARO/ros2_ws/install/minimal_interfaces/include/minimal_interfaces/minimal_interfaces
[5.412s] -- Up-to-date: /home/simon/Documents/ARO/ros2_ws/install/minimal_interfaces/include/minimal_interfaces/minimal_interfaces/srv
[5.412s] -- Up-to-date: /home/simon/Documents/ARO/ros2_ws/install/minimal_interfaces/include/minimal_interfaces/minimal_interfaces/srv/detail
[5.412s] -- Up-to-date: /home/simon/Documents/ARO/ros2_ws/install/minimal_interfaces/include/minimal_interfaces/minimal_interfaces/srv/detail/string_service__type_support.cpp
[5.412s] -- Up-to-date: /home/simon/Documents/ARO/ros2_ws/install/minimal_interfaces/include/minimal_interfaces/minimal_interfaces/srv/detail/string_service__rosidl_typesupport_introspection_cpp.hpp
[5.412s] -- Up-to-date: /home/simon/Documents/ARO/ros2_ws/install/minimal_interfaces/lib/libminimal_interfaces__rosidl_typesupport_introspection_cpp.so
[5.413s] -- Up-to-date: /home/simon/Documents/ARO/ros2_ws/install/minimal_interfaces/lib/libminimal_interfaces__rosidl_typesupport_cpp.so
[5.413s] -- Up-to-date: /home/simon/Documents/ARO/ros2_ws/install/minimal_interfaces/share/minimal_interfaces/environment/pythonpath.sh
[5.413s] -- Up-to-date: /home/simon/Documents/ARO/ros2_ws/install/minimal_interfaces/share/minimal_interfaces/environment/pythonpath.dsv
[5.413s] -- Up-to-date: /home/simon/Documents/ARO/ros2_ws/install/minimal_interfaces/local/lib/python3.10/dist-packages/minimal_interfaces-0.0.0-py3.10.egg-info
[5.413s] -- Installing: /home/simon/Documents/ARO/ros2_ws/install/minimal_interfaces/local/lib/python3.10/dist-packages/minimal_interfaces-0.0.0-py3.10.egg-info/dependency_links.txt
[5.416s] -- Installing: /home/simon/Documents/ARO/ros2_ws/install/minimal_interfaces/local/lib/python3.10/dist-packages/minimal_interfaces-0.0.0-py3.10.egg-info/PKG-INFO
[5.416s] -- Installing: /home/simon/Documents/ARO/ros2_ws/install/minimal_interfaces/local/lib/python3.10/dist-packages/minimal_interfaces-0.0.0-py3.10.egg-info/top_level.txt
[5.416s] -- Installing: /home/simon/Documents/ARO/ros2_ws/install/minimal_interfaces/local/lib/python3.10/dist-packages/minimal_interfaces-0.0.0-py3.10.egg-info/SOURCES.txt
[5.416s] -- Up-to-date: /home/simon/Documents/ARO/ros2_ws/install/minimal_interfaces/local/lib/python3.10/dist-packages/minimal_interfaces
[5.416s] -- Up-to-date: /home/simon/Documents/ARO/ros2_ws/install/minimal_interfaces/local/lib/python3.10/dist-packages/minimal_interfaces/minimal_interfaces_s__rosidl_typesupport_c.cpython-310-x86_64-linux-gnu.so
[5.416s] -- Up-to-date: /home/simon/Documents/ARO/ros2_ws/install/minimal_interfaces/local/lib/python3.10/dist-packages/minimal_interfaces/srv
[5.417s] -- Up-to-date: /home/simon/Documents/ARO/ros2_ws/install/minimal_interfaces/local/lib/python3.10/dist-packages/minimal_interfaces/srv/__init__.py
[5.417s] -- Up-to-date: /home/simon/Documents/ARO/ros2_ws/install/minimal_interfaces/local/lib/python3.10/dist-packages/minimal_interfaces/srv/_string_service_s.c
[5.417s] -- Up-to-date: /home/simon/Documents/ARO/ros2_ws/install/minimal_interfaces/local/lib/python3.10/dist-packages/minimal_interfaces/srv/_string_service.py
[5.417s] -- Up-to-date: /home/simon/Documents/ARO/ros2_ws/install/minimal_interfaces/local/lib/python3.10/dist-packages/minimal_interfaces/__init__.py
[5.417s] -- Up-to-date: /home/simon/Documents/ARO/ros2_ws/install/minimal_interfaces/local/lib/python3.10/dist-packages/minimal_interfaces/_minimal_interfaces_s.ep.rosidl_typesupport_fastrtps_c.c
[5.417s] -- Up-to-date: /home/simon/Documents/ARO/ros2_ws/install/minimal_interfaces/local/lib/python3.10/dist-packages/minimal_interfaces/minimal_interfaces_s__rosidl_typesupport_fastrtps_c.cpython-310-x86_64-linux-gnu.so
[5.417s] -- Up-to-date: /home/simon/Documents/ARO/ros2_ws/install/minimal_interfaces/local/lib/python3.10/dist-packages/minimal_interfaces/libminimal_interfaces__rosidl_generator_py.so
[5.417s] -- Up-to-date: /home/simon/Documents/ARO/ros2_ws/install/minimal_interfaces/local/lib/python3.10/dist-packages/minimal_interfaces/_minimal_interfaces_s.ep.rosidl_typesupport_c.c
[5.417s] -- Up-to-date: /home/simon/Documents/ARO/ros2_ws/install/minimal_interfaces/local/lib/python3.10/dist-packages/minimal_interfaces/minimal_interfaces_s__rosidl_typesupport_introspection_c.cpython-310-x86_64-linux-gnu.so
[5.418s] -- Up-to-date: /home/simon/Documents/ARO/ros2_ws/install/minimal_interfaces/local/lib/python3.10/dist-packages/minimal_interfaces/_minimal_interfaces_s.ep.rosidl_typesupport_introspection_c.c
[5.595s] Listing '/home/simon/Documents/ARO/ros2_ws/install/minimal_interfaces/local/lib/python3.10/dist-packages/minimal_interfaces'...
[5.595s] Listing '/home/simon/Documents/ARO/ros2_ws/install/minimal_interfaces/local/lib/python3.10/dist-packages/minimal_interfaces/srv'...
[5.609s] -- Up-to-date: /home/simon/Documents/ARO/ros2_ws/install/minimal_interfaces/local/lib/python3.10/dist-packages/minimal_interfaces/minimal_interfaces_s__rosidl_typesupport_fastrtps_c.cpython-310-x86_64-linux-gnu.so
[5.610s] -- Up-to-date: /home/simon/Documents/ARO/ros2_ws/install/minimal_interfaces/local/lib/python3.10/dist-packages/minimal_interfaces/minimal_interfaces_s__rosidl_typesupport_introspection_c.cpython-310-x86_64-linux-gnu.so
[5.612s] -- Up-to-date: /home/simon/Documents/ARO/ros2_ws/install/minimal_interfaces/local/lib/python3.10/dist-packages/minimal_interfaces/minimal_interfaces_s__rosidl_typesupport_c.cpython-310-x86_64-linux-gnu.so
[5.613s] -- Up-to-date: /home/simon/Documents/ARO/ros2_ws/install/minimal_interfaces/lib/libminimal_interfaces__rosidl_generator_py.so
[5.614s] -- Up-to-date: /home/simon/Documents/ARO/ros2_ws/install/minimal_interfaces/share/minimal_interfaces/srv/StringService.idl
[5.615s] -- Up-to-date: /home/simon/Documents/ARO/ros2_ws/install/minimal_interfaces/share/minimal_interfaces/srv/StringService.srv
[5.616s] -- Up-to-date: /home/simon/Documents/ARO/ros2_ws/install/minimal_interfaces/share/minimal_interfaces/srv/StringService_Request.msg
[5.616s] -- Up-to-date: /home/simon/Documents/ARO/ros2_ws/install/minimal_interfaces/share/minimal_interfaces/srv/StringService_Response.msg
[5.617s] -- Up-to-date: /home/simon/Documents/ARO/ros2_ws/install/minimal_interfaces/share/ament_index/resource_index/package_run_dependencies/minimal_interfaces
[5.633s] -- Up-to-date: /home/simon/Documents/ARO/ros2_ws/install/minimal_interfaces/share/ament_index/resource_index/parent_prefix_path/minimal_interfaces
[5.634s] -- Up-to-date: /home/simon/Documents/ARO/ros2_ws/install/minimal_interfaces/share/minimal_interfaces/environment/ament_prefix_path.sh
[5.634s] -- Up-to-date: /home/simon/Documents/ARO/ros2_ws/install/minimal_interfaces/share/minimal_interfaces/environment/ament_prefix_path.dsv
[5.635s] -- Up-to-date: /home/simon/Documents/ARO/ros2_ws/install/minimal_interfaces/share/minimal_interfaces/environment/path.sh
[5.635s] -- Up-to-date: /home/simon/Documents/ARO/ros2_ws/install/minimal_interfaces/share/minimal_interfaces/environment/path.dsv
[5.636s] -- Up-to-date: /home/simon/Documents/ARO/ros2_ws/install/minimal_interfaces/share/minimal_interfaces/local_setup.bash
[5.636s] -- Up-to-date: /home/simon/Documents/ARO/ros2_ws/install/minimal_interfaces/share/minimal_interfaces/local_setup.sh
[5.636s] -- Up-to-date: /home/simon/Documents/ARO/ros2_ws/install/minimal_interfaces/share/minimal_interfaces/local_setup.zsh
[5.636s] -- Up-to-date: /home/simon/Documents/ARO/ros2_ws/install/minimal_interfaces/share/minimal_interfaces/local_setup.dsv
[5.636s] -- Installing: /home/simon/Documents/ARO/ros2_ws/install/minimal_interfaces/share/minimal_interfaces/package.dsv
[5.636s] -- Up-to-date: /home/simon/Documents/ARO/ros2_ws/install/minimal_interfaces/share/ament_index/resource_index/packages/minimal_interfaces
[5.636s] -- Up-to-date: /home/simon/Documents/ARO/ros2_ws/install/minimal_interfaces/share/minimal_interfaces/cmake/export_minimal_interfaces__rosidl_generator_cExport.cmake
[5.636s] -- Up-to-date: /home/simon/Documents/ARO/ros2_ws/install/minimal_interfaces/share/minimal_interfaces/cmake/export_minimal_interfaces__rosidl_generator_cExport-noconfig.cmake
[5.636s] -- Up-to-date: /home/simon/Documents/ARO/ros2_ws/install/minimal_interfaces/share/minimal_interfaces/cmake/export_minimal_interfaces__rosidl_typesupport_fastrtps_cExport.cmake
[5.637s] -- Up-to-date: /home/simon/Documents/ARO/ros2_ws/install/minimal_interfaces/share/minimal_interfaces/cmake/export_minimal_interfaces__rosidl_typesupport_fastrtps_cExport-noconfig.cmake
[5.637s] -- Up-to-date: /home/simon/Documents/ARO/ros2_ws/install/minimal_interfaces/share/minimal_interfaces/cmake/minimal_interfaces__rosidl_typesupport_introspection_cExport.cmake
[5.637s] -- Up-to-date: /home/simon/Documents/ARO/ros2_ws/install/minimal_interfaces/share/minimal_interfaces/cmake/minimal_interfaces__rosidl_typesupport_introspection_cExport-noconfig.cmake
[5.637s] -- Up-to-date: /home/simon/Documents/ARO/ros2_ws/install/minimal_interfaces/share/minimal_interfaces/cmake/minimal_interfaces__rosidl_typesupport_cExport.cmake
[5.637s] -- Up-to-date: /home/simon/Documents/ARO/ros2_ws/install/minimal_interfaces/share/minimal_interfaces/cmake/minimal_interfaces__rosidl_typesupport_cExport-noconfig.cmake
[5.637s] -- Up-to-date: /home/simon/Documents/ARO/ros2_ws/install/minimal_interfaces/share/minimal_interfaces/cmake/export_minimal_interfaces__rosidl_generator_cppExport.cmake
[5.637s] -- Up-to-date: /home/simon/Documents/ARO/ros2_ws/install/minimal_interfaces/share/minimal_interfaces/cmake/export_minimal_interfaces__rosidl_typesupport_fastrtps_cppExport.cmake
[5.637s] -- Up-to-date: /home/simon/Documents/ARO/ros2_ws/install/minimal_interfaces/share/minimal_interfaces/cmake/export_minimal_interfaces__rosidl_typesupport_fastrtps_cppExport-noconfig.cmake
[5.637s] -- Up-to-date: /home/simon/Documents/ARO/ros2_ws/install/minimal_interfaces/share/minimal_interfaces/cmake/minimal_interfaces__rosidl_typesupport_introspection_cppExport.cmake
[5.637s] -- Up-to-date: /home/simon/Documents/ARO/ros2_ws/install/minimal_interfaces/share/minimal_interfaces/cmake/minimal_interfaces__rosidl_typesupport_introspection_cppExport-noconfig.cmake
[5.638s] -- Up-to-date: /home/simon/Documents/ARO/ros2_ws/install/minimal_interfaces/share/minimal_interfaces/cmake/minimal_interfaces__rosidl_typesupport_cppExport.cmake
[5.638s] -- Up-to-date: /home/simon/Documents/ARO/ros2_ws/install/minimal_interfaces/share/minimal_interfaces/cmake/minimal_interfaces__rosidl_typesupport_cppExport-noconfig.cmake
[5.638s] -- Up-to-date: /home/simon/Documents/ARO/ros2_ws/install/minimal_interfaces/share/minimal_interfaces/cmake/export_minimal_interfaces__rosidl_generator_pyExport.cmake
[5.638s] -- Up-to-date: /home/simon/Documents/ARO/ros2_ws/install/minimal_interfaces/share/minimal_interfaces/cmake/export_minimal_interfaces__rosidl_generator_pyExport-noconfig.cmake
[5.638s] -- Up-to-date: /home/simon/Documents/ARO/ros2_ws/install/minimal_interfaces/share/minimal_interfaces/cmake/rosidl_cmake-extras.cmake
[5.638s] -- Up-to-date: /home/simon/Documents/ARO/ros2_ws/install/minimal_interfaces/share/minimal_interfaces/cmake/ament_cmake_export_include_directories-extras.cmake
[5.638s] -- Up-to-date: /home/simon/Documents/ARO/ros2_ws/install/minimal_interfaces/share/minimal_interfaces/cmake/ament_cmake_export_libraries-extras.cmake
[5.638s] -- Up-to-date: /home/simon/Documents/ARO/ros2_ws/install/minimal_interfaces/share/minimal_interfaces/cmake/ament_cmake_export_targets-extras.cmake
[5.638s] -- Up-to-date: /home/simon/Documents/ARO/ros2_ws/install/minimal_interfaces/share/minimal_interfaces/cmake/rosidl_cmake_export_typesupport_targets-extras.cmake
[5.638s] -- Up-to-date: /home/simon/Documents/ARO/ros2_ws/install/minimal_interfaces/share/minimal_interfaces/cmake/ament_cmake_export_dependencies-extras.cmake
[5.639s] -- Up-to-date: /home/simon/Documents/ARO/ros2_ws/install/minimal_interfaces/share/minimal_interfaces/cmake/rosidl_cmake_export_typesupport_libraries-extras.cmake
[5.639s] -- Up-to-date: /home/simon/Documents/ARO/ros2_ws/install/minimal_interfaces/share/minimal_interfaces/cmake/minimal_interfacesConfig.cmake
[5.639s] -- Up-to-date: /home/simon/Documents/ARO/ros2_ws/install/minimal_interfaces/share/minimal_interfaces/cmake/minimal_interfacesConfig-version.cmake
[5.639s] -- Up-to-date: /home/simon/Documents/ARO/ros2_ws/install/minimal_interfaces/share/minimal_interfaces/package.xml
[5.671s] Invoked command in '/home/simon/Documents/ARO/ros2_ws/build/minimal_interfaces' returned '0': CMAKE_PREFIX_PATH=${CMAKE_PREFIX_PATH}:/home/simon/Documents/ARO/ros2_ws/install/mi_paquete_python:/home/simon/Documents/ARO/ros2_ws/install/minimal_launch:/home/simon/Documents/ARO/ros2_ws/install/launch_testing_examples:/home/simon/Documents/ARO/ros2_ws/install/examples_rclpy_minimal_subscriber:/home/simon/Documents/ARO/ros2_ws/install/examples_rclpy_minimal_service:/home/simon/Documents/ARO/ros2_ws/install/examples_rclpy_minimal_publisher:/home/simon/Documents/ARO/ros2_ws/install/examples_rclpy_minimal_client:/home/simon/Documents/ARO/ros2_ws/install/examples_rclpy_minimal_action_server:/home/simon/Documents/ARO/ros2_ws/install/examples_rclpy_minimal_action_client:/home/simon/Documents/ARO/ros2_ws/src/install/mi_paquete_python:/home/simon/Documents/ARO/ros2_ws/src/install/launch_testing_examples:/home/simon/Documents/ARO/ros2_ws/src/install/examples_rclpy_minimal_subscriber:/home/simon/Documents/ARO/ros2_ws/src/install/examples_rclpy_minimal_service:/home/simon/Documents/ARO/ros2_ws/src/install/examples_rclpy_minimal_publisher:/home/simon/Documents/ARO/ros2_ws/src/install/examples_rclpy_minimal_client:/home/simon/Documents/ARO/ros2_ws/src/install/examples_rclpy_minimal_action_server:/home/simon/Documents/ARO/ros2_ws/src/install/examples_rclpy_minimal_action_client:/home/simon/Documents/ARO/turtlebot3_ws/install/turtlebot3_teleop:/home/simon/Documents/ARO/turtlebot3_ws/install/turtlebot3_example:/opt/ros/humble /usr/bin/cmake --install /home/simon/Documents/ARO/ros2_ws/build/minimal_interfaces
